  **** HLS Build v2024.2 5238294
INFO: [HLS 200-2005] Using work_dir C:/HLS-multirate-DSP/HLS_FIR/Folded_FIR_HLS/Folded_FIR_HLS 
INFO: [HLS 200-1505] Using default flow_target 'vivado'
Resolution: For help on HLS 200-1505 see docs.xilinx.com/access/sources/dita/topic?Doc_Version=2024.2%20English&url=ug1448-hls-guidance&resourceid=200-1505.html
INFO: [HLS 200-1465] Applying ini 'syn.file=FIR_HLS.cpp' from C:/HLS-multirate-DSP/HLS_FIR/Folded_FIR_HLS/hls_config.cfg(7)
INFO: [HLS 200-10] Adding design file 'C:/HLS-multirate-DSP/HLS_FIR/Folded_FIR_HLS/FIR_HLS.cpp' to the project
INFO: [HLS 200-1465] Applying ini 'syn.file=FIR_HLS.h' from C:/HLS-multirate-DSP/HLS_FIR/Folded_FIR_HLS/hls_config.cfg(8)
INFO: [HLS 200-10] Adding design file 'C:/HLS-multirate-DSP/HLS_FIR/Folded_FIR_HLS/FIR_HLS.h' to the project
INFO: [HLS 200-1465] Applying ini 'syn.file=../../Matlab/FIR_normal_HLS.h' from C:/HLS-multirate-DSP/HLS_FIR/Folded_FIR_HLS/hls_config.cfg(9)
INFO: [HLS 200-10] Adding design file 'C:/HLS-multirate-DSP/Matlab/FIR_normal_HLS.h' to the project
INFO: [HLS 200-1465] Applying ini 'tb.file=FIR_HLS_TB.cpp' from C:/HLS-multirate-DSP/HLS_FIR/Folded_FIR_HLS/hls_config.cfg(10)
INFO: [HLS 200-10] Adding test bench file 'C:/HLS-multirate-DSP/HLS_FIR/Folded_FIR_HLS/FIR_HLS_TB.cpp' to the project
INFO: [HLS 200-1465] Applying ini 'tb.file=../../Matlab/TS_HLS_normal.dat' from C:/HLS-multirate-DSP/HLS_FIR/Folded_FIR_HLS/hls_config.cfg(11)
INFO: [HLS 200-10] Adding test bench file 'C:/HLS-multirate-DSP/Matlab/TS_HLS_normal.dat' to the project
INFO: [HLS 200-1465] Applying ini 'tb.file=../../Matlab/TS_HLS_normal.res' from C:/HLS-multirate-DSP/HLS_FIR/Folded_FIR_HLS/hls_config.cfg(12)
INFO: [HLS 200-10] Adding test bench file 'C:/HLS-multirate-DSP/Matlab/TS_HLS_normal.res' to the project
INFO: [HLS 200-1465] Applying ini 'syn.top=FIR_HLS' from C:/HLS-multirate-DSP/HLS_FIR/Folded_FIR_HLS/hls_config.cfg(13)
INFO: [HLS 200-1465] Applying ini 'flow_target=vivado' from C:/HLS-multirate-DSP/HLS_FIR/Folded_FIR_HLS/hls_config.cfg(4)
INFO: [HLS 200-1505] Using flow_target 'vivado'
Resolution: For help on HLS 200-1505 see docs.xilinx.com/access/sources/dita/topic?Doc_Version=2024.2%20English&url=ug1448-hls-guidance&resourceid=200-1505.html
INFO: [HLS 200-1465] Applying ini 'part=xck26-sfvc784-2LV-c' from C:/HLS-multirate-DSP/HLS_FIR/Folded_FIR_HLS/hls_config.cfg(1)
INFO: [HLS 200-1611] Setting target device to 'xck26-sfvc784-2LV-c'
INFO: [HLS 200-1465] Applying ini 'package.output.format=ip_catalog' from C:/HLS-multirate-DSP/HLS_FIR/Folded_FIR_HLS/hls_config.cfg(5)
INFO: [HLS 200-111] Finished File checks and directory preparation: CPU user time: 4 seconds. CPU system time: 1 seconds. Elapsed time: 4.496 seconds; current allocated memory: 272.594 MB.
INFO: [HLS 200-10] Analyzing design file 'FIR_HLS.cpp' ... 
INFO: [HLS 200-111] Finished Source Code Analysis and Preprocessing: CPU user time: 0 seconds. CPU system time: 0 seconds. Elapsed time: 7.892 seconds; current allocated memory: 275.773 MB.
INFO: [HLS 200-777] Using interface defaults for 'Vivado' flow target.
INFO: [HLS 200-1995] There were 791 instructions in the design after the 'Compile/Link' phase of compilation. See the Design Size Report for more details: C:/HLS-multirate-DSP/HLS_FIR/Folded_FIR_HLS/Folded_FIR_HLS/hls/syn/report/csynth_design_size.rpt
INFO: [HLS 200-1995] There were 12,161 instructions in the design after the 'Unroll/Inline (step 1)' phase of compilation. See the Design Size Report for more details: C:/HLS-multirate-DSP/HLS_FIR/Folded_FIR_HLS/Folded_FIR_HLS/hls/syn/report/csynth_design_size.rpt
INFO: [HLS 200-1995] There were 3,417 instructions in the design after the 'Unroll/Inline (step 2)' phase of compilation. See the Design Size Report for more details: C:/HLS-multirate-DSP/HLS_FIR/Folded_FIR_HLS/Folded_FIR_HLS/hls/syn/report/csynth_design_size.rpt
INFO: [HLS 200-1995] There were 3,011 instructions in the design after the 'Unroll/Inline (step 3)' phase of compilation. See the Design Size Report for more details: C:/HLS-multirate-DSP/HLS_FIR/Folded_FIR_HLS/Folded_FIR_HLS/hls/syn/report/csynth_design_size.rpt
INFO: [HLS 200-1995] There were 3,011 instructions in the design after the 'Unroll/Inline (step 4)' phase of compilation. See the Design Size Report for more details: C:/HLS-multirate-DSP/HLS_FIR/Folded_FIR_HLS/Folded_FIR_HLS/hls/syn/report/csynth_design_size.rpt
INFO: [HLS 200-1995] There were 2,736 instructions in the design after the 'Array/Struct (step 1)' phase of compilation. See the Design Size Report for more details: C:/HLS-multirate-DSP/HLS_FIR/Folded_FIR_HLS/Folded_FIR_HLS/hls/syn/report/csynth_design_size.rpt
INFO: [HLS 200-1995] There were 2,736 instructions in the design after the 'Array/Struct (step 2)' phase of compilation. See the Design Size Report for more details: C:/HLS-multirate-DSP/HLS_FIR/Folded_FIR_HLS/Folded_FIR_HLS/hls/syn/report/csynth_design_size.rpt
INFO: [HLS 200-1995] There were 2,736 instructions in the design after the 'Array/Struct (step 3)' phase of compilation. See the Design Size Report for more details: C:/HLS-multirate-DSP/HLS_FIR/Folded_FIR_HLS/Folded_FIR_HLS/hls/syn/report/csynth_design_size.rpt
INFO: [HLS 200-1995] There were 2,736 instructions in the design after the 'Array/Struct (step 4)' phase of compilation. See the Design Size Report for more details: C:/HLS-multirate-DSP/HLS_FIR/Folded_FIR_HLS/Folded_FIR_HLS/hls/syn/report/csynth_design_size.rpt
INFO: [HLS 200-1995] There were 2,736 instructions in the design after the 'Array/Struct (step 5)' phase of compilation. See the Design Size Report for more details: C:/HLS-multirate-DSP/HLS_FIR/Folded_FIR_HLS/Folded_FIR_HLS/hls/syn/report/csynth_design_size.rpt
INFO: [HLS 200-1995] There were 2,736 instructions in the design after the 'Performance (step 1)' phase of compilation. See the Design Size Report for more details: C:/HLS-multirate-DSP/HLS_FIR/Folded_FIR_HLS/Folded_FIR_HLS/hls/syn/report/csynth_design_size.rpt
INFO: [HLS 200-1995] There were 2,736 instructions in the design after the 'Performance (step 2)' phase of compilation. See the Design Size Report for more details: C:/HLS-multirate-DSP/HLS_FIR/Folded_FIR_HLS/Folded_FIR_HLS/hls/syn/report/csynth_design_size.rpt
INFO: [HLS 200-1995] There were 2,736 instructions in the design after the 'Performance (step 3)' phase of compilation. See the Design Size Report for more details: C:/HLS-multirate-DSP/HLS_FIR/Folded_FIR_HLS/Folded_FIR_HLS/hls/syn/report/csynth_design_size.rpt
INFO: [HLS 200-1995] There were 2,736 instructions in the design after the 'Performance (step 4)' phase of compilation. See the Design Size Report for more details: C:/HLS-multirate-DSP/HLS_FIR/Folded_FIR_HLS/Folded_FIR_HLS/hls/syn/report/csynth_design_size.rpt
INFO: [HLS 200-1995] There were 2,738 instructions in the design after the 'HW Transforms (step 1)' phase of compilation. See the Design Size Report for more details: C:/HLS-multirate-DSP/HLS_FIR/Folded_FIR_HLS/Folded_FIR_HLS/hls/syn/report/csynth_design_size.rpt
INFO: [HLS 200-1995] There were 2,744 instructions in the design after the 'HW Transforms (step 2)' phase of compilation. See the Design Size Report for more details: C:/HLS-multirate-DSP/HLS_FIR/Folded_FIR_HLS/Folded_FIR_HLS/hls/syn/report/csynth_design_size.rpt
INFO: [HLS 214-291] Loop 'VITIS_LOOP_37_2' is marked as complete unroll implied by the pipeline pragma (FIR_HLS.cpp:37:22)
INFO: [HLS 214-291] Loop 'VITIS_LOOP_30_1' is marked as complete unroll implied by the pipeline pragma (FIR_HLS.cpp:30:22)
INFO: [HLS 214-186] Unrolling loop 'VITIS_LOOP_37_2' (FIR_HLS.cpp:37:22) in function 'FIR_filter' completely with a factor of 391 (FIR_HLS.cpp:18:0)
INFO: [HLS 214-186] Unrolling loop 'VITIS_LOOP_30_1' (FIR_HLS.cpp:30:22) in function 'FIR_filter' completely with a factor of 196 (FIR_HLS.cpp:18:0)
INFO: [HLS 214-270] Inferring pragma 'array_partition type=complete dim=1' for array 'H_filter_FIR' due to pipeline pragma (./../../Matlab/FIR_normal_HLS.h:18:0)
INFO: [HLS 214-248] Applying array_partition to '_ZL12H_filter_FIR': Complete partitioning on dimension 1. (./../../Matlab/FIR_normal_HLS.h:18:0)
INFO: [HLS 200-111] Finished Compiling Optimization and Transform: CPU user time: 0 seconds. CPU system time: 1 seconds. Elapsed time: 14.105 seconds; current allocated memory: 277.648 MB.
INFO: [HLS 200-111] Finished Checking Pragmas: CPU user time: 0 seconds. CPU system time: 0 seconds. Elapsed time: 0.003 seconds; current allocated memory: 277.648 MB.
INFO: [HLS 200-10] Starting code transformations ...
INFO: [HLS 200-111] Finished Standard Transforms: CPU user time: 0 seconds. CPU system time: 0 seconds. Elapsed time: 0.319 seconds; current allocated memory: 284.949 MB.
INFO: [HLS 200-10] Checking synthesizability ...
INFO: [HLS 200-111] Finished Checking Synthesizability: CPU user time: 0 seconds. CPU system time: 0 seconds. Elapsed time: 0.167 seconds; current allocated memory: 288.039 MB.
INFO: [XFORM 203-11] Balancing expressions in function 'FIR_filter' (FIR_HLS.cpp:18:45)...126 expression(s) balanced.
INFO: [HLS 200-111] Finished Loop, function and other optimizations: CPU user time: 1 seconds. CPU system time: 0 seconds. Elapsed time: 0.568 seconds; current allocated memory: 312.078 MB.
INFO: [HLS 200-111] Finished Architecture Synthesis: CPU user time: 0 seconds. CPU system time: 0 seconds. Elapsed time: 0.751 seconds; current allocated memory: 320.145 MB.
INFO: [HLS 200-10] Starting hardware synthesis ...
INFO: [HLS 200-10] Synthesizing 'FIR_HLS' ...
INFO: [SYN 201-201] Setting up clock 'default' with a period of 10ns.
INFO: [HLS 200-10] ----------------------------------------------------------------
INFO: [HLS 200-42] -- Implementing module 'FIR_filter' 
INFO: [HLS 200-10] ----------------------------------------------------------------
INFO: [SCHED 204-11] Starting scheduling ...
INFO: [HLS 200-486] Changing DSP latency (root=add_ln31_307) to 3 in order to utilize available DSP registers.
INFO: [HLS 200-486] Changing DSP latency (root=add_ln31_306) to 3 in order to utilize available DSP registers.
INFO: [HLS 200-486] Changing DSP latency (root=add_ln31_304) to 3 in order to utilize available DSP registers.
INFO: [HLS 200-486] Changing DSP latency (root=add_ln31_303) to 3 in order to utilize available DSP registers.
INFO: [HLS 200-486] Changing DSP latency (root=add_ln31_300) to 3 in order to utilize available DSP registers.
INFO: [HLS 200-486] Changing DSP latency (root=add_ln31_299) to 3 in order to utilize available DSP registers.
INFO: [HLS 200-486] Changing DSP latency (root=add_ln31_297) to 3 in order to utilize available DSP registers.
INFO: [HLS 200-486] Changing DSP latency (root=add_ln31_296) to 3 in order to utilize available DSP registers.
INFO: [HLS 200-486] Changing DSP latency (root=add_ln31_292) to 3 in order to utilize available DSP registers.
INFO: [HLS 200-486] Changing DSP latency (root=add_ln31_291) to 3 in order to utilize available DSP registers.
INFO: [HLS 200-486] Changing DSP latency (root=add_ln31_289) to 3 in order to utilize available DSP registers.
INFO: [HLS 200-486] Changing DSP latency (root=add_ln31_288) to 3 in order to utilize available DSP registers.
INFO: [HLS 200-486] Changing DSP latency (root=add_ln31_285) to 3 in order to utilize available DSP registers.
INFO: [HLS 200-486] Changing DSP latency (root=add_ln31_284) to 3 in order to utilize available DSP registers.
INFO: [HLS 200-486] Changing DSP latency (root=add_ln31_282) to 3 in order to utilize available DSP registers.
INFO: [HLS 200-486] Changing DSP latency (root=add_ln31_277) to 3 in order to utilize available DSP registers.
INFO: [HLS 200-486] Changing DSP latency (root=add_ln31_274) to 3 in order to utilize available DSP registers.
INFO: [HLS 200-486] Changing DSP latency (root=add_ln31_273) to 3 in order to utilize available DSP registers.
INFO: [HLS 200-486] Changing DSP latency (root=add_ln31_270) to 3 in order to utilize available DSP registers.
INFO: [HLS 200-486] Changing DSP latency (root=add_ln31_269) to 3 in order to utilize available DSP registers.
INFO: [HLS 200-486] Changing DSP latency (root=add_ln31_268) to 3 in order to utilize available DSP registers.
INFO: [HLS 200-486] Changing DSP latency (root=add_ln31_267) to 3 in order to utilize available DSP registers.
INFO: [HLS 200-486] Changing DSP latency (root=add_ln31_262) to 3 in order to utilize available DSP registers.
INFO: [HLS 200-486] Changing DSP latency (root=add_ln31_260) to 3 in order to utilize available DSP registers.
INFO: [HLS 200-486] Changing DSP latency (root=add_ln31_259) to 3 in order to utilize available DSP registers.
INFO: [HLS 200-486] Changing DSP latency (root=add_ln31_256) to 3 in order to utilize available DSP registers.
INFO: [HLS 200-486] Changing DSP latency (root=add_ln31_255) to 3 in order to utilize available DSP registers.
INFO: [HLS 200-486] Changing DSP latency (root=add_ln31_254) to 3 in order to utilize available DSP registers.
INFO: [HLS 200-486] Changing DSP latency (root=add_ln31_253) to 3 in order to utilize available DSP registers.
INFO: [HLS 200-486] Changing DSP latency (root=add_ln31_247) to 3 in order to utilize available DSP registers.
INFO: [HLS 200-486] Changing DSP latency (root=add_ln31_246) to 3 in order to utilize available DSP registers.
INFO: [HLS 200-486] Changing DSP latency (root=add_ln31_244) to 3 in order to utilize available DSP registers.
INFO: [HLS 200-486] Changing DSP latency (root=add_ln31_243) to 3 in order to utilize available DSP registers.
INFO: [HLS 200-486] Changing DSP latency (root=add_ln31_240) to 3 in order to utilize available DSP registers.
INFO: [HLS 200-486] Changing DSP latency (root=add_ln31_239) to 3 in order to utilize available DSP registers.
INFO: [HLS 200-486] Changing DSP latency (root=add_ln31_238) to 3 in order to utilize available DSP registers.
INFO: [HLS 200-486] Changing DSP latency (root=add_ln31_237) to 3 in order to utilize available DSP registers.
INFO: [HLS 200-486] Changing DSP latency (root=add_ln31_233) to 3 in order to utilize available DSP registers.
INFO: [HLS 200-486] Changing DSP latency (root=add_ln31_230) to 3 in order to utilize available DSP registers.
INFO: [HLS 200-486] Changing DSP latency (root=add_ln31_229) to 3 in order to utilize available DSP registers.
INFO: [HLS 200-486] Changing DSP latency (root=add_ln31_226) to 3 in order to utilize available DSP registers.
INFO: [HLS 200-486] Changing DSP latency (root=add_ln31_225) to 3 in order to utilize available DSP registers.
INFO: [HLS 200-486] Changing DSP latency (root=add_ln31_223) to 3 in order to utilize available DSP registers.
INFO: [HLS 200-486] Changing DSP latency (root=add_ln31_218) to 3 in order to utilize available DSP registers.
INFO: [HLS 200-486] Changing DSP latency (root=add_ln31_217) to 3 in order to utilize available DSP registers.
INFO: [HLS 200-486] Changing DSP latency (root=add_ln31_215) to 3 in order to utilize available DSP registers.
INFO: [HLS 200-486] Changing DSP latency (root=add_ln31_214) to 3 in order to utilize available DSP registers.
INFO: [HLS 200-486] Changing DSP latency (root=add_ln31_210) to 3 in order to utilize available DSP registers.
INFO: [HLS 200-486] Changing DSP latency (root=add_ln31_208) to 3 in order to utilize available DSP registers.
INFO: [HLS 200-486] Changing DSP latency (root=add_ln31_203) to 3 in order to utilize available DSP registers.
INFO: [HLS 200-486] Changing DSP latency (root=add_ln31_200) to 3 in order to utilize available DSP registers.
INFO: [HLS 200-486] Changing DSP latency (root=add_ln31_197) to 3 in order to utilize available DSP registers.
INFO: [HLS 200-486] Changing DSP latency (root=add_ln31_196) to 3 in order to utilize available DSP registers.
INFO: [HLS 200-486] Changing DSP latency (root=add_ln31_195) to 3 in order to utilize available DSP registers.
INFO: [HLS 200-486] Changing DSP latency (root=add_ln31_194) to 3 in order to utilize available DSP registers.
INFO: [HLS 200-486] Changing DSP latency (root=mul_ln31_59) to 3 in order to utilize available DSP registers.
INFO: [HLS 200-486] Changing DSP latency (root=tmp123) to 3 in order to utilize available DSP registers.
INFO: [HLS 200-486] Changing DSP latency (root=tmp111) to 3 in order to utilize available DSP registers.
INFO: [HLS 200-486] Changing DSP latency (root=tmp96) to 3 in order to utilize available DSP registers.
INFO: [HLS 200-486] Changing DSP latency (root=tmp85) to 3 in order to utilize available DSP registers.
INFO: [HLS 200-486] Changing DSP latency (root=tmp80) to 3 in order to utilize available DSP registers.
INFO: [HLS 200-486] Changing DSP latency (root=mul_ln31_58) to 3 in order to utilize available DSP registers.
INFO: [HLS 200-486] Changing DSP latency (root=mul_ln31_56) to 3 in order to utilize available DSP registers.
INFO: [HLS 200-486] Changing DSP latency (root=mul_ln31_54) to 3 in order to utilize available DSP registers.
INFO: [HLS 200-486] Changing DSP latency (root=mul_ln31_53) to 3 in order to utilize available DSP registers.
INFO: [HLS 200-486] Changing DSP latency (root=mul_ln31_50) to 3 in order to utilize available DSP registers.
INFO: [HLS 200-486] Changing DSP latency (root=mul_ln31_48) to 3 in order to utilize available DSP registers.
INFO: [HLS 200-486] Changing DSP latency (root=mul_ln31_46) to 3 in order to utilize available DSP registers.
INFO: [HLS 200-486] Changing DSP latency (root=mul_ln31_43) to 3 in order to utilize available DSP registers.
INFO: [HLS 200-486] Changing DSP latency (root=mul_ln31_40) to 3 in order to utilize available DSP registers.
INFO: [HLS 200-486] Changing DSP latency (root=mul_ln31_37) to 3 in order to utilize available DSP registers.
INFO: [HLS 200-486] Changing DSP latency (root=mul_ln31_35) to 3 in order to utilize available DSP registers.
INFO: [HLS 200-486] Changing DSP latency (root=mul_ln31_33) to 3 in order to utilize available DSP registers.
INFO: [HLS 200-486] Changing DSP latency (root=mul_ln31_30) to 3 in order to utilize available DSP registers.
INFO: [HLS 200-486] Changing DSP latency (root=mul_ln31_28) to 3 in order to utilize available DSP registers.
INFO: [HLS 200-486] Changing DSP latency (root=mul_ln31_26) to 3 in order to utilize available DSP registers.
INFO: [HLS 200-486] Changing DSP latency (root=mul_ln31_23) to 3 in order to utilize available DSP registers.
INFO: [HLS 200-486] Changing DSP latency (root=mul_ln31_18) to 3 in order to utilize available DSP registers.
INFO: [HLS 200-486] Changing DSP latency (root=mul_ln31_15) to 3 in order to utilize available DSP registers.
INFO: [HLS 200-486] Changing DSP latency (root=mul_ln31_12) to 3 in order to utilize available DSP registers.
INFO: [SCHED 204-61] Pipelining function 'FIR_filter'.
INFO: [HLS 200-1470] Pipelining result : Target II = NA, Final II = 1, Depth = 6, function 'FIR_filter'
INFO: [SCHED 204-11] Finished scheduling.
INFO: [HLS 200-111] Finished Scheduling: CPU user time: 2 seconds. CPU system time: 0 seconds. Elapsed time: 5.878 seconds; current allocated memory: 340.461 MB.
INFO: [BIND 205-100] Starting micro-architecture generation ...
INFO: [BIND 205-101] Performing variable lifetime analysis.
INFO: [BIND 205-101] Exploring resource sharing.
INFO: [BIND 205-101] Binding ...
INFO: [BIND 205-100] Finished micro-architecture generation.
INFO: [HLS 200-111] Finished Binding: CPU user time: 1 seconds. CPU system time: 0 seconds. Elapsed time: 0.919 seconds; current allocated memory: 341.465 MB.
INFO: [HLS 200-10] ----------------------------------------------------------------
INFO: [HLS 200-42] -- Implementing module 'FIR_HLS' 
INFO: [HLS 200-10] ----------------------------------------------------------------
INFO: [SCHED 204-11] Starting scheduling ...
INFO: [SCHED 204-11] Finished scheduling.
INFO: [HLS 200-111] Finished Scheduling: CPU user time: 0 seconds. CPU system time: 0 seconds. Elapsed time: 0.581 seconds; current allocated memory: 341.570 MB.
INFO: [BIND 205-100] Starting micro-architecture generation ...
INFO: [BIND 205-101] Performing variable lifetime analysis.
INFO: [BIND 205-101] Exploring resource sharing.
INFO: [BIND 205-101] Binding ...
INFO: [BIND 205-100] Finished micro-architecture generation.
INFO: [HLS 200-111] Finished Binding: CPU user time: 0 seconds. CPU system time: 0 seconds. Elapsed time: 0.088 seconds; current allocated memory: 341.613 MB.
INFO: [HLS 200-10] ----------------------------------------------------------------
INFO: [HLS 200-10] -- Generating RTL for module 'FIR_filter' 
INFO: [HLS 200-10] ----------------------------------------------------------------
WARNING: [RTGEN 206-101] Register 'p_ZL12H_filter_FIR_0' is power-on initialization.
WARNING: [RTGEN 206-101] Register 'p_ZL12H_filter_FIR_1' is power-on initialization.
WARNING: [RTGEN 206-101] Register 'p_ZL12H_filter_FIR_390' is power-on initialization.
WARNING: [RTGEN 206-101] Register 'p_ZL12H_filter_FIR_2' is power-on initialization.
WARNING: [RTGEN 206-101] Register 'p_ZL12H_filter_FIR_389' is power-on initialization.
WARNING: [RTGEN 206-101] Register 'p_ZL12H_filter_FIR_3' is power-on initialization.
WARNING: [RTGEN 206-101] Register 'p_ZL12H_filter_FIR_388' is power-on initialization.
WARNING: [RTGEN 206-101] Register 'p_ZL12H_filter_FIR_4' is power-on initialization.
WARNING: [RTGEN 206-101] Register 'p_ZL12H_filter_FIR_387' is power-on initialization.
WARNING: [RTGEN 206-101] Register 'p_ZL12H_filter_FIR_5' is power-on initialization.
WARNING: [RTGEN 206-101] Register 'p_ZL12H_filter_FIR_386' is power-on initialization.
WARNING: [RTGEN 206-101] Register 'p_ZL12H_filter_FIR_6' is power-on initialization.
WARNING: [RTGEN 206-101] Register 'p_ZL12H_filter_FIR_385' is power-on initialization.
WARNING: [RTGEN 206-101] Register 'p_ZL12H_filter_FIR_7' is power-on initialization.
WARNING: [RTGEN 206-101] Register 'p_ZL12H_filter_FIR_384' is power-on initialization.
WARNING: [RTGEN 206-101] Register 'p_ZL12H_filter_FIR_8' is power-on initialization.
WARNING: [RTGEN 206-101] Register 'p_ZL12H_filter_FIR_383' is power-on initialization.
WARNING: [RTGEN 206-101] Register 'p_ZL12H_filter_FIR_9' is power-on initialization.
WARNING: [RTGEN 206-101] Register 'p_ZL12H_filter_FIR_382' is power-on initialization.
WARNING: [RTGEN 206-101] Register 'p_ZL12H_filter_FIR_10' is power-on initialization.
WARNING: [RTGEN 206-101] Register 'p_ZL12H_filter_FIR_381' is power-on initialization.
WARNING: [RTGEN 206-101] Register 'p_ZL12H_filter_FIR_11' is power-on initialization.
WARNING: [RTGEN 206-101] Register 'p_ZL12H_filter_FIR_380' is power-on initialization.
WARNING: [RTGEN 206-101] Register 'p_ZL12H_filter_FIR_12' is power-on initialization.
WARNING: [RTGEN 206-101] Register 'p_ZL12H_filter_FIR_379' is power-on initialization.
WARNING: [RTGEN 206-101] Register 'p_ZL12H_filter_FIR_13' is power-on initialization.
WARNING: [RTGEN 206-101] Register 'p_ZL12H_filter_FIR_378' is power-on initialization.
WARNING: [RTGEN 206-101] Register 'p_ZL12H_filter_FIR_14' is power-on initialization.
WARNING: [RTGEN 206-101] Register 'p_ZL12H_filter_FIR_377' is power-on initialization.
WARNING: [RTGEN 206-101] Register 'p_ZL12H_filter_FIR_15' is power-on initialization.
WARNING: [RTGEN 206-101] Register 'p_ZL12H_filter_FIR_376' is power-on initialization.
WARNING: [RTGEN 206-101] Register 'p_ZL12H_filter_FIR_16' is power-on initialization.
WARNING: [RTGEN 206-101] Register 'p_ZL12H_filter_FIR_375' is power-on initialization.
WARNING: [RTGEN 206-101] Register 'p_ZL12H_filter_FIR_18' is power-on initialization.
WARNING: [RTGEN 206-101] Register 'p_ZL12H_filter_FIR_373' is power-on initialization.
WARNING: [RTGEN 206-101] Register 'p_ZL12H_filter_FIR_19' is power-on initialization.
WARNING: [RTGEN 206-101] Register 'p_ZL12H_filter_FIR_372' is power-on initialization.
WARNING: [RTGEN 206-101] Register 'p_ZL12H_filter_FIR_20' is power-on initialization.
WARNING: [RTGEN 206-101] Register 'p_ZL12H_filter_FIR_371' is power-on initialization.
WARNING: [RTGEN 206-101] Register 'p_ZL12H_filter_FIR_21' is power-on initialization.
WARNING: [RTGEN 206-101] Register 'p_ZL12H_filter_FIR_370' is power-on initialization.
WARNING: [RTGEN 206-101] Register 'p_ZL12H_filter_FIR_22' is power-on initialization.
WARNING: [RTGEN 206-101] Register 'p_ZL12H_filter_FIR_369' is power-on initialization.
WARNING: [RTGEN 206-101] Register 'p_ZL12H_filter_FIR_23' is power-on initialization.
WARNING: [RTGEN 206-101] Register 'p_ZL12H_filter_FIR_368' is power-on initialization.
WARNING: [RTGEN 206-101] Register 'p_ZL12H_filter_FIR_24' is power-on initialization.
WARNING: [RTGEN 206-101] Register 'p_ZL12H_filter_FIR_367' is power-on initialization.
WARNING: [RTGEN 206-101] Register 'p_ZL12H_filter_FIR_26' is power-on initialization.
WARNING: [RTGEN 206-101] Register 'p_ZL12H_filter_FIR_365' is power-on initialization.
WARNING: [RTGEN 206-101] Register 'p_ZL12H_filter_FIR_27' is power-on initialization.
WARNING: [RTGEN 206-101] Register 'p_ZL12H_filter_FIR_364' is power-on initialization.
WARNING: [RTGEN 206-101] Register 'p_ZL12H_filter_FIR_28' is power-on initialization.
WARNING: [RTGEN 206-101] Register 'p_ZL12H_filter_FIR_363' is power-on initialization.
WARNING: [RTGEN 206-101] Register 'p_ZL12H_filter_FIR_29' is power-on initialization.
WARNING: [RTGEN 206-101] Register 'p_ZL12H_filter_FIR_362' is power-on initialization.
WARNING: [RTGEN 206-101] Register 'p_ZL12H_filter_FIR_30' is power-on initialization.
WARNING: [RTGEN 206-101] Register 'p_ZL12H_filter_FIR_361' is power-on initialization.
WARNING: [RTGEN 206-101] Register 'p_ZL12H_filter_FIR_31' is power-on initialization.
WARNING: [RTGEN 206-101] Register 'p_ZL12H_filter_FIR_360' is power-on initialization.
WARNING: [RTGEN 206-101] Register 'p_ZL12H_filter_FIR_32' is power-on initialization.
WARNING: [RTGEN 206-101] Register 'p_ZL12H_filter_FIR_359' is power-on initialization.
WARNING: [RTGEN 206-101] Register 'p_ZL12H_filter_FIR_33' is power-on initialization.
WARNING: [RTGEN 206-101] Register 'p_ZL12H_filter_FIR_358' is power-on initialization.
WARNING: [RTGEN 206-101] Register 'p_ZL12H_filter_FIR_34' is power-on initialization.
WARNING: [RTGEN 206-101] Register 'p_ZL12H_filter_FIR_357' is power-on initialization.
WARNING: [RTGEN 206-101] Register 'p_ZL12H_filter_FIR_35' is power-on initialization.
WARNING: [RTGEN 206-101] Register 'p_ZL12H_filter_FIR_356' is power-on initialization.
WARNING: [RTGEN 206-101] Register 'p_ZL12H_filter_FIR_36' is power-on initialization.
WARNING: [RTGEN 206-101] Register 'p_ZL12H_filter_FIR_355' is power-on initialization.
WARNING: [RTGEN 206-101] Register 'p_ZL12H_filter_FIR_37' is power-on initialization.
WARNING: [RTGEN 206-101] Register 'p_ZL12H_filter_FIR_354' is power-on initialization.
WARNING: [RTGEN 206-101] Register 'p_ZL12H_filter_FIR_38' is power-on initialization.
WARNING: [RTGEN 206-101] Register 'p_ZL12H_filter_FIR_353' is power-on initialization.
WARNING: [RTGEN 206-101] Register 'p_ZL12H_filter_FIR_39' is power-on initialization.
WARNING: [RTGEN 206-101] Register 'p_ZL12H_filter_FIR_352' is power-on initialization.
WARNING: [RTGEN 206-101] Register 'p_ZL12H_filter_FIR_40' is power-on initialization.
WARNING: [RTGEN 206-101] Register 'p_ZL12H_filter_FIR_351' is power-on initialization.
WARNING: [RTGEN 206-101] Register 'p_ZL12H_filter_FIR_41' is power-on initialization.
WARNING: [RTGEN 206-101] Register 'p_ZL12H_filter_FIR_350' is power-on initialization.
WARNING: [RTGEN 206-101] Register 'p_ZL12H_filter_FIR_42' is power-on initialization.
WARNING: [RTGEN 206-101] Register 'p_ZL12H_filter_FIR_349' is power-on initialization.
WARNING: [RTGEN 206-101] Register 'p_ZL12H_filter_FIR_43' is power-on initialization.
WARNING: [RTGEN 206-101] Register 'p_ZL12H_filter_FIR_348' is power-on initialization.
WARNING: [RTGEN 206-101] Register 'p_ZL12H_filter_FIR_44' is power-on initialization.
WARNING: [RTGEN 206-101] Register 'p_ZL12H_filter_FIR_347' is power-on initialization.
WARNING: [RTGEN 206-101] Register 'p_ZL12H_filter_FIR_45' is power-on initialization.
WARNING: [RTGEN 206-101] Register 'p_ZL12H_filter_FIR_346' is power-on initialization.
WARNING: [RTGEN 206-101] Register 'p_ZL12H_filter_FIR_46' is power-on initialization.
WARNING: [RTGEN 206-101] Register 'p_ZL12H_filter_FIR_345' is power-on initialization.
WARNING: [RTGEN 206-101] Register 'p_ZL12H_filter_FIR_47' is power-on initialization.
WARNING: [RTGEN 206-101] Register 'p_ZL12H_filter_FIR_344' is power-on initialization.
WARNING: [RTGEN 206-101] Register 'p_ZL12H_filter_FIR_48' is power-on initialization.
WARNING: [RTGEN 206-101] Register 'p_ZL12H_filter_FIR_343' is power-on initialization.
WARNING: [RTGEN 206-101] Register 'p_ZL12H_filter_FIR_49' is power-on initialization.
WARNING: [RTGEN 206-101] Register 'p_ZL12H_filter_FIR_342' is power-on initialization.
WARNING: [RTGEN 206-101] Register 'p_ZL12H_filter_FIR_50' is power-on initialization.
WARNING: [RTGEN 206-101] Register 'p_ZL12H_filter_FIR_341' is power-on initialization.
WARNING: [RTGEN 206-101] Register 'p_ZL12H_filter_FIR_51' is power-on initialization.
WARNING: [RTGEN 206-101] Register 'p_ZL12H_filter_FIR_340' is power-on initialization.
WARNING: [RTGEN 206-101] Register 'p_ZL12H_filter_FIR_52' is power-on initialization.
WARNING: [RTGEN 206-101] Register 'p_ZL12H_filter_FIR_339' is power-on initialization.
WARNING: [RTGEN 206-101] Register 'p_ZL12H_filter_FIR_53' is power-on initialization.
WARNING: [RTGEN 206-101] Register 'p_ZL12H_filter_FIR_338' is power-on initialization.
WARNING: [RTGEN 206-101] Register 'p_ZL12H_filter_FIR_54' is power-on initialization.
WARNING: [RTGEN 206-101] Register 'p_ZL12H_filter_FIR_337' is power-on initialization.
WARNING: [RTGEN 206-101] Register 'p_ZL12H_filter_FIR_55' is power-on initialization.
WARNING: [RTGEN 206-101] Register 'p_ZL12H_filter_FIR_336' is power-on initialization.
WARNING: [RTGEN 206-101] Register 'p_ZL12H_filter_FIR_56' is power-on initialization.
WARNING: [RTGEN 206-101] Register 'p_ZL12H_filter_FIR_335' is power-on initialization.
WARNING: [RTGEN 206-101] Register 'p_ZL12H_filter_FIR_57' is power-on initialization.
WARNING: [RTGEN 206-101] Register 'p_ZL12H_filter_FIR_334' is power-on initialization.
WARNING: [RTGEN 206-101] Register 'p_ZL12H_filter_FIR_58' is power-on initialization.
WARNING: [RTGEN 206-101] Register 'p_ZL12H_filter_FIR_333' is power-on initialization.
WARNING: [RTGEN 206-101] Register 'p_ZL12H_filter_FIR_59' is power-on initialization.
WARNING: [RTGEN 206-101] Register 'p_ZL12H_filter_FIR_332' is power-on initialization.
WARNING: [RTGEN 206-101] Register 'p_ZL12H_filter_FIR_60' is power-on initialization.
WARNING: [RTGEN 206-101] Register 'p_ZL12H_filter_FIR_331' is power-on initialization.
WARNING: [RTGEN 206-101] Register 'p_ZL12H_filter_FIR_61' is power-on initialization.
WARNING: [RTGEN 206-101] Register 'p_ZL12H_filter_FIR_330' is power-on initialization.
WARNING: [RTGEN 206-101] Register 'p_ZL12H_filter_FIR_62' is power-on initialization.
WARNING: [RTGEN 206-101] Register 'p_ZL12H_filter_FIR_329' is power-on initialization.
WARNING: [RTGEN 206-101] Register 'p_ZL12H_filter_FIR_63' is power-on initialization.
WARNING: [RTGEN 206-101] Register 'p_ZL12H_filter_FIR_328' is power-on initialization.
WARNING: [RTGEN 206-101] Register 'p_ZL12H_filter_FIR_64' is power-on initialization.
WARNING: [RTGEN 206-101] Register 'p_ZL12H_filter_FIR_327' is power-on initialization.
WARNING: [RTGEN 206-101] Register 'p_ZL12H_filter_FIR_65' is power-on initialization.
WARNING: [RTGEN 206-101] Register 'p_ZL12H_filter_FIR_326' is power-on initialization.
WARNING: [RTGEN 206-101] Register 'p_ZL12H_filter_FIR_66' is power-on initialization.
WARNING: [RTGEN 206-101] Register 'p_ZL12H_filter_FIR_325' is power-on initialization.
WARNING: [RTGEN 206-101] Register 'p_ZL12H_filter_FIR_67' is power-on initialization.
WARNING: [RTGEN 206-101] Register 'p_ZL12H_filter_FIR_324' is power-on initialization.
WARNING: [RTGEN 206-101] Register 'p_ZL12H_filter_FIR_68' is power-on initialization.
WARNING: [RTGEN 206-101] Register 'p_ZL12H_filter_FIR_323' is power-on initialization.
WARNING: [RTGEN 206-101] Register 'p_ZL12H_filter_FIR_69' is power-on initialization.
WARNING: [RTGEN 206-101] Register 'p_ZL12H_filter_FIR_322' is power-on initialization.
WARNING: [RTGEN 206-101] Register 'p_ZL12H_filter_FIR_70' is power-on initialization.
WARNING: [RTGEN 206-101] Register 'p_ZL12H_filter_FIR_321' is power-on initialization.
WARNING: [RTGEN 206-101] Register 'p_ZL12H_filter_FIR_71' is power-on initialization.
WARNING: [RTGEN 206-101] Register 'p_ZL12H_filter_FIR_320' is power-on initialization.
WARNING: [RTGEN 206-101] Register 'p_ZL12H_filter_FIR_72' is power-on initialization.
WARNING: [RTGEN 206-101] Register 'p_ZL12H_filter_FIR_319' is power-on initialization.
WARNING: [RTGEN 206-101] Register 'p_ZL12H_filter_FIR_73' is power-on initialization.
WARNING: [RTGEN 206-101] Register 'p_ZL12H_filter_FIR_318' is power-on initialization.
WARNING: [RTGEN 206-101] Register 'p_ZL12H_filter_FIR_74' is power-on initialization.
WARNING: [RTGEN 206-101] Register 'p_ZL12H_filter_FIR_317' is power-on initialization.
WARNING: [RTGEN 206-101] Register 'p_ZL12H_filter_FIR_75' is power-on initialization.
WARNING: [RTGEN 206-101] Register 'p_ZL12H_filter_FIR_316' is power-on initialization.
WARNING: [RTGEN 206-101] Register 'p_ZL12H_filter_FIR_76' is power-on initialization.
WARNING: [RTGEN 206-101] Register 'p_ZL12H_filter_FIR_315' is power-on initialization.
WARNING: [RTGEN 206-101] Register 'p_ZL12H_filter_FIR_77' is power-on initialization.
WARNING: [RTGEN 206-101] Register 'p_ZL12H_filter_FIR_314' is power-on initialization.
WARNING: [RTGEN 206-101] Register 'p_ZL12H_filter_FIR_78' is power-on initialization.
WARNING: [RTGEN 206-101] Register 'p_ZL12H_filter_FIR_313' is power-on initialization.
WARNING: [RTGEN 206-101] Register 'p_ZL12H_filter_FIR_79' is power-on initialization.
WARNING: [RTGEN 206-101] Register 'p_ZL12H_filter_FIR_312' is power-on initialization.
WARNING: [RTGEN 206-101] Register 'p_ZL12H_filter_FIR_80' is power-on initialization.
WARNING: [RTGEN 206-101] Register 'p_ZL12H_filter_FIR_311' is power-on initialization.
WARNING: [RTGEN 206-101] Register 'p_ZL12H_filter_FIR_81' is power-on initialization.
WARNING: [RTGEN 206-101] Register 'p_ZL12H_filter_FIR_310' is power-on initialization.
WARNING: [RTGEN 206-101] Register 'p_ZL12H_filter_FIR_82' is power-on initialization.
WARNING: [RTGEN 206-101] Register 'p_ZL12H_filter_FIR_309' is power-on initialization.
WARNING: [RTGEN 206-101] Register 'p_ZL12H_filter_FIR_83' is power-on initialization.
WARNING: [RTGEN 206-101] Register 'p_ZL12H_filter_FIR_308' is power-on initialization.
WARNING: [RTGEN 206-101] Register 'p_ZL12H_filter_FIR_84' is power-on initialization.
WARNING: [RTGEN 206-101] Register 'p_ZL12H_filter_FIR_307' is power-on initialization.
WARNING: [RTGEN 206-101] Register 'p_ZL12H_filter_FIR_85' is power-on initialization.
WARNING: [RTGEN 206-101] Register 'p_ZL12H_filter_FIR_306' is power-on initialization.
WARNING: [RTGEN 206-101] Register 'p_ZL12H_filter_FIR_86' is power-on initialization.
WARNING: [RTGEN 206-101] Register 'p_ZL12H_filter_FIR_305' is power-on initialization.
WARNING: [RTGEN 206-101] Register 'p_ZL12H_filter_FIR_87' is power-on initialization.
WARNING: [RTGEN 206-101] Register 'p_ZL12H_filter_FIR_304' is power-on initialization.
WARNING: [RTGEN 206-101] Register 'p_ZL12H_filter_FIR_88' is power-on initialization.
WARNING: [RTGEN 206-101] Register 'p_ZL12H_filter_FIR_303' is power-on initialization.
WARNING: [RTGEN 206-101] Register 'p_ZL12H_filter_FIR_89' is power-on initialization.
WARNING: [RTGEN 206-101] Register 'p_ZL12H_filter_FIR_302' is power-on initialization.
WARNING: [RTGEN 206-101] Register 'p_ZL12H_filter_FIR_90' is power-on initialization.
WARNING: [RTGEN 206-101] Register 'p_ZL12H_filter_FIR_301' is power-on initialization.
WARNING: [RTGEN 206-101] Register 'p_ZL12H_filter_FIR_91' is power-on initialization.
WARNING: [RTGEN 206-101] Register 'p_ZL12H_filter_FIR_300' is power-on initialization.
WARNING: [RTGEN 206-101] Register 'p_ZL12H_filter_FIR_92' is power-on initialization.
WARNING: [RTGEN 206-101] Register 'p_ZL12H_filter_FIR_299' is power-on initialization.
WARNING: [RTGEN 206-101] Register 'p_ZL12H_filter_FIR_93' is power-on initialization.
WARNING: [RTGEN 206-101] Register 'p_ZL12H_filter_FIR_298' is power-on initialization.
WARNING: [RTGEN 206-101] Register 'p_ZL12H_filter_FIR_94' is power-on initialization.
WARNING: [RTGEN 206-101] Register 'p_ZL12H_filter_FIR_297' is power-on initialization.
WARNING: [RTGEN 206-101] Register 'p_ZL12H_filter_FIR_95' is power-on initialization.
WARNING: [RTGEN 206-101] Register 'p_ZL12H_filter_FIR_296' is power-on initialization.
WARNING: [RTGEN 206-101] Register 'p_ZL12H_filter_FIR_96' is power-on initialization.
WARNING: [RTGEN 206-101] Register 'p_ZL12H_filter_FIR_295' is power-on initialization.
WARNING: [RTGEN 206-101] Register 'p_ZL12H_filter_FIR_97' is power-on initialization.
WARNING: [RTGEN 206-101] Register 'p_ZL12H_filter_FIR_294' is power-on initialization.
WARNING: [RTGEN 206-101] Register 'p_ZL12H_filter_FIR_98' is power-on initialization.
WARNING: [RTGEN 206-101] Register 'p_ZL12H_filter_FIR_293' is power-on initialization.
WARNING: [RTGEN 206-101] Register 'p_ZL12H_filter_FIR_99' is power-on initialization.
WARNING: [RTGEN 206-101] Register 'p_ZL12H_filter_FIR_292' is power-on initialization.
WARNING: [RTGEN 206-101] Register 'p_ZL12H_filter_FIR_100' is power-on initialization.
WARNING: [RTGEN 206-101] Register 'p_ZL12H_filter_FIR_291' is power-on initialization.
WARNING: [RTGEN 206-101] Register 'p_ZL12H_filter_FIR_101' is power-on initialization.
WARNING: [RTGEN 206-101] Register 'p_ZL12H_filter_FIR_290' is power-on initialization.
WARNING: [RTGEN 206-101] Register 'p_ZL12H_filter_FIR_102' is power-on initialization.
WARNING: [RTGEN 206-101] Register 'p_ZL12H_filter_FIR_289' is power-on initialization.
WARNING: [RTGEN 206-101] Register 'p_ZL12H_filter_FIR_103' is power-on initialization.
WARNING: [RTGEN 206-101] Register 'p_ZL12H_filter_FIR_288' is power-on initialization.
WARNING: [RTGEN 206-101] Register 'p_ZL12H_filter_FIR_104' is power-on initialization.
WARNING: [RTGEN 206-101] Register 'p_ZL12H_filter_FIR_287' is power-on initialization.
WARNING: [RTGEN 206-101] Register 'p_ZL12H_filter_FIR_105' is power-on initialization.
WARNING: [RTGEN 206-101] Register 'p_ZL12H_filter_FIR_286' is power-on initialization.
WARNING: [RTGEN 206-101] Register 'p_ZL12H_filter_FIR_106' is power-on initialization.
WARNING: [RTGEN 206-101] Register 'p_ZL12H_filter_FIR_285' is power-on initialization.
WARNING: [RTGEN 206-101] Register 'p_ZL12H_filter_FIR_107' is power-on initialization.
WARNING: [RTGEN 206-101] Register 'p_ZL12H_filter_FIR_284' is power-on initialization.
WARNING: [RTGEN 206-101] Register 'p_ZL12H_filter_FIR_108' is power-on initialization.
WARNING: [RTGEN 206-101] Register 'p_ZL12H_filter_FIR_283' is power-on initialization.
WARNING: [RTGEN 206-101] Register 'p_ZL12H_filter_FIR_109' is power-on initialization.
WARNING: [RTGEN 206-101] Register 'p_ZL12H_filter_FIR_282' is power-on initialization.
WARNING: [RTGEN 206-101] Register 'p_ZL12H_filter_FIR_110' is power-on initialization.
WARNING: [RTGEN 206-101] Register 'p_ZL12H_filter_FIR_281' is power-on initialization.
WARNING: [RTGEN 206-101] Register 'p_ZL12H_filter_FIR_111' is power-on initialization.
WARNING: [RTGEN 206-101] Register 'p_ZL12H_filter_FIR_280' is power-on initialization.
WARNING: [RTGEN 206-101] Register 'p_ZL12H_filter_FIR_112' is power-on initialization.
WARNING: [RTGEN 206-101] Register 'p_ZL12H_filter_FIR_279' is power-on initialization.
WARNING: [RTGEN 206-101] Register 'p_ZL12H_filter_FIR_113' is power-on initialization.
WARNING: [RTGEN 206-101] Register 'p_ZL12H_filter_FIR_278' is power-on initialization.
WARNING: [RTGEN 206-101] Register 'p_ZL12H_filter_FIR_114' is power-on initialization.
WARNING: [RTGEN 206-101] Register 'p_ZL12H_filter_FIR_277' is power-on initialization.
WARNING: [RTGEN 206-101] Register 'p_ZL12H_filter_FIR_115' is power-on initialization.
WARNING: [RTGEN 206-101] Register 'p_ZL12H_filter_FIR_276' is power-on initialization.
WARNING: [RTGEN 206-101] Register 'p_ZL12H_filter_FIR_116' is power-on initialization.
WARNING: [RTGEN 206-101] Register 'p_ZL12H_filter_FIR_275' is power-on initialization.
WARNING: [RTGEN 206-101] Register 'p_ZL12H_filter_FIR_117' is power-on initialization.
WARNING: [RTGEN 206-101] Register 'p_ZL12H_filter_FIR_274' is power-on initialization.
WARNING: [RTGEN 206-101] Register 'p_ZL12H_filter_FIR_118' is power-on initialization.
WARNING: [RTGEN 206-101] Register 'p_ZL12H_filter_FIR_273' is power-on initialization.
WARNING: [RTGEN 206-101] Register 'p_ZL12H_filter_FIR_119' is power-on initialization.
WARNING: [RTGEN 206-101] Register 'p_ZL12H_filter_FIR_272' is power-on initialization.
WARNING: [RTGEN 206-101] Register 'p_ZL12H_filter_FIR_120' is power-on initialization.
WARNING: [RTGEN 206-101] Register 'p_ZL12H_filter_FIR_271' is power-on initialization.
WARNING: [RTGEN 206-101] Register 'p_ZL12H_filter_FIR_121' is power-on initialization.
WARNING: [RTGEN 206-101] Register 'p_ZL12H_filter_FIR_270' is power-on initialization.
WARNING: [RTGEN 206-101] Register 'p_ZL12H_filter_FIR_122' is power-on initialization.
WARNING: [RTGEN 206-101] Register 'p_ZL12H_filter_FIR_269' is power-on initialization.
WARNING: [RTGEN 206-101] Register 'p_ZL12H_filter_FIR_123' is power-on initialization.
WARNING: [RTGEN 206-101] Register 'p_ZL12H_filter_FIR_268' is power-on initialization.
WARNING: [RTGEN 206-101] Register 'p_ZL12H_filter_FIR_124' is power-on initialization.
WARNING: [RTGEN 206-101] Register 'p_ZL12H_filter_FIR_267' is power-on initialization.
WARNING: [RTGEN 206-101] Register 'p_ZL12H_filter_FIR_125' is power-on initialization.
WARNING: [RTGEN 206-101] Register 'p_ZL12H_filter_FIR_266' is power-on initialization.
WARNING: [RTGEN 206-101] Register 'p_ZL12H_filter_FIR_126' is power-on initialization.
WARNING: [RTGEN 206-101] Register 'p_ZL12H_filter_FIR_265' is power-on initialization.
WARNING: [RTGEN 206-101] Register 'p_ZL12H_filter_FIR_127' is power-on initialization.
WARNING: [RTGEN 206-101] Register 'p_ZL12H_filter_FIR_264' is power-on initialization.
WARNING: [RTGEN 206-101] Register 'p_ZL12H_filter_FIR_128' is power-on initialization.
WARNING: [RTGEN 206-101] Register 'p_ZL12H_filter_FIR_263' is power-on initialization.
WARNING: [RTGEN 206-101] Register 'p_ZL12H_filter_FIR_129' is power-on initialization.
WARNING: [RTGEN 206-101] Register 'p_ZL12H_filter_FIR_262' is power-on initialization.
WARNING: [RTGEN 206-101] Register 'p_ZL12H_filter_FIR_130' is power-on initialization.
WARNING: [RTGEN 206-101] Register 'p_ZL12H_filter_FIR_261' is power-on initialization.
WARNING: [RTGEN 206-101] Register 'p_ZL12H_filter_FIR_131' is power-on initialization.
WARNING: [RTGEN 206-101] Register 'p_ZL12H_filter_FIR_260' is power-on initialization.
WARNING: [RTGEN 206-101] Register 'p_ZL12H_filter_FIR_132' is power-on initialization.
WARNING: [RTGEN 206-101] Register 'p_ZL12H_filter_FIR_259' is power-on initialization.
WARNING: [RTGEN 206-101] Register 'p_ZL12H_filter_FIR_133' is power-on initialization.
WARNING: [RTGEN 206-101] Register 'p_ZL12H_filter_FIR_258' is power-on initialization.
WARNING: [RTGEN 206-101] Register 'p_ZL12H_filter_FIR_134' is power-on initialization.
WARNING: [RTGEN 206-101] Register 'p_ZL12H_filter_FIR_257' is power-on initialization.
WARNING: [RTGEN 206-101] Register 'p_ZL12H_filter_FIR_135' is power-on initialization.
WARNING: [RTGEN 206-101] Register 'p_ZL12H_filter_FIR_256' is power-on initialization.
WARNING: [RTGEN 206-101] Register 'p_ZL12H_filter_FIR_136' is power-on initialization.
WARNING: [RTGEN 206-101] Register 'p_ZL12H_filter_FIR_255' is power-on initialization.
WARNING: [RTGEN 206-101] Register 'p_ZL12H_filter_FIR_137' is power-on initialization.
WARNING: [RTGEN 206-101] Register 'p_ZL12H_filter_FIR_254' is power-on initialization.
WARNING: [RTGEN 206-101] Register 'p_ZL12H_filter_FIR_138' is power-on initialization.
WARNING: [RTGEN 206-101] Register 'p_ZL12H_filter_FIR_253' is power-on initialization.
WARNING: [RTGEN 206-101] Register 'p_ZL12H_filter_FIR_139' is power-on initialization.
WARNING: [RTGEN 206-101] Register 'p_ZL12H_filter_FIR_252' is power-on initialization.
WARNING: [RTGEN 206-101] Register 'p_ZL12H_filter_FIR_140' is power-on initialization.
WARNING: [RTGEN 206-101] Register 'p_ZL12H_filter_FIR_251' is power-on initialization.
WARNING: [RTGEN 206-101] Register 'p_ZL12H_filter_FIR_141' is power-on initialization.
WARNING: [RTGEN 206-101] Register 'p_ZL12H_filter_FIR_250' is power-on initialization.
WARNING: [RTGEN 206-101] Register 'p_ZL12H_filter_FIR_142' is power-on initialization.
WARNING: [RTGEN 206-101] Register 'p_ZL12H_filter_FIR_249' is power-on initialization.
WARNING: [RTGEN 206-101] Register 'p_ZL12H_filter_FIR_143' is power-on initialization.
WARNING: [RTGEN 206-101] Register 'p_ZL12H_filter_FIR_248' is power-on initialization.
WARNING: [RTGEN 206-101] Register 'p_ZL12H_filter_FIR_144' is power-on initialization.
WARNING: [RTGEN 206-101] Register 'p_ZL12H_filter_FIR_247' is power-on initialization.
WARNING: [RTGEN 206-101] Register 'p_ZL12H_filter_FIR_145' is power-on initialization.
WARNING: [RTGEN 206-101] Register 'p_ZL12H_filter_FIR_246' is power-on initialization.
WARNING: [RTGEN 206-101] Register 'p_ZL12H_filter_FIR_146' is power-on initialization.
WARNING: [RTGEN 206-101] Register 'p_ZL12H_filter_FIR_245' is power-on initialization.
WARNING: [RTGEN 206-101] Register 'p_ZL12H_filter_FIR_147' is power-on initialization.
WARNING: [RTGEN 206-101] Register 'p_ZL12H_filter_FIR_244' is power-on initialization.
WARNING: [RTGEN 206-101] Register 'p_ZL12H_filter_FIR_148' is power-on initialization.
WARNING: [RTGEN 206-101] Register 'p_ZL12H_filter_FIR_243' is power-on initialization.
WARNING: [RTGEN 206-101] Register 'p_ZL12H_filter_FIR_149' is power-on initialization.
WARNING: [RTGEN 206-101] Register 'p_ZL12H_filter_FIR_242' is power-on initialization.
WARNING: [RTGEN 206-101] Register 'p_ZL12H_filter_FIR_150' is power-on initialization.
WARNING: [RTGEN 206-101] Register 'p_ZL12H_filter_FIR_241' is power-on initialization.
WARNING: [RTGEN 206-101] Register 'p_ZL12H_filter_FIR_151' is power-on initialization.
WARNING: [RTGEN 206-101] Register 'p_ZL12H_filter_FIR_240' is power-on initialization.
WARNING: [RTGEN 206-101] Register 'p_ZL12H_filter_FIR_152' is power-on initialization.
WARNING: [RTGEN 206-101] Register 'p_ZL12H_filter_FIR_239' is power-on initialization.
WARNING: [RTGEN 206-101] Register 'p_ZL12H_filter_FIR_153' is power-on initialization.
WARNING: [RTGEN 206-101] Register 'p_ZL12H_filter_FIR_238' is power-on initialization.
WARNING: [RTGEN 206-101] Register 'p_ZL12H_filter_FIR_154' is power-on initialization.
WARNING: [RTGEN 206-101] Register 'p_ZL12H_filter_FIR_237' is power-on initialization.
WARNING: [RTGEN 206-101] Register 'p_ZL12H_filter_FIR_155' is power-on initialization.
WARNING: [RTGEN 206-101] Register 'p_ZL12H_filter_FIR_236' is power-on initialization.
WARNING: [RTGEN 206-101] Register 'p_ZL12H_filter_FIR_156' is power-on initialization.
WARNING: [RTGEN 206-101] Register 'p_ZL12H_filter_FIR_235' is power-on initialization.
WARNING: [RTGEN 206-101] Register 'p_ZL12H_filter_FIR_157' is power-on initialization.
WARNING: [RTGEN 206-101] Register 'p_ZL12H_filter_FIR_234' is power-on initialization.
WARNING: [RTGEN 206-101] Register 'p_ZL12H_filter_FIR_158' is power-on initialization.
WARNING: [RTGEN 206-101] Register 'p_ZL12H_filter_FIR_233' is power-on initialization.
WARNING: [RTGEN 206-101] Register 'p_ZL12H_filter_FIR_159' is power-on initialization.
WARNING: [RTGEN 206-101] Register 'p_ZL12H_filter_FIR_232' is power-on initialization.
WARNING: [RTGEN 206-101] Register 'p_ZL12H_filter_FIR_160' is power-on initialization.
WARNING: [RTGEN 206-101] Register 'p_ZL12H_filter_FIR_231' is power-on initialization.
WARNING: [RTGEN 206-101] Register 'p_ZL12H_filter_FIR_161' is power-on initialization.
WARNING: [RTGEN 206-101] Register 'p_ZL12H_filter_FIR_230' is power-on initialization.
WARNING: [RTGEN 206-101] Register 'p_ZL12H_filter_FIR_162' is power-on initialization.
WARNING: [RTGEN 206-101] Register 'p_ZL12H_filter_FIR_229' is power-on initialization.
WARNING: [RTGEN 206-101] Register 'p_ZL12H_filter_FIR_163' is power-on initialization.
WARNING: [RTGEN 206-101] Register 'p_ZL12H_filter_FIR_228' is power-on initialization.
WARNING: [RTGEN 206-101] Register 'p_ZL12H_filter_FIR_164' is power-on initialization.
WARNING: [RTGEN 206-101] Register 'p_ZL12H_filter_FIR_227' is power-on initialization.
WARNING: [RTGEN 206-101] Register 'p_ZL12H_filter_FIR_165' is power-on initialization.
WARNING: [RTGEN 206-101] Register 'p_ZL12H_filter_FIR_226' is power-on initialization.
WARNING: [RTGEN 206-101] Register 'p_ZL12H_filter_FIR_166' is power-on initialization.
WARNING: [RTGEN 206-101] Register 'p_ZL12H_filter_FIR_225' is power-on initialization.
WARNING: [RTGEN 206-101] Register 'p_ZL12H_filter_FIR_167' is power-on initialization.
WARNING: [RTGEN 206-101] Register 'p_ZL12H_filter_FIR_224' is power-on initialization.
WARNING: [RTGEN 206-101] Register 'p_ZL12H_filter_FIR_168' is power-on initialization.
WARNING: [RTGEN 206-101] Register 'p_ZL12H_filter_FIR_223' is power-on initialization.
WARNING: [RTGEN 206-101] Register 'p_ZL12H_filter_FIR_169' is power-on initialization.
WARNING: [RTGEN 206-101] Register 'p_ZL12H_filter_FIR_222' is power-on initialization.
WARNING: [RTGEN 206-101] Register 'p_ZL12H_filter_FIR_170' is power-on initialization.
WARNING: [RTGEN 206-101] Register 'p_ZL12H_filter_FIR_221' is power-on initialization.
WARNING: [RTGEN 206-101] Register 'p_ZL12H_filter_FIR_171' is power-on initialization.
WARNING: [RTGEN 206-101] Register 'p_ZL12H_filter_FIR_220' is power-on initialization.
WARNING: [RTGEN 206-101] Register 'p_ZL12H_filter_FIR_172' is power-on initialization.
WARNING: [RTGEN 206-101] Register 'p_ZL12H_filter_FIR_219' is power-on initialization.
WARNING: [RTGEN 206-101] Register 'p_ZL12H_filter_FIR_173' is power-on initialization.
WARNING: [RTGEN 206-101] Register 'p_ZL12H_filter_FIR_218' is power-on initialization.
WARNING: [RTGEN 206-101] Register 'p_ZL12H_filter_FIR_174' is power-on initialization.
WARNING: [RTGEN 206-101] Register 'p_ZL12H_filter_FIR_217' is power-on initialization.
WARNING: [RTGEN 206-101] Register 'p_ZL12H_filter_FIR_175' is power-on initialization.
WARNING: [RTGEN 206-101] Register 'p_ZL12H_filter_FIR_216' is power-on initialization.
WARNING: [RTGEN 206-101] Register 'p_ZL12H_filter_FIR_176' is power-on initialization.
WARNING: [RTGEN 206-101] Register 'p_ZL12H_filter_FIR_215' is power-on initialization.
WARNING: [RTGEN 206-101] Register 'p_ZL12H_filter_FIR_177' is power-on initialization.
WARNING: [RTGEN 206-101] Register 'p_ZL12H_filter_FIR_214' is power-on initialization.
WARNING: [RTGEN 206-101] Register 'p_ZL12H_filter_FIR_178' is power-on initialization.
WARNING: [RTGEN 206-101] Register 'p_ZL12H_filter_FIR_213' is power-on initialization.
WARNING: [RTGEN 206-101] Register 'p_ZL12H_filter_FIR_179' is power-on initialization.
WARNING: [RTGEN 206-101] Register 'p_ZL12H_filter_FIR_212' is power-on initialization.
WARNING: [RTGEN 206-101] Register 'p_ZL12H_filter_FIR_180' is power-on initialization.
WARNING: [RTGEN 206-101] Register 'p_ZL12H_filter_FIR_211' is power-on initialization.
WARNING: [RTGEN 206-101] Register 'p_ZL12H_filter_FIR_181' is power-on initialization.
WARNING: [RTGEN 206-101] Register 'p_ZL12H_filter_FIR_210' is power-on initialization.
WARNING: [RTGEN 206-101] Register 'p_ZL12H_filter_FIR_182' is power-on initialization.
WARNING: [RTGEN 206-101] Register 'p_ZL12H_filter_FIR_209' is power-on initialization.
WARNING: [RTGEN 206-101] Register 'p_ZL12H_filter_FIR_183' is power-on initialization.
WARNING: [RTGEN 206-101] Register 'p_ZL12H_filter_FIR_208' is power-on initialization.
WARNING: [RTGEN 206-101] Register 'p_ZL12H_filter_FIR_184' is power-on initialization.
WARNING: [RTGEN 206-101] Register 'p_ZL12H_filter_FIR_207' is power-on initialization.
WARNING: [RTGEN 206-101] Register 'p_ZL12H_filter_FIR_185' is power-on initialization.
WARNING: [RTGEN 206-101] Register 'p_ZL12H_filter_FIR_206' is power-on initialization.
WARNING: [RTGEN 206-101] Register 'p_ZL12H_filter_FIR_186' is power-on initialization.
WARNING: [RTGEN 206-101] Register 'p_ZL12H_filter_FIR_205' is power-on initialization.
WARNING: [RTGEN 206-101] Register 'p_ZL12H_filter_FIR_187' is power-on initialization.
WARNING: [RTGEN 206-101] Register 'p_ZL12H_filter_FIR_204' is power-on initialization.
WARNING: [RTGEN 206-101] Register 'p_ZL12H_filter_FIR_188' is power-on initialization.
WARNING: [RTGEN 206-101] Register 'p_ZL12H_filter_FIR_203' is power-on initialization.
WARNING: [RTGEN 206-101] Register 'p_ZL12H_filter_FIR_189' is power-on initialization.
WARNING: [RTGEN 206-101] Register 'p_ZL12H_filter_FIR_202' is power-on initialization.
WARNING: [RTGEN 206-101] Register 'p_ZL12H_filter_FIR_190' is power-on initialization.
WARNING: [RTGEN 206-101] Register 'p_ZL12H_filter_FIR_201' is power-on initialization.
WARNING: [RTGEN 206-101] Register 'p_ZL12H_filter_FIR_191' is power-on initialization.
WARNING: [RTGEN 206-101] Register 'p_ZL12H_filter_FIR_200' is power-on initialization.
WARNING: [RTGEN 206-101] Register 'p_ZL12H_filter_FIR_192' is power-on initialization.
WARNING: [RTGEN 206-101] Register 'p_ZL12H_filter_FIR_199' is power-on initialization.
WARNING: [RTGEN 206-101] Register 'p_ZL12H_filter_FIR_193' is power-on initialization.
WARNING: [RTGEN 206-101] Register 'p_ZL12H_filter_FIR_198' is power-on initialization.
WARNING: [RTGEN 206-101] Register 'p_ZL12H_filter_FIR_194' is power-on initialization.
WARNING: [RTGEN 206-101] Register 'p_ZL12H_filter_FIR_197' is power-on initialization.
WARNING: [RTGEN 206-101] Register 'p_ZL12H_filter_FIR_195' is power-on initialization.
WARNING: [RTGEN 206-101] Register 'p_ZL12H_filter_FIR_196' is power-on initialization.
WARNING: [RTGEN 206-101] Register 'p_ZL12H_filter_FIR_17' is power-on initialization.
WARNING: [RTGEN 206-101] Register 'p_ZL12H_filter_FIR_25' is power-on initialization.
WARNING: [RTGEN 206-101] Register 'p_ZL12H_filter_FIR_366' is power-on initialization.
WARNING: [RTGEN 206-101] Register 'p_ZL12H_filter_FIR_374' is power-on initialization.
INFO: [HLS 200-1030] Apply Unified Pipeline Control on module 'FIR_filter' pipeline 'FIR_filter' pipeline type 'function pipeline'
INFO: [RTGEN 206-104] Estimated max fanout for 'FIR_filter' is 6256 from HDL expression: ((1'b0 == ap_block_pp0_stage0_11001) & (ap_enable_reg_pp0_iter0 == 1'b1) & (1'b1 == ap_CS_fsm_pp0_stage0))
INFO: [RTGEN 206-100] Generating core module 'am_addmul_16s_16s_10ns_28_4_1': 2 instance(s).
INFO: [RTGEN 206-100] Generating core module 'am_addmul_16s_16s_10s_27_4_1': 3 instance(s).
INFO: [RTGEN 206-100] Generating core module 'am_addmul_16s_16s_11ns_28_4_1': 1 instance(s).
INFO: [RTGEN 206-100] Generating core module 'am_addmul_16s_16s_11s_28_4_1': 2 instance(s).
INFO: [RTGEN 206-100] Generating core module 'am_addmul_16s_16s_12ns_30_4_1': 1 instance(s).
INFO: [RTGEN 206-100] Generating core module 'am_addmul_16s_16s_12s_29_4_1': 3 instance(s).
INFO: [RTGEN 206-100] Generating core module 'am_addmul_16s_16s_13ns_31_4_1': 2 instance(s).
INFO: [RTGEN 206-100] Generating core module 'am_addmul_16s_16s_8ns_26_4_1': 1 instance(s).
INFO: [RTGEN 206-100] Generating core module 'am_addmul_16s_16s_9ns_26_4_1': 1 instance(s).
INFO: [RTGEN 206-100] Generating core module 'am_addmul_16s_16s_9ns_27_4_1': 2 instance(s).
INFO: [RTGEN 206-100] Generating core module 'am_addmul_16s_16s_9s_26_4_1': 1 instance(s).
INFO: [RTGEN 206-100] Generating core module 'am_addmul_17s_17s_7ns_25_4_1': 1 instance(s).
INFO: [RTGEN 206-100] Generating core module 'am_addmul_17s_17s_8s_26_4_1': 1 instance(s).
INFO: [RTGEN 206-100] Generating core module 'am_submul_17s_17s_6ns_25_4_1': 1 instance(s).
INFO: [RTGEN 206-100] Generating core module 'am_submul_17s_17s_8ns_26_4_1': 1 instance(s).
INFO: [RTGEN 206-100] Generating core module 'am_submul_17s_17s_9ns_27_4_1': 1 instance(s).
INFO: [RTGEN 206-100] Generating core module 'am_submul_18s_17s_7ns_27_4_1': 1 instance(s).
INFO: [RTGEN 206-100] Generating core module 'ama_addmuladd_16s_16s_10ns_27s_27_4_1': 1 instance(s).
INFO: [RTGEN 206-100] Generating core module 'ama_addmuladd_16s_16s_10ns_28s_28_4_1': 1 instance(s).
INFO: [RTGEN 206-100] Generating core module 'ama_addmuladd_16s_16s_10s_24s_26_4_1': 1 instance(s).
INFO: [RTGEN 206-100] Generating core module 'ama_addmuladd_16s_16s_10s_27s_27_4_1': 3 instance(s).
INFO: [RTGEN 206-100] Generating core module 'ama_addmuladd_16s_16s_10s_28s_28_4_1': 1 instance(s).
INFO: [RTGEN 206-100] Generating core module 'ama_addmuladd_16s_16s_11ns_28s_29_4_1': 1 instance(s).
INFO: [RTGEN 206-100] Generating core module 'ama_addmuladd_16s_16s_11s_20s_27_4_1': 1 instance(s).
INFO: [RTGEN 206-100] Generating core module 'ama_addmuladd_16s_16s_11s_27s_27_4_1': 1 instance(s).
INFO: [RTGEN 206-100] Generating core module 'ama_addmuladd_16s_16s_11s_28s_28_4_1': 1 instance(s).
INFO: [RTGEN 206-100] Generating core module 'ama_addmuladd_16s_16s_11s_29s_29_4_1': 1 instance(s).
INFO: [RTGEN 206-100] Generating core module 'ama_addmuladd_16s_16s_12s_29s_29_4_1': 2 instance(s).
INFO: [RTGEN 206-100] Generating core module 'ama_addmuladd_16s_16s_13ns_30s_30_4_1': 1 instance(s).
INFO: [RTGEN 206-100] Generating core module 'ama_addmuladd_16s_16s_13ns_31s_31_4_1': 1 instance(s).
INFO: [RTGEN 206-100] Generating core module 'ama_addmuladd_16s_16s_14ns_31s_31_4_1': 1 instance(s).
INFO: [RTGEN 206-100] Generating core module 'ama_addmuladd_16s_16s_6ns_22s_23_4_1': 1 instance(s).
INFO: [RTGEN 206-100] Generating core module 'ama_addmuladd_16s_16s_7ns_25s_25_4_1': 2 instance(s).
INFO: [RTGEN 206-100] Generating core module 'ama_addmuladd_16s_16s_7ns_26s_26_4_1': 1 instance(s).
INFO: [RTGEN 206-100] Generating core module 'ama_addmuladd_16s_16s_7ns_27s_27_4_1': 1 instance(s).
INFO: [RTGEN 206-100] Generating core module 'ama_addmuladd_16s_16s_8ns_25s_26_4_1': 1 instance(s).
INFO: [RTGEN 206-100] Generating core module 'ama_addmuladd_16s_16s_8ns_26s_26_4_1': 4 instance(s).
INFO: [RTGEN 206-100] Generating core module 'ama_addmuladd_16s_16s_8ns_26s_27_4_1': 1 instance(s).
INFO: [RTGEN 206-100] Generating core module 'ama_addmuladd_16s_16s_8s_24s_25_4_1': 1 instance(s).
INFO: [RTGEN 206-100] Generating core module 'ama_addmuladd_16s_16s_8s_26s_26_4_1': 2 instance(s).
INFO: [RTGEN 206-100] Generating core module 'ama_addmuladd_16s_16s_9ns_25s_26_4_1': 1 instance(s).
INFO: [RTGEN 206-100] Generating core module 'ama_addmuladd_16s_16s_9ns_26s_26_4_1': 1 instance(s).
INFO: [RTGEN 206-100] Generating core module 'ama_addmuladd_16s_16s_9ns_26s_27_4_1': 1 instance(s).
INFO: [RTGEN 206-100] Generating core module 'ama_addmuladd_16s_16s_9ns_27s_27_4_1': 1 instance(s).
INFO: [RTGEN 206-100] Generating core module 'ama_addmuladd_16s_16s_9ns_28s_28_4_1': 2 instance(s).
INFO: [RTGEN 206-100] Generating core module 'ama_addmuladd_16s_16s_9s_26s_26_4_1': 4 instance(s).
INFO: [RTGEN 206-100] Generating core module 'ama_addmuladd_16s_16s_9s_27s_27_4_1': 1 instance(s).
INFO: [RTGEN 206-100] Generating core module 'ama_addmuladd_17s_17s_7s_24s_25_4_1': 1 instance(s).
INFO: [RTGEN 206-100] Generating core module 'ama_addmuladd_17s_17s_9s_25s_26_4_1': 1 instance(s).
INFO: [RTGEN 206-100] Generating core module 'ama_addmuladd_17s_17s_9s_27s_28_4_1': 2 instance(s).
INFO: [RTGEN 206-100] Generating core module 'ama_addmuladd_18s_17s_7ns_27s_27_4_1': 1 instance(s).
INFO: [RTGEN 206-100] Generating core module 'ama_addmuladd_18s_18s_6ns_26s_26_4_1': 1 instance(s).
INFO: [RTGEN 206-100] Generating core module 'ama_submuladd_17s_17s_5ns_22s_23_4_1': 1 instance(s).
INFO: [RTGEN 206-100] Generating core module 'ama_submuladd_17s_17s_5ns_24s_24_4_1': 1 instance(s).
INFO: [RTGEN 206-100] Generating core module 'ama_submuladd_17s_17s_6ns_26s_27_4_1': 1 instance(s).
INFO: [RTGEN 206-100] Generating core module 'ama_submuladd_17s_18s_6ns_23s_25_4_1': 1 instance(s).
INFO: [RTGEN 206-100] Generating core module 'ama_submuladd_17s_18s_7ns_26s_27_4_1': 1 instance(s).
INFO: [RTGEN 206-100] Generating core module 'ama_submuladd_18s_17s_6ns_22s_25_4_1': 1 instance(s).
INFO: [RTGEN 206-100] Generating core module 'ama_submuladd_18s_17s_7ns_25s_26_4_1': 1 instance(s).
INFO: [RTGEN 206-100] Generating core module 'mul_19s_8ns_27_1_1': 1 instance(s).
INFO: [RTGEN 206-100] Finished creating RTL model for 'FIR_filter'.
INFO: [HLS 200-111] Finished Creating RTL model: CPU user time: 3 seconds. CPU system time: 1 seconds. Elapsed time: 18.165 seconds; current allocated memory: 357.145 MB.
INFO: [HLS 200-10] ----------------------------------------------------------------
INFO: [HLS 200-10] -- Generating RTL for module 'FIR_HLS' 
INFO: [HLS 200-10] ----------------------------------------------------------------
WARNING: [RTGEN 206-101] Design contains AXI ports. Reset is fixed to synchronous and active low.
INFO: [RTGEN 206-500] Setting interface mode on port 'FIR_HLS/input_r' to 'axis' (register, both mode).
INFO: [RTGEN 206-500] Setting interface mode on port 'FIR_HLS/output_r' to 'axis' (register, both mode).
INFO: [RTGEN 206-500] Setting interface mode on function 'FIR_HLS' to 'ap_ctrl_none'.
INFO: [RTGEN 206-100] Finished creating RTL model for 'FIR_HLS'.
INFO: [HLS 200-111] Finished Creating RTL model: CPU user time: 1 seconds. CPU system time: 1 seconds. Elapsed time: 3.311 seconds; current allocated memory: 390.484 MB.
INFO: [HLS 200-111] Finished Generating all RTL models: CPU user time: 1 seconds. CPU system time: 1 seconds. Elapsed time: 2.688 seconds; current allocated memory: 390.484 MB.
INFO: [HLS 200-111] Finished Updating report files: CPU user time: 1 seconds. CPU system time: 0 seconds. Elapsed time: 1.405 seconds; current allocated memory: 398.852 MB.
INFO: [VHDL 208-304] Generating VHDL RTL for FIR_HLS.
INFO: [VLOG 209-307] Generating Verilog RTL for FIR_HLS.
INFO: [HLS 200-789] **** Estimated Fmax: 173.90 MHz
INFO: [HLS 200-112] Total CPU user time: 14 seconds. Total CPU system time: 5 seconds. Total elapsed time: 62.625 seconds; peak allocated memory: 399.762 MB.
INFO: [v++ 60-791] Total elapsed time: 0h 1m 8s
