

================================================================
== Vitis HLS Report for 'FIR_filter_transposed'
================================================================
* Date:           Sun Nov 16 16:33:19 2025

* Version:        2024.2 (Build 5238294 on Nov  8 2024)
* Project:        Multirate_v4
* Solution:       hls (Vivado IP Flow Target)
* Product family: zynquplus
* Target device:  xck26-sfvc784-2LV-c


================================================================
== Performance Estimates
================================================================
+ Timing: 
    * Summary: 
    +--------+----------+----------+------------+
    |  Clock |  Target  | Estimated| Uncertainty|
    +--------+----------+----------+------------+
    |ap_clk  |  10.00 ns|  3.396 ns|     2.70 ns|
    +--------+----------+----------+------------+

+ Latency: 
    * Summary: 
    +---------+---------+-----------+-----------+-----+-----+---------+
    |  Latency (cycles) |   Latency (absolute)  |  Interval | Pipeline|
    |   min   |   max   |    min    |    max    | min | max |   Type  |
    +---------+---------+-----------+-----------+-----+-----+---------+
    |        3|        3|  30.000 ns|  30.000 ns|    1|    1|      yes|
    +---------+---------+-----------+-----------+-----+-----+---------+

    + Detail: 
        * Instance: 
        N/A

        * Loop: 
        N/A



================================================================
== Utilization Estimates
================================================================
* Summary: 
+-----------------+---------+------+--------+--------+-----+
|       Name      | BRAM_18K|  DSP |   FF   |   LUT  | URAM|
+-----------------+---------+------+--------+--------+-----+
|DSP              |        -|     1|       -|       -|    -|
|Expression       |        -|     -|       0|    4762|    -|
|FIFO             |        -|     -|       -|       -|    -|
|Instance         |        -|    45|       0|     225|    -|
|Memory           |        -|     -|       -|       -|    -|
|Multiplexer      |        -|     -|       -|       -|    -|
|Register         |        -|     -|    5413|       -|    -|
+-----------------+---------+------+--------+--------+-----+
|Total            |        0|    46|    5413|    4987|    0|
+-----------------+---------+------+--------+--------+-----+
|Available        |      288|  1248|  234240|  117120|   64|
+-----------------+---------+------+--------+--------+-----+
|Utilization (%)  |        0|     3|       2|       4|    0|
+-----------------+---------+------+--------+--------+-----+

+ Detail: 
    * Instance: 
    +-------------------------+---------------------+---------+----+---+----+-----+
    |         Instance        |        Module       | BRAM_18K| DSP| FF| LUT| URAM|
    +-------------------------+---------------------+---------+----+---+----+-----+
    |mul_16s_10ns_26_1_0_U48  |mul_16s_10ns_26_1_0  |        0|   1|  0|   5|    0|
    |mul_16s_10ns_26_1_0_U51  |mul_16s_10ns_26_1_0  |        0|   1|  0|   5|    0|
    |mul_16s_10ns_26_1_0_U58  |mul_16s_10ns_26_1_0  |        0|   1|  0|   5|    0|
    |mul_16s_10s_26_1_1_U49   |mul_16s_10s_26_1_1   |        0|   1|  0|   5|    0|
    |mul_16s_10s_26_1_1_U52   |mul_16s_10s_26_1_1   |        0|   1|  0|   5|    0|
    |mul_16s_10s_26_1_1_U60   |mul_16s_10s_26_1_1   |        0|   1|  0|   5|    0|
    |mul_16s_11ns_27_1_1_U53  |mul_16s_11ns_27_1_1  |        0|   1|  0|   5|    0|
    |mul_16s_11ns_27_1_1_U55  |mul_16s_11ns_27_1_1  |        0|   1|  0|   5|    0|
    |mul_16s_11ns_27_1_1_U59  |mul_16s_11ns_27_1_1  |        0|   1|  0|   5|    0|
    |mul_16s_11ns_27_1_1_U62  |mul_16s_11ns_27_1_1  |        0|   1|  0|   5|    0|
    |mul_16s_11ns_27_1_1_U63  |mul_16s_11ns_27_1_1  |        0|   1|  0|   5|    0|
    |mul_16s_11ns_27_1_1_U67  |mul_16s_11ns_27_1_1  |        0|   1|  0|   5|    0|
    |mul_16s_11s_27_1_1_U54   |mul_16s_11s_27_1_1   |        0|   1|  0|   5|    0|
    |mul_16s_11s_27_1_1_U57   |mul_16s_11s_27_1_1   |        0|   1|  0|   5|    0|
    |mul_16s_11s_27_1_1_U61   |mul_16s_11s_27_1_1   |        0|   1|  0|   5|    0|
    |mul_16s_11s_27_1_1_U64   |mul_16s_11s_27_1_1   |        0|   1|  0|   5|    0|
    |mul_16s_11s_27_1_1_U65   |mul_16s_11s_27_1_1   |        0|   1|  0|   5|    0|
    |mul_16s_12ns_28_1_1_U66  |mul_16s_12ns_28_1_1  |        0|   1|  0|   5|    0|
    |mul_16s_12ns_28_1_1_U70  |mul_16s_12ns_28_1_1  |        0|   1|  0|   5|    0|
    |mul_16s_12ns_28_1_1_U71  |mul_16s_12ns_28_1_1  |        0|   1|  0|   5|    0|
    |mul_16s_12s_28_1_1_U68   |mul_16s_12s_28_1_1   |        0|   1|  0|   5|    0|
    |mul_16s_12s_28_1_1_U69   |mul_16s_12s_28_1_1   |        0|   1|  0|   5|    0|
    |mul_16s_12s_28_1_1_U73   |mul_16s_12s_28_1_1   |        0|   1|  0|   5|    0|
    |mul_16s_12s_28_1_1_U76   |mul_16s_12s_28_1_1   |        0|   1|  0|   5|    0|
    |mul_16s_13ns_29_1_1_U74  |mul_16s_13ns_29_1_1  |        0|   1|  0|   5|    0|
    |mul_16s_13s_29_1_1_U72   |mul_16s_13s_29_1_1   |        0|   1|  0|   5|    0|
    |mul_16s_14s_30_1_1_U75   |mul_16s_14s_30_1_1   |        0|   1|  0|   5|    0|
    |mul_16s_16ns_32_1_1_U77  |mul_16s_16ns_32_1_1  |        0|   1|  0|   5|    0|
    |mul_16s_6ns_22_1_1_U36   |mul_16s_6ns_22_1_1   |        0|   1|  0|   5|    0|
    |mul_16s_7s_23_1_1_U38    |mul_16s_7s_23_1_1    |        0|   1|  0|   5|    0|
    |mul_16s_8ns_24_1_1_U34   |mul_16s_8ns_24_1_1   |        0|   1|  0|   5|    0|
    |mul_16s_8ns_24_1_1_U37   |mul_16s_8ns_24_1_1   |        0|   1|  0|   5|    0|
    |mul_16s_8s_24_1_1_U35    |mul_16s_8s_24_1_1    |        0|   1|  0|   5|    0|
    |mul_16s_8s_24_1_1_U40    |mul_16s_8s_24_1_1    |        0|   1|  0|   5|    0|
    |mul_16s_8s_24_1_1_U50    |mul_16s_8s_24_1_1    |        0|   1|  0|   5|    0|
    |mul_16s_9ns_25_1_1_U39   |mul_16s_9ns_25_1_1   |        0|   1|  0|   5|    0|
    |mul_16s_9ns_25_1_1_U42   |mul_16s_9ns_25_1_1   |        0|   1|  0|   5|    0|
    |mul_16s_9ns_25_1_1_U45   |mul_16s_9ns_25_1_1   |        0|   1|  0|   5|    0|
    |mul_16s_9ns_25_1_1_U46   |mul_16s_9ns_25_1_1   |        0|   1|  0|   5|    0|
    |mul_16s_9s_25_1_1_U33    |mul_16s_9s_25_1_1    |        0|   1|  0|   5|    0|
    |mul_16s_9s_25_1_1_U41    |mul_16s_9s_25_1_1    |        0|   1|  0|   5|    0|
    |mul_16s_9s_25_1_1_U43    |mul_16s_9s_25_1_1    |        0|   1|  0|   5|    0|
    |mul_16s_9s_25_1_1_U44    |mul_16s_9s_25_1_1    |        0|   1|  0|   5|    0|
    |mul_16s_9s_25_1_1_U47    |mul_16s_9s_25_1_1    |        0|   1|  0|   5|    0|
    |mul_16s_9s_25_1_1_U56    |mul_16s_9s_25_1_1    |        0|   1|  0|   5|    0|
    +-------------------------+---------------------+---------+----+---+----+-----+
    |Total                    |                     |        0|  45|  0| 225|    0|
    +-------------------------+---------------------+---------+----+---+----+-----+

    * DSP: 
    +-------------------------------------+---------------------------------+--------------+
    |               Instance              |              Module             |  Expression  |
    +-------------------------------------+---------------------------------+--------------+
    |mac_muladd_16s_16ns_32ns_32_4_1_U78  |mac_muladd_16s_16ns_32ns_32_4_1  |  i0 + i1 * i2|
    +-------------------------------------+---------------------------------+--------------+

    * Memory: 
    N/A

    * FIFO: 
    N/A

    * Expression: 
    +-------------------------+----------+----+---+----+------------+------------+
    |      Variable Name      | Operation| DSP| FF| LUT| Bitwidth P0| Bitwidth P1|
    +-------------------------+----------+----+---+----+------------+------------+
    |add_ln84_fu_2031_p2      |         +|   0|  0|  39|          32|          32|
    |add_ln87_100_fu_1448_p2  |         +|   0|  0|  39|          32|          32|
    |add_ln87_101_fu_1458_p2  |         +|   0|  0|  39|          32|          32|
    |add_ln87_102_fu_1468_p2  |         +|   0|  0|  39|          32|          32|
    |add_ln87_103_fu_1478_p2  |         +|   0|  0|  39|          32|          32|
    |add_ln87_104_fu_1488_p2  |         +|   0|  0|  39|          32|          32|
    |add_ln87_105_fu_1498_p2  |         +|   0|  0|  39|          32|          32|
    |add_ln87_106_fu_1508_p2  |         +|   0|  0|  39|          32|          32|
    |add_ln87_107_fu_1518_p2  |         +|   0|  0|  39|          32|          32|
    |add_ln87_108_fu_1528_p2  |         +|   0|  0|  39|          32|          32|
    |add_ln87_109_fu_1538_p2  |         +|   0|  0|  39|          32|          32|
    |add_ln87_10_fu_2125_p2   |         +|   0|  0|  39|          32|          32|
    |add_ln87_110_fu_1552_p2  |         +|   0|  0|  39|          32|          32|
    |add_ln87_111_fu_1566_p2  |         +|   0|  0|  38|          31|          31|
    |add_ln87_112_fu_1580_p2  |         +|   0|  0|  37|          30|          30|
    |add_ln87_113_fu_1594_p2  |         +|   0|  0|  36|          29|          29|
    |add_ln87_114_fu_1608_p2  |         +|   0|  0|  35|          28|          28|
    |add_ln87_115_fu_1622_p2  |         +|   0|  0|  34|          27|          27|
    |add_ln87_116_fu_1632_p2  |         +|   0|  0|  33|          26|          26|
    |add_ln87_117_fu_1646_p2  |         +|   0|  0|  33|          26|          26|
    |add_ln87_118_fu_1656_p2  |         +|   0|  0|  32|          25|          25|
    |add_ln87_119_fu_1670_p2  |         +|   0|  0|  32|          25|          25|
    |add_ln87_11_fu_2135_p2   |         +|   0|  0|  39|          32|          32|
    |add_ln87_12_fu_2145_p2   |         +|   0|  0|  39|          32|          32|
    |add_ln87_13_fu_2154_p2   |         +|   0|  0|  39|          32|          32|
    |add_ln87_14_fu_2164_p2   |         +|   0|  0|  39|          32|          32|
    |add_ln87_15_fu_2173_p2   |         +|   0|  0|  39|          32|          32|
    |add_ln87_16_fu_2182_p2   |         +|   0|  0|  39|          32|          32|
    |add_ln87_17_fu_2191_p2   |         +|   0|  0|  39|          32|          32|
    |add_ln87_18_fu_2200_p2   |         +|   0|  0|  39|          32|          32|
    |add_ln87_19_fu_2209_p2   |         +|   0|  0|  39|          32|          32|
    |add_ln87_20_fu_2218_p2   |         +|   0|  0|  39|          32|          32|
    |add_ln87_21_fu_2227_p2   |         +|   0|  0|  39|          32|          32|
    |add_ln87_22_fu_2236_p2   |         +|   0|  0|  39|          32|          32|
    |add_ln87_23_fu_2245_p2   |         +|   0|  0|  39|          32|          32|
    |add_ln87_24_fu_2254_p2   |         +|   0|  0|  39|          32|          32|
    |add_ln87_25_fu_2263_p2   |         +|   0|  0|  39|          32|          32|
    |add_ln87_26_fu_2272_p2   |         +|   0|  0|  39|          32|          32|
    |add_ln87_27_fu_2281_p2   |         +|   0|  0|  39|          32|          32|
    |add_ln87_28_fu_2290_p2   |         +|   0|  0|  39|          32|          32|
    |add_ln87_29_fu_2299_p2   |         +|   0|  0|  39|          32|          32|
    |add_ln87_30_fu_2308_p2   |         +|   0|  0|  39|          32|          32|
    |add_ln87_31_fu_2317_p2   |         +|   0|  0|  39|          32|          32|
    |add_ln87_32_fu_2326_p2   |         +|   0|  0|  39|          32|          32|
    |add_ln87_33_fu_2335_p2   |         +|   0|  0|  39|          32|          32|
    |add_ln87_34_fu_2344_p2   |         +|   0|  0|  39|          32|          32|
    |add_ln87_35_fu_2353_p2   |         +|   0|  0|  39|          32|          32|
    |add_ln87_36_fu_2362_p2   |         +|   0|  0|  39|          32|          32|
    |add_ln87_37_fu_2371_p2   |         +|   0|  0|  39|          32|          32|
    |add_ln87_38_fu_2380_p2   |         +|   0|  0|  39|          32|          32|
    |add_ln87_39_fu_2389_p2   |         +|   0|  0|  39|          32|          32|
    |add_ln87_40_fu_2398_p2   |         +|   0|  0|  39|          32|          32|
    |add_ln87_41_fu_2407_p2   |         +|   0|  0|  39|          32|          32|
    |add_ln87_42_fu_2416_p2   |         +|   0|  0|  39|          32|          32|
    |add_ln87_43_fu_2425_p2   |         +|   0|  0|  39|          32|          32|
    |add_ln87_44_fu_2434_p2   |         +|   0|  0|  39|          32|          32|
    |add_ln87_45_fu_2443_p2   |         +|   0|  0|  39|          32|          32|
    |add_ln87_46_fu_2452_p2   |         +|   0|  0|  39|          32|          32|
    |add_ln87_47_fu_2461_p2   |         +|   0|  0|  39|          32|          32|
    |add_ln87_48_fu_2470_p2   |         +|   0|  0|  39|          32|          32|
    |add_ln87_49_fu_2479_p2   |         +|   0|  0|  39|          32|          32|
    |add_ln87_50_fu_2488_p2   |         +|   0|  0|  39|          32|          32|
    |add_ln87_51_fu_2497_p2   |         +|   0|  0|  39|          32|          32|
    |add_ln87_52_fu_2506_p2   |         +|   0|  0|  39|          32|          32|
    |add_ln87_53_fu_2515_p2   |         +|   0|  0|  39|          32|          32|
    |add_ln87_54_fu_2524_p2   |         +|   0|  0|  39|          32|          32|
    |add_ln87_55_fu_2533_p2   |         +|   0|  0|  39|          32|          32|
    |add_ln87_56_fu_2542_p2   |         +|   0|  0|  39|          32|          32|
    |add_ln87_57_fu_2551_p2   |         +|   0|  0|  39|          32|          32|
    |add_ln87_58_fu_2560_p2   |         +|   0|  0|  39|          32|          32|
    |add_ln87_59_fu_2569_p2   |         +|   0|  0|  39|          32|          32|
    |add_ln87_60_fu_2578_p2   |         +|   0|  0|  39|          32|          32|
    |add_ln87_61_fu_2587_p2   |         +|   0|  0|  39|          32|          32|
    |add_ln87_63_fu_1078_p2   |         +|   0|  0|  39|          32|          32|
    |add_ln87_64_fu_1088_p2   |         +|   0|  0|  39|          32|          32|
    |add_ln87_65_fu_1098_p2   |         +|   0|  0|  39|          32|          32|
    |add_ln87_66_fu_1108_p2   |         +|   0|  0|  39|          32|          32|
    |add_ln87_67_fu_1118_p2   |         +|   0|  0|  39|          32|          32|
    |add_ln87_68_fu_1128_p2   |         +|   0|  0|  39|          32|          32|
    |add_ln87_69_fu_1138_p2   |         +|   0|  0|  39|          32|          32|
    |add_ln87_6_fu_2085_p2    |         +|   0|  0|  39|          32|          32|
    |add_ln87_70_fu_1148_p2   |         +|   0|  0|  39|          32|          32|
    |add_ln87_71_fu_1158_p2   |         +|   0|  0|  39|          32|          32|
    |add_ln87_72_fu_1168_p2   |         +|   0|  0|  39|          32|          32|
    |add_ln87_73_fu_1178_p2   |         +|   0|  0|  39|          32|          32|
    |add_ln87_74_fu_1188_p2   |         +|   0|  0|  39|          32|          32|
    |add_ln87_75_fu_1198_p2   |         +|   0|  0|  39|          32|          32|
    |add_ln87_76_fu_1208_p2   |         +|   0|  0|  39|          32|          32|
    |add_ln87_77_fu_1218_p2   |         +|   0|  0|  39|          32|          32|
    |add_ln87_78_fu_1228_p2   |         +|   0|  0|  39|          32|          32|
    |add_ln87_79_fu_1238_p2   |         +|   0|  0|  39|          32|          32|
    |add_ln87_7_fu_2095_p2    |         +|   0|  0|  39|          32|          32|
    |add_ln87_80_fu_1248_p2   |         +|   0|  0|  39|          32|          32|
    |add_ln87_81_fu_1258_p2   |         +|   0|  0|  39|          32|          32|
    |add_ln87_82_fu_1268_p2   |         +|   0|  0|  39|          32|          32|
    |add_ln87_83_fu_1278_p2   |         +|   0|  0|  39|          32|          32|
    |add_ln87_84_fu_1288_p2   |         +|   0|  0|  39|          32|          32|
    |add_ln87_85_fu_1298_p2   |         +|   0|  0|  39|          32|          32|
    |add_ln87_86_fu_1308_p2   |         +|   0|  0|  39|          32|          32|
    |add_ln87_87_fu_1318_p2   |         +|   0|  0|  39|          32|          32|
    |add_ln87_88_fu_1328_p2   |         +|   0|  0|  39|          32|          32|
    |add_ln87_89_fu_1338_p2   |         +|   0|  0|  39|          32|          32|
    |add_ln87_8_fu_2105_p2    |         +|   0|  0|  39|          32|          32|
    |add_ln87_90_fu_1348_p2   |         +|   0|  0|  39|          32|          32|
    |add_ln87_91_fu_1358_p2   |         +|   0|  0|  39|          32|          32|
    |add_ln87_92_fu_1368_p2   |         +|   0|  0|  39|          32|          32|
    |add_ln87_93_fu_1378_p2   |         +|   0|  0|  39|          32|          32|
    |add_ln87_94_fu_1388_p2   |         +|   0|  0|  39|          32|          32|
    |add_ln87_95_fu_1398_p2   |         +|   0|  0|  39|          32|          32|
    |add_ln87_96_fu_1408_p2   |         +|   0|  0|  39|          32|          32|
    |add_ln87_97_fu_1418_p2   |         +|   0|  0|  39|          32|          32|
    |add_ln87_98_fu_1428_p2   |         +|   0|  0|  39|          32|          32|
    |add_ln87_99_fu_1438_p2   |         +|   0|  0|  39|          32|          32|
    |add_ln87_9_fu_2115_p2    |         +|   0|  0|  39|          32|          32|
    |add_ln87_fu_2054_p2      |         +|   0|  0|  39|          32|          32|
    |sub_ln84_fu_433_p2       |         -|   0|  0|  30|          23|          23|
    |sub_ln87_1_fu_487_p2     |         -|   0|  0|  29|           1|          22|
    |sub_ln87_2_fu_545_p2     |         -|   0|  0|  32|           1|          25|
    |sub_ln87_3_fu_562_p2     |         -|   0|  0|  32|          25|          25|
    |sub_ln87_4_fu_621_p2     |         -|   0|  0|  31|          24|          24|
    |sub_ln87_5_fu_706_p2     |         -|   0|  0|  32|          25|          25|
    |sub_ln87_6_fu_730_p2     |         -|   0|  0|  31|          24|          24|
    |sub_ln87_7_fu_784_p2     |         -|   0|  0|  22|           1|          22|
    |sub_ln87_8_fu_794_p2     |         -|   0|  0|  22|          22|          22|
    |sub_ln87_9_fu_835_p2     |         -|   0|  0|  31|          24|          24|
    |sub_ln87_fu_448_p2       |         -|   0|  0|  24|           1|          17|
    |ap_enable_pp0            |       xor|   0|  0|   2|           1|           2|
    +-------------------------+----------+----+---+----+------------+------------+
    |Total                    |          |   0|  0|4762|        3811|        3894|
    +-------------------------+----------+----+---+----+------------+------------+

    * Multiplexer: 
    N/A

    * Register: 
    +----------------------------------+----+----+-----+-----------+
    |               Name               | FF | LUT| Bits| Const Bits|
    +----------------------------------+----+----+-----+-----------+
    |ap_CS_fsm                         |   1|   0|    1|          0|
    |ap_enable_reg_pp0_iter1           |   1|   0|    1|          0|
    |ap_enable_reg_pp0_iter2           |   1|   0|    1|          0|
    |ap_enable_reg_pp0_iter3           |   1|   0|    1|          0|
    |mul_ln87_49_reg_3248              |  32|   0|   32|          0|
    |mul_ln87_6_reg_2990               |  24|   0|   24|          0|
    |mul_ln87_7_reg_3000               |  24|   0|   24|          0|
    |mul_ln87_8_reg_3005               |  22|   0|   22|          0|
    |mul_ln87_9_reg_3010               |  24|   0|   24|          0|
    |mul_ln87_reg_2980                 |  25|   0|   25|          0|
    |p_ZL10H_accu_FIR_0                |  32|   0|   32|          0|
    |p_ZL10H_accu_FIR_1                |  32|   0|   32|          0|
    |p_ZL10H_accu_FIR_10               |  32|   0|   32|          0|
    |p_ZL10H_accu_FIR_100              |  32|   0|   32|          0|
    |p_ZL10H_accu_FIR_101              |  32|   0|   32|          0|
    |p_ZL10H_accu_FIR_102              |  32|   0|   32|          0|
    |p_ZL10H_accu_FIR_103              |  32|   0|   32|          0|
    |p_ZL10H_accu_FIR_104              |  32|   0|   32|          0|
    |p_ZL10H_accu_FIR_105              |  32|   0|   32|          0|
    |p_ZL10H_accu_FIR_106              |  31|   0|   31|          0|
    |p_ZL10H_accu_FIR_107              |  30|   0|   30|          0|
    |p_ZL10H_accu_FIR_108              |  29|   0|   29|          0|
    |p_ZL10H_accu_FIR_109              |  28|   0|   28|          0|
    |p_ZL10H_accu_FIR_11               |  32|   0|   32|          0|
    |p_ZL10H_accu_FIR_110              |  27|   0|   27|          0|
    |p_ZL10H_accu_FIR_111              |  26|   0|   26|          0|
    |p_ZL10H_accu_FIR_112              |  26|   0|   26|          0|
    |p_ZL10H_accu_FIR_113              |  25|   0|   25|          0|
    |p_ZL10H_accu_FIR_114              |  25|   0|   25|          0|
    |p_ZL10H_accu_FIR_115              |  21|   0|   23|          2|
    |p_ZL10H_accu_FIR_12               |  32|   0|   32|          0|
    |p_ZL10H_accu_FIR_13               |  32|   0|   32|          0|
    |p_ZL10H_accu_FIR_14               |  32|   0|   32|          0|
    |p_ZL10H_accu_FIR_15               |  32|   0|   32|          0|
    |p_ZL10H_accu_FIR_16               |  32|   0|   32|          0|
    |p_ZL10H_accu_FIR_17               |  32|   0|   32|          0|
    |p_ZL10H_accu_FIR_18               |  32|   0|   32|          0|
    |p_ZL10H_accu_FIR_19               |  32|   0|   32|          0|
    |p_ZL10H_accu_FIR_2                |  32|   0|   32|          0|
    |p_ZL10H_accu_FIR_20               |  32|   0|   32|          0|
    |p_ZL10H_accu_FIR_21               |  32|   0|   32|          0|
    |p_ZL10H_accu_FIR_22               |  32|   0|   32|          0|
    |p_ZL10H_accu_FIR_23               |  32|   0|   32|          0|
    |p_ZL10H_accu_FIR_24               |  32|   0|   32|          0|
    |p_ZL10H_accu_FIR_25               |  32|   0|   32|          0|
    |p_ZL10H_accu_FIR_26               |  32|   0|   32|          0|
    |p_ZL10H_accu_FIR_27               |  32|   0|   32|          0|
    |p_ZL10H_accu_FIR_28               |  32|   0|   32|          0|
    |p_ZL10H_accu_FIR_29               |  32|   0|   32|          0|
    |p_ZL10H_accu_FIR_3                |  32|   0|   32|          0|
    |p_ZL10H_accu_FIR_30               |  32|   0|   32|          0|
    |p_ZL10H_accu_FIR_31               |  32|   0|   32|          0|
    |p_ZL10H_accu_FIR_32               |  32|   0|   32|          0|
    |p_ZL10H_accu_FIR_33               |  32|   0|   32|          0|
    |p_ZL10H_accu_FIR_34               |  32|   0|   32|          0|
    |p_ZL10H_accu_FIR_35               |  32|   0|   32|          0|
    |p_ZL10H_accu_FIR_36               |  32|   0|   32|          0|
    |p_ZL10H_accu_FIR_37               |  32|   0|   32|          0|
    |p_ZL10H_accu_FIR_38               |  32|   0|   32|          0|
    |p_ZL10H_accu_FIR_39               |  32|   0|   32|          0|
    |p_ZL10H_accu_FIR_4                |  32|   0|   32|          0|
    |p_ZL10H_accu_FIR_40               |  32|   0|   32|          0|
    |p_ZL10H_accu_FIR_41               |  32|   0|   32|          0|
    |p_ZL10H_accu_FIR_42               |  32|   0|   32|          0|
    |p_ZL10H_accu_FIR_43               |  32|   0|   32|          0|
    |p_ZL10H_accu_FIR_44               |  32|   0|   32|          0|
    |p_ZL10H_accu_FIR_45               |  32|   0|   32|          0|
    |p_ZL10H_accu_FIR_46               |  32|   0|   32|          0|
    |p_ZL10H_accu_FIR_47               |  32|   0|   32|          0|
    |p_ZL10H_accu_FIR_48               |  32|   0|   32|          0|
    |p_ZL10H_accu_FIR_49               |  32|   0|   32|          0|
    |p_ZL10H_accu_FIR_5                |  32|   0|   32|          0|
    |p_ZL10H_accu_FIR_50               |  32|   0|   32|          0|
    |p_ZL10H_accu_FIR_51               |  32|   0|   32|          0|
    |p_ZL10H_accu_FIR_52               |  32|   0|   32|          0|
    |p_ZL10H_accu_FIR_53               |  32|   0|   32|          0|
    |p_ZL10H_accu_FIR_54               |  32|   0|   32|          0|
    |p_ZL10H_accu_FIR_55               |  32|   0|   32|          0|
    |p_ZL10H_accu_FIR_56               |  32|   0|   32|          0|
    |p_ZL10H_accu_FIR_57               |  32|   0|   32|          0|
    |p_ZL10H_accu_FIR_58               |  32|   0|   32|          0|
    |p_ZL10H_accu_FIR_59               |  32|   0|   32|          0|
    |p_ZL10H_accu_FIR_6                |  32|   0|   32|          0|
    |p_ZL10H_accu_FIR_60               |  32|   0|   32|          0|
    |p_ZL10H_accu_FIR_61               |  32|   0|   32|          0|
    |p_ZL10H_accu_FIR_62               |  32|   0|   32|          0|
    |p_ZL10H_accu_FIR_63               |  32|   0|   32|          0|
    |p_ZL10H_accu_FIR_64               |  32|   0|   32|          0|
    |p_ZL10H_accu_FIR_65               |  32|   0|   32|          0|
    |p_ZL10H_accu_FIR_66               |  32|   0|   32|          0|
    |p_ZL10H_accu_FIR_67               |  32|   0|   32|          0|
    |p_ZL10H_accu_FIR_68               |  32|   0|   32|          0|
    |p_ZL10H_accu_FIR_69               |  32|   0|   32|          0|
    |p_ZL10H_accu_FIR_7                |  32|   0|   32|          0|
    |p_ZL10H_accu_FIR_70               |  32|   0|   32|          0|
    |p_ZL10H_accu_FIR_71               |  32|   0|   32|          0|
    |p_ZL10H_accu_FIR_72               |  32|   0|   32|          0|
    |p_ZL10H_accu_FIR_73               |  32|   0|   32|          0|
    |p_ZL10H_accu_FIR_74               |  32|   0|   32|          0|
    |p_ZL10H_accu_FIR_75               |  32|   0|   32|          0|
    |p_ZL10H_accu_FIR_76               |  32|   0|   32|          0|
    |p_ZL10H_accu_FIR_77               |  32|   0|   32|          0|
    |p_ZL10H_accu_FIR_78               |  32|   0|   32|          0|
    |p_ZL10H_accu_FIR_79               |  32|   0|   32|          0|
    |p_ZL10H_accu_FIR_8                |  32|   0|   32|          0|
    |p_ZL10H_accu_FIR_80               |  32|   0|   32|          0|
    |p_ZL10H_accu_FIR_81               |  32|   0|   32|          0|
    |p_ZL10H_accu_FIR_82               |  32|   0|   32|          0|
    |p_ZL10H_accu_FIR_83               |  32|   0|   32|          0|
    |p_ZL10H_accu_FIR_84               |  32|   0|   32|          0|
    |p_ZL10H_accu_FIR_85               |  32|   0|   32|          0|
    |p_ZL10H_accu_FIR_86               |  32|   0|   32|          0|
    |p_ZL10H_accu_FIR_87               |  32|   0|   32|          0|
    |p_ZL10H_accu_FIR_88               |  32|   0|   32|          0|
    |p_ZL10H_accu_FIR_89               |  32|   0|   32|          0|
    |p_ZL10H_accu_FIR_9                |  32|   0|   32|          0|
    |p_ZL10H_accu_FIR_90               |  32|   0|   32|          0|
    |p_ZL10H_accu_FIR_91               |  32|   0|   32|          0|
    |p_ZL10H_accu_FIR_92               |  32|   0|   32|          0|
    |p_ZL10H_accu_FIR_93               |  32|   0|   32|          0|
    |p_ZL10H_accu_FIR_94               |  32|   0|   32|          0|
    |p_ZL10H_accu_FIR_95               |  32|   0|   32|          0|
    |p_ZL10H_accu_FIR_96               |  32|   0|   32|          0|
    |p_ZL10H_accu_FIR_97               |  32|   0|   32|          0|
    |p_ZL10H_accu_FIR_98               |  32|   0|   32|          0|
    |p_ZL10H_accu_FIR_99               |  32|   0|   32|          0|
    |sext_ln84_reg_2969                |  32|   0|   32|          0|
    |sext_ln84_reg_2969_pp0_iter1_reg  |  32|   0|   32|          0|
    |sext_ln87_19_reg_3015             |  32|   0|   32|          0|
    |sext_ln87_21_reg_3026             |  26|   0|   32|          6|
    |sext_ln87_22_reg_3032             |  32|   0|   32|          0|
    |sext_ln87_23_reg_3037             |  32|   0|   32|          0|
    |sext_ln87_24_reg_3042             |  32|   0|   32|          0|
    |sext_ln87_25_reg_3047             |  30|   0|   32|          2|
    |sext_ln87_26_reg_3052             |  32|   0|   32|          0|
    |sext_ln87_27_reg_3057             |  32|   0|   32|          0|
    |sext_ln87_28_reg_3062             |  32|   0|   32|          0|
    |sext_ln87_29_reg_3067             |  32|   0|   32|          0|
    |sext_ln87_30_reg_3072             |  32|   0|   32|          0|
    |sext_ln87_31_reg_3077             |  32|   0|   32|          0|
    |sext_ln87_32_reg_3082             |  28|   0|   32|          4|
    |sext_ln87_33_reg_3087             |  32|   0|   32|          0|
    |sext_ln87_34_reg_3092             |  31|   0|   32|          1|
    |sext_ln87_35_reg_3097             |  32|   0|   32|          0|
    |sext_ln87_36_reg_3102             |  32|   0|   32|          0|
    |sext_ln87_37_reg_3107             |  32|   0|   32|          0|
    |sext_ln87_38_reg_3112             |  32|   0|   32|          0|
    |sext_ln87_39_reg_3117             |  31|   0|   32|          1|
    |sext_ln87_40_reg_3122             |  32|   0|   32|          0|
    |sext_ln87_41_reg_3127             |  32|   0|   32|          0|
    |sext_ln87_42_reg_3132             |  29|   0|   32|          3|
    |sext_ln87_43_reg_3137             |  32|   0|   32|          0|
    |sext_ln87_44_reg_3142             |  32|   0|   32|          0|
    |sext_ln87_45_reg_3147             |  32|   0|   32|          0|
    |sext_ln87_46_reg_3152             |  32|   0|   32|          0|
    |sext_ln87_47_reg_3157             |  32|   0|   32|          0|
    |sext_ln87_48_reg_3162             |  32|   0|   32|          0|
    |sext_ln87_49_reg_3167             |  32|   0|   32|          0|
    |sext_ln87_50_reg_3172             |  32|   0|   32|          0|
    |sext_ln87_51_reg_3177             |  32|   0|   32|          0|
    |sext_ln87_52_reg_3182             |  32|   0|   32|          0|
    |sext_ln87_53_reg_3187             |  32|   0|   32|          0|
    |sext_ln87_54_reg_3192             |  32|   0|   32|          0|
    |sext_ln87_55_reg_3198             |  32|   0|   32|          0|
    |sext_ln87_56_reg_3203             |  32|   0|   32|          0|
    |sext_ln87_57_reg_3208             |  32|   0|   32|          0|
    |sext_ln87_58_reg_3213             |  32|   0|   32|          0|
    |sext_ln87_59_reg_3218             |  32|   0|   32|          0|
    |sext_ln87_60_reg_3223             |  32|   0|   32|          0|
    |sext_ln87_61_reg_3228             |  32|   0|   32|          0|
    |sext_ln87_62_reg_3233             |  32|   0|   32|          0|
    |sext_ln87_63_reg_3238             |  32|   0|   32|          0|
    |sext_ln87_64_reg_3243             |  32|   0|   32|          0|
    |sub_ln84_reg_2975                 |  21|   0|   23|          2|
    |sub_ln87_1_reg_2995               |  17|   0|   22|          5|
    |sub_ln87_3_reg_3021               |  24|   0|   25|          1|
    |tmp_reg_2985                      |  17|   0|   18|          1|
    |x_n_read_reg_2948                 |  16|   0|   16|          0|
    |x_n_read_reg_2948_pp0_iter1_reg   |  16|   0|   16|          0|
    +----------------------------------+----+----+-----+-----------+
    |Total                             |5413|   0| 5441|         28|
    +----------------------------------+----+----+-----+-----------+



================================================================
== Interface
================================================================
* Summary: 
+-----------+-----+-----+------------+-----------------------+--------------+
| RTL Ports | Dir | Bits|  Protocol  |     Source Object     |    C Type    |
+-----------+-----+-----+------------+-----------------------+--------------+
|ap_clk     |   in|    1|  ap_ctrl_hs|  FIR_filter_transposed|  return value|
|ap_rst     |   in|    1|  ap_ctrl_hs|  FIR_filter_transposed|  return value|
|ap_start   |   in|    1|  ap_ctrl_hs|  FIR_filter_transposed|  return value|
|ap_done    |  out|    1|  ap_ctrl_hs|  FIR_filter_transposed|  return value|
|ap_idle    |  out|    1|  ap_ctrl_hs|  FIR_filter_transposed|  return value|
|ap_ready   |  out|    1|  ap_ctrl_hs|  FIR_filter_transposed|  return value|
|ap_return  |  out|   16|  ap_ctrl_hs|  FIR_filter_transposed|  return value|
|x_n        |   in|   16|     ap_none|                    x_n|        scalar|
+-----------+-----+-----+------------+-----------------------+--------------+

