

================================================================
== Vitis HLS Report for 'Multirate_v4'
================================================================
* Date:           Sun Nov 16 16:33:21 2025

* Version:        2024.2 (Build 5238294 on Nov  8 2024)
* Project:        Multirate_v4
* Solution:       hls (Vivado IP Flow Target)
* Product family: zynquplus
* Target device:  xck26-sfvc784-2LV-c


================================================================
== Performance Estimates
================================================================
+ Timing: 
    * Summary: 
    +--------+----------+----------+------------+
    |  Clock |  Target  | Estimated| Uncertainty|
    +--------+----------+----------+------------+
    |ap_clk  |  10.00 ns|  5.932 ns|     2.70 ns|
    +--------+----------+----------+------------+

+ Latency: 
    * Summary: 
    +---------+---------+-----------+----------+-----+-----+---------+
    |  Latency (cycles) |  Latency (absolute)  |  Interval | Pipeline|
    |   min   |   max   |    min    |    max   | min | max |   Type  |
    +---------+---------+-----------+----------+-----+-----+---------+
    |        2|       12|  20.000 ns|  0.120 us|    3|   13|       no|
    +---------+---------+-----------+----------+-----+-----+---------+

    + Detail: 
        * Instance: 
        +------------------------------------+-------------------------+---------+---------+-----------+-----------+-----+-----+---------+
        |                                    |                         |  Latency (cycles) |   Latency (absolute)  |  Interval | Pipeline|
        |              Instance              |          Module         |   min   |   max   |    min    |    max    | min | max |   Type  |
        +------------------------------------+-------------------------+---------+---------+-----------+-----------+-----+-----+---------+
        |grp_FIR_filter_transposed_1_fu_405  |FIR_filter_transposed_1  |        0|        0|       0 ns|       0 ns|    1|    1|      yes|
        |grp_FIR_filter_transposed_1_fu_425  |FIR_filter_transposed_1  |        0|        0|       0 ns|       0 ns|    1|    1|      yes|
        |grp_FIR_filter_transposed_2_fu_462  |FIR_filter_transposed_2  |        3|        3|  30.000 ns|  30.000 ns|    1|    1|      yes|
        |grp_FIR_filter_transposed_fu_473    |FIR_filter_transposed    |        3|        3|  30.000 ns|  30.000 ns|    1|    1|      yes|
        +------------------------------------+-------------------------+---------+---------+-----------+-----------+-----+-----+---------+

        * Loop: 
        N/A



================================================================
== Utilization Estimates
================================================================
* Summary: 
+-----------------+---------+------+--------+--------+-----+
|       Name      | BRAM_18K|  DSP |   FF   |   LUT  | URAM|
+-----------------+---------+------+--------+--------+-----+
|DSP              |        -|     -|       -|       -|    -|
|Expression       |        -|     -|       0|      61|    -|
|FIFO             |        -|     -|       -|       -|    -|
|Instance         |        -|    60|    6294|    5764|    -|
|Memory           |        -|     -|       -|       -|    -|
|Multiplexer      |        -|     -|       0|     570|    -|
|Register         |        -|     -|    1174|       -|    -|
+-----------------+---------+------+--------+--------+-----+
|Total            |        0|    60|    7468|    6395|    0|
+-----------------+---------+------+--------+--------+-----+
|Available        |      288|  1248|  234240|  117120|   64|
+-----------------+---------+------+--------+--------+-----+
|Utilization (%)  |        0|     4|       3|       5|    0|
+-----------------+---------+------+--------+--------+-----+

+ Detail: 
    * Instance: 
    +------------------------------------+-------------------------+---------+----+------+------+-----+
    |              Instance              |          Module         | BRAM_18K| DSP|  FF  |  LUT | URAM|
    +------------------------------------+-------------------------+---------+----+------+------+-----+
    |grp_FIR_filter_transposed_fu_473    |FIR_filter_transposed    |        0|  46|  5413|  4987|    0|
    |grp_FIR_filter_transposed_1_fu_405  |FIR_filter_transposed_1  |        0|   5|     0|   181|    0|
    |grp_FIR_filter_transposed_1_fu_425  |FIR_filter_transposed_1  |        0|   5|     0|   181|    0|
    |grp_FIR_filter_transposed_2_fu_462  |FIR_filter_transposed_2  |        0|   4|   881|   415|    0|
    +------------------------------------+-------------------------+---------+----+------+------+-----+
    |Total                               |                         |        0|  60|  6294|  5764|    0|
    +------------------------------------+-------------------------+---------+----+------+------+-----+

    * DSP: 
    N/A

    * Memory: 
    N/A

    * FIFO: 
    N/A

    * Expression: 
    +--------------------------------------+----------+----+---+----+------------+------------+
    |             Variable Name            | Operation| DSP| FF| LUT| Bitwidth P0| Bitwidth P1|
    +--------------------------------------+----------+----+---+----+------------+------------+
    |add_ln32_1_fu_1160_p2                 |         +|   0|  0|  23|          16|          16|
    |add_ln32_fu_1154_p2                   |         +|   0|  0|  16|          16|          16|
    |grp_FIR_filter_transposed_fu_473_x_n  |         +|   0|  0|  16|          16|          16|
    |ap_block_state1                       |        or|   0|  0|   2|           1|           1|
    |ap_block_state14                      |        or|   0|  0|   2|           1|           1|
    |ap_block_state2                       |        or|   0|  0|   2|           1|           1|
    +--------------------------------------+----------+----+---+----+------------+------------+
    |Total                                 |          |   0|  0|  61|          51|          51|
    +--------------------------------------+----------+----+---+----+------------+------------+

    * Multiplexer: 
    +-------------------------------------------------------+----+-----------+-----+-----------+
    |                          Name                         | LUT| Input Size| Bits| Total Bits|
    +-------------------------------------------------------+----+-----------+-----+-----------+
    |ap_NS_fsm                                              |  65|         16|    1|         16|
    |ap_phi_mux_storemerge2_phi_fu_391_p8                   |   9|          2|    2|          4|
    |grp_FIR_filter_transposed_1_fu_405_FIR_coe_read        |  20|          4|   10|         40|
    |grp_FIR_filter_transposed_1_fu_405_FIR_coe_read_14     |  20|          4|   13|         52|
    |grp_FIR_filter_transposed_1_fu_405_FIR_coe_read_15     |  14|          3|   14|         42|
    |grp_FIR_filter_transposed_1_fu_405_FIR_coe_read_16     |  20|          4|   13|         52|
    |grp_FIR_filter_transposed_1_fu_405_FIR_coe_read_17     |  20|          4|   10|         40|
    |grp_FIR_filter_transposed_1_fu_405_FIR_delays_read     |  20|          4|   32|        128|
    |grp_FIR_filter_transposed_1_fu_405_FIR_delays_read_25  |  20|          4|   32|        128|
    |grp_FIR_filter_transposed_1_fu_405_FIR_delays_read_26  |  20|          4|   32|        128|
    |grp_FIR_filter_transposed_1_fu_405_FIR_delays_read_27  |  20|          4|   32|        128|
    |grp_FIR_filter_transposed_1_fu_425_FIR_coe_read        |  20|          4|   10|         40|
    |grp_FIR_filter_transposed_1_fu_425_FIR_coe_read_14     |  20|          4|   13|         52|
    |grp_FIR_filter_transposed_1_fu_425_FIR_coe_read_15     |  14|          3|   14|         42|
    |grp_FIR_filter_transposed_1_fu_425_FIR_coe_read_16     |  20|          4|   13|         52|
    |grp_FIR_filter_transposed_1_fu_425_FIR_coe_read_17     |  20|          4|   10|         40|
    |grp_FIR_filter_transposed_1_fu_425_FIR_delays_read     |  20|          4|   32|        128|
    |grp_FIR_filter_transposed_1_fu_425_FIR_delays_read_25  |  20|          4|   32|        128|
    |grp_FIR_filter_transposed_1_fu_425_FIR_delays_read_26  |  20|          4|   32|        128|
    |grp_FIR_filter_transposed_1_fu_425_FIR_delays_read_27  |  20|          4|   32|        128|
    |grp_FIR_filter_transposed_2_fu_462_FIR_delays_read     |  14|          3|   32|         96|
    |grp_FIR_filter_transposed_2_fu_462_FIR_delays_read_14  |  14|          3|   32|         96|
    |grp_FIR_filter_transposed_2_fu_462_FIR_delays_read_15  |  14|          3|   32|         96|
    |grp_FIR_filter_transposed_2_fu_462_FIR_delays_read_16  |  14|          3|   32|         96|
    |grp_FIR_filter_transposed_2_fu_462_FIR_delays_read_17  |  14|          3|   32|         96|
    |grp_FIR_filter_transposed_2_fu_462_x_n                 |  14|          3|   16|         48|
    |input_r_TDATA_blk_n                                    |   9|          2|    1|          2|
    |output_r_TDATA_blk_n                                   |   9|          2|    1|          2|
    |output_r_TDATA_int_regslice                            |  26|          5|   16|         80|
    |storemerge2_reg_385                                    |  20|          4|    2|          8|
    +-------------------------------------------------------+----+-----------+-----+-----------+
    |Total                                                  | 570|        119|  575|       2116|
    +-------------------------------------------------------+----+-----------+-----+-----------+

    * Register: 
    +-----------------------------------------------+----+----+-----+-----------+
    |                      Name                     | FF | LUT| Bits| Const Bits|
    +-----------------------------------------------+----+----+-----+-----------+
    |ap_CS_fsm                                      |  15|   0|   15|          0|
    |grp_FIR_filter_transposed_fu_473_ap_start_reg  |   1|   0|    1|          0|
    |mod_value                                      |   2|   0|    2|          0|
    |mod_value_load_reg_1251                        |   2|   0|    2|          0|
    |p_ZL17H_accu_FIR_dec_40_0                      |  32|   0|   32|          0|
    |p_ZL17H_accu_FIR_dec_40_1                      |  32|   0|   32|          0|
    |p_ZL17H_accu_FIR_dec_40_2                      |  32|   0|   32|          0|
    |p_ZL17H_accu_FIR_dec_40_3                      |  32|   0|   32|          0|
    |p_ZL17H_accu_FIR_dec_40_4                      |  32|   0|   32|          0|
    |p_ZL17H_accu_FIR_dec_41_0                      |  32|   0|   32|          0|
    |p_ZL17H_accu_FIR_dec_41_1                      |  32|   0|   32|          0|
    |p_ZL17H_accu_FIR_dec_41_2                      |  32|   0|   32|          0|
    |p_ZL17H_accu_FIR_dec_41_3                      |  32|   0|   32|          0|
    |p_ZL17H_accu_FIR_dec_42_0                      |  32|   0|   32|          0|
    |p_ZL17H_accu_FIR_dec_42_1                      |  32|   0|   32|          0|
    |p_ZL17H_accu_FIR_dec_42_2                      |  32|   0|   32|          0|
    |p_ZL17H_accu_FIR_dec_42_3                      |  32|   0|   32|          0|
    |p_ZL17H_accu_FIR_dec_43_0                      |  32|   0|   32|          0|
    |p_ZL17H_accu_FIR_dec_43_1                      |  32|   0|   32|          0|
    |p_ZL17H_accu_FIR_dec_43_2                      |  32|   0|   32|          0|
    |p_ZL17H_accu_FIR_dec_43_3                      |  32|   0|   32|          0|
    |p_ZL17H_accu_FIR_int_40_0                      |  32|   0|   32|          0|
    |p_ZL17H_accu_FIR_int_40_1                      |  32|   0|   32|          0|
    |p_ZL17H_accu_FIR_int_40_2                      |  32|   0|   32|          0|
    |p_ZL17H_accu_FIR_int_40_3                      |  32|   0|   32|          0|
    |p_ZL17H_accu_FIR_int_40_4                      |  32|   0|   32|          0|
    |p_ZL17H_accu_FIR_int_41_0                      |  32|   0|   32|          0|
    |p_ZL17H_accu_FIR_int_41_1                      |  32|   0|   32|          0|
    |p_ZL17H_accu_FIR_int_41_2                      |  32|   0|   32|          0|
    |p_ZL17H_accu_FIR_int_41_3                      |  32|   0|   32|          0|
    |p_ZL17H_accu_FIR_int_42_0                      |  32|   0|   32|          0|
    |p_ZL17H_accu_FIR_int_42_1                      |  32|   0|   32|          0|
    |p_ZL17H_accu_FIR_int_42_2                      |  32|   0|   32|          0|
    |p_ZL17H_accu_FIR_int_42_3                      |  32|   0|   32|          0|
    |p_ZL17H_accu_FIR_int_43_0                      |  32|   0|   32|          0|
    |p_ZL17H_accu_FIR_int_43_1                      |  32|   0|   32|          0|
    |p_ZL17H_accu_FIR_int_43_2                      |  32|   0|   32|          0|
    |p_ZL17H_accu_FIR_int_43_3                      |  32|   0|   32|          0|
    |storemerge2_reg_385                            |   2|   0|    2|          0|
    |y1_phase1                                      |  16|   0|   16|          0|
    |y1_phase2                                      |  16|   0|   16|          0|
    |y1_phase3                                      |  16|   0|   16|          0|
    |y2                                             |  16|   0|   16|          0|
    +-----------------------------------------------+----+----+-----+-----------+
    |Total                                          |1174|   0| 1174|          0|
    +-----------------------------------------------+----+----+-----+-----------+



================================================================
== Interface
================================================================
* Summary: 
+-----------------+-----+-----+--------------+--------------+--------------+
|    RTL Ports    | Dir | Bits|   Protocol   | Source Object|    C Type    |
+-----------------+-----+-----+--------------+--------------+--------------+
|ap_clk           |   in|    1|  ap_ctrl_none|  Multirate_v4|  return value|
|ap_rst_n         |   in|    1|  ap_ctrl_none|  Multirate_v4|  return value|
|input_r_TDATA    |   in|   16|          axis|       input_r|       pointer|
|input_r_TVALID   |   in|    1|          axis|       input_r|       pointer|
|input_r_TREADY   |  out|    1|          axis|       input_r|       pointer|
|output_r_TDATA   |  out|   16|          axis|      output_r|       pointer|
|output_r_TVALID  |  out|    1|          axis|      output_r|       pointer|
|output_r_TREADY  |   in|    1|          axis|      output_r|       pointer|
+-----------------+-----+-----+--------------+--------------+--------------+

