

================================================================
== Synthesis Summary Report of 'Direct_FIR_SRL'
================================================================
+ General Information: 
    * Date:           Sun Nov 16 15:58:37 2025
    * Version:        2024.2 (Build 5238294 on Nov  8 2024)
    * Project:        Direct_FIR_SRL
    * Solution:       hls (Vivado IP Flow Target)
    * Product family: zynquplus
    * Target device:  xck26-sfvc784-2LV-c
    

+ Performance & Resource Estimates: 
    
    PS: '+' for module; 'o' for loop; '*' for dataflow
    +------------------+------+------+---------+-----------+----------+---------+------+----------+------+---------+-----------+-------------+-----+
    |      Modules     | Issue|      | Latency |  Latency  | Iteration|         | Trip |          |      |         |           |             |     |
    |      & Loops     | Type | Slack| (cycles)|    (ns)   |  Latency | Interval| Count| Pipelined| BRAM |   DSP   |     FF    |     LUT     | URAM|
    +------------------+------+------+---------+-----------+----------+---------+------+----------+------+---------+-----------+-------------+-----+
    |+ Direct_FIR_SRL  |     -|  0.44|      391|  3.910e+03|         -|      392|     -|        no|     -|  81 (6%)|  7141 (3%)|  11927 (10%)|    -|
    +------------------+------+------+---------+-----------+----------+---------+------+----------+------+---------+-----------+-------------+-----+


================================================================
== HW Interfaces
================================================================
* AXIS
+-----------+-----------+---------------+-------+--------+--------+
| Interface | Direction | Register Mode | TDATA | TREADY | TVALID |
+-----------+-----------+---------------+-------+--------+--------+
| input_r   | in        | both          | 16    | 1      | 1      |
| output_r  | out       | both          | 16    | 1      | 1      |
+-----------+-----------+---------------+-------+--------+--------+

* TOP LEVEL CONTROL
+-----------+--------------+----------+
| Interface | Type         | Ports    |
+-----------+--------------+----------+
| ap_clk    | clock        | ap_clk   |
| ap_rst_n  | reset        | ap_rst_n |
| ap_ctrl   | ap_ctrl_none |          |
+-----------+--------------+----------+


================================================================
== SW I/O Information
================================================================
* Top Function Arguments
+----------+-----------+-------------------------------------------------+
| Argument | Direction | Datatype                                        |
+----------+-----------+-------------------------------------------------+
| input    | in        | stream<ap_fixed<16, 1, AP_TRN, AP_WRAP, 0>, 0>& |
| output   | out       | stream<ap_fixed<16, 1, AP_TRN, AP_WRAP, 0>, 0>& |
+----------+-----------+-------------------------------------------------+

* SW-to-HW Mapping
+----------+--------------+-----------+
| Argument | HW Interface | HW Type   |
+----------+--------------+-----------+
| input    | input_r      | interface |
| output   | output_r     | interface |
+----------+--------------+-----------+


================================================================
== Bind Op Report
================================================================
+---------------------------------------------+-----+--------+---------------+------+-----------+---------+
| Name                                        | DSP | Pragma | Variable      | Op   | Impl      | Latency |
+---------------------------------------------+-----+--------+---------------+------+-----------+---------+
| + Direct_FIR_SRL                            | 81  |        |               |      |           |         |
|   mul_16s_10s_26_1_1_U1                     | 1   |        | FIR_accu32    | mul  | auto      | 0       |
|   tmp_fu_1549_p2                            |     |        | tmp           | add  | fabric    | 0       |
|   tmp12_fu_7104_p2                          |     |        | tmp12         | add  | fabric    | 0       |
|   tmp1_fu_9319_p2                           |     |        | tmp1          | add  | fabric    | 0       |
|   tmp21_fu_2162_p2                          |     |        | tmp21         | sub  | fabric    | 0       |
|   mul_19s_8ns_27_1_1_U3                     | 1   |        | tmp28         | mul  | auto      | 0       |
|   tmp3_fu_2357_p2                           |     |        | tmp3          | add  | fabric    | 0       |
|   tmp4_fu_3297_p2                           |     |        | tmp4          | add  | fabric    | 0       |
|   tmp2_fu_3307_p2                           |     |        | tmp2          | add  | fabric    | 0       |
|   tmp17_fu_5907_p2                          |     |        | tmp17         | add  | fabric    | 0       |
|   tmp18_fu_7544_p2                          |     |        | tmp18         | add  | fabric    | 0       |
|   tmp5_fu_7554_p2                           |     |        | tmp5          | add  | fabric    | 0       |
|   tmp35_fu_7564_p2                          |     |        | tmp35         | add  | fabric    | 0       |
|   tmp36_fu_7582_p2                          |     |        | tmp36         | sub  | fabric    | 0       |
|   tmp39_fu_1678_p2                          |     |        | tmp39         | sub  | fabric    | 0       |
|   tmp19_fu_1836_p2                          |     |        | tmp19         | add  | fabric    | 0       |
|   tmp37_fu_7703_p2                          |     |        | tmp37         | add  | fabric    | 0       |
|   tmp20_fu_7713_p2                          |     |        | tmp20         | add  | fabric    | 0       |
|   ama_addmuladd_19s_16s_6ns_25s_26_4_1_U72  | 1   |        | tmp45         | add  | dsp_slice | 3       |
|   ama_addmuladd_19s_16s_6ns_25s_26_4_1_U72  | 1   |        | tmp45_cast    | sext | dsp_slice | 3       |
|   ama_addmuladd_19s_16s_6ns_25s_26_4_1_U72  | 1   |        | tmp46         | mul  | dsp_slice | 3       |
|   tmp55_fu_1701_p2                          |     |        | tmp55         | add  | fabric    | 0       |
|   tmp56_fu_3165_p2                          |     |        | tmp56         | add  | fabric    | 0       |
|   tmp38_fu_3175_p2                          |     |        | tmp38         | add  | fabric    | 0       |
|   tmp58_fu_7515_p2                          |     |        | tmp58         | add  | fabric    | 0       |
|   tmp67_fu_8240_p2                          |     |        | tmp67         | add  | fabric    | 0       |
|   tmp57_fu_8250_p2                          |     |        | tmp57         | add  | fabric    | 0       |
|   tmp53_fu_8260_p2                          |     |        | tmp53         | add  | fabric    | 0       |
|   p_neg975_fu_8278_p2                       |     |        | p_neg975      | sub  | fabric    | 0       |
|   tmp59_fu_1301_p2                          |     |        | tmp59         | sub  | fabric    | 0       |
|   tmp60_fu_1978_p2                          |     |        | tmp60         | sub  | fabric    | 0       |
|   tmp68_fu_5607_p2                          |     |        | tmp68         | add  | fabric    | 0       |
|   tmp71_fu_1632_p2                          |     |        | tmp71         | sub  | fabric    | 0       |
|   tmp72_fu_1655_p2                          |     |        | tmp72         | sub  | fabric    | 0       |
|   tmp69_fu_7756_p2                          |     |        | tmp69         | add  | fabric    | 0       |
|   grp_fu_10419_p3                           |     |        | tmp78         | add  | fabric    | 0       |
|   tmp83_fu_1912_p2                          |     |        | tmp83         | sub  | fabric    | 0       |
|   tmp84_fu_1945_p2                          |     |        | tmp84         | sub  | fabric    | 0       |
|   tmp70_fu_6789_p2                          |     |        | tmp70         | add  | fabric    | 0       |
|   grp_fu_10430_p3                           |     |        | tmp90         | add  | fabric    | 0       |
|   tmp80_fu_3396_p2                          |     |        | tmp80         | add  | fabric    | 0       |
|   tmp79_fu_3406_p2                          |     |        | tmp79         | add  | fabric    | 0       |
|   tmp82_fu_5307_p2                          |     |        | tmp82         | add  | fabric    | 0       |
|   tmp81_fu_5317_p2                          |     |        | tmp81         | add  | fabric    | 0       |
|   tmp95_fu_5327_p2                          |     |        | tmp95         | add  | fabric    | 0       |
|   sum_fu_2195_p2                            |     |        | sum           | add  | fabric    | 0       |
|   mul_19s_8ns_26_1_1_U2                     | 1   |        | tmp106        | mul  | auto      | 0       |
|   tmp109_fu_2508_p2                         |     |        | tmp109        | add  | fabric    | 0       |
|   tmp97_fu_7257_p2                          |     |        | tmp97         | add  | fabric    | 0       |
|   ama_addmuladd_17s_18s_7ns_27s_27_4_1_U68  | 1   |        | tmp113        | add  | dsp_slice | 3       |
|   ama_addmuladd_17s_18s_7ns_27s_27_4_1_U68  | 1   |        | tmp113_cast   | sext | dsp_slice | 3       |
|   ama_addmuladd_17s_18s_7ns_27s_27_4_1_U68  | 1   |        | tmp114        | mul  | dsp_slice | 3       |
|   sum1_fu_1427_p2                           |     |        | sum1          | add  | fabric    | 0       |
|   tmp122_fu_8358_p2                         |     |        | tmp122        | sub  | fabric    | 0       |
|   ama_submuladd_19s_16s_6ns_25s_25_4_1_U73  | 1   |        | tmp123        | sub  | dsp_slice | 3       |
|   ama_submuladd_19s_16s_6ns_25s_25_4_1_U73  | 1   |        | tmp123_cast   | sext | dsp_slice | 3       |
|   ama_submuladd_19s_16s_6ns_25s_25_4_1_U73  | 1   |        | tmp124        | mul  | dsp_slice | 3       |
|   tmp99_fu_2597_p2                          |     |        | tmp99         | add  | fabric    | 0       |
|   tmp98_fu_2607_p2                          |     |        | tmp98         | add  | fabric    | 0       |
|   tmp101_fu_8628_p2                         |     |        | tmp101        | add  | fabric    | 0       |
|   tmp100_fu_8638_p2                         |     |        | tmp100        | add  | fabric    | 0       |
|   tmp1294_fu_8648_p2                        |     |        | tmp1294       | add  | fabric    | 0       |
|   tmp133_fu_1516_p2                         |     |        | tmp133        | add  | fabric    | 0       |
|   tmp107_fu_8734_p2                         |     |        | tmp107        | add  | fabric    | 0       |
|   am_addmul_17s_18s_6ns_25_4_1_U74          | 1   |        | tmp137        | add  | dsp_slice | 3       |
|   am_addmul_17s_18s_6ns_25_4_1_U74          | 1   |        | tmp137_cast   | sext | dsp_slice | 3       |
|   am_addmul_17s_18s_6ns_25_4_1_U74          | 1   |        | tmp138        | mul  | dsp_slice | 3       |
|   tmp143_fu_1278_p2                         |     |        | tmp143        | sub  | fabric    | 0       |
|   grp_fu_10400_p3                           |     |        | tmp148        | sub  | fabric    | 0       |
|   tmp115_fu_2847_p2                         |     |        | tmp115        | add  | fabric    | 0       |
|   tmp108_fu_2857_p2                         |     |        | tmp108        | add  | fabric    | 0       |
|   tmp117_fu_9581_p2                         |     |        | tmp117        | add  | fabric    | 0       |
|   tmp116_fu_9591_p2                         |     |        | tmp116        | add  | fabric    | 0       |
|   am_addmul_18s_18s_7ns_27_4_1_U80          | 1   |        | tmp153        | add  | dsp_slice | 3       |
|   am_addmul_18s_18s_7ns_27_4_1_U80          | 1   |        | tmp153_cast   | sext | dsp_slice | 3       |
|   am_addmul_18s_18s_7ns_27_4_1_U80          | 1   |        | tmp154        | mul  | dsp_slice | 3       |
|   tmp157_fu_2311_p2                         |     |        | tmp157        | add  | fabric    | 0       |
|   tmp118_fu_9633_p2                         |     |        | tmp118        | add  | fabric    | 0       |
|   ama_addmuladd_17s_18s_7ns_27s_27_4_1_U81  | 1   |        | tmp161        | add  | dsp_slice | 3       |
|   ama_addmuladd_17s_18s_7ns_27s_27_4_1_U81  | 1   |        | tmp161_cast   | sext | dsp_slice | 3       |
|   ama_addmuladd_17s_18s_7ns_27s_27_4_1_U81  | 1   |        | tmp162        | mul  | dsp_slice | 3       |
|   tmp119_fu_3208_p2                         |     |        | tmp119        | add  | fabric    | 0       |
|   tmp125_fu_5454_p2                         |     |        | tmp125        | add  | fabric    | 0       |
|   tmp165_fu_5464_p2                         |     |        | tmp165        | add  | fabric    | 0       |
|   grp_fu_10111_p3                           |     |        | tmp166        | sub  | fabric    | 0       |
|   tmp169_fu_3129_p2                         |     |        | tmp169        | sub  | fabric    | 0       |
|   tmp170_fu_5262_p2                         |     |        | tmp170        | sub  | fabric    | 0       |
|   ama_addmuladd_18s_16s_9ns_27s_27_4_1_U48  | 1   |        | tmp171        | add  | dsp_slice | 3       |
|   ama_addmuladd_18s_16s_9ns_27s_27_4_1_U48  | 1   |        | tmp171_cast   | sext | dsp_slice | 3       |
|   ama_addmuladd_18s_16s_9ns_27s_27_4_1_U48  | 1   |        | tmp172        | mul  | dsp_slice | 3       |
|   tmp126_fu_3330_p2                         |     |        | tmp126        | add  | fabric    | 0       |
|   tmp127_fu_5764_p2                         |     |        | tmp127        | add  | fabric    | 0       |
|   ama_addmuladd_17s_17s_9s_26s_27_4_1_U55   | 1   |        | tmp175        | add  | dsp_slice | 3       |
|   ama_addmuladd_17s_17s_9s_26s_27_4_1_U55   | 1   |        | tmp175_cast   | sext | dsp_slice | 3       |
|   ama_addmuladd_17s_17s_9s_26s_27_4_1_U55   | 1   |        | tmp176        | mul  | dsp_slice | 3       |
|   tmp128_fu_3429_p2                         |     |        | tmp128        | add  | fabric    | 0       |
|   tmp129_fu_6073_p2                         |     |        | tmp129        | add  | fabric    | 0       |
|   ama_addmuladd_17s_17s_9s_24s_26_4_1_U58   | 1   |        | tmp179        | add  | dsp_slice | 3       |
|   ama_addmuladd_17s_17s_9s_24s_26_4_1_U58   | 1   |        | tmp179_cast   | sext | dsp_slice | 3       |
|   ama_addmuladd_17s_17s_9s_24s_26_4_1_U58   | 1   |        | tmp180        | mul  | dsp_slice | 3       |
|   tmp131_fu_3076_p2                         |     |        | tmp131        | add  | fabric    | 0       |
|   tmp132_fu_6103_p2                         |     |        | tmp132        | add  | fabric    | 0       |
|   am_addmul_17s_17s_9s_27_4_1_U59           | 1   |        | tmp183        | add  | dsp_slice | 3       |
|   am_addmul_17s_17s_9s_27_4_1_U59           | 1   |        | tmp183_cast   | sext | dsp_slice | 3       |
|   am_addmul_17s_17s_9s_27_4_1_U59           | 1   |        | tmp184        | mul  | dsp_slice | 3       |
|   tmp139_fu_3271_p2                         |     |        | tmp139        | add  | fabric    | 0       |
|   tmp140_fu_6316_p2                         |     |        | tmp140        | add  | fabric    | 0       |
|   tmp187_fu_6326_p2                         |     |        | tmp187        | add  | fabric    | 0       |
|   grp_fu_10272_p30                          |     |        | tmp188        | add  | fabric    | 0       |
|   tmp191_fu_2663_p2                         |     |        | tmp191        | sub  | fabric    | 0       |
|   tmp192_fu_6179_p2                         |     |        | tmp192        | sub  | fabric    | 0       |
|   ama_addmuladd_18s_16s_8ns_26s_27_4_1_U63  | 1   |        | tmp193        | add  | dsp_slice | 3       |
|   ama_addmuladd_18s_16s_8ns_26s_27_4_1_U63  | 1   |        | tmp193_cast   | sext | dsp_slice | 3       |
|   ama_addmuladd_18s_16s_8ns_26s_27_4_1_U63  | 1   |        | tmp194        | mul  | dsp_slice | 3       |
|   tmp197_fu_2781_p2                         |     |        | tmp197        | sub  | fabric    | 0       |
|   tmp141_fu_2531_p2                         |     |        | tmp141        | add  | fabric    | 0       |
|   tmp142_fu_6724_p2                         |     |        | tmp142        | add  | fabric    | 0       |
|   tmp203_fu_6734_p2                         |     |        | tmp203        | add  | fabric    | 0       |
|   tmp155_fu_3053_p2                         |     |        | tmp155        | add  | fabric    | 0       |
|   tmp156_fu_7051_p2                         |     |        | tmp156        | add  | fabric    | 0       |
|   tmp207_fu_7061_p2                         |     |        | tmp207        | add  | fabric    | 0       |
|   tmp208_fu_7148_p2                         |     |        | tmp208        | sub  | fabric    | 0       |
|   tmp211_fu_2452_p2                         |     |        | tmp211        | sub  | fabric    | 0       |
|   tmp217_fu_3030_p2                         |     |        | tmp217        | sub  | fabric    | 0       |
|   mul_18s_7ns_25_1_1_U4                     | 1   |        | tmp220        | mul  | auto      | 0       |
|   tmp167_fu_3602_p2                         |     |        | tmp167        | add  | fabric    | 0       |
|   tmp168_fu_7442_p2                         |     |        | tmp168        | add  | fabric    | 0       |
|   ama_addmuladd_17s_17s_8s_25s_26_4_1_U69   | 1   |        | tmp223        | add  | dsp_slice | 3       |
|   ama_addmuladd_17s_17s_8s_25s_26_4_1_U69   | 1   |        | tmp223_cast   | sext | dsp_slice | 3       |
|   ama_addmuladd_17s_17s_8s_25s_26_4_1_U69   | 1   |        | tmp224        | mul  | dsp_slice | 3       |
|   tmp189_fu_2630_p2                         |     |        | tmp189        | add  | fabric    | 0       |
|   tmp190_fu_7919_p2                         |     |        | tmp190        | add  | fabric    | 0       |
|   ama_addmuladd_17s_17s_7s_22s_24_4_1_U70   | 1   |        | tmp227        | add  | dsp_slice | 3       |
|   ama_addmuladd_17s_17s_7s_22s_24_4_1_U70   | 1   |        | tmp227_cast   | sext | dsp_slice | 3       |
|   ama_addmuladd_17s_17s_7s_22s_24_4_1_U70   | 1   |        | tmp228        | mul  | dsp_slice | 3       |
|   tmp195_fu_2001_p2                         |     |        | tmp195        | add  | fabric    | 0       |
|   tmp196_fu_7987_p2                         |     |        | tmp196        | add  | fabric    | 0       |
|   tmp231_fu_7997_p2                         |     |        | tmp231        | add  | fabric    | 0       |
|   tmp232_fu_8027_p2                         |     |        | tmp232        | add  | fabric    | 0       |
|   tmp209_fu_1770_p2                         |     |        | tmp209        | add  | fabric    | 0       |
|   tmp210_fu_8070_p2                         |     |        | tmp210        | add  | fabric    | 0       |
|   tmp235_fu_8080_p2                         |     |        | tmp235        | add  | fabric    | 0       |
|   tmp236_fu_8156_p2                         |     |        | tmp236        | sub  | fabric    | 0       |
|   tmp239_fu_2485_p2                         |     |        | tmp239        | sub  | fabric    | 0       |
|   tmp245_fu_2334_p2                         |     |        | tmp245        | sub  | fabric    | 0       |
|   mul_18s_7ns_25_1_1_U5                     | 1   |        | tmp248        | mul  | auto      | 0       |
|   tmp251_fu_2248_p2                         |     |        | tmp251        | sub  | fabric    | 0       |
|   tmp215_fu_2748_p2                         |     |        | tmp215        | add  | fabric    | 0       |
|   tmp216_fu_8499_p2                         |     |        | tmp216        | add  | fabric    | 0       |
|   tmp257_fu_8509_p2                         |     |        | tmp257        | add  | fabric    | 0       |
|   tmp237_fu_2106_p2                         |     |        | tmp237        | add  | fabric    | 0       |
|   tmp238_fu_8577_p2                         |     |        | tmp238        | add  | fabric    | 0       |
|   tmp261_fu_8587_p2                         |     |        | tmp261        | add  | fabric    | 0       |
|   tmp262_fu_8688_p2                         |     |        | tmp262        | add  | fabric    | 0       |
|   tmp265_fu_1493_p2                         |     |        | tmp265        | sub  | fabric    | 0       |
|   tmp266_fu_8169_p2                         |     |        | tmp266        | add  | fabric    | 0       |
|   ama_submuladd_18s_16s_5ns_24s_24_4_1_U76  | 1   |        | tmp267        | sub  | dsp_slice | 3       |
|   ama_submuladd_18s_16s_5ns_24s_24_4_1_U76  | 1   |        | tmp267_cast   | sext | dsp_slice | 3       |
|   ama_submuladd_18s_16s_5ns_24s_24_4_1_U76  | 1   |        | tmp268        | mul  | dsp_slice | 3       |
|   tmp271_fu_1859_p2                         |     |        | tmp271        | sub  | fabric    | 0       |
|   tmp274_fu_9004_p2                         |     |        | tmp274        | sub  | fabric    | 0       |
|   tmp277_fu_1747_p2                         |     |        | tmp277        | sub  | fabric    | 0       |
|   tmp278_fu_7789_p2                         |     |        | tmp278        | add  | fabric    | 0       |
|   ama_submuladd_18s_16s_5ns_22s_23_4_1_U77  | 1   |        | tmp279        | sub  | dsp_slice | 3       |
|   ama_submuladd_18s_16s_5ns_22s_23_4_1_U77  | 1   |        | tmp279_cast   | sext | dsp_slice | 3       |
|   ama_submuladd_18s_16s_5ns_22s_23_4_1_U77  | 1   |        | tmp280        | mul  | dsp_slice | 3       |
|   tmp243_fu_1724_p2                         |     |        | tmp243        | add  | fabric    | 0       |
|   tmp244_fu_9054_p2                         |     |        | tmp244        | add  | fabric    | 0       |
|   tmp283_fu_9064_p2                         |     |        | tmp283        | add  | fabric    | 0       |
|   tmp284_fu_9098_p2                         |     |        | tmp284        | sub  | fabric    | 0       |
|   tmp249_fu_1470_p2                         |     |        | tmp249        | add  | fabric    | 0       |
|   tmp250_fu_9111_p2                         |     |        | tmp250        | add  | fabric    | 0       |
|   tmp287_fu_9121_p2                         |     |        | tmp287        | add  | fabric    | 0       |
|   tmp288_fu_9166_p2                         |     |        | tmp288        | sub  | fabric    | 0       |
|   tmp291_fu_2129_p2                         |     |        | tmp291        | sub  | fabric    | 0       |
|   tmp263_fu_1324_p2                         |     |        | tmp263        | add  | fabric    | 0       |
|   tmp264_fu_9278_p2                         |     |        | tmp264        | add  | fabric    | 0       |
|   tmp297_fu_9288_p2                         |     |        | tmp297        | add  | fabric    | 0       |
|   tmp298_fu_9383_p2                         |     |        | tmp298        | add  | fabric    | 0       |
|   tmp269_fu_1803_p2                         |     |        | tmp269        | add  | fabric    | 0       |
|   tmp270_fu_9447_p2                         |     |        | tmp270        | add  | fabric    | 0       |
|   ama_addmuladd_17s_17s_7ns_26s_26_4_1_U78  | 1   |        | tmp301        | add  | dsp_slice | 3       |
|   ama_addmuladd_17s_17s_7ns_26s_26_4_1_U78  | 1   |        | tmp301_cast   | sext | dsp_slice | 3       |
|   ama_addmuladd_17s_17s_7ns_26s_26_4_1_U78  | 1   |        | tmp302        | mul  | dsp_slice | 3       |
|   ama_addmuladd_16s_16s_14ns_30s_32_4_1_U7  | 1   |        | tmp303        | add  | dsp_slice | 3       |
|   ama_addmuladd_16s_16s_14ns_30s_32_4_1_U7  | 1   |        | tmp303_cast   | sext | dsp_slice | 3       |
|   ama_addmuladd_16s_16s_14ns_30s_32_4_1_U7  | 1   |        | tmp304        | mul  | dsp_slice | 3       |
|   ama_addmuladd_16s_16s_13ns_26s_30_4_1_U6  | 1   |        | tmp305        | add  | dsp_slice | 3       |
|   ama_addmuladd_16s_16s_13ns_26s_30_4_1_U6  | 1   |        | tmp305_cast   | sext | dsp_slice | 3       |
|   ama_addmuladd_16s_16s_13ns_26s_30_4_1_U6  | 1   |        | tmp306        | mul  | dsp_slice | 3       |
|   am_addmul_16s_16s_13ns_31_4_1_U8          | 1   |        | tmp307        | add  | dsp_slice | 3       |
|   am_addmul_16s_16s_13ns_31_4_1_U8          | 1   |        | tmp307_cast   | sext | dsp_slice | 3       |
|   am_addmul_16s_16s_13ns_31_4_1_U8          | 1   |        | tmp308        | mul  | dsp_slice | 3       |
|   ama_addmuladd_16s_16s_13ns_31s_31_4_1_U9  | 1   |        | tmp309        | add  | dsp_slice | 3       |
|   ama_addmuladd_16s_16s_13ns_31s_31_4_1_U9  | 1   |        | tmp309_cast   | sext | dsp_slice | 3       |
|   ama_addmuladd_16s_16s_13ns_31s_31_4_1_U9  | 1   |        | tmp310        | mul  | dsp_slice | 3       |
|   am_addmul_16s_16s_13ns_30_4_1_U10         | 1   |        | tmp311        | add  | dsp_slice | 3       |
|   am_addmul_16s_16s_13ns_30_4_1_U10         | 1   |        | tmp311_cast   | sext | dsp_slice | 3       |
|   am_addmul_16s_16s_13ns_30_4_1_U10         | 1   |        | tmp312        | mul  | dsp_slice | 3       |
|   ama_addmuladd_16s_16s_12ns_30s_30_4_1_U11 | 1   |        | tmp313        | add  | dsp_slice | 3       |
|   ama_addmuladd_16s_16s_12ns_30s_30_4_1_U11 | 1   |        | tmp313_cast   | sext | dsp_slice | 3       |
|   ama_addmuladd_16s_16s_12ns_30s_30_4_1_U11 | 1   |        | tmp314        | mul  | dsp_slice | 3       |
|   am_addmul_16s_16s_11ns_28_4_1_U12         | 1   |        | tmp315        | add  | dsp_slice | 3       |
|   am_addmul_16s_16s_11ns_28_4_1_U12         | 1   |        | tmp315_cast   | sext | dsp_slice | 3       |
|   am_addmul_16s_16s_11ns_28_4_1_U12         | 1   |        | tmp316        | mul  | dsp_slice | 3       |
|   ama_addmuladd_16s_16s_9ns_28s_28_4_1_U13  | 1   |        | tmp317        | add  | dsp_slice | 3       |
|   ama_addmuladd_16s_16s_9ns_28s_28_4_1_U13  | 1   |        | tmp317_cast   | sext | dsp_slice | 3       |
|   ama_addmuladd_16s_16s_9ns_28s_28_4_1_U13  | 1   |        | tmp318        | mul  | dsp_slice | 3       |
|   ama_addmuladd_16s_16s_9ns_28s_28_4_1_U13  | 1   |        | tmp318_cast   | sext | dsp_slice | 3       |
|   ama_addmuladd_16s_16s_11s_29s_29_4_1_U15  | 1   |        | tmp319        | add  | dsp_slice | 3       |
|   ama_addmuladd_16s_16s_11s_29s_29_4_1_U15  | 1   |        | tmp319_cast   | sext | dsp_slice | 3       |
|   ama_addmuladd_16s_16s_11s_29s_29_4_1_U15  | 1   |        | tmp320        | mul  | dsp_slice | 3       |
|   ama_addmuladd_16s_16s_11s_29s_29_4_1_U15  | 1   |        | tmp320_cast   | sext | dsp_slice | 3       |
|   am_addmul_16s_16s_12s_29_4_1_U14          | 1   |        | tmp321        | add  | dsp_slice | 3       |
|   am_addmul_16s_16s_12s_29_4_1_U14          | 1   |        | tmp321_cast   | sext | dsp_slice | 3       |
|   am_addmul_16s_16s_12s_29_4_1_U14          | 1   |        | tmp322        | mul  | dsp_slice | 3       |
|   am_addmul_16s_16s_12s_29_4_1_U16          | 1   |        | tmp323        | add  | dsp_slice | 3       |
|   am_addmul_16s_16s_12s_29_4_1_U16          | 1   |        | tmp323_cast   | sext | dsp_slice | 3       |
|   am_addmul_16s_16s_12s_29_4_1_U16          | 1   |        | tmp324        | mul  | dsp_slice | 3       |
|   ama_addmuladd_16s_16s_12s_29s_29_4_1_U17  | 1   |        | tmp325        | add  | dsp_slice | 3       |
|   ama_addmuladd_16s_16s_12s_29s_29_4_1_U17  | 1   |        | tmp325_cast   | sext | dsp_slice | 3       |
|   ama_addmuladd_16s_16s_12s_29s_29_4_1_U17  | 1   |        | tmp326        | mul  | dsp_slice | 3       |
|   am_addmul_16s_16s_12s_29_4_1_U18          | 1   |        | tmp327        | add  | dsp_slice | 3       |
|   am_addmul_16s_16s_12s_29_4_1_U18          | 1   |        | tmp327_cast   | sext | dsp_slice | 3       |
|   am_addmul_16s_16s_12s_29_4_1_U18          | 1   |        | tmp328        | mul  | dsp_slice | 3       |
|   ama_addmuladd_16s_16s_12s_29s_29_4_1_U19  | 1   |        | tmp329        | add  | dsp_slice | 3       |
|   ama_addmuladd_16s_16s_12s_29s_29_4_1_U19  | 1   |        | tmp329_cast   | sext | dsp_slice | 3       |
|   ama_addmuladd_16s_16s_12s_29s_29_4_1_U19  | 1   |        | tmp330        | mul  | dsp_slice | 3       |
|   ama_addmuladd_16s_16s_11s_26s_28_4_1_U21  | 1   |        | tmp331        | add  | dsp_slice | 3       |
|   ama_addmuladd_16s_16s_11s_26s_28_4_1_U21  | 1   |        | tmp331_cast   | sext | dsp_slice | 3       |
|   ama_addmuladd_16s_16s_11s_26s_28_4_1_U21  | 1   |        | tmp332        | mul  | dsp_slice | 3       |
|   tmp333_fu_4142_p2                         |     |        | tmp333        | add  | fabric    | 0       |
|   tmp334_fu_4241_p2                         |     |        | tmp334        | sub  | fabric    | 0       |
|   ama_addmuladd_16s_16s_9ns_20s_26_4_1_U20  | 1   |        | tmp335        | add  | dsp_slice | 3       |
|   ama_addmuladd_16s_16s_9ns_20s_26_4_1_U20  | 1   |        | tmp335_cast   | sext | dsp_slice | 3       |
|   ama_addmuladd_16s_16s_9ns_20s_26_4_1_U20  | 1   |        | tmp336        | mul  | dsp_slice | 3       |
|   am_addmul_16s_16s_10ns_28_4_1_U22         | 1   |        | tmp337        | add  | dsp_slice | 3       |
|   am_addmul_16s_16s_10ns_28_4_1_U22         | 1   |        | tmp337_cast   | sext | dsp_slice | 3       |
|   am_addmul_16s_16s_10ns_28_4_1_U22         | 1   |        | tmp338        | mul  | dsp_slice | 3       |
|   ama_addmuladd_16s_16s_11ns_28s_28_4_1_U23 | 1   |        | tmp339        | add  | dsp_slice | 3       |
|   ama_addmuladd_16s_16s_11ns_28s_28_4_1_U23 | 1   |        | tmp339_cast   | sext | dsp_slice | 3       |
|   ama_addmuladd_16s_16s_11ns_28s_28_4_1_U23 | 1   |        | tmp340        | mul  | dsp_slice | 3       |
|   tmp341_fu_4268_p2                         |     |        | tmp341        | add  | fabric    | 0       |
|   grp_fu_9899_p3                            |     |        | tmp342        | add  | fabric    | 0       |
|   ama_addmuladd_16s_16s_10ns_28s_28_4_1_U24 | 1   |        | tmp343        | add  | dsp_slice | 3       |
|   ama_addmuladd_16s_16s_10ns_28s_28_4_1_U24 | 1   |        | tmp343_cast   | sext | dsp_slice | 3       |
|   ama_addmuladd_16s_16s_10ns_28s_28_4_1_U24 | 1   |        | tmp344        | mul  | dsp_slice | 3       |
|   am_addmul_16s_16s_10ns_27_4_1_U25         | 1   |        | tmp345        | add  | dsp_slice | 3       |
|   am_addmul_16s_16s_10ns_27_4_1_U25         | 1   |        | tmp345_cast   | sext | dsp_slice | 3       |
|   am_addmul_16s_16s_10ns_27_4_1_U25         | 1   |        | tmp346        | mul  | dsp_slice | 3       |
|   ama_addmuladd_16s_16s_9ns_27s_27_4_1_U26  | 1   |        | tmp347        | add  | dsp_slice | 3       |
|   ama_addmuladd_16s_16s_9ns_27s_27_4_1_U26  | 1   |        | tmp347_cast   | sext | dsp_slice | 3       |
|   ama_addmuladd_16s_16s_9ns_27s_27_4_1_U26  | 1   |        | tmp348        | mul  | dsp_slice | 3       |
|   ama_addmuladd_16s_16s_10s_28s_28_4_1_U28  | 1   |        | tmp349        | add  | dsp_slice | 3       |
|   ama_addmuladd_16s_16s_10s_28s_28_4_1_U28  | 1   |        | tmp349_cast   | sext | dsp_slice | 3       |
|   ama_addmuladd_16s_16s_10s_28s_28_4_1_U28  | 1   |        | tmp350        | mul  | dsp_slice | 3       |
|   ama_addmuladd_16s_16s_10s_28s_28_4_1_U28  | 1   |        | tmp350_cast   | sext | dsp_slice | 3       |
|   am_addmul_16s_16s_11s_28_4_1_U27          | 1   |        | tmp351        | add  | dsp_slice | 3       |
|   am_addmul_16s_16s_11s_28_4_1_U27          | 1   |        | tmp351_cast   | sext | dsp_slice | 3       |
|   am_addmul_16s_16s_11s_28_4_1_U27          | 1   |        | tmp352        | mul  | dsp_slice | 3       |
|   am_addmul_16s_16s_11s_28_4_1_U29          | 1   |        | tmp353        | add  | dsp_slice | 3       |
|   am_addmul_16s_16s_11s_28_4_1_U29          | 1   |        | tmp353_cast   | sext | dsp_slice | 3       |
|   am_addmul_16s_16s_11s_28_4_1_U29          | 1   |        | tmp354        | mul  | dsp_slice | 3       |
|   ama_addmuladd_16s_16s_11s_28s_28_4_1_U30  | 1   |        | tmp355        | add  | dsp_slice | 3       |
|   ama_addmuladd_16s_16s_11s_28s_28_4_1_U30  | 1   |        | tmp355_cast   | sext | dsp_slice | 3       |
|   ama_addmuladd_16s_16s_11s_28s_28_4_1_U30  | 1   |        | tmp356        | mul  | dsp_slice | 3       |
|   am_addmul_16s_16s_11s_27_4_1_U31          | 1   |        | tmp357        | add  | dsp_slice | 3       |
|   am_addmul_16s_16s_11s_27_4_1_U31          | 1   |        | tmp357_cast   | sext | dsp_slice | 3       |
|   am_addmul_16s_16s_11s_27_4_1_U31          | 1   |        | tmp358        | mul  | dsp_slice | 3       |
|   ama_addmuladd_16s_16s_10s_27s_27_4_1_U32  | 1   |        | tmp359        | add  | dsp_slice | 3       |
|   ama_addmuladd_16s_16s_10s_27s_27_4_1_U32  | 1   |        | tmp359_cast   | sext | dsp_slice | 3       |
|   ama_addmuladd_16s_16s_10s_27s_27_4_1_U32  | 1   |        | tmp360        | mul  | dsp_slice | 3       |
|   tmp361_fu_4517_p2                         |     |        | tmp361        | add  | fabric    | 0       |
|   tmp363_fu_4540_p2                         |     |        | tmp363        | add  | fabric    | 0       |
|   tmp364_fu_4681_p2                         |     |        | tmp364        | sub  | fabric    | 0       |
|   ama_addmuladd_16s_16s_9ns_25s_26_4_1_U33  | 1   |        | tmp365        | add  | dsp_slice | 3       |
|   ama_addmuladd_16s_16s_9ns_25s_26_4_1_U33  | 1   |        | tmp365_cast   | sext | dsp_slice | 3       |
|   ama_addmuladd_16s_16s_9ns_25s_26_4_1_U33  | 1   |        | tmp366        | mul  | dsp_slice | 3       |
|   tmp367_fu_4636_p2                         |     |        | tmp367        | add  | fabric    | 0       |
|   tmp368_fu_4713_p2                         |     |        | tmp368        | sub  | fabric    | 0       |
|   tmp369_fu_4723_p2                         |     |        | tmp369        | add  | fabric    | 0       |
|   am_addmul_16s_16s_10ns_27_4_1_U34         | 1   |        | tmp371        | add  | dsp_slice | 3       |
|   am_addmul_16s_16s_10ns_27_4_1_U34         | 1   |        | tmp371_cast   | sext | dsp_slice | 3       |
|   am_addmul_16s_16s_10ns_27_4_1_U34         | 1   |        | tmp372        | mul  | dsp_slice | 3       |
|   ama_addmuladd_16s_16s_9ns_27s_27_4_1_U35  | 1   |        | tmp373        | add  | dsp_slice | 3       |
|   ama_addmuladd_16s_16s_9ns_27s_27_4_1_U35  | 1   |        | tmp373_cast   | sext | dsp_slice | 3       |
|   ama_addmuladd_16s_16s_9ns_27s_27_4_1_U35  | 1   |        | tmp374        | mul  | dsp_slice | 3       |
|   tmp375_fu_4863_p2                         |     |        | tmp375        | add  | fabric    | 0       |
|   grp_fu_10014_p30                          |     |        | tmp376        | add  | fabric    | 0       |
|   ama_addmuladd_16s_16s_10s_26s_27_4_1_U36  | 1   |        | tmp377        | add  | dsp_slice | 3       |
|   ama_addmuladd_16s_16s_10s_26s_27_4_1_U36  | 1   |        | tmp377_cast   | sext | dsp_slice | 3       |
|   ama_addmuladd_16s_16s_10s_26s_27_4_1_U36  | 1   |        | tmp378        | mul  | dsp_slice | 3       |
|   am_addmul_16s_16s_10s_27_4_1_U37          | 1   |        | tmp379        | add  | dsp_slice | 3       |
|   am_addmul_16s_16s_10s_27_4_1_U37          | 1   |        | tmp379_cast   | sext | dsp_slice | 3       |
|   am_addmul_16s_16s_10s_27_4_1_U37          | 1   |        | tmp380        | mul  | dsp_slice | 3       |
|   ama_addmuladd_16s_16s_10s_27s_27_4_1_U38  | 1   |        | tmp381        | add  | dsp_slice | 3       |
|   ama_addmuladd_16s_16s_10s_27s_27_4_1_U38  | 1   |        | tmp381_cast   | sext | dsp_slice | 3       |
|   ama_addmuladd_16s_16s_10s_27s_27_4_1_U38  | 1   |        | tmp382        | mul  | dsp_slice | 3       |
|   ama_addmuladd_16s_16s_10s_26s_27_4_1_U39  | 1   |        | tmp383        | add  | dsp_slice | 3       |
|   ama_addmuladd_16s_16s_10s_26s_27_4_1_U39  | 1   |        | tmp383_cast   | sext | dsp_slice | 3       |
|   ama_addmuladd_16s_16s_10s_26s_27_4_1_U39  | 1   |        | tmp384        | mul  | dsp_slice | 3       |
|   tmp385_fu_5074_p2                         |     |        | tmp385        | add  | fabric    | 0       |
|   grp_fu_10043_p30                          |     |        | tmp386        | add  | fabric    | 0       |
|   am_addmul_16s_16s_9ns_27_4_1_U40          | 1   |        | tmp387        | add  | dsp_slice | 3       |
|   am_addmul_16s_16s_9ns_27_4_1_U40          | 1   |        | tmp387_cast   | sext | dsp_slice | 3       |
|   am_addmul_16s_16s_9ns_27_4_1_U40          | 1   |        | tmp388        | mul  | dsp_slice | 3       |
|   ama_addmuladd_16s_16s_9ns_27s_27_4_1_U41  | 1   |        | tmp389        | add  | dsp_slice | 3       |
|   ama_addmuladd_16s_16s_9ns_27s_27_4_1_U41  | 1   |        | tmp389_cast   | sext | dsp_slice | 3       |
|   ama_addmuladd_16s_16s_9ns_27s_27_4_1_U41  | 1   |        | tmp390        | mul  | dsp_slice | 3       |
|   ama_addmuladd_16s_16s_9ns_26s_27_4_1_U44  | 1   |        | tmp391        | add  | dsp_slice | 3       |
|   ama_addmuladd_16s_16s_9ns_26s_27_4_1_U44  | 1   |        | tmp391_cast   | sext | dsp_slice | 3       |
|   ama_addmuladd_16s_16s_9ns_26s_27_4_1_U44  | 1   |        | tmp392        | mul  | dsp_slice | 3       |
|   ama_addmuladd_16s_16s_7ns_26s_26_4_1_U43  | 1   |        | tmp393        | add  | dsp_slice | 3       |
|   ama_addmuladd_16s_16s_7ns_26s_26_4_1_U43  | 1   |        | tmp393_cast   | sext | dsp_slice | 3       |
|   ama_addmuladd_16s_16s_7ns_26s_26_4_1_U43  | 1   |        | tmp394        | mul  | dsp_slice | 3       |
|   ama_addmuladd_16s_16s_7ns_26s_26_4_1_U43  | 1   |        | tmp394_cast   | sext | dsp_slice | 3       |
|   am_addmul_16s_16s_9s_26_4_1_U42           | 1   |        | tmp395        | add  | dsp_slice | 3       |
|   am_addmul_16s_16s_9s_26_4_1_U42           | 1   |        | tmp395_cast   | sext | dsp_slice | 3       |
|   am_addmul_16s_16s_9s_26_4_1_U42           | 1   |        | tmp396        | mul  | dsp_slice | 3       |
|   ama_addmuladd_16s_16s_10s_27s_28_4_1_U45  | 1   |        | tmp397        | add  | dsp_slice | 3       |
|   ama_addmuladd_16s_16s_10s_27s_28_4_1_U45  | 1   |        | tmp397_cast   | sext | dsp_slice | 3       |
|   ama_addmuladd_16s_16s_10s_27s_28_4_1_U45  | 1   |        | tmp398        | mul  | dsp_slice | 3       |
|   ama_addmuladd_16s_16s_10s_27s_28_4_1_U45  | 1   |        | tmp398_cast   | sext | dsp_slice | 3       |
|   ama_addmuladd_16s_16s_8ns_27s_27_4_1_U46  | 1   |        | tmp399        | add  | dsp_slice | 3       |
|   ama_addmuladd_16s_16s_8ns_27s_27_4_1_U46  | 1   |        | tmp399_cast   | sext | dsp_slice | 3       |
|   ama_addmuladd_16s_16s_8ns_27s_27_4_1_U46  | 1   |        | tmp400        | mul  | dsp_slice | 3       |
|   ama_addmuladd_16s_16s_8ns_27s_27_4_1_U46  | 1   |        | tmp400_cast   | sext | dsp_slice | 3       |
|   am_addmul_16s_16s_9ns_27_4_1_U47          | 1   |        | tmp401        | add  | dsp_slice | 3       |
|   am_addmul_16s_16s_9ns_27_4_1_U47          | 1   |        | tmp401_cast   | sext | dsp_slice | 3       |
|   am_addmul_16s_16s_9ns_27_4_1_U47          | 1   |        | tmp402        | mul  | dsp_slice | 3       |
|   ama_addmuladd_16s_16s_8ns_25s_26_4_1_U49  | 1   |        | tmp403        | add  | dsp_slice | 3       |
|   ama_addmuladd_16s_16s_8ns_25s_26_4_1_U49  | 1   |        | tmp403_cast   | sext | dsp_slice | 3       |
|   ama_addmuladd_16s_16s_8ns_25s_26_4_1_U49  | 1   |        | tmp404        | mul  | dsp_slice | 3       |
|   tmp405_fu_5584_p2                         |     |        | tmp405        | add  | fabric    | 0       |
|   grp_fu_10139_p30                          |     |        | tmp406        | add  | fabric    | 0       |
|   am_addmul_16s_16s_9s_26_4_1_U50           | 1   |        | tmp407        | add  | dsp_slice | 3       |
|   am_addmul_16s_16s_9s_26_4_1_U50           | 1   |        | tmp407_cast   | sext | dsp_slice | 3       |
|   am_addmul_16s_16s_9s_26_4_1_U50           | 1   |        | tmp408        | mul  | dsp_slice | 3       |
|   ama_addmuladd_16s_16s_9s_26s_26_4_1_U51   | 1   |        | tmp409        | add  | dsp_slice | 3       |
|   ama_addmuladd_16s_16s_9s_26s_26_4_1_U51   | 1   |        | tmp409_cast   | sext | dsp_slice | 3       |
|   ama_addmuladd_16s_16s_9s_26s_26_4_1_U51   | 1   |        | tmp410        | mul  | dsp_slice | 3       |
|   ama_addmuladd_16s_16s_9s_26s_26_4_1_U52   | 1   |        | tmp411        | add  | dsp_slice | 3       |
|   ama_addmuladd_16s_16s_9s_26s_26_4_1_U52   | 1   |        | tmp411_cast   | sext | dsp_slice | 3       |
|   ama_addmuladd_16s_16s_9s_26s_26_4_1_U52   | 1   |        | tmp412        | mul  | dsp_slice | 3       |
|   tmp413_fu_5741_p2                         |     |        | tmp413        | add  | fabric    | 0       |
|   grp_fu_10167_p3                           |     |        | tmp414        | sub  | fabric    | 0       |
|   am_addmul_16s_16s_8ns_26_4_1_U53          | 1   |        | tmp415        | add  | dsp_slice | 3       |
|   am_addmul_16s_16s_8ns_26_4_1_U53          | 1   |        | tmp415_cast   | sext | dsp_slice | 3       |
|   am_addmul_16s_16s_8ns_26_4_1_U53          | 1   |        | tmp416        | mul  | dsp_slice | 3       |
|   ama_addmuladd_16s_16s_8ns_26s_26_4_1_U54  | 1   |        | tmp417        | add  | dsp_slice | 3       |
|   ama_addmuladd_16s_16s_8ns_26s_26_4_1_U54  | 1   |        | tmp417_cast   | sext | dsp_slice | 3       |
|   ama_addmuladd_16s_16s_8ns_26s_26_4_1_U54  | 1   |        | tmp418        | mul  | dsp_slice | 3       |
|   am_addmul_16s_16s_8ns_26_4_1_U56          | 1   |        | tmp419        | add  | dsp_slice | 3       |
|   am_addmul_16s_16s_8ns_26_4_1_U56          | 1   |        | tmp419_cast   | sext | dsp_slice | 3       |
|   am_addmul_16s_16s_8ns_26_4_1_U56          | 1   |        | tmp420        | mul  | dsp_slice | 3       |
|   ama_addmuladd_16s_16s_8ns_26s_26_4_1_U57  | 1   |        | tmp421        | add  | dsp_slice | 3       |
|   ama_addmuladd_16s_16s_8ns_26s_26_4_1_U57  | 1   |        | tmp421_cast   | sext | dsp_slice | 3       |
|   ama_addmuladd_16s_16s_8ns_26s_26_4_1_U57  | 1   |        | tmp422        | mul  | dsp_slice | 3       |
|   tmp423_fu_6027_p2                         |     |        | tmp423        | add  | fabric    | 0       |
|   tmp424_fu_6152_p2                         |     |        | tmp424        | sub  | fabric    | 0       |
|   ama_addmuladd_16s_16s_9s_27s_27_4_1_U60   | 1   |        | tmp425        | add  | dsp_slice | 3       |
|   ama_addmuladd_16s_16s_9s_27s_27_4_1_U60   | 1   |        | tmp425_cast   | sext | dsp_slice | 3       |
|   ama_addmuladd_16s_16s_9s_27s_27_4_1_U60   | 1   |        | tmp426        | mul  | dsp_slice | 3       |
|   ama_addmuladd_16s_16s_9s_27s_27_4_1_U60   | 1   |        | tmp426_cast   | sext | dsp_slice | 3       |
|   am_addmul_16s_16s_8s_25_4_1_U61           | 1   |        | tmp427        | add  | dsp_slice | 3       |
|   am_addmul_16s_16s_8s_25_4_1_U61           | 1   |        | tmp427_cast   | sext | dsp_slice | 3       |
|   am_addmul_16s_16s_8s_25_4_1_U61           | 1   |        | tmp428        | mul  | dsp_slice | 3       |
|   ama_addmuladd_16s_16s_8ns_25s_25_4_1_U62  | 1   |        | tmp429        | add  | dsp_slice | 3       |
|   ama_addmuladd_16s_16s_8ns_25s_25_4_1_U62  | 1   |        | tmp429_cast   | sext | dsp_slice | 3       |
|   ama_addmuladd_16s_16s_8ns_25s_25_4_1_U62  | 1   |        | tmp430        | mul  | dsp_slice | 3       |
|   tmp431_fu_6531_p2                         |     |        | tmp431        | add  | fabric    | 0       |
|   ama_addmuladd_16s_16s_9s_25s_26_4_1_U66   | 1   |        | tmp433        | add  | dsp_slice | 3       |
|   ama_addmuladd_16s_16s_9s_25s_26_4_1_U66   | 1   |        | tmp433_cast   | sext | dsp_slice | 3       |
|   ama_addmuladd_16s_16s_9s_25s_26_4_1_U66   | 1   |        | tmp434        | mul  | dsp_slice | 3       |
|   am_addmul_16s_16s_8s_25_4_1_U64           | 1   |        | tmp435        | add  | dsp_slice | 3       |
|   am_addmul_16s_16s_8s_25_4_1_U64           | 1   |        | tmp435_cast   | sext | dsp_slice | 3       |
|   am_addmul_16s_16s_8s_25_4_1_U64           | 1   |        | tmp436        | mul  | dsp_slice | 3       |
|   ama_addmuladd_16s_16s_7ns_25s_25_4_1_U65  | 1   |        | tmp437        | add  | dsp_slice | 3       |
|   ama_addmuladd_16s_16s_7ns_25s_25_4_1_U65  | 1   |        | tmp437_cast   | sext | dsp_slice | 3       |
|   ama_addmuladd_16s_16s_7ns_25s_25_4_1_U65  | 1   |        | tmp438        | mul  | dsp_slice | 3       |
|   tmp439_fu_6853_p2                         |     |        | tmp439        | add  | fabric    | 0       |
|   tmp440_fu_6883_p2                         |     |        | tmp440        | sub  | fabric    | 0       |
|   ama_addmuladd_16s_16s_8s_26s_26_4_1_U67   | 1   |        | tmp441        | add  | dsp_slice | 3       |
|   ama_addmuladd_16s_16s_8s_26s_26_4_1_U67   | 1   |        | tmp441_cast   | sext | dsp_slice | 3       |
|   ama_addmuladd_16s_16s_8s_26s_26_4_1_U67   | 1   |        | tmp442        | mul  | dsp_slice | 3       |
|   ama_addmuladd_16s_16s_8s_26s_26_4_1_U67   | 1   |        | tmp442_cast   | sext | dsp_slice | 3       |
|   tmp443_fu_7492_p2                         |     |        | tmp443        | add  | fabric    | 0       |
|   ama_addmuladd_16s_16s_7ns_24s_25_4_1_U71  | 1   |        | tmp445        | add  | dsp_slice | 3       |
|   ama_addmuladd_16s_16s_7ns_24s_25_4_1_U71  | 1   |        | tmp445_cast   | sext | dsp_slice | 3       |
|   ama_addmuladd_16s_16s_7ns_24s_25_4_1_U71  | 1   |        | tmp446        | mul  | dsp_slice | 3       |
|   ama_addmuladd_16s_16s_6ns_25s_25_4_1_U75  | 1   |        | tmp447        | add  | dsp_slice | 3       |
|   ama_addmuladd_16s_16s_6ns_25s_25_4_1_U75  | 1   |        | tmp447_cast   | sext | dsp_slice | 3       |
|   ama_addmuladd_16s_16s_6ns_25s_25_4_1_U75  | 1   |        | tmp448        | mul  | dsp_slice | 3       |
|   ama_addmuladd_16s_16s_6ns_25s_25_4_1_U75  | 1   |        | tmp448_cast   | sext | dsp_slice | 3       |
|   ama_addmuladd_16s_16s_7ns_26s_26_4_1_U79  | 1   |        | tmp449        | add  | dsp_slice | 3       |
|   ama_addmuladd_16s_16s_7ns_26s_26_4_1_U79  | 1   |        | tmp449_cast   | sext | dsp_slice | 3       |
|   ama_addmuladd_16s_16s_7ns_26s_26_4_1_U79  | 1   |        | tmp450        | mul  | dsp_slice | 3       |
|   ama_addmuladd_16s_16s_7ns_26s_26_4_1_U79  | 1   |        | sext_ln18_380 | sext | dsp_slice | 3       |
|   ama_addmuladd_16s_16s_13ns_26s_30_4_1_U6  | 1   |        | add_ln18      | add  | dsp_slice | 3       |
|   ama_addmuladd_16s_16s_14ns_30s_32_4_1_U7  | 1   |        | add_ln18_1    | add  | dsp_slice | 3       |
|   ama_addmuladd_16s_16s_13ns_31s_31_4_1_U9  | 1   |        | add_ln18_2    | add  | dsp_slice | 3       |
|   ama_addmuladd_16s_16s_12ns_30s_30_4_1_U11 | 1   |        | add_ln18_3    | add  | dsp_slice | 3       |
|   ama_addmuladd_16s_16s_9ns_28s_28_4_1_U13  | 1   |        | add_ln18_6    | add  | dsp_slice | 3       |
|   ama_addmuladd_16s_16s_11s_29s_29_4_1_U15  | 1   |        | add_ln18_7    | add  | dsp_slice | 3       |
|   add_ln18_8_fu_4110_p2                     |     |        | add_ln18_8    | add  | fabric    | 0       |
|   ama_addmuladd_16s_16s_12s_29s_29_4_1_U17  | 1   |        | add_ln18_9    | add  | dsp_slice | 3       |
|   ama_addmuladd_16s_16s_12s_29s_29_4_1_U19  | 1   |        | add_ln18_10   | add  | dsp_slice | 3       |
|   add_ln18_11_fu_4174_p2                    |     |        | add_ln18_11   | add  | fabric    | 0       |
|   add_ln18_12_fu_4184_p2                    |     |        | add_ln18_12   | add  | fabric    | 0       |
|   ama_addmuladd_16s_16s_9ns_20s_26_4_1_U20  | 1   |        | add_ln18_14   | add  | dsp_slice | 3       |
|   ama_addmuladd_16s_16s_11s_26s_28_4_1_U21  | 1   |        | add_ln18_15   | add  | dsp_slice | 3       |
|   ama_addmuladd_16s_16s_11ns_28s_28_4_1_U23 | 1   |        | add_ln18_16   | add  | dsp_slice | 3       |
|   ama_addmuladd_16s_16s_10ns_28s_28_4_1_U24 | 1   |        | add_ln18_17   | add  | dsp_slice | 3       |
|   add_ln18_18_fu_4375_p2                    |     |        | add_ln18_18   | add  | fabric    | 0       |
|   add_ln18_19_fu_4385_p2                    |     |        | add_ln18_19   | add  | fabric    | 0       |
|   ama_addmuladd_16s_16s_9ns_27s_27_4_1_U26  | 1   |        | add_ln18_20   | add  | dsp_slice | 3       |
|   ama_addmuladd_16s_16s_10s_28s_28_4_1_U28  | 1   |        | add_ln18_21   | add  | dsp_slice | 3       |
|   add_ln18_22_fu_4495_p2                    |     |        | add_ln18_22   | add  | fabric    | 0       |
|   ama_addmuladd_16s_16s_11s_28s_28_4_1_U30  | 1   |        | add_ln18_23   | add  | dsp_slice | 3       |
|   ama_addmuladd_16s_16s_10s_27s_27_4_1_U32  | 1   |        | add_ln18_24   | add  | dsp_slice | 3       |
|   add_ln18_25_fu_4583_p2                    |     |        | add_ln18_25   | add  | fabric    | 0       |
|   add_ln18_26_fu_4593_p2                    |     |        | add_ln18_26   | add  | fabric    | 0       |
|   add_ln18_27_fu_4603_p2                    |     |        | add_ln18_27   | add  | fabric    | 0       |
|   ama_addmuladd_16s_16s_9ns_25s_26_4_1_U33  | 1   |        | add_ln18_29   | add  | dsp_slice | 3       |
|   add_ln18_30_fu_4823_p2                    |     |        | add_ln18_30   | add  | fabric    | 0       |
|   ama_addmuladd_16s_16s_9ns_27s_27_4_1_U35  | 1   |        | add_ln18_32   | add  | dsp_slice | 3       |
|   ama_addmuladd_16s_16s_10s_26s_27_4_1_U36  | 1   |        | add_ln18_35   | add  | dsp_slice | 3       |
|   ama_addmuladd_16s_16s_10s_27s_27_4_1_U38  | 1   |        | add_ln18_36   | add  | dsp_slice | 3       |
|   add_ln18_37_fu_5041_p2                    |     |        | add_ln18_37   | add  | fabric    | 0       |
|   ama_addmuladd_16s_16s_10s_26s_27_4_1_U39  | 1   |        | add_ln18_38   | add  | dsp_slice | 3       |
|   ama_addmuladd_16s_16s_9ns_27s_27_4_1_U41  | 1   |        | add_ln18_39   | add  | dsp_slice | 3       |
|   add_ln18_40_fu_5186_p2                    |     |        | add_ln18_40   | add  | fabric    | 0       |
|   add_ln18_41_fu_5196_p2                    |     |        | add_ln18_41   | add  | fabric    | 0       |
|   add_ln18_42_fu_5206_p2                    |     |        | add_ln18_42   | add  | fabric    | 0       |
|   ama_addmuladd_16s_16s_7ns_26s_26_4_1_U43  | 1   |        | add_ln18_43   | add  | dsp_slice | 3       |
|   ama_addmuladd_16s_16s_9ns_26s_27_4_1_U44  | 1   |        | add_ln18_44   | add  | dsp_slice | 3       |
|   ama_addmuladd_16s_16s_10s_27s_28_4_1_U45  | 1   |        | add_ln18_45   | add  | dsp_slice | 3       |
|   ama_addmuladd_16s_16s_8ns_27s_27_4_1_U46  | 1   |        | add_ln18_46   | add  | dsp_slice | 3       |
|   add_ln18_47_fu_5535_p2                    |     |        | add_ln18_47   | add  | fabric    | 0       |
|   add_ln18_48_fu_5544_p2                    |     |        | add_ln18_48   | add  | fabric    | 0       |
|   ama_addmuladd_18s_16s_9ns_27s_27_4_1_U48  | 1   |        | add_ln18_49   | add  | dsp_slice | 3       |
|   ama_addmuladd_16s_16s_8ns_25s_26_4_1_U49  | 1   |        | add_ln18_50   | add  | dsp_slice | 3       |
|   ama_addmuladd_16s_16s_9s_26s_26_4_1_U51   | 1   |        | add_ln18_52   | add  | dsp_slice | 3       |
|   ama_addmuladd_16s_16s_9s_26s_26_4_1_U52   | 1   |        | add_ln18_53   | add  | dsp_slice | 3       |
|   add_ln18_54_fu_5854_p2                    |     |        | add_ln18_54   | add  | fabric    | 0       |
|   add_ln18_56_fu_5874_p2                    |     |        | add_ln18_56   | add  | fabric    | 0       |
|   add_ln18_57_fu_5884_p2                    |     |        | add_ln18_57   | add  | fabric    | 0       |
|   ama_addmuladd_16s_16s_8ns_26s_26_4_1_U54  | 1   |        | add_ln18_59   | add  | dsp_slice | 3       |
|   ama_addmuladd_17s_17s_9s_26s_27_4_1_U55   | 1   |        | add_ln18_60   | add  | dsp_slice | 3       |
|   ama_addmuladd_16s_16s_8ns_26s_26_4_1_U57  | 1   |        | add_ln18_61   | add  | dsp_slice | 3       |
|   ama_addmuladd_17s_17s_9s_24s_26_4_1_U58   | 1   |        | add_ln18_62   | add  | dsp_slice | 3       |
|   add_ln18_63_fu_6194_p2                    |     |        | add_ln18_63   | add  | fabric    | 0       |
|   add_ln18_64_fu_6204_p2                    |     |        | add_ln18_64   | add  | fabric    | 0       |
|   ama_addmuladd_16s_16s_9s_27s_27_4_1_U60   | 1   |        | add_ln18_65   | add  | dsp_slice | 3       |
|   ama_addmuladd_16s_16s_8ns_25s_25_4_1_U62  | 1   |        | add_ln18_66   | add  | dsp_slice | 3       |
|   add_ln18_67_fu_6359_p2                    |     |        | add_ln18_67   | add  | fabric    | 0       |
|   ama_addmuladd_18s_16s_8ns_26s_27_4_1_U63  | 1   |        | add_ln18_68   | add  | dsp_slice | 3       |
|   add_ln18_72_fu_6608_p2                    |     |        | add_ln18_72   | add  | fabric    | 0       |
|   ama_addmuladd_16s_16s_7ns_25s_25_4_1_U65  | 1   |        | add_ln18_73   | add  | dsp_slice | 3       |
|   ama_addmuladd_16s_16s_9s_25s_26_4_1_U66   | 1   |        | add_ln18_74   | add  | dsp_slice | 3       |
|   ama_addmuladd_16s_16s_8s_26s_26_4_1_U67   | 1   |        | add_ln18_76   | add  | dsp_slice | 3       |
|   add_ln18_77_fu_7015_p2                    |     |        | add_ln18_77   | add  | fabric    | 0       |
|   add_ln18_78_fu_7025_p2                    |     |        | add_ln18_78   | add  | fabric    | 0       |
|   ama_addmuladd_17s_18s_7ns_27s_27_4_1_U68  | 1   |        | add_ln18_80   | add  | dsp_slice | 3       |
|   add_ln18_81_fu_7353_p2                    |     |        | add_ln18_81   | add  | fabric    | 0       |
|   ama_addmuladd_17s_17s_8s_25s_26_4_1_U69   | 1   |        | add_ln18_82   | add  | dsp_slice | 3       |
|   add_ln18_84_fu_7633_p2                    |     |        | add_ln18_84   | add  | fabric    | 0       |
|   add_ln18_85_fu_7642_p2                    |     |        | add_ln18_85   | add  | fabric    | 0       |
|   add_ln18_86_fu_7667_p2                    |     |        | add_ln18_86   | add  | fabric    | 0       |
|   add_ln18_87_fu_7677_p2                    |     |        | add_ln18_87   | add  | fabric    | 0       |
|   ama_addmuladd_17s_17s_7s_22s_24_4_1_U70   | 1   |        | add_ln18_88   | add  | dsp_slice | 3       |
|   ama_addmuladd_16s_16s_7ns_24s_25_4_1_U71  | 1   |        | add_ln18_89   | add  | dsp_slice | 3       |
|   ama_addmuladd_19s_16s_6ns_25s_26_4_1_U72  | 1   |        | add_ln18_90   | add  | dsp_slice | 3       |
|   add_ln18_92_fu_8326_p2                    |     |        | add_ln18_92   | add  | fabric    | 0       |
|   add_ln18_93_fu_8335_p2                    |     |        | add_ln18_93   | add  | fabric    | 0       |
|   ama_submuladd_19s_16s_6ns_25s_25_4_1_U73  | 1   |        | add_ln18_94   | add  | dsp_slice | 3       |
|   add_ln18_96_fu_8599_p2                    |     |        | add_ln18_96   | add  | fabric    | 0       |
|   add_ln18_97_fu_8698_p2                    |     |        | add_ln18_97   | add  | fabric    | 0       |
|   ama_addmuladd_16s_16s_6ns_25s_25_4_1_U75  | 1   |        | add_ln18_98   | add  | dsp_slice | 3       |
|   add_ln18_99_fu_8824_p2                    |     |        | add_ln18_99   | add  | fabric    | 0       |
|   add_ln18_100_fu_8834_p2                   |     |        | add_ln18_100  | add  | fabric    | 0       |
|   add_ln18_101_fu_8844_p2                   |     |        | add_ln18_101  | add  | fabric    | 0       |
|   ama_submuladd_18s_16s_5ns_24s_24_4_1_U76  | 1   |        | add_ln18_102  | add  | dsp_slice | 3       |
|   ama_submuladd_18s_16s_5ns_22s_23_4_1_U77  | 1   |        | add_ln18_105  | add  | dsp_slice | 3       |
|   add_ln18_107_fu_9242_p2                   |     |        | add_ln18_107  | add  | fabric    | 0       |
|   ama_addmuladd_17s_17s_7ns_26s_26_4_1_U78  | 1   |        | add_ln18_110  | add  | dsp_slice | 3       |
|   add_ln18_111_fu_9607_p2                   |     |        | add_ln18_111  | add  | fabric    | 0       |
|   ama_addmuladd_16s_16s_7ns_26s_26_4_1_U79  | 1   |        | add_ln18_112  | add  | dsp_slice | 3       |
|   ama_addmuladd_17s_18s_7ns_27s_27_4_1_U81  | 1   |        | add_ln18_113  | add  | dsp_slice | 3       |
|   add_ln18_114_fu_9666_p2                   |     |        | add_ln18_114  | add  | fabric    | 0       |
|   add_ln18_115_fu_9675_p2                   |     |        | add_ln18_115  | add  | fabric    | 0       |
|   add_ln18_118_fu_9701_p2                   |     |        | add_ln18_118  | add  | fabric    | 0       |
+---------------------------------------------+-----+--------+---------------+------+-----------+---------+


================================================================
== Storage Report
================================================================
+--------------------+--------+------+------+------+--------+----------------+------+---------+------------------+
| Name               | Usage  | Type | BRAM | URAM | Pragma | Variable       | Impl | Latency | Bitwidth, Depth, |
|                    |        |      |      |      |        |                |      |         | Banks            |
+--------------------+--------+------+------+------+--------+----------------+------+---------+------------------+
| + Direct_FIR_SRL   |        |      | 0    | 0    |        |                |      |         |                  |
|   fir_shiftreg_V_U | ram_1p |      |      |      |        | fir_shiftreg_V | auto | 0       | 16, 392, 1       |
+--------------------+--------+------+------+------+--------+----------------+------+---------+------------------+


================================================================
== Pragma Report
================================================================
* Valid Pragma Syntax
+-----------+-------------------------------+-----------------------------------------+
| Type      | Options                       | Location                                |
+-----------+-------------------------------+-----------------------------------------+
| interface | mode=axis port=input          | FIR_HLS.cpp:7 in direct_fir_srl, input  |
| interface | mode=axis port=output         | FIR_HLS.cpp:8 in direct_fir_srl, output |
| interface | mode=ap_ctrl_none port=return | FIR_HLS.cpp:9 in direct_fir_srl, return |
| pipeline  |                               | FIR_HLS.cpp:11 in direct_fir_srl        |
+-----------+-------------------------------+-----------------------------------------+


