================================================================
== Design Size Report
================================================================

* Total Instructions per Compilation Phase
+---------------+-----------------------------+--------------+----------------------------------------------------------------------------------------+
| Phase         | Step                        | Instructions | Description                                                                            |
+---------------+-----------------------------+--------------+----------------------------------------------------------------------------------------+
| Compile/Link  |                             | 6,160        | After all functions are compiled and linked into a single design                       |
|               |                             |              |                                                                                        |
| Unroll/Inline |                             |              | After user unroll and inline pragmas are applied                                       |
|               | (1) unroll                  | 1,057        | user unroll pragmas are applied                                                        |
|               | (2) simplification          |   519        | simplification of applied user unroll pragmas                                          |
|               | (3) inline                  |   479        | user inline pragmas are applied                                                        |
|               | (4) simplification          |   479        | simplification of applied user inline pragmas                                          |
|               |                             |              |                                                                                        |
| Array/Struct  |                             |              | After user array partition and struct aggregate/disaggregate pragmas are applied       |
|               | (1) array partition         |   379        | user array partition pragmas are applied                                               |
|               | (2) simplification          |   379        | simplification of applied user array partition & struct aggregate/disaggregate pragmas |
|               | (3) aggregate/disaggregate  |   379        | user struct aggregate/disaggregate pragmas are applied                                 |
|               | (4) array reshape           |   379        | apply array reshape pragmas                                                            |
|               | (5) access patterns         | 1,364        | array access pattern optmizations                                                      |
|               |                             |              |                                                                                        |
| Performance   |                             |              | After transformations are applied to meet performance pragma targets                   |
|               | (1) loop simplification     | 1,100        | loop and instruction simplification                                                    |
|               | (2) parallelization         | 1,100        | loops are unrolled or pipelined to meet performance targets                            |
|               | (3) array partition         | 1,066        | arrays are partitioned to meet performance targets                                     |
|               | (4) simplification          | 1,066        | simplification of design after performance transformations                             |
|               |                             |              |                                                                                        |
| HW Transforms |                             |              | After hardware transfomations                                                          |
|               | (1) lowering                | 1,068        | initial conversion to HW specific instructions                                         |
|               | (2) optimizations           | 1,059        | high level synthesis optimizations                                                     |
+---------------+-----------------------------+--------------+----------------------------------------------------------------------------------------+

* Instructions per Function for each Compilation Phase
+-------------------+----------------+-----------------+---------------+-----------------+----------------+----------------+
| Function          | Location       | Compile/Link    | Unroll/Inline | Array/Struct    | Performance    | HW Transforms  |
+-------------------+----------------+-----------------+---------------+-----------------+----------------+----------------+
| + FIR_Cascade_HLS | FIR_HLS.cpp:20 | 6,160           | 479           | 1,364           | 1,066          | 1,059          |
|    FIR_filter     | FIR_HLS.cpp:58 | 4,671 (9 calls) | 387 (9 calls) | 1,272 (9 calls) |  974 (9 calls) |  983 (9 calls) |
+-------------------+----------------+-----------------+---------------+-----------------+----------------+----------------+

* Design Size Message Settings
+---------------------------------------------+--------+------------------------------------------------------------------+
| Message Setting                             | Value  | Description                                                      |
+---------------------------------------------+--------+------------------------------------------------------------------+
| config_compile -design_size_maximum_warning | 100000 | Show a warning when total design instructions exceeds this value |
+---------------------------------------------+--------+------------------------------------------------------------------+


