

================================================================
== Vitis HLS Report for 'Direct_FIR_DSP_Pipeline_VITIS_LOOP_29_1'
================================================================
* Date:           Sun Nov 16 15:35:50 2025

* Version:        2024.2 (Build 5238294 on Nov  8 2024)
* Project:        Direct_FIR_DSP
* Solution:       hls (Vivado IP Flow Target)
* Product family: zynquplus
* Target device:  xck26-sfvc784-2LV-c


================================================================
== Performance Estimates
================================================================
+ Timing: 
    * Summary: 
    +--------+----------+----------+------------+
    |  Clock |  Target  | Estimated| Uncertainty|
    +--------+----------+----------+------------+
    |ap_clk  |  10.00 ns|  2.440 ns|     2.70 ns|
    +--------+----------+----------+------------+

+ Latency: 
    * Summary: 
    +---------+---------+----------+----------+-----+-----+------------------------------------------------+
    |  Latency (cycles) |  Latency (absolute) |  Interval |                    Pipeline                    |
    |   min   |   max   |    min   |    max   | min | max |                      Type                      |
    +---------+---------+----------+----------+-----+-----+------------------------------------------------+
    |      397|      397|  3.970 us|  3.970 us|  393|  393|  loop auto-rewind stp (delay=0 clock cycles(s))|
    +---------+---------+----------+----------+-----+-----+------------------------------------------------+

    + Detail: 
        * Instance: 
        N/A

        * Loop: 
        +-------------------+---------+---------+----------+-----------+-----------+------+----------+
        |                   |  Latency (cycles) | Iteration|  Initiation Interval  | Trip |          |
        |     Loop Name     |   min   |   max   |  Latency |  achieved |   target  | Count| Pipelined|
        +-------------------+---------+---------+----------+-----------+-----------+------+----------+
        |- VITIS_LOOP_29_1  |      395|      395|         5|          1|          1|   392|       yes|
        +-------------------+---------+---------+----------+-----------+-----------+------+----------+



================================================================
== Utilization Estimates
================================================================
* Summary: 
+-----------------+---------+------+--------+--------+-----+
|       Name      | BRAM_18K|  DSP |   FF   |   LUT  | URAM|
+-----------------+---------+------+--------+--------+-----+
|DSP              |        -|     1|       -|       -|    -|
|Expression       |        -|     -|       0|      50|    -|
|FIFO             |        -|     -|       -|       -|    -|
|Instance         |        -|     -|       -|       -|    -|
|Memory           |        1|     -|       0|       0|    -|
|Multiplexer      |        -|     -|       0|      54|    -|
|Register         |        -|     -|     115|      32|    -|
+-----------------+---------+------+--------+--------+-----+
|Total            |        1|     1|     115|     136|    0|
+-----------------+---------+------+--------+--------+-----+
|Available        |      288|  1248|  234240|  117120|   64|
+-----------------+---------+------+--------+--------+-----+
|Utilization (%)  |       ~0|    ~0|      ~0|      ~0|    0|
+-----------------+---------+------+--------+--------+-----+

+ Detail: 
    * Instance: 
    N/A

    * DSP: 
    +----------------------------------+-------------------------------+--------------+
    |             Instance             |             Module            |  Expression  |
    +----------------------------------+-------------------------------+--------------+
    |mac_muladd_16s_14s_32s_32_4_1_U1  |mac_muladd_16s_14s_32s_32_4_1  |  i0 * i1 + i2|
    +----------------------------------+-------------------------------+--------------+

    * Memory: 
    +---------+-----------------------------------------------------------+---------+---+----+-----+------+-----+------+-------------+
    |  Memory |                           Module                          | BRAM_18K| FF| LUT| URAM| Words| Bits| Banks| W*Bits*Banks|
    +---------+-----------------------------------------------------------+---------+---+----+-----+------+-----+------+-------------+
    |b_FIR_U  |Direct_FIR_DSP_Pipeline_VITIS_LOOP_29_1_b_FIR_ROM_AUTO_1R  |        1|  0|   0|    0|   392|   14|     1|         5488|
    +---------+-----------------------------------------------------------+---------+---+----+-----+------+-----+------+-------------+
    |Total    |                                                           |        1|  0|   0|    0|   392|   14|     1|         5488|
    +---------+-----------------------------------------------------------+---------+---+----+-----+------+-----+------+-------------+

    * FIFO: 
    N/A

    * Expression: 
    +--------------------+----------+----+---+----+------------+------------+
    |    Variable Name   | Operation| DSP| FF| LUT| Bitwidth P0| Bitwidth P1|
    +--------------------+----------+----+---+----+------------+------------+
    |add_ln29_fu_96_p2   |         +|   0|  0|  16|           9|           1|
    |sub_ln30_fu_107_p2  |         -|   0|  0|  16|           8|           9|
    |icmp_ln29_fu_90_p2  |      icmp|   0|  0|  16|           9|           8|
    |ap_enable_pp0       |       xor|   0|  0|   2|           1|           2|
    +--------------------+----------+----+---+----+------------+------------+
    |Total               |          |   0|  0|  50|          27|          20|
    +--------------------+----------+----+---+----+------------+------------+

    * Multiplexer: 
    +-------------------------------+----+-----------+-----+-----------+
    |              Name             | LUT| Input Size| Bits| Total Bits|
    +-------------------------------+----+-----------+-----+-----------+
    |FIR_accu32_fu_36               |   9|          2|   32|         64|
    |ap_done_int                    |   9|          2|    1|          2|
    |ap_enable_reg_pp0_iter4        |   9|          2|    1|          2|
    |ap_sig_allocacmp_FIR_accu32_2  |   9|          2|   32|         64|
    |ap_sig_allocacmp_i_2           |   9|          2|    9|         18|
    |i_fu_40                        |   9|          2|    9|         18|
    +-------------------------------+----+-----------+-----+-----------+
    |Total                          |  54|         12|   84|        168|
    +-------------------------------+----+-----------+-----+-----------+

    * Register: 
    +----------------------------------+----+----+-----+-----------+
    |               Name               | FF | LUT| Bits| Const Bits|
    +----------------------------------+----+----+-----+-----------+
    |FIR_accu32_fu_36                  |  32|   0|   32|          0|
    |ap_CS_fsm                         |   1|   0|    1|          0|
    |ap_done_reg                       |   1|   0|    1|          0|
    |ap_enable_reg_pp0_iter1           |   1|   0|    1|          0|
    |ap_enable_reg_pp0_iter2           |   1|   0|    1|          0|
    |ap_enable_reg_pp0_iter3           |   1|   0|    1|          0|
    |ap_enable_reg_pp0_iter4           |   1|   0|    1|          0|
    |ap_loop_exit_ready_pp0_iter1_reg  |   1|   0|    1|          0|
    |ap_loop_exit_ready_pp0_iter2_reg  |   1|   0|    1|          0|
    |ap_loop_exit_ready_pp0_iter3_reg  |   1|   0|    1|          0|
    |i_fu_40                           |   9|   0|    9|          0|
    |icmp_ln29_reg_166                 |   1|   0|    1|          0|
    |icmp_ln29_reg_166                 |  64|  32|    1|          0|
    +----------------------------------+----+----+-----+-----------+
    |Total                             | 115|  32|   52|          0|
    +----------------------------------+----+----+-----+-----------+



================================================================
== Interface
================================================================
* Summary: 
+-----------------------+-----+-----+------------+-----------------------------------------+--------------+
|       RTL Ports       | Dir | Bits|  Protocol  |              Source Object              |    C Type    |
+-----------------------+-----+-----+------------+-----------------------------------------+--------------+
|ap_clk                 |   in|    1|  ap_ctrl_hs|  Direct_FIR_DSP_Pipeline_VITIS_LOOP_29_1|  return value|
|ap_rst                 |   in|    1|  ap_ctrl_hs|  Direct_FIR_DSP_Pipeline_VITIS_LOOP_29_1|  return value|
|ap_start               |   in|    1|  ap_ctrl_hs|  Direct_FIR_DSP_Pipeline_VITIS_LOOP_29_1|  return value|
|ap_done                |  out|    1|  ap_ctrl_hs|  Direct_FIR_DSP_Pipeline_VITIS_LOOP_29_1|  return value|
|ap_idle                |  out|    1|  ap_ctrl_hs|  Direct_FIR_DSP_Pipeline_VITIS_LOOP_29_1|  return value|
|ap_ready               |  out|    1|  ap_ctrl_hs|  Direct_FIR_DSP_Pipeline_VITIS_LOOP_29_1|  return value|
|FIR_accu32_out         |  out|   31|      ap_vld|                           FIR_accu32_out|       pointer|
|FIR_accu32_out_ap_vld  |  out|    1|      ap_vld|                           FIR_accu32_out|       pointer|
|H_filter_FIR_address0  |  out|    9|   ap_memory|                             H_filter_FIR|         array|
|H_filter_FIR_ce0       |  out|    1|   ap_memory|                             H_filter_FIR|         array|
|H_filter_FIR_q0        |   in|   16|   ap_memory|                             H_filter_FIR|         array|
+-----------------------+-----+-----+------------+-----------------------------------------+--------------+

