  **** HLS Build v2024.2 5238294
INFO: [HLS 200-2005] Using work_dir C:/HLS-multirate-DSP/HLS_Multirate/Multirate_v1/Multirate_v1 
INFO: [HLS 200-1611] Setting target device to 'xck26-sfvc784-2LV-c'
INFO: [HLS 200-1505] Using default flow_target 'vivado'
Resolution: For help on HLS 200-1505 see docs.xilinx.com/access/sources/dita/topic?Doc_Version=2024.2%20English&url=ug1448-hls-guidance&resourceid=200-1505.html
INFO: [HLS 200-1465] Applying ini 'syn.file=FIR_HLS.cpp' from C:/HLS-multirate-DSP/HLS_Multirate/Multirate_v1/hls_config.cfg(7)
INFO: [HLS 200-10] Adding design file 'C:/HLS-multirate-DSP/HLS_Multirate/Multirate_v1/FIR_HLS.cpp' to the project
INFO: [HLS 200-1465] Applying ini 'syn.file=FIR_HLS.h' from C:/HLS-multirate-DSP/HLS_Multirate/Multirate_v1/hls_config.cfg(8)
INFO: [HLS 200-10] Adding design file 'C:/HLS-multirate-DSP/HLS_Multirate/Multirate_v1/FIR_HLS.h' to the project
INFO: [HLS 200-1465] Applying ini 'syn.file=../../Matlab/FIR_multirate_HLS.h' from C:/HLS-multirate-DSP/HLS_Multirate/Multirate_v1/hls_config.cfg(9)
INFO: [HLS 200-10] Adding design file 'C:/HLS-multirate-DSP/Matlab/FIR_multirate_HLS.h' to the project
INFO: [HLS 200-1465] Applying ini 'tb.file=FIR_HLS_TB.cpp' from C:/HLS-multirate-DSP/HLS_Multirate/Multirate_v1/hls_config.cfg(10)
INFO: [HLS 200-10] Adding test bench file 'C:/HLS-multirate-DSP/HLS_Multirate/Multirate_v1/FIR_HLS_TB.cpp' to the project
INFO: [HLS 200-1465] Applying ini 'tb.file=../../Matlab/TS_HLS_multirate.res' from C:/HLS-multirate-DSP/HLS_Multirate/Multirate_v1/hls_config.cfg(11)
INFO: [HLS 200-10] Adding test bench file 'C:/HLS-multirate-DSP/Matlab/TS_HLS_multirate.res' to the project
INFO: [HLS 200-1465] Applying ini 'tb.file=../../Matlab/TS_HLS_multirate.dat' from C:/HLS-multirate-DSP/HLS_Multirate/Multirate_v1/hls_config.cfg(12)
INFO: [HLS 200-10] Adding test bench file 'C:/HLS-multirate-DSP/Matlab/TS_HLS_multirate.dat' to the project
INFO: [HLS 200-1465] Applying ini 'syn.top=FIR_HLS' from C:/HLS-multirate-DSP/HLS_Multirate/Multirate_v1/hls_config.cfg(13)
INFO: [HLS 200-1465] Applying ini 'flow_target=vivado' from C:/HLS-multirate-DSP/HLS_Multirate/Multirate_v1/hls_config.cfg(4)
INFO: [HLS 200-1505] Using flow_target 'vivado'
Resolution: For help on HLS 200-1505 see docs.xilinx.com/access/sources/dita/topic?Doc_Version=2024.2%20English&url=ug1448-hls-guidance&resourceid=200-1505.html
INFO: [HLS 200-1465] Applying ini 'part=xck26-sfvc784-2LV-c' from C:/HLS-multirate-DSP/HLS_Multirate/Multirate_v1/hls_config.cfg(1)
INFO: [HLS 200-1465] Applying ini 'package.output.format=ip_catalog' from C:/HLS-multirate-DSP/HLS_Multirate/Multirate_v1/hls_config.cfg(5)
INFO: [COSIM 212-47] Using XSIM for RTL simulation.
INFO: [COSIM 212-14] Instrumenting C test bench ...
   Build using "C:/AMD/Vitis/2024.2/vcxx/libexec/clang++"
   Compiling FIR_HLS_TB.cpp_pre.cpp.tb.cpp
   Compiling apatb_FIR_HLS.cpp
   Compiling apatb_FIR_HLS_util.cpp
   Compiling FIR_HLS.cpp_pre.cpp.tb.cpp
   Compiling apatb_FIR_HLS_ir.ll
   Generating cosim.tv.exe
INFO: [COSIM 212-302] Starting C TB testing ... 
INFO: Reading ../../../../../../Matlab/TS_HLS_multirate.dat
INFO: Read 460 samples from ../../../../../../Matlab/TS_HLS_multirate.dat
INFO: Reading ../../../../../../Matlab/TS_HLS_multirate.res
INFO: Read 460 samples from ../../../../../../Matlab/TS_HLS_multirate.res
INFO: Input and reference data lengths match.
Mismatch at sample  280: ref=-0.358093, dut=-0.304932
Mismatch at sample  281: ref=-0.481445, dut=-0.420898
Mismatch at sample  282: ref=-0.582062, dut=-0.569702
Mismatch at sample  283: ref=-0.672455, dut=-0.785156
Mismatch at sample  284: ref=-0.771301, dut=0.978027
Mismatch at sample  285: ref=-0.851379, dut=0.883667
Mismatch at sample  286: ref=-0.910278, dut=-0.931274
Mismatch at sample  287: ref=-0.951416, dut=-0.438354
Mismatch at sample  288: ref=-0.987885, dut=0.21582
Mismatch at sample  289: ref=0.999847, dut=0.791748
Mismatch at sample  290: ref=-0.999756, dut=-0.976807
Mismatch at sample  291: ref=-0.980927, dut=0.810913
Mismatch at sample  292: ref=-0.947968, dut=0.255737
Mismatch at sample  293: ref=-0.892883, dut=-0.379883
Mismatch at sample  294: ref=-0.838196, dut=-0.859253
Mismatch at sample  295: ref=-0.769135, dut=0.96582
Mismatch at sample  296: ref=-0.679352, dut=-0.930054
Mismatch at sample  297: ref=-0.573975, dut=-0.686768
Mismatch at sample  298: ref=-0.480408, dut=-0.46814
Mismatch at sample  299: ref=-0.378174, dut=-0.317749
Mismatch at sample  300: ref=-0.251801, dut=-0.19873
---------------------------------------
Testbench Results
Samples processed : 460
Mismatches        : 21
Status: FAIL [!!] (21 samples out of tolerance)
---------------------------------------
INFO [HLS SIM]: The maximum depth reached by any hls::stream() instance in the design is 460
INFO: [COSIM 212-333] Generating C post check test bench ...
INFO: [COSIM 212-12] Generating RTL test bench ...
INFO: [COSIM 212-1] *** C/RTL co-simulation file generation completed. ***
INFO: [COSIM 212-323] Starting verilog simulation. 
INFO: [COSIM 212-15] Starting XSIM ...

C:\HLS-multirate-DSP\HLS_Multirate\Multirate_v1\Multirate_v1\hls\sim\verilog>set PATH= 

C:\HLS-multirate-DSP\HLS_Multirate\Multirate_v1\Multirate_v1\hls\sim\verilog>call C:/AMD/Vivado/2024.2/bin/xelab xil_defaultlib.apatb_FIR_HLS_top glbl -Oenable_linking_all_libraries  -prj FIR_HLS.prj -L smartconnect_v1_0 -L axi_protocol_checker_v1_1_12 -L axi_protocol_checker_v1_1_13 -L axis_protocol_checker_v1_1_11 -L axis_protocol_checker_v1_1_12 -L xil_defaultlib -L unisims_ver -L xpm  -L floating_point_v7_0_24 -L floating_point_v7_1_19 --lib "ieee_proposed=./ieee_proposed" -s FIR_HLS  
Vivado Simulator v2024.2.0
Copyright 1986-2022 Xilinx, Inc. All Rights Reserved.
Copyright 2022-2024 Advanced Micro Devices, Inc. All Rights Reserved.
Running: C:/AMD/Vivado/2024.2/bin/unwrapped/win64.o/xelab.exe xil_defaultlib.apatb_FIR_HLS_top glbl -Oenable_linking_all_libraries -prj FIR_HLS.prj -L smartconnect_v1_0 -L axi_protocol_checker_v1_1_12 -L axi_protocol_checker_v1_1_13 -L axis_protocol_checker_v1_1_11 -L axis_protocol_checker_v1_1_12 -L xil_defaultlib -L unisims_ver -L xpm -L floating_point_v7_0_24 -L floating_point_v7_1_19 --lib ieee_proposed=./ieee_proposed -s FIR_HLS 
Multi-threading is on. Using 10 slave threads.
INFO: [VRFC 10-2263] Analyzing SystemVerilog file "C:/HLS-multirate-DSP/HLS_Multirate/Multirate_v1/Multirate_v1/hls/sim/verilog/glbl.v" into library work
INFO: [VRFC 10-311] analyzing module glbl
INFO: [VRFC 10-2263] Analyzing SystemVerilog file "C:/HLS-multirate-DSP/HLS_Multirate/Multirate_v1/Multirate_v1/hls/sim/verilog/AESL_axi_s_input_r.v" into library xil_defaultlib
INFO: [VRFC 10-311] analyzing module AESL_axi_s_input_r
INFO: [VRFC 10-2263] Analyzing SystemVerilog file "C:/HLS-multirate-DSP/HLS_Multirate/Multirate_v1/Multirate_v1/hls/sim/verilog/AESL_axi_s_output_r.v" into library xil_defaultlib
INFO: [VRFC 10-311] analyzing module AESL_axi_s_output_r
INFO: [VRFC 10-2263] Analyzing SystemVerilog file "C:/HLS-multirate-DSP/HLS_Multirate/Multirate_v1/Multirate_v1/hls/sim/verilog/AESL_deadlock_idx0_monitor.v" into library xil_defaultlib
INFO: [VRFC 10-311] analyzing module AESL_deadlock_idx0_monitor
INFO: [VRFC 10-2263] Analyzing SystemVerilog file "C:/HLS-multirate-DSP/HLS_Multirate/Multirate_v1/Multirate_v1/hls/sim/verilog/AESL_deadlock_kernel_monitor_top.v" into library xil_defaultlib
INFO: [VRFC 10-311] analyzing module AESL_deadlock_kernel_monitor_top
INFO: [VRFC 10-2263] Analyzing SystemVerilog file "C:/HLS-multirate-DSP/HLS_Multirate/Multirate_v1/Multirate_v1/hls/sim/verilog/AESL_fifo.v" into library xil_defaultlib
INFO: [VRFC 10-311] analyzing module fifo
INFO: [VRFC 10-2263] Analyzing SystemVerilog file "C:/HLS-multirate-DSP/HLS_Multirate/Multirate_v1/Multirate_v1/hls/sim/verilog/FIR_HLS.autotb.v" into library xil_defaultlib
INFO: [VRFC 10-311] analyzing module apatb_FIR_HLS_top
INFO: [VRFC 10-2263] Analyzing SystemVerilog file "C:/HLS-multirate-DSP/HLS_Multirate/Multirate_v1/Multirate_v1/hls/sim/verilog/FIR_HLS.v" into library xil_defaultlib
INFO: [VRFC 10-311] analyzing module FIR_HLS
INFO: [VRFC 10-2263] Analyzing SystemVerilog file "C:/HLS-multirate-DSP/HLS_Multirate/Multirate_v1/Multirate_v1/hls/sim/verilog/FIR_HLS_FIR_filter.v" into library xil_defaultlib
INFO: [VRFC 10-311] analyzing module FIR_HLS_FIR_filter
INFO: [VRFC 10-2263] Analyzing SystemVerilog file "C:/HLS-multirate-DSP/HLS_Multirate/Multirate_v1/Multirate_v1/hls/sim/verilog/FIR_HLS_FIR_filter_1.v" into library xil_defaultlib
INFO: [VRFC 10-311] analyzing module FIR_HLS_FIR_filter_1
INFO: [VRFC 10-2263] Analyzing SystemVerilog file "C:/HLS-multirate-DSP/HLS_Multirate/Multirate_v1/Multirate_v1/hls/sim/verilog/FIR_HLS_FIR_filter_2.v" into library xil_defaultlib
INFO: [VRFC 10-311] analyzing module FIR_HLS_FIR_filter_2
INFO: [VRFC 10-2263] Analyzing SystemVerilog file "C:/HLS-multirate-DSP/HLS_Multirate/Multirate_v1/Multirate_v1/hls/sim/verilog/FIR_HLS_mul_32s_10s_42_1_1.v" into library xil_defaultlib
INFO: [VRFC 10-311] analyzing module FIR_HLS_mul_32s_10s_42_1_1
INFO: [VRFC 10-2263] Analyzing SystemVerilog file "C:/HLS-multirate-DSP/HLS_Multirate/Multirate_v1/Multirate_v1/hls/sim/verilog/FIR_HLS_mul_32s_11s_43_1_1.v" into library xil_defaultlib
INFO: [VRFC 10-311] analyzing module FIR_HLS_mul_32s_11s_43_1_1
INFO: [VRFC 10-2263] Analyzing SystemVerilog file "C:/HLS-multirate-DSP/HLS_Multirate/Multirate_v1/Multirate_v1/hls/sim/verilog/FIR_HLS_mul_32s_12s_43_1_1.v" into library xil_defaultlib
INFO: [VRFC 10-311] analyzing module FIR_HLS_mul_32s_12s_43_1_1
INFO: [VRFC 10-2263] Analyzing SystemVerilog file "C:/HLS-multirate-DSP/HLS_Multirate/Multirate_v1/Multirate_v1/hls/sim/verilog/FIR_HLS_mul_32s_12s_44_1_1.v" into library xil_defaultlib
INFO: [VRFC 10-311] analyzing module FIR_HLS_mul_32s_12s_44_1_1
INFO: [VRFC 10-2263] Analyzing SystemVerilog file "C:/HLS-multirate-DSP/HLS_Multirate/Multirate_v1/Multirate_v1/hls/sim/verilog/FIR_HLS_mul_32s_13s_44_1_1.v" into library xil_defaultlib
INFO: [VRFC 10-311] analyzing module FIR_HLS_mul_32s_13s_44_1_1
INFO: [VRFC 10-2263] Analyzing SystemVerilog file "C:/HLS-multirate-DSP/HLS_Multirate/Multirate_v1/Multirate_v1/hls/sim/verilog/FIR_HLS_mul_32s_13s_45_1_1.v" into library xil_defaultlib
INFO: [VRFC 10-311] analyzing module FIR_HLS_mul_32s_13s_45_1_1
INFO: [VRFC 10-2263] Analyzing SystemVerilog file "C:/HLS-multirate-DSP/HLS_Multirate/Multirate_v1/Multirate_v1/hls/sim/verilog/FIR_HLS_mul_32s_14ns_46_1_1.v" into library xil_defaultlib
INFO: [VRFC 10-311] analyzing module FIR_HLS_mul_32s_14ns_46_1_1
INFO: [VRFC 10-2263] Analyzing SystemVerilog file "C:/HLS-multirate-DSP/HLS_Multirate/Multirate_v1/Multirate_v1/hls/sim/verilog/FIR_HLS_mul_32s_6s_38_1_1.v" into library xil_defaultlib
INFO: [VRFC 10-311] analyzing module FIR_HLS_mul_32s_6s_38_1_1
INFO: [VRFC 10-2263] Analyzing SystemVerilog file "C:/HLS-multirate-DSP/HLS_Multirate/Multirate_v1/Multirate_v1/hls/sim/verilog/FIR_HLS_mul_32s_7s_39_1_1.v" into library xil_defaultlib
INFO: [VRFC 10-311] analyzing module FIR_HLS_mul_32s_7s_39_1_1
INFO: [VRFC 10-2263] Analyzing SystemVerilog file "C:/HLS-multirate-DSP/HLS_Multirate/Multirate_v1/Multirate_v1/hls/sim/verilog/FIR_HLS_mul_32s_8s_40_1_1.v" into library xil_defaultlib
INFO: [VRFC 10-311] analyzing module FIR_HLS_mul_32s_8s_40_1_1
INFO: [VRFC 10-2263] Analyzing SystemVerilog file "C:/HLS-multirate-DSP/HLS_Multirate/Multirate_v1/Multirate_v1/hls/sim/verilog/FIR_HLS_mul_32s_9s_41_1_1.v" into library xil_defaultlib
INFO: [VRFC 10-311] analyzing module FIR_HLS_mul_32s_9s_41_1_1
INFO: [VRFC 10-2263] Analyzing SystemVerilog file "C:/HLS-multirate-DSP/HLS_Multirate/Multirate_v1/Multirate_v1/hls/sim/verilog/FIR_HLS_regslice_both.v" into library xil_defaultlib
INFO: [VRFC 10-311] analyzing module FIR_HLS_regslice_both
INFO: [VRFC 10-2263] Analyzing SystemVerilog file "C:/HLS-multirate-DSP/HLS_Multirate/Multirate_v1/Multirate_v1/hls/sim/verilog/dataflow_monitor.sv" into library xil_defaultlib
INFO: [VRFC 10-311] analyzing module dataflow_monitor
Starting static elaboration
Pass Through NonSizing Optimizer
Completed static elaboration
Starting simulation data flow analysis
Completed simulation data flow analysis
Time Resolution for simulation is 1ps
Compiling package xil_defaultlib.$unit_dataflow_monitor_sv
Compiling module xil_defaultlib.FIR_HLS_mul_32s_10s_42_1_1(NUM_S...
Compiling module xil_defaultlib.FIR_HLS_mul_32s_13s_44_1_1(NUM_S...
Compiling module xil_defaultlib.FIR_HLS_mul_32s_13s_45_1_1(NUM_S...
Compiling module xil_defaultlib.FIR_HLS_mul_32s_14ns_46_1_1(NUM_...
Compiling module xil_defaultlib.FIR_HLS_FIR_filter_1
Compiling module xil_defaultlib.FIR_HLS_mul_32s_12s_43_1_1(NUM_S...
Compiling module xil_defaultlib.FIR_HLS_mul_32s_12s_44_1_1(NUM_S...
Compiling module xil_defaultlib.FIR_HLS_FIR_filter_2
Compiling module xil_defaultlib.FIR_HLS_mul_32s_6s_38_1_1(NUM_ST...
Compiling module xil_defaultlib.FIR_HLS_mul_32s_7s_39_1_1(NUM_ST...
Compiling module xil_defaultlib.FIR_HLS_mul_32s_8s_40_1_1(NUM_ST...
Compiling module xil_defaultlib.FIR_HLS_mul_32s_9s_41_1_1(NUM_ST...
Compiling module xil_defaultlib.FIR_HLS_mul_32s_11s_43_1_1(NUM_S...
Compiling module xil_defaultlib.FIR_HLS_FIR_filter
Compiling module xil_defaultlib.FIR_HLS_regslice_both(DataWidth=...
Compiling module xil_defaultlib.FIR_HLS
Compiling module xil_defaultlib.fifo(DEPTH=2,WIDTH=16)
Compiling module xil_defaultlib.AESL_axi_s_input_r
Compiling module xil_defaultlib.AESL_axi_s_output_r
Compiling module xil_defaultlib.AESL_deadlock_idx0_monitor
Compiling module xil_defaultlib.AESL_deadlock_kernel_monitor_top...
Compiling module xil_defaultlib.nodf_module_intf_default
Compiling module xil_defaultlib.dataflow_monitor_1
Compiling module xil_defaultlib.apatb_FIR_HLS_top
Compiling module work.glbl
Built simulation snapshot FIR_HLS

****** xsim v2024.2 (64-bit)
  **** SW Build 5239630 on Fri Nov 08 22:35:27 MST 2024
  **** IP Build 5239520 on Sun Nov 10 16:12:51 MST 2024
  **** SharedData Build 5239561 on Fri Nov 08 14:39:27 MST 2024
  **** Start of session at: Fri Nov 14 11:40:09 2025
    ** Copyright 1986-2022 Xilinx, Inc. All Rights Reserved.
    ** Copyright 2022-2024 Advanced Micro Devices, Inc. All Rights Reserved.

source xsim.dir/FIR_HLS/xsim_script.tcl
# xsim {FIR_HLS} -autoloadwcfg -tclbatch {FIR_HLS.tcl}
Time resolution is 1 ps
source FIR_HLS.tcl
## run all
////////////////////////////////////////////////////////////////////////////////////
// Inter-Transaction Progress: Completed Transaction / Total Transaction
// Intra-Transaction Progress: Measured Latency / Latency Estimation * 100%
//
// RTL Simulation : "Inter-Transaction Progress" ["Intra-Transaction Progress"] @ "Simulation Time"
////////////////////////////////////////////////////////////////////////////////////
// RTL Simulation : 0 / 460 [0.00%] @ "125000"
// RTL Simulation : 1 / 460 [96.00%] @ "395000"
// RTL Simulation : 2 / 460 [108.00%] @ "435000"
// RTL Simulation : 3 / 460 [124.00%] @ "485000"
// RTL Simulation : 4 / 460 [40.00%] @ "535000"
// RTL Simulation : 5 / 460 [128.00%] @ "805000"
// RTL Simulation : 6 / 460 [124.00%] @ "845000"
// RTL Simulation : 7 / 460 [124.00%] @ "895000"
// RTL Simulation : 8 / 460 [40.00%] @ "945000"
// RTL Simulation : 9 / 460 [128.00%] @ "1215000"
// RTL Simulation : 10 / 460 [124.00%] @ "1255000"
// RTL Simulation : 11 / 460 [124.00%] @ "1305000"
// RTL Simulation : 12 / 460 [40.00%] @ "1355000"
// RTL Simulation : 13 / 460 [128.00%] @ "1625000"
// RTL Simulation : 14 / 460 [124.00%] @ "1665000"
// RTL Simulation : 15 / 460 [124.00%] @ "1715000"
// RTL Simulation : 16 / 460 [40.00%] @ "1765000"
// RTL Simulation : 17 / 460 [128.00%] @ "2035000"
// RTL Simulation : 18 / 460 [124.00%] @ "2075000"
// RTL Simulation : 19 / 460 [124.00%] @ "2125000"
// RTL Simulation : 20 / 460 [40.00%] @ "2175000"
// RTL Simulation : 21 / 460 [128.00%] @ "2445000"
// RTL Simulation : 22 / 460 [124.00%] @ "2485000"
// RTL Simulation : 23 / 460 [124.00%] @ "2535000"
// RTL Simulation : 24 / 460 [40.00%] @ "2585000"
// RTL Simulation : 25 / 460 [128.00%] @ "2855000"
// RTL Simulation : 26 / 460 [124.00%] @ "2895000"
// RTL Simulation : 27 / 460 [124.00%] @ "2945000"
// RTL Simulation : 28 / 460 [40.00%] @ "2995000"
// RTL Simulation : 29 / 460 [128.00%] @ "3265000"
// RTL Simulation : 30 / 460 [124.00%] @ "3305000"
// RTL Simulation : 31 / 460 [124.00%] @ "3355000"
// RTL Simulation : 32 / 460 [40.00%] @ "3405000"
// RTL Simulation : 33 / 460 [128.00%] @ "3675000"
// RTL Simulation : 34 / 460 [124.00%] @ "3715000"
// RTL Simulation : 35 / 460 [124.00%] @ "3765000"
// RTL Simulation : 36 / 460 [40.00%] @ "3815000"
// RTL Simulation : 37 / 460 [128.00%] @ "4085000"
// RTL Simulation : 38 / 460 [124.00%] @ "4125000"
// RTL Simulation : 39 / 460 [124.00%] @ "4175000"
// RTL Simulation : 40 / 460 [40.00%] @ "4225000"
// RTL Simulation : 41 / 460 [128.00%] @ "4495000"
// RTL Simulation : 42 / 460 [124.00%] @ "4535000"
// RTL Simulation : 43 / 460 [124.00%] @ "4585000"
// RTL Simulation : 44 / 460 [40.00%] @ "4635000"
// RTL Simulation : 45 / 460 [128.00%] @ "4905000"
// RTL Simulation : 46 / 460 [124.00%] @ "4945000"
// RTL Simulation : 47 / 460 [124.00%] @ "4995000"
// RTL Simulation : 48 / 460 [40.00%] @ "5045000"
// RTL Simulation : 49 / 460 [128.00%] @ "5315000"
// RTL Simulation : 50 / 460 [124.00%] @ "5355000"
// RTL Simulation : 51 / 460 [124.00%] @ "5405000"
// RTL Simulation : 52 / 460 [40.00%] @ "5455000"
// RTL Simulation : 53 / 460 [128.00%] @ "5725000"
// RTL Simulation : 54 / 460 [124.00%] @ "5765000"
// RTL Simulation : 55 / 460 [124.00%] @ "5815000"
// RTL Simulation : 56 / 460 [40.00%] @ "5865000"
// RTL Simulation : 57 / 460 [128.00%] @ "6135000"
// RTL Simulation : 58 / 460 [124.00%] @ "6175000"
// RTL Simulation : 59 / 460 [124.00%] @ "6225000"
// RTL Simulation : 60 / 460 [40.00%] @ "6275000"
// RTL Simulation : 61 / 460 [128.00%] @ "6545000"
// RTL Simulation : 62 / 460 [124.00%] @ "6585000"
// RTL Simulation : 63 / 460 [124.00%] @ "6635000"
// RTL Simulation : 64 / 460 [40.00%] @ "6685000"
// RTL Simulation : 65 / 460 [128.00%] @ "6955000"
// RTL Simulation : 66 / 460 [124.00%] @ "6995000"
// RTL Simulation : 67 / 460 [124.00%] @ "7045000"
// RTL Simulation : 68 / 460 [40.00%] @ "7095000"
// RTL Simulation : 69 / 460 [128.00%] @ "7365000"
// RTL Simulation : 70 / 460 [124.00%] @ "7405000"
// RTL Simulation : 71 / 460 [124.00%] @ "7455000"
// RTL Simulation : 72 / 460 [40.00%] @ "7505000"
// RTL Simulation : 73 / 460 [128.00%] @ "7775000"
// RTL Simulation : 74 / 460 [124.00%] @ "7815000"
// RTL Simulation : 75 / 460 [124.00%] @ "7865000"
// RTL Simulation : 76 / 460 [40.00%] @ "7915000"
// RTL Simulation : 77 / 460 [128.00%] @ "8185000"
// RTL Simulation : 78 / 460 [124.00%] @ "8225000"
// RTL Simulation : 79 / 460 [124.00%] @ "8275000"
// RTL Simulation : 80 / 460 [40.00%] @ "8325000"
// RTL Simulation : 81 / 460 [128.00%] @ "8595000"
// RTL Simulation : 82 / 460 [124.00%] @ "8635000"
// RTL Simulation : 83 / 460 [124.00%] @ "8685000"
// RTL Simulation : 84 / 460 [40.00%] @ "8735000"
// RTL Simulation : 85 / 460 [128.00%] @ "9005000"
// RTL Simulation : 86 / 460 [124.00%] @ "9045000"
// RTL Simulation : 87 / 460 [124.00%] @ "9095000"
// RTL Simulation : 88 / 460 [40.00%] @ "9145000"
// RTL Simulation : 89 / 460 [128.00%] @ "9415000"
// RTL Simulation : 90 / 460 [124.00%] @ "9455000"
// RTL Simulation : 91 / 460 [124.00%] @ "9505000"
// RTL Simulation : 92 / 460 [40.00%] @ "9555000"
// RTL Simulation : 93 / 460 [128.00%] @ "9825000"
// RTL Simulation : 94 / 460 [124.00%] @ "9865000"
// RTL Simulation : 95 / 460 [124.00%] @ "9915000"
// RTL Simulation : 96 / 460 [40.00%] @ "9965000"
// RTL Simulation : 97 / 460 [128.00%] @ "10235000"
// RTL Simulation : 98 / 460 [124.00%] @ "10275000"
// RTL Simulation : 99 / 460 [124.00%] @ "10325000"
// RTL Simulation : 100 / 460 [40.00%] @ "10375000"
// RTL Simulation : 101 / 460 [128.00%] @ "10645000"
// RTL Simulation : 102 / 460 [124.00%] @ "10685000"
// RTL Simulation : 103 / 460 [124.00%] @ "10735000"
// RTL Simulation : 104 / 460 [40.00%] @ "10785000"
// RTL Simulation : 105 / 460 [128.00%] @ "11055000"
// RTL Simulation : 106 / 460 [124.00%] @ "11095000"
// RTL Simulation : 107 / 460 [124.00%] @ "11145000"
// RTL Simulation : 108 / 460 [40.00%] @ "11195000"
// RTL Simulation : 109 / 460 [128.00%] @ "11465000"
// RTL Simulation : 110 / 460 [124.00%] @ "11505000"
// RTL Simulation : 111 / 460 [124.00%] @ "11555000"
// RTL Simulation : 112 / 460 [40.00%] @ "11605000"
// RTL Simulation : 113 / 460 [128.00%] @ "11875000"
// RTL Simulation : 114 / 460 [124.00%] @ "11915000"
// RTL Simulation : 115 / 460 [124.00%] @ "11965000"
// RTL Simulation : 116 / 460 [40.00%] @ "12015000"
// RTL Simulation : 117 / 460 [128.00%] @ "12285000"
// RTL Simulation : 118 / 460 [124.00%] @ "12325000"
// RTL Simulation : 119 / 460 [124.00%] @ "12375000"
// RTL Simulation : 120 / 460 [40.00%] @ "12425000"
// RTL Simulation : 121 / 460 [128.00%] @ "12695000"
// RTL Simulation : 122 / 460 [124.00%] @ "12735000"
// RTL Simulation : 123 / 460 [124.00%] @ "12785000"
// RTL Simulation : 124 / 460 [40.00%] @ "12835000"
// RTL Simulation : 125 / 460 [128.00%] @ "13105000"
// RTL Simulation : 126 / 460 [124.00%] @ "13145000"
// RTL Simulation : 127 / 460 [124.00%] @ "13195000"
// RTL Simulation : 128 / 460 [40.00%] @ "13245000"
// RTL Simulation : 129 / 460 [128.00%] @ "13515000"
// RTL Simulation : 130 / 460 [124.00%] @ "13555000"
// RTL Simulation : 131 / 460 [124.00%] @ "13605000"
// RTL Simulation : 132 / 460 [40.00%] @ "13655000"
// RTL Simulation : 133 / 460 [128.00%] @ "13925000"
// RTL Simulation : 134 / 460 [124.00%] @ "13965000"
// RTL Simulation : 135 / 460 [124.00%] @ "14015000"
// RTL Simulation : 136 / 460 [40.00%] @ "14065000"
// RTL Simulation : 137 / 460 [128.00%] @ "14335000"
// RTL Simulation : 138 / 460 [124.00%] @ "14375000"
// RTL Simulation : 139 / 460 [124.00%] @ "14425000"
// RTL Simulation : 140 / 460 [40.00%] @ "14475000"
// RTL Simulation : 141 / 460 [128.00%] @ "14745000"
// RTL Simulation : 142 / 460 [124.00%] @ "14785000"
// RTL Simulation : 143 / 460 [124.00%] @ "14835000"
// RTL Simulation : 144 / 460 [40.00%] @ "14885000"
// RTL Simulation : 145 / 460 [128.00%] @ "15155000"
// RTL Simulation : 146 / 460 [124.00%] @ "15195000"
// RTL Simulation : 147 / 460 [124.00%] @ "15245000"
// RTL Simulation : 148 / 460 [40.00%] @ "15295000"
// RTL Simulation : 149 / 460 [128.00%] @ "15565000"
// RTL Simulation : 150 / 460 [124.00%] @ "15605000"
// RTL Simulation : 151 / 460 [124.00%] @ "15655000"
// RTL Simulation : 152 / 460 [40.00%] @ "15705000"
// RTL Simulation : 153 / 460 [128.00%] @ "15975000"
// RTL Simulation : 154 / 460 [124.00%] @ "16015000"
// RTL Simulation : 155 / 460 [124.00%] @ "16065000"
// RTL Simulation : 156 / 460 [40.00%] @ "16115000"
// RTL Simulation : 157 / 460 [128.00%] @ "16385000"
// RTL Simulation : 158 / 460 [124.00%] @ "16425000"
// RTL Simulation : 159 / 460 [124.00%] @ "16475000"
// RTL Simulation : 160 / 460 [40.00%] @ "16525000"
// RTL Simulation : 161 / 460 [128.00%] @ "16795000"
// RTL Simulation : 162 / 460 [124.00%] @ "16835000"
// RTL Simulation : 163 / 460 [124.00%] @ "16885000"
// RTL Simulation : 164 / 460 [40.00%] @ "16935000"
// RTL Simulation : 165 / 460 [128.00%] @ "17205000"
// RTL Simulation : 166 / 460 [124.00%] @ "17245000"
// RTL Simulation : 167 / 460 [124.00%] @ "17295000"
// RTL Simulation : 168 / 460 [40.00%] @ "17345000"
// RTL Simulation : 169 / 460 [128.00%] @ "17615000"
// RTL Simulation : 170 / 460 [124.00%] @ "17655000"
// RTL Simulation : 171 / 460 [124.00%] @ "17705000"
// RTL Simulation : 172 / 460 [40.00%] @ "17755000"
// RTL Simulation : 173 / 460 [128.00%] @ "18025000"
// RTL Simulation : 174 / 460 [124.00%] @ "18065000"
// RTL Simulation : 175 / 460 [124.00%] @ "18115000"
// RTL Simulation : 176 / 460 [40.00%] @ "18165000"
// RTL Simulation : 177 / 460 [128.00%] @ "18435000"
// RTL Simulation : 178 / 460 [124.00%] @ "18475000"
// RTL Simulation : 179 / 460 [124.00%] @ "18525000"
// RTL Simulation : 180 / 460 [40.00%] @ "18575000"
// RTL Simulation : 181 / 460 [128.00%] @ "18845000"
// RTL Simulation : 182 / 460 [124.00%] @ "18885000"
// RTL Simulation : 183 / 460 [124.00%] @ "18935000"
// RTL Simulation : 184 / 460 [40.00%] @ "18985000"
// RTL Simulation : 185 / 460 [128.00%] @ "19255000"
// RTL Simulation : 186 / 460 [124.00%] @ "19295000"
// RTL Simulation : 187 / 460 [124.00%] @ "19345000"
// RTL Simulation : 188 / 460 [40.00%] @ "19395000"
// RTL Simulation : 189 / 460 [128.00%] @ "19665000"
// RTL Simulation : 190 / 460 [124.00%] @ "19705000"
// RTL Simulation : 191 / 460 [124.00%] @ "19755000"
// RTL Simulation : 192 / 460 [40.00%] @ "19805000"
// RTL Simulation : 193 / 460 [128.00%] @ "20075000"
// RTL Simulation : 194 / 460 [124.00%] @ "20115000"
// RTL Simulation : 195 / 460 [124.00%] @ "20165000"
// RTL Simulation : 196 / 460 [40.00%] @ "20215000"
// RTL Simulation : 197 / 460 [128.00%] @ "20485000"
// RTL Simulation : 198 / 460 [124.00%] @ "20525000"
// RTL Simulation : 199 / 460 [124.00%] @ "20575000"
// RTL Simulation : 200 / 460 [40.00%] @ "20625000"
// RTL Simulation : 201 / 460 [128.00%] @ "20895000"
// RTL Simulation : 202 / 460 [124.00%] @ "20935000"
// RTL Simulation : 203 / 460 [124.00%] @ "20985000"
// RTL Simulation : 204 / 460 [40.00%] @ "21035000"
// RTL Simulation : 205 / 460 [128.00%] @ "21305000"
// RTL Simulation : 206 / 460 [124.00%] @ "21345000"
// RTL Simulation : 207 / 460 [124.00%] @ "21395000"
// RTL Simulation : 208 / 460 [40.00%] @ "21445000"
// RTL Simulation : 209 / 460 [128.00%] @ "21715000"
// RTL Simulation : 210 / 460 [124.00%] @ "21755000"
// RTL Simulation : 211 / 460 [124.00%] @ "21805000"
// RTL Simulation : 212 / 460 [40.00%] @ "21855000"
// RTL Simulation : 213 / 460 [128.00%] @ "22125000"
// RTL Simulation : 214 / 460 [124.00%] @ "22165000"
// RTL Simulation : 215 / 460 [124.00%] @ "22215000"
// RTL Simulation : 216 / 460 [40.00%] @ "22265000"
// RTL Simulation : 217 / 460 [128.00%] @ "22535000"
// RTL Simulation : 218 / 460 [124.00%] @ "22575000"
// RTL Simulation : 219 / 460 [124.00%] @ "22625000"
// RTL Simulation : 220 / 460 [40.00%] @ "22675000"
// RTL Simulation : 221 / 460 [128.00%] @ "22945000"
// RTL Simulation : 222 / 460 [124.00%] @ "22985000"
// RTL Simulation : 223 / 460 [124.00%] @ "23035000"
// RTL Simulation : 224 / 460 [40.00%] @ "23085000"
// RTL Simulation : 225 / 460 [128.00%] @ "23355000"
// RTL Simulation : 226 / 460 [124.00%] @ "23395000"
// RTL Simulation : 227 / 460 [124.00%] @ "23445000"
// RTL Simulation : 228 / 460 [40.00%] @ "23495000"
// RTL Simulation : 229 / 460 [128.00%] @ "23765000"
// RTL Simulation : 230 / 460 [124.00%] @ "23805000"
// RTL Simulation : 231 / 460 [124.00%] @ "23855000"
// RTL Simulation : 232 / 460 [40.00%] @ "23905000"
// RTL Simulation : 233 / 460 [128.00%] @ "24175000"
// RTL Simulation : 234 / 460 [124.00%] @ "24215000"
// RTL Simulation : 235 / 460 [124.00%] @ "24265000"
// RTL Simulation : 236 / 460 [40.00%] @ "24315000"
// RTL Simulation : 237 / 460 [128.00%] @ "24585000"
// RTL Simulation : 238 / 460 [124.00%] @ "24625000"
// RTL Simulation : 239 / 460 [124.00%] @ "24675000"
// RTL Simulation : 240 / 460 [40.00%] @ "24725000"
// RTL Simulation : 241 / 460 [128.00%] @ "24995000"
// RTL Simulation : 242 / 460 [124.00%] @ "25035000"
// RTL Simulation : 243 / 460 [124.00%] @ "25085000"
// RTL Simulation : 244 / 460 [40.00%] @ "25135000"
// RTL Simulation : 245 / 460 [128.00%] @ "25405000"
// RTL Simulation : 246 / 460 [124.00%] @ "25445000"
// RTL Simulation : 247 / 460 [124.00%] @ "25495000"
// RTL Simulation : 248 / 460 [40.00%] @ "25545000"
// RTL Simulation : 249 / 460 [128.00%] @ "25815000"
// RTL Simulation : 250 / 460 [124.00%] @ "25855000"
// RTL Simulation : 251 / 460 [124.00%] @ "25905000"
// RTL Simulation : 252 / 460 [40.00%] @ "25955000"
// RTL Simulation : 253 / 460 [128.00%] @ "26225000"
// RTL Simulation : 254 / 460 [124.00%] @ "26265000"
// RTL Simulation : 255 / 460 [124.00%] @ "26315000"
// RTL Simulation : 256 / 460 [40.00%] @ "26365000"
// RTL Simulation : 257 / 460 [128.00%] @ "26635000"
// RTL Simulation : 258 / 460 [124.00%] @ "26675000"
// RTL Simulation : 259 / 460 [124.00%] @ "26725000"
// RTL Simulation : 260 / 460 [40.00%] @ "26775000"
// RTL Simulation : 261 / 460 [128.00%] @ "27045000"
// RTL Simulation : 262 / 460 [124.00%] @ "27085000"
// RTL Simulation : 263 / 460 [124.00%] @ "27135000"
// RTL Simulation : 264 / 460 [40.00%] @ "27185000"
// RTL Simulation : 265 / 460 [128.00%] @ "27455000"
// RTL Simulation : 266 / 460 [124.00%] @ "27495000"
// RTL Simulation : 267 / 460 [124.00%] @ "27545000"
// RTL Simulation : 268 / 460 [40.00%] @ "27595000"
// RTL Simulation : 269 / 460 [128.00%] @ "27865000"
// RTL Simulation : 270 / 460 [124.00%] @ "27905000"
// RTL Simulation : 271 / 460 [124.00%] @ "27955000"
// RTL Simulation : 272 / 460 [40.00%] @ "28005000"
// RTL Simulation : 273 / 460 [128.00%] @ "28275000"
// RTL Simulation : 274 / 460 [124.00%] @ "28315000"
// RTL Simulation : 275 / 460 [124.00%] @ "28365000"
// RTL Simulation : 276 / 460 [40.00%] @ "28415000"
// RTL Simulation : 277 / 460 [128.00%] @ "28685000"
// RTL Simulation : 278 / 460 [124.00%] @ "28725000"
// RTL Simulation : 279 / 460 [124.00%] @ "28775000"
// RTL Simulation : 280 / 460 [40.00%] @ "28825000"
// RTL Simulation : 281 / 460 [128.00%] @ "29095000"
// RTL Simulation : 282 / 460 [124.00%] @ "29135000"
// RTL Simulation : 283 / 460 [124.00%] @ "29185000"
// RTL Simulation : 284 / 460 [40.00%] @ "29235000"
// RTL Simulation : 285 / 460 [128.00%] @ "29505000"
// RTL Simulation : 286 / 460 [124.00%] @ "29545000"
// RTL Simulation : 287 / 460 [124.00%] @ "29595000"
// RTL Simulation : 288 / 460 [40.00%] @ "29645000"
// RTL Simulation : 289 / 460 [128.00%] @ "29915000"
// RTL Simulation : 290 / 460 [124.00%] @ "29955000"
// RTL Simulation : 291 / 460 [124.00%] @ "30005000"
// RTL Simulation : 292 / 460 [40.00%] @ "30055000"
// RTL Simulation : 293 / 460 [128.00%] @ "30325000"
// RTL Simulation : 294 / 460 [124.00%] @ "30365000"
// RTL Simulation : 295 / 460 [124.00%] @ "30415000"
// RTL Simulation : 296 / 460 [40.00%] @ "30465000"
// RTL Simulation : 297 / 460 [128.00%] @ "30735000"
// RTL Simulation : 298 / 460 [124.00%] @ "30775000"
// RTL Simulation : 299 / 460 [124.00%] @ "30825000"
// RTL Simulation : 300 / 460 [40.00%] @ "30875000"
// RTL Simulation : 301 / 460 [128.00%] @ "31145000"
// RTL Simulation : 302 / 460 [124.00%] @ "31185000"
// RTL Simulation : 303 / 460 [124.00%] @ "31235000"
// RTL Simulation : 304 / 460 [40.00%] @ "31285000"
// RTL Simulation : 305 / 460 [128.00%] @ "31555000"
// RTL Simulation : 306 / 460 [124.00%] @ "31595000"
// RTL Simulation : 307 / 460 [124.00%] @ "31645000"
// RTL Simulation : 308 / 460 [40.00%] @ "31695000"
// RTL Simulation : 309 / 460 [128.00%] @ "31965000"
// RTL Simulation : 310 / 460 [124.00%] @ "32005000"
// RTL Simulation : 311 / 460 [124.00%] @ "32055000"
// RTL Simulation : 312 / 460 [40.00%] @ "32105000"
// RTL Simulation : 313 / 460 [128.00%] @ "32375000"
// RTL Simulation : 314 / 460 [124.00%] @ "32415000"
// RTL Simulation : 315 / 460 [124.00%] @ "32465000"
// RTL Simulation : 316 / 460 [40.00%] @ "32515000"
// RTL Simulation : 317 / 460 [128.00%] @ "32785000"
// RTL Simulation : 318 / 460 [124.00%] @ "32825000"
// RTL Simulation : 319 / 460 [124.00%] @ "32875000"
// RTL Simulation : 320 / 460 [40.00%] @ "32925000"
// RTL Simulation : 321 / 460 [128.00%] @ "33195000"
// RTL Simulation : 322 / 460 [124.00%] @ "33235000"
// RTL Simulation : 323 / 460 [124.00%] @ "33285000"
// RTL Simulation : 324 / 460 [40.00%] @ "33335000"
// RTL Simulation : 325 / 460 [128.00%] @ "33605000"
// RTL Simulation : 326 / 460 [124.00%] @ "33645000"
// RTL Simulation : 327 / 460 [124.00%] @ "33695000"
// RTL Simulation : 328 / 460 [40.00%] @ "33745000"
// RTL Simulation : 329 / 460 [128.00%] @ "34015000"
// RTL Simulation : 330 / 460 [124.00%] @ "34055000"
// RTL Simulation : 331 / 460 [124.00%] @ "34105000"
// RTL Simulation : 332 / 460 [40.00%] @ "34155000"
// RTL Simulation : 333 / 460 [128.00%] @ "34425000"
// RTL Simulation : 334 / 460 [124.00%] @ "34465000"
// RTL Simulation : 335 / 460 [124.00%] @ "34515000"
// RTL Simulation : 336 / 460 [40.00%] @ "34565000"
// RTL Simulation : 337 / 460 [128.00%] @ "34835000"
// RTL Simulation : 338 / 460 [124.00%] @ "34875000"
// RTL Simulation : 339 / 460 [124.00%] @ "34925000"
// RTL Simulation : 340 / 460 [40.00%] @ "34975000"
// RTL Simulation : 341 / 460 [128.00%] @ "35245000"
// RTL Simulation : 342 / 460 [124.00%] @ "35285000"
// RTL Simulation : 343 / 460 [124.00%] @ "35335000"
// RTL Simulation : 344 / 460 [40.00%] @ "35385000"
// RTL Simulation : 345 / 460 [128.00%] @ "35655000"
// RTL Simulation : 346 / 460 [124.00%] @ "35695000"
// RTL Simulation : 347 / 460 [124.00%] @ "35745000"
// RTL Simulation : 348 / 460 [40.00%] @ "35795000"
// RTL Simulation : 349 / 460 [128.00%] @ "36065000"
// RTL Simulation : 350 / 460 [124.00%] @ "36105000"
// RTL Simulation : 351 / 460 [124.00%] @ "36155000"
// RTL Simulation : 352 / 460 [40.00%] @ "36205000"
// RTL Simulation : 353 / 460 [128.00%] @ "36475000"
// RTL Simulation : 354 / 460 [124.00%] @ "36515000"
// RTL Simulation : 355 / 460 [124.00%] @ "36565000"
// RTL Simulation : 356 / 460 [40.00%] @ "36615000"
// RTL Simulation : 357 / 460 [128.00%] @ "36885000"
// RTL Simulation : 358 / 460 [124.00%] @ "36925000"
// RTL Simulation : 359 / 460 [124.00%] @ "36975000"
// RTL Simulation : 360 / 460 [40.00%] @ "37025000"
// RTL Simulation : 361 / 460 [128.00%] @ "37295000"
// RTL Simulation : 362 / 460 [124.00%] @ "37335000"
// RTL Simulation : 363 / 460 [124.00%] @ "37385000"
// RTL Simulation : 364 / 460 [40.00%] @ "37435000"
// RTL Simulation : 365 / 460 [128.00%] @ "37705000"
// RTL Simulation : 366 / 460 [124.00%] @ "37745000"
// RTL Simulation : 367 / 460 [124.00%] @ "37795000"
// RTL Simulation : 368 / 460 [40.00%] @ "37845000"
// RTL Simulation : 369 / 460 [128.00%] @ "38115000"
// RTL Simulation : 370 / 460 [124.00%] @ "38155000"
// RTL Simulation : 371 / 460 [124.00%] @ "38205000"
// RTL Simulation : 372 / 460 [40.00%] @ "38255000"
// RTL Simulation : 373 / 460 [128.00%] @ "38525000"
// RTL Simulation : 374 / 460 [124.00%] @ "38565000"
// RTL Simulation : 375 / 460 [124.00%] @ "38615000"
// RTL Simulation : 376 / 460 [40.00%] @ "38665000"
// RTL Simulation : 377 / 460 [128.00%] @ "38935000"
// RTL Simulation : 378 / 460 [124.00%] @ "38975000"
// RTL Simulation : 379 / 460 [124.00%] @ "39025000"
// RTL Simulation : 380 / 460 [40.00%] @ "39075000"
// RTL Simulation : 381 / 460 [128.00%] @ "39345000"
// RTL Simulation : 382 / 460 [124.00%] @ "39385000"
// RTL Simulation : 383 / 460 [124.00%] @ "39435000"
// RTL Simulation : 384 / 460 [40.00%] @ "39485000"
// RTL Simulation : 385 / 460 [128.00%] @ "39755000"
// RTL Simulation : 386 / 460 [124.00%] @ "39795000"
// RTL Simulation : 387 / 460 [124.00%] @ "39845000"
// RTL Simulation : 388 / 460 [40.00%] @ "39895000"
// RTL Simulation : 389 / 460 [128.00%] @ "40165000"
// RTL Simulation : 390 / 460 [124.00%] @ "40205000"
// RTL Simulation : 391 / 460 [124.00%] @ "40255000"
// RTL Simulation : 392 / 460 [40.00%] @ "40305000"
// RTL Simulation : 393 / 460 [128.00%] @ "40575000"
// RTL Simulation : 394 / 460 [124.00%] @ "40615000"
// RTL Simulation : 395 / 460 [124.00%] @ "40665000"
// RTL Simulation : 396 / 460 [40.00%] @ "40715000"
// RTL Simulation : 397 / 460 [128.00%] @ "40985000"
// RTL Simulation : 398 / 460 [124.00%] @ "41025000"
// RTL Simulation : 399 / 460 [124.00%] @ "41075000"
// RTL Simulation : 400 / 460 [40.00%] @ "41125000"
// RTL Simulation : 401 / 460 [128.00%] @ "41395000"
// RTL Simulation : 402 / 460 [124.00%] @ "41435000"
// RTL Simulation : 403 / 460 [124.00%] @ "41485000"
// RTL Simulation : 404 / 460 [40.00%] @ "41535000"
// RTL Simulation : 405 / 460 [128.00%] @ "41805000"
// RTL Simulation : 406 / 460 [124.00%] @ "41845000"
// RTL Simulation : 407 / 460 [124.00%] @ "41895000"
// RTL Simulation : 408 / 460 [40.00%] @ "41945000"
// RTL Simulation : 409 / 460 [128.00%] @ "42215000"
// RTL Simulation : 410 / 460 [124.00%] @ "42255000"
// RTL Simulation : 411 / 460 [124.00%] @ "42305000"
// RTL Simulation : 412 / 460 [40.00%] @ "42355000"
// RTL Simulation : 413 / 460 [128.00%] @ "42625000"
// RTL Simulation : 414 / 460 [124.00%] @ "42665000"
// RTL Simulation : 415 / 460 [124.00%] @ "42715000"
// RTL Simulation : 416 / 460 [40.00%] @ "42765000"
// RTL Simulation : 417 / 460 [128.00%] @ "43035000"
// RTL Simulation : 418 / 460 [124.00%] @ "43075000"
// RTL Simulation : 419 / 460 [124.00%] @ "43125000"
// RTL Simulation : 420 / 460 [40.00%] @ "43175000"
// RTL Simulation : 421 / 460 [128.00%] @ "43445000"
// RTL Simulation : 422 / 460 [124.00%] @ "43485000"
// RTL Simulation : 423 / 460 [124.00%] @ "43535000"
// RTL Simulation : 424 / 460 [40.00%] @ "43585000"
// RTL Simulation : 425 / 460 [128.00%] @ "43855000"
// RTL Simulation : 426 / 460 [124.00%] @ "43895000"
// RTL Simulation : 427 / 460 [124.00%] @ "43945000"
// RTL Simulation : 428 / 460 [40.00%] @ "43995000"
// RTL Simulation : 429 / 460 [128.00%] @ "44265000"
// RTL Simulation : 430 / 460 [124.00%] @ "44305000"
// RTL Simulation : 431 / 460 [124.00%] @ "44355000"
// RTL Simulation : 432 / 460 [40.00%] @ "44405000"
// RTL Simulation : 433 / 460 [128.00%] @ "44675000"
// RTL Simulation : 434 / 460 [124.00%] @ "44715000"
// RTL Simulation : 435 / 460 [124.00%] @ "44765000"
// RTL Simulation : 436 / 460 [40.00%] @ "44815000"
// RTL Simulation : 437 / 460 [128.00%] @ "45085000"
// RTL Simulation : 438 / 460 [124.00%] @ "45125000"
// RTL Simulation : 439 / 460 [124.00%] @ "45175000"
// RTL Simulation : 440 / 460 [40.00%] @ "45225000"
// RTL Simulation : 441 / 460 [128.00%] @ "45495000"
// RTL Simulation : 442 / 460 [124.00%] @ "45535000"
// RTL Simulation : 443 / 460 [124.00%] @ "45585000"
// RTL Simulation : 444 / 460 [40.00%] @ "45635000"
// RTL Simulation : 445 / 460 [128.00%] @ "45905000"
// RTL Simulation : 446 / 460 [124.00%] @ "45945000"
// RTL Simulation : 447 / 460 [124.00%] @ "45995000"
// RTL Simulation : 448 / 460 [40.00%] @ "46045000"
// RTL Simulation : 449 / 460 [128.00%] @ "46315000"
// RTL Simulation : 450 / 460 [124.00%] @ "46355000"
// RTL Simulation : 451 / 460 [124.00%] @ "46405000"
// RTL Simulation : 452 / 460 [40.00%] @ "46455000"
// RTL Simulation : 453 / 460 [128.00%] @ "46725000"
// RTL Simulation : 454 / 460 [124.00%] @ "46765000"
// RTL Simulation : 455 / 460 [124.00%] @ "46815000"
// RTL Simulation : 456 / 460 [40.00%] @ "46865000"
// RTL Simulation : 457 / 460 [128.00%] @ "47135000"
// RTL Simulation : 458 / 460 [124.00%] @ "47175000"
// RTL Simulation : 459 / 460 [124.00%] @ "47225000"
// RTL Simulation : 460 / 460 [100.00%] @ "47275000"
////////////////////////////////////////////////////////////////////////////////////
$finish called at time : 47335 ns : File "C:/HLS-multirate-DSP/HLS_Multirate/Multirate_v1/Multirate_v1/hls/sim/verilog/FIR_HLS.autotb.v" Line 196
## quit
INFO: [Common 17-206] Exiting xsim at Fri Nov 14 11:40:13 2025...
INFO: [COSIM 212-316] Starting C post checking ...
INFO: Reading ../../../../../../Matlab/TS_HLS_multirate.dat
INFO: Read 460 samples from ../../../../../../Matlab/TS_HLS_multirate.dat
INFO: Reading ../../../../../../Matlab/TS_HLS_multirate.res
INFO: Read 460 samples from ../../../../../../Matlab/TS_HLS_multirate.res
INFO: Input and reference data lengths match.
Mismatch at sample  280: ref=-0.358093, dut=-0.304932
Mismatch at sample  281: ref=-0.481445, dut=-0.420898
Mismatch at sample  282: ref=-0.582062, dut=-0.569702
Mismatch at sample  283: ref=-0.672455, dut=-0.785156
Mismatch at sample  284: ref=-0.771301, dut=0.978027
Mismatch at sample  285: ref=-0.851379, dut=0.883667
Mismatch at sample  286: ref=-0.910278, dut=-0.931274
Mismatch at sample  287: ref=-0.951416, dut=-0.438354
Mismatch at sample  288: ref=-0.987885, dut=0.21582
Mismatch at sample  289: ref=0.999847, dut=0.791748
Mismatch at sample  290: ref=-0.999756, dut=-0.976807
Mismatch at sample  291: ref=-0.980927, dut=0.810913
Mismatch at sample  292: ref=-0.947968, dut=0.255737
Mismatch at sample  293: ref=-0.892883, dut=-0.379883
Mismatch at sample  294: ref=-0.838196, dut=-0.859253
Mismatch at sample  295: ref=-0.769135, dut=0.96582
Mismatch at sample  296: ref=-0.679352, dut=-0.930054
Mismatch at sample  297: ref=-0.573975, dut=-0.686768
Mismatch at sample  298: ref=-0.480408, dut=-0.46814
Mismatch at sample  299: ref=-0.378174, dut=-0.317749
Mismatch at sample  300: ref=-0.251801, dut=-0.19873
---------------------------------------
Testbench Results
Samples processed : 460
Mismatches        : 21
Status: FAIL [!!] (21 samples out of tolerance)
---------------------------------------
INFO [HLS SIM]: The maximum depth reached by any hls::stream() instance in the design is 460
INFO: [COSIM 212-1000] *** C/RTL co-simulation finished: PASS ***
INFO: [HLS 200-112] Total CPU user time: 6 seconds. Total CPU system time: 2 seconds. Total elapsed time: 44.642 seconds; peak allocated memory: 343.559 MB.
INFO: [vitis-run 60-791] Total elapsed time: 0h 0m 49s
