# 
# Steps log generated by v++
# This log file contains a collection of steps that describe the kernel compilation flow
# Note: Some steps are tagged as internal, these steps are for debugging purposes and 
#       are not expected to be able to run independently.
# 

# The following environment variables are set when running vitis-run
Environment variables :
------------------------------------------
ALLUSERSPROFILE=C:\ProgramData
APPDATA=C:\Users\Knut\AppData\Roaming
arr.length=0
arr.Ubound=-1
CHARPOP=1
CLIENTNAME=MacBook-Pro-3
CMAKE_OBJECT_PATH_MAX=4096
CommonProgramFiles=C:\Program Files\Common Files
CommonProgramFiles(x86)=C:\Program Files (x86)\Common Files
CommonProgramW6432=C:\Program Files\Common Files
COMPUTERNAME=DESKTOP-92OKADH
ComSpec=C:\WINDOWS\system32\cmd.exe
DriverData=C:\Windows\System32\Drivers\DriverData
EFC_8532_1262719628=1
EFC_8532_1592913036=1
EFC_8532_2283032206=1
EFC_8532_2775293581=1
EFC_8532_3789132940=1
HDI_APPROOT=C:/AMD/Vitis/2024.2
HDI_PROCESSOR=i686
HOMEDRIVE=C:
HOMEPATH=\Users\Knut
HW_SERVER_DJTG_DISABLE=1
HW_SERVER_FTDIMGR_DISABLE=1
IDE_SKIP_SERVER_LICENSE=1
ImagingData=C:/Users/Knut/Desktop/Master/Bildverarbeitung/Bilddaten
INT_VARIABLE_NAME=XILINX_PATH
ISL_IOSTREAMS_RSA=C:/AMD/Vitis/2024.2/tps/isl
JAVA_EXE=C:/AMD\Vitis\2024.2\tps\win64\jre11.0.16_1\bin\java.exe
JAVA_HOME=C:/AMD\Vitis\2024.2\tps\win64\jre11.0.16_1
LC_NUMERIC=C
LOCALAPPDATA=C:\Users\Knut\AppData\Local
LOGONSERVER=\\DESKTOP-92OKADH
LOPPER_DTC_FLAGS=-b 0 -@
NOSPLASH=false
NUMBER_OF_PROCESSORS=12
OneDrive=C:\Users\Knut\OneDrive
OpenCV_DebugLib=opencv_world480d.lib
OpenCV_Include=C:\opencv\build\include
OpenCV_Lib=C:\opencv\build\x64\vc16\lib
OpenCV_ReleaseLib=opencv_world480.lib
ORIGINAL_XDG_CURRENT_DESKTOP=undefined
OS=Windows_NT
PATH=C:/AMD/Vivado/2024.2/tps/win64/binutils-2.26/bin;C:/AMD/Vitis/2024.2/bin/../gnu/aarch64/nt/aarch64-linux/bin;C:/AMD/Vitis/2024.2/bin/../gnu/ppc64le/4.9.3/win64/bin;C:/AMD/Vitis/2024.2/bin/../gnu/aarch32/nt/gcc-arm-linux-gnueabi/bin;C:/AMD/Vitis/2024.2/tps/mingw/6.2.0/win64.o/nt/bin;C:/AMD/Vivado/2024.2\gnuwin\bin;C:/AMD/Vivado/2024.2\gnu\microblaze\nt\bin;C:/AMD/Vitis/2024.2/bin;C:/AMD/Vitis/2024.2/tps/win64/javafx-sdk-11.0.2/lib;C:/AMD/Vitis/2024.2/tps/win64/javafx-sdk-11.0.2/bin;C:/AMD/Vitis/2024.2/lib/win64.o;C:/AMD/Vitis/2024.2/tps/win64/jre11.0.16_1/bin/server;C:/AMD/Vitis/2024.2/tps/win64/jre11.0.16_1/bin;C:\AMD\Vitis\2024.2\tps\win64\LOPPER~1.0-P\min_sdk\\usr\bin;C:/AMD\Vitis\2024.2\tps\win64\cmake-3.24.2\bin;C:/AMD\Vitis\2024.2\gnu\microblaze\nt\bin;C:/AMD\Vitis\2024.2\gnu\microblaze\linux_toolchain\nt64_le\bin;C:/AMD\Vitis\2024.2\gnu\aarch32\nt\gcc-arm-linux-gnueabi\bin;C:/AMD\Vitis\2024.2\gnu\aarch32\nt\gcc-arm-none-eabi\bin;C:/AMD\Vitis\2024.2\gnu\aarch64\nt\aarch64-linux\bin;C:/AMD\Vitis\2024.2\gnu\aarch64\nt\aarch64-none\bin;C:/AMD\Vitis\2024.2\gnu\armr5\nt\gcc-arm-none-eabi\bin;C:/AMD\Vitis\2024.2\gnuwin\bin;C:/AMD\Vitis\2024.2\tps\win64\python-3.8.3;C:/AMD\Vitis\2024.2\tps\win64\libxslt\bin;C:/AMD/Vivado/2024.2\bin;C:/AMD/Vitis/2024.2\gnu\arm\nt\bin;C:/AMD/Vitis/2024.2\gnu\microblaze\linux_toolchain\nt64_be\bin;C:/AMD/Vitis/2024.2\gnu\riscv\nt\riscv64-unknown-elf\bin;C:/AMD/Vivado/2024.2\tps\win64\python-3.8.3;C:/AMD/Vivado/2024.2\tps\win64\git-2.45.0\bin;C:/AMD/Vivado/2024.2\tps\win64\cmake-3.24.2\bin;C:/AMD/Vitis/2024.2\win64\tools\clang\bin;C:\WINDOWS\system32;C:\WINDOWS;C:\WINDOWS\System32\Wbem;C:\WINDOWS\System32\WindowsPowerShell\v1.0\;C:\WINDOWS\System32\OpenSSH\;C:\opencv\build\x64\vc16\bin;C:\Program Files\MATLAB\R2023b\bin;C:\Program Files\CMake\bin;C:\opencv\build\x64\vc16\lib;C:\Program Files (x86)\Windows Kits\10\Windows Performance Toolkit\;C:\Program Files\Git\cmd;C:\Program Files\PuTTY\;C:\Users\Knut\AppData\Local\Microsoft\WindowsApps;C:\Users\Knut\AppData\Local\Programs\Microsoft VS Code\bin;C:\Users\Knut\AppData\Local\GitHubDesktop\bin;;C:/AMD/Vitis/2024.2\tps\mingw\6.2.0\win64.o\nt\bin;C:/AMD/Vitis/2024.2\tps\mingw\6.2.0\win64.o\nt\libexec\gcc\x86_64-w64-mingw32\6.2.0
PATHEXT=.COM;.EXE;.BAT;.CMD;.VBS;.VBE;.JS;.JSE;.WSF;.WSH;.MSC
PROCESSOR_ARCHITECTURE=AMD64
PROCESSOR_IDENTIFIER=Intel64 Family 6 Model 158 Stepping 10, GenuineIntel
PROCESSOR_LEVEL=6
PROCESSOR_REVISION=9e0a
PRODVERSION_EXE=C:/AMD/Vitis/2024.2/bin/unwrapped/win64.o/prodversion.exe
ProgramData=C:\ProgramData
ProgramFiles=C:\Program Files
ProgramFiles(x86)=C:\Program Files (x86)
ProgramW6432=C:\Program Files
PROMPT=$P$G
PSModulePath=C:\Program Files\WindowsPowerShell\Modules;C:\WINDOWS\system32\WindowsPowerShell\v1.0\Modules
PUBLIC=C:\Users\Public
PYTHONPATH=;C:/AMD/Vitis/2024.2\cli;C:/AMD/Vitis/2024.2\cli\python-packages\win64;C:/AMD/Vitis/2024.2\cli\python-packages\site-packages;C:/AMD/Vitis/2024.2\cli\proto;C:/AMD/Vitis/2024.2\scripts\python_pkg;
python_path=;C:/AMD/Vitis/2024.2\cli;C:/AMD/Vitis/2024.2\cli\python-packages\win64;C:/AMD/Vitis/2024.2\cli\python-packages\site-packages;C:/AMD/Vitis/2024.2\cli\proto;C:/AMD/Vitis/2024.2\scripts\python_pkg;
RDI_APPROOT=C:/AMD/Vitis/2024.2
RDI_ARGS= --mode hls --csim --config C:\HLS-multirate-DSP\HLS_Multirate\Multirate_v1\hls_config.cfg --work_dir Multirate_v1
RDI_ARGS_FUNCTION=RDI_EXEC_DEFAULT
RDI_BASEROOT=C:/AMD/Vitis
RDI_BINDIR=C:/AMD/Vitis/2024.2/bin
RDI_BINROOT=C:/AMD/Vitis/2024.2/bin
RDI_BUILD=yes
RDI_CHECK_PROG=True
RDI_DATADIR=C:/AMD/Vitis/2024.2/data
RDI_INSTALLROOT=C:/AMD
RDI_INSTALLVER=2024.2
RDI_INSTALLVERSION=2024.2
RDI_JAVACEFROOT=C:/AMD/Vitis/2024.2/tps/win64/java-cef-95.0.4638.69
RDI_JAVAFXROOT=C:/AMD/Vitis/2024.2/tps/win64/javafx-sdk-11.0.2
RDI_JAVAROOT=C:/AMD/Vitis/2024.2/tps/win64/jre11.0.16_1
RDI_JAVA_VERSION=11.0.16_1
RDI_LIBDIR=C:/AMD/Vitis/2024.2/lib/win64.o
RDI_MINGW_LIB=C:/AMD/Vitis/2024.2\tps\mingw\6.2.0\win64.o\nt\bin;C:/AMD/Vitis/2024.2\tps\mingw\6.2.0\win64.o\nt\libexec\gcc\x86_64-w64-mingw32\6.2.0
RDI_OPT_EXT=.o
RDI_OS_ARCH=64
RDI_PLATFORM=win64
RDI_PREPEND_PATH=C:/AMD/Vitis/2024.2/bin
RDI_PROG=C:/AMD/Vitis/2024.2/bin/unwrapped/win64.o/vitis-run.exe
RDI_PROGNAME=vitis-run.exe
RDI_SESSION_INFO=c:\AMD\Vitis\2024.2\bin:DESKTOP-92OKADH-12.11.2025_9-10-04,77
RDI_SHARED_DATA=C:/AMD/SharedData/2024.2/data
RDI_TPS_ROOT=C:/AMD/Vivado/2024.2/tps/win64
RDI_USE_JDK11=1
RDI_VERBOSE=False
RT_LIBPATH=C:/AMD/Vitis/2024.2/scripts/rt/data
RT_TCL_PATH=C:/AMD/Vitis/2024.2/scripts/rt/base_tcl/tcl
SDKROOT=C:\AMD\Vitis\2024.2\tps\win64\LOPPER~1.0-P\min_sdk\
SESSIONNAME=RDP-Tcp#0
session_string=C:\HLS-multirate-DSP\HLS_Multirate\Multirate_v1:DESKTOP-92OKADH-12.11.2025_20-42-06,36
supports_classic_ide=true
SWIG_LIB=C:\AMD\Vitis\2024.2\tps\win64\LOPPER~1.0-P\min_sdk\\usr\lib\swig\4.2.1
SYNTH_COMMON=C:/AMD/Vitis/2024.2/scripts/rt/data
SystemDrive=C:
SystemRoot=C:\WINDOWS
TCL_LIBRARY=C:/AMD/Vitis/2024.2/tps/tcl/tcl8.6
TCMALLOC_LARGE_ALLOC_REPORT_THRESHOLD=4294967296
TEMP=C:\Users\Knut\AppData\Local\Temp
THEIA_APP_PROJECT_PATH=C:\AMD\Vitis\2024.2\ide\electron-app\win64\resources\app
THEIA_DEFAULT_PLUGINS=local-dir:C:\AMD\Vitis\2024.2\ide\electron-app\win64\resources\app\plugins
THEIA_ELECTRON_TOKEN={"value":"a8bfc3cd-f193-4b7a-91df-c8b8ff89a379"}
THEIA_ELECTRON_VERSION=15.5.7
THEIA_PLUGINS=local-dir:C:\Users\Knut\.theia\plugins
TMP=C:\Users\Knut\AppData\Local\Temp
tooldir=tps\win64\git-2.41.0
TOOLS_CLANG=C:/AMD/Vitis/2024.2\win64\tools\clang
TPS_CMAKE=C:/AMD/Vivado/2024.2\tps\win64\cmake-3.24.2
TPS_GIT=C:/AMD/Vivado/2024.2\tps\win64\git-2.45.0
TPS_LIBXSLT=C:/AMD/Vitis/2024.2\tps\win64\libxslt
TPS_PYTHON=C:/AMD/Vivado/2024.2\tps\win64\python-3.8.3
USERDOMAIN=DESKTOP-92OKADH
USERDOMAIN_ROAMINGPROFILE=DESKTOP-92OKADH
USERNAME=Knut
USERPROFILE=C:\Users\Knut
VBOX_MSI_INSTALL_PATH=C:\Program Files\Oracle\VirtualBox\
VITISNEW=true
VSCODE_API_VERSION=1.53.2
windir=C:\WINDOWS
XILINX_HLS=C:/AMD/Vitis/2024.2
XILINX_PLANAHEAD=C:/AMD/Vitis/2024.2
XILINX_SDK=C:/AMD/Vitis/2024.2
XILINX_VCXX=C:/AMD/Vitis/2024.2/vcxx
XILINX_VERSION_DEFAULT=2024.2
XILINX_VERSION_VITIS=2024.2
XILINX_VITIS=C:/AMD\Vitis\2024.2
XILINX_VITIS_GIT=C:/AMD/Vivado/2024.2\tps\win64\git-2.45.0\bin
XILINX_VITIS_HLS_ENCAPSULATED=1
XILINX_VITIS_VERSION=Vitis v2024.2 (64-bit)
XILINX_VIVADO=C:/AMD/Vivado/2024.2
XILINX_VIVADO_HLS=C:/AMD/Vivado/2024.2
XIL_CHECK_TCL_DEBUG=False
XIL_NO_OVERRIDE=0
XIL_SUPPRESS_OVERRIDE_WARNINGS=1
XVREDIST=C:/AMD/Vitis/2024.2\tps\win64\xvcredist.exe
ZES_ENABLE_SYSMAN=1
_RDI_BINROOT=C:\AMD\Vitis\2024.2\bin
_RDI_CWD=C:\HLS-multirate-DSP\HLS_Multirate\Multirate_v1
_RDI_DONT_SET_XILINX_AS_PATH=True
_RDI_VERSION_PROG=vitis-run
_valid=False
XILINX_CD_CONNECT_ID=55059
XILINX_CD_SESSION=4b325317-de9b-4c96-ba40-eb47e920eba2


VITIS-RUN command line:
------------------------------------------
C:/AMD/Vitis/2024.2/bin/unwrapped/win64.o/vitis-run.exe --mode hls --csim --config C:\HLS-multirate-DSP\HLS_Multirate\Multirate_v1\hls_config.cfg --work_dir Multirate_v1 

FINAL PROGRAM OPTIONS
--config C:\HLS-multirate-DSP\HLS_Multirate\Multirate_v1\hls_config.cfg
--csim
--hls.flow_target vivado
--hls.package.output.format ip_catalog
--hls.package.output.syn false
--hls.syn.file FIR_HLS.cpp
--hls.syn.file FIR_HLS.h
--hls.syn.file ../../Matlab/FIR_multirate_HLS.h
--hls.syn.top FIR_HLS
--hls.tb.file FIR_HLS_TB.cpp
--hls.tb.file ../../Matlab/TS_HLS_multirate.res
--hls.tb.file ../../Matlab/TS_HLS_multirate.dat
--mode hls
--part xck26-sfvc784-2LV-c
--work_dir Multirate_v1

PARSED COMMAND LINE OPTIONS
--mode hls 
--csim 
--config C:\HLS-multirate-DSP\HLS_Multirate\Multirate_v1\hls_config.cfg 
--work_dir Multirate_v1 

PARSED CONFIG FILE (1) OPTIONS
file: C:\HLS-multirate-DSP\HLS_Multirate\Multirate_v1\hls_config.cfg
part xck26-sfvc784-2LV-c 
hls.flow_target vivado 
hls.package.output.format ip_catalog 
hls.package.output.syn false 
hls.syn.file FIR_HLS.cpp 
hls.syn.file FIR_HLS.h 
hls.syn.file ../../Matlab/FIR_multirate_HLS.h 
hls.tb.file FIR_HLS_TB.cpp 
hls.tb.file ../../Matlab/TS_HLS_multirate.res 
hls.tb.file ../../Matlab/TS_HLS_multirate.dat 
hls.syn.top FIR_HLS 


==========================================
new:  steps log generated by v++ for new launch 
timestamp: 12 Nov 2025 20:42:11

------------------------------------------
VITIS-RUN command line :
------------------------------------------
C:/AMD/Vitis/2024.2/bin/unwrapped/win64.o/vitis-run.exe --mode hls --csim --config C:\HLS-multirate-DSP\HLS_Multirate\Multirate_v1\hls_config.cfg --work_dir Multirate_v1 
  Options from -O    : 
  Options from *.ini : 
  Options from Hw Platform : 

==========================================
new:  steps log generated by v++ for new launch 
timestamp: 12 Nov 2025 21:07:18

------------------------------------------
VITIS-RUN command line :
------------------------------------------
C:/AMD/Vitis/2024.2/bin/unwrapped/win64.o/vitis-run.exe --mode hls --csim --config C:\HLS-multirate-DSP\HLS_Multirate\Multirate_v1\hls_config.cfg --work_dir Multirate_v1 
  Options from -O    : 
  Options from *.ini : 
  Options from Hw Platform : 

==========================================
new:  steps log generated by v++ for new launch 
timestamp: 12 Nov 2025 21:09:10

------------------------------------------
V++ command line :
------------------------------------------
C:/AMD/Vitis/2024.2/bin/unwrapped/win64.o/v++.exe -c --mode hls --config C:\HLS-multirate-DSP\HLS_Multirate\Multirate_v1\hls_config.cfg --work_dir Multirate_v1 
  Options from -O    : 
  Options from *.ini : 
  Options from Hw Platform : 

==========================================
new:  steps log generated by v++ for new launch 
timestamp: 12 Nov 2025 21:09:39

------------------------------------------
VITIS-RUN command line :
------------------------------------------
C:/AMD/Vitis/2024.2/bin/unwrapped/win64.o/vitis-run.exe --mode hls --cosim --config C:\HLS-multirate-DSP\HLS_Multirate\Multirate_v1\hls_config.cfg --work_dir Multirate_v1 
  Options from -O    : 
  Options from *.ini : 
  Options from Hw Platform : 

==========================================
new:  steps log generated by v++ for new launch 
timestamp: 12 Nov 2025 21:11:58

------------------------------------------
V++ command line :
------------------------------------------
C:/AMD/Vitis/2024.2/bin/unwrapped/win64.o/v++.exe -c --mode hls --config C:\HLS-multirate-DSP\HLS_Multirate\Multirate_v1\hls_config.cfg --work_dir Multirate_v1 
  Options from -O    : 
  Options from *.ini : 
  Options from Hw Platform : 

==========================================
new:  steps log generated by v++ for new launch 
timestamp: 12 Nov 2025 21:19:17

------------------------------------------
VITIS-RUN command line :
------------------------------------------
C:/AMD/Vitis/2024.2/bin/unwrapped/win64.o/vitis-run.exe --mode hls --csim --config C:\HLS-multirate-DSP\HLS_Multirate\Multirate_v1\hls_config.cfg --work_dir Multirate_v1 
  Options from -O    : 
  Options from *.ini : 
  Options from Hw Platform : 

==========================================
new:  steps log generated by v++ for new launch 
timestamp: 12 Nov 2025 21:21:31

------------------------------------------
V++ command line :
------------------------------------------
C:/AMD/Vitis/2024.2/bin/unwrapped/win64.o/v++.exe -c --mode hls --config C:\HLS-multirate-DSP\HLS_Multirate\Multirate_v1\hls_config.cfg --work_dir Multirate_v1 
  Options from -O    : 
  Options from *.ini : 
  Options from Hw Platform : 

==========================================
new:  steps log generated by v++ for new launch 
timestamp: 12 Nov 2025 21:21:53

------------------------------------------
V++ command line :
------------------------------------------
C:/AMD/Vitis/2024.2/bin/unwrapped/win64.o/v++.exe -c --mode hls --config C:\HLS-multirate-DSP\HLS_Multirate\Multirate_v1\hls_config.cfg --work_dir Multirate_v1 
  Options from -O    : 
  Options from *.ini : 
  Options from Hw Platform : 

==========================================
new:  steps log generated by v++ for new launch 
timestamp: 12 Nov 2025 21:28:25

------------------------------------------
V++ command line :
------------------------------------------
C:/AMD/Vitis/2024.2/bin/unwrapped/win64.o/v++.exe -c --mode hls --config C:\HLS-multirate-DSP\HLS_Multirate\Multirate_v1\hls_config.cfg --work_dir Multirate_v1 
  Options from -O    : 
  Options from *.ini : 
  Options from Hw Platform : 

==========================================
new:  steps log generated by v++ for new launch 
timestamp: 12 Nov 2025 21:30:41

------------------------------------------
V++ command line :
------------------------------------------
C:/AMD/Vitis/2024.2/bin/unwrapped/win64.o/v++.exe -c --mode hls --config C:\HLS-multirate-DSP\HLS_Multirate\Multirate_v1\hls_config.cfg --work_dir Multirate_v1 
  Options from -O    : 
  Options from *.ini : 
  Options from Hw Platform : 

==========================================
new:  steps log generated by v++ for new launch 
timestamp: 12 Nov 2025 21:32:10

------------------------------------------
VITIS-RUN command line :
------------------------------------------
C:/AMD/Vitis/2024.2/bin/unwrapped/win64.o/vitis-run.exe --mode hls --csim --config C:\HLS-multirate-DSP\HLS_Multirate\Multirate_v1\hls_config.cfg --work_dir Multirate_v1 
  Options from -O    : 
  Options from *.ini : 
  Options from Hw Platform : 

==========================================
new:  steps log generated by v++ for new launch 
timestamp: 12 Nov 2025 21:39:54

------------------------------------------
V++ command line :
------------------------------------------
C:/AMD/Vitis/2024.2/bin/unwrapped/win64.o/v++.exe -c --mode hls --config C:\HLS-multirate-DSP\HLS_Multirate\Multirate_v1\hls_config.cfg --work_dir Multirate_v1 
  Options from -O    : 
  Options from *.ini : 
  Options from Hw Platform : 

==========================================
new:  steps log generated by v++ for new launch 
timestamp: 12 Nov 2025 21:40:25

------------------------------------------
V++ command line :
------------------------------------------
C:/AMD/Vitis/2024.2/bin/unwrapped/win64.o/v++.exe -c --mode hls --config C:\HLS-multirate-DSP\HLS_Multirate\Multirate_v1\hls_config.cfg --work_dir Multirate_v1 
  Options from -O    : 
  Options from *.ini : 
  Options from Hw Platform : 

==========================================
new:  steps log generated by v++ for new launch 
timestamp: 12 Nov 2025 21:43:14

------------------------------------------
V++ command line :
------------------------------------------
C:/AMD/Vitis/2024.2/bin/unwrapped/win64.o/v++.exe -c --mode hls --config C:\HLS-multirate-DSP\HLS_Multirate\Multirate_v1\hls_config.cfg --work_dir Multirate_v1 
  Options from -O    : 
  Options from *.ini : 
  Options from Hw Platform : 

==========================================
new:  steps log generated by v++ for new launch 
timestamp: 12 Nov 2025 22:11:15

------------------------------------------
VITIS-RUN command line :
------------------------------------------
C:/AMD/Vitis/2024.2/bin/unwrapped/win64.o/vitis-run.exe --mode hls --csim --config C:\HLS-multirate-DSP\HLS_Multirate\Multirate_v1\hls_config.cfg --work_dir Multirate_v1 
  Options from -O    : 
  Options from *.ini : 
  Options from Hw Platform : 

==========================================
new:  steps log generated by v++ for new launch 
timestamp: 12 Nov 2025 22:14:11

------------------------------------------
V++ command line :
------------------------------------------
C:/AMD/Vitis/2024.2/bin/unwrapped/win64.o/v++.exe -c --mode hls --config C:\HLS-multirate-DSP\HLS_Multirate\Multirate_v1\hls_config.cfg --work_dir Multirate_v1 
  Options from -O    : 
  Options from *.ini : 
  Options from Hw Platform : 

==========================================
new:  steps log generated by v++ for new launch 
timestamp: 12 Nov 2025 22:16:29

------------------------------------------
VITIS-RUN command line :
------------------------------------------
C:/AMD/Vitis/2024.2/bin/unwrapped/win64.o/vitis-run.exe --mode hls --cosim --config C:\HLS-multirate-DSP\HLS_Multirate\Multirate_v1\hls_config.cfg --work_dir Multirate_v1 
  Options from -O    : 
  Options from *.ini : 
  Options from Hw Platform : 

==========================================
new:  steps log generated by v++ for new launch 
timestamp: 12 Nov 2025 22:17:45

------------------------------------------
V++ command line :
------------------------------------------
C:/AMD/Vitis/2024.2/bin/unwrapped/win64.o/v++.exe -c --mode hls --config C:\HLS-multirate-DSP\HLS_Multirate\Multirate_v1\hls_config.cfg --work_dir Multirate_v1 
  Options from -O    : 
  Options from *.ini : 
  Options from Hw Platform : 

==========================================
new:  steps log generated by v++ for new launch 
timestamp: 12 Nov 2025 22:21:26

------------------------------------------
VITIS-RUN command line :
------------------------------------------
C:/AMD/Vitis/2024.2/bin/unwrapped/win64.o/vitis-run.exe --mode hls --cosim --config C:\HLS-multirate-DSP\HLS_Multirate\Multirate_v1\hls_config.cfg --work_dir Multirate_v1 
  Options from -O    : 
  Options from *.ini : 
  Options from Hw Platform : 

==========================================
new:  steps log generated by v++ for new launch 
timestamp: 12 Nov 2025 22:22:56

------------------------------------------
VITIS-RUN command line :
------------------------------------------
C:/AMD/Vitis/2024.2/bin/unwrapped/win64.o/vitis-run.exe --mode hls --impl --config C:\HLS-multirate-DSP\HLS_Multirate\Multirate_v1\hls_config.cfg --work_dir Multirate_v1 
  Options from -O    : 
  Options from *.ini : 
  Options from Hw Platform : 

==========================================
new:  steps log generated by v++ for new launch 
timestamp: 12 Nov 2025 22:27:10

------------------------------------------
VITIS-RUN command line :
------------------------------------------
C:/AMD/Vitis/2024.2/bin/unwrapped/win64.o/vitis-run.exe --mode hls --csim --config C:\HLS-multirate-DSP\HLS_Multirate\Multirate_v1\hls_config.cfg --work_dir Multirate_v1 
  Options from -O    : 
  Options from *.ini : 
  Options from Hw Platform : 

==========================================
new:  steps log generated by v++ for new launch 
timestamp: 12 Nov 2025 23:42:00

------------------------------------------
V++ command line :
------------------------------------------
C:/AMD/Vitis/2024.2/bin/unwrapped/win64.o/v++.exe -c --mode hls --config C:\HLS-multirate-DSP\HLS_Multirate\Multirate_v1\hls_config.cfg --work_dir Multirate_v1 
  Options from -O    : 
  Options from *.ini : 
  Options from Hw Platform : 

==========================================
new:  steps log generated by v++ for new launch 
timestamp: 12 Nov 2025 23:43:05

------------------------------------------
V++ command line :
------------------------------------------
C:/AMD/Vitis/2024.2/bin/unwrapped/win64.o/v++.exe -c --mode hls --config C:\HLS-multirate-DSP\HLS_Multirate\Multirate_v1\hls_config.cfg --work_dir Multirate_v1 
  Options from -O    : 
  Options from *.ini : 
  Options from Hw Platform : 

==========================================
new:  steps log generated by v++ for new launch 
timestamp: 14 Nov 2025 09:37:05

------------------------------------------
VITIS-RUN command line :
------------------------------------------
C:/AMD/Vitis/2024.2/bin/unwrapped/win64.o/vitis-run.exe --mode hls --package --config C:\HLS-multirate-DSP\HLS_Multirate\Multirate_v1\hls_config.cfg --work_dir Multirate_v1 
  Options from -O    : 
  Options from *.ini : 
  Options from Hw Platform : 

==========================================
new:  steps log generated by v++ for new launch 
timestamp: 14 Nov 2025 09:42:31

------------------------------------------
VITIS-RUN command line :
------------------------------------------
C:/AMD/Vitis/2024.2/bin/unwrapped/win64.o/vitis-run.exe --mode hls --cosim --config C:\HLS-multirate-DSP\HLS_Multirate\Multirate_v1\hls_config.cfg --work_dir Multirate_v1 
  Options from -O    : 
  Options from *.ini : 
  Options from Hw Platform : 

==========================================
new:  steps log generated by v++ for new launch 
timestamp: 14 Nov 2025 10:56:51

------------------------------------------
VITIS-RUN command line :
------------------------------------------
C:/AMD/Vitis/2024.2/bin/unwrapped/win64.o/vitis-run.exe --mode hls --csim --config C:\HLS-multirate-DSP\HLS_Multirate\Multirate_v1\hls_config.cfg --work_dir Multirate_v1 
  Options from -O    : 
  Options from *.ini : 
  Options from Hw Platform : 

==========================================
new:  steps log generated by v++ for new launch 
timestamp: 14 Nov 2025 11:13:57

------------------------------------------
VITIS-RUN command line :
------------------------------------------
C:/AMD/Vitis/2024.2/bin/unwrapped/win64.o/vitis-run.exe --mode hls --csim --config C:\HLS-multirate-DSP\HLS_Multirate\Multirate_v1\hls_config.cfg --work_dir Multirate_v1 
  Options from -O    : 
  Options from *.ini : 
  Options from Hw Platform : 

==========================================
new:  steps log generated by v++ for new launch 
timestamp: 14 Nov 2025 11:16:01

------------------------------------------
VITIS-RUN command line :
------------------------------------------
C:/AMD/Vitis/2024.2/bin/unwrapped/win64.o/vitis-run.exe --mode hls --csim --config C:\HLS-multirate-DSP\HLS_Multirate\Multirate_v1\hls_config.cfg --work_dir Multirate_v1 
  Options from -O    : 
  Options from *.ini : 
  Options from Hw Platform : 

==========================================
new:  steps log generated by v++ for new launch 
timestamp: 14 Nov 2025 11:17:14

------------------------------------------
V++ command line :
------------------------------------------
C:/AMD/Vitis/2024.2/bin/unwrapped/win64.o/v++.exe -c --mode hls --config C:\HLS-multirate-DSP\HLS_Multirate\Multirate_v1\hls_config.cfg --work_dir Multirate_v1 
  Options from -O    : 
  Options from *.ini : 
  Options from Hw Platform : 

==========================================
new:  steps log generated by v++ for new launch 
timestamp: 14 Nov 2025 11:17:44

------------------------------------------
V++ command line :
------------------------------------------
C:/AMD/Vitis/2024.2/bin/unwrapped/win64.o/v++.exe -c --mode hls --config C:\HLS-multirate-DSP\HLS_Multirate\Multirate_v1\hls_config.cfg --work_dir Multirate_v1 
  Options from -O    : 
  Options from *.ini : 
  Options from Hw Platform : 

==========================================
new:  steps log generated by v++ for new launch 
timestamp: 14 Nov 2025 11:18:26

------------------------------------------
V++ command line :
------------------------------------------
C:/AMD/Vitis/2024.2/bin/unwrapped/win64.o/v++.exe -c --mode hls --config C:\HLS-multirate-DSP\HLS_Multirate\Multirate_v1\hls_config.cfg --work_dir Multirate_v1 
  Options from -O    : 
  Options from *.ini : 
  Options from Hw Platform : 

==========================================
new:  steps log generated by v++ for new launch 
timestamp: 14 Nov 2025 11:21:47

------------------------------------------
V++ command line :
------------------------------------------
C:/AMD/Vitis/2024.2/bin/unwrapped/win64.o/v++.exe -c --mode hls --config C:\HLS-multirate-DSP\HLS_Multirate\Multirate_v1\hls_config.cfg --work_dir Multirate_v1 
  Options from -O    : 
  Options from *.ini : 
  Options from Hw Platform : 

==========================================
new:  steps log generated by v++ for new launch 
timestamp: 14 Nov 2025 11:27:02

------------------------------------------
V++ command line :
------------------------------------------
C:/AMD/Vitis/2024.2/bin/unwrapped/win64.o/v++.exe -c --mode hls --config C:\HLS-multirate-DSP\HLS_Multirate\Multirate_v1\hls_config.cfg --work_dir Multirate_v1 
  Options from -O    : 
  Options from *.ini : 
  Options from Hw Platform : 

==========================================
new:  steps log generated by v++ for new launch 
timestamp: 14 Nov 2025 11:35:13

------------------------------------------
V++ command line :
------------------------------------------
C:/AMD/Vitis/2024.2/bin/unwrapped/win64.o/v++.exe -c --mode hls --config C:\HLS-multirate-DSP\HLS_Multirate\Multirate_v1\hls_config.cfg --work_dir Multirate_v1 
  Options from -O    : 
  Options from *.ini : 
  Options from Hw Platform : 

==========================================
new:  steps log generated by v++ for new launch 
timestamp: 14 Nov 2025 11:36:25

------------------------------------------
VITIS-RUN command line :
------------------------------------------
C:/AMD/Vitis/2024.2/bin/unwrapped/win64.o/vitis-run.exe --mode hls --cosim --config C:\HLS-multirate-DSP\HLS_Multirate\Multirate_v1\hls_config.cfg --work_dir Multirate_v1 
  Options from -O    : 
  Options from *.ini : 
  Options from Hw Platform : 

==========================================
new:  steps log generated by v++ for new launch 
timestamp: 14 Nov 2025 11:39:27

------------------------------------------
VITIS-RUN command line :
------------------------------------------
C:/AMD/Vitis/2024.2/bin/unwrapped/win64.o/vitis-run.exe --mode hls --package --config C:\HLS-multirate-DSP\HLS_Multirate\Multirate_v1\hls_config.cfg --work_dir Multirate_v1 
  Options from -O    : 
  Options from *.ini : 
  Options from Hw Platform : 

==========================================
new:  steps log generated by v++ for new launch 
timestamp: 14 Nov 2025 11:40:39

------------------------------------------
VITIS-RUN command line :
------------------------------------------
C:/AMD/Vitis/2024.2/bin/unwrapped/win64.o/vitis-run.exe --mode hls --csim --config C:\HLS-multirate-DSP\HLS_Multirate\Multirate_v1\hls_config.cfg --work_dir Multirate_v1 
  Options from -O    : 
  Options from *.ini : 
  Options from Hw Platform : 

==========================================
new:  steps log generated by v++ for new launch 
timestamp: 16 Nov 2025 16:16:41

------------------------------------------
V++ command line :
------------------------------------------
C:/AMD/Vitis/2024.2/bin/unwrapped/win64.o/v++.exe -c --mode hls --config C:\HLS-multirate-DSP\HLS_Multirate\Multirate_v1\hls_config.cfg --work_dir Multirate_v1 
  Options from -O    : 
  Options from *.ini : 
  Options from Hw Platform : 

==========================================
new:  steps log generated by v++ for new launch 
timestamp: 16 Nov 2025 16:17:35

------------------------------------------
VITIS-RUN command line :
------------------------------------------
C:/AMD/Vitis/2024.2/bin/unwrapped/win64.o/vitis-run.exe --mode hls --package --config C:\HLS-multirate-DSP\HLS_Multirate\Multirate_v1\hls_config.cfg --work_dir Multirate_v1 
  Options from -O    : 
  Options from *.ini : 
  Options from Hw Platform : 

==========================================
new:  steps log generated by v++ for new launch 
timestamp: 16 Nov 2025 16:18:50
