11/12/25 20:42:09: Running xcd server. This server was built by gradle.
11/12/25 20:42:09: Server was asked to start on port: '55059'
11/12/25 20:42:09: Server is using token UUID: '09f80e35-0077-4228-a094-1bf8a921489f'
11/12/25 20:42:09: SESSION_MGR: creating session with session uuid: '6d04a3e9-ade5-4ab9-8d63-1f78fcd2ec76' and name 'default'
11/12/25 20:42:09: Attempting to start server on port '55059'
11/12/25 20:42:09: Running Dispatch Server
11/12/25 20:42:09: Version 2.2.0
11/12/25 20:42:10: Dispatch Server: Accepted socket connection from client
11/12/25 20:42:10: Starting Socket connection
11/12/25 20:42:10: EXCHANGE_TOKEN received, server token: 09f80e35-0077-4228-a094-1bf8a921489f, passed token: 09f80e35-0077-4228-a094-1bf8a921489f
11/12/25 20:42:10: DISPATCH_HANDLER: Adding handler from function makeHandler in library xv_system_diagram
11/12/25 20:42:10: SESSION_MGR: creating session with session uuid: '4b325317-de9b-4c96-ba40-eb47e920eba2' and name 'vitis-run_compile_Multirate_v1'
11/12/25 20:42:10: KERNEL_SVC: creating session with uuid: '4b325317-de9b-4c96-ba40-eb47e920eba2' and name 'vitis-run_compile_Multirate_v1'
11/12/25 20:42:10: GUIDANCE_SMGR: creating guidance session with uuid: '4b325317-de9b-4c96-ba40-eb47e920eba2' and name 'vitis-run_compile_Multirate_v1'
11/12/25 20:42:10: SYSTEM_DIAGRAM: creating session with uuid: '4b325317-de9b-4c96-ba40-eb47e920eba2' and name 'vitis-run_compile_Multirate_v1'
11/12/25 20:42:17: Dispatch Server: Accepted socket connection from client
11/12/25 20:42:17: Starting Socket connection
11/12/25 20:42:27: SESSION_MGR: closing session for UUID '4b325317-de9b-4c96-ba40-eb47e920eba2' with name 'vitis-run_compile_Multirate_v1'
11/12/25 20:42:27: KERNEL_SVC: closing session for UUID '4b325317-de9b-4c96-ba40-eb47e920eba2' with name 'vitis-run_compile_Multirate_v1'
11/12/25 20:42:27: GUIDANCE_SMGR: closing session for UUID '4b325317-de9b-4c96-ba40-eb47e920eba2' with name 'vitis-run_compile_Multirate_v1'
11/12/25 20:42:27: SYSTEM_DIAGRAM: closing session for UUID '4b325317-de9b-4c96-ba40-eb47e920eba2' with name 'vitis-run_compile_Multirate_v1'
11/12/25 20:42:27: STOP_SERVER received, server token: 09f80e35-0077-4228-a094-1bf8a921489f, passed token: 09f80e35-0077-4228-a094-1bf8a921489f
11/12/25 20:42:27: Socket received request to stop server.
11/12/25 20:42:27: Dispatch Server: do_await_stop
11/12/25 20:42:27: SERVER: destructor for server bound to port 55059
11/12/25 21:07:16: Running xcd server. This server was built by gradle.
11/12/25 21:07:16: Server was asked to start on port: '64142'
11/12/25 21:07:16: Server is using token UUID: '7c555272-cdbf-454c-af4d-a45ff1782fee'
11/12/25 21:07:16: SESSION_MGR: creating session with session uuid: '6d04a3e9-ade5-4ab9-8d63-1f78fcd2ec76' and name 'default'
11/12/25 21:07:16: Attempting to start server on port '64142'
11/12/25 21:07:16: Running Dispatch Server
11/12/25 21:07:16: Version 2.2.0
11/12/25 21:07:17: Dispatch Server: Accepted socket connection from client
11/12/25 21:07:17: Starting Socket connection
11/12/25 21:07:17: EXCHANGE_TOKEN received, server token: 7c555272-cdbf-454c-af4d-a45ff1782fee, passed token: 7c555272-cdbf-454c-af4d-a45ff1782fee
11/12/25 21:07:18: DISPATCH_HANDLER: Adding handler from function makeHandler in library xv_system_diagram
11/12/25 21:07:18: SESSION_MGR: creating session with session uuid: 'b9051869-89c0-4462-9dbd-952be8301429' and name 'vitis-run_compile_Multirate_v1'
11/12/25 21:07:18: KERNEL_SVC: creating session with uuid: 'b9051869-89c0-4462-9dbd-952be8301429' and name 'vitis-run_compile_Multirate_v1'
11/12/25 21:07:18: GUIDANCE_SMGR: creating guidance session with uuid: 'b9051869-89c0-4462-9dbd-952be8301429' and name 'vitis-run_compile_Multirate_v1'
11/12/25 21:07:18: SYSTEM_DIAGRAM: creating session with uuid: 'b9051869-89c0-4462-9dbd-952be8301429' and name 'vitis-run_compile_Multirate_v1'
11/12/25 21:07:29: Dispatch Server: Accepted socket connection from client
11/12/25 21:07:29: Starting Socket connection
11/12/25 21:07:39: SESSION_MGR: closing session for UUID 'b9051869-89c0-4462-9dbd-952be8301429' with name 'vitis-run_compile_Multirate_v1'
11/12/25 21:07:39: KERNEL_SVC: closing session for UUID 'b9051869-89c0-4462-9dbd-952be8301429' with name 'vitis-run_compile_Multirate_v1'
11/12/25 21:07:39: GUIDANCE_SMGR: closing session for UUID 'b9051869-89c0-4462-9dbd-952be8301429' with name 'vitis-run_compile_Multirate_v1'
11/12/25 21:07:39: SYSTEM_DIAGRAM: closing session for UUID 'b9051869-89c0-4462-9dbd-952be8301429' with name 'vitis-run_compile_Multirate_v1'
11/12/25 21:07:39: STOP_SERVER received, server token: 7c555272-cdbf-454c-af4d-a45ff1782fee, passed token: 7c555272-cdbf-454c-af4d-a45ff1782fee
11/12/25 21:07:39: Socket received request to stop server.
11/12/25 21:07:39: Dispatch Server: do_await_stop
11/12/25 21:07:39: SERVER: destructor for server bound to port 64142
11/12/25 21:09:08: Running xcd server. This server was built by gradle.
11/12/25 21:09:08: Server was asked to start on port: '64145'
11/12/25 21:09:08: Server is using token UUID: '038711c0-5384-489a-b462-f8c17e8d34c7'
11/12/25 21:09:08: SESSION_MGR: creating session with session uuid: '6d04a3e9-ade5-4ab9-8d63-1f78fcd2ec76' and name 'default'
11/12/25 21:09:08: Attempting to start server on port '64145'
11/12/25 21:09:08: Running Dispatch Server
11/12/25 21:09:08: Version 2.2.0
11/12/25 21:09:10: Dispatch Server: Accepted socket connection from client
11/12/25 21:09:10: Starting Socket connection
11/12/25 21:09:10: EXCHANGE_TOKEN received, server token: 038711c0-5384-489a-b462-f8c17e8d34c7, passed token: 038711c0-5384-489a-b462-f8c17e8d34c7
11/12/25 21:09:10: DISPATCH_HANDLER: Adding handler from function makeHandler in library xv_system_diagram
11/12/25 21:09:10: SESSION_MGR: creating session with session uuid: 'ff831543-8855-4588-a0ce-31093383730f' and name 'vitis-run_compile_Multirate_v1'
11/12/25 21:09:10: KERNEL_SVC: creating session with uuid: 'ff831543-8855-4588-a0ce-31093383730f' and name 'vitis-run_compile_Multirate_v1'
11/12/25 21:09:10: GUIDANCE_SMGR: creating guidance session with uuid: 'ff831543-8855-4588-a0ce-31093383730f' and name 'vitis-run_compile_Multirate_v1'
11/12/25 21:09:10: SYSTEM_DIAGRAM: creating session with uuid: 'ff831543-8855-4588-a0ce-31093383730f' and name 'vitis-run_compile_Multirate_v1'
11/12/25 21:09:16: Dispatch Server: Accepted socket connection from client
11/12/25 21:09:16: Starting Socket connection
11/12/25 21:09:21: SESSION_MGR: closing session for UUID 'ff831543-8855-4588-a0ce-31093383730f' with name 'vitis-run_compile_Multirate_v1'
11/12/25 21:09:21: KERNEL_SVC: closing session for UUID 'ff831543-8855-4588-a0ce-31093383730f' with name 'vitis-run_compile_Multirate_v1'
11/12/25 21:09:21: GUIDANCE_SMGR: closing session for UUID 'ff831543-8855-4588-a0ce-31093383730f' with name 'vitis-run_compile_Multirate_v1'
11/12/25 21:09:21: SYSTEM_DIAGRAM: closing session for UUID 'ff831543-8855-4588-a0ce-31093383730f' with name 'vitis-run_compile_Multirate_v1'
11/12/25 21:09:21: STOP_SERVER received, server token: 038711c0-5384-489a-b462-f8c17e8d34c7, passed token: 038711c0-5384-489a-b462-f8c17e8d34c7
11/12/25 21:09:21: Socket received request to stop server.
11/12/25 21:09:21: Dispatch Server: do_await_stop
11/12/25 21:09:21: SERVER: destructor for server bound to port 64145
11/12/25 21:09:37: Running xcd server. This server was built by gradle.
11/12/25 21:09:37: Server was asked to start on port: '64154'
11/12/25 21:09:37: Server is using token UUID: '2c549220-46f4-432e-9831-abd0d77b3c07'
11/12/25 21:09:37: SESSION_MGR: creating session with session uuid: '6d04a3e9-ade5-4ab9-8d63-1f78fcd2ec76' and name 'default'
11/12/25 21:09:37: Attempting to start server on port '64154'
11/12/25 21:09:37: Running Dispatch Server
11/12/25 21:09:37: Version 2.2.0
11/12/25 21:09:39: Dispatch Server: Accepted socket connection from client
11/12/25 21:09:39: Starting Socket connection
11/12/25 21:09:39: EXCHANGE_TOKEN received, server token: 2c549220-46f4-432e-9831-abd0d77b3c07, passed token: 2c549220-46f4-432e-9831-abd0d77b3c07
11/12/25 21:09:39: DISPATCH_HANDLER: Adding handler from function makeHandler in library xv_system_diagram
11/12/25 21:09:39: SESSION_MGR: creating session with session uuid: '36db41ac-db19-4dbf-ac89-a67b2893837c' and name 'v++_compile_Multirate_v1'
11/12/25 21:09:39: KERNEL_SVC: creating session with uuid: '36db41ac-db19-4dbf-ac89-a67b2893837c' and name 'v++_compile_Multirate_v1'
11/12/25 21:09:39: GUIDANCE_SMGR: creating guidance session with uuid: '36db41ac-db19-4dbf-ac89-a67b2893837c' and name 'v++_compile_Multirate_v1'
11/12/25 21:09:39: SYSTEM_DIAGRAM: creating session with uuid: '36db41ac-db19-4dbf-ac89-a67b2893837c' and name 'v++_compile_Multirate_v1'
11/12/25 21:09:45: Dispatch Server: Accepted socket connection from client
11/12/25 21:09:45: Starting Socket connection
11/12/25 21:10:32: SESSION_MGR: closing session for UUID '36db41ac-db19-4dbf-ac89-a67b2893837c' with name 'v++_compile_Multirate_v1'
11/12/25 21:10:32: KERNEL_SVC: closing session for UUID '36db41ac-db19-4dbf-ac89-a67b2893837c' with name 'v++_compile_Multirate_v1'
11/12/25 21:10:32: GUIDANCE_SMGR: closing session for UUID '36db41ac-db19-4dbf-ac89-a67b2893837c' with name 'v++_compile_Multirate_v1'
11/12/25 21:10:32: SYSTEM_DIAGRAM: closing session for UUID '36db41ac-db19-4dbf-ac89-a67b2893837c' with name 'v++_compile_Multirate_v1'
11/12/25 21:10:32: STOP_SERVER received, server token: 2c549220-46f4-432e-9831-abd0d77b3c07, passed token: 2c549220-46f4-432e-9831-abd0d77b3c07
11/12/25 21:10:32: Socket received request to stop server.
11/12/25 21:10:32: Dispatch Server: do_await_stop
11/12/25 21:10:32: SERVER: destructor for server bound to port 64154
11/12/25 21:11:56: Running xcd server. This server was built by gradle.
11/12/25 21:11:56: Server was asked to start on port: '62369'
11/12/25 21:11:56: Server is using token UUID: '89943d16-a918-4809-a9d5-ae7b72719439'
11/12/25 21:11:56: SESSION_MGR: creating session with session uuid: '6d04a3e9-ade5-4ab9-8d63-1f78fcd2ec76' and name 'default'
11/12/25 21:11:56: Attempting to start server on port '62369'
11/12/25 21:11:56: Running Dispatch Server
11/12/25 21:11:56: Version 2.2.0
11/12/25 21:11:57: Dispatch Server: Accepted socket connection from client
11/12/25 21:11:57: Starting Socket connection
11/12/25 21:11:57: EXCHANGE_TOKEN received, server token: 89943d16-a918-4809-a9d5-ae7b72719439, passed token: 89943d16-a918-4809-a9d5-ae7b72719439
11/12/25 21:11:58: DISPATCH_HANDLER: Adding handler from function makeHandler in library xv_system_diagram
11/12/25 21:11:58: SESSION_MGR: creating session with session uuid: 'c61195a7-e88a-4222-8a1c-2637badc20bf' and name 'vitis-run_compile_Multirate_v1'
11/12/25 21:11:58: KERNEL_SVC: creating session with uuid: 'c61195a7-e88a-4222-8a1c-2637badc20bf' and name 'vitis-run_compile_Multirate_v1'
11/12/25 21:11:58: GUIDANCE_SMGR: creating guidance session with uuid: 'c61195a7-e88a-4222-8a1c-2637badc20bf' and name 'vitis-run_compile_Multirate_v1'
11/12/25 21:11:58: SYSTEM_DIAGRAM: creating session with uuid: 'c61195a7-e88a-4222-8a1c-2637badc20bf' and name 'vitis-run_compile_Multirate_v1'
11/12/25 21:12:04: Dispatch Server: Accepted socket connection from client
11/12/25 21:12:04: Starting Socket connection
11/12/25 21:12:59: SESSION_MGR: closing session for UUID 'c61195a7-e88a-4222-8a1c-2637badc20bf' with name 'vitis-run_compile_Multirate_v1'
11/12/25 21:12:59: KERNEL_SVC: closing session for UUID 'c61195a7-e88a-4222-8a1c-2637badc20bf' with name 'vitis-run_compile_Multirate_v1'
11/12/25 21:12:59: GUIDANCE_SMGR: closing session for UUID 'c61195a7-e88a-4222-8a1c-2637badc20bf' with name 'vitis-run_compile_Multirate_v1'
11/12/25 21:12:59: SYSTEM_DIAGRAM: closing session for UUID 'c61195a7-e88a-4222-8a1c-2637badc20bf' with name 'vitis-run_compile_Multirate_v1'
11/12/25 21:12:59: STOP_SERVER received, server token: 89943d16-a918-4809-a9d5-ae7b72719439, passed token: 89943d16-a918-4809-a9d5-ae7b72719439
11/12/25 21:12:59: Socket received request to stop server.
11/12/25 21:12:59: Dispatch Server: do_await_stop
11/12/25 21:12:59: SERVER: destructor for server bound to port 62369
11/12/25 21:19:15: Running xcd server. This server was built by gradle.
11/12/25 21:19:15: Server was asked to start on port: '62397'
11/12/25 21:19:15: Server is using token UUID: 'dead9313-8d50-4d25-be1d-ff62b95e1790'
11/12/25 21:19:15: SESSION_MGR: creating session with session uuid: '6d04a3e9-ade5-4ab9-8d63-1f78fcd2ec76' and name 'default'
11/12/25 21:19:15: Attempting to start server on port '62397'
11/12/25 21:19:15: Running Dispatch Server
11/12/25 21:19:15: Version 2.2.0
11/12/25 21:19:17: Dispatch Server: Accepted socket connection from client
11/12/25 21:19:17: Starting Socket connection
11/12/25 21:19:17: EXCHANGE_TOKEN received, server token: dead9313-8d50-4d25-be1d-ff62b95e1790, passed token: dead9313-8d50-4d25-be1d-ff62b95e1790
11/12/25 21:19:17: DISPATCH_HANDLER: Adding handler from function makeHandler in library xv_system_diagram
11/12/25 21:19:17: SESSION_MGR: creating session with session uuid: 'cfae8ae0-7018-4dee-9830-7ca700454220' and name 'v++_compile_Multirate_v1'
11/12/25 21:19:17: KERNEL_SVC: creating session with uuid: 'cfae8ae0-7018-4dee-9830-7ca700454220' and name 'v++_compile_Multirate_v1'
11/12/25 21:19:17: GUIDANCE_SMGR: creating guidance session with uuid: 'cfae8ae0-7018-4dee-9830-7ca700454220' and name 'v++_compile_Multirate_v1'
11/12/25 21:19:17: SYSTEM_DIAGRAM: creating session with uuid: 'cfae8ae0-7018-4dee-9830-7ca700454220' and name 'v++_compile_Multirate_v1'
11/12/25 21:19:24: Dispatch Server: Accepted socket connection from client
11/12/25 21:19:24: Starting Socket connection
11/12/25 21:19:54: SESSION_MGR: closing session for UUID 'cfae8ae0-7018-4dee-9830-7ca700454220' with name 'v++_compile_Multirate_v1'
11/12/25 21:19:54: KERNEL_SVC: closing session for UUID 'cfae8ae0-7018-4dee-9830-7ca700454220' with name 'v++_compile_Multirate_v1'
11/12/25 21:19:54: GUIDANCE_SMGR: closing session for UUID 'cfae8ae0-7018-4dee-9830-7ca700454220' with name 'v++_compile_Multirate_v1'
11/12/25 21:19:54: SYSTEM_DIAGRAM: closing session for UUID 'cfae8ae0-7018-4dee-9830-7ca700454220' with name 'v++_compile_Multirate_v1'
11/12/25 21:19:54: STOP_SERVER received, server token: dead9313-8d50-4d25-be1d-ff62b95e1790, passed token: dead9313-8d50-4d25-be1d-ff62b95e1790
11/12/25 21:19:54: Socket received request to stop server.
11/12/25 21:19:54: Dispatch Server: do_await_stop
11/12/25 21:19:54: SERVER: destructor for server bound to port 62397
11/12/25 21:21:29: Running xcd server. This server was built by gradle.
11/12/25 21:21:29: Server was asked to start on port: '62405'
11/12/25 21:21:29: Server is using token UUID: '31887bd3-deeb-4483-939b-fc0b965d20a9'
11/12/25 21:21:29: SESSION_MGR: creating session with session uuid: '6d04a3e9-ade5-4ab9-8d63-1f78fcd2ec76' and name 'default'
11/12/25 21:21:29: Attempting to start server on port '62405'
11/12/25 21:21:29: Running Dispatch Server
11/12/25 21:21:29: Version 2.2.0
11/12/25 21:21:30: Dispatch Server: Accepted socket connection from client
11/12/25 21:21:30: Starting Socket connection
11/12/25 21:21:30: EXCHANGE_TOKEN received, server token: 31887bd3-deeb-4483-939b-fc0b965d20a9, passed token: 31887bd3-deeb-4483-939b-fc0b965d20a9
11/12/25 21:21:31: DISPATCH_HANDLER: Adding handler from function makeHandler in library xv_system_diagram
11/12/25 21:21:31: SESSION_MGR: creating session with session uuid: 'bc9b6dff-a78f-4301-b2c8-043f782b7f49' and name 'vitis-run_compile_Multirate_v1'
11/12/25 21:21:31: KERNEL_SVC: creating session with uuid: 'bc9b6dff-a78f-4301-b2c8-043f782b7f49' and name 'vitis-run_compile_Multirate_v1'
11/12/25 21:21:31: GUIDANCE_SMGR: creating guidance session with uuid: 'bc9b6dff-a78f-4301-b2c8-043f782b7f49' and name 'vitis-run_compile_Multirate_v1'
11/12/25 21:21:31: SYSTEM_DIAGRAM: creating session with uuid: 'bc9b6dff-a78f-4301-b2c8-043f782b7f49' and name 'vitis-run_compile_Multirate_v1'
11/12/25 21:21:37: Dispatch Server: Accepted socket connection from client
11/12/25 21:21:37: Starting Socket connection
11/12/25 21:21:42: SESSION_MGR: closing session for UUID 'bc9b6dff-a78f-4301-b2c8-043f782b7f49' with name 'vitis-run_compile_Multirate_v1'
11/12/25 21:21:42: KERNEL_SVC: closing session for UUID 'bc9b6dff-a78f-4301-b2c8-043f782b7f49' with name 'vitis-run_compile_Multirate_v1'
11/12/25 21:21:42: GUIDANCE_SMGR: closing session for UUID 'bc9b6dff-a78f-4301-b2c8-043f782b7f49' with name 'vitis-run_compile_Multirate_v1'
11/12/25 21:21:42: SYSTEM_DIAGRAM: closing session for UUID 'bc9b6dff-a78f-4301-b2c8-043f782b7f49' with name 'vitis-run_compile_Multirate_v1'
11/12/25 21:21:42: STOP_SERVER received, server token: 31887bd3-deeb-4483-939b-fc0b965d20a9, passed token: 31887bd3-deeb-4483-939b-fc0b965d20a9
11/12/25 21:21:42: Socket received request to stop server.
11/12/25 21:21:42: Dispatch Server: do_await_stop
11/12/25 21:21:42: SERVER: destructor for server bound to port 62405
11/12/25 21:21:51: Running xcd server. This server was built by gradle.
11/12/25 21:21:51: Server was asked to start on port: '62409'
11/12/25 21:21:51: Server is using token UUID: '623d208a-9ef6-4178-acc3-d45194779b15'
11/12/25 21:21:51: SESSION_MGR: creating session with session uuid: '6d04a3e9-ade5-4ab9-8d63-1f78fcd2ec76' and name 'default'
11/12/25 21:21:51: Attempting to start server on port '62409'
11/12/25 21:21:51: Running Dispatch Server
11/12/25 21:21:51: Version 2.2.0
11/12/25 21:21:53: Dispatch Server: Accepted socket connection from client
11/12/25 21:21:53: Starting Socket connection
11/12/25 21:21:53: EXCHANGE_TOKEN received, server token: 623d208a-9ef6-4178-acc3-d45194779b15, passed token: 623d208a-9ef6-4178-acc3-d45194779b15
11/12/25 21:21:53: DISPATCH_HANDLER: Adding handler from function makeHandler in library xv_system_diagram
11/12/25 21:21:53: SESSION_MGR: creating session with session uuid: '76aa0244-397d-4c3b-81d8-999ba05e6dbd' and name 'v++_compile_Multirate_v1'
11/12/25 21:21:53: KERNEL_SVC: creating session with uuid: '76aa0244-397d-4c3b-81d8-999ba05e6dbd' and name 'v++_compile_Multirate_v1'
11/12/25 21:21:53: GUIDANCE_SMGR: creating guidance session with uuid: '76aa0244-397d-4c3b-81d8-999ba05e6dbd' and name 'v++_compile_Multirate_v1'
11/12/25 21:21:53: SYSTEM_DIAGRAM: creating session with uuid: '76aa0244-397d-4c3b-81d8-999ba05e6dbd' and name 'v++_compile_Multirate_v1'
11/12/25 21:21:59: Dispatch Server: Accepted socket connection from client
11/12/25 21:21:59: Starting Socket connection
11/12/25 21:22:17: SESSION_MGR: closing session for UUID '76aa0244-397d-4c3b-81d8-999ba05e6dbd' with name 'v++_compile_Multirate_v1'
11/12/25 21:22:17: KERNEL_SVC: closing session for UUID '76aa0244-397d-4c3b-81d8-999ba05e6dbd' with name 'v++_compile_Multirate_v1'
11/12/25 21:22:17: GUIDANCE_SMGR: closing session for UUID '76aa0244-397d-4c3b-81d8-999ba05e6dbd' with name 'v++_compile_Multirate_v1'
11/12/25 21:22:17: SYSTEM_DIAGRAM: closing session for UUID '76aa0244-397d-4c3b-81d8-999ba05e6dbd' with name 'v++_compile_Multirate_v1'
11/12/25 21:22:17: STOP_SERVER received, server token: 623d208a-9ef6-4178-acc3-d45194779b15, passed token: 623d208a-9ef6-4178-acc3-d45194779b15
11/12/25 21:22:17: Socket received request to stop server.
11/12/25 21:22:17: Dispatch Server: do_await_stop
11/12/25 21:22:17: SERVER: destructor for server bound to port 62409
11/12/25 21:28:23: Running xcd server. This server was built by gradle.
11/12/25 21:28:23: Server was asked to start on port: '59684'
11/12/25 21:28:23: Server is using token UUID: 'f2e2c200-83c3-48ec-b9e8-71e618b1db87'
11/12/25 21:28:23: SESSION_MGR: creating session with session uuid: '6d04a3e9-ade5-4ab9-8d63-1f78fcd2ec76' and name 'default'
11/12/25 21:28:23: Attempting to start server on port '59684'
11/12/25 21:28:23: Running Dispatch Server
11/12/25 21:28:23: Version 2.2.0
11/12/25 21:28:25: Dispatch Server: Accepted socket connection from client
11/12/25 21:28:25: Starting Socket connection
11/12/25 21:28:25: EXCHANGE_TOKEN received, server token: f2e2c200-83c3-48ec-b9e8-71e618b1db87, passed token: f2e2c200-83c3-48ec-b9e8-71e618b1db87
11/12/25 21:28:25: DISPATCH_HANDLER: Adding handler from function makeHandler in library xv_system_diagram
11/12/25 21:28:25: SESSION_MGR: creating session with session uuid: 'f24f9975-873d-4389-99b6-75860e1a8f0c' and name 'v++_compile_Multirate_v1'
11/12/25 21:28:25: KERNEL_SVC: creating session with uuid: 'f24f9975-873d-4389-99b6-75860e1a8f0c' and name 'v++_compile_Multirate_v1'
11/12/25 21:28:25: GUIDANCE_SMGR: creating guidance session with uuid: 'f24f9975-873d-4389-99b6-75860e1a8f0c' and name 'v++_compile_Multirate_v1'
11/12/25 21:28:25: SYSTEM_DIAGRAM: creating session with uuid: 'f24f9975-873d-4389-99b6-75860e1a8f0c' and name 'v++_compile_Multirate_v1'
11/12/25 21:28:33: Dispatch Server: Accepted socket connection from client
11/12/25 21:28:33: Starting Socket connection
11/12/25 21:29:03: SESSION_MGR: closing session for UUID 'f24f9975-873d-4389-99b6-75860e1a8f0c' with name 'v++_compile_Multirate_v1'
11/12/25 21:29:03: KERNEL_SVC: closing session for UUID 'f24f9975-873d-4389-99b6-75860e1a8f0c' with name 'v++_compile_Multirate_v1'
11/12/25 21:29:03: GUIDANCE_SMGR: closing session for UUID 'f24f9975-873d-4389-99b6-75860e1a8f0c' with name 'v++_compile_Multirate_v1'
11/12/25 21:29:03: SYSTEM_DIAGRAM: closing session for UUID 'f24f9975-873d-4389-99b6-75860e1a8f0c' with name 'v++_compile_Multirate_v1'
11/12/25 21:29:03: STOP_SERVER received, server token: f2e2c200-83c3-48ec-b9e8-71e618b1db87, passed token: f2e2c200-83c3-48ec-b9e8-71e618b1db87
11/12/25 21:29:03: Socket received request to stop server.
11/12/25 21:29:03: Dispatch Server: do_await_stop
11/12/25 21:29:03: SERVER: destructor for server bound to port 59684
11/12/25 21:30:39: Running xcd server. This server was built by gradle.
11/12/25 21:30:39: Server was asked to start on port: '59694'
11/12/25 21:30:39: Server is using token UUID: 'bf11a18e-baa9-4958-9b2c-de50ec901efc'
11/12/25 21:30:39: SESSION_MGR: creating session with session uuid: '6d04a3e9-ade5-4ab9-8d63-1f78fcd2ec76' and name 'default'
11/12/25 21:30:39: Attempting to start server on port '59694'
11/12/25 21:30:39: Running Dispatch Server
11/12/25 21:30:39: Version 2.2.0
11/12/25 21:30:41: Dispatch Server: Accepted socket connection from client
11/12/25 21:30:41: Starting Socket connection
11/12/25 21:30:41: EXCHANGE_TOKEN received, server token: bf11a18e-baa9-4958-9b2c-de50ec901efc, passed token: bf11a18e-baa9-4958-9b2c-de50ec901efc
11/12/25 21:30:41: DISPATCH_HANDLER: Adding handler from function makeHandler in library xv_system_diagram
11/12/25 21:30:41: SESSION_MGR: creating session with session uuid: '47b5e708-c820-4f28-898b-c9ff3400b0d0' and name 'v++_compile_Multirate_v1'
11/12/25 21:30:41: KERNEL_SVC: creating session with uuid: '47b5e708-c820-4f28-898b-c9ff3400b0d0' and name 'v++_compile_Multirate_v1'
11/12/25 21:30:41: GUIDANCE_SMGR: creating guidance session with uuid: '47b5e708-c820-4f28-898b-c9ff3400b0d0' and name 'v++_compile_Multirate_v1'
11/12/25 21:30:41: SYSTEM_DIAGRAM: creating session with uuid: '47b5e708-c820-4f28-898b-c9ff3400b0d0' and name 'v++_compile_Multirate_v1'
11/12/25 21:30:47: Dispatch Server: Accepted socket connection from client
11/12/25 21:30:47: Starting Socket connection
11/12/25 21:31:17: SESSION_MGR: closing session for UUID '47b5e708-c820-4f28-898b-c9ff3400b0d0' with name 'v++_compile_Multirate_v1'
11/12/25 21:31:17: KERNEL_SVC: closing session for UUID '47b5e708-c820-4f28-898b-c9ff3400b0d0' with name 'v++_compile_Multirate_v1'
11/12/25 21:31:17: GUIDANCE_SMGR: closing session for UUID '47b5e708-c820-4f28-898b-c9ff3400b0d0' with name 'v++_compile_Multirate_v1'
11/12/25 21:31:17: SYSTEM_DIAGRAM: closing session for UUID '47b5e708-c820-4f28-898b-c9ff3400b0d0' with name 'v++_compile_Multirate_v1'
11/12/25 21:31:17: STOP_SERVER received, server token: bf11a18e-baa9-4958-9b2c-de50ec901efc, passed token: bf11a18e-baa9-4958-9b2c-de50ec901efc
11/12/25 21:31:17: Socket received request to stop server.
11/12/25 21:31:17: Dispatch Server: do_await_stop
11/12/25 21:31:17: SERVER: destructor for server bound to port 59694
11/12/25 21:32:08: Running xcd server. This server was built by gradle.
11/12/25 21:32:08: Server was asked to start on port: '59701'
11/12/25 21:32:08: Server is using token UUID: 'a84b389d-2061-4a92-921c-b6dc5c364746'
11/12/25 21:32:08: SESSION_MGR: creating session with session uuid: '6d04a3e9-ade5-4ab9-8d63-1f78fcd2ec76' and name 'default'
11/12/25 21:32:08: Attempting to start server on port '59701'
11/12/25 21:32:08: Running Dispatch Server
11/12/25 21:32:08: Version 2.2.0
11/12/25 21:32:09: Dispatch Server: Accepted socket connection from client
11/12/25 21:32:09: Starting Socket connection
11/12/25 21:32:09: EXCHANGE_TOKEN received, server token: a84b389d-2061-4a92-921c-b6dc5c364746, passed token: a84b389d-2061-4a92-921c-b6dc5c364746
11/12/25 21:32:10: DISPATCH_HANDLER: Adding handler from function makeHandler in library xv_system_diagram
11/12/25 21:32:10: SESSION_MGR: creating session with session uuid: '2bf0f01b-6ba4-4ce7-8c25-e64892d0d414' and name 'v++_compile_Multirate_v1'
11/12/25 21:32:10: KERNEL_SVC: creating session with uuid: '2bf0f01b-6ba4-4ce7-8c25-e64892d0d414' and name 'v++_compile_Multirate_v1'
11/12/25 21:32:10: GUIDANCE_SMGR: creating guidance session with uuid: '2bf0f01b-6ba4-4ce7-8c25-e64892d0d414' and name 'v++_compile_Multirate_v1'
11/12/25 21:32:10: SYSTEM_DIAGRAM: creating session with uuid: '2bf0f01b-6ba4-4ce7-8c25-e64892d0d414' and name 'v++_compile_Multirate_v1'
11/12/25 21:32:16: Dispatch Server: Accepted socket connection from client
11/12/25 21:32:16: Starting Socket connection
11/12/25 21:32:55: SESSION_MGR: closing session for UUID '2bf0f01b-6ba4-4ce7-8c25-e64892d0d414' with name 'v++_compile_Multirate_v1'
11/12/25 21:32:55: KERNEL_SVC: closing session for UUID '2bf0f01b-6ba4-4ce7-8c25-e64892d0d414' with name 'v++_compile_Multirate_v1'
11/12/25 21:32:55: GUIDANCE_SMGR: closing session for UUID '2bf0f01b-6ba4-4ce7-8c25-e64892d0d414' with name 'v++_compile_Multirate_v1'
11/12/25 21:32:55: SYSTEM_DIAGRAM: closing session for UUID '2bf0f01b-6ba4-4ce7-8c25-e64892d0d414' with name 'v++_compile_Multirate_v1'
11/12/25 21:32:55: STOP_SERVER received, server token: a84b389d-2061-4a92-921c-b6dc5c364746, passed token: a84b389d-2061-4a92-921c-b6dc5c364746
11/12/25 21:32:55: Socket received request to stop server.
11/12/25 21:32:55: Dispatch Server: do_await_stop
11/12/25 21:32:55: SERVER: destructor for server bound to port 59701
11/12/25 21:39:53: Running xcd server. This server was built by gradle.
11/12/25 21:39:53: Server was asked to start on port: '53119'
11/12/25 21:39:53: Server is using token UUID: '31419e0c-a7f6-47be-9977-1a2f3827c380'
11/12/25 21:39:53: SESSION_MGR: creating session with session uuid: '6d04a3e9-ade5-4ab9-8d63-1f78fcd2ec76' and name 'default'
11/12/25 21:39:53: Attempting to start server on port '53119'
11/12/25 21:39:53: Running Dispatch Server
11/12/25 21:39:53: Version 2.2.0
11/12/25 21:39:54: Dispatch Server: Accepted socket connection from client
11/12/25 21:39:54: Starting Socket connection
11/12/25 21:39:54: EXCHANGE_TOKEN received, server token: 31419e0c-a7f6-47be-9977-1a2f3827c380, passed token: 31419e0c-a7f6-47be-9977-1a2f3827c380
11/12/25 21:39:54: DISPATCH_HANDLER: Adding handler from function makeHandler in library xv_system_diagram
11/12/25 21:39:54: SESSION_MGR: creating session with session uuid: '7bfee2e2-b6d0-4dd1-8537-3f5d06be5140' and name 'vitis-run_compile_Multirate_v1'
11/12/25 21:39:54: KERNEL_SVC: creating session with uuid: '7bfee2e2-b6d0-4dd1-8537-3f5d06be5140' and name 'vitis-run_compile_Multirate_v1'
11/12/25 21:39:54: GUIDANCE_SMGR: creating guidance session with uuid: '7bfee2e2-b6d0-4dd1-8537-3f5d06be5140' and name 'vitis-run_compile_Multirate_v1'
11/12/25 21:39:54: SYSTEM_DIAGRAM: creating session with uuid: '7bfee2e2-b6d0-4dd1-8537-3f5d06be5140' and name 'vitis-run_compile_Multirate_v1'
11/12/25 21:40:04: Dispatch Server: Accepted socket connection from client
11/12/25 21:40:04: Starting Socket connection
11/12/25 21:40:11: SESSION_MGR: closing session for UUID '7bfee2e2-b6d0-4dd1-8537-3f5d06be5140' with name 'vitis-run_compile_Multirate_v1'
11/12/25 21:40:11: KERNEL_SVC: closing session for UUID '7bfee2e2-b6d0-4dd1-8537-3f5d06be5140' with name 'vitis-run_compile_Multirate_v1'
11/12/25 21:40:11: GUIDANCE_SMGR: closing session for UUID '7bfee2e2-b6d0-4dd1-8537-3f5d06be5140' with name 'vitis-run_compile_Multirate_v1'
11/12/25 21:40:11: SYSTEM_DIAGRAM: closing session for UUID '7bfee2e2-b6d0-4dd1-8537-3f5d06be5140' with name 'vitis-run_compile_Multirate_v1'
11/12/25 21:40:11: STOP_SERVER received, server token: 31419e0c-a7f6-47be-9977-1a2f3827c380, passed token: 31419e0c-a7f6-47be-9977-1a2f3827c380
11/12/25 21:40:11: Socket received request to stop server.
11/12/25 21:40:11: Dispatch Server: do_await_stop
11/12/25 21:40:11: SERVER: destructor for server bound to port 53119
11/12/25 21:40:23: Running xcd server. This server was built by gradle.
11/12/25 21:40:23: Server was asked to start on port: '53122'
11/12/25 21:40:23: Server is using token UUID: 'a7361c9a-95bf-433b-932d-d0797e968d8d'
11/12/25 21:40:23: SESSION_MGR: creating session with session uuid: '6d04a3e9-ade5-4ab9-8d63-1f78fcd2ec76' and name 'default'
11/12/25 21:40:23: Attempting to start server on port '53122'
11/12/25 21:40:23: Running Dispatch Server
11/12/25 21:40:23: Version 2.2.0
11/12/25 21:40:24: Dispatch Server: Accepted socket connection from client
11/12/25 21:40:24: Starting Socket connection
11/12/25 21:40:24: EXCHANGE_TOKEN received, server token: a7361c9a-95bf-433b-932d-d0797e968d8d, passed token: a7361c9a-95bf-433b-932d-d0797e968d8d
11/12/25 21:40:25: DISPATCH_HANDLER: Adding handler from function makeHandler in library xv_system_diagram
11/12/25 21:40:25: SESSION_MGR: creating session with session uuid: '459350d0-6c5b-499e-ad75-3609681752c3' and name 'v++_compile_Multirate_v1'
11/12/25 21:40:25: KERNEL_SVC: creating session with uuid: '459350d0-6c5b-499e-ad75-3609681752c3' and name 'v++_compile_Multirate_v1'
11/12/25 21:40:25: GUIDANCE_SMGR: creating guidance session with uuid: '459350d0-6c5b-499e-ad75-3609681752c3' and name 'v++_compile_Multirate_v1'
11/12/25 21:40:25: SYSTEM_DIAGRAM: creating session with uuid: '459350d0-6c5b-499e-ad75-3609681752c3' and name 'v++_compile_Multirate_v1'
11/12/25 21:40:34: Dispatch Server: Accepted socket connection from client
11/12/25 21:40:34: Starting Socket connection
11/12/25 21:41:19: SESSION_MGR: closing session for UUID '459350d0-6c5b-499e-ad75-3609681752c3' with name 'v++_compile_Multirate_v1'
11/12/25 21:41:19: KERNEL_SVC: closing session for UUID '459350d0-6c5b-499e-ad75-3609681752c3' with name 'v++_compile_Multirate_v1'
11/12/25 21:41:19: GUIDANCE_SMGR: closing session for UUID '459350d0-6c5b-499e-ad75-3609681752c3' with name 'v++_compile_Multirate_v1'
11/12/25 21:41:19: SYSTEM_DIAGRAM: closing session for UUID '459350d0-6c5b-499e-ad75-3609681752c3' with name 'v++_compile_Multirate_v1'
11/12/25 21:41:19: STOP_SERVER received, server token: a7361c9a-95bf-433b-932d-d0797e968d8d, passed token: a7361c9a-95bf-433b-932d-d0797e968d8d
11/12/25 21:41:19: Socket received request to stop server.
11/12/25 21:41:19: Dispatch Server: do_await_stop
11/12/25 21:41:19: SERVER: destructor for server bound to port 53122
11/12/25 21:43:12: Running xcd server. This server was built by gradle.
11/12/25 21:43:12: Server was asked to start on port: '53131'
11/12/25 21:43:12: Server is using token UUID: '2230b018-4209-46c5-8467-bbd2c8e3c369'
11/12/25 21:43:12: SESSION_MGR: creating session with session uuid: '6d04a3e9-ade5-4ab9-8d63-1f78fcd2ec76' and name 'default'
11/12/25 21:43:12: Attempting to start server on port '53131'
11/12/25 21:43:12: Running Dispatch Server
11/12/25 21:43:12: Version 2.2.0
11/12/25 21:43:13: Dispatch Server: Accepted socket connection from client
11/12/25 21:43:13: Starting Socket connection
11/12/25 21:43:13: EXCHANGE_TOKEN received, server token: 2230b018-4209-46c5-8467-bbd2c8e3c369, passed token: 2230b018-4209-46c5-8467-bbd2c8e3c369
11/12/25 21:43:14: DISPATCH_HANDLER: Adding handler from function makeHandler in library xv_system_diagram
11/12/25 21:43:14: SESSION_MGR: creating session with session uuid: '750a3758-2ea2-40b5-96fb-b1d0b8b946de' and name 'v++_compile_Multirate_v1'
11/12/25 21:43:14: KERNEL_SVC: creating session with uuid: '750a3758-2ea2-40b5-96fb-b1d0b8b946de' and name 'v++_compile_Multirate_v1'
11/12/25 21:43:14: GUIDANCE_SMGR: creating guidance session with uuid: '750a3758-2ea2-40b5-96fb-b1d0b8b946de' and name 'v++_compile_Multirate_v1'
11/12/25 21:43:14: SYSTEM_DIAGRAM: creating session with uuid: '750a3758-2ea2-40b5-96fb-b1d0b8b946de' and name 'v++_compile_Multirate_v1'
11/12/25 21:43:23: Dispatch Server: Accepted socket connection from client
11/12/25 21:43:23: Starting Socket connection
11/12/25 21:43:44: SESSION_MGR: closing session for UUID '750a3758-2ea2-40b5-96fb-b1d0b8b946de' with name 'v++_compile_Multirate_v1'
11/12/25 21:43:44: KERNEL_SVC: closing session for UUID '750a3758-2ea2-40b5-96fb-b1d0b8b946de' with name 'v++_compile_Multirate_v1'
11/12/25 21:43:44: GUIDANCE_SMGR: closing session for UUID '750a3758-2ea2-40b5-96fb-b1d0b8b946de' with name 'v++_compile_Multirate_v1'
11/12/25 21:43:44: SYSTEM_DIAGRAM: closing session for UUID '750a3758-2ea2-40b5-96fb-b1d0b8b946de' with name 'v++_compile_Multirate_v1'
11/12/25 21:43:44: STOP_SERVER received, server token: 2230b018-4209-46c5-8467-bbd2c8e3c369, passed token: 2230b018-4209-46c5-8467-bbd2c8e3c369
11/12/25 21:43:44: Socket received request to stop server.
11/12/25 21:43:44: Dispatch Server: do_await_stop
11/12/25 21:43:44: SERVER: destructor for server bound to port 53131
11/12/25 22:11:14: Running xcd server. This server was built by gradle.
11/12/25 22:11:14: Server was asked to start on port: '49681'
11/12/25 22:11:14: Server is using token UUID: 'b1c44d80-f946-4005-bd0a-6825bdec58bf'
11/12/25 22:11:14: SESSION_MGR: creating session with session uuid: '6d04a3e9-ade5-4ab9-8d63-1f78fcd2ec76' and name 'default'
11/12/25 22:11:14: Attempting to start server on port '49681'
11/12/25 22:11:14: Running Dispatch Server
11/12/25 22:11:14: Version 2.2.0
11/12/25 22:11:15: Dispatch Server: Accepted socket connection from client
11/12/25 22:11:15: Starting Socket connection
11/12/25 22:11:15: EXCHANGE_TOKEN received, server token: b1c44d80-f946-4005-bd0a-6825bdec58bf, passed token: b1c44d80-f946-4005-bd0a-6825bdec58bf
11/12/25 22:11:15: DISPATCH_HANDLER: Adding handler from function makeHandler in library xv_system_diagram
11/12/25 22:11:15: SESSION_MGR: creating session with session uuid: '4f75b3a2-6f5e-4b8c-9ae3-99347d298516' and name 'v++_compile_Multirate_v1'
11/12/25 22:11:15: KERNEL_SVC: creating session with uuid: '4f75b3a2-6f5e-4b8c-9ae3-99347d298516' and name 'v++_compile_Multirate_v1'
11/12/25 22:11:15: GUIDANCE_SMGR: creating guidance session with uuid: '4f75b3a2-6f5e-4b8c-9ae3-99347d298516' and name 'v++_compile_Multirate_v1'
11/12/25 22:11:15: SYSTEM_DIAGRAM: creating session with uuid: '4f75b3a2-6f5e-4b8c-9ae3-99347d298516' and name 'v++_compile_Multirate_v1'
11/12/25 22:11:25: Dispatch Server: Accepted socket connection from client
11/12/25 22:11:25: Starting Socket connection
11/12/25 22:11:57: SESSION_MGR: closing session for UUID '4f75b3a2-6f5e-4b8c-9ae3-99347d298516' with name 'v++_compile_Multirate_v1'
11/12/25 22:11:57: KERNEL_SVC: closing session for UUID '4f75b3a2-6f5e-4b8c-9ae3-99347d298516' with name 'v++_compile_Multirate_v1'
11/12/25 22:11:57: GUIDANCE_SMGR: closing session for UUID '4f75b3a2-6f5e-4b8c-9ae3-99347d298516' with name 'v++_compile_Multirate_v1'
11/12/25 22:11:57: SYSTEM_DIAGRAM: closing session for UUID '4f75b3a2-6f5e-4b8c-9ae3-99347d298516' with name 'v++_compile_Multirate_v1'
11/12/25 22:11:57: STOP_SERVER received, server token: b1c44d80-f946-4005-bd0a-6825bdec58bf, passed token: b1c44d80-f946-4005-bd0a-6825bdec58bf
11/12/25 22:11:57: Socket received request to stop server.
11/12/25 22:11:57: Dispatch Server: do_await_stop
11/12/25 22:11:57: SERVER: destructor for server bound to port 49681
11/12/25 22:14:09: Running xcd server. This server was built by gradle.
11/12/25 22:14:09: Server was asked to start on port: '49691'
11/12/25 22:14:09: Server is using token UUID: '8ef36733-13e6-4ede-b796-b86372d3d1ca'
11/12/25 22:14:09: SESSION_MGR: creating session with session uuid: '6d04a3e9-ade5-4ab9-8d63-1f78fcd2ec76' and name 'default'
11/12/25 22:14:09: Attempting to start server on port '49691'
11/12/25 22:14:09: Running Dispatch Server
11/12/25 22:14:09: Version 2.2.0
11/12/25 22:14:10: Dispatch Server: Accepted socket connection from client
11/12/25 22:14:10: Starting Socket connection
11/12/25 22:14:10: EXCHANGE_TOKEN received, server token: 8ef36733-13e6-4ede-b796-b86372d3d1ca, passed token: 8ef36733-13e6-4ede-b796-b86372d3d1ca
11/12/25 22:14:11: DISPATCH_HANDLER: Adding handler from function makeHandler in library xv_system_diagram
11/12/25 22:14:11: SESSION_MGR: creating session with session uuid: 'd8e3b18a-801d-43a0-8e52-2f44e152e9d8' and name 'vitis-run_compile_Multirate_v1'
11/12/25 22:14:11: KERNEL_SVC: creating session with uuid: 'd8e3b18a-801d-43a0-8e52-2f44e152e9d8' and name 'vitis-run_compile_Multirate_v1'
11/12/25 22:14:11: GUIDANCE_SMGR: creating guidance session with uuid: 'd8e3b18a-801d-43a0-8e52-2f44e152e9d8' and name 'vitis-run_compile_Multirate_v1'
11/12/25 22:14:11: SYSTEM_DIAGRAM: creating session with uuid: 'd8e3b18a-801d-43a0-8e52-2f44e152e9d8' and name 'vitis-run_compile_Multirate_v1'
11/12/25 22:14:20: Dispatch Server: Accepted socket connection from client
11/12/25 22:14:20: Starting Socket connection
11/12/25 22:14:34: SESSION_MGR: closing session for UUID 'd8e3b18a-801d-43a0-8e52-2f44e152e9d8' with name 'vitis-run_compile_Multirate_v1'
11/12/25 22:14:34: KERNEL_SVC: closing session for UUID 'd8e3b18a-801d-43a0-8e52-2f44e152e9d8' with name 'vitis-run_compile_Multirate_v1'
11/12/25 22:14:34: GUIDANCE_SMGR: closing session for UUID 'd8e3b18a-801d-43a0-8e52-2f44e152e9d8' with name 'vitis-run_compile_Multirate_v1'
11/12/25 22:14:34: SYSTEM_DIAGRAM: closing session for UUID 'd8e3b18a-801d-43a0-8e52-2f44e152e9d8' with name 'vitis-run_compile_Multirate_v1'
11/12/25 22:14:34: STOP_SERVER received, server token: 8ef36733-13e6-4ede-b796-b86372d3d1ca, passed token: 8ef36733-13e6-4ede-b796-b86372d3d1ca
11/12/25 22:14:34: Socket received request to stop server.
11/12/25 22:14:34: Dispatch Server: do_await_stop
11/12/25 22:14:34: SERVER: destructor for server bound to port 49691
11/12/25 22:16:28: Running xcd server. This server was built by gradle.
11/12/25 22:16:28: Server was asked to start on port: '49699'
11/12/25 22:16:28: Server is using token UUID: 'c1c95984-edd3-4a19-81a9-62b7ff9315d0'
11/12/25 22:16:28: SESSION_MGR: creating session with session uuid: '6d04a3e9-ade5-4ab9-8d63-1f78fcd2ec76' and name 'default'
11/12/25 22:16:28: Attempting to start server on port '49699'
11/12/25 22:16:28: Running Dispatch Server
11/12/25 22:16:28: Version 2.2.0
11/12/25 22:16:29: Dispatch Server: Accepted socket connection from client
11/12/25 22:16:29: Starting Socket connection
11/12/25 22:16:29: EXCHANGE_TOKEN received, server token: c1c95984-edd3-4a19-81a9-62b7ff9315d0, passed token: c1c95984-edd3-4a19-81a9-62b7ff9315d0
11/12/25 22:16:29: DISPATCH_HANDLER: Adding handler from function makeHandler in library xv_system_diagram
11/12/25 22:16:29: SESSION_MGR: creating session with session uuid: 'e0ab6ae6-bb59-4cdd-b4ac-39f62642f298' and name 'v++_compile_Multirate_v1'
11/12/25 22:16:29: KERNEL_SVC: creating session with uuid: 'e0ab6ae6-bb59-4cdd-b4ac-39f62642f298' and name 'v++_compile_Multirate_v1'
11/12/25 22:16:29: GUIDANCE_SMGR: creating guidance session with uuid: 'e0ab6ae6-bb59-4cdd-b4ac-39f62642f298' and name 'v++_compile_Multirate_v1'
11/12/25 22:16:29: SYSTEM_DIAGRAM: creating session with uuid: 'e0ab6ae6-bb59-4cdd-b4ac-39f62642f298' and name 'v++_compile_Multirate_v1'
11/12/25 22:16:38: Dispatch Server: Accepted socket connection from client
11/12/25 22:16:38: Starting Socket connection
11/12/25 22:17:15: SESSION_MGR: closing session for UUID 'e0ab6ae6-bb59-4cdd-b4ac-39f62642f298' with name 'v++_compile_Multirate_v1'
11/12/25 22:17:15: KERNEL_SVC: closing session for UUID 'e0ab6ae6-bb59-4cdd-b4ac-39f62642f298' with name 'v++_compile_Multirate_v1'
11/12/25 22:17:15: GUIDANCE_SMGR: closing session for UUID 'e0ab6ae6-bb59-4cdd-b4ac-39f62642f298' with name 'v++_compile_Multirate_v1'
11/12/25 22:17:15: SYSTEM_DIAGRAM: closing session for UUID 'e0ab6ae6-bb59-4cdd-b4ac-39f62642f298' with name 'v++_compile_Multirate_v1'
11/12/25 22:17:15: STOP_SERVER received, server token: c1c95984-edd3-4a19-81a9-62b7ff9315d0, passed token: c1c95984-edd3-4a19-81a9-62b7ff9315d0
11/12/25 22:17:15: Socket received request to stop server.
11/12/25 22:17:15: Dispatch Server: do_await_stop
11/12/25 22:17:15: SERVER: destructor for server bound to port 49699
11/12/25 22:17:44: Running xcd server. This server was built by gradle.
11/12/25 22:17:44: Server was asked to start on port: '49707'
11/12/25 22:17:44: Server is using token UUID: '24c9bb5c-ef54-4a2b-bf1f-3456cec6cdfd'
11/12/25 22:17:44: SESSION_MGR: creating session with session uuid: '6d04a3e9-ade5-4ab9-8d63-1f78fcd2ec76' and name 'default'
11/12/25 22:17:44: Attempting to start server on port '49707'
11/12/25 22:17:44: Running Dispatch Server
11/12/25 22:17:44: Version 2.2.0
11/12/25 22:17:45: Dispatch Server: Accepted socket connection from client
11/12/25 22:17:45: Starting Socket connection
11/12/25 22:17:45: EXCHANGE_TOKEN received, server token: 24c9bb5c-ef54-4a2b-bf1f-3456cec6cdfd, passed token: 24c9bb5c-ef54-4a2b-bf1f-3456cec6cdfd
11/12/25 22:17:45: DISPATCH_HANDLER: Adding handler from function makeHandler in library xv_system_diagram
11/12/25 22:17:45: SESSION_MGR: creating session with session uuid: '413101cf-1974-40f2-9de2-325d1c0fb8da' and name 'vitis-run_compile_Multirate_v1'
11/12/25 22:17:45: KERNEL_SVC: creating session with uuid: '413101cf-1974-40f2-9de2-325d1c0fb8da' and name 'vitis-run_compile_Multirate_v1'
11/12/25 22:17:45: GUIDANCE_SMGR: creating guidance session with uuid: '413101cf-1974-40f2-9de2-325d1c0fb8da' and name 'vitis-run_compile_Multirate_v1'
11/12/25 22:17:45: SYSTEM_DIAGRAM: creating session with uuid: '413101cf-1974-40f2-9de2-325d1c0fb8da' and name 'vitis-run_compile_Multirate_v1'
11/12/25 22:17:55: Dispatch Server: Accepted socket connection from client
11/12/25 22:17:55: Starting Socket connection
11/12/25 22:18:59: SESSION_MGR: closing session for UUID '413101cf-1974-40f2-9de2-325d1c0fb8da' with name 'vitis-run_compile_Multirate_v1'
11/12/25 22:18:59: KERNEL_SVC: closing session for UUID '413101cf-1974-40f2-9de2-325d1c0fb8da' with name 'vitis-run_compile_Multirate_v1'
11/12/25 22:18:59: GUIDANCE_SMGR: closing session for UUID '413101cf-1974-40f2-9de2-325d1c0fb8da' with name 'vitis-run_compile_Multirate_v1'
11/12/25 22:18:59: SYSTEM_DIAGRAM: closing session for UUID '413101cf-1974-40f2-9de2-325d1c0fb8da' with name 'vitis-run_compile_Multirate_v1'
11/12/25 22:18:59: STOP_SERVER received, server token: 24c9bb5c-ef54-4a2b-bf1f-3456cec6cdfd, passed token: 24c9bb5c-ef54-4a2b-bf1f-3456cec6cdfd
11/12/25 22:18:59: Socket received request to stop server.
11/12/25 22:18:59: Dispatch Server: do_await_stop
11/12/25 22:18:59: SERVER: destructor for server bound to port 49707
11/12/25 22:21:25: Running xcd server. This server was built by gradle.
11/12/25 22:21:25: Server was asked to start on port: '49716'
11/12/25 22:21:25: Server is using token UUID: '7b480c4f-b965-4c38-9463-002c2db6b67f'
11/12/25 22:21:25: SESSION_MGR: creating session with session uuid: '6d04a3e9-ade5-4ab9-8d63-1f78fcd2ec76' and name 'default'
11/12/25 22:21:25: Attempting to start server on port '49716'
11/12/25 22:21:25: Running Dispatch Server
11/12/25 22:21:25: Version 2.2.0
11/12/25 22:21:26: Dispatch Server: Accepted socket connection from client
11/12/25 22:21:26: Starting Socket connection
11/12/25 22:21:26: EXCHANGE_TOKEN received, server token: 7b480c4f-b965-4c38-9463-002c2db6b67f, passed token: 7b480c4f-b965-4c38-9463-002c2db6b67f
11/12/25 22:21:26: DISPATCH_HANDLER: Adding handler from function makeHandler in library xv_system_diagram
11/12/25 22:21:26: SESSION_MGR: creating session with session uuid: '15f2dfc5-926c-484b-9edd-c28b717bfc10' and name 'v++_compile_Multirate_v1'
11/12/25 22:21:26: KERNEL_SVC: creating session with uuid: '15f2dfc5-926c-484b-9edd-c28b717bfc10' and name 'v++_compile_Multirate_v1'
11/12/25 22:21:26: GUIDANCE_SMGR: creating guidance session with uuid: '15f2dfc5-926c-484b-9edd-c28b717bfc10' and name 'v++_compile_Multirate_v1'
11/12/25 22:21:26: SYSTEM_DIAGRAM: creating session with uuid: '15f2dfc5-926c-484b-9edd-c28b717bfc10' and name 'v++_compile_Multirate_v1'
11/12/25 22:21:36: Dispatch Server: Accepted socket connection from client
11/12/25 22:21:36: Starting Socket connection
11/12/25 22:22:24: SESSION_MGR: closing session for UUID '15f2dfc5-926c-484b-9edd-c28b717bfc10' with name 'v++_compile_Multirate_v1'
11/12/25 22:22:24: KERNEL_SVC: closing session for UUID '15f2dfc5-926c-484b-9edd-c28b717bfc10' with name 'v++_compile_Multirate_v1'
11/12/25 22:22:24: GUIDANCE_SMGR: closing session for UUID '15f2dfc5-926c-484b-9edd-c28b717bfc10' with name 'v++_compile_Multirate_v1'
11/12/25 22:22:24: SYSTEM_DIAGRAM: closing session for UUID '15f2dfc5-926c-484b-9edd-c28b717bfc10' with name 'v++_compile_Multirate_v1'
11/12/25 22:22:24: STOP_SERVER received, server token: 7b480c4f-b965-4c38-9463-002c2db6b67f, passed token: 7b480c4f-b965-4c38-9463-002c2db6b67f
11/12/25 22:22:24: Socket received request to stop server.
11/12/25 22:22:24: Dispatch Server: do_await_stop
11/12/25 22:22:24: SERVER: destructor for server bound to port 49716
11/12/25 22:22:54: Running xcd server. This server was built by gradle.
11/12/25 22:22:54: Server was asked to start on port: '49731'
11/12/25 22:22:54: Server is using token UUID: '840dcb94-765e-46b1-81c4-886f0b968201'
11/12/25 22:22:54: SESSION_MGR: creating session with session uuid: '6d04a3e9-ade5-4ab9-8d63-1f78fcd2ec76' and name 'default'
11/12/25 22:22:54: Attempting to start server on port '49731'
11/12/25 22:22:54: Running Dispatch Server
11/12/25 22:22:54: Version 2.2.0
11/12/25 22:22:56: Dispatch Server: Accepted socket connection from client
11/12/25 22:22:56: Starting Socket connection
11/12/25 22:22:56: EXCHANGE_TOKEN received, server token: 840dcb94-765e-46b1-81c4-886f0b968201, passed token: 840dcb94-765e-46b1-81c4-886f0b968201
11/12/25 22:22:56: DISPATCH_HANDLER: Adding handler from function makeHandler in library xv_system_diagram
11/12/25 22:22:56: SESSION_MGR: creating session with session uuid: 'ba15ffa3-8f5f-43ab-ba48-0dbcc8ee94c4' and name 'vitis-run_compile_Multirate_v1'
11/12/25 22:22:56: KERNEL_SVC: creating session with uuid: 'ba15ffa3-8f5f-43ab-ba48-0dbcc8ee94c4' and name 'vitis-run_compile_Multirate_v1'
11/12/25 22:22:56: GUIDANCE_SMGR: creating guidance session with uuid: 'ba15ffa3-8f5f-43ab-ba48-0dbcc8ee94c4' and name 'vitis-run_compile_Multirate_v1'
11/12/25 22:22:56: SYSTEM_DIAGRAM: creating session with uuid: 'ba15ffa3-8f5f-43ab-ba48-0dbcc8ee94c4' and name 'vitis-run_compile_Multirate_v1'
11/12/25 22:23:06: Dispatch Server: Accepted socket connection from client
11/12/25 22:23:06: Starting Socket connection
11/12/25 22:24:10: SESSION_MGR: closing session for UUID 'ba15ffa3-8f5f-43ab-ba48-0dbcc8ee94c4' with name 'vitis-run_compile_Multirate_v1'
11/12/25 22:24:10: KERNEL_SVC: closing session for UUID 'ba15ffa3-8f5f-43ab-ba48-0dbcc8ee94c4' with name 'vitis-run_compile_Multirate_v1'
11/12/25 22:24:10: GUIDANCE_SMGR: closing session for UUID 'ba15ffa3-8f5f-43ab-ba48-0dbcc8ee94c4' with name 'vitis-run_compile_Multirate_v1'
11/12/25 22:24:10: SYSTEM_DIAGRAM: closing session for UUID 'ba15ffa3-8f5f-43ab-ba48-0dbcc8ee94c4' with name 'vitis-run_compile_Multirate_v1'
11/12/25 22:24:10: STOP_SERVER received, server token: 840dcb94-765e-46b1-81c4-886f0b968201, passed token: 840dcb94-765e-46b1-81c4-886f0b968201
11/12/25 22:24:10: Socket received request to stop server.
11/12/25 22:24:10: Dispatch Server: do_await_stop
11/12/25 22:24:10: SERVER: destructor for server bound to port 49731
11/12/25 22:27:08: Running xcd server. This server was built by gradle.
11/12/25 22:27:08: Server was asked to start on port: '49747'
11/12/25 22:27:08: Server is using token UUID: '9c89a244-f0b6-4a2c-87f9-59e3cdcd0f33'
11/12/25 22:27:08: SESSION_MGR: creating session with session uuid: '6d04a3e9-ade5-4ab9-8d63-1f78fcd2ec76' and name 'default'
11/12/25 22:27:08: Attempting to start server on port '49747'
11/12/25 22:27:08: Running Dispatch Server
11/12/25 22:27:08: Version 2.2.0
11/12/25 22:27:10: Dispatch Server: Accepted socket connection from client
11/12/25 22:27:10: Starting Socket connection
11/12/25 22:27:10: EXCHANGE_TOKEN received, server token: 9c89a244-f0b6-4a2c-87f9-59e3cdcd0f33, passed token: 9c89a244-f0b6-4a2c-87f9-59e3cdcd0f33
11/12/25 22:27:10: DISPATCH_HANDLER: Adding handler from function makeHandler in library xv_system_diagram
11/12/25 22:27:10: SESSION_MGR: creating session with session uuid: 'ef709f59-9f20-4a80-a747-88ceed1f74c4' and name 'vitis-run_compile_Multirate_v1'
11/12/25 22:27:10: KERNEL_SVC: creating session with uuid: 'ef709f59-9f20-4a80-a747-88ceed1f74c4' and name 'vitis-run_compile_Multirate_v1'
11/12/25 22:27:10: GUIDANCE_SMGR: creating guidance session with uuid: 'ef709f59-9f20-4a80-a747-88ceed1f74c4' and name 'vitis-run_compile_Multirate_v1'
11/12/25 22:27:10: SYSTEM_DIAGRAM: creating session with uuid: 'ef709f59-9f20-4a80-a747-88ceed1f74c4' and name 'vitis-run_compile_Multirate_v1'
11/12/25 22:27:20: Dispatch Server: Accepted socket connection from client
11/12/25 22:27:20: Starting Socket connection
11/12/25 22:28:53: Dispatch Server: Accepted socket connection from client
11/12/25 22:28:53: Starting Socket connection
11/12/25 22:31:41: Dispatch Server: Accepted socket connection from client
11/12/25 22:31:41: Starting Socket connection
11/12/25 22:35:18: Dispatch Server: Accepted socket connection from client
11/12/25 22:35:18: Starting Socket connection
11/12/25 22:40:40: SESSION_MGR: closing session for UUID 'ef709f59-9f20-4a80-a747-88ceed1f74c4' with name 'vitis-run_compile_Multirate_v1'
11/12/25 22:40:40: KERNEL_SVC: closing session for UUID 'ef709f59-9f20-4a80-a747-88ceed1f74c4' with name 'vitis-run_compile_Multirate_v1'
11/12/25 22:40:40: GUIDANCE_SMGR: closing session for UUID 'ef709f59-9f20-4a80-a747-88ceed1f74c4' with name 'vitis-run_compile_Multirate_v1'
11/12/25 22:40:40: SYSTEM_DIAGRAM: closing session for UUID 'ef709f59-9f20-4a80-a747-88ceed1f74c4' with name 'vitis-run_compile_Multirate_v1'
11/12/25 22:40:40: STOP_SERVER received, server token: 9c89a244-f0b6-4a2c-87f9-59e3cdcd0f33, passed token: 9c89a244-f0b6-4a2c-87f9-59e3cdcd0f33
11/12/25 22:40:40: Socket received request to stop server.
11/12/25 22:40:40: Dispatch Server: do_await_stop
11/12/25 22:40:40: SERVER: destructor for server bound to port 49747
11/12/25 23:41:58: Running xcd server. This server was built by gradle.
11/12/25 23:41:58: Server was asked to start on port: '60192'
11/12/25 23:41:58: Server is using token UUID: 'ba872cf2-6035-4986-841c-6c60142c7eef'
11/12/25 23:41:58: SESSION_MGR: creating session with session uuid: '6d04a3e9-ade5-4ab9-8d63-1f78fcd2ec76' and name 'default'
11/12/25 23:41:58: Attempting to start server on port '60192'
11/12/25 23:41:58: Running Dispatch Server
11/12/25 23:41:58: Version 2.2.0
11/12/25 23:41:59: Dispatch Server: Accepted socket connection from client
11/12/25 23:41:59: Starting Socket connection
11/12/25 23:41:59: EXCHANGE_TOKEN received, server token: ba872cf2-6035-4986-841c-6c60142c7eef, passed token: ba872cf2-6035-4986-841c-6c60142c7eef
11/12/25 23:42:00: DISPATCH_HANDLER: Adding handler from function makeHandler in library xv_system_diagram
11/12/25 23:42:00: SESSION_MGR: creating session with session uuid: '0bb44e56-9189-49b9-ab6a-bea21fc7acc0' and name 'vitis-run_compile_Multirate_v1'
11/12/25 23:42:00: KERNEL_SVC: creating session with uuid: '0bb44e56-9189-49b9-ab6a-bea21fc7acc0' and name 'vitis-run_compile_Multirate_v1'
11/12/25 23:42:00: GUIDANCE_SMGR: creating guidance session with uuid: '0bb44e56-9189-49b9-ab6a-bea21fc7acc0' and name 'vitis-run_compile_Multirate_v1'
11/12/25 23:42:00: SYSTEM_DIAGRAM: creating session with uuid: '0bb44e56-9189-49b9-ab6a-bea21fc7acc0' and name 'vitis-run_compile_Multirate_v1'
11/12/25 23:42:11: Dispatch Server: Accepted socket connection from client
11/12/25 23:42:11: Starting Socket connection
11/12/25 23:42:21: SESSION_MGR: closing session for UUID '0bb44e56-9189-49b9-ab6a-bea21fc7acc0' with name 'vitis-run_compile_Multirate_v1'
11/12/25 23:42:21: KERNEL_SVC: closing session for UUID '0bb44e56-9189-49b9-ab6a-bea21fc7acc0' with name 'vitis-run_compile_Multirate_v1'
11/12/25 23:42:21: GUIDANCE_SMGR: closing session for UUID '0bb44e56-9189-49b9-ab6a-bea21fc7acc0' with name 'vitis-run_compile_Multirate_v1'
11/12/25 23:42:21: SYSTEM_DIAGRAM: closing session for UUID '0bb44e56-9189-49b9-ab6a-bea21fc7acc0' with name 'vitis-run_compile_Multirate_v1'
11/12/25 23:42:21: STOP_SERVER received, server token: ba872cf2-6035-4986-841c-6c60142c7eef, passed token: ba872cf2-6035-4986-841c-6c60142c7eef
11/12/25 23:42:21: Socket received request to stop server.
11/12/25 23:42:21: Dispatch Server: do_await_stop
11/12/25 23:42:21: SERVER: destructor for server bound to port 60192
11/12/25 23:43:03: Running xcd server. This server was built by gradle.
11/12/25 23:43:03: Server was asked to start on port: '60199'
11/12/25 23:43:03: Server is using token UUID: '68e8b22e-d44c-4214-8ea3-45758d10bd94'
11/12/25 23:43:03: SESSION_MGR: creating session with session uuid: '6d04a3e9-ade5-4ab9-8d63-1f78fcd2ec76' and name 'default'
11/12/25 23:43:03: Attempting to start server on port '60199'
11/12/25 23:43:03: Running Dispatch Server
11/12/25 23:43:03: Version 2.2.0
11/12/25 23:43:04: Dispatch Server: Accepted socket connection from client
11/12/25 23:43:04: Starting Socket connection
11/12/25 23:43:04: EXCHANGE_TOKEN received, server token: 68e8b22e-d44c-4214-8ea3-45758d10bd94, passed token: 68e8b22e-d44c-4214-8ea3-45758d10bd94
11/12/25 23:43:05: DISPATCH_HANDLER: Adding handler from function makeHandler in library xv_system_diagram
11/12/25 23:43:05: SESSION_MGR: creating session with session uuid: '52900c2c-6cc4-46a4-992b-dee8824266fb' and name 'v++_compile_Multirate_v1'
11/12/25 23:43:05: KERNEL_SVC: creating session with uuid: '52900c2c-6cc4-46a4-992b-dee8824266fb' and name 'v++_compile_Multirate_v1'
11/12/25 23:43:05: GUIDANCE_SMGR: creating guidance session with uuid: '52900c2c-6cc4-46a4-992b-dee8824266fb' and name 'v++_compile_Multirate_v1'
11/12/25 23:43:05: SYSTEM_DIAGRAM: creating session with uuid: '52900c2c-6cc4-46a4-992b-dee8824266fb' and name 'v++_compile_Multirate_v1'
11/12/25 23:43:23: Dispatch Server: Accepted socket connection from client
11/12/25 23:43:23: Starting Socket connection
11/12/25 23:44:36: SESSION_MGR: closing session for UUID '52900c2c-6cc4-46a4-992b-dee8824266fb' with name 'v++_compile_Multirate_v1'
11/12/25 23:44:36: KERNEL_SVC: closing session for UUID '52900c2c-6cc4-46a4-992b-dee8824266fb' with name 'v++_compile_Multirate_v1'
11/12/25 23:44:36: GUIDANCE_SMGR: closing session for UUID '52900c2c-6cc4-46a4-992b-dee8824266fb' with name 'v++_compile_Multirate_v1'
11/12/25 23:44:36: SYSTEM_DIAGRAM: closing session for UUID '52900c2c-6cc4-46a4-992b-dee8824266fb' with name 'v++_compile_Multirate_v1'
11/12/25 23:44:36: STOP_SERVER received, server token: 68e8b22e-d44c-4214-8ea3-45758d10bd94, passed token: 68e8b22e-d44c-4214-8ea3-45758d10bd94
11/12/25 23:44:36: Socket received request to stop server.
11/12/25 23:44:36: Dispatch Server: do_await_stop
11/12/25 23:44:36: SERVER: destructor for server bound to port 60199
11/14/25 09:37:03: Running xcd server. This server was built by gradle.
11/14/25 09:37:03: Server was asked to start on port: '55912'
11/14/25 09:37:03: Server is using token UUID: 'b1b7b994-e58f-42ba-bbf5-733f9e0e6c1c'
11/14/25 09:37:03: SESSION_MGR: creating session with session uuid: '6d04a3e9-ade5-4ab9-8d63-1f78fcd2ec76' and name 'default'
11/14/25 09:37:03: Attempting to start server on port '55912'
11/14/25 09:37:03: Running Dispatch Server
11/14/25 09:37:03: Version 2.2.0
11/14/25 09:37:05: Dispatch Server: Accepted socket connection from client
11/14/25 09:37:05: Starting Socket connection
11/14/25 09:37:05: EXCHANGE_TOKEN received, server token: b1b7b994-e58f-42ba-bbf5-733f9e0e6c1c, passed token: b1b7b994-e58f-42ba-bbf5-733f9e0e6c1c
11/14/25 09:37:05: DISPATCH_HANDLER: Adding handler from function makeHandler in library xv_system_diagram
11/14/25 09:37:05: SESSION_MGR: creating session with session uuid: 'a0975c32-4891-4e40-b216-db0d5a9377e6' and name 'v++_compile_Multirate_v1'
11/14/25 09:37:05: KERNEL_SVC: creating session with uuid: 'a0975c32-4891-4e40-b216-db0d5a9377e6' and name 'v++_compile_Multirate_v1'
11/14/25 09:37:05: GUIDANCE_SMGR: creating guidance session with uuid: 'a0975c32-4891-4e40-b216-db0d5a9377e6' and name 'v++_compile_Multirate_v1'
11/14/25 09:37:05: SYSTEM_DIAGRAM: creating session with uuid: 'a0975c32-4891-4e40-b216-db0d5a9377e6' and name 'v++_compile_Multirate_v1'
11/14/25 09:37:13: Dispatch Server: Accepted socket connection from client
11/14/25 09:37:13: Starting Socket connection
11/14/25 09:37:54: SESSION_MGR: closing session for UUID 'a0975c32-4891-4e40-b216-db0d5a9377e6' with name 'v++_compile_Multirate_v1'
11/14/25 09:37:54: KERNEL_SVC: closing session for UUID 'a0975c32-4891-4e40-b216-db0d5a9377e6' with name 'v++_compile_Multirate_v1'
11/14/25 09:37:54: GUIDANCE_SMGR: closing session for UUID 'a0975c32-4891-4e40-b216-db0d5a9377e6' with name 'v++_compile_Multirate_v1'
11/14/25 09:37:54: SYSTEM_DIAGRAM: closing session for UUID 'a0975c32-4891-4e40-b216-db0d5a9377e6' with name 'v++_compile_Multirate_v1'
11/14/25 09:37:54: STOP_SERVER received, server token: b1b7b994-e58f-42ba-bbf5-733f9e0e6c1c, passed token: b1b7b994-e58f-42ba-bbf5-733f9e0e6c1c
11/14/25 09:37:54: Socket received request to stop server.
11/14/25 09:37:54: Dispatch Server: do_await_stop
11/14/25 09:37:54: SERVER: destructor for server bound to port 55912
11/14/25 09:42:29: Running xcd server. This server was built by gradle.
11/14/25 09:42:29: Server was asked to start on port: '55930'
11/14/25 09:42:29: Server is using token UUID: 'dc7e17f5-b016-48a3-8b4b-6157340d9dcd'
11/14/25 09:42:29: SESSION_MGR: creating session with session uuid: '6d04a3e9-ade5-4ab9-8d63-1f78fcd2ec76' and name 'default'
11/14/25 09:42:29: Attempting to start server on port '55930'
11/14/25 09:42:29: Running Dispatch Server
11/14/25 09:42:29: Version 2.2.0
11/14/25 09:42:30: Dispatch Server: Accepted socket connection from client
11/14/25 09:42:30: Starting Socket connection
11/14/25 09:42:30: EXCHANGE_TOKEN received, server token: dc7e17f5-b016-48a3-8b4b-6157340d9dcd, passed token: dc7e17f5-b016-48a3-8b4b-6157340d9dcd
11/14/25 09:42:31: DISPATCH_HANDLER: Adding handler from function makeHandler in library xv_system_diagram
11/14/25 09:42:31: SESSION_MGR: creating session with session uuid: '99a55f32-0112-432f-aaab-095f1c14782c' and name 'vitis-run_compile_Multirate_v1'
11/14/25 09:42:31: KERNEL_SVC: creating session with uuid: '99a55f32-0112-432f-aaab-095f1c14782c' and name 'vitis-run_compile_Multirate_v1'
11/14/25 09:42:31: GUIDANCE_SMGR: creating guidance session with uuid: '99a55f32-0112-432f-aaab-095f1c14782c' and name 'vitis-run_compile_Multirate_v1'
11/14/25 09:42:31: SYSTEM_DIAGRAM: creating session with uuid: '99a55f32-0112-432f-aaab-095f1c14782c' and name 'vitis-run_compile_Multirate_v1'
11/14/25 09:42:37: Dispatch Server: Accepted socket connection from client
11/14/25 09:42:37: Starting Socket connection
11/14/25 09:42:51: SESSION_MGR: closing session for UUID '99a55f32-0112-432f-aaab-095f1c14782c' with name 'vitis-run_compile_Multirate_v1'
11/14/25 09:42:51: KERNEL_SVC: closing session for UUID '99a55f32-0112-432f-aaab-095f1c14782c' with name 'vitis-run_compile_Multirate_v1'
11/14/25 09:42:51: GUIDANCE_SMGR: closing session for UUID '99a55f32-0112-432f-aaab-095f1c14782c' with name 'vitis-run_compile_Multirate_v1'
11/14/25 09:42:51: SYSTEM_DIAGRAM: closing session for UUID '99a55f32-0112-432f-aaab-095f1c14782c' with name 'vitis-run_compile_Multirate_v1'
11/14/25 09:42:51: STOP_SERVER received, server token: dc7e17f5-b016-48a3-8b4b-6157340d9dcd, passed token: dc7e17f5-b016-48a3-8b4b-6157340d9dcd
11/14/25 09:42:51: Socket received request to stop server.
11/14/25 09:42:51: Dispatch Server: do_await_stop
11/14/25 09:42:51: SERVER: destructor for server bound to port 55930
11/14/25 10:56:49: Running xcd server. This server was built by gradle.
11/14/25 10:56:49: Server was asked to start on port: '63685'
11/14/25 10:56:49: Server is using token UUID: '8b2a9d7b-3e0c-440a-ad55-c9321180fc52'
11/14/25 10:56:49: SESSION_MGR: creating session with session uuid: '6d04a3e9-ade5-4ab9-8d63-1f78fcd2ec76' and name 'default'
11/14/25 10:56:49: Attempting to start server on port '63685'
11/14/25 10:56:49: Running Dispatch Server
11/14/25 10:56:49: Version 2.2.0
11/14/25 10:56:50: Dispatch Server: Accepted socket connection from client
11/14/25 10:56:50: Starting Socket connection
11/14/25 10:56:50: EXCHANGE_TOKEN received, server token: 8b2a9d7b-3e0c-440a-ad55-c9321180fc52, passed token: 8b2a9d7b-3e0c-440a-ad55-c9321180fc52
11/14/25 10:56:51: DISPATCH_HANDLER: Adding handler from function makeHandler in library xv_system_diagram
11/14/25 10:56:51: SESSION_MGR: creating session with session uuid: 'b154b680-5982-4974-848b-bb4abdc86724' and name 'vitis-run_compile_Multirate_v1'
11/14/25 10:56:51: KERNEL_SVC: creating session with uuid: 'b154b680-5982-4974-848b-bb4abdc86724' and name 'vitis-run_compile_Multirate_v1'
11/14/25 10:56:51: GUIDANCE_SMGR: creating guidance session with uuid: 'b154b680-5982-4974-848b-bb4abdc86724' and name 'vitis-run_compile_Multirate_v1'
11/14/25 10:56:51: SYSTEM_DIAGRAM: creating session with uuid: 'b154b680-5982-4974-848b-bb4abdc86724' and name 'vitis-run_compile_Multirate_v1'
11/14/25 10:57:00: Dispatch Server: Accepted socket connection from client
11/14/25 10:57:00: Starting Socket connection
11/14/25 10:57:54: SESSION_MGR: closing session for UUID 'b154b680-5982-4974-848b-bb4abdc86724' with name 'vitis-run_compile_Multirate_v1'
11/14/25 10:57:54: KERNEL_SVC: closing session for UUID 'b154b680-5982-4974-848b-bb4abdc86724' with name 'vitis-run_compile_Multirate_v1'
11/14/25 10:57:54: GUIDANCE_SMGR: closing session for UUID 'b154b680-5982-4974-848b-bb4abdc86724' with name 'vitis-run_compile_Multirate_v1'
11/14/25 10:57:54: SYSTEM_DIAGRAM: closing session for UUID 'b154b680-5982-4974-848b-bb4abdc86724' with name 'vitis-run_compile_Multirate_v1'
11/14/25 10:57:54: STOP_SERVER received, server token: 8b2a9d7b-3e0c-440a-ad55-c9321180fc52, passed token: 8b2a9d7b-3e0c-440a-ad55-c9321180fc52
11/14/25 10:57:54: Socket received request to stop server.
11/14/25 10:57:54: Dispatch Server: do_await_stop
11/14/25 10:57:54: SERVER: destructor for server bound to port 63685
11/14/25 11:13:55: Running xcd server. This server was built by gradle.
11/14/25 11:13:55: Server was asked to start on port: '62693'
11/14/25 11:13:55: Server is using token UUID: '837a63e6-4298-4058-b5cb-478fe649bb4b'
11/14/25 11:13:55: SESSION_MGR: creating session with session uuid: '6d04a3e9-ade5-4ab9-8d63-1f78fcd2ec76' and name 'default'
11/14/25 11:13:55: Attempting to start server on port '62693'
11/14/25 11:13:55: Running Dispatch Server
11/14/25 11:13:55: Version 2.2.0
11/14/25 11:13:57: Dispatch Server: Accepted socket connection from client
11/14/25 11:13:57: Starting Socket connection
11/14/25 11:13:57: EXCHANGE_TOKEN received, server token: 837a63e6-4298-4058-b5cb-478fe649bb4b, passed token: 837a63e6-4298-4058-b5cb-478fe649bb4b
11/14/25 11:13:57: DISPATCH_HANDLER: Adding handler from function makeHandler in library xv_system_diagram
11/14/25 11:13:57: SESSION_MGR: creating session with session uuid: '374156dd-65ed-4f21-99dc-28777203436f' and name 'vitis-run_compile_Multirate_v1'
11/14/25 11:13:57: KERNEL_SVC: creating session with uuid: '374156dd-65ed-4f21-99dc-28777203436f' and name 'vitis-run_compile_Multirate_v1'
11/14/25 11:13:57: GUIDANCE_SMGR: creating guidance session with uuid: '374156dd-65ed-4f21-99dc-28777203436f' and name 'vitis-run_compile_Multirate_v1'
11/14/25 11:13:57: SYSTEM_DIAGRAM: creating session with uuid: '374156dd-65ed-4f21-99dc-28777203436f' and name 'vitis-run_compile_Multirate_v1'
11/14/25 11:14:03: Dispatch Server: Accepted socket connection from client
11/14/25 11:14:03: Starting Socket connection
11/14/25 11:14:08: SESSION_MGR: closing session for UUID '374156dd-65ed-4f21-99dc-28777203436f' with name 'vitis-run_compile_Multirate_v1'
11/14/25 11:14:08: KERNEL_SVC: closing session for UUID '374156dd-65ed-4f21-99dc-28777203436f' with name 'vitis-run_compile_Multirate_v1'
11/14/25 11:14:08: GUIDANCE_SMGR: closing session for UUID '374156dd-65ed-4f21-99dc-28777203436f' with name 'vitis-run_compile_Multirate_v1'
11/14/25 11:14:08: SYSTEM_DIAGRAM: closing session for UUID '374156dd-65ed-4f21-99dc-28777203436f' with name 'vitis-run_compile_Multirate_v1'
11/14/25 11:14:08: STOP_SERVER received, server token: 837a63e6-4298-4058-b5cb-478fe649bb4b, passed token: 837a63e6-4298-4058-b5cb-478fe649bb4b
11/14/25 11:14:08: Socket received request to stop server.
11/14/25 11:14:08: Dispatch Server: do_await_stop
11/14/25 11:14:08: SERVER: destructor for server bound to port 62693
11/14/25 11:15:59: Running xcd server. This server was built by gradle.
11/14/25 11:15:59: Server was asked to start on port: '58342'
11/14/25 11:15:59: Server is using token UUID: 'f6a101bf-4a6a-41b1-9f61-6022d83106a2'
11/14/25 11:15:59: SESSION_MGR: creating session with session uuid: '6d04a3e9-ade5-4ab9-8d63-1f78fcd2ec76' and name 'default'
11/14/25 11:15:59: Attempting to start server on port '58342'
11/14/25 11:15:59: Running Dispatch Server
11/14/25 11:15:59: Version 2.2.0
11/14/25 11:16:01: Dispatch Server: Accepted socket connection from client
11/14/25 11:16:01: Starting Socket connection
11/14/25 11:16:01: EXCHANGE_TOKEN received, server token: f6a101bf-4a6a-41b1-9f61-6022d83106a2, passed token: f6a101bf-4a6a-41b1-9f61-6022d83106a2
11/14/25 11:16:01: DISPATCH_HANDLER: Adding handler from function makeHandler in library xv_system_diagram
11/14/25 11:16:01: SESSION_MGR: creating session with session uuid: '8ef43b9e-cdd0-4125-a6cd-3d5ad2b1fc44' and name 'vitis-run_compile_Multirate_v1'
11/14/25 11:16:01: KERNEL_SVC: creating session with uuid: '8ef43b9e-cdd0-4125-a6cd-3d5ad2b1fc44' and name 'vitis-run_compile_Multirate_v1'
11/14/25 11:16:01: GUIDANCE_SMGR: creating guidance session with uuid: '8ef43b9e-cdd0-4125-a6cd-3d5ad2b1fc44' and name 'vitis-run_compile_Multirate_v1'
11/14/25 11:16:01: SYSTEM_DIAGRAM: creating session with uuid: '8ef43b9e-cdd0-4125-a6cd-3d5ad2b1fc44' and name 'vitis-run_compile_Multirate_v1'
11/14/25 11:16:07: Dispatch Server: Accepted socket connection from client
11/14/25 11:16:07: Starting Socket connection
11/14/25 11:16:11: SESSION_MGR: closing session for UUID '8ef43b9e-cdd0-4125-a6cd-3d5ad2b1fc44' with name 'vitis-run_compile_Multirate_v1'
11/14/25 11:16:11: KERNEL_SVC: closing session for UUID '8ef43b9e-cdd0-4125-a6cd-3d5ad2b1fc44' with name 'vitis-run_compile_Multirate_v1'
11/14/25 11:16:11: GUIDANCE_SMGR: closing session for UUID '8ef43b9e-cdd0-4125-a6cd-3d5ad2b1fc44' with name 'vitis-run_compile_Multirate_v1'
11/14/25 11:16:11: SYSTEM_DIAGRAM: closing session for UUID '8ef43b9e-cdd0-4125-a6cd-3d5ad2b1fc44' with name 'vitis-run_compile_Multirate_v1'
11/14/25 11:16:11: STOP_SERVER received, server token: f6a101bf-4a6a-41b1-9f61-6022d83106a2, passed token: f6a101bf-4a6a-41b1-9f61-6022d83106a2
11/14/25 11:16:11: Socket received request to stop server.
11/14/25 11:16:11: Dispatch Server: do_await_stop
11/14/25 11:16:11: SERVER: destructor for server bound to port 58342
11/14/25 11:17:12: Running xcd server. This server was built by gradle.
11/14/25 11:17:12: Server was asked to start on port: '58346'
11/14/25 11:17:12: Server is using token UUID: 'a33f038f-82e6-4f18-a220-ba72b5fefaa3'
11/14/25 11:17:12: SESSION_MGR: creating session with session uuid: '6d04a3e9-ade5-4ab9-8d63-1f78fcd2ec76' and name 'default'
11/14/25 11:17:12: Attempting to start server on port '58346'
11/14/25 11:17:12: Running Dispatch Server
11/14/25 11:17:12: Version 2.2.0
11/14/25 11:17:14: Dispatch Server: Accepted socket connection from client
11/14/25 11:17:14: Starting Socket connection
11/14/25 11:17:14: EXCHANGE_TOKEN received, server token: a33f038f-82e6-4f18-a220-ba72b5fefaa3, passed token: a33f038f-82e6-4f18-a220-ba72b5fefaa3
11/14/25 11:17:14: DISPATCH_HANDLER: Adding handler from function makeHandler in library xv_system_diagram
11/14/25 11:17:14: SESSION_MGR: creating session with session uuid: '39d449c3-f3a7-463a-adbc-26ee1b2ae1f0' and name 'vitis-run_compile_Multirate_v1'
11/14/25 11:17:14: KERNEL_SVC: creating session with uuid: '39d449c3-f3a7-463a-adbc-26ee1b2ae1f0' and name 'vitis-run_compile_Multirate_v1'
11/14/25 11:17:14: GUIDANCE_SMGR: creating guidance session with uuid: '39d449c3-f3a7-463a-adbc-26ee1b2ae1f0' and name 'vitis-run_compile_Multirate_v1'
11/14/25 11:17:14: SYSTEM_DIAGRAM: creating session with uuid: '39d449c3-f3a7-463a-adbc-26ee1b2ae1f0' and name 'vitis-run_compile_Multirate_v1'
11/14/25 11:17:20: Dispatch Server: Accepted socket connection from client
11/14/25 11:17:20: Starting Socket connection
11/14/25 11:17:26: SESSION_MGR: closing session for UUID '39d449c3-f3a7-463a-adbc-26ee1b2ae1f0' with name 'vitis-run_compile_Multirate_v1'
11/14/25 11:17:26: KERNEL_SVC: closing session for UUID '39d449c3-f3a7-463a-adbc-26ee1b2ae1f0' with name 'vitis-run_compile_Multirate_v1'
11/14/25 11:17:26: GUIDANCE_SMGR: closing session for UUID '39d449c3-f3a7-463a-adbc-26ee1b2ae1f0' with name 'vitis-run_compile_Multirate_v1'
11/14/25 11:17:26: SYSTEM_DIAGRAM: closing session for UUID '39d449c3-f3a7-463a-adbc-26ee1b2ae1f0' with name 'vitis-run_compile_Multirate_v1'
11/14/25 11:17:26: STOP_SERVER received, server token: a33f038f-82e6-4f18-a220-ba72b5fefaa3, passed token: a33f038f-82e6-4f18-a220-ba72b5fefaa3
11/14/25 11:17:26: Socket received request to stop server.
11/14/25 11:17:26: Dispatch Server: do_await_stop
11/14/25 11:17:26: SERVER: destructor for server bound to port 58346
11/14/25 11:17:42: Running xcd server. This server was built by gradle.
11/14/25 11:17:42: Server was asked to start on port: '58349'
11/14/25 11:17:42: Server is using token UUID: '494bcf63-6fd5-4cbf-8ef3-d04b44498334'
11/14/25 11:17:42: SESSION_MGR: creating session with session uuid: '6d04a3e9-ade5-4ab9-8d63-1f78fcd2ec76' and name 'default'
11/14/25 11:17:42: Attempting to start server on port '58349'
11/14/25 11:17:42: Running Dispatch Server
11/14/25 11:17:42: Version 2.2.0
11/14/25 11:17:43: Dispatch Server: Accepted socket connection from client
11/14/25 11:17:43: Starting Socket connection
11/14/25 11:17:43: EXCHANGE_TOKEN received, server token: 494bcf63-6fd5-4cbf-8ef3-d04b44498334, passed token: 494bcf63-6fd5-4cbf-8ef3-d04b44498334
11/14/25 11:17:44: DISPATCH_HANDLER: Adding handler from function makeHandler in library xv_system_diagram
11/14/25 11:17:44: SESSION_MGR: creating session with session uuid: '6262d8aa-c7cb-4027-bc4f-41e7b7b56f00' and name 'v++_compile_Multirate_v1'
11/14/25 11:17:44: KERNEL_SVC: creating session with uuid: '6262d8aa-c7cb-4027-bc4f-41e7b7b56f00' and name 'v++_compile_Multirate_v1'
11/14/25 11:17:44: GUIDANCE_SMGR: creating guidance session with uuid: '6262d8aa-c7cb-4027-bc4f-41e7b7b56f00' and name 'v++_compile_Multirate_v1'
11/14/25 11:17:44: SYSTEM_DIAGRAM: creating session with uuid: '6262d8aa-c7cb-4027-bc4f-41e7b7b56f00' and name 'v++_compile_Multirate_v1'
11/14/25 11:17:50: Dispatch Server: Accepted socket connection from client
11/14/25 11:17:50: Starting Socket connection
11/14/25 11:18:11: SESSION_MGR: closing session for UUID '6262d8aa-c7cb-4027-bc4f-41e7b7b56f00' with name 'v++_compile_Multirate_v1'
11/14/25 11:18:11: KERNEL_SVC: closing session for UUID '6262d8aa-c7cb-4027-bc4f-41e7b7b56f00' with name 'v++_compile_Multirate_v1'
11/14/25 11:18:11: GUIDANCE_SMGR: closing session for UUID '6262d8aa-c7cb-4027-bc4f-41e7b7b56f00' with name 'v++_compile_Multirate_v1'
11/14/25 11:18:11: SYSTEM_DIAGRAM: closing session for UUID '6262d8aa-c7cb-4027-bc4f-41e7b7b56f00' with name 'v++_compile_Multirate_v1'
11/14/25 11:18:11: STOP_SERVER received, server token: 494bcf63-6fd5-4cbf-8ef3-d04b44498334, passed token: 494bcf63-6fd5-4cbf-8ef3-d04b44498334
11/14/25 11:18:11: Socket received request to stop server.
11/14/25 11:18:11: Dispatch Server: do_await_stop
11/14/25 11:18:11: SERVER: destructor for server bound to port 58349
11/14/25 11:18:24: Running xcd server. This server was built by gradle.
11/14/25 11:18:24: Server was asked to start on port: '58356'
11/14/25 11:18:24: Server is using token UUID: 'c96a16a3-eeaf-4b77-9d59-65f5a034839a'
11/14/25 11:18:24: SESSION_MGR: creating session with session uuid: '6d04a3e9-ade5-4ab9-8d63-1f78fcd2ec76' and name 'default'
11/14/25 11:18:24: Attempting to start server on port '58356'
11/14/25 11:18:24: Running Dispatch Server
11/14/25 11:18:24: Version 2.2.0
11/14/25 11:18:26: Dispatch Server: Accepted socket connection from client
11/14/25 11:18:26: Starting Socket connection
11/14/25 11:18:26: EXCHANGE_TOKEN received, server token: c96a16a3-eeaf-4b77-9d59-65f5a034839a, passed token: c96a16a3-eeaf-4b77-9d59-65f5a034839a
11/14/25 11:18:26: DISPATCH_HANDLER: Adding handler from function makeHandler in library xv_system_diagram
11/14/25 11:18:26: SESSION_MGR: creating session with session uuid: '3551b428-9ea3-42db-9ec6-170be58ab25f' and name 'v++_compile_Multirate_v1'
11/14/25 11:18:26: KERNEL_SVC: creating session with uuid: '3551b428-9ea3-42db-9ec6-170be58ab25f' and name 'v++_compile_Multirate_v1'
11/14/25 11:18:26: GUIDANCE_SMGR: creating guidance session with uuid: '3551b428-9ea3-42db-9ec6-170be58ab25f' and name 'v++_compile_Multirate_v1'
11/14/25 11:18:26: SYSTEM_DIAGRAM: creating session with uuid: '3551b428-9ea3-42db-9ec6-170be58ab25f' and name 'v++_compile_Multirate_v1'
11/14/25 11:18:32: Dispatch Server: Accepted socket connection from client
11/14/25 11:18:32: Starting Socket connection
11/14/25 11:18:50: SESSION_MGR: closing session for UUID '3551b428-9ea3-42db-9ec6-170be58ab25f' with name 'v++_compile_Multirate_v1'
11/14/25 11:18:50: KERNEL_SVC: closing session for UUID '3551b428-9ea3-42db-9ec6-170be58ab25f' with name 'v++_compile_Multirate_v1'
11/14/25 11:18:50: GUIDANCE_SMGR: closing session for UUID '3551b428-9ea3-42db-9ec6-170be58ab25f' with name 'v++_compile_Multirate_v1'
11/14/25 11:18:50: SYSTEM_DIAGRAM: closing session for UUID '3551b428-9ea3-42db-9ec6-170be58ab25f' with name 'v++_compile_Multirate_v1'
11/14/25 11:18:50: STOP_SERVER received, server token: c96a16a3-eeaf-4b77-9d59-65f5a034839a, passed token: c96a16a3-eeaf-4b77-9d59-65f5a034839a
11/14/25 11:18:50: Socket received request to stop server.
11/14/25 11:18:50: Dispatch Server: do_await_stop
11/14/25 11:18:50: SERVER: destructor for server bound to port 58356
11/14/25 11:21:45: Running xcd server. This server was built by gradle.
11/14/25 11:21:45: Server was asked to start on port: '58366'
11/14/25 11:21:45: Server is using token UUID: '0a72d0ab-bd84-49d7-8213-4016a5cdebc1'
11/14/25 11:21:45: SESSION_MGR: creating session with session uuid: '6d04a3e9-ade5-4ab9-8d63-1f78fcd2ec76' and name 'default'
11/14/25 11:21:45: Attempting to start server on port '58366'
11/14/25 11:21:45: Running Dispatch Server
11/14/25 11:21:45: Version 2.2.0
11/14/25 11:21:47: Dispatch Server: Accepted socket connection from client
11/14/25 11:21:47: Starting Socket connection
11/14/25 11:21:47: EXCHANGE_TOKEN received, server token: 0a72d0ab-bd84-49d7-8213-4016a5cdebc1, passed token: 0a72d0ab-bd84-49d7-8213-4016a5cdebc1
11/14/25 11:21:47: DISPATCH_HANDLER: Adding handler from function makeHandler in library xv_system_diagram
11/14/25 11:21:47: SESSION_MGR: creating session with session uuid: '3422938a-4468-453b-af2f-10fa02a8ca1b' and name 'v++_compile_Multirate_v1'
11/14/25 11:21:47: KERNEL_SVC: creating session with uuid: '3422938a-4468-453b-af2f-10fa02a8ca1b' and name 'v++_compile_Multirate_v1'
11/14/25 11:21:47: GUIDANCE_SMGR: creating guidance session with uuid: '3422938a-4468-453b-af2f-10fa02a8ca1b' and name 'v++_compile_Multirate_v1'
11/14/25 11:21:47: SYSTEM_DIAGRAM: creating session with uuid: '3422938a-4468-453b-af2f-10fa02a8ca1b' and name 'v++_compile_Multirate_v1'
11/14/25 11:21:54: Dispatch Server: Accepted socket connection from client
11/14/25 11:21:54: Starting Socket connection
11/14/25 11:22:19: SESSION_MGR: closing session for UUID '3422938a-4468-453b-af2f-10fa02a8ca1b' with name 'v++_compile_Multirate_v1'
11/14/25 11:22:19: KERNEL_SVC: closing session for UUID '3422938a-4468-453b-af2f-10fa02a8ca1b' with name 'v++_compile_Multirate_v1'
11/14/25 11:22:19: GUIDANCE_SMGR: closing session for UUID '3422938a-4468-453b-af2f-10fa02a8ca1b' with name 'v++_compile_Multirate_v1'
11/14/25 11:22:19: SYSTEM_DIAGRAM: closing session for UUID '3422938a-4468-453b-af2f-10fa02a8ca1b' with name 'v++_compile_Multirate_v1'
11/14/25 11:22:19: STOP_SERVER received, server token: 0a72d0ab-bd84-49d7-8213-4016a5cdebc1, passed token: 0a72d0ab-bd84-49d7-8213-4016a5cdebc1
11/14/25 11:22:19: Socket received request to stop server.
11/14/25 11:22:19: Dispatch Server: do_await_stop
11/14/25 11:22:19: SERVER: destructor for server bound to port 58366
11/14/25 11:27:00: Running xcd server. This server was built by gradle.
11/14/25 11:27:00: Server was asked to start on port: '58380'
11/14/25 11:27:00: Server is using token UUID: 'd9c405b1-5b2b-44c4-b38a-df75bbd92103'
11/14/25 11:27:00: SESSION_MGR: creating session with session uuid: '6d04a3e9-ade5-4ab9-8d63-1f78fcd2ec76' and name 'default'
11/14/25 11:27:00: Attempting to start server on port '58380'
11/14/25 11:27:00: Running Dispatch Server
11/14/25 11:27:00: Version 2.2.0
11/14/25 11:27:02: Dispatch Server: Accepted socket connection from client
11/14/25 11:27:02: Starting Socket connection
11/14/25 11:27:02: EXCHANGE_TOKEN received, server token: d9c405b1-5b2b-44c4-b38a-df75bbd92103, passed token: d9c405b1-5b2b-44c4-b38a-df75bbd92103
11/14/25 11:27:02: DISPATCH_HANDLER: Adding handler from function makeHandler in library xv_system_diagram
11/14/25 11:27:02: SESSION_MGR: creating session with session uuid: '5f536d22-64c4-43ab-af55-3d5f909dfcf0' and name 'v++_compile_Multirate_v1'
11/14/25 11:27:02: KERNEL_SVC: creating session with uuid: '5f536d22-64c4-43ab-af55-3d5f909dfcf0' and name 'v++_compile_Multirate_v1'
11/14/25 11:27:02: GUIDANCE_SMGR: creating guidance session with uuid: '5f536d22-64c4-43ab-af55-3d5f909dfcf0' and name 'v++_compile_Multirate_v1'
11/14/25 11:27:02: SYSTEM_DIAGRAM: creating session with uuid: '5f536d22-64c4-43ab-af55-3d5f909dfcf0' and name 'v++_compile_Multirate_v1'
11/14/25 11:27:08: Dispatch Server: Accepted socket connection from client
11/14/25 11:27:08: Starting Socket connection
11/14/25 11:27:44: SESSION_MGR: closing session for UUID '5f536d22-64c4-43ab-af55-3d5f909dfcf0' with name 'v++_compile_Multirate_v1'
11/14/25 11:27:44: KERNEL_SVC: closing session for UUID '5f536d22-64c4-43ab-af55-3d5f909dfcf0' with name 'v++_compile_Multirate_v1'
11/14/25 11:27:44: GUIDANCE_SMGR: closing session for UUID '5f536d22-64c4-43ab-af55-3d5f909dfcf0' with name 'v++_compile_Multirate_v1'
11/14/25 11:27:44: SYSTEM_DIAGRAM: closing session for UUID '5f536d22-64c4-43ab-af55-3d5f909dfcf0' with name 'v++_compile_Multirate_v1'
11/14/25 11:27:44: STOP_SERVER received, server token: d9c405b1-5b2b-44c4-b38a-df75bbd92103, passed token: d9c405b1-5b2b-44c4-b38a-df75bbd92103
11/14/25 11:27:44: Socket received request to stop server.
11/14/25 11:27:44: Dispatch Server: do_await_stop
11/14/25 11:27:44: SERVER: destructor for server bound to port 58380
11/14/25 11:35:11: Running xcd server. This server was built by gradle.
11/14/25 11:35:11: Server was asked to start on port: '58409'
11/14/25 11:35:11: Server is using token UUID: '7695f3d1-f74d-48cd-a383-887f575dd91a'
11/14/25 11:35:11: SESSION_MGR: creating session with session uuid: '6d04a3e9-ade5-4ab9-8d63-1f78fcd2ec76' and name 'default'
11/14/25 11:35:11: Attempting to start server on port '58409'
11/14/25 11:35:11: Running Dispatch Server
11/14/25 11:35:11: Version 2.2.0
11/14/25 11:35:13: Dispatch Server: Accepted socket connection from client
11/14/25 11:35:13: Starting Socket connection
11/14/25 11:35:13: EXCHANGE_TOKEN received, server token: 7695f3d1-f74d-48cd-a383-887f575dd91a, passed token: 7695f3d1-f74d-48cd-a383-887f575dd91a
11/14/25 11:35:13: DISPATCH_HANDLER: Adding handler from function makeHandler in library xv_system_diagram
11/14/25 11:35:13: SESSION_MGR: creating session with session uuid: 'a6c80d4c-2226-4018-a9cb-4209f26f6447' and name 'v++_compile_Multirate_v1'
11/14/25 11:35:13: KERNEL_SVC: creating session with uuid: 'a6c80d4c-2226-4018-a9cb-4209f26f6447' and name 'v++_compile_Multirate_v1'
11/14/25 11:35:13: GUIDANCE_SMGR: creating guidance session with uuid: 'a6c80d4c-2226-4018-a9cb-4209f26f6447' and name 'v++_compile_Multirate_v1'
11/14/25 11:35:13: SYSTEM_DIAGRAM: creating session with uuid: 'a6c80d4c-2226-4018-a9cb-4209f26f6447' and name 'v++_compile_Multirate_v1'
11/14/25 11:35:19: Dispatch Server: Accepted socket connection from client
11/14/25 11:35:19: Starting Socket connection
11/14/25 11:35:55: SESSION_MGR: closing session for UUID 'a6c80d4c-2226-4018-a9cb-4209f26f6447' with name 'v++_compile_Multirate_v1'
11/14/25 11:35:55: KERNEL_SVC: closing session for UUID 'a6c80d4c-2226-4018-a9cb-4209f26f6447' with name 'v++_compile_Multirate_v1'
11/14/25 11:35:55: GUIDANCE_SMGR: closing session for UUID 'a6c80d4c-2226-4018-a9cb-4209f26f6447' with name 'v++_compile_Multirate_v1'
11/14/25 11:35:55: SYSTEM_DIAGRAM: closing session for UUID 'a6c80d4c-2226-4018-a9cb-4209f26f6447' with name 'v++_compile_Multirate_v1'
11/14/25 11:35:55: STOP_SERVER received, server token: 7695f3d1-f74d-48cd-a383-887f575dd91a, passed token: 7695f3d1-f74d-48cd-a383-887f575dd91a
11/14/25 11:35:55: Socket received request to stop server.
11/14/25 11:35:55: Dispatch Server: do_await_stop
11/14/25 11:35:55: SERVER: destructor for server bound to port 58409
11/14/25 11:36:23: Running xcd server. This server was built by gradle.
11/14/25 11:36:23: Server was asked to start on port: '55515'
11/14/25 11:36:23: Server is using token UUID: '36769479-d98a-4fbe-9353-ee45c45f59a4'
11/14/25 11:36:23: SESSION_MGR: creating session with session uuid: '6d04a3e9-ade5-4ab9-8d63-1f78fcd2ec76' and name 'default'
11/14/25 11:36:23: Attempting to start server on port '55515'
11/14/25 11:36:23: Running Dispatch Server
11/14/25 11:36:23: Version 2.2.0
11/14/25 11:36:25: Dispatch Server: Accepted socket connection from client
11/14/25 11:36:25: Starting Socket connection
11/14/25 11:36:25: EXCHANGE_TOKEN received, server token: 36769479-d98a-4fbe-9353-ee45c45f59a4, passed token: 36769479-d98a-4fbe-9353-ee45c45f59a4
11/14/25 11:36:25: DISPATCH_HANDLER: Adding handler from function makeHandler in library xv_system_diagram
11/14/25 11:36:25: SESSION_MGR: creating session with session uuid: 'f4f63260-1338-474f-8e49-bbb455d162ca' and name 'v++_compile_Multirate_v1'
11/14/25 11:36:25: KERNEL_SVC: creating session with uuid: 'f4f63260-1338-474f-8e49-bbb455d162ca' and name 'v++_compile_Multirate_v1'
11/14/25 11:36:25: GUIDANCE_SMGR: creating guidance session with uuid: 'f4f63260-1338-474f-8e49-bbb455d162ca' and name 'v++_compile_Multirate_v1'
11/14/25 11:36:25: SYSTEM_DIAGRAM: creating session with uuid: 'f4f63260-1338-474f-8e49-bbb455d162ca' and name 'v++_compile_Multirate_v1'
11/14/25 11:36:31: Dispatch Server: Accepted socket connection from client
11/14/25 11:36:31: Starting Socket connection
11/14/25 11:37:08: SESSION_MGR: closing session for UUID 'f4f63260-1338-474f-8e49-bbb455d162ca' with name 'v++_compile_Multirate_v1'
11/14/25 11:37:08: KERNEL_SVC: closing session for UUID 'f4f63260-1338-474f-8e49-bbb455d162ca' with name 'v++_compile_Multirate_v1'
11/14/25 11:37:08: GUIDANCE_SMGR: closing session for UUID 'f4f63260-1338-474f-8e49-bbb455d162ca' with name 'v++_compile_Multirate_v1'
11/14/25 11:37:08: SYSTEM_DIAGRAM: closing session for UUID 'f4f63260-1338-474f-8e49-bbb455d162ca' with name 'v++_compile_Multirate_v1'
11/14/25 11:37:08: STOP_SERVER received, server token: 36769479-d98a-4fbe-9353-ee45c45f59a4, passed token: 36769479-d98a-4fbe-9353-ee45c45f59a4
11/14/25 11:37:08: Socket received request to stop server.
11/14/25 11:37:08: Dispatch Server: do_await_stop
11/14/25 11:37:08: SERVER: destructor for server bound to port 55515
11/14/25 11:39:25: Running xcd server. This server was built by gradle.
11/14/25 11:39:25: Server was asked to start on port: '52822'
11/14/25 11:39:25: Server is using token UUID: '57319434-306a-4064-9d7d-0908ee3f14b4'
11/14/25 11:39:25: SESSION_MGR: creating session with session uuid: '6d04a3e9-ade5-4ab9-8d63-1f78fcd2ec76' and name 'default'
11/14/25 11:39:25: Attempting to start server on port '52822'
11/14/25 11:39:25: Running Dispatch Server
11/14/25 11:39:25: Version 2.2.0
11/14/25 11:39:27: Dispatch Server: Accepted socket connection from client
11/14/25 11:39:27: Starting Socket connection
11/14/25 11:39:27: EXCHANGE_TOKEN received, server token: 57319434-306a-4064-9d7d-0908ee3f14b4, passed token: 57319434-306a-4064-9d7d-0908ee3f14b4
11/14/25 11:39:27: DISPATCH_HANDLER: Adding handler from function makeHandler in library xv_system_diagram
11/14/25 11:39:27: SESSION_MGR: creating session with session uuid: '5f1eb7df-cf97-4fe3-9dff-3e9a053d19e1' and name 'vitis-run_compile_Multirate_v1'
11/14/25 11:39:27: KERNEL_SVC: creating session with uuid: '5f1eb7df-cf97-4fe3-9dff-3e9a053d19e1' and name 'vitis-run_compile_Multirate_v1'
11/14/25 11:39:27: GUIDANCE_SMGR: creating guidance session with uuid: '5f1eb7df-cf97-4fe3-9dff-3e9a053d19e1' and name 'vitis-run_compile_Multirate_v1'
11/14/25 11:39:27: SYSTEM_DIAGRAM: creating session with uuid: '5f1eb7df-cf97-4fe3-9dff-3e9a053d19e1' and name 'vitis-run_compile_Multirate_v1'
11/14/25 11:39:34: Dispatch Server: Accepted socket connection from client
11/14/25 11:39:34: Starting Socket connection
11/14/25 11:40:14: SESSION_MGR: closing session for UUID '5f1eb7df-cf97-4fe3-9dff-3e9a053d19e1' with name 'vitis-run_compile_Multirate_v1'
11/14/25 11:40:14: KERNEL_SVC: closing session for UUID '5f1eb7df-cf97-4fe3-9dff-3e9a053d19e1' with name 'vitis-run_compile_Multirate_v1'
11/14/25 11:40:14: GUIDANCE_SMGR: closing session for UUID '5f1eb7df-cf97-4fe3-9dff-3e9a053d19e1' with name 'vitis-run_compile_Multirate_v1'
11/14/25 11:40:14: SYSTEM_DIAGRAM: closing session for UUID '5f1eb7df-cf97-4fe3-9dff-3e9a053d19e1' with name 'vitis-run_compile_Multirate_v1'
11/14/25 11:40:14: STOP_SERVER received, server token: 57319434-306a-4064-9d7d-0908ee3f14b4, passed token: 57319434-306a-4064-9d7d-0908ee3f14b4
11/14/25 11:40:14: Socket received request to stop server.
11/14/25 11:40:14: Dispatch Server: do_await_stop
11/14/25 11:40:14: SERVER: destructor for server bound to port 52822
11/14/25 11:40:37: Running xcd server. This server was built by gradle.
11/14/25 11:40:37: Server was asked to start on port: '52827'
11/14/25 11:40:37: Server is using token UUID: '74980be9-13d1-4df6-ba12-882181fd9086'
11/14/25 11:40:37: SESSION_MGR: creating session with session uuid: '6d04a3e9-ade5-4ab9-8d63-1f78fcd2ec76' and name 'default'
11/14/25 11:40:37: Attempting to start server on port '52827'
11/14/25 11:40:37: Running Dispatch Server
11/14/25 11:40:37: Version 2.2.0
11/14/25 11:40:39: Dispatch Server: Accepted socket connection from client
11/14/25 11:40:39: Starting Socket connection
11/14/25 11:40:39: EXCHANGE_TOKEN received, server token: 74980be9-13d1-4df6-ba12-882181fd9086, passed token: 74980be9-13d1-4df6-ba12-882181fd9086
11/14/25 11:40:39: DISPATCH_HANDLER: Adding handler from function makeHandler in library xv_system_diagram
11/14/25 11:40:39: SESSION_MGR: creating session with session uuid: '215f947d-0d42-4f82-a857-e69200c4ded6' and name 'vitis-run_compile_Multirate_v1'
11/14/25 11:40:39: KERNEL_SVC: creating session with uuid: '215f947d-0d42-4f82-a857-e69200c4ded6' and name 'vitis-run_compile_Multirate_v1'
11/14/25 11:40:39: GUIDANCE_SMGR: creating guidance session with uuid: '215f947d-0d42-4f82-a857-e69200c4ded6' and name 'vitis-run_compile_Multirate_v1'
11/14/25 11:40:39: SYSTEM_DIAGRAM: creating session with uuid: '215f947d-0d42-4f82-a857-e69200c4ded6' and name 'vitis-run_compile_Multirate_v1'
11/14/25 11:40:45: Dispatch Server: Accepted socket connection from client
11/14/25 11:40:45: Starting Socket connection
11/14/25 11:40:58: SESSION_MGR: closing session for UUID '215f947d-0d42-4f82-a857-e69200c4ded6' with name 'vitis-run_compile_Multirate_v1'
11/14/25 11:40:58: KERNEL_SVC: closing session for UUID '215f947d-0d42-4f82-a857-e69200c4ded6' with name 'vitis-run_compile_Multirate_v1'
11/14/25 11:40:58: GUIDANCE_SMGR: closing session for UUID '215f947d-0d42-4f82-a857-e69200c4ded6' with name 'vitis-run_compile_Multirate_v1'
11/14/25 11:40:58: SYSTEM_DIAGRAM: closing session for UUID '215f947d-0d42-4f82-a857-e69200c4ded6' with name 'vitis-run_compile_Multirate_v1'
11/14/25 11:40:58: STOP_SERVER received, server token: 74980be9-13d1-4df6-ba12-882181fd9086, passed token: 74980be9-13d1-4df6-ba12-882181fd9086
11/14/25 11:40:58: Socket received request to stop server.
11/14/25 11:40:58: Dispatch Server: do_await_stop
11/14/25 11:40:58: SERVER: destructor for server bound to port 52827
11/16/25 16:16:39: Running xcd server. This server was built by gradle.
11/16/25 16:16:39: Server was asked to start on port: '61446'
11/16/25 16:16:39: Server is using token UUID: '612b5aa3-07f5-42cd-be79-10419903b106'
11/16/25 16:16:39: SESSION_MGR: creating session with session uuid: '6d04a3e9-ade5-4ab9-8d63-1f78fcd2ec76' and name 'default'
11/16/25 16:16:39: Attempting to start server on port '61446'
11/16/25 16:16:39: Running Dispatch Server
11/16/25 16:16:39: Version 2.2.0
11/16/25 16:16:41: Dispatch Server: Accepted socket connection from client
11/16/25 16:16:41: Starting Socket connection
11/16/25 16:16:41: EXCHANGE_TOKEN received, server token: 612b5aa3-07f5-42cd-be79-10419903b106, passed token: 612b5aa3-07f5-42cd-be79-10419903b106
11/16/25 16:16:41: DISPATCH_HANDLER: Adding handler from function makeHandler in library xv_system_diagram
11/16/25 16:16:41: SESSION_MGR: creating session with session uuid: '65eeb7a5-90d9-4740-9ee5-56b4752b7422' and name 'vitis-run_compile_Multirate_v1'
11/16/25 16:16:41: KERNEL_SVC: creating session with uuid: '65eeb7a5-90d9-4740-9ee5-56b4752b7422' and name 'vitis-run_compile_Multirate_v1'
11/16/25 16:16:41: GUIDANCE_SMGR: creating guidance session with uuid: '65eeb7a5-90d9-4740-9ee5-56b4752b7422' and name 'vitis-run_compile_Multirate_v1'
11/16/25 16:16:41: SYSTEM_DIAGRAM: creating session with uuid: '65eeb7a5-90d9-4740-9ee5-56b4752b7422' and name 'vitis-run_compile_Multirate_v1'
11/16/25 16:16:47: Dispatch Server: Accepted socket connection from client
11/16/25 16:16:47: Starting Socket connection
11/16/25 16:16:56: SESSION_MGR: closing session for UUID '65eeb7a5-90d9-4740-9ee5-56b4752b7422' with name 'vitis-run_compile_Multirate_v1'
11/16/25 16:16:56: KERNEL_SVC: closing session for UUID '65eeb7a5-90d9-4740-9ee5-56b4752b7422' with name 'vitis-run_compile_Multirate_v1'
11/16/25 16:16:56: GUIDANCE_SMGR: closing session for UUID '65eeb7a5-90d9-4740-9ee5-56b4752b7422' with name 'vitis-run_compile_Multirate_v1'
11/16/25 16:16:56: SYSTEM_DIAGRAM: closing session for UUID '65eeb7a5-90d9-4740-9ee5-56b4752b7422' with name 'vitis-run_compile_Multirate_v1'
11/16/25 16:16:56: STOP_SERVER received, server token: 612b5aa3-07f5-42cd-be79-10419903b106, passed token: 612b5aa3-07f5-42cd-be79-10419903b106
11/16/25 16:16:56: Socket received request to stop server.
11/16/25 16:16:56: Dispatch Server: do_await_stop
11/16/25 16:16:56: SERVER: destructor for server bound to port 61446
11/16/25 16:17:33: Running xcd server. This server was built by gradle.
11/16/25 16:17:33: Server was asked to start on port: '61449'
11/16/25 16:17:33: Server is using token UUID: 'c7fbd3c5-2c89-4a63-8736-58ada4f5df18'
11/16/25 16:17:33: SESSION_MGR: creating session with session uuid: '6d04a3e9-ade5-4ab9-8d63-1f78fcd2ec76' and name 'default'
11/16/25 16:17:33: Attempting to start server on port '61449'
11/16/25 16:17:33: Running Dispatch Server
11/16/25 16:17:33: Version 2.2.0
11/16/25 16:17:35: Dispatch Server: Accepted socket connection from client
11/16/25 16:17:35: Starting Socket connection
11/16/25 16:17:35: EXCHANGE_TOKEN received, server token: c7fbd3c5-2c89-4a63-8736-58ada4f5df18, passed token: c7fbd3c5-2c89-4a63-8736-58ada4f5df18
11/16/25 16:17:35: DISPATCH_HANDLER: Adding handler from function makeHandler in library xv_system_diagram
11/16/25 16:17:35: SESSION_MGR: creating session with session uuid: 'f2da4dad-1b51-485f-a07c-898b272e6c19' and name 'v++_compile_Multirate_v1'
11/16/25 16:17:35: KERNEL_SVC: creating session with uuid: 'f2da4dad-1b51-485f-a07c-898b272e6c19' and name 'v++_compile_Multirate_v1'
11/16/25 16:17:35: GUIDANCE_SMGR: creating guidance session with uuid: 'f2da4dad-1b51-485f-a07c-898b272e6c19' and name 'v++_compile_Multirate_v1'
11/16/25 16:17:35: SYSTEM_DIAGRAM: creating session with uuid: 'f2da4dad-1b51-485f-a07c-898b272e6c19' and name 'v++_compile_Multirate_v1'
11/16/25 16:17:41: Dispatch Server: Accepted socket connection from client
11/16/25 16:17:41: Starting Socket connection
11/16/25 16:18:17: SESSION_MGR: closing session for UUID 'f2da4dad-1b51-485f-a07c-898b272e6c19' with name 'v++_compile_Multirate_v1'
11/16/25 16:18:17: KERNEL_SVC: closing session for UUID 'f2da4dad-1b51-485f-a07c-898b272e6c19' with name 'v++_compile_Multirate_v1'
11/16/25 16:18:17: GUIDANCE_SMGR: closing session for UUID 'f2da4dad-1b51-485f-a07c-898b272e6c19' with name 'v++_compile_Multirate_v1'
11/16/25 16:18:17: SYSTEM_DIAGRAM: closing session for UUID 'f2da4dad-1b51-485f-a07c-898b272e6c19' with name 'v++_compile_Multirate_v1'
11/16/25 16:18:17: STOP_SERVER received, server token: c7fbd3c5-2c89-4a63-8736-58ada4f5df18, passed token: c7fbd3c5-2c89-4a63-8736-58ada4f5df18
11/16/25 16:18:17: Socket received request to stop server.
11/16/25 16:18:17: Dispatch Server: do_await_stop
11/16/25 16:18:17: SERVER: destructor for server bound to port 61449
11/16/25 16:18:48: Running xcd server. This server was built by gradle.
11/16/25 16:18:48: Server was asked to start on port: '61454'
11/16/25 16:18:48: Server is using token UUID: '3509208d-5a2f-49e5-aa79-f53e6394361a'
11/16/25 16:18:48: SESSION_MGR: creating session with session uuid: '6d04a3e9-ade5-4ab9-8d63-1f78fcd2ec76' and name 'default'
11/16/25 16:18:48: Attempting to start server on port '61454'
11/16/25 16:18:48: Running Dispatch Server
11/16/25 16:18:48: Version 2.2.0
11/16/25 16:18:49: Dispatch Server: Accepted socket connection from client
11/16/25 16:18:49: Starting Socket connection
11/16/25 16:18:49: EXCHANGE_TOKEN received, server token: 3509208d-5a2f-49e5-aa79-f53e6394361a, passed token: 3509208d-5a2f-49e5-aa79-f53e6394361a
11/16/25 16:18:50: DISPATCH_HANDLER: Adding handler from function makeHandler in library xv_system_diagram
11/16/25 16:18:50: SESSION_MGR: creating session with session uuid: '17d9d9b5-7b3e-4e64-aa18-a03d6a8019a7' and name 'vitis-run_compile_Multirate_v1'
11/16/25 16:18:50: KERNEL_SVC: creating session with uuid: '17d9d9b5-7b3e-4e64-aa18-a03d6a8019a7' and name 'vitis-run_compile_Multirate_v1'
11/16/25 16:18:50: GUIDANCE_SMGR: creating guidance session with uuid: '17d9d9b5-7b3e-4e64-aa18-a03d6a8019a7' and name 'vitis-run_compile_Multirate_v1'
11/16/25 16:18:50: SYSTEM_DIAGRAM: creating session with uuid: '17d9d9b5-7b3e-4e64-aa18-a03d6a8019a7' and name 'vitis-run_compile_Multirate_v1'
11/16/25 16:18:56: Dispatch Server: Accepted socket connection from client
11/16/25 16:18:56: Starting Socket connection
11/16/25 16:19:10: SESSION_MGR: closing session for UUID '17d9d9b5-7b3e-4e64-aa18-a03d6a8019a7' with name 'vitis-run_compile_Multirate_v1'
11/16/25 16:19:10: KERNEL_SVC: closing session for UUID '17d9d9b5-7b3e-4e64-aa18-a03d6a8019a7' with name 'vitis-run_compile_Multirate_v1'
11/16/25 16:19:10: GUIDANCE_SMGR: closing session for UUID '17d9d9b5-7b3e-4e64-aa18-a03d6a8019a7' with name 'vitis-run_compile_Multirate_v1'
11/16/25 16:19:10: SYSTEM_DIAGRAM: closing session for UUID '17d9d9b5-7b3e-4e64-aa18-a03d6a8019a7' with name 'vitis-run_compile_Multirate_v1'
11/16/25 16:19:10: STOP_SERVER received, server token: 3509208d-5a2f-49e5-aa79-f53e6394361a, passed token: 3509208d-5a2f-49e5-aa79-f53e6394361a
11/16/25 16:19:10: Socket received request to stop server.
11/16/25 16:19:10: Dispatch Server: do_await_stop
11/16/25 16:19:10: SERVER: destructor for server bound to port 61454
