11/16/25 16:31:46: Running xcd server. This server was built by gradle.
11/16/25 16:31:46: Server was asked to start on port: '61514'
11/16/25 16:31:46: Server is using token UUID: '318ac16b-8526-468b-814d-38c90979470a'
11/16/25 16:31:46: SESSION_MGR: creating session with session uuid: '6d04a3e9-ade5-4ab9-8d63-1f78fcd2ec76' and name 'default'
11/16/25 16:31:46: Attempting to start server on port '61514'
11/16/25 16:31:46: Running Dispatch Server
11/16/25 16:31:46: Version 2.2.0
11/16/25 16:31:47: Dispatch Server: Accepted socket connection from client
11/16/25 16:31:47: Starting Socket connection
11/16/25 16:31:47: EXCHANGE_TOKEN received, server token: 318ac16b-8526-468b-814d-38c90979470a, passed token: 318ac16b-8526-468b-814d-38c90979470a
11/16/25 16:31:47: DISPATCH_HANDLER: Adding handler from function makeHandler in library xv_system_diagram
11/16/25 16:31:47: SESSION_MGR: creating session with session uuid: '6437ce4f-d7fc-4b78-b19a-bf9912c20110' and name 'vitis-run_compile_Multirate_v4'
11/16/25 16:31:47: KERNEL_SVC: creating session with uuid: '6437ce4f-d7fc-4b78-b19a-bf9912c20110' and name 'vitis-run_compile_Multirate_v4'
11/16/25 16:31:47: GUIDANCE_SMGR: creating guidance session with uuid: '6437ce4f-d7fc-4b78-b19a-bf9912c20110' and name 'vitis-run_compile_Multirate_v4'
11/16/25 16:31:47: SYSTEM_DIAGRAM: creating session with uuid: '6437ce4f-d7fc-4b78-b19a-bf9912c20110' and name 'vitis-run_compile_Multirate_v4'
11/16/25 16:31:54: Dispatch Server: Accepted socket connection from client
11/16/25 16:31:54: Starting Socket connection
11/16/25 16:32:03: SESSION_MGR: closing session for UUID '6437ce4f-d7fc-4b78-b19a-bf9912c20110' with name 'vitis-run_compile_Multirate_v4'
11/16/25 16:32:03: KERNEL_SVC: closing session for UUID '6437ce4f-d7fc-4b78-b19a-bf9912c20110' with name 'vitis-run_compile_Multirate_v4'
11/16/25 16:32:03: GUIDANCE_SMGR: closing session for UUID '6437ce4f-d7fc-4b78-b19a-bf9912c20110' with name 'vitis-run_compile_Multirate_v4'
11/16/25 16:32:03: SYSTEM_DIAGRAM: closing session for UUID '6437ce4f-d7fc-4b78-b19a-bf9912c20110' with name 'vitis-run_compile_Multirate_v4'
11/16/25 16:32:03: STOP_SERVER received, server token: 318ac16b-8526-468b-814d-38c90979470a, passed token: 318ac16b-8526-468b-814d-38c90979470a
11/16/25 16:32:03: Socket received request to stop server.
11/16/25 16:32:03: Dispatch Server: do_await_stop
11/16/25 16:32:03: SERVER: destructor for server bound to port 61514
11/16/25 16:32:44: Running xcd server. This server was built by gradle.
11/16/25 16:32:44: Server was asked to start on port: '61517'
11/16/25 16:32:44: Server is using token UUID: '9ffd5e77-630c-4439-abd7-c8347851aae0'
11/16/25 16:32:44: SESSION_MGR: creating session with session uuid: '6d04a3e9-ade5-4ab9-8d63-1f78fcd2ec76' and name 'default'
11/16/25 16:32:44: Attempting to start server on port '61517'
11/16/25 16:32:44: Running Dispatch Server
11/16/25 16:32:44: Version 2.2.0
11/16/25 16:32:46: Dispatch Server: Accepted socket connection from client
11/16/25 16:32:46: Starting Socket connection
11/16/25 16:32:46: EXCHANGE_TOKEN received, server token: 9ffd5e77-630c-4439-abd7-c8347851aae0, passed token: 9ffd5e77-630c-4439-abd7-c8347851aae0
11/16/25 16:32:46: DISPATCH_HANDLER: Adding handler from function makeHandler in library xv_system_diagram
11/16/25 16:32:46: SESSION_MGR: creating session with session uuid: '69e884c1-2e49-43fb-a9bf-ffd5a90c2230' and name 'v++_compile_Multirate_v4'
11/16/25 16:32:46: KERNEL_SVC: creating session with uuid: '69e884c1-2e49-43fb-a9bf-ffd5a90c2230' and name 'v++_compile_Multirate_v4'
11/16/25 16:32:46: GUIDANCE_SMGR: creating guidance session with uuid: '69e884c1-2e49-43fb-a9bf-ffd5a90c2230' and name 'v++_compile_Multirate_v4'
11/16/25 16:32:46: SYSTEM_DIAGRAM: creating session with uuid: '69e884c1-2e49-43fb-a9bf-ffd5a90c2230' and name 'v++_compile_Multirate_v4'
11/16/25 16:32:52: Dispatch Server: Accepted socket connection from client
11/16/25 16:32:52: Starting Socket connection
11/16/25 16:33:23: SESSION_MGR: closing session for UUID '69e884c1-2e49-43fb-a9bf-ffd5a90c2230' with name 'v++_compile_Multirate_v4'
11/16/25 16:33:23: KERNEL_SVC: closing session for UUID '69e884c1-2e49-43fb-a9bf-ffd5a90c2230' with name 'v++_compile_Multirate_v4'
11/16/25 16:33:23: GUIDANCE_SMGR: closing session for UUID '69e884c1-2e49-43fb-a9bf-ffd5a90c2230' with name 'v++_compile_Multirate_v4'
11/16/25 16:33:23: SYSTEM_DIAGRAM: closing session for UUID '69e884c1-2e49-43fb-a9bf-ffd5a90c2230' with name 'v++_compile_Multirate_v4'
11/16/25 16:33:23: STOP_SERVER received, server token: 9ffd5e77-630c-4439-abd7-c8347851aae0, passed token: 9ffd5e77-630c-4439-abd7-c8347851aae0
11/16/25 16:33:23: Socket received request to stop server.
11/16/25 16:33:23: Dispatch Server: do_await_stop
11/16/25 16:33:23: SERVER: destructor for server bound to port 61517
11/16/25 16:33:35: Running xcd server. This server was built by gradle.
11/16/25 16:33:35: Server was asked to start on port: '61520'
11/16/25 16:33:35: Server is using token UUID: 'aa012776-164a-437b-b9fa-9a002f077bb4'
11/16/25 16:33:35: SESSION_MGR: creating session with session uuid: '6d04a3e9-ade5-4ab9-8d63-1f78fcd2ec76' and name 'default'
11/16/25 16:33:35: Attempting to start server on port '61520'
11/16/25 16:33:35: Running Dispatch Server
11/16/25 16:33:35: Version 2.2.0
11/16/25 16:33:36: Dispatch Server: Accepted socket connection from client
11/16/25 16:33:36: Starting Socket connection
11/16/25 16:33:36: EXCHANGE_TOKEN received, server token: aa012776-164a-437b-b9fa-9a002f077bb4, passed token: aa012776-164a-437b-b9fa-9a002f077bb4
11/16/25 16:33:36: DISPATCH_HANDLER: Adding handler from function makeHandler in library xv_system_diagram
11/16/25 16:33:36: SESSION_MGR: creating session with session uuid: '35a38f8c-55c4-4136-b494-0cd09eb58c02' and name 'vitis-run_compile_Multirate_v4'
11/16/25 16:33:36: KERNEL_SVC: creating session with uuid: '35a38f8c-55c4-4136-b494-0cd09eb58c02' and name 'vitis-run_compile_Multirate_v4'
11/16/25 16:33:36: GUIDANCE_SMGR: creating guidance session with uuid: '35a38f8c-55c4-4136-b494-0cd09eb58c02' and name 'vitis-run_compile_Multirate_v4'
11/16/25 16:33:36: SYSTEM_DIAGRAM: creating session with uuid: '35a38f8c-55c4-4136-b494-0cd09eb58c02' and name 'vitis-run_compile_Multirate_v4'
11/16/25 16:33:43: Dispatch Server: Accepted socket connection from client
11/16/25 16:33:43: Starting Socket connection
11/16/25 16:33:56: SESSION_MGR: closing session for UUID '35a38f8c-55c4-4136-b494-0cd09eb58c02' with name 'vitis-run_compile_Multirate_v4'
11/16/25 16:33:56: KERNEL_SVC: closing session for UUID '35a38f8c-55c4-4136-b494-0cd09eb58c02' with name 'vitis-run_compile_Multirate_v4'
11/16/25 16:33:56: GUIDANCE_SMGR: closing session for UUID '35a38f8c-55c4-4136-b494-0cd09eb58c02' with name 'vitis-run_compile_Multirate_v4'
11/16/25 16:33:56: SYSTEM_DIAGRAM: closing session for UUID '35a38f8c-55c4-4136-b494-0cd09eb58c02' with name 'vitis-run_compile_Multirate_v4'
11/16/25 16:33:56: STOP_SERVER received, server token: aa012776-164a-437b-b9fa-9a002f077bb4, passed token: aa012776-164a-437b-b9fa-9a002f077bb4
11/16/25 16:33:56: Socket received request to stop server.
11/16/25 16:33:56: Dispatch Server: do_await_stop
11/16/25 16:33:56: SERVER: destructor for server bound to port 61520
