11/10/25 22:15:53: Running xcd server. This server was built by gradle.
11/10/25 22:15:53: Server was asked to start on port: '62825'
11/10/25 22:15:53: Server is using token UUID: '5e5334a4-586d-4aef-b4fd-e9822e42bbc3'
11/10/25 22:15:53: SESSION_MGR: creating session with session uuid: '6d04a3e9-ade5-4ab9-8d63-1f78fcd2ec76' and name 'default'
11/10/25 22:15:53: Attempting to start server on port '62825'
11/10/25 22:15:53: Running Dispatch Server
11/10/25 22:15:53: Version 2.2.0
11/10/25 22:15:55: Dispatch Server: Accepted socket connection from client
11/10/25 22:15:55: Starting Socket connection
11/10/25 22:15:55: EXCHANGE_TOKEN received, server token: 5e5334a4-586d-4aef-b4fd-e9822e42bbc3, passed token: 5e5334a4-586d-4aef-b4fd-e9822e42bbc3
11/10/25 22:15:55: DISPATCH_HANDLER: Adding handler from function makeHandler in library xv_system_diagram
11/10/25 22:15:55: SESSION_MGR: creating session with session uuid: '4edef62e-6034-49b5-8df5-b04640f4b075' and name 'vitis-run_compile_Direct_FIR_HLS'
11/10/25 22:15:55: KERNEL_SVC: creating session with uuid: '4edef62e-6034-49b5-8df5-b04640f4b075' and name 'vitis-run_compile_Direct_FIR_HLS'
11/10/25 22:15:55: GUIDANCE_SMGR: creating guidance session with uuid: '4edef62e-6034-49b5-8df5-b04640f4b075' and name 'vitis-run_compile_Direct_FIR_HLS'
11/10/25 22:15:55: SYSTEM_DIAGRAM: creating session with uuid: '4edef62e-6034-49b5-8df5-b04640f4b075' and name 'vitis-run_compile_Direct_FIR_HLS'
11/10/25 22:16:03: Dispatch Server: Accepted socket connection from client
11/10/25 22:16:03: Starting Socket connection
11/10/25 22:16:17: SESSION_MGR: closing session for UUID '4edef62e-6034-49b5-8df5-b04640f4b075' with name 'vitis-run_compile_Direct_FIR_HLS'
11/10/25 22:16:17: KERNEL_SVC: closing session for UUID '4edef62e-6034-49b5-8df5-b04640f4b075' with name 'vitis-run_compile_Direct_FIR_HLS'
11/10/25 22:16:17: GUIDANCE_SMGR: closing session for UUID '4edef62e-6034-49b5-8df5-b04640f4b075' with name 'vitis-run_compile_Direct_FIR_HLS'
11/10/25 22:16:17: SYSTEM_DIAGRAM: closing session for UUID '4edef62e-6034-49b5-8df5-b04640f4b075' with name 'vitis-run_compile_Direct_FIR_HLS'
11/10/25 22:16:17: STOP_SERVER received, server token: 5e5334a4-586d-4aef-b4fd-e9822e42bbc3, passed token: 5e5334a4-586d-4aef-b4fd-e9822e42bbc3
11/10/25 22:16:17: Socket received request to stop server.
11/10/25 22:16:17: Dispatch Server: do_await_stop
11/10/25 22:16:17: SERVER: destructor for server bound to port 62825
11/10/25 22:16:31: Running xcd server. This server was built by gradle.
11/10/25 22:16:31: Server was asked to start on port: '62830'
11/10/25 22:16:31: Server is using token UUID: '6f611e95-c173-47e6-95ef-355f54d42147'
11/10/25 22:16:31: SESSION_MGR: creating session with session uuid: '6d04a3e9-ade5-4ab9-8d63-1f78fcd2ec76' and name 'default'
11/10/25 22:16:31: Attempting to start server on port '62830'
11/10/25 22:16:31: Running Dispatch Server
11/10/25 22:16:31: Version 2.2.0
11/10/25 22:16:32: Dispatch Server: Accepted socket connection from client
11/10/25 22:16:32: Starting Socket connection
11/10/25 22:16:32: EXCHANGE_TOKEN received, server token: 6f611e95-c173-47e6-95ef-355f54d42147, passed token: 6f611e95-c173-47e6-95ef-355f54d42147
11/10/25 22:16:33: DISPATCH_HANDLER: Adding handler from function makeHandler in library xv_system_diagram
11/10/25 22:16:33: SESSION_MGR: creating session with session uuid: '8c423ff1-5546-415d-9708-e1a6ba90d964' and name 'v++_compile_Direct_FIR_HLS'
11/10/25 22:16:33: KERNEL_SVC: creating session with uuid: '8c423ff1-5546-415d-9708-e1a6ba90d964' and name 'v++_compile_Direct_FIR_HLS'
11/10/25 22:16:33: GUIDANCE_SMGR: creating guidance session with uuid: '8c423ff1-5546-415d-9708-e1a6ba90d964' and name 'v++_compile_Direct_FIR_HLS'
11/10/25 22:16:33: SYSTEM_DIAGRAM: creating session with uuid: '8c423ff1-5546-415d-9708-e1a6ba90d964' and name 'v++_compile_Direct_FIR_HLS'
11/10/25 22:16:41: Dispatch Server: Accepted socket connection from client
11/10/25 22:16:41: Starting Socket connection
11/10/25 22:17:52: SESSION_MGR: closing session for UUID '8c423ff1-5546-415d-9708-e1a6ba90d964' with name 'v++_compile_Direct_FIR_HLS'
11/10/25 22:17:52: KERNEL_SVC: closing session for UUID '8c423ff1-5546-415d-9708-e1a6ba90d964' with name 'v++_compile_Direct_FIR_HLS'
11/10/25 22:17:52: GUIDANCE_SMGR: closing session for UUID '8c423ff1-5546-415d-9708-e1a6ba90d964' with name 'v++_compile_Direct_FIR_HLS'
11/10/25 22:17:52: SYSTEM_DIAGRAM: closing session for UUID '8c423ff1-5546-415d-9708-e1a6ba90d964' with name 'v++_compile_Direct_FIR_HLS'
11/10/25 22:17:52: STOP_SERVER received, server token: 6f611e95-c173-47e6-95ef-355f54d42147, passed token: 6f611e95-c173-47e6-95ef-355f54d42147
11/10/25 22:17:52: Socket received request to stop server.
11/10/25 22:17:52: Dispatch Server: do_await_stop
11/10/25 22:17:52: SERVER: destructor for server bound to port 62830
11/10/25 22:21:18: Running xcd server. This server was built by gradle.
11/10/25 22:21:18: Server was asked to start on port: '62837'
11/10/25 22:21:18: Server is using token UUID: '2e644683-88c5-4124-915d-1ea120e169a2'
11/10/25 22:21:18: SESSION_MGR: creating session with session uuid: '6d04a3e9-ade5-4ab9-8d63-1f78fcd2ec76' and name 'default'
11/10/25 22:21:18: Attempting to start server on port '62837'
11/10/25 22:21:18: Running Dispatch Server
11/10/25 22:21:18: Version 2.2.0
11/10/25 22:21:20: Dispatch Server: Accepted socket connection from client
11/10/25 22:21:20: Starting Socket connection
11/10/25 22:21:20: EXCHANGE_TOKEN received, server token: 2e644683-88c5-4124-915d-1ea120e169a2, passed token: 2e644683-88c5-4124-915d-1ea120e169a2
11/10/25 22:21:20: DISPATCH_HANDLER: Adding handler from function makeHandler in library xv_system_diagram
11/10/25 22:21:20: SESSION_MGR: creating session with session uuid: 'eb6675c4-8f02-439a-b33d-51a8f6911b44' and name 'v++_compile_Direct_FIR_HLS'
11/10/25 22:21:20: KERNEL_SVC: creating session with uuid: 'eb6675c4-8f02-439a-b33d-51a8f6911b44' and name 'v++_compile_Direct_FIR_HLS'
11/10/25 22:21:20: GUIDANCE_SMGR: creating guidance session with uuid: 'eb6675c4-8f02-439a-b33d-51a8f6911b44' and name 'v++_compile_Direct_FIR_HLS'
11/10/25 22:21:20: SYSTEM_DIAGRAM: creating session with uuid: 'eb6675c4-8f02-439a-b33d-51a8f6911b44' and name 'v++_compile_Direct_FIR_HLS'
11/10/25 22:21:26: Dispatch Server: Accepted socket connection from client
11/10/25 22:21:26: Starting Socket connection
11/10/25 22:21:42: SESSION_MGR: closing session for UUID 'eb6675c4-8f02-439a-b33d-51a8f6911b44' with name 'v++_compile_Direct_FIR_HLS'
11/10/25 22:21:42: KERNEL_SVC: closing session for UUID 'eb6675c4-8f02-439a-b33d-51a8f6911b44' with name 'v++_compile_Direct_FIR_HLS'
11/10/25 22:21:42: GUIDANCE_SMGR: closing session for UUID 'eb6675c4-8f02-439a-b33d-51a8f6911b44' with name 'v++_compile_Direct_FIR_HLS'
11/10/25 22:21:42: SYSTEM_DIAGRAM: closing session for UUID 'eb6675c4-8f02-439a-b33d-51a8f6911b44' with name 'v++_compile_Direct_FIR_HLS'
11/10/25 22:21:42: STOP_SERVER received, server token: 2e644683-88c5-4124-915d-1ea120e169a2, passed token: 2e644683-88c5-4124-915d-1ea120e169a2
11/10/25 22:21:42: Socket received request to stop server.
11/10/25 22:21:42: Dispatch Server: do_await_stop
11/10/25 22:21:42: SERVER: destructor for server bound to port 62837
11/10/25 22:25:05: Running xcd server. This server was built by gradle.
11/10/25 22:25:05: Server was asked to start on port: '55534'
11/10/25 22:25:05: Server is using token UUID: 'c3d03ff4-fabc-49c3-bb47-6874826d34ea'
11/10/25 22:25:05: SESSION_MGR: creating session with session uuid: '6d04a3e9-ade5-4ab9-8d63-1f78fcd2ec76' and name 'default'
11/10/25 22:25:05: Attempting to start server on port '55534'
11/10/25 22:25:05: Running Dispatch Server
11/10/25 22:25:05: Version 2.2.0
11/10/25 22:25:07: Dispatch Server: Accepted socket connection from client
11/10/25 22:25:07: Starting Socket connection
11/10/25 22:25:07: EXCHANGE_TOKEN received, server token: c3d03ff4-fabc-49c3-bb47-6874826d34ea, passed token: c3d03ff4-fabc-49c3-bb47-6874826d34ea
11/10/25 22:25:07: DISPATCH_HANDLER: Adding handler from function makeHandler in library xv_system_diagram
11/10/25 22:25:07: SESSION_MGR: creating session with session uuid: 'c534aa1c-a4dd-475c-a194-0b3d94d0a8de' and name 'v++_compile_Direct_FIR_HLS'
11/10/25 22:25:07: KERNEL_SVC: creating session with uuid: 'c534aa1c-a4dd-475c-a194-0b3d94d0a8de' and name 'v++_compile_Direct_FIR_HLS'
11/10/25 22:25:07: GUIDANCE_SMGR: creating guidance session with uuid: 'c534aa1c-a4dd-475c-a194-0b3d94d0a8de' and name 'v++_compile_Direct_FIR_HLS'
11/10/25 22:25:07: SYSTEM_DIAGRAM: creating session with uuid: 'c534aa1c-a4dd-475c-a194-0b3d94d0a8de' and name 'v++_compile_Direct_FIR_HLS'
11/10/25 22:25:15: Dispatch Server: Accepted socket connection from client
11/10/25 22:25:15: Starting Socket connection
11/10/25 22:25:35: SESSION_MGR: closing session for UUID 'c534aa1c-a4dd-475c-a194-0b3d94d0a8de' with name 'v++_compile_Direct_FIR_HLS'
11/10/25 22:25:35: KERNEL_SVC: closing session for UUID 'c534aa1c-a4dd-475c-a194-0b3d94d0a8de' with name 'v++_compile_Direct_FIR_HLS'
11/10/25 22:25:35: GUIDANCE_SMGR: closing session for UUID 'c534aa1c-a4dd-475c-a194-0b3d94d0a8de' with name 'v++_compile_Direct_FIR_HLS'
11/10/25 22:25:35: SYSTEM_DIAGRAM: closing session for UUID 'c534aa1c-a4dd-475c-a194-0b3d94d0a8de' with name 'v++_compile_Direct_FIR_HLS'
11/10/25 22:25:35: STOP_SERVER received, server token: c3d03ff4-fabc-49c3-bb47-6874826d34ea, passed token: c3d03ff4-fabc-49c3-bb47-6874826d34ea
11/10/25 22:25:35: Socket received request to stop server.
11/10/25 22:25:35: Dispatch Server: do_await_stop
11/10/25 22:25:35: SERVER: destructor for server bound to port 55534
11/10/25 22:27:38: Running xcd server. This server was built by gradle.
11/10/25 22:27:38: Server was asked to start on port: '49816'
11/10/25 22:27:38: Server is using token UUID: '64a43dab-6bc7-4f9b-86b5-61e39cf2024d'
11/10/25 22:27:38: SESSION_MGR: creating session with session uuid: '6d04a3e9-ade5-4ab9-8d63-1f78fcd2ec76' and name 'default'
11/10/25 22:27:38: Attempting to start server on port '49816'
11/10/25 22:27:38: Running Dispatch Server
11/10/25 22:27:38: Version 2.2.0
11/10/25 22:27:39: Dispatch Server: Accepted socket connection from client
11/10/25 22:27:39: Starting Socket connection
11/10/25 22:27:39: EXCHANGE_TOKEN received, server token: 64a43dab-6bc7-4f9b-86b5-61e39cf2024d, passed token: 64a43dab-6bc7-4f9b-86b5-61e39cf2024d
11/10/25 22:27:40: DISPATCH_HANDLER: Adding handler from function makeHandler in library xv_system_diagram
11/10/25 22:27:40: SESSION_MGR: creating session with session uuid: 'cebf5809-5889-4f24-a276-fdfe89963897' and name 'v++_compile_Direct_FIR_HLS'
11/10/25 22:27:40: KERNEL_SVC: creating session with uuid: 'cebf5809-5889-4f24-a276-fdfe89963897' and name 'v++_compile_Direct_FIR_HLS'
11/10/25 22:27:40: GUIDANCE_SMGR: creating guidance session with uuid: 'cebf5809-5889-4f24-a276-fdfe89963897' and name 'v++_compile_Direct_FIR_HLS'
11/10/25 22:27:40: SYSTEM_DIAGRAM: creating session with uuid: 'cebf5809-5889-4f24-a276-fdfe89963897' and name 'v++_compile_Direct_FIR_HLS'
11/10/25 22:27:46: Dispatch Server: Accepted socket connection from client
11/10/25 22:27:46: Starting Socket connection
11/10/25 22:28:11: SESSION_MGR: closing session for UUID 'cebf5809-5889-4f24-a276-fdfe89963897' with name 'v++_compile_Direct_FIR_HLS'
11/10/25 22:28:11: KERNEL_SVC: closing session for UUID 'cebf5809-5889-4f24-a276-fdfe89963897' with name 'v++_compile_Direct_FIR_HLS'
11/10/25 22:28:11: GUIDANCE_SMGR: closing session for UUID 'cebf5809-5889-4f24-a276-fdfe89963897' with name 'v++_compile_Direct_FIR_HLS'
11/10/25 22:28:11: SYSTEM_DIAGRAM: closing session for UUID 'cebf5809-5889-4f24-a276-fdfe89963897' with name 'v++_compile_Direct_FIR_HLS'
11/10/25 22:28:11: STOP_SERVER received, server token: 64a43dab-6bc7-4f9b-86b5-61e39cf2024d, passed token: 64a43dab-6bc7-4f9b-86b5-61e39cf2024d
11/10/25 22:28:11: Socket received request to stop server.
11/10/25 22:28:11: Dispatch Server: do_await_stop
11/10/25 22:28:11: SERVER: destructor for server bound to port 49816
11/10/25 22:30:13: Running xcd server. This server was built by gradle.
11/10/25 22:30:13: Server was asked to start on port: '49819'
11/10/25 22:30:13: Server is using token UUID: 'c93dff36-789e-4005-8a8a-683326ef8423'
11/10/25 22:30:13: SESSION_MGR: creating session with session uuid: '6d04a3e9-ade5-4ab9-8d63-1f78fcd2ec76' and name 'default'
11/10/25 22:30:13: Attempting to start server on port '49819'
11/10/25 22:30:13: Running Dispatch Server
11/10/25 22:30:13: Version 2.2.0
11/10/25 22:30:15: Dispatch Server: Accepted socket connection from client
11/10/25 22:30:15: Starting Socket connection
11/10/25 22:30:15: EXCHANGE_TOKEN received, server token: c93dff36-789e-4005-8a8a-683326ef8423, passed token: c93dff36-789e-4005-8a8a-683326ef8423
11/10/25 22:30:15: DISPATCH_HANDLER: Adding handler from function makeHandler in library xv_system_diagram
11/10/25 22:30:15: SESSION_MGR: creating session with session uuid: '33edf516-ef61-4cb3-a93b-20b6c6b663e8' and name 'vitis-run_compile_Direct_FIR_HLS'
11/10/25 22:30:15: KERNEL_SVC: creating session with uuid: '33edf516-ef61-4cb3-a93b-20b6c6b663e8' and name 'vitis-run_compile_Direct_FIR_HLS'
11/10/25 22:30:15: GUIDANCE_SMGR: creating guidance session with uuid: '33edf516-ef61-4cb3-a93b-20b6c6b663e8' and name 'vitis-run_compile_Direct_FIR_HLS'
11/10/25 22:30:15: SYSTEM_DIAGRAM: creating session with uuid: '33edf516-ef61-4cb3-a93b-20b6c6b663e8' and name 'vitis-run_compile_Direct_FIR_HLS'
11/10/25 22:30:22: Dispatch Server: Accepted socket connection from client
11/10/25 22:30:22: Starting Socket connection
11/10/25 22:30:31: SESSION_MGR: closing session for UUID '33edf516-ef61-4cb3-a93b-20b6c6b663e8' with name 'vitis-run_compile_Direct_FIR_HLS'
11/10/25 22:30:31: KERNEL_SVC: closing session for UUID '33edf516-ef61-4cb3-a93b-20b6c6b663e8' with name 'vitis-run_compile_Direct_FIR_HLS'
11/10/25 22:30:31: GUIDANCE_SMGR: closing session for UUID '33edf516-ef61-4cb3-a93b-20b6c6b663e8' with name 'vitis-run_compile_Direct_FIR_HLS'
11/10/25 22:30:31: SYSTEM_DIAGRAM: closing session for UUID '33edf516-ef61-4cb3-a93b-20b6c6b663e8' with name 'vitis-run_compile_Direct_FIR_HLS'
11/10/25 22:30:31: STOP_SERVER received, server token: c93dff36-789e-4005-8a8a-683326ef8423, passed token: c93dff36-789e-4005-8a8a-683326ef8423
11/10/25 22:30:31: Socket received request to stop server.
11/10/25 22:30:31: Dispatch Server: do_await_stop
11/10/25 22:30:31: SERVER: destructor for server bound to port 49819
11/10/25 22:35:29: Running xcd server. This server was built by gradle.
11/10/25 22:35:29: Server was asked to start on port: '49833'
11/10/25 22:35:29: Server is using token UUID: 'cf0f2266-f6f4-4956-ba38-0825dd87ea92'
11/10/25 22:35:29: SESSION_MGR: creating session with session uuid: '6d04a3e9-ade5-4ab9-8d63-1f78fcd2ec76' and name 'default'
11/10/25 22:35:29: Attempting to start server on port '49833'
11/10/25 22:35:29: Running Dispatch Server
11/10/25 22:35:29: Version 2.2.0
11/10/25 22:35:31: Dispatch Server: Accepted socket connection from client
11/10/25 22:35:31: Starting Socket connection
11/10/25 22:35:31: EXCHANGE_TOKEN received, server token: cf0f2266-f6f4-4956-ba38-0825dd87ea92, passed token: cf0f2266-f6f4-4956-ba38-0825dd87ea92
11/10/25 22:35:31: DISPATCH_HANDLER: Adding handler from function makeHandler in library xv_system_diagram
11/10/25 22:35:31: SESSION_MGR: creating session with session uuid: 'd9ba2cc4-484a-492a-9dc8-774a3196da45' and name 'v++_compile_Direct_FIR_HLS'
11/10/25 22:35:31: KERNEL_SVC: creating session with uuid: 'd9ba2cc4-484a-492a-9dc8-774a3196da45' and name 'v++_compile_Direct_FIR_HLS'
11/10/25 22:35:31: GUIDANCE_SMGR: creating guidance session with uuid: 'd9ba2cc4-484a-492a-9dc8-774a3196da45' and name 'v++_compile_Direct_FIR_HLS'
11/10/25 22:35:31: SYSTEM_DIAGRAM: creating session with uuid: 'd9ba2cc4-484a-492a-9dc8-774a3196da45' and name 'v++_compile_Direct_FIR_HLS'
11/10/25 22:35:38: Dispatch Server: Accepted socket connection from client
11/10/25 22:35:38: Starting Socket connection
11/10/25 22:40:28: SESSION_MGR: closing session for UUID 'd9ba2cc4-484a-492a-9dc8-774a3196da45' with name 'v++_compile_Direct_FIR_HLS'
11/10/25 22:40:28: KERNEL_SVC: closing session for UUID 'd9ba2cc4-484a-492a-9dc8-774a3196da45' with name 'v++_compile_Direct_FIR_HLS'
11/10/25 22:40:28: GUIDANCE_SMGR: closing session for UUID 'd9ba2cc4-484a-492a-9dc8-774a3196da45' with name 'v++_compile_Direct_FIR_HLS'
11/10/25 22:40:28: SYSTEM_DIAGRAM: closing session for UUID 'd9ba2cc4-484a-492a-9dc8-774a3196da45' with name 'v++_compile_Direct_FIR_HLS'
11/10/25 22:40:28: STOP_SERVER received, server token: cf0f2266-f6f4-4956-ba38-0825dd87ea92, passed token: cf0f2266-f6f4-4956-ba38-0825dd87ea92
11/10/25 22:40:28: Socket received request to stop server.
11/10/25 22:40:28: Dispatch Server: do_await_stop
11/10/25 22:40:28: SERVER: destructor for server bound to port 49833
11/10/25 23:16:46: Running xcd server. This server was built by gradle.
11/10/25 23:16:46: Server was asked to start on port: '49928'
11/10/25 23:16:46: Server is using token UUID: '877efd84-5620-4385-8875-71e2efcd6001'
11/10/25 23:16:46: SESSION_MGR: creating session with session uuid: '6d04a3e9-ade5-4ab9-8d63-1f78fcd2ec76' and name 'default'
11/10/25 23:16:46: Attempting to start server on port '49928'
11/10/25 23:16:46: Running Dispatch Server
11/10/25 23:16:46: Version 2.2.0
11/10/25 23:16:48: Dispatch Server: Accepted socket connection from client
11/10/25 23:16:48: Starting Socket connection
11/10/25 23:16:48: EXCHANGE_TOKEN received, server token: 877efd84-5620-4385-8875-71e2efcd6001, passed token: 877efd84-5620-4385-8875-71e2efcd6001
11/10/25 23:16:48: DISPATCH_HANDLER: Adding handler from function makeHandler in library xv_system_diagram
11/10/25 23:16:48: SESSION_MGR: creating session with session uuid: 'e733884c-30d1-4c9b-9508-95615312eb14' and name 'v++_compile_Direct_FIR_HLS'
11/10/25 23:16:48: KERNEL_SVC: creating session with uuid: 'e733884c-30d1-4c9b-9508-95615312eb14' and name 'v++_compile_Direct_FIR_HLS'
11/10/25 23:16:48: GUIDANCE_SMGR: creating guidance session with uuid: 'e733884c-30d1-4c9b-9508-95615312eb14' and name 'v++_compile_Direct_FIR_HLS'
11/10/25 23:16:48: SYSTEM_DIAGRAM: creating session with uuid: 'e733884c-30d1-4c9b-9508-95615312eb14' and name 'v++_compile_Direct_FIR_HLS'
11/10/25 23:16:55: Dispatch Server: Accepted socket connection from client
11/10/25 23:16:55: Starting Socket connection
11/10/25 23:17:15: SESSION_MGR: closing session for UUID 'e733884c-30d1-4c9b-9508-95615312eb14' with name 'v++_compile_Direct_FIR_HLS'
11/10/25 23:17:15: KERNEL_SVC: closing session for UUID 'e733884c-30d1-4c9b-9508-95615312eb14' with name 'v++_compile_Direct_FIR_HLS'
11/10/25 23:17:15: GUIDANCE_SMGR: closing session for UUID 'e733884c-30d1-4c9b-9508-95615312eb14' with name 'v++_compile_Direct_FIR_HLS'
11/10/25 23:17:15: SYSTEM_DIAGRAM: closing session for UUID 'e733884c-30d1-4c9b-9508-95615312eb14' with name 'v++_compile_Direct_FIR_HLS'
11/10/25 23:17:15: STOP_SERVER received, server token: 877efd84-5620-4385-8875-71e2efcd6001, passed token: 877efd84-5620-4385-8875-71e2efcd6001
11/10/25 23:17:15: Socket received request to stop server.
11/10/25 23:17:15: Dispatch Server: do_await_stop
11/10/25 23:17:15: SERVER: destructor for server bound to port 49928
11/11/25 00:09:05: Running xcd server. This server was built by gradle.
11/11/25 00:09:05: Server was asked to start on port: '63322'
11/11/25 00:09:05: Server is using token UUID: '5a1e57ef-2602-436d-b2d9-2fc593c3a634'
11/11/25 00:09:05: SESSION_MGR: creating session with session uuid: '6d04a3e9-ade5-4ab9-8d63-1f78fcd2ec76' and name 'default'
11/11/25 00:09:05: Attempting to start server on port '63322'
11/11/25 00:09:05: Running Dispatch Server
11/11/25 00:09:05: Version 2.2.0
11/11/25 00:09:06: Dispatch Server: Accepted socket connection from client
11/11/25 00:09:06: Starting Socket connection
11/11/25 00:09:06: EXCHANGE_TOKEN received, server token: 5a1e57ef-2602-436d-b2d9-2fc593c3a634, passed token: 5a1e57ef-2602-436d-b2d9-2fc593c3a634
11/11/25 00:09:06: DISPATCH_HANDLER: Adding handler from function makeHandler in library xv_system_diagram
11/11/25 00:09:06: SESSION_MGR: creating session with session uuid: 'a6accc73-0321-40b4-8ac6-ac1446399be6' and name 'v++_compile_Direct_FIR_HLS'
11/11/25 00:09:06: KERNEL_SVC: creating session with uuid: 'a6accc73-0321-40b4-8ac6-ac1446399be6' and name 'v++_compile_Direct_FIR_HLS'
11/11/25 00:09:06: GUIDANCE_SMGR: creating guidance session with uuid: 'a6accc73-0321-40b4-8ac6-ac1446399be6' and name 'v++_compile_Direct_FIR_HLS'
11/11/25 00:09:06: SYSTEM_DIAGRAM: creating session with uuid: 'a6accc73-0321-40b4-8ac6-ac1446399be6' and name 'v++_compile_Direct_FIR_HLS'
11/11/25 00:09:13: Dispatch Server: Accepted socket connection from client
11/11/25 00:09:13: Starting Socket connection
11/11/25 00:09:36: SESSION_MGR: closing session for UUID 'a6accc73-0321-40b4-8ac6-ac1446399be6' with name 'v++_compile_Direct_FIR_HLS'
11/11/25 00:09:36: KERNEL_SVC: closing session for UUID 'a6accc73-0321-40b4-8ac6-ac1446399be6' with name 'v++_compile_Direct_FIR_HLS'
11/11/25 00:09:36: GUIDANCE_SMGR: closing session for UUID 'a6accc73-0321-40b4-8ac6-ac1446399be6' with name 'v++_compile_Direct_FIR_HLS'
11/11/25 00:09:36: SYSTEM_DIAGRAM: closing session for UUID 'a6accc73-0321-40b4-8ac6-ac1446399be6' with name 'v++_compile_Direct_FIR_HLS'
11/11/25 00:09:36: STOP_SERVER received, server token: 5a1e57ef-2602-436d-b2d9-2fc593c3a634, passed token: 5a1e57ef-2602-436d-b2d9-2fc593c3a634
11/11/25 00:09:36: Socket received request to stop server.
11/11/25 00:09:36: Dispatch Server: do_await_stop
11/11/25 00:09:36: SERVER: destructor for server bound to port 63322
11/11/25 00:09:59: Running xcd server. This server was built by gradle.
11/11/25 00:09:59: Server was asked to start on port: '63326'
11/11/25 00:09:59: Server is using token UUID: 'cb1c40b0-b9fb-4490-8610-a57bc23bd9dc'
11/11/25 00:09:59: SESSION_MGR: creating session with session uuid: '6d04a3e9-ade5-4ab9-8d63-1f78fcd2ec76' and name 'default'
11/11/25 00:09:59: Attempting to start server on port '63326'
11/11/25 00:09:59: Running Dispatch Server
11/11/25 00:09:59: Version 2.2.0
11/11/25 00:10:01: Dispatch Server: Accepted socket connection from client
11/11/25 00:10:01: Starting Socket connection
11/11/25 00:10:01: EXCHANGE_TOKEN received, server token: cb1c40b0-b9fb-4490-8610-a57bc23bd9dc, passed token: cb1c40b0-b9fb-4490-8610-a57bc23bd9dc
11/11/25 00:10:01: DISPATCH_HANDLER: Adding handler from function makeHandler in library xv_system_diagram
11/11/25 00:10:01: SESSION_MGR: creating session with session uuid: 'bfb397c2-4f0f-4260-88a4-5c1415cd04b7' and name 'vitis-run_compile_Direct_FIR_HLS'
11/11/25 00:10:01: KERNEL_SVC: creating session with uuid: 'bfb397c2-4f0f-4260-88a4-5c1415cd04b7' and name 'vitis-run_compile_Direct_FIR_HLS'
11/11/25 00:10:01: GUIDANCE_SMGR: creating guidance session with uuid: 'bfb397c2-4f0f-4260-88a4-5c1415cd04b7' and name 'vitis-run_compile_Direct_FIR_HLS'
11/11/25 00:10:01: SYSTEM_DIAGRAM: creating session with uuid: 'bfb397c2-4f0f-4260-88a4-5c1415cd04b7' and name 'vitis-run_compile_Direct_FIR_HLS'
11/11/25 00:10:08: Dispatch Server: Accepted socket connection from client
11/11/25 00:10:08: Starting Socket connection
11/11/25 00:10:48: Dispatch Server: Accepted socket connection from client
11/11/25 00:10:48: Starting Socket connection
11/11/25 00:12:00: Dispatch Server: Accepted socket connection from client
11/11/25 00:12:00: Starting Socket connection
11/11/25 00:14:05: Dispatch Server: Accepted socket connection from client
11/11/25 00:14:05: Starting Socket connection
11/11/25 00:17:39: SESSION_MGR: closing session for UUID 'bfb397c2-4f0f-4260-88a4-5c1415cd04b7' with name 'vitis-run_compile_Direct_FIR_HLS'
11/11/25 00:17:39: KERNEL_SVC: closing session for UUID 'bfb397c2-4f0f-4260-88a4-5c1415cd04b7' with name 'vitis-run_compile_Direct_FIR_HLS'
11/11/25 00:17:39: GUIDANCE_SMGR: closing session for UUID 'bfb397c2-4f0f-4260-88a4-5c1415cd04b7' with name 'vitis-run_compile_Direct_FIR_HLS'
11/11/25 00:17:39: SYSTEM_DIAGRAM: closing session for UUID 'bfb397c2-4f0f-4260-88a4-5c1415cd04b7' with name 'vitis-run_compile_Direct_FIR_HLS'
11/11/25 00:17:39: STOP_SERVER received, server token: cb1c40b0-b9fb-4490-8610-a57bc23bd9dc, passed token: cb1c40b0-b9fb-4490-8610-a57bc23bd9dc
11/11/25 00:17:39: Socket received request to stop server.
11/11/25 00:17:39: Dispatch Server: do_await_stop
11/11/25 00:17:39: SERVER: destructor for server bound to port 63326
11/11/25 00:28:10: Running xcd server. This server was built by gradle.
11/11/25 00:28:10: Server was asked to start on port: '63347'
11/11/25 00:28:10: Server is using token UUID: 'fd7f04b4-86aa-416d-92b0-bfc76af6df5c'
11/11/25 00:28:10: SESSION_MGR: creating session with session uuid: '6d04a3e9-ade5-4ab9-8d63-1f78fcd2ec76' and name 'default'
11/11/25 00:28:10: Attempting to start server on port '63347'
11/11/25 00:28:10: Running Dispatch Server
11/11/25 00:28:10: Version 2.2.0
11/11/25 00:28:12: Dispatch Server: Accepted socket connection from client
11/11/25 00:28:12: Starting Socket connection
11/11/25 00:28:12: EXCHANGE_TOKEN received, server token: fd7f04b4-86aa-416d-92b0-bfc76af6df5c, passed token: fd7f04b4-86aa-416d-92b0-bfc76af6df5c
11/11/25 00:28:12: DISPATCH_HANDLER: Adding handler from function makeHandler in library xv_system_diagram
11/11/25 00:28:12: SESSION_MGR: creating session with session uuid: 'a5e27d45-963d-49e0-9b05-ebddce7efe82' and name 'v++_compile_Direct_FIR_HLS'
11/11/25 00:28:12: KERNEL_SVC: creating session with uuid: 'a5e27d45-963d-49e0-9b05-ebddce7efe82' and name 'v++_compile_Direct_FIR_HLS'
11/11/25 00:28:12: GUIDANCE_SMGR: creating guidance session with uuid: 'a5e27d45-963d-49e0-9b05-ebddce7efe82' and name 'v++_compile_Direct_FIR_HLS'
11/11/25 00:28:12: SYSTEM_DIAGRAM: creating session with uuid: 'a5e27d45-963d-49e0-9b05-ebddce7efe82' and name 'v++_compile_Direct_FIR_HLS'
11/11/25 00:28:19: Dispatch Server: Accepted socket connection from client
11/11/25 00:28:19: Starting Socket connection
11/11/25 00:32:49: SESSION_MGR: closing session for UUID 'a5e27d45-963d-49e0-9b05-ebddce7efe82' with name 'v++_compile_Direct_FIR_HLS'
11/11/25 00:32:49: KERNEL_SVC: closing session for UUID 'a5e27d45-963d-49e0-9b05-ebddce7efe82' with name 'v++_compile_Direct_FIR_HLS'
11/11/25 00:32:49: GUIDANCE_SMGR: closing session for UUID 'a5e27d45-963d-49e0-9b05-ebddce7efe82' with name 'v++_compile_Direct_FIR_HLS'
11/11/25 00:32:49: SYSTEM_DIAGRAM: closing session for UUID 'a5e27d45-963d-49e0-9b05-ebddce7efe82' with name 'v++_compile_Direct_FIR_HLS'
11/11/25 00:32:49: STOP_SERVER received, server token: fd7f04b4-86aa-416d-92b0-bfc76af6df5c, passed token: fd7f04b4-86aa-416d-92b0-bfc76af6df5c
11/11/25 00:32:49: Socket received request to stop server.
11/11/25 00:32:49: Dispatch Server: do_await_stop
11/11/25 00:32:49: SERVER: destructor for server bound to port 63347
11/11/25 00:35:55: Running xcd server. This server was built by gradle.
11/11/25 00:35:55: Server was asked to start on port: '63360'
11/11/25 00:35:55: Server is using token UUID: '17f8685c-7bb1-428e-b87b-fa455c7fc568'
11/11/25 00:35:55: SESSION_MGR: creating session with session uuid: '6d04a3e9-ade5-4ab9-8d63-1f78fcd2ec76' and name 'default'
11/11/25 00:35:55: Attempting to start server on port '63360'
11/11/25 00:35:55: Running Dispatch Server
11/11/25 00:35:55: Version 2.2.0
11/11/25 00:35:57: Dispatch Server: Accepted socket connection from client
11/11/25 00:35:57: Starting Socket connection
11/11/25 00:35:57: EXCHANGE_TOKEN received, server token: 17f8685c-7bb1-428e-b87b-fa455c7fc568, passed token: 17f8685c-7bb1-428e-b87b-fa455c7fc568
11/11/25 00:35:57: DISPATCH_HANDLER: Adding handler from function makeHandler in library xv_system_diagram
11/11/25 00:35:57: SESSION_MGR: creating session with session uuid: '1e22134c-0d16-41d4-9fe7-66eabe5dd8a5' and name 'vitis-run_compile_Direct_FIR_HLS'
11/11/25 00:35:57: KERNEL_SVC: creating session with uuid: '1e22134c-0d16-41d4-9fe7-66eabe5dd8a5' and name 'vitis-run_compile_Direct_FIR_HLS'
11/11/25 00:35:57: GUIDANCE_SMGR: creating guidance session with uuid: '1e22134c-0d16-41d4-9fe7-66eabe5dd8a5' and name 'vitis-run_compile_Direct_FIR_HLS'
11/11/25 00:35:57: SYSTEM_DIAGRAM: creating session with uuid: '1e22134c-0d16-41d4-9fe7-66eabe5dd8a5' and name 'vitis-run_compile_Direct_FIR_HLS'
11/11/25 00:36:04: Dispatch Server: Accepted socket connection from client
11/11/25 00:36:04: Starting Socket connection
11/11/25 00:36:48: Dispatch Server: Accepted socket connection from client
11/11/25 00:36:48: Starting Socket connection
11/11/25 00:42:44: Dispatch Server: Accepted socket connection from client
11/11/25 00:42:44: Starting Socket connection
11/11/25 00:45:28: Dispatch Server: Accepted socket connection from client
11/11/25 00:45:28: Starting Socket connection
11/11/25 00:54:19: SESSION_MGR: closing session for UUID '1e22134c-0d16-41d4-9fe7-66eabe5dd8a5' with name 'vitis-run_compile_Direct_FIR_HLS'
11/11/25 00:54:19: KERNEL_SVC: closing session for UUID '1e22134c-0d16-41d4-9fe7-66eabe5dd8a5' with name 'vitis-run_compile_Direct_FIR_HLS'
11/11/25 00:54:19: GUIDANCE_SMGR: closing session for UUID '1e22134c-0d16-41d4-9fe7-66eabe5dd8a5' with name 'vitis-run_compile_Direct_FIR_HLS'
11/11/25 00:54:19: SYSTEM_DIAGRAM: closing session for UUID '1e22134c-0d16-41d4-9fe7-66eabe5dd8a5' with name 'vitis-run_compile_Direct_FIR_HLS'
11/11/25 00:54:19: STOP_SERVER received, server token: 17f8685c-7bb1-428e-b87b-fa455c7fc568, passed token: 17f8685c-7bb1-428e-b87b-fa455c7fc568
11/11/25 00:54:19: Socket received request to stop server.
11/11/25 00:54:19: Dispatch Server: do_await_stop
11/11/25 00:54:19: SERVER: destructor for server bound to port 63360
11/11/25 00:57:04: Running xcd server. This server was built by gradle.
11/11/25 00:57:04: Server was asked to start on port: '63393'
11/11/25 00:57:04: Server is using token UUID: 'f17bf8b1-ef53-45ee-8e1b-922fd9738e5b'
11/11/25 00:57:04: SESSION_MGR: creating session with session uuid: '6d04a3e9-ade5-4ab9-8d63-1f78fcd2ec76' and name 'default'
11/11/25 00:57:04: Attempting to start server on port '63393'
11/11/25 00:57:04: Running Dispatch Server
11/11/25 00:57:04: Version 2.2.0
11/11/25 00:57:05: Dispatch Server: Accepted socket connection from client
11/11/25 00:57:05: Starting Socket connection
11/11/25 00:57:05: EXCHANGE_TOKEN received, server token: f17bf8b1-ef53-45ee-8e1b-922fd9738e5b, passed token: f17bf8b1-ef53-45ee-8e1b-922fd9738e5b
11/11/25 00:57:06: DISPATCH_HANDLER: Adding handler from function makeHandler in library xv_system_diagram
11/11/25 00:57:06: SESSION_MGR: creating session with session uuid: 'c7d05a8b-621a-4fe8-90cb-a3bca74daef4' and name 'vitis-run_compile_Direct_FIR_HLS'
11/11/25 00:57:06: KERNEL_SVC: creating session with uuid: 'c7d05a8b-621a-4fe8-90cb-a3bca74daef4' and name 'vitis-run_compile_Direct_FIR_HLS'
11/11/25 00:57:06: GUIDANCE_SMGR: creating guidance session with uuid: 'c7d05a8b-621a-4fe8-90cb-a3bca74daef4' and name 'vitis-run_compile_Direct_FIR_HLS'
11/11/25 00:57:06: SYSTEM_DIAGRAM: creating session with uuid: 'c7d05a8b-621a-4fe8-90cb-a3bca74daef4' and name 'vitis-run_compile_Direct_FIR_HLS'
11/11/25 00:57:12: Dispatch Server: Accepted socket connection from client
11/11/25 00:57:12: Starting Socket connection
11/11/25 00:57:23: SESSION_MGR: closing session for UUID 'c7d05a8b-621a-4fe8-90cb-a3bca74daef4' with name 'vitis-run_compile_Direct_FIR_HLS'
11/11/25 00:57:23: KERNEL_SVC: closing session for UUID 'c7d05a8b-621a-4fe8-90cb-a3bca74daef4' with name 'vitis-run_compile_Direct_FIR_HLS'
11/11/25 00:57:23: GUIDANCE_SMGR: closing session for UUID 'c7d05a8b-621a-4fe8-90cb-a3bca74daef4' with name 'vitis-run_compile_Direct_FIR_HLS'
11/11/25 00:57:23: SYSTEM_DIAGRAM: closing session for UUID 'c7d05a8b-621a-4fe8-90cb-a3bca74daef4' with name 'vitis-run_compile_Direct_FIR_HLS'
11/11/25 00:57:23: STOP_SERVER received, server token: f17bf8b1-ef53-45ee-8e1b-922fd9738e5b, passed token: f17bf8b1-ef53-45ee-8e1b-922fd9738e5b
11/11/25 00:57:23: Socket received request to stop server.
11/11/25 00:57:23: Dispatch Server: do_await_stop
11/11/25 00:57:23: SERVER: destructor for server bound to port 63393
11/11/25 00:57:54: Running xcd server. This server was built by gradle.
11/11/25 00:57:54: Server was asked to start on port: '63396'
11/11/25 00:57:54: Server is using token UUID: 'fa40d629-ac2b-4c39-8f04-65d9765683db'
11/11/25 00:57:54: SESSION_MGR: creating session with session uuid: '6d04a3e9-ade5-4ab9-8d63-1f78fcd2ec76' and name 'default'
11/11/25 00:57:54: Attempting to start server on port '63396'
11/11/25 00:57:54: Running Dispatch Server
11/11/25 00:57:54: Version 2.2.0
11/11/25 00:57:55: Dispatch Server: Accepted socket connection from client
11/11/25 00:57:55: Starting Socket connection
11/11/25 00:57:55: EXCHANGE_TOKEN received, server token: fa40d629-ac2b-4c39-8f04-65d9765683db, passed token: fa40d629-ac2b-4c39-8f04-65d9765683db
11/11/25 00:57:56: DISPATCH_HANDLER: Adding handler from function makeHandler in library xv_system_diagram
11/11/25 00:57:56: SESSION_MGR: creating session with session uuid: '943f8314-0966-4d77-8c19-f0d491e6c20a' and name 'vitis-run_compile_Direct_FIR_HLS'
11/11/25 00:57:56: KERNEL_SVC: creating session with uuid: '943f8314-0966-4d77-8c19-f0d491e6c20a' and name 'vitis-run_compile_Direct_FIR_HLS'
11/11/25 00:57:56: GUIDANCE_SMGR: creating guidance session with uuid: '943f8314-0966-4d77-8c19-f0d491e6c20a' and name 'vitis-run_compile_Direct_FIR_HLS'
11/11/25 00:57:56: SYSTEM_DIAGRAM: creating session with uuid: '943f8314-0966-4d77-8c19-f0d491e6c20a' and name 'vitis-run_compile_Direct_FIR_HLS'
11/11/25 00:58:04: Dispatch Server: Accepted socket connection from client
11/11/25 00:58:04: Starting Socket connection
11/11/25 00:58:08: SESSION_MGR: closing session for UUID '943f8314-0966-4d77-8c19-f0d491e6c20a' with name 'vitis-run_compile_Direct_FIR_HLS'
11/11/25 00:58:08: KERNEL_SVC: closing session for UUID '943f8314-0966-4d77-8c19-f0d491e6c20a' with name 'vitis-run_compile_Direct_FIR_HLS'
11/11/25 00:58:08: GUIDANCE_SMGR: closing session for UUID '943f8314-0966-4d77-8c19-f0d491e6c20a' with name 'vitis-run_compile_Direct_FIR_HLS'
11/11/25 00:58:08: SYSTEM_DIAGRAM: closing session for UUID '943f8314-0966-4d77-8c19-f0d491e6c20a' with name 'vitis-run_compile_Direct_FIR_HLS'
11/11/25 00:58:08: STOP_SERVER received, server token: fa40d629-ac2b-4c39-8f04-65d9765683db, passed token: fa40d629-ac2b-4c39-8f04-65d9765683db
11/11/25 00:58:08: Socket received request to stop server.
11/11/25 00:58:08: Dispatch Server: do_await_stop
11/11/25 00:58:08: SERVER: destructor for server bound to port 63396
11/12/25 16:34:12: Running xcd server. This server was built by gradle.
11/12/25 16:34:12: Server was asked to start on port: '52799'
11/12/25 16:34:12: Server is using token UUID: 'aa1f16d3-c039-41f0-baa0-f2199f8fae57'
11/12/25 16:34:12: SESSION_MGR: creating session with session uuid: '6d04a3e9-ade5-4ab9-8d63-1f78fcd2ec76' and name 'default'
11/12/25 16:34:12: Attempting to start server on port '52799'
11/12/25 16:34:12: Running Dispatch Server
11/12/25 16:34:12: Version 2.2.0
11/12/25 16:34:14: Dispatch Server: Accepted socket connection from client
11/12/25 16:34:14: Starting Socket connection
11/12/25 16:34:14: EXCHANGE_TOKEN received, server token: aa1f16d3-c039-41f0-baa0-f2199f8fae57, passed token: aa1f16d3-c039-41f0-baa0-f2199f8fae57
11/12/25 16:34:14: DISPATCH_HANDLER: Adding handler from function makeHandler in library xv_system_diagram
11/12/25 16:34:14: SESSION_MGR: creating session with session uuid: 'ef07b37e-fa67-48f0-9e3d-94d20effcd8c' and name 'vitis-run_compile_Direct_FIR_HLS'
11/12/25 16:34:14: KERNEL_SVC: creating session with uuid: 'ef07b37e-fa67-48f0-9e3d-94d20effcd8c' and name 'vitis-run_compile_Direct_FIR_HLS'
11/12/25 16:34:14: GUIDANCE_SMGR: creating guidance session with uuid: 'ef07b37e-fa67-48f0-9e3d-94d20effcd8c' and name 'vitis-run_compile_Direct_FIR_HLS'
11/12/25 16:34:14: SYSTEM_DIAGRAM: creating session with uuid: 'ef07b37e-fa67-48f0-9e3d-94d20effcd8c' and name 'vitis-run_compile_Direct_FIR_HLS'
11/12/25 16:34:24: Dispatch Server: Accepted socket connection from client
11/12/25 16:34:24: Starting Socket connection
11/12/25 16:34:32: SESSION_MGR: closing session for UUID 'ef07b37e-fa67-48f0-9e3d-94d20effcd8c' with name 'vitis-run_compile_Direct_FIR_HLS'
11/12/25 16:34:32: KERNEL_SVC: closing session for UUID 'ef07b37e-fa67-48f0-9e3d-94d20effcd8c' with name 'vitis-run_compile_Direct_FIR_HLS'
11/12/25 16:34:32: GUIDANCE_SMGR: closing session for UUID 'ef07b37e-fa67-48f0-9e3d-94d20effcd8c' with name 'vitis-run_compile_Direct_FIR_HLS'
11/12/25 16:34:32: SYSTEM_DIAGRAM: closing session for UUID 'ef07b37e-fa67-48f0-9e3d-94d20effcd8c' with name 'vitis-run_compile_Direct_FIR_HLS'
11/12/25 16:34:32: STOP_SERVER received, server token: aa1f16d3-c039-41f0-baa0-f2199f8fae57, passed token: aa1f16d3-c039-41f0-baa0-f2199f8fae57
11/12/25 16:34:32: Socket received request to stop server.
11/12/25 16:34:32: Dispatch Server: do_await_stop
11/12/25 16:34:32: SERVER: destructor for server bound to port 52799
11/12/25 16:35:55: Running xcd server. This server was built by gradle.
11/12/25 16:35:55: Server was asked to start on port: '52806'
11/12/25 16:35:55: Server is using token UUID: '6f5600d7-c1c5-4ccf-aa91-26abd5874aeb'
11/12/25 16:35:55: SESSION_MGR: creating session with session uuid: '6d04a3e9-ade5-4ab9-8d63-1f78fcd2ec76' and name 'default'
11/12/25 16:35:55: Attempting to start server on port '52806'
11/12/25 16:35:55: Running Dispatch Server
11/12/25 16:35:55: Version 2.2.0
11/12/25 16:35:56: Dispatch Server: Accepted socket connection from client
11/12/25 16:35:56: Starting Socket connection
11/12/25 16:35:56: EXCHANGE_TOKEN received, server token: 6f5600d7-c1c5-4ccf-aa91-26abd5874aeb, passed token: 6f5600d7-c1c5-4ccf-aa91-26abd5874aeb
11/12/25 16:35:57: DISPATCH_HANDLER: Adding handler from function makeHandler in library xv_system_diagram
11/12/25 16:35:57: SESSION_MGR: creating session with session uuid: 'bb55ba9e-1593-41b5-b1f6-04d340b04222' and name 'v++_compile_Direct_FIR_HLS'
11/12/25 16:35:57: KERNEL_SVC: creating session with uuid: 'bb55ba9e-1593-41b5-b1f6-04d340b04222' and name 'v++_compile_Direct_FIR_HLS'
11/12/25 16:35:57: GUIDANCE_SMGR: creating guidance session with uuid: 'bb55ba9e-1593-41b5-b1f6-04d340b04222' and name 'v++_compile_Direct_FIR_HLS'
11/12/25 16:35:57: SYSTEM_DIAGRAM: creating session with uuid: 'bb55ba9e-1593-41b5-b1f6-04d340b04222' and name 'v++_compile_Direct_FIR_HLS'
11/12/25 16:36:06: Dispatch Server: Accepted socket connection from client
11/12/25 16:36:06: Starting Socket connection
11/12/25 16:43:11: SESSION_MGR: closing session for UUID 'bb55ba9e-1593-41b5-b1f6-04d340b04222' with name 'v++_compile_Direct_FIR_HLS'
11/12/25 16:43:11: KERNEL_SVC: closing session for UUID 'bb55ba9e-1593-41b5-b1f6-04d340b04222' with name 'v++_compile_Direct_FIR_HLS'
11/12/25 16:43:11: GUIDANCE_SMGR: closing session for UUID 'bb55ba9e-1593-41b5-b1f6-04d340b04222' with name 'v++_compile_Direct_FIR_HLS'
11/12/25 16:43:12: SYSTEM_DIAGRAM: closing session for UUID 'bb55ba9e-1593-41b5-b1f6-04d340b04222' with name 'v++_compile_Direct_FIR_HLS'
11/12/25 16:43:12: STOP_SERVER received, server token: 6f5600d7-c1c5-4ccf-aa91-26abd5874aeb, passed token: 6f5600d7-c1c5-4ccf-aa91-26abd5874aeb
11/12/25 16:43:12: Socket received request to stop server.
11/12/25 16:43:12: Dispatch Server: do_await_stop
11/12/25 16:43:12: SERVER: destructor for server bound to port 52806
11/16/25 15:47:11: Running xcd server. This server was built by gradle.
11/16/25 15:47:11: Server was asked to start on port: '63282'
11/16/25 15:47:11: Server is using token UUID: '89ed1f96-1a96-4b1c-b826-f7366f8ccd03'
11/16/25 15:47:11: SESSION_MGR: creating session with session uuid: '6d04a3e9-ade5-4ab9-8d63-1f78fcd2ec76' and name 'default'
11/16/25 15:47:11: Attempting to start server on port '63282'
11/16/25 15:47:11: Running Dispatch Server
11/16/25 15:47:11: Version 2.2.0
11/16/25 15:47:13: Dispatch Server: Accepted socket connection from client
11/16/25 15:47:13: Starting Socket connection
11/16/25 15:47:13: EXCHANGE_TOKEN received, server token: 89ed1f96-1a96-4b1c-b826-f7366f8ccd03, passed token: 89ed1f96-1a96-4b1c-b826-f7366f8ccd03
11/16/25 15:47:13: DISPATCH_HANDLER: Adding handler from function makeHandler in library xv_system_diagram
11/16/25 15:47:13: SESSION_MGR: creating session with session uuid: '1cb6ca35-6a74-4f4e-a8b0-a0b09c354e58' and name 'vitis-run_compile_Direct_FIR_HLS'
11/16/25 15:47:13: KERNEL_SVC: creating session with uuid: '1cb6ca35-6a74-4f4e-a8b0-a0b09c354e58' and name 'vitis-run_compile_Direct_FIR_HLS'
11/16/25 15:47:13: GUIDANCE_SMGR: creating guidance session with uuid: '1cb6ca35-6a74-4f4e-a8b0-a0b09c354e58' and name 'vitis-run_compile_Direct_FIR_HLS'
11/16/25 15:47:13: SYSTEM_DIAGRAM: creating session with uuid: '1cb6ca35-6a74-4f4e-a8b0-a0b09c354e58' and name 'vitis-run_compile_Direct_FIR_HLS'
11/16/25 15:47:20: Dispatch Server: Accepted socket connection from client
11/16/25 15:47:20: Starting Socket connection
11/16/25 15:47:28: SESSION_MGR: closing session for UUID '1cb6ca35-6a74-4f4e-a8b0-a0b09c354e58' with name 'vitis-run_compile_Direct_FIR_HLS'
11/16/25 15:47:28: KERNEL_SVC: closing session for UUID '1cb6ca35-6a74-4f4e-a8b0-a0b09c354e58' with name 'vitis-run_compile_Direct_FIR_HLS'
11/16/25 15:47:28: GUIDANCE_SMGR: closing session for UUID '1cb6ca35-6a74-4f4e-a8b0-a0b09c354e58' with name 'vitis-run_compile_Direct_FIR_HLS'
11/16/25 15:47:28: SYSTEM_DIAGRAM: closing session for UUID '1cb6ca35-6a74-4f4e-a8b0-a0b09c354e58' with name 'vitis-run_compile_Direct_FIR_HLS'
11/16/25 15:47:28: STOP_SERVER received, server token: 89ed1f96-1a96-4b1c-b826-f7366f8ccd03, passed token: 89ed1f96-1a96-4b1c-b826-f7366f8ccd03
11/16/25 15:47:28: Socket received request to stop server.
11/16/25 15:47:28: Dispatch Server: do_await_stop
11/16/25 15:47:28: SERVER: destructor for server bound to port 63282
11/16/25 15:48:21: Running xcd server. This server was built by gradle.
11/16/25 15:48:21: Server was asked to start on port: '63286'
11/16/25 15:48:21: Server is using token UUID: 'fe4c5550-f506-4989-b8e4-b916e97365f3'
11/16/25 15:48:21: SESSION_MGR: creating session with session uuid: '6d04a3e9-ade5-4ab9-8d63-1f78fcd2ec76' and name 'default'
11/16/25 15:48:21: Attempting to start server on port '63286'
11/16/25 15:48:21: Running Dispatch Server
11/16/25 15:48:21: Version 2.2.0
11/16/25 15:48:23: Dispatch Server: Accepted socket connection from client
11/16/25 15:48:23: Starting Socket connection
11/16/25 15:48:23: EXCHANGE_TOKEN received, server token: fe4c5550-f506-4989-b8e4-b916e97365f3, passed token: fe4c5550-f506-4989-b8e4-b916e97365f3
11/16/25 15:48:23: DISPATCH_HANDLER: Adding handler from function makeHandler in library xv_system_diagram
11/16/25 15:48:23: SESSION_MGR: creating session with session uuid: 'd66f7fe3-dfdb-4d0d-b30b-42482f16cf6c' and name 'v++_compile_Direct_FIR_HLS'
11/16/25 15:48:23: KERNEL_SVC: creating session with uuid: 'd66f7fe3-dfdb-4d0d-b30b-42482f16cf6c' and name 'v++_compile_Direct_FIR_HLS'
11/16/25 15:48:23: GUIDANCE_SMGR: creating guidance session with uuid: 'd66f7fe3-dfdb-4d0d-b30b-42482f16cf6c' and name 'v++_compile_Direct_FIR_HLS'
11/16/25 15:48:23: SYSTEM_DIAGRAM: creating session with uuid: 'd66f7fe3-dfdb-4d0d-b30b-42482f16cf6c' and name 'v++_compile_Direct_FIR_HLS'
11/16/25 15:48:30: Dispatch Server: Accepted socket connection from client
11/16/25 15:48:30: Starting Socket connection
11/16/25 15:52:52: SESSION_MGR: closing session for UUID 'd66f7fe3-dfdb-4d0d-b30b-42482f16cf6c' with name 'v++_compile_Direct_FIR_HLS'
11/16/25 15:52:52: KERNEL_SVC: closing session for UUID 'd66f7fe3-dfdb-4d0d-b30b-42482f16cf6c' with name 'v++_compile_Direct_FIR_HLS'
11/16/25 15:52:52: GUIDANCE_SMGR: closing session for UUID 'd66f7fe3-dfdb-4d0d-b30b-42482f16cf6c' with name 'v++_compile_Direct_FIR_HLS'
11/16/25 15:52:52: SYSTEM_DIAGRAM: closing session for UUID 'd66f7fe3-dfdb-4d0d-b30b-42482f16cf6c' with name 'v++_compile_Direct_FIR_HLS'
11/16/25 15:52:52: STOP_SERVER received, server token: fe4c5550-f506-4989-b8e4-b916e97365f3, passed token: fe4c5550-f506-4989-b8e4-b916e97365f3
11/16/25 15:52:52: Socket received request to stop server.
11/16/25 15:52:52: Dispatch Server: do_await_stop
11/16/25 15:52:52: SERVER: destructor for server bound to port 63286
11/16/25 15:55:34: Running xcd server. This server was built by gradle.
11/16/25 15:55:34: Server was asked to start on port: '63308'
11/16/25 15:55:34: Server is using token UUID: '0e5c9688-563f-4002-9188-16b7ce7757bc'
11/16/25 15:55:34: SESSION_MGR: creating session with session uuid: '6d04a3e9-ade5-4ab9-8d63-1f78fcd2ec76' and name 'default'
11/16/25 15:55:34: Attempting to start server on port '63308'
11/16/25 15:55:34: Running Dispatch Server
11/16/25 15:55:34: Version 2.2.0
11/16/25 15:55:36: Dispatch Server: Accepted socket connection from client
11/16/25 15:55:36: Starting Socket connection
11/16/25 15:55:36: EXCHANGE_TOKEN received, server token: 0e5c9688-563f-4002-9188-16b7ce7757bc, passed token: 0e5c9688-563f-4002-9188-16b7ce7757bc
11/16/25 15:55:36: DISPATCH_HANDLER: Adding handler from function makeHandler in library xv_system_diagram
11/16/25 15:55:36: SESSION_MGR: creating session with session uuid: '3a38bf04-df28-4a5f-a52d-d58a323610ab' and name 'vitis-run_compile_Direct_FIR_HLS'
11/16/25 15:55:36: KERNEL_SVC: creating session with uuid: '3a38bf04-df28-4a5f-a52d-d58a323610ab' and name 'vitis-run_compile_Direct_FIR_HLS'
11/16/25 15:55:36: GUIDANCE_SMGR: creating guidance session with uuid: '3a38bf04-df28-4a5f-a52d-d58a323610ab' and name 'vitis-run_compile_Direct_FIR_HLS'
11/16/25 15:55:36: SYSTEM_DIAGRAM: creating session with uuid: '3a38bf04-df28-4a5f-a52d-d58a323610ab' and name 'vitis-run_compile_Direct_FIR_HLS'
11/16/25 15:55:42: Dispatch Server: Accepted socket connection from client
11/16/25 15:55:42: Starting Socket connection
11/16/25 15:55:56: SESSION_MGR: closing session for UUID '3a38bf04-df28-4a5f-a52d-d58a323610ab' with name 'vitis-run_compile_Direct_FIR_HLS'
11/16/25 15:55:56: KERNEL_SVC: closing session for UUID '3a38bf04-df28-4a5f-a52d-d58a323610ab' with name 'vitis-run_compile_Direct_FIR_HLS'
11/16/25 15:55:56: GUIDANCE_SMGR: closing session for UUID '3a38bf04-df28-4a5f-a52d-d58a323610ab' with name 'vitis-run_compile_Direct_FIR_HLS'
11/16/25 15:55:56: SYSTEM_DIAGRAM: closing session for UUID '3a38bf04-df28-4a5f-a52d-d58a323610ab' with name 'vitis-run_compile_Direct_FIR_HLS'
11/16/25 15:55:56: STOP_SERVER received, server token: 0e5c9688-563f-4002-9188-16b7ce7757bc, passed token: 0e5c9688-563f-4002-9188-16b7ce7757bc
11/16/25 15:55:56: Socket received request to stop server.
11/16/25 15:55:56: Dispatch Server: do_await_stop
11/16/25 15:55:56: SERVER: destructor for server bound to port 63308
