Copyright 1986-2022 Xilinx, Inc. All Rights Reserved. Copyright 2022-2024 Advanced Micro Devices, Inc. All Rights Reserved.
--------------------------------------------------------------------------------------------------------------------------------------------------
| Tool Version      : Vivado v.2024.2 (win64) Build 5239630 Fri Nov 08 22:35:27 MST 2024
| Date              : Sun Nov 23 23:01:02 2025
| Host              : DESKTOP-92OKADH running 64-bit major release  (build 9200)
| Command           : report_timing_summary -file ./report/FIR_Cascade_v2_timing_synth.rpt
| Design            : bd_0_wrapper
| Device            : xck26-sfvc784
| Speed File        : -2LV  PRODUCTION 1.30 05-15-2022
| Design State      : Synthesized
| Temperature Grade : C
--------------------------------------------------------------------------------------------------------------------------------------------------

Timing Summary Report

------------------------------------------------------------------------------------------------
| Timer Settings
| --------------
------------------------------------------------------------------------------------------------

  Enable Multi Corner Analysis               :  Yes
  Enable Pessimism Removal                   :  Yes
  Pessimism Removal Resolution               :  Nearest Common Node
  Enable Input Delay Default Clock           :  No
  Enable Preset / Clear Arcs                 :  No
  Disable Flight Delays                      :  No
  Ignore I/O Paths                           :  No
  Timing Early Launch at Borrowing Latches   :  No
  Borrow Time for Max Delay Exceptions       :  Yes
  Merge Timing Exceptions                    :  Yes
  Inter-SLR Compensation                     :  Conservative

  Corner  Analyze    Analyze    
  Name    Max Paths  Min Paths  
  ------  ---------  ---------  
  Slow    Yes        Yes        
  Fast    Yes        Yes        


------------------------------------------------------------------------------------------------
| Report Methodology
| ------------------
------------------------------------------------------------------------------------------------

No report available as report_methodology has not been run prior. Run report_methodology on the current design for the summary of methodology violations.



check_timing report

Table of Contents
-----------------
1. checking no_clock (0)
2. checking constant_clock (0)
3. checking pulse_width_clock (0)
4. checking unconstrained_internal_endpoints (0)
5. checking no_input_delay (19)
6. checking no_output_delay (17)
7. checking multiple_clock (0)
8. checking generated_clocks (0)
9. checking loops (0)
10. checking partial_input_delay (0)
11. checking partial_output_delay (0)
12. checking latch_loops (0)

1. checking no_clock (0)
------------------------
 There are 0 register/latch pins with no clock.


2. checking constant_clock (0)
------------------------------
 There are 0 register/latch pins with constant_clock.


3. checking pulse_width_clock (0)
---------------------------------
 There are 0 register/latch pins which need pulse_width check


4. checking unconstrained_internal_endpoints (0)
------------------------------------------------
 There are 0 pins that are not constrained for maximum delay.

 There are 0 pins that are not constrained for maximum delay due to constant clock.


5. checking no_input_delay (19)
-------------------------------
 There are 19 input ports with no input delay specified. (HIGH)

 There are 0 input ports with no input delay but user has a false path constraint.


6. checking no_output_delay (17)
--------------------------------
 There are 17 ports with no output delay specified. (HIGH)

 There are 0 ports with no output delay but user has a false path constraint

 There are 0 ports with no output delay but with a timing clock defined on it or propagating through it


7. checking multiple_clock (0)
------------------------------
 There are 0 register/latch pins with multiple clocks.


8. checking generated_clocks (0)
--------------------------------
 There are 0 generated clocks that are not connected to a clock source.


9. checking loops (0)
---------------------
 There are 0 combinational loops in the design.


10. checking partial_input_delay (0)
------------------------------------
 There are 0 input ports with partial input delay specified.


11. checking partial_output_delay (0)
-------------------------------------
 There are 0 ports with partial output delay specified.


12. checking latch_loops (0)
----------------------------
 There are 0 combinational latch loops in the design through latch input



------------------------------------------------------------------------------------------------
| Design Timing Summary
| ---------------------
------------------------------------------------------------------------------------------------

    WNS(ns)      TNS(ns)  TNS Failing Endpoints  TNS Total Endpoints      WHS(ns)      THS(ns)  THS Failing Endpoints  THS Total Endpoints     WPWS(ns)     TPWS(ns)  TPWS Failing Endpoints  TPWS Total Endpoints  
    -------      -------  ---------------------  -------------------      -------      -------  ---------------------  -------------------     --------     --------  ----------------------  --------------------  
      6.280        0.000                      0                14183        0.046        0.000                      0                14183        4.238        0.000                       0                  2034  


All user specified timing constraints are met.


------------------------------------------------------------------------------------------------
| Clock Summary
| -------------
------------------------------------------------------------------------------------------------

Clock   Waveform(ns)       Period(ns)      Frequency(MHz)
-----   ------------       ----------      --------------
ap_clk  {0.000 5.000}      10.000          100.000         


------------------------------------------------------------------------------------------------
| Intra Clock Table
| -----------------
------------------------------------------------------------------------------------------------

Clock             WNS(ns)      TNS(ns)  TNS Failing Endpoints  TNS Total Endpoints      WHS(ns)      THS(ns)  THS Failing Endpoints  THS Total Endpoints     WPWS(ns)     TPWS(ns)  TPWS Failing Endpoints  TPWS Total Endpoints  
-----             -------      -------  ---------------------  -------------------      -------      -------  ---------------------  -------------------     --------     --------  ----------------------  --------------------  
ap_clk              6.280        0.000                      0                14183        0.046        0.000                      0                14183        4.238        0.000                       0                  2034  


------------------------------------------------------------------------------------------------
| Inter Clock Table
| -----------------
------------------------------------------------------------------------------------------------

From Clock    To Clock          WNS(ns)      TNS(ns)  TNS Failing Endpoints  TNS Total Endpoints      WHS(ns)      THS(ns)  THS Failing Endpoints  THS Total Endpoints  
----------    --------          -------      -------  ---------------------  -------------------      -------      -------  ---------------------  -------------------  


------------------------------------------------------------------------------------------------
| Other Path Groups Table
| -----------------------
------------------------------------------------------------------------------------------------

Path Group    From Clock    To Clock          WNS(ns)      TNS(ns)  TNS Failing Endpoints  TNS Total Endpoints      WHS(ns)      THS(ns)  THS Failing Endpoints  THS Total Endpoints  
----------    ----------    --------          -------      -------  ---------------------  -------------------      -------      -------  ---------------------  -------------------  


------------------------------------------------------------------------------------------------
| Timing Details
| --------------
------------------------------------------------------------------------------------------------


---------------------------------------------------------------------------------------------------
From Clock:  ap_clk
  To Clock:  ap_clk

Setup :            0  Failing Endpoints,  Worst Slack        6.280ns,  Total Violation        0.000ns
Hold  :            0  Failing Endpoints,  Worst Slack        0.046ns,  Total Violation        0.000ns
PW    :            0  Failing Endpoints,  Worst Slack        4.238ns,  Total Violation        0.000ns
---------------------------------------------------------------------------------------------------


Max Delay Paths
--------------------------------------------------------------------------------------
Slack (MET) :             6.280ns  (required time - arrival time)
  Source:                 bd_0_i/hls_inst/inst/ref_tmp_FIR_filter_transposed_fu_449/mul_16s_8ns_23_1_1_U24/tmp_product/DSP_A_B_DATA_INST/CLK
                            (rising edge-triggered cell DSP_A_B_DATA clocked by ap_clk  {rise@0.000ns fall@5.000ns period=10.000ns})
  Destination:            bd_0_i/hls_inst/inst/grp_FIR_filter_2_fu_430/FIR_delays_write_int_reg_reg[15]/D
                            (rising edge-triggered cell FDRE clocked by ap_clk  {rise@0.000ns fall@5.000ns period=10.000ns})
  Path Group:             ap_clk
  Path Type:              Setup (Max at Slow Process Corner)
  Requirement:            10.000ns  (ap_clk rise@10.000ns - ap_clk rise@0.000ns)
  Data Path Delay:        3.682ns  (logic 3.102ns (84.248%)  route 0.580ns (15.752%))
  Logic Levels:           12  (CARRY8=5 DSP_ALU=1 DSP_M_DATA=1 DSP_MULTIPLIER=1 DSP_OUTPUT=1 DSP_PREADD_DATA=1 LUT2=1 LUT6=1)
  Clock Path Skew:        -0.047ns (DCD - SCD + CPR)
    Destination Clock Delay (DCD):    0.030ns = ( 10.030 - 10.000 ) 
    Source Clock Delay      (SCD):    0.077ns
    Clock Pessimism Removal (CPR):    0.000ns
  Clock Uncertainty:      0.035ns  ((TSJ^2 + TIJ^2)^1/2 + DJ) / 2 + PE
    Total System Jitter     (TSJ):    0.071ns
    Total Input Jitter      (TIJ):    0.000ns
    Discrete Jitter          (DJ):    0.000ns
    Phase Error              (PE):    0.000ns

    Location             Delay type                Incr(ns)  Path(ns)    Netlist Resource(s)
  -------------------------------------------------------------------    -------------------
                         (clock ap_clk rise edge)     0.000     0.000 r  
                                                      0.000     0.000 r  ap_clk (IN)
                         net (fo=2574, unset)         0.077     0.077    bd_0_i/hls_inst/inst/ref_tmp_FIR_filter_transposed_fu_449/mul_16s_8ns_23_1_1_U24/tmp_product/CLK
                         DSP_A_B_DATA                                 r  bd_0_i/hls_inst/inst/ref_tmp_FIR_filter_transposed_fu_449/mul_16s_8ns_23_1_1_U24/tmp_product/DSP_A_B_DATA_INST/CLK
  -------------------------------------------------------------------    -------------------
                         DSP_A_B_DATA (Prop_DSP_A_B_DATA_CLK_A2_DATA[0])
                                                      0.302     0.379 r  bd_0_i/hls_inst/inst/ref_tmp_FIR_filter_transposed_fu_449/mul_16s_8ns_23_1_1_U24/tmp_product/DSP_A_B_DATA_INST/A2_DATA[0]
                         net (fo=1, unplaced)         0.000     0.379    bd_0_i/hls_inst/inst/ref_tmp_FIR_filter_transposed_fu_449/mul_16s_8ns_23_1_1_U24/tmp_product/DSP_A_B_DATA.A2_DATA<0>
                         DSP_PREADD_DATA (Prop_DSP_PREADD_DATA_A2_DATA[0]_A2A1[0])
                                                      0.114     0.493 r  bd_0_i/hls_inst/inst/ref_tmp_FIR_filter_transposed_fu_449/mul_16s_8ns_23_1_1_U24/tmp_product/DSP_PREADD_DATA_INST/A2A1[0]
                         net (fo=1, unplaced)         0.000     0.493    bd_0_i/hls_inst/inst/ref_tmp_FIR_filter_transposed_fu_449/mul_16s_8ns_23_1_1_U24/tmp_product/DSP_PREADD_DATA.A2A1<0>
                         DSP_MULTIPLIER (Prop_DSP_MULTIPLIER_A2A1[0]_V[0])
                                                      0.699     1.192 f  bd_0_i/hls_inst/inst/ref_tmp_FIR_filter_transposed_fu_449/mul_16s_8ns_23_1_1_U24/tmp_product/DSP_MULTIPLIER_INST/V[0]
                         net (fo=1, unplaced)         0.000     1.192    bd_0_i/hls_inst/inst/ref_tmp_FIR_filter_transposed_fu_449/mul_16s_8ns_23_1_1_U24/tmp_product/DSP_MULTIPLIER.V<0>
                         DSP_M_DATA (Prop_DSP_M_DATA_V[0]_V_DATA[0])
                                                      0.065     1.257 r  bd_0_i/hls_inst/inst/ref_tmp_FIR_filter_transposed_fu_449/mul_16s_8ns_23_1_1_U24/tmp_product/DSP_M_DATA_INST/V_DATA[0]
                         net (fo=1, unplaced)         0.000     1.257    bd_0_i/hls_inst/inst/ref_tmp_FIR_filter_transposed_fu_449/mul_16s_8ns_23_1_1_U24/tmp_product/DSP_M_DATA.V_DATA<0>
                         DSP_ALU (Prop_DSP_ALU_V_DATA[0]_ALU_OUT[0])
                                                      0.722     1.979 f  bd_0_i/hls_inst/inst/ref_tmp_FIR_filter_transposed_fu_449/mul_16s_8ns_23_1_1_U24/tmp_product/DSP_ALU_INST/ALU_OUT[0]
                         net (fo=1, unplaced)         0.000     1.979    bd_0_i/hls_inst/inst/ref_tmp_FIR_filter_transposed_fu_449/mul_16s_8ns_23_1_1_U24/tmp_product/DSP_ALU.ALU_OUT<0>
                         DSP_OUTPUT (Prop_DSP_OUTPUT_ALU_OUT[0]_P[0])
                                                      0.146     2.125 r  bd_0_i/hls_inst/inst/ref_tmp_FIR_filter_transposed_fu_449/mul_16s_8ns_23_1_1_U24/tmp_product/DSP_OUTPUT_INST/P[0]
                         net (fo=3, unplaced)         0.264     2.389    bd_0_i/hls_inst/inst/ref_tmp_FIR_filter_transposed_fu_449/mul_16s_8ns_23_1_1_U24_n_22
                         LUT2 (Prop_LUT2_I0_O)        0.083     2.472 r  bd_0_i/hls_inst/inst/ref_tmp_FIR_filter_transposed_fu_449/y3[7]_i_28/O
                         net (fo=1, unplaced)         0.025     2.497    bd_0_i/hls_inst/inst/ref_tmp_FIR_filter_transposed_fu_449/y3[7]_i_28_n_0
                         CARRY8 (Prop_CARRY8_S[0]_CO[7])
                                                      0.289     2.786 r  bd_0_i/hls_inst/inst/ref_tmp_FIR_filter_transposed_fu_449/y3_reg[7]_i_12/CO[7]
                         net (fo=1, unplaced)         0.006     2.792    bd_0_i/hls_inst/inst/ref_tmp_FIR_filter_transposed_fu_449/y3_reg[7]_i_12_n_0
                         CARRY8 (Prop_CARRY8_CI_CO[7])
                                                      0.073     2.865 r  bd_0_i/hls_inst/inst/ref_tmp_FIR_filter_transposed_fu_449/y3_reg[7]_i_2/CO[7]
                         net (fo=1, unplaced)         0.006     2.871    bd_0_i/hls_inst/inst/ref_tmp_FIR_filter_transposed_fu_449/y3_reg[7]_i_2_n_0
                         CARRY8 (Prop_CARRY8_CI_O[1])
                                                      0.106     2.977 r  bd_0_i/hls_inst/inst/ref_tmp_FIR_filter_transposed_fu_449/y3_reg[7]_i_1/O[1]
                         net (fo=2, unplaced)         0.209     3.186    bd_0_i/hls_inst/inst/grp_FIR_filter_fu_405/mac_muladd_16s_15ns_30s_32_4_0_U3/FIR_Cascade_v2_mac_muladd_16s_15ns_30s_32_4_0_DSP48_0_U/ap_return[1]
                         LUT6 (Prop_LUT6_I5_O)        0.057     3.243 r  bd_0_i/hls_inst/inst/grp_FIR_filter_fu_405/mac_muladd_16s_15ns_30s_32_4_0_U3/FIR_Cascade_v2_mac_muladd_16s_15ns_30s_32_4_0_DSP48_0_U/FIR_delays_write_int_reg[7]_i_16__0/O
                         net (fo=1, unplaced)         0.030     3.273    bd_0_i/hls_inst/inst/grp_FIR_filter_fu_405/mac_muladd_16s_15ns_30s_32_4_0_U3/FIR_Cascade_v2_mac_muladd_16s_15ns_30s_32_4_0_DSP48_0_U/FIR_delays_write_int_reg[7]_i_16__0_n_0
                         CARRY8 (Prop_CARRY8_S[1]_CO[7])
                                                      0.275     3.548 r  bd_0_i/hls_inst/inst/grp_FIR_filter_fu_405/mac_muladd_16s_15ns_30s_32_4_0_U3/FIR_Cascade_v2_mac_muladd_16s_15ns_30s_32_4_0_DSP48_0_U/FIR_delays_write_int_reg_reg[7]_i_1__0/CO[7]
                         net (fo=1, unplaced)         0.006     3.554    bd_0_i/hls_inst/inst/grp_FIR_filter_fu_405/mac_muladd_16s_15ns_30s_32_4_0_U3/FIR_Cascade_v2_mac_muladd_16s_15ns_30s_32_4_0_DSP48_0_U/FIR_delays_write_int_reg_reg[7]_i_1__0_n_0
                         CARRY8 (Prop_CARRY8_CI_O[7])
                                                      0.171     3.725 r  bd_0_i/hls_inst/inst/grp_FIR_filter_fu_405/mac_muladd_16s_15ns_30s_32_4_0_U3/FIR_Cascade_v2_mac_muladd_16s_15ns_30s_32_4_0_DSP48_0_U/FIR_delays_write_int_reg_reg[15]_i_1__0/O[7]
                         net (fo=1, unplaced)         0.034     3.759    bd_0_i/hls_inst/inst/grp_FIR_filter_2_fu_430/out[15]
                         FDRE                                         r  bd_0_i/hls_inst/inst/grp_FIR_filter_2_fu_430/FIR_delays_write_int_reg_reg[15]/D
  -------------------------------------------------------------------    -------------------

                         (clock ap_clk rise edge)    10.000    10.000 r  
                                                      0.000    10.000 r  ap_clk (IN)
                         net (fo=2574, unset)         0.030    10.030    bd_0_i/hls_inst/inst/grp_FIR_filter_2_fu_430/ap_clk
                         FDRE                                         r  bd_0_i/hls_inst/inst/grp_FIR_filter_2_fu_430/FIR_delays_write_int_reg_reg[15]/C
                         clock pessimism              0.000    10.030    
                         clock uncertainty           -0.035     9.995    
                         FDRE (Setup_FDRE_C_D)        0.044    10.039    bd_0_i/hls_inst/inst/grp_FIR_filter_2_fu_430/FIR_delays_write_int_reg_reg[15]
  -------------------------------------------------------------------
                         required time                         10.039    
                         arrival time                          -3.759    
  -------------------------------------------------------------------
                         slack                                  6.280    





Min Delay Paths
--------------------------------------------------------------------------------------
Slack (MET) :             0.046ns  (arrival time - required time)
  Source:                 bd_0_i/hls_inst/inst/grp_FIR_filter_1_fu_440/ama_addmuladd_16s_16s_10s_32s_32_4_0_U91/FIR_Cascade_v2_ama_addmuladd_16s_16s_10s_32s_32_4_0_DSP48_0_U/p_reg_reg/DSP_PREADD_DATA_INST/CLK
                            (rising edge-triggered cell DSP_PREADD_DATA clocked by ap_clk  {rise@0.000ns fall@5.000ns period=10.000ns})
  Destination:            bd_0_i/hls_inst/inst/grp_FIR_filter_1_fu_440/ama_addmuladd_16s_16s_10s_32s_32_4_0_U91/FIR_Cascade_v2_ama_addmuladd_16s_16s_10s_32s_32_4_0_DSP48_0_U/p_reg_reg/DSP_PREADD_DATA_INST/AD[0]
                            (rising edge-triggered cell DSP_PREADD_DATA clocked by ap_clk  {rise@0.000ns fall@5.000ns period=10.000ns})
  Path Group:             ap_clk
  Path Type:              Hold (Min at Fast Process Corner)
  Requirement:            0.000ns  (ap_clk rise@0.000ns - ap_clk rise@0.000ns)
  Data Path Delay:        0.114ns  (logic 0.114ns (100.000%)  route 0.000ns (0.000%))
  Logic Levels:           1  (DSP_PREADD=1)
  Clock Path Skew:        0.008ns (DCD - SCD - CPR)
    Destination Clock Delay (DCD):    0.042ns
    Source Clock Delay      (SCD):    0.034ns
    Clock Pessimism Removal (CPR):    -0.000ns

    Location             Delay type                Incr(ns)  Path(ns)    Netlist Resource(s)
  -------------------------------------------------------------------    -------------------
                         (clock ap_clk rise edge)     0.000     0.000 r  
                                                      0.000     0.000 r  ap_clk (IN)
                         net (fo=2574, unset)         0.034     0.034    bd_0_i/hls_inst/inst/grp_FIR_filter_1_fu_440/ama_addmuladd_16s_16s_10s_32s_32_4_0_U91/FIR_Cascade_v2_ama_addmuladd_16s_16s_10s_32s_32_4_0_DSP48_0_U/p_reg_reg/CLK
                         DSP_PREADD_DATA                              r  bd_0_i/hls_inst/inst/grp_FIR_filter_1_fu_440/ama_addmuladd_16s_16s_10s_32s_32_4_0_U91/FIR_Cascade_v2_ama_addmuladd_16s_16s_10s_32s_32_4_0_DSP48_0_U/p_reg_reg/DSP_PREADD_DATA_INST/CLK
  -------------------------------------------------------------------    -------------------
                         DSP_PREADD_DATA (Prop_DSP_PREADD_DATA_CLK_D_DATA[0])
                                                      0.081     0.115 r  bd_0_i/hls_inst/inst/grp_FIR_filter_1_fu_440/ama_addmuladd_16s_16s_10s_32s_32_4_0_U91/FIR_Cascade_v2_ama_addmuladd_16s_16s_10s_32s_32_4_0_DSP48_0_U/p_reg_reg/DSP_PREADD_DATA_INST/D_DATA[0]
                         net (fo=1, unplaced)         0.000     0.115    bd_0_i/hls_inst/inst/grp_FIR_filter_1_fu_440/ama_addmuladd_16s_16s_10s_32s_32_4_0_U91/FIR_Cascade_v2_ama_addmuladd_16s_16s_10s_32s_32_4_0_DSP48_0_U/p_reg_reg/DSP_PREADD_DATA.D_DATA<0>
                         DSP_PREADD (Prop_DSP_PREADD_D_DATA[0]_AD[0])
                                                      0.033     0.148 r  bd_0_i/hls_inst/inst/grp_FIR_filter_1_fu_440/ama_addmuladd_16s_16s_10s_32s_32_4_0_U91/FIR_Cascade_v2_ama_addmuladd_16s_16s_10s_32s_32_4_0_DSP48_0_U/p_reg_reg/DSP_PREADD_INST/AD[0]
                         net (fo=1, unplaced)         0.000     0.148    bd_0_i/hls_inst/inst/grp_FIR_filter_1_fu_440/ama_addmuladd_16s_16s_10s_32s_32_4_0_U91/FIR_Cascade_v2_ama_addmuladd_16s_16s_10s_32s_32_4_0_DSP48_0_U/p_reg_reg/DSP_PREADD.AD<0>
                         DSP_PREADD_DATA                              r  bd_0_i/hls_inst/inst/grp_FIR_filter_1_fu_440/ama_addmuladd_16s_16s_10s_32s_32_4_0_U91/FIR_Cascade_v2_ama_addmuladd_16s_16s_10s_32s_32_4_0_DSP48_0_U/p_reg_reg/DSP_PREADD_DATA_INST/AD[0]
  -------------------------------------------------------------------    -------------------

                         (clock ap_clk rise edge)     0.000     0.000 r  
                                                      0.000     0.000 r  ap_clk (IN)
                         net (fo=2574, unset)         0.042     0.042    bd_0_i/hls_inst/inst/grp_FIR_filter_1_fu_440/ama_addmuladd_16s_16s_10s_32s_32_4_0_U91/FIR_Cascade_v2_ama_addmuladd_16s_16s_10s_32s_32_4_0_DSP48_0_U/p_reg_reg/CLK
                         DSP_PREADD_DATA                              r  bd_0_i/hls_inst/inst/grp_FIR_filter_1_fu_440/ama_addmuladd_16s_16s_10s_32s_32_4_0_U91/FIR_Cascade_v2_ama_addmuladd_16s_16s_10s_32s_32_4_0_DSP48_0_U/p_reg_reg/DSP_PREADD_DATA_INST/CLK
                         clock pessimism              0.000     0.042    
                         DSP_PREADD_DATA (Hold_DSP_PREADD_DATA_CLK_AD[0])
                                                      0.060     0.102    bd_0_i/hls_inst/inst/grp_FIR_filter_1_fu_440/ama_addmuladd_16s_16s_10s_32s_32_4_0_U91/FIR_Cascade_v2_ama_addmuladd_16s_16s_10s_32s_32_4_0_DSP48_0_U/p_reg_reg/DSP_PREADD_DATA_INST
  -------------------------------------------------------------------
                         required time                         -0.102    
                         arrival time                           0.148    
  -------------------------------------------------------------------
                         slack                                  0.046    





Pulse Width Checks
--------------------------------------------------------------------------------------
Clock Name:         ap_clk
Waveform(ns):       { 0.000 5.000 }
Period(ns):         10.000
Sources:            { ap_clk }

Check Type        Corner  Lib Pin     Reference Pin  Required(ns)  Actual(ns)  Slack(ns)  Location  Pin
Min Period        n/a     SRL16E/CLK  n/a            1.524         10.000      8.476                bd_0_i/hls_inst/inst/grp_FIR_filter_1_fu_440/FIR_delays_read_15_reg_186_pp0_iter2_reg_reg[0]_srl3/CLK
Low Pulse Width   Slow    SRL16E/CLK  n/a            0.762         5.000       4.238                bd_0_i/hls_inst/inst/grp_FIR_filter_1_fu_440/FIR_delays_read_15_reg_186_pp0_iter2_reg_reg[0]_srl3/CLK
High Pulse Width  Slow    SRL16E/CLK  n/a            0.762         5.000       4.238                bd_0_i/hls_inst/inst/grp_FIR_filter_1_fu_440/FIR_delays_read_15_reg_186_pp0_iter2_reg_reg[0]_srl3/CLK



