

================================================================
== Vitis HLS Report for 'Multirate_v2'
================================================================
* Date:           Sun Nov 16 16:22:36 2025

* Version:        2024.2 (Build 5238294 on Nov  8 2024)
* Project:        Multirate_v2
* Solution:       hls (Vivado IP Flow Target)
* Product family: zynquplus
* Target device:  xck26-sfvc784-2LV-c


================================================================
== Performance Estimates
================================================================
+ Timing: 
    * Summary: 
    +--------+----------+----------+------------+
    |  Clock |  Target  | Estimated| Uncertainty|
    +--------+----------+----------+------------+
    |ap_clk  |  10.00 ns|  4.408 ns|     2.70 ns|
    +--------+----------+----------+------------+

+ Latency: 
    * Summary: 
    +---------+---------+-----------+----------+-----+-----+---------+
    |  Latency (cycles) |  Latency (absolute)  |  Interval | Pipeline|
    |   min   |   max   |    min    |    max   | min | max |   Type  |
    +---------+---------+-----------+----------+-----+-----+---------+
    |        7|       16|  70.000 ns|  0.160 us|    8|   17|       no|
    +---------+---------+-----------+----------+-----+-----+---------+

    + Detail: 
        * Instance: 
        N/A

        * Loop: 
        N/A

============================================================
+ Verbose Summary: Synthesis Manager
============================================================
InlineROM: 1
ExposeGlobal: 0
============================================================
+ Verbose Summary: CDFG Model
============================================================
IsTopModel: 1
ResetActiveHigh: 1
IsCombinational: 0
IsDatapathOnly: 0
HasWiredReturn: 1
HasMFsm: 0
HasVarLatency: 1
IsPipeline: 0
IsRtlPipelined: 0
IsInstanceOverlapped: 0
IsDontTouch: 0
HasImplIP: 0
IsGatedGlobalClock: 0


============================================================
+ Verbose Summary: Schedule
============================================================
* Number of FSM states : 29
* Pipeline : 0
* Dataflow Pipeline: 0

* FSM state transitions: 
1 --> 2 8 24 
2 --> 3 
3 --> 4 
4 --> 5 
5 --> 6 
6 --> 7 
7 --> 23 
8 --> 9 
9 --> 10 
10 --> 11 
11 --> 12 
12 --> 13 
13 --> 14 
14 --> 15 
15 --> 16 
16 --> 17 
17 --> 18 
18 --> 19 
19 --> 20 
20 --> 21 
21 --> 22 
22 --> 23 
23 --> 
24 --> 25 
25 --> 26 
26 --> 27 
27 --> 28 
28 --> 29 
29 --> 23 

* FSM state operations: 

State 1 <SV = 0> <Delay = 4.01>
ST_1 : Operation 30 [1/1] (0.00ns)   --->   "%spectopmodule_ln14 = spectopmodule void @_ssdm_op_SpecTopModule, void @empty_1" [FIR_HLS.cpp:14]   --->   Operation 30 'spectopmodule' 'spectopmodule_ln14' <Predicate = true> <Delay = 0.00>
ST_1 : Operation 31 [1/1] (0.00ns)   --->   "%specinterface_ln14 = specinterface void @_ssdm_op_SpecInterface, i32 0, void @empty_3, i32 0, i32 0, void @empty_2, i32 0, i32 0, void @empty_2, void @empty_2, void @empty_2, i32 0, i32 0, i32 0, i32 0, void @empty_2, void @empty_2, i32 4294967295, i32 0, i32 0" [FIR_HLS.cpp:14]   --->   Operation 31 'specinterface' 'specinterface_ln14' <Predicate = true> <Delay = 0.00>
ST_1 : Operation 32 [1/1] (0.00ns)   --->   "%specinterface_ln0 = specinterface void @_ssdm_op_SpecInterface, i16 %input_r, void @empty, i32 1, i32 1, void @empty_0, i32 0, i32 0, void @empty_2, void @empty_2, void @empty_2, i32 0, i32 0, i32 0, i32 0, void @empty_2, void @empty_2, i32 4294967295, i32 0, i32 0"   --->   Operation 32 'specinterface' 'specinterface_ln0' <Predicate = true> <Delay = 0.00>
ST_1 : Operation 33 [1/1] (0.00ns)   --->   "%specbitsmap_ln0 = specbitsmap void @_ssdm_op_SpecBitsMap, i16 %input_r"   --->   Operation 33 'specbitsmap' 'specbitsmap_ln0' <Predicate = true> <Delay = 0.00>
ST_1 : Operation 34 [1/1] (0.00ns)   --->   "%specinterface_ln0 = specinterface void @_ssdm_op_SpecInterface, i16 %output_r, void @empty, i32 1, i32 1, void @empty_0, i32 0, i32 0, void @empty_2, void @empty_2, void @empty_2, i32 0, i32 0, i32 0, i32 0, void @empty_2, void @empty_2, i32 4294967295, i32 0, i32 0"   --->   Operation 34 'specinterface' 'specinterface_ln0' <Predicate = true> <Delay = 0.00>
ST_1 : Operation 35 [1/1] (0.00ns)   --->   "%specbitsmap_ln0 = specbitsmap void @_ssdm_op_SpecBitsMap, i16 %output_r"   --->   Operation 35 'specbitsmap' 'specbitsmap_ln0' <Predicate = true> <Delay = 0.00>
ST_1 : Operation 36 [1/1] (0.00ns)   --->   "%mod_value_load = load i2 %mod_value" [FIR_HLS.cpp:29]   --->   Operation 36 'load' 'mod_value_load' <Predicate = true> <Delay = 0.00>
ST_1 : Operation 37 [1/1] (0.00ns)   --->   "%y2_load = load i16 %y2" [FIR_HLS.cpp:40]   --->   Operation 37 'load' 'y2_load' <Predicate = true> <Delay = 0.00>
ST_1 : Operation 38 [1/1] (0.54ns)   --->   "%switch_ln29 = switch i2 %mod_value_load, void %if.else29, i2 0, void %if.then, i2 1, void %if.then12, i2 2, void %if.then22" [FIR_HLS.cpp:29]   --->   Operation 38 'switch' 'switch_ln29' <Predicate = true> <Delay = 0.54>
ST_1 : Operation 39 [1/1] (0.07ns)   --->   "%input_r_read_3 = read i16 @_ssdm_op_Read.axis.volatile.i16P128A, i16 %input_r" [FIR_HLS.cpp:44]   --->   Operation 39 'read' 'input_r_read_3' <Predicate = (mod_value_load == 2)> <Delay = 0.07> <CoreInst = "regslice">   --->   Core 147 'regslice' <Latency = 0> <II = 1> <Delay = 0.59> <Adapter> <Opcode : 'read' 'write'>
ST_1 : Operation 40 [1/1] (0.00ns)   --->   "%p_ZL19H_filter_FIR_dec_42_0_load = load i16 %p_ZL19H_filter_FIR_dec_42_0" [FIR_HLS.cpp:44]   --->   Operation 40 'load' 'p_ZL19H_filter_FIR_dec_42_0_load' <Predicate = (mod_value_load == 2)> <Delay = 0.00>
ST_1 : Operation 41 [1/1] (0.00ns)   --->   "%p_ZL19H_filter_FIR_dec_42_1_load = load i16 %p_ZL19H_filter_FIR_dec_42_1" [FIR_HLS.cpp:44]   --->   Operation 41 'load' 'p_ZL19H_filter_FIR_dec_42_1_load' <Predicate = (mod_value_load == 2)> <Delay = 0.00>
ST_1 : Operation 42 [1/1] (0.00ns)   --->   "%p_ZL19H_filter_FIR_dec_42_2_load = load i16 %p_ZL19H_filter_FIR_dec_42_2" [FIR_HLS.cpp:44]   --->   Operation 42 'load' 'p_ZL19H_filter_FIR_dec_42_2_load' <Predicate = (mod_value_load == 2)> <Delay = 0.00>
ST_1 : Operation 43 [1/1] (0.00ns)   --->   "%p_ZL19H_filter_FIR_dec_42_3_load = load i16 %p_ZL19H_filter_FIR_dec_42_3" [FIR_HLS.cpp:44]   --->   Operation 43 'load' 'p_ZL19H_filter_FIR_dec_42_3_load' <Predicate = (mod_value_load == 2)> <Delay = 0.00>
ST_1 : Operation 44 [6/6] (0.99ns)   --->   "%call_ret6 = call i80 @FIR_filter, i16 %p_ZL19H_filter_FIR_dec_42_0_load, i16 %p_ZL19H_filter_FIR_dec_42_1_load, i16 %p_ZL19H_filter_FIR_dec_42_2_load, i16 %p_ZL19H_filter_FIR_dec_42_3_load, i10 50, i13 8105, i14 8285, i13 8105, i10 50, i16 %input_r_read_3" [FIR_HLS.cpp:44]   --->   Operation 44 'call' 'call_ret6' <Predicate = (mod_value_load == 2)> <Delay = 0.99> <CoreType = "Generic">   --->   Generic Core
ST_1 : Operation 45 [1/1] (0.00ns)   --->   "%p_ZL19H_filter_FIR_int_42_0_load = load i16 %p_ZL19H_filter_FIR_int_42_0" [FIR_HLS.cpp:45]   --->   Operation 45 'load' 'p_ZL19H_filter_FIR_int_42_0_load' <Predicate = (mod_value_load == 2)> <Delay = 0.00>
ST_1 : Operation 46 [1/1] (0.00ns)   --->   "%p_ZL19H_filter_FIR_int_42_1_load = load i16 %p_ZL19H_filter_FIR_int_42_1" [FIR_HLS.cpp:45]   --->   Operation 46 'load' 'p_ZL19H_filter_FIR_int_42_1_load' <Predicate = (mod_value_load == 2)> <Delay = 0.00>
ST_1 : Operation 47 [1/1] (0.00ns)   --->   "%p_ZL19H_filter_FIR_int_42_2_load = load i16 %p_ZL19H_filter_FIR_int_42_2" [FIR_HLS.cpp:45]   --->   Operation 47 'load' 'p_ZL19H_filter_FIR_int_42_2_load' <Predicate = (mod_value_load == 2)> <Delay = 0.00>
ST_1 : Operation 48 [1/1] (0.00ns)   --->   "%p_ZL19H_filter_FIR_int_42_3_load = load i16 %p_ZL19H_filter_FIR_int_42_3" [FIR_HLS.cpp:45]   --->   Operation 48 'load' 'p_ZL19H_filter_FIR_int_42_3_load' <Predicate = (mod_value_load == 2)> <Delay = 0.00>
ST_1 : Operation 49 [6/6] (0.99ns)   --->   "%call_ret7 = call i80 @FIR_filter, i16 %p_ZL19H_filter_FIR_int_42_0_load, i16 %p_ZL19H_filter_FIR_int_42_1_load, i16 %p_ZL19H_filter_FIR_int_42_2_load, i16 %p_ZL19H_filter_FIR_int_42_3_load, i10 50, i13 8105, i14 8285, i13 8105, i10 50, i16 %y2_load" [FIR_HLS.cpp:45]   --->   Operation 49 'call' 'call_ret7' <Predicate = (mod_value_load == 2)> <Delay = 0.99> <CoreType = "Generic">   --->   Generic Core
ST_1 : Operation 50 [1/1] (0.07ns)   --->   "%input_r_read_2 = read i16 @_ssdm_op_Read.axis.volatile.i16P128A, i16 %input_r" [FIR_HLS.cpp:39]   --->   Operation 50 'read' 'input_r_read_2' <Predicate = (mod_value_load == 1)> <Delay = 0.07> <CoreInst = "regslice">   --->   Core 147 'regslice' <Latency = 0> <II = 1> <Delay = 0.59> <Adapter> <Opcode : 'read' 'write'>
ST_1 : Operation 51 [1/1] (0.00ns)   --->   "%p_ZL19H_filter_FIR_dec_43_0_load = load i16 %p_ZL19H_filter_FIR_dec_43_0" [FIR_HLS.cpp:39]   --->   Operation 51 'load' 'p_ZL19H_filter_FIR_dec_43_0_load' <Predicate = (mod_value_load == 1)> <Delay = 0.00>
ST_1 : Operation 52 [1/1] (0.00ns)   --->   "%p_ZL19H_filter_FIR_dec_43_1_load = load i16 %p_ZL19H_filter_FIR_dec_43_1" [FIR_HLS.cpp:39]   --->   Operation 52 'load' 'p_ZL19H_filter_FIR_dec_43_1_load' <Predicate = (mod_value_load == 1)> <Delay = 0.00>
ST_1 : Operation 53 [1/1] (0.00ns)   --->   "%p_ZL19H_filter_FIR_dec_43_2_load = load i16 %p_ZL19H_filter_FIR_dec_43_2" [FIR_HLS.cpp:39]   --->   Operation 53 'load' 'p_ZL19H_filter_FIR_dec_43_2_load' <Predicate = (mod_value_load == 1)> <Delay = 0.00>
ST_1 : Operation 54 [1/1] (0.00ns)   --->   "%p_ZL19H_filter_FIR_dec_43_3_load = load i16 %p_ZL19H_filter_FIR_dec_43_3" [FIR_HLS.cpp:39]   --->   Operation 54 'load' 'p_ZL19H_filter_FIR_dec_43_3_load' <Predicate = (mod_value_load == 1)> <Delay = 0.00>
ST_1 : Operation 55 [6/6] (0.99ns)   --->   "%call_ret4 = call i80 @FIR_filter, i16 %p_ZL19H_filter_FIR_dec_43_0_load, i16 %p_ZL19H_filter_FIR_dec_43_1_load, i16 %p_ZL19H_filter_FIR_dec_43_2_load, i16 %p_ZL19H_filter_FIR_dec_43_3_load, i10 562, i13 2100, i14 7338, i13 7105, i10 247, i16 %input_r_read_2" [FIR_HLS.cpp:39]   --->   Operation 55 'call' 'call_ret4' <Predicate = (mod_value_load == 1)> <Delay = 0.99> <CoreType = "Generic">   --->   Generic Core
ST_1 : Operation 56 [1/1] (0.00ns)   --->   "%p_ZL19H_filter_FIR_int_41_0_load = load i16 %p_ZL19H_filter_FIR_int_41_0" [FIR_HLS.cpp:40]   --->   Operation 56 'load' 'p_ZL19H_filter_FIR_int_41_0_load' <Predicate = (mod_value_load == 1)> <Delay = 0.00>
ST_1 : Operation 57 [1/1] (0.00ns)   --->   "%p_ZL19H_filter_FIR_int_41_1_load = load i16 %p_ZL19H_filter_FIR_int_41_1" [FIR_HLS.cpp:40]   --->   Operation 57 'load' 'p_ZL19H_filter_FIR_int_41_1_load' <Predicate = (mod_value_load == 1)> <Delay = 0.00>
ST_1 : Operation 58 [1/1] (0.00ns)   --->   "%p_ZL19H_filter_FIR_int_41_2_load = load i16 %p_ZL19H_filter_FIR_int_41_2" [FIR_HLS.cpp:40]   --->   Operation 58 'load' 'p_ZL19H_filter_FIR_int_41_2_load' <Predicate = (mod_value_load == 1)> <Delay = 0.00>
ST_1 : Operation 59 [1/1] (0.00ns)   --->   "%p_ZL19H_filter_FIR_int_41_3_load = load i16 %p_ZL19H_filter_FIR_int_41_3" [FIR_HLS.cpp:40]   --->   Operation 59 'load' 'p_ZL19H_filter_FIR_int_41_3_load' <Predicate = (mod_value_load == 1)> <Delay = 0.00>
ST_1 : Operation 60 [6/6] (0.99ns)   --->   "%call_ret5 = call i80 @FIR_filter, i16 %p_ZL19H_filter_FIR_int_41_0_load, i16 %p_ZL19H_filter_FIR_int_41_1_load, i16 %p_ZL19H_filter_FIR_int_41_2_load, i16 %p_ZL19H_filter_FIR_int_41_3_load, i10 247, i13 7105, i14 7338, i13 2100, i10 562, i16 %y2_load" [FIR_HLS.cpp:40]   --->   Operation 60 'call' 'call_ret5' <Predicate = (mod_value_load == 1)> <Delay = 0.99> <CoreType = "Generic">   --->   Generic Core
ST_1 : Operation 61 [1/1] (0.07ns)   --->   "%input_r_read_1 = read i16 @_ssdm_op_Read.axis.volatile.i16P128A, i16 %input_r" [FIR_HLS.cpp:30]   --->   Operation 61 'read' 'input_r_read_1' <Predicate = (mod_value_load == 0)> <Delay = 0.07> <CoreInst = "regslice">   --->   Core 147 'regslice' <Latency = 0> <II = 1> <Delay = 0.59> <Adapter> <Opcode : 'read' 'write'>
ST_1 : Operation 62 [1/1] (0.00ns)   --->   "%p_ZL19H_filter_FIR_dec_40_0_load = load i16 %p_ZL19H_filter_FIR_dec_40_0" [FIR_HLS.cpp:30]   --->   Operation 62 'load' 'p_ZL19H_filter_FIR_dec_40_0_load' <Predicate = (mod_value_load == 0)> <Delay = 0.00>
ST_1 : Operation 63 [1/1] (0.00ns)   --->   "%p_ZL19H_filter_FIR_dec_40_1_load = load i16 %p_ZL19H_filter_FIR_dec_40_1" [FIR_HLS.cpp:30]   --->   Operation 63 'load' 'p_ZL19H_filter_FIR_dec_40_1_load' <Predicate = (mod_value_load == 0)> <Delay = 0.00>
ST_1 : Operation 64 [1/1] (0.00ns)   --->   "%p_ZL19H_filter_FIR_dec_40_2_load = load i16 %p_ZL19H_filter_FIR_dec_40_2" [FIR_HLS.cpp:30]   --->   Operation 64 'load' 'p_ZL19H_filter_FIR_dec_40_2_load' <Predicate = (mod_value_load == 0)> <Delay = 0.00>
ST_1 : Operation 65 [1/1] (0.00ns)   --->   "%p_ZL19H_filter_FIR_dec_40_3_load = load i16 %p_ZL19H_filter_FIR_dec_40_3" [FIR_HLS.cpp:30]   --->   Operation 65 'load' 'p_ZL19H_filter_FIR_dec_40_3_load' <Predicate = (mod_value_load == 0)> <Delay = 0.00>
ST_1 : Operation 66 [1/1] (0.00ns)   --->   "%p_ZL19H_filter_FIR_dec_40_4_load = load i16 %p_ZL19H_filter_FIR_dec_40_4" [FIR_HLS.cpp:30]   --->   Operation 66 'load' 'p_ZL19H_filter_FIR_dec_40_4_load' <Predicate = (mod_value_load == 0)> <Delay = 0.00>
ST_1 : Operation 67 [7/7] (3.39ns)   --->   "%call_ret2 = call i96 @FIR_filter.1, i16 %p_ZL19H_filter_FIR_dec_40_0_load, i16 %p_ZL19H_filter_FIR_dec_40_1_load, i16 %p_ZL19H_filter_FIR_dec_40_2_load, i16 %p_ZL19H_filter_FIR_dec_40_3_load, i16 %p_ZL19H_filter_FIR_dec_40_4_load, i16 %input_r_read_1" [FIR_HLS.cpp:30]   --->   Operation 67 'call' 'call_ret2' <Predicate = (mod_value_load == 0)> <Delay = 3.39> <CoreType = "Generic">   --->   Generic Core
ST_1 : Operation 68 [1/1] (0.07ns)   --->   "%input_r_read = read i16 @_ssdm_op_Read.axis.volatile.i16P128A, i16 %input_r" [FIR_HLS.cpp:50]   --->   Operation 68 'read' 'input_r_read' <Predicate = (mod_value_load == 3)> <Delay = 0.07> <CoreInst = "regslice">   --->   Core 147 'regslice' <Latency = 0> <II = 1> <Delay = 0.59> <Adapter> <Opcode : 'read' 'write'>
ST_1 : Operation 69 [1/1] (0.00ns)   --->   "%p_ZL19H_filter_FIR_dec_41_0_load = load i16 %p_ZL19H_filter_FIR_dec_41_0" [FIR_HLS.cpp:50]   --->   Operation 69 'load' 'p_ZL19H_filter_FIR_dec_41_0_load' <Predicate = (mod_value_load == 3)> <Delay = 0.00>
ST_1 : Operation 70 [1/1] (0.00ns)   --->   "%p_ZL19H_filter_FIR_dec_41_1_load = load i16 %p_ZL19H_filter_FIR_dec_41_1" [FIR_HLS.cpp:50]   --->   Operation 70 'load' 'p_ZL19H_filter_FIR_dec_41_1_load' <Predicate = (mod_value_load == 3)> <Delay = 0.00>
ST_1 : Operation 71 [1/1] (0.00ns)   --->   "%p_ZL19H_filter_FIR_dec_41_2_load = load i16 %p_ZL19H_filter_FIR_dec_41_2" [FIR_HLS.cpp:50]   --->   Operation 71 'load' 'p_ZL19H_filter_FIR_dec_41_2_load' <Predicate = (mod_value_load == 3)> <Delay = 0.00>
ST_1 : Operation 72 [1/1] (0.00ns)   --->   "%p_ZL19H_filter_FIR_dec_41_3_load = load i16 %p_ZL19H_filter_FIR_dec_41_3" [FIR_HLS.cpp:50]   --->   Operation 72 'load' 'p_ZL19H_filter_FIR_dec_41_3_load' <Predicate = (mod_value_load == 3)> <Delay = 0.00>
ST_1 : Operation 73 [6/6] (0.99ns)   --->   "%call_ret = call i80 @FIR_filter, i16 %p_ZL19H_filter_FIR_dec_41_0_load, i16 %p_ZL19H_filter_FIR_dec_41_1_load, i16 %p_ZL19H_filter_FIR_dec_41_2_load, i16 %p_ZL19H_filter_FIR_dec_41_3_load, i10 247, i13 7105, i14 7338, i13 2100, i10 562, i16 %input_r_read" [FIR_HLS.cpp:50]   --->   Operation 73 'call' 'call_ret' <Predicate = (mod_value_load == 3)> <Delay = 0.99> <CoreType = "Generic">   --->   Generic Core
ST_1 : Operation 74 [1/1] (0.00ns)   --->   "%p_ZL19H_filter_FIR_int_43_0_load = load i16 %p_ZL19H_filter_FIR_int_43_0" [FIR_HLS.cpp:51]   --->   Operation 74 'load' 'p_ZL19H_filter_FIR_int_43_0_load' <Predicate = (mod_value_load == 3)> <Delay = 0.00>
ST_1 : Operation 75 [1/1] (0.00ns)   --->   "%p_ZL19H_filter_FIR_int_43_1_load = load i16 %p_ZL19H_filter_FIR_int_43_1" [FIR_HLS.cpp:51]   --->   Operation 75 'load' 'p_ZL19H_filter_FIR_int_43_1_load' <Predicate = (mod_value_load == 3)> <Delay = 0.00>
ST_1 : Operation 76 [1/1] (0.00ns)   --->   "%p_ZL19H_filter_FIR_int_43_2_load = load i16 %p_ZL19H_filter_FIR_int_43_2" [FIR_HLS.cpp:51]   --->   Operation 76 'load' 'p_ZL19H_filter_FIR_int_43_2_load' <Predicate = (mod_value_load == 3)> <Delay = 0.00>
ST_1 : Operation 77 [1/1] (0.00ns)   --->   "%p_ZL19H_filter_FIR_int_43_3_load = load i16 %p_ZL19H_filter_FIR_int_43_3" [FIR_HLS.cpp:51]   --->   Operation 77 'load' 'p_ZL19H_filter_FIR_int_43_3_load' <Predicate = (mod_value_load == 3)> <Delay = 0.00>
ST_1 : Operation 78 [6/6] (0.99ns)   --->   "%call_ret1 = call i80 @FIR_filter, i16 %p_ZL19H_filter_FIR_int_43_0_load, i16 %p_ZL19H_filter_FIR_int_43_1_load, i16 %p_ZL19H_filter_FIR_int_43_2_load, i16 %p_ZL19H_filter_FIR_int_43_3_load, i10 562, i13 2100, i14 7338, i13 7105, i10 247, i16 %y2_load" [FIR_HLS.cpp:51]   --->   Operation 78 'call' 'call_ret1' <Predicate = (mod_value_load == 3)> <Delay = 0.99> <CoreType = "Generic">   --->   Generic Core

State 2 <SV = 1> <Delay = 3.02>
ST_2 : Operation 79 [5/6] (3.02ns)   --->   "%call_ret6 = call i80 @FIR_filter, i16 %p_ZL19H_filter_FIR_dec_42_0_load, i16 %p_ZL19H_filter_FIR_dec_42_1_load, i16 %p_ZL19H_filter_FIR_dec_42_2_load, i16 %p_ZL19H_filter_FIR_dec_42_3_load, i10 50, i13 8105, i14 8285, i13 8105, i10 50, i16 %input_r_read_3" [FIR_HLS.cpp:44]   --->   Operation 79 'call' 'call_ret6' <Predicate = (mod_value_load == 2)> <Delay = 3.02> <CoreType = "Generic">   --->   Generic Core
ST_2 : Operation 80 [5/6] (3.02ns)   --->   "%call_ret7 = call i80 @FIR_filter, i16 %p_ZL19H_filter_FIR_int_42_0_load, i16 %p_ZL19H_filter_FIR_int_42_1_load, i16 %p_ZL19H_filter_FIR_int_42_2_load, i16 %p_ZL19H_filter_FIR_int_42_3_load, i10 50, i13 8105, i14 8285, i13 8105, i10 50, i16 %y2_load" [FIR_HLS.cpp:45]   --->   Operation 80 'call' 'call_ret7' <Predicate = (mod_value_load == 2)> <Delay = 3.02> <CoreType = "Generic">   --->   Generic Core
ST_2 : Operation 81 [5/6] (3.02ns)   --->   "%call_ret4 = call i80 @FIR_filter, i16 %p_ZL19H_filter_FIR_dec_43_0_load, i16 %p_ZL19H_filter_FIR_dec_43_1_load, i16 %p_ZL19H_filter_FIR_dec_43_2_load, i16 %p_ZL19H_filter_FIR_dec_43_3_load, i10 562, i13 2100, i14 7338, i13 7105, i10 247, i16 %input_r_read_2" [FIR_HLS.cpp:39]   --->   Operation 81 'call' 'call_ret4' <Predicate = (mod_value_load == 1)> <Delay = 3.02> <CoreType = "Generic">   --->   Generic Core
ST_2 : Operation 82 [5/6] (3.02ns)   --->   "%call_ret5 = call i80 @FIR_filter, i16 %p_ZL19H_filter_FIR_int_41_0_load, i16 %p_ZL19H_filter_FIR_int_41_1_load, i16 %p_ZL19H_filter_FIR_int_41_2_load, i16 %p_ZL19H_filter_FIR_int_41_3_load, i10 247, i13 7105, i14 7338, i13 2100, i10 562, i16 %y2_load" [FIR_HLS.cpp:40]   --->   Operation 82 'call' 'call_ret5' <Predicate = (mod_value_load == 1)> <Delay = 3.02> <CoreType = "Generic">   --->   Generic Core

State 3 <SV = 2> <Delay = 3.02>
ST_3 : Operation 83 [4/6] (3.02ns)   --->   "%call_ret6 = call i80 @FIR_filter, i16 %p_ZL19H_filter_FIR_dec_42_0_load, i16 %p_ZL19H_filter_FIR_dec_42_1_load, i16 %p_ZL19H_filter_FIR_dec_42_2_load, i16 %p_ZL19H_filter_FIR_dec_42_3_load, i10 50, i13 8105, i14 8285, i13 8105, i10 50, i16 %input_r_read_3" [FIR_HLS.cpp:44]   --->   Operation 83 'call' 'call_ret6' <Predicate = (mod_value_load == 2)> <Delay = 3.02> <CoreType = "Generic">   --->   Generic Core
ST_3 : Operation 84 [4/6] (3.02ns)   --->   "%call_ret7 = call i80 @FIR_filter, i16 %p_ZL19H_filter_FIR_int_42_0_load, i16 %p_ZL19H_filter_FIR_int_42_1_load, i16 %p_ZL19H_filter_FIR_int_42_2_load, i16 %p_ZL19H_filter_FIR_int_42_3_load, i10 50, i13 8105, i14 8285, i13 8105, i10 50, i16 %y2_load" [FIR_HLS.cpp:45]   --->   Operation 84 'call' 'call_ret7' <Predicate = (mod_value_load == 2)> <Delay = 3.02> <CoreType = "Generic">   --->   Generic Core
ST_3 : Operation 85 [4/6] (3.02ns)   --->   "%call_ret4 = call i80 @FIR_filter, i16 %p_ZL19H_filter_FIR_dec_43_0_load, i16 %p_ZL19H_filter_FIR_dec_43_1_load, i16 %p_ZL19H_filter_FIR_dec_43_2_load, i16 %p_ZL19H_filter_FIR_dec_43_3_load, i10 562, i13 2100, i14 7338, i13 7105, i10 247, i16 %input_r_read_2" [FIR_HLS.cpp:39]   --->   Operation 85 'call' 'call_ret4' <Predicate = (mod_value_load == 1)> <Delay = 3.02> <CoreType = "Generic">   --->   Generic Core
ST_3 : Operation 86 [4/6] (3.02ns)   --->   "%call_ret5 = call i80 @FIR_filter, i16 %p_ZL19H_filter_FIR_int_41_0_load, i16 %p_ZL19H_filter_FIR_int_41_1_load, i16 %p_ZL19H_filter_FIR_int_41_2_load, i16 %p_ZL19H_filter_FIR_int_41_3_load, i10 247, i13 7105, i14 7338, i13 2100, i10 562, i16 %y2_load" [FIR_HLS.cpp:40]   --->   Operation 86 'call' 'call_ret5' <Predicate = (mod_value_load == 1)> <Delay = 3.02> <CoreType = "Generic">   --->   Generic Core

State 4 <SV = 3> <Delay = 3.02>
ST_4 : Operation 87 [3/6] (3.02ns)   --->   "%call_ret6 = call i80 @FIR_filter, i16 %p_ZL19H_filter_FIR_dec_42_0_load, i16 %p_ZL19H_filter_FIR_dec_42_1_load, i16 %p_ZL19H_filter_FIR_dec_42_2_load, i16 %p_ZL19H_filter_FIR_dec_42_3_load, i10 50, i13 8105, i14 8285, i13 8105, i10 50, i16 %input_r_read_3" [FIR_HLS.cpp:44]   --->   Operation 87 'call' 'call_ret6' <Predicate = (mod_value_load == 2)> <Delay = 3.02> <CoreType = "Generic">   --->   Generic Core
ST_4 : Operation 88 [3/6] (3.02ns)   --->   "%call_ret7 = call i80 @FIR_filter, i16 %p_ZL19H_filter_FIR_int_42_0_load, i16 %p_ZL19H_filter_FIR_int_42_1_load, i16 %p_ZL19H_filter_FIR_int_42_2_load, i16 %p_ZL19H_filter_FIR_int_42_3_load, i10 50, i13 8105, i14 8285, i13 8105, i10 50, i16 %y2_load" [FIR_HLS.cpp:45]   --->   Operation 88 'call' 'call_ret7' <Predicate = (mod_value_load == 2)> <Delay = 3.02> <CoreType = "Generic">   --->   Generic Core
ST_4 : Operation 89 [3/6] (3.02ns)   --->   "%call_ret4 = call i80 @FIR_filter, i16 %p_ZL19H_filter_FIR_dec_43_0_load, i16 %p_ZL19H_filter_FIR_dec_43_1_load, i16 %p_ZL19H_filter_FIR_dec_43_2_load, i16 %p_ZL19H_filter_FIR_dec_43_3_load, i10 562, i13 2100, i14 7338, i13 7105, i10 247, i16 %input_r_read_2" [FIR_HLS.cpp:39]   --->   Operation 89 'call' 'call_ret4' <Predicate = (mod_value_load == 1)> <Delay = 3.02> <CoreType = "Generic">   --->   Generic Core
ST_4 : Operation 90 [3/6] (3.02ns)   --->   "%call_ret5 = call i80 @FIR_filter, i16 %p_ZL19H_filter_FIR_int_41_0_load, i16 %p_ZL19H_filter_FIR_int_41_1_load, i16 %p_ZL19H_filter_FIR_int_41_2_load, i16 %p_ZL19H_filter_FIR_int_41_3_load, i10 247, i13 7105, i14 7338, i13 2100, i10 562, i16 %y2_load" [FIR_HLS.cpp:40]   --->   Operation 90 'call' 'call_ret5' <Predicate = (mod_value_load == 1)> <Delay = 3.02> <CoreType = "Generic">   --->   Generic Core

State 5 <SV = 4> <Delay = 3.02>
ST_5 : Operation 91 [2/6] (3.02ns)   --->   "%call_ret6 = call i80 @FIR_filter, i16 %p_ZL19H_filter_FIR_dec_42_0_load, i16 %p_ZL19H_filter_FIR_dec_42_1_load, i16 %p_ZL19H_filter_FIR_dec_42_2_load, i16 %p_ZL19H_filter_FIR_dec_42_3_load, i10 50, i13 8105, i14 8285, i13 8105, i10 50, i16 %input_r_read_3" [FIR_HLS.cpp:44]   --->   Operation 91 'call' 'call_ret6' <Predicate = (mod_value_load == 2)> <Delay = 3.02> <CoreType = "Generic">   --->   Generic Core
ST_5 : Operation 92 [2/6] (3.02ns)   --->   "%call_ret7 = call i80 @FIR_filter, i16 %p_ZL19H_filter_FIR_int_42_0_load, i16 %p_ZL19H_filter_FIR_int_42_1_load, i16 %p_ZL19H_filter_FIR_int_42_2_load, i16 %p_ZL19H_filter_FIR_int_42_3_load, i10 50, i13 8105, i14 8285, i13 8105, i10 50, i16 %y2_load" [FIR_HLS.cpp:45]   --->   Operation 92 'call' 'call_ret7' <Predicate = (mod_value_load == 2)> <Delay = 3.02> <CoreType = "Generic">   --->   Generic Core
ST_5 : Operation 93 [2/6] (3.02ns)   --->   "%call_ret4 = call i80 @FIR_filter, i16 %p_ZL19H_filter_FIR_dec_43_0_load, i16 %p_ZL19H_filter_FIR_dec_43_1_load, i16 %p_ZL19H_filter_FIR_dec_43_2_load, i16 %p_ZL19H_filter_FIR_dec_43_3_load, i10 562, i13 2100, i14 7338, i13 7105, i10 247, i16 %input_r_read_2" [FIR_HLS.cpp:39]   --->   Operation 93 'call' 'call_ret4' <Predicate = (mod_value_load == 1)> <Delay = 3.02> <CoreType = "Generic">   --->   Generic Core
ST_5 : Operation 94 [2/6] (3.02ns)   --->   "%call_ret5 = call i80 @FIR_filter, i16 %p_ZL19H_filter_FIR_int_41_0_load, i16 %p_ZL19H_filter_FIR_int_41_1_load, i16 %p_ZL19H_filter_FIR_int_41_2_load, i16 %p_ZL19H_filter_FIR_int_41_3_load, i10 247, i13 7105, i14 7338, i13 2100, i10 562, i16 %y2_load" [FIR_HLS.cpp:40]   --->   Operation 94 'call' 'call_ret5' <Predicate = (mod_value_load == 1)> <Delay = 3.02> <CoreType = "Generic">   --->   Generic Core

State 6 <SV = 5> <Delay = 2.09>
ST_6 : Operation 95 [1/6] (1.64ns)   --->   "%call_ret6 = call i80 @FIR_filter, i16 %p_ZL19H_filter_FIR_dec_42_0_load, i16 %p_ZL19H_filter_FIR_dec_42_1_load, i16 %p_ZL19H_filter_FIR_dec_42_2_load, i16 %p_ZL19H_filter_FIR_dec_42_3_load, i10 50, i13 8105, i14 8285, i13 8105, i10 50, i16 %input_r_read_3" [FIR_HLS.cpp:44]   --->   Operation 95 'call' 'call_ret6' <Predicate = (mod_value_load == 2)> <Delay = 1.64> <CoreType = "Generic">   --->   Generic Core
ST_6 : Operation 96 [1/1] (0.00ns)   --->   "%newret32 = extractvalue i80 %call_ret6" [FIR_HLS.cpp:44]   --->   Operation 96 'extractvalue' 'newret32' <Predicate = (mod_value_load == 2)> <Delay = 0.00>
ST_6 : Operation 97 [1/1] (0.00ns)   --->   "%newret33 = extractvalue i80 %call_ret6" [FIR_HLS.cpp:44]   --->   Operation 97 'extractvalue' 'newret33' <Predicate = (mod_value_load == 2)> <Delay = 0.00>
ST_6 : Operation 98 [1/1] (0.00ns)   --->   "%newret34 = extractvalue i80 %call_ret6" [FIR_HLS.cpp:44]   --->   Operation 98 'extractvalue' 'newret34' <Predicate = (mod_value_load == 2)> <Delay = 0.00>
ST_6 : Operation 99 [1/1] (0.00ns)   --->   "%newret35 = extractvalue i80 %call_ret6" [FIR_HLS.cpp:44]   --->   Operation 99 'extractvalue' 'newret35' <Predicate = (mod_value_load == 2)> <Delay = 0.00>
ST_6 : Operation 100 [1/1] (0.00ns)   --->   "%newret36 = extractvalue i80 %call_ret6" [FIR_HLS.cpp:44]   --->   Operation 100 'extractvalue' 'newret36' <Predicate = (mod_value_load == 2)> <Delay = 0.00>
ST_6 : Operation 101 [1/1] (0.00ns)   --->   "%store_ln44 = store i16 %newret33, i16 %p_ZL19H_filter_FIR_dec_42_0" [FIR_HLS.cpp:44]   --->   Operation 101 'store' 'store_ln44' <Predicate = (mod_value_load == 2)> <Delay = 0.00>
ST_6 : Operation 102 [1/1] (0.00ns)   --->   "%store_ln44 = store i16 %newret34, i16 %p_ZL19H_filter_FIR_dec_42_1" [FIR_HLS.cpp:44]   --->   Operation 102 'store' 'store_ln44' <Predicate = (mod_value_load == 2)> <Delay = 0.00>
ST_6 : Operation 103 [1/1] (0.00ns)   --->   "%store_ln44 = store i16 %newret35, i16 %p_ZL19H_filter_FIR_dec_42_2" [FIR_HLS.cpp:44]   --->   Operation 103 'store' 'store_ln44' <Predicate = (mod_value_load == 2)> <Delay = 0.00>
ST_6 : Operation 104 [1/1] (0.00ns)   --->   "%store_ln44 = store i16 %newret36, i16 %p_ZL19H_filter_FIR_dec_42_3" [FIR_HLS.cpp:44]   --->   Operation 104 'store' 'store_ln44' <Predicate = (mod_value_load == 2)> <Delay = 0.00>
ST_6 : Operation 105 [1/1] (0.00ns)   --->   "%store_ln44 = store i16 %newret32, i16 %y1_phase2" [FIR_HLS.cpp:44]   --->   Operation 105 'store' 'store_ln44' <Predicate = (mod_value_load == 2)> <Delay = 0.00>
ST_6 : Operation 106 [1/6] (1.64ns)   --->   "%call_ret7 = call i80 @FIR_filter, i16 %p_ZL19H_filter_FIR_int_42_0_load, i16 %p_ZL19H_filter_FIR_int_42_1_load, i16 %p_ZL19H_filter_FIR_int_42_2_load, i16 %p_ZL19H_filter_FIR_int_42_3_load, i10 50, i13 8105, i14 8285, i13 8105, i10 50, i16 %y2_load" [FIR_HLS.cpp:45]   --->   Operation 106 'call' 'call_ret7' <Predicate = (mod_value_load == 2)> <Delay = 1.64> <CoreType = "Generic">   --->   Generic Core
ST_6 : Operation 107 [1/1] (0.00ns)   --->   "%newret37 = extractvalue i80 %call_ret7" [FIR_HLS.cpp:45]   --->   Operation 107 'extractvalue' 'newret37' <Predicate = (mod_value_load == 2)> <Delay = 0.00>
ST_6 : Operation 108 [1/1] (0.00ns)   --->   "%newret38 = extractvalue i80 %call_ret7" [FIR_HLS.cpp:45]   --->   Operation 108 'extractvalue' 'newret38' <Predicate = (mod_value_load == 2)> <Delay = 0.00>
ST_6 : Operation 109 [1/1] (0.00ns)   --->   "%newret39 = extractvalue i80 %call_ret7" [FIR_HLS.cpp:45]   --->   Operation 109 'extractvalue' 'newret39' <Predicate = (mod_value_load == 2)> <Delay = 0.00>
ST_6 : Operation 110 [1/1] (0.00ns)   --->   "%newret40 = extractvalue i80 %call_ret7" [FIR_HLS.cpp:45]   --->   Operation 110 'extractvalue' 'newret40' <Predicate = (mod_value_load == 2)> <Delay = 0.00>
ST_6 : Operation 111 [1/1] (0.00ns)   --->   "%newret41 = extractvalue i80 %call_ret7" [FIR_HLS.cpp:45]   --->   Operation 111 'extractvalue' 'newret41' <Predicate = (mod_value_load == 2)> <Delay = 0.00>
ST_6 : Operation 112 [1/1] (0.00ns)   --->   "%store_ln45 = store i16 %newret38, i16 %p_ZL19H_filter_FIR_int_42_0" [FIR_HLS.cpp:45]   --->   Operation 112 'store' 'store_ln45' <Predicate = (mod_value_load == 2)> <Delay = 0.00>
ST_6 : Operation 113 [1/1] (0.00ns)   --->   "%store_ln45 = store i16 %newret39, i16 %p_ZL19H_filter_FIR_int_42_1" [FIR_HLS.cpp:45]   --->   Operation 113 'store' 'store_ln45' <Predicate = (mod_value_load == 2)> <Delay = 0.00>
ST_6 : Operation 114 [1/1] (0.00ns)   --->   "%store_ln45 = store i16 %newret40, i16 %p_ZL19H_filter_FIR_int_42_2" [FIR_HLS.cpp:45]   --->   Operation 114 'store' 'store_ln45' <Predicate = (mod_value_load == 2)> <Delay = 0.00>
ST_6 : Operation 115 [1/1] (0.00ns)   --->   "%store_ln45 = store i16 %newret41, i16 %p_ZL19H_filter_FIR_int_42_3" [FIR_HLS.cpp:45]   --->   Operation 115 'store' 'store_ln45' <Predicate = (mod_value_load == 2)> <Delay = 0.00>
ST_6 : Operation 116 [1/1] (0.00ns)   --->   "%shl_ln45 = shl i16 %newret37, i16 2" [FIR_HLS.cpp:45]   --->   Operation 116 'shl' 'shl_ln45' <Predicate = (mod_value_load == 2)> <Delay = 0.00>
ST_6 : Operation 117 [2/2] (0.45ns)   --->   "%write_ln45 = write void @_ssdm_op_Write.axis.volatile.i16P128A, i16 %output_r, i16 %shl_ln45" [FIR_HLS.cpp:45]   --->   Operation 117 'write' 'write_ln45' <Predicate = (mod_value_load == 2)> <Delay = 0.45> <CoreInst = "regslice">   --->   Core 147 'regslice' <Latency = 0> <II = 1> <Delay = 0.59> <Adapter> <Opcode : 'read' 'write'>
ST_6 : Operation 118 [1/6] (1.64ns)   --->   "%call_ret4 = call i80 @FIR_filter, i16 %p_ZL19H_filter_FIR_dec_43_0_load, i16 %p_ZL19H_filter_FIR_dec_43_1_load, i16 %p_ZL19H_filter_FIR_dec_43_2_load, i16 %p_ZL19H_filter_FIR_dec_43_3_load, i10 562, i13 2100, i14 7338, i13 7105, i10 247, i16 %input_r_read_2" [FIR_HLS.cpp:39]   --->   Operation 118 'call' 'call_ret4' <Predicate = (mod_value_load == 1)> <Delay = 1.64> <CoreType = "Generic">   --->   Generic Core
ST_6 : Operation 119 [1/1] (0.00ns)   --->   "%newret22 = extractvalue i80 %call_ret4" [FIR_HLS.cpp:39]   --->   Operation 119 'extractvalue' 'newret22' <Predicate = (mod_value_load == 1)> <Delay = 0.00>
ST_6 : Operation 120 [1/1] (0.00ns)   --->   "%newret23 = extractvalue i80 %call_ret4" [FIR_HLS.cpp:39]   --->   Operation 120 'extractvalue' 'newret23' <Predicate = (mod_value_load == 1)> <Delay = 0.00>
ST_6 : Operation 121 [1/1] (0.00ns)   --->   "%newret24 = extractvalue i80 %call_ret4" [FIR_HLS.cpp:39]   --->   Operation 121 'extractvalue' 'newret24' <Predicate = (mod_value_load == 1)> <Delay = 0.00>
ST_6 : Operation 122 [1/1] (0.00ns)   --->   "%newret25 = extractvalue i80 %call_ret4" [FIR_HLS.cpp:39]   --->   Operation 122 'extractvalue' 'newret25' <Predicate = (mod_value_load == 1)> <Delay = 0.00>
ST_6 : Operation 123 [1/1] (0.00ns)   --->   "%newret26 = extractvalue i80 %call_ret4" [FIR_HLS.cpp:39]   --->   Operation 123 'extractvalue' 'newret26' <Predicate = (mod_value_load == 1)> <Delay = 0.00>
ST_6 : Operation 124 [1/1] (0.00ns)   --->   "%store_ln39 = store i16 %newret23, i16 %p_ZL19H_filter_FIR_dec_43_0" [FIR_HLS.cpp:39]   --->   Operation 124 'store' 'store_ln39' <Predicate = (mod_value_load == 1)> <Delay = 0.00>
ST_6 : Operation 125 [1/1] (0.00ns)   --->   "%store_ln39 = store i16 %newret24, i16 %p_ZL19H_filter_FIR_dec_43_1" [FIR_HLS.cpp:39]   --->   Operation 125 'store' 'store_ln39' <Predicate = (mod_value_load == 1)> <Delay = 0.00>
ST_6 : Operation 126 [1/1] (0.00ns)   --->   "%store_ln39 = store i16 %newret25, i16 %p_ZL19H_filter_FIR_dec_43_2" [FIR_HLS.cpp:39]   --->   Operation 126 'store' 'store_ln39' <Predicate = (mod_value_load == 1)> <Delay = 0.00>
ST_6 : Operation 127 [1/1] (0.00ns)   --->   "%store_ln39 = store i16 %newret26, i16 %p_ZL19H_filter_FIR_dec_43_3" [FIR_HLS.cpp:39]   --->   Operation 127 'store' 'store_ln39' <Predicate = (mod_value_load == 1)> <Delay = 0.00>
ST_6 : Operation 128 [1/1] (0.00ns)   --->   "%store_ln39 = store i16 %newret22, i16 %y1_phase1" [FIR_HLS.cpp:39]   --->   Operation 128 'store' 'store_ln39' <Predicate = (mod_value_load == 1)> <Delay = 0.00>
ST_6 : Operation 129 [1/6] (1.64ns)   --->   "%call_ret5 = call i80 @FIR_filter, i16 %p_ZL19H_filter_FIR_int_41_0_load, i16 %p_ZL19H_filter_FIR_int_41_1_load, i16 %p_ZL19H_filter_FIR_int_41_2_load, i16 %p_ZL19H_filter_FIR_int_41_3_load, i10 247, i13 7105, i14 7338, i13 2100, i10 562, i16 %y2_load" [FIR_HLS.cpp:40]   --->   Operation 129 'call' 'call_ret5' <Predicate = (mod_value_load == 1)> <Delay = 1.64> <CoreType = "Generic">   --->   Generic Core
ST_6 : Operation 130 [1/1] (0.00ns)   --->   "%newret27 = extractvalue i80 %call_ret5" [FIR_HLS.cpp:40]   --->   Operation 130 'extractvalue' 'newret27' <Predicate = (mod_value_load == 1)> <Delay = 0.00>
ST_6 : Operation 131 [1/1] (0.00ns)   --->   "%newret28 = extractvalue i80 %call_ret5" [FIR_HLS.cpp:40]   --->   Operation 131 'extractvalue' 'newret28' <Predicate = (mod_value_load == 1)> <Delay = 0.00>
ST_6 : Operation 132 [1/1] (0.00ns)   --->   "%newret29 = extractvalue i80 %call_ret5" [FIR_HLS.cpp:40]   --->   Operation 132 'extractvalue' 'newret29' <Predicate = (mod_value_load == 1)> <Delay = 0.00>
ST_6 : Operation 133 [1/1] (0.00ns)   --->   "%newret30 = extractvalue i80 %call_ret5" [FIR_HLS.cpp:40]   --->   Operation 133 'extractvalue' 'newret30' <Predicate = (mod_value_load == 1)> <Delay = 0.00>
ST_6 : Operation 134 [1/1] (0.00ns)   --->   "%newret31 = extractvalue i80 %call_ret5" [FIR_HLS.cpp:40]   --->   Operation 134 'extractvalue' 'newret31' <Predicate = (mod_value_load == 1)> <Delay = 0.00>
ST_6 : Operation 135 [1/1] (0.00ns)   --->   "%store_ln40 = store i16 %newret28, i16 %p_ZL19H_filter_FIR_int_41_0" [FIR_HLS.cpp:40]   --->   Operation 135 'store' 'store_ln40' <Predicate = (mod_value_load == 1)> <Delay = 0.00>
ST_6 : Operation 136 [1/1] (0.00ns)   --->   "%store_ln40 = store i16 %newret29, i16 %p_ZL19H_filter_FIR_int_41_1" [FIR_HLS.cpp:40]   --->   Operation 136 'store' 'store_ln40' <Predicate = (mod_value_load == 1)> <Delay = 0.00>
ST_6 : Operation 137 [1/1] (0.00ns)   --->   "%store_ln40 = store i16 %newret30, i16 %p_ZL19H_filter_FIR_int_41_2" [FIR_HLS.cpp:40]   --->   Operation 137 'store' 'store_ln40' <Predicate = (mod_value_load == 1)> <Delay = 0.00>
ST_6 : Operation 138 [1/1] (0.00ns)   --->   "%store_ln40 = store i16 %newret31, i16 %p_ZL19H_filter_FIR_int_41_3" [FIR_HLS.cpp:40]   --->   Operation 138 'store' 'store_ln40' <Predicate = (mod_value_load == 1)> <Delay = 0.00>
ST_6 : Operation 139 [1/1] (0.00ns)   --->   "%shl_ln40 = shl i16 %newret27, i16 2" [FIR_HLS.cpp:40]   --->   Operation 139 'shl' 'shl_ln40' <Predicate = (mod_value_load == 1)> <Delay = 0.00>
ST_6 : Operation 140 [2/2] (0.45ns)   --->   "%write_ln40 = write void @_ssdm_op_Write.axis.volatile.i16P128A, i16 %output_r, i16 %shl_ln40" [FIR_HLS.cpp:40]   --->   Operation 140 'write' 'write_ln40' <Predicate = (mod_value_load == 1)> <Delay = 0.45> <CoreInst = "regslice">   --->   Core 147 'regslice' <Latency = 0> <II = 1> <Delay = 0.59> <Adapter> <Opcode : 'read' 'write'>

State 7 <SV = 6> <Delay = 0.52>
ST_7 : Operation 141 [1/2] (0.45ns)   --->   "%write_ln45 = write void @_ssdm_op_Write.axis.volatile.i16P128A, i16 %output_r, i16 %shl_ln45" [FIR_HLS.cpp:45]   --->   Operation 141 'write' 'write_ln45' <Predicate = (mod_value_load == 2)> <Delay = 0.45> <CoreInst = "regslice">   --->   Core 147 'regslice' <Latency = 0> <II = 1> <Delay = 0.59> <Adapter> <Opcode : 'read' 'write'>
ST_7 : Operation 142 [1/1] (0.52ns)   --->   "%br_ln48 = br void %if.end37" [FIR_HLS.cpp:48]   --->   Operation 142 'br' 'br_ln48' <Predicate = (mod_value_load == 2)> <Delay = 0.52>
ST_7 : Operation 143 [1/2] (0.45ns)   --->   "%write_ln40 = write void @_ssdm_op_Write.axis.volatile.i16P128A, i16 %output_r, i16 %shl_ln40" [FIR_HLS.cpp:40]   --->   Operation 143 'write' 'write_ln40' <Predicate = (mod_value_load == 1)> <Delay = 0.45> <CoreInst = "regslice">   --->   Core 147 'regslice' <Latency = 0> <II = 1> <Delay = 0.59> <Adapter> <Opcode : 'read' 'write'>
ST_7 : Operation 144 [1/1] (0.52ns)   --->   "%br_ln42 = br void %if.end37" [FIR_HLS.cpp:42]   --->   Operation 144 'br' 'br_ln42' <Predicate = (mod_value_load == 1)> <Delay = 0.52>

State 8 <SV = 1> <Delay = 3.39>
ST_8 : Operation 145 [6/7] (3.39ns)   --->   "%call_ret2 = call i96 @FIR_filter.1, i16 %p_ZL19H_filter_FIR_dec_40_0_load, i16 %p_ZL19H_filter_FIR_dec_40_1_load, i16 %p_ZL19H_filter_FIR_dec_40_2_load, i16 %p_ZL19H_filter_FIR_dec_40_3_load, i16 %p_ZL19H_filter_FIR_dec_40_4_load, i16 %input_r_read_1" [FIR_HLS.cpp:30]   --->   Operation 145 'call' 'call_ret2' <Predicate = true> <Delay = 3.39> <CoreType = "Generic">   --->   Generic Core

State 9 <SV = 2> <Delay = 3.39>
ST_9 : Operation 146 [5/7] (3.39ns)   --->   "%call_ret2 = call i96 @FIR_filter.1, i16 %p_ZL19H_filter_FIR_dec_40_0_load, i16 %p_ZL19H_filter_FIR_dec_40_1_load, i16 %p_ZL19H_filter_FIR_dec_40_2_load, i16 %p_ZL19H_filter_FIR_dec_40_3_load, i16 %p_ZL19H_filter_FIR_dec_40_4_load, i16 %input_r_read_1" [FIR_HLS.cpp:30]   --->   Operation 146 'call' 'call_ret2' <Predicate = true> <Delay = 3.39> <CoreType = "Generic">   --->   Generic Core

State 10 <SV = 3> <Delay = 3.39>
ST_10 : Operation 147 [4/7] (3.39ns)   --->   "%call_ret2 = call i96 @FIR_filter.1, i16 %p_ZL19H_filter_FIR_dec_40_0_load, i16 %p_ZL19H_filter_FIR_dec_40_1_load, i16 %p_ZL19H_filter_FIR_dec_40_2_load, i16 %p_ZL19H_filter_FIR_dec_40_3_load, i16 %p_ZL19H_filter_FIR_dec_40_4_load, i16 %input_r_read_1" [FIR_HLS.cpp:30]   --->   Operation 147 'call' 'call_ret2' <Predicate = true> <Delay = 3.39> <CoreType = "Generic">   --->   Generic Core

State 11 <SV = 4> <Delay = 3.39>
ST_11 : Operation 148 [3/7] (3.39ns)   --->   "%call_ret2 = call i96 @FIR_filter.1, i16 %p_ZL19H_filter_FIR_dec_40_0_load, i16 %p_ZL19H_filter_FIR_dec_40_1_load, i16 %p_ZL19H_filter_FIR_dec_40_2_load, i16 %p_ZL19H_filter_FIR_dec_40_3_load, i16 %p_ZL19H_filter_FIR_dec_40_4_load, i16 %input_r_read_1" [FIR_HLS.cpp:30]   --->   Operation 148 'call' 'call_ret2' <Predicate = true> <Delay = 3.39> <CoreType = "Generic">   --->   Generic Core

State 12 <SV = 5> <Delay = 3.39>
ST_12 : Operation 149 [2/7] (3.39ns)   --->   "%call_ret2 = call i96 @FIR_filter.1, i16 %p_ZL19H_filter_FIR_dec_40_0_load, i16 %p_ZL19H_filter_FIR_dec_40_1_load, i16 %p_ZL19H_filter_FIR_dec_40_2_load, i16 %p_ZL19H_filter_FIR_dec_40_3_load, i16 %p_ZL19H_filter_FIR_dec_40_4_load, i16 %input_r_read_1" [FIR_HLS.cpp:30]   --->   Operation 149 'call' 'call_ret2' <Predicate = true> <Delay = 3.39> <CoreType = "Generic">   --->   Generic Core

State 13 <SV = 6> <Delay = 3.18>
ST_13 : Operation 150 [1/7] (0.64ns)   --->   "%call_ret2 = call i96 @FIR_filter.1, i16 %p_ZL19H_filter_FIR_dec_40_0_load, i16 %p_ZL19H_filter_FIR_dec_40_1_load, i16 %p_ZL19H_filter_FIR_dec_40_2_load, i16 %p_ZL19H_filter_FIR_dec_40_3_load, i16 %p_ZL19H_filter_FIR_dec_40_4_load, i16 %input_r_read_1" [FIR_HLS.cpp:30]   --->   Operation 150 'call' 'call_ret2' <Predicate = true> <Delay = 0.64> <CoreType = "Generic">   --->   Generic Core
ST_13 : Operation 151 [1/1] (0.00ns) (grouped into LUT with out node add_ln32_1)   --->   "%newret11 = extractvalue i96 %call_ret2" [FIR_HLS.cpp:30]   --->   Operation 151 'extractvalue' 'newret11' <Predicate = true> <Delay = 0.00>
ST_13 : Operation 152 [1/1] (0.00ns)   --->   "%newret12 = extractvalue i96 %call_ret2" [FIR_HLS.cpp:30]   --->   Operation 152 'extractvalue' 'newret12' <Predicate = true> <Delay = 0.00>
ST_13 : Operation 153 [1/1] (0.00ns)   --->   "%newret13 = extractvalue i96 %call_ret2" [FIR_HLS.cpp:30]   --->   Operation 153 'extractvalue' 'newret13' <Predicate = true> <Delay = 0.00>
ST_13 : Operation 154 [1/1] (0.00ns)   --->   "%newret14 = extractvalue i96 %call_ret2" [FIR_HLS.cpp:30]   --->   Operation 154 'extractvalue' 'newret14' <Predicate = true> <Delay = 0.00>
ST_13 : Operation 155 [1/1] (0.00ns)   --->   "%newret15 = extractvalue i96 %call_ret2" [FIR_HLS.cpp:30]   --->   Operation 155 'extractvalue' 'newret15' <Predicate = true> <Delay = 0.00>
ST_13 : Operation 156 [1/1] (0.00ns)   --->   "%newret16 = extractvalue i96 %call_ret2" [FIR_HLS.cpp:30]   --->   Operation 156 'extractvalue' 'newret16' <Predicate = true> <Delay = 0.00>
ST_13 : Operation 157 [1/1] (0.00ns)   --->   "%store_ln30 = store i16 %newret12, i16 %p_ZL19H_filter_FIR_dec_40_0" [FIR_HLS.cpp:30]   --->   Operation 157 'store' 'store_ln30' <Predicate = true> <Delay = 0.00>
ST_13 : Operation 158 [1/1] (0.00ns)   --->   "%store_ln30 = store i16 %newret13, i16 %p_ZL19H_filter_FIR_dec_40_1" [FIR_HLS.cpp:30]   --->   Operation 158 'store' 'store_ln30' <Predicate = true> <Delay = 0.00>
ST_13 : Operation 159 [1/1] (0.00ns)   --->   "%store_ln30 = store i16 %newret14, i16 %p_ZL19H_filter_FIR_dec_40_2" [FIR_HLS.cpp:30]   --->   Operation 159 'store' 'store_ln30' <Predicate = true> <Delay = 0.00>
ST_13 : Operation 160 [1/1] (0.00ns)   --->   "%store_ln30 = store i16 %newret15, i16 %p_ZL19H_filter_FIR_dec_40_3" [FIR_HLS.cpp:30]   --->   Operation 160 'store' 'store_ln30' <Predicate = true> <Delay = 0.00>
ST_13 : Operation 161 [1/1] (0.00ns)   --->   "%store_ln30 = store i16 %newret16, i16 %p_ZL19H_filter_FIR_dec_40_4" [FIR_HLS.cpp:30]   --->   Operation 161 'store' 'store_ln30' <Predicate = true> <Delay = 0.00>
ST_13 : Operation 162 [1/1] (0.00ns)   --->   "%y1_phase1_load = load i16 %y1_phase1" [FIR_HLS.cpp:32]   --->   Operation 162 'load' 'y1_phase1_load' <Predicate = true> <Delay = 0.00>
ST_13 : Operation 163 [1/1] (0.00ns)   --->   "%y1_phase2_load = load i16 %y1_phase2" [FIR_HLS.cpp:32]   --->   Operation 163 'load' 'y1_phase2_load' <Predicate = true> <Delay = 0.00>
ST_13 : Operation 164 [1/1] (0.00ns)   --->   "%y1_phase3_load = load i16 %y1_phase3" [FIR_HLS.cpp:32]   --->   Operation 164 'load' 'y1_phase3_load' <Predicate = true> <Delay = 0.00>
ST_13 : Operation 165 [1/1] (0.00ns) (grouped into TernaryAdder)   --->   "%add_ln32 = add i16 %y1_phase1_load, i16 %y1_phase2_load" [FIR_HLS.cpp:32]   --->   Operation 165 'add' 'add_ln32' <Predicate = true> <Delay = 0.00> <CoreInst = "TAddSub">   --->   Core 10 'TAddSub' <Latency = 0> <II = 1> <Delay = 0.34> <IPBlock> <Opcode : '' 'add' 'sub'> <InPorts = 3> <OutPorts = 1> <Sync> <CReg>
ST_13 : Operation 166 [1/1] (0.85ns) (out node of the LUT)   --->   "%add_ln32_1 = add i16 %y1_phase3_load, i16 %newret11" [FIR_HLS.cpp:32]   --->   Operation 166 'add' 'add_ln32_1' <Predicate = true> <Delay = 0.85> <CoreInst = "Adder">   --->   Core 1 'Adder' <Latency = 0> <II = 1> <Delay = 0.85> <FuncUnit> <Opcode : 'add' 'sub'> <InPorts = 2> <OutPorts = 1>
ST_13 : Operation 167 [1/1] (0.68ns) (root node of TernaryAdder)   --->   "%add_ln32_2 = add i16 %add_ln32_1, i16 %add_ln32" [FIR_HLS.cpp:32]   --->   Operation 167 'add' 'add_ln32_2' <Predicate = true> <Delay = 0.68> <CoreInst = "TAddSub">   --->   Core 10 'TAddSub' <Latency = 0> <II = 1> <Delay = 0.34> <IPBlock> <Opcode : '' 'add' 'sub'> <InPorts = 3> <OutPorts = 1> <Sync> <CReg>
ST_13 : Operation 168 [4/4] (0.99ns)   --->   "%ref_tmp4 = call i16 @FIR_filter_transposed, i16 %add_ln32_2, i32 %p_ZL10H_accu_FIR_0, i32 %p_ZL10H_accu_FIR_1, i32 %p_ZL10H_accu_FIR_2, i32 %p_ZL10H_accu_FIR_3, i32 %p_ZL10H_accu_FIR_4, i32 %p_ZL10H_accu_FIR_5, i32 %p_ZL10H_accu_FIR_6, i32 %p_ZL10H_accu_FIR_7, i32 %p_ZL10H_accu_FIR_8, i32 %p_ZL10H_accu_FIR_9, i32 %p_ZL10H_accu_FIR_10, i32 %p_ZL10H_accu_FIR_11, i32 %p_ZL10H_accu_FIR_12, i32 %p_ZL10H_accu_FIR_13, i32 %p_ZL10H_accu_FIR_14, i32 %p_ZL10H_accu_FIR_15, i32 %p_ZL10H_accu_FIR_16, i32 %p_ZL10H_accu_FIR_17, i32 %p_ZL10H_accu_FIR_18, i32 %p_ZL10H_accu_FIR_19, i32 %p_ZL10H_accu_FIR_20, i32 %p_ZL10H_accu_FIR_21, i32 %p_ZL10H_accu_FIR_22, i32 %p_ZL10H_accu_FIR_23, i32 %p_ZL10H_accu_FIR_24, i32 %p_ZL10H_accu_FIR_25, i32 %p_ZL10H_accu_FIR_26, i32 %p_ZL10H_accu_FIR_27, i32 %p_ZL10H_accu_FIR_28, i32 %p_ZL10H_accu_FIR_29, i32 %p_ZL10H_accu_FIR_30, i32 %p_ZL10H_accu_FIR_31, i32 %p_ZL10H_accu_FIR_32, i32 %p_ZL10H_accu_FIR_33, i32 %p_ZL10H_accu_FIR_34, i32 %p_ZL10H_accu_FIR_35, i32 %p_ZL10H_accu_FIR_36, i32 %p_ZL10H_accu_FIR_37, i32 %p_ZL10H_accu_FIR_38, i32 %p_ZL10H_accu_FIR_39, i32 %p_ZL10H_accu_FIR_40, i32 %p_ZL10H_accu_FIR_41, i32 %p_ZL10H_accu_FIR_42, i32 %p_ZL10H_accu_FIR_43, i32 %p_ZL10H_accu_FIR_44, i32 %p_ZL10H_accu_FIR_45, i32 %p_ZL10H_accu_FIR_46, i32 %p_ZL10H_accu_FIR_47, i32 %p_ZL10H_accu_FIR_48, i32 %p_ZL10H_accu_FIR_49, i32 %p_ZL10H_accu_FIR_50, i32 %p_ZL10H_accu_FIR_51, i32 %p_ZL10H_accu_FIR_52, i32 %p_ZL10H_accu_FIR_53, i32 %p_ZL10H_accu_FIR_54, i32 %p_ZL10H_accu_FIR_55, i32 %p_ZL10H_accu_FIR_56, i32 %p_ZL10H_accu_FIR_57, i32 %p_ZL10H_accu_FIR_58, i32 %p_ZL10H_accu_FIR_59, i32 %p_ZL10H_accu_FIR_60, i32 %p_ZL10H_accu_FIR_61, i32 %p_ZL10H_accu_FIR_62, i32 %p_ZL10H_accu_FIR_63, i32 %p_ZL10H_accu_FIR_64, i32 %p_ZL10H_accu_FIR_65, i32 %p_ZL10H_accu_FIR_66, i32 %p_ZL10H_accu_FIR_67, i32 %p_ZL10H_accu_FIR_68, i32 %p_ZL10H_accu_FIR_69, i32 %p_ZL10H_accu_FIR_70, i32 %p_ZL10H_accu_FIR_71, i32 %p_ZL10H_accu_FIR_72, i32 %p_ZL10H_accu_FIR_73, i32 %p_ZL10H_accu_FIR_74, i32 %p_ZL10H_accu_FIR_75, i32 %p_ZL10H_accu_FIR_76, i32 %p_ZL10H_accu_FIR_77, i32 %p_ZL10H_accu_FIR_78, i32 %p_ZL10H_accu_FIR_79, i32 %p_ZL10H_accu_FIR_80, i32 %p_ZL10H_accu_FIR_81, i32 %p_ZL10H_accu_FIR_82, i32 %p_ZL10H_accu_FIR_83, i32 %p_ZL10H_accu_FIR_84, i32 %p_ZL10H_accu_FIR_85, i32 %p_ZL10H_accu_FIR_86, i32 %p_ZL10H_accu_FIR_87, i32 %p_ZL10H_accu_FIR_88, i32 %p_ZL10H_accu_FIR_89, i32 %p_ZL10H_accu_FIR_90, i32 %p_ZL10H_accu_FIR_91, i32 %p_ZL10H_accu_FIR_92, i32 %p_ZL10H_accu_FIR_93, i32 %p_ZL10H_accu_FIR_94, i32 %p_ZL10H_accu_FIR_95, i32 %p_ZL10H_accu_FIR_96, i32 %p_ZL10H_accu_FIR_97, i32 %p_ZL10H_accu_FIR_98, i32 %p_ZL10H_accu_FIR_99, i32 %p_ZL10H_accu_FIR_100, i32 %p_ZL10H_accu_FIR_101, i32 %p_ZL10H_accu_FIR_102, i32 %p_ZL10H_accu_FIR_103, i32 %p_ZL10H_accu_FIR_104, i32 %p_ZL10H_accu_FIR_105, i31 %p_ZL10H_accu_FIR_106, i30 %p_ZL10H_accu_FIR_107, i29 %p_ZL10H_accu_FIR_108, i28 %p_ZL10H_accu_FIR_109, i27 %p_ZL10H_accu_FIR_110, i26 %p_ZL10H_accu_FIR_111, i26 %p_ZL10H_accu_FIR_112, i25 %p_ZL10H_accu_FIR_113, i25 %p_ZL10H_accu_FIR_114, i23 %p_ZL10H_accu_FIR_115" [FIR_HLS.cpp:34]   --->   Operation 168 'call' 'ref_tmp4' <Predicate = true> <Delay = 0.99> <CoreType = "Generic">   --->   Generic Core

State 14 <SV = 7> <Delay = 3.39>
ST_14 : Operation 169 [3/4] (3.39ns)   --->   "%ref_tmp4 = call i16 @FIR_filter_transposed, i16 %add_ln32_2, i32 %p_ZL10H_accu_FIR_0, i32 %p_ZL10H_accu_FIR_1, i32 %p_ZL10H_accu_FIR_2, i32 %p_ZL10H_accu_FIR_3, i32 %p_ZL10H_accu_FIR_4, i32 %p_ZL10H_accu_FIR_5, i32 %p_ZL10H_accu_FIR_6, i32 %p_ZL10H_accu_FIR_7, i32 %p_ZL10H_accu_FIR_8, i32 %p_ZL10H_accu_FIR_9, i32 %p_ZL10H_accu_FIR_10, i32 %p_ZL10H_accu_FIR_11, i32 %p_ZL10H_accu_FIR_12, i32 %p_ZL10H_accu_FIR_13, i32 %p_ZL10H_accu_FIR_14, i32 %p_ZL10H_accu_FIR_15, i32 %p_ZL10H_accu_FIR_16, i32 %p_ZL10H_accu_FIR_17, i32 %p_ZL10H_accu_FIR_18, i32 %p_ZL10H_accu_FIR_19, i32 %p_ZL10H_accu_FIR_20, i32 %p_ZL10H_accu_FIR_21, i32 %p_ZL10H_accu_FIR_22, i32 %p_ZL10H_accu_FIR_23, i32 %p_ZL10H_accu_FIR_24, i32 %p_ZL10H_accu_FIR_25, i32 %p_ZL10H_accu_FIR_26, i32 %p_ZL10H_accu_FIR_27, i32 %p_ZL10H_accu_FIR_28, i32 %p_ZL10H_accu_FIR_29, i32 %p_ZL10H_accu_FIR_30, i32 %p_ZL10H_accu_FIR_31, i32 %p_ZL10H_accu_FIR_32, i32 %p_ZL10H_accu_FIR_33, i32 %p_ZL10H_accu_FIR_34, i32 %p_ZL10H_accu_FIR_35, i32 %p_ZL10H_accu_FIR_36, i32 %p_ZL10H_accu_FIR_37, i32 %p_ZL10H_accu_FIR_38, i32 %p_ZL10H_accu_FIR_39, i32 %p_ZL10H_accu_FIR_40, i32 %p_ZL10H_accu_FIR_41, i32 %p_ZL10H_accu_FIR_42, i32 %p_ZL10H_accu_FIR_43, i32 %p_ZL10H_accu_FIR_44, i32 %p_ZL10H_accu_FIR_45, i32 %p_ZL10H_accu_FIR_46, i32 %p_ZL10H_accu_FIR_47, i32 %p_ZL10H_accu_FIR_48, i32 %p_ZL10H_accu_FIR_49, i32 %p_ZL10H_accu_FIR_50, i32 %p_ZL10H_accu_FIR_51, i32 %p_ZL10H_accu_FIR_52, i32 %p_ZL10H_accu_FIR_53, i32 %p_ZL10H_accu_FIR_54, i32 %p_ZL10H_accu_FIR_55, i32 %p_ZL10H_accu_FIR_56, i32 %p_ZL10H_accu_FIR_57, i32 %p_ZL10H_accu_FIR_58, i32 %p_ZL10H_accu_FIR_59, i32 %p_ZL10H_accu_FIR_60, i32 %p_ZL10H_accu_FIR_61, i32 %p_ZL10H_accu_FIR_62, i32 %p_ZL10H_accu_FIR_63, i32 %p_ZL10H_accu_FIR_64, i32 %p_ZL10H_accu_FIR_65, i32 %p_ZL10H_accu_FIR_66, i32 %p_ZL10H_accu_FIR_67, i32 %p_ZL10H_accu_FIR_68, i32 %p_ZL10H_accu_FIR_69, i32 %p_ZL10H_accu_FIR_70, i32 %p_ZL10H_accu_FIR_71, i32 %p_ZL10H_accu_FIR_72, i32 %p_ZL10H_accu_FIR_73, i32 %p_ZL10H_accu_FIR_74, i32 %p_ZL10H_accu_FIR_75, i32 %p_ZL10H_accu_FIR_76, i32 %p_ZL10H_accu_FIR_77, i32 %p_ZL10H_accu_FIR_78, i32 %p_ZL10H_accu_FIR_79, i32 %p_ZL10H_accu_FIR_80, i32 %p_ZL10H_accu_FIR_81, i32 %p_ZL10H_accu_FIR_82, i32 %p_ZL10H_accu_FIR_83, i32 %p_ZL10H_accu_FIR_84, i32 %p_ZL10H_accu_FIR_85, i32 %p_ZL10H_accu_FIR_86, i32 %p_ZL10H_accu_FIR_87, i32 %p_ZL10H_accu_FIR_88, i32 %p_ZL10H_accu_FIR_89, i32 %p_ZL10H_accu_FIR_90, i32 %p_ZL10H_accu_FIR_91, i32 %p_ZL10H_accu_FIR_92, i32 %p_ZL10H_accu_FIR_93, i32 %p_ZL10H_accu_FIR_94, i32 %p_ZL10H_accu_FIR_95, i32 %p_ZL10H_accu_FIR_96, i32 %p_ZL10H_accu_FIR_97, i32 %p_ZL10H_accu_FIR_98, i32 %p_ZL10H_accu_FIR_99, i32 %p_ZL10H_accu_FIR_100, i32 %p_ZL10H_accu_FIR_101, i32 %p_ZL10H_accu_FIR_102, i32 %p_ZL10H_accu_FIR_103, i32 %p_ZL10H_accu_FIR_104, i32 %p_ZL10H_accu_FIR_105, i31 %p_ZL10H_accu_FIR_106, i30 %p_ZL10H_accu_FIR_107, i29 %p_ZL10H_accu_FIR_108, i28 %p_ZL10H_accu_FIR_109, i27 %p_ZL10H_accu_FIR_110, i26 %p_ZL10H_accu_FIR_111, i26 %p_ZL10H_accu_FIR_112, i25 %p_ZL10H_accu_FIR_113, i25 %p_ZL10H_accu_FIR_114, i23 %p_ZL10H_accu_FIR_115" [FIR_HLS.cpp:34]   --->   Operation 169 'call' 'ref_tmp4' <Predicate = true> <Delay = 3.39> <CoreType = "Generic">   --->   Generic Core

State 15 <SV = 8> <Delay = 3.39>
ST_15 : Operation 170 [2/4] (3.39ns)   --->   "%ref_tmp4 = call i16 @FIR_filter_transposed, i16 %add_ln32_2, i32 %p_ZL10H_accu_FIR_0, i32 %p_ZL10H_accu_FIR_1, i32 %p_ZL10H_accu_FIR_2, i32 %p_ZL10H_accu_FIR_3, i32 %p_ZL10H_accu_FIR_4, i32 %p_ZL10H_accu_FIR_5, i32 %p_ZL10H_accu_FIR_6, i32 %p_ZL10H_accu_FIR_7, i32 %p_ZL10H_accu_FIR_8, i32 %p_ZL10H_accu_FIR_9, i32 %p_ZL10H_accu_FIR_10, i32 %p_ZL10H_accu_FIR_11, i32 %p_ZL10H_accu_FIR_12, i32 %p_ZL10H_accu_FIR_13, i32 %p_ZL10H_accu_FIR_14, i32 %p_ZL10H_accu_FIR_15, i32 %p_ZL10H_accu_FIR_16, i32 %p_ZL10H_accu_FIR_17, i32 %p_ZL10H_accu_FIR_18, i32 %p_ZL10H_accu_FIR_19, i32 %p_ZL10H_accu_FIR_20, i32 %p_ZL10H_accu_FIR_21, i32 %p_ZL10H_accu_FIR_22, i32 %p_ZL10H_accu_FIR_23, i32 %p_ZL10H_accu_FIR_24, i32 %p_ZL10H_accu_FIR_25, i32 %p_ZL10H_accu_FIR_26, i32 %p_ZL10H_accu_FIR_27, i32 %p_ZL10H_accu_FIR_28, i32 %p_ZL10H_accu_FIR_29, i32 %p_ZL10H_accu_FIR_30, i32 %p_ZL10H_accu_FIR_31, i32 %p_ZL10H_accu_FIR_32, i32 %p_ZL10H_accu_FIR_33, i32 %p_ZL10H_accu_FIR_34, i32 %p_ZL10H_accu_FIR_35, i32 %p_ZL10H_accu_FIR_36, i32 %p_ZL10H_accu_FIR_37, i32 %p_ZL10H_accu_FIR_38, i32 %p_ZL10H_accu_FIR_39, i32 %p_ZL10H_accu_FIR_40, i32 %p_ZL10H_accu_FIR_41, i32 %p_ZL10H_accu_FIR_42, i32 %p_ZL10H_accu_FIR_43, i32 %p_ZL10H_accu_FIR_44, i32 %p_ZL10H_accu_FIR_45, i32 %p_ZL10H_accu_FIR_46, i32 %p_ZL10H_accu_FIR_47, i32 %p_ZL10H_accu_FIR_48, i32 %p_ZL10H_accu_FIR_49, i32 %p_ZL10H_accu_FIR_50, i32 %p_ZL10H_accu_FIR_51, i32 %p_ZL10H_accu_FIR_52, i32 %p_ZL10H_accu_FIR_53, i32 %p_ZL10H_accu_FIR_54, i32 %p_ZL10H_accu_FIR_55, i32 %p_ZL10H_accu_FIR_56, i32 %p_ZL10H_accu_FIR_57, i32 %p_ZL10H_accu_FIR_58, i32 %p_ZL10H_accu_FIR_59, i32 %p_ZL10H_accu_FIR_60, i32 %p_ZL10H_accu_FIR_61, i32 %p_ZL10H_accu_FIR_62, i32 %p_ZL10H_accu_FIR_63, i32 %p_ZL10H_accu_FIR_64, i32 %p_ZL10H_accu_FIR_65, i32 %p_ZL10H_accu_FIR_66, i32 %p_ZL10H_accu_FIR_67, i32 %p_ZL10H_accu_FIR_68, i32 %p_ZL10H_accu_FIR_69, i32 %p_ZL10H_accu_FIR_70, i32 %p_ZL10H_accu_FIR_71, i32 %p_ZL10H_accu_FIR_72, i32 %p_ZL10H_accu_FIR_73, i32 %p_ZL10H_accu_FIR_74, i32 %p_ZL10H_accu_FIR_75, i32 %p_ZL10H_accu_FIR_76, i32 %p_ZL10H_accu_FIR_77, i32 %p_ZL10H_accu_FIR_78, i32 %p_ZL10H_accu_FIR_79, i32 %p_ZL10H_accu_FIR_80, i32 %p_ZL10H_accu_FIR_81, i32 %p_ZL10H_accu_FIR_82, i32 %p_ZL10H_accu_FIR_83, i32 %p_ZL10H_accu_FIR_84, i32 %p_ZL10H_accu_FIR_85, i32 %p_ZL10H_accu_FIR_86, i32 %p_ZL10H_accu_FIR_87, i32 %p_ZL10H_accu_FIR_88, i32 %p_ZL10H_accu_FIR_89, i32 %p_ZL10H_accu_FIR_90, i32 %p_ZL10H_accu_FIR_91, i32 %p_ZL10H_accu_FIR_92, i32 %p_ZL10H_accu_FIR_93, i32 %p_ZL10H_accu_FIR_94, i32 %p_ZL10H_accu_FIR_95, i32 %p_ZL10H_accu_FIR_96, i32 %p_ZL10H_accu_FIR_97, i32 %p_ZL10H_accu_FIR_98, i32 %p_ZL10H_accu_FIR_99, i32 %p_ZL10H_accu_FIR_100, i32 %p_ZL10H_accu_FIR_101, i32 %p_ZL10H_accu_FIR_102, i32 %p_ZL10H_accu_FIR_103, i32 %p_ZL10H_accu_FIR_104, i32 %p_ZL10H_accu_FIR_105, i31 %p_ZL10H_accu_FIR_106, i30 %p_ZL10H_accu_FIR_107, i29 %p_ZL10H_accu_FIR_108, i28 %p_ZL10H_accu_FIR_109, i27 %p_ZL10H_accu_FIR_110, i26 %p_ZL10H_accu_FIR_111, i26 %p_ZL10H_accu_FIR_112, i25 %p_ZL10H_accu_FIR_113, i25 %p_ZL10H_accu_FIR_114, i23 %p_ZL10H_accu_FIR_115" [FIR_HLS.cpp:34]   --->   Operation 170 'call' 'ref_tmp4' <Predicate = true> <Delay = 3.39> <CoreType = "Generic">   --->   Generic Core

State 16 <SV = 9> <Delay = 4.40>
ST_16 : Operation 171 [1/4] (1.01ns)   --->   "%ref_tmp4 = call i16 @FIR_filter_transposed, i16 %add_ln32_2, i32 %p_ZL10H_accu_FIR_0, i32 %p_ZL10H_accu_FIR_1, i32 %p_ZL10H_accu_FIR_2, i32 %p_ZL10H_accu_FIR_3, i32 %p_ZL10H_accu_FIR_4, i32 %p_ZL10H_accu_FIR_5, i32 %p_ZL10H_accu_FIR_6, i32 %p_ZL10H_accu_FIR_7, i32 %p_ZL10H_accu_FIR_8, i32 %p_ZL10H_accu_FIR_9, i32 %p_ZL10H_accu_FIR_10, i32 %p_ZL10H_accu_FIR_11, i32 %p_ZL10H_accu_FIR_12, i32 %p_ZL10H_accu_FIR_13, i32 %p_ZL10H_accu_FIR_14, i32 %p_ZL10H_accu_FIR_15, i32 %p_ZL10H_accu_FIR_16, i32 %p_ZL10H_accu_FIR_17, i32 %p_ZL10H_accu_FIR_18, i32 %p_ZL10H_accu_FIR_19, i32 %p_ZL10H_accu_FIR_20, i32 %p_ZL10H_accu_FIR_21, i32 %p_ZL10H_accu_FIR_22, i32 %p_ZL10H_accu_FIR_23, i32 %p_ZL10H_accu_FIR_24, i32 %p_ZL10H_accu_FIR_25, i32 %p_ZL10H_accu_FIR_26, i32 %p_ZL10H_accu_FIR_27, i32 %p_ZL10H_accu_FIR_28, i32 %p_ZL10H_accu_FIR_29, i32 %p_ZL10H_accu_FIR_30, i32 %p_ZL10H_accu_FIR_31, i32 %p_ZL10H_accu_FIR_32, i32 %p_ZL10H_accu_FIR_33, i32 %p_ZL10H_accu_FIR_34, i32 %p_ZL10H_accu_FIR_35, i32 %p_ZL10H_accu_FIR_36, i32 %p_ZL10H_accu_FIR_37, i32 %p_ZL10H_accu_FIR_38, i32 %p_ZL10H_accu_FIR_39, i32 %p_ZL10H_accu_FIR_40, i32 %p_ZL10H_accu_FIR_41, i32 %p_ZL10H_accu_FIR_42, i32 %p_ZL10H_accu_FIR_43, i32 %p_ZL10H_accu_FIR_44, i32 %p_ZL10H_accu_FIR_45, i32 %p_ZL10H_accu_FIR_46, i32 %p_ZL10H_accu_FIR_47, i32 %p_ZL10H_accu_FIR_48, i32 %p_ZL10H_accu_FIR_49, i32 %p_ZL10H_accu_FIR_50, i32 %p_ZL10H_accu_FIR_51, i32 %p_ZL10H_accu_FIR_52, i32 %p_ZL10H_accu_FIR_53, i32 %p_ZL10H_accu_FIR_54, i32 %p_ZL10H_accu_FIR_55, i32 %p_ZL10H_accu_FIR_56, i32 %p_ZL10H_accu_FIR_57, i32 %p_ZL10H_accu_FIR_58, i32 %p_ZL10H_accu_FIR_59, i32 %p_ZL10H_accu_FIR_60, i32 %p_ZL10H_accu_FIR_61, i32 %p_ZL10H_accu_FIR_62, i32 %p_ZL10H_accu_FIR_63, i32 %p_ZL10H_accu_FIR_64, i32 %p_ZL10H_accu_FIR_65, i32 %p_ZL10H_accu_FIR_66, i32 %p_ZL10H_accu_FIR_67, i32 %p_ZL10H_accu_FIR_68, i32 %p_ZL10H_accu_FIR_69, i32 %p_ZL10H_accu_FIR_70, i32 %p_ZL10H_accu_FIR_71, i32 %p_ZL10H_accu_FIR_72, i32 %p_ZL10H_accu_FIR_73, i32 %p_ZL10H_accu_FIR_74, i32 %p_ZL10H_accu_FIR_75, i32 %p_ZL10H_accu_FIR_76, i32 %p_ZL10H_accu_FIR_77, i32 %p_ZL10H_accu_FIR_78, i32 %p_ZL10H_accu_FIR_79, i32 %p_ZL10H_accu_FIR_80, i32 %p_ZL10H_accu_FIR_81, i32 %p_ZL10H_accu_FIR_82, i32 %p_ZL10H_accu_FIR_83, i32 %p_ZL10H_accu_FIR_84, i32 %p_ZL10H_accu_FIR_85, i32 %p_ZL10H_accu_FIR_86, i32 %p_ZL10H_accu_FIR_87, i32 %p_ZL10H_accu_FIR_88, i32 %p_ZL10H_accu_FIR_89, i32 %p_ZL10H_accu_FIR_90, i32 %p_ZL10H_accu_FIR_91, i32 %p_ZL10H_accu_FIR_92, i32 %p_ZL10H_accu_FIR_93, i32 %p_ZL10H_accu_FIR_94, i32 %p_ZL10H_accu_FIR_95, i32 %p_ZL10H_accu_FIR_96, i32 %p_ZL10H_accu_FIR_97, i32 %p_ZL10H_accu_FIR_98, i32 %p_ZL10H_accu_FIR_99, i32 %p_ZL10H_accu_FIR_100, i32 %p_ZL10H_accu_FIR_101, i32 %p_ZL10H_accu_FIR_102, i32 %p_ZL10H_accu_FIR_103, i32 %p_ZL10H_accu_FIR_104, i32 %p_ZL10H_accu_FIR_105, i31 %p_ZL10H_accu_FIR_106, i30 %p_ZL10H_accu_FIR_107, i29 %p_ZL10H_accu_FIR_108, i28 %p_ZL10H_accu_FIR_109, i27 %p_ZL10H_accu_FIR_110, i26 %p_ZL10H_accu_FIR_111, i26 %p_ZL10H_accu_FIR_112, i25 %p_ZL10H_accu_FIR_113, i25 %p_ZL10H_accu_FIR_114, i23 %p_ZL10H_accu_FIR_115" [FIR_HLS.cpp:34]   --->   Operation 171 'call' 'ref_tmp4' <Predicate = true> <Delay = 1.01> <CoreType = "Generic">   --->   Generic Core
ST_16 : Operation 172 [1/1] (0.00ns)   --->   "%store_ln34 = store i16 %ref_tmp4, i16 %y2" [FIR_HLS.cpp:34]   --->   Operation 172 'store' 'store_ln34' <Predicate = true> <Delay = 0.00>
ST_16 : Operation 173 [1/1] (0.00ns)   --->   "%p_ZL19H_filter_FIR_int_40_0_load = load i16 %p_ZL19H_filter_FIR_int_40_0" [FIR_HLS.cpp:35]   --->   Operation 173 'load' 'p_ZL19H_filter_FIR_int_40_0_load' <Predicate = true> <Delay = 0.00>
ST_16 : Operation 174 [1/1] (0.00ns)   --->   "%p_ZL19H_filter_FIR_int_40_1_load = load i16 %p_ZL19H_filter_FIR_int_40_1" [FIR_HLS.cpp:35]   --->   Operation 174 'load' 'p_ZL19H_filter_FIR_int_40_1_load' <Predicate = true> <Delay = 0.00>
ST_16 : Operation 175 [1/1] (0.00ns)   --->   "%p_ZL19H_filter_FIR_int_40_2_load = load i16 %p_ZL19H_filter_FIR_int_40_2" [FIR_HLS.cpp:35]   --->   Operation 175 'load' 'p_ZL19H_filter_FIR_int_40_2_load' <Predicate = true> <Delay = 0.00>
ST_16 : Operation 176 [1/1] (0.00ns)   --->   "%p_ZL19H_filter_FIR_int_40_3_load = load i16 %p_ZL19H_filter_FIR_int_40_3" [FIR_HLS.cpp:35]   --->   Operation 176 'load' 'p_ZL19H_filter_FIR_int_40_3_load' <Predicate = true> <Delay = 0.00>
ST_16 : Operation 177 [1/1] (0.00ns)   --->   "%p_ZL19H_filter_FIR_int_40_4_load = load i16 %p_ZL19H_filter_FIR_int_40_4" [FIR_HLS.cpp:35]   --->   Operation 177 'load' 'p_ZL19H_filter_FIR_int_40_4_load' <Predicate = true> <Delay = 0.00>
ST_16 : Operation 178 [7/7] (3.39ns)   --->   "%call_ret3 = call i96 @FIR_filter.1, i16 %p_ZL19H_filter_FIR_int_40_0_load, i16 %p_ZL19H_filter_FIR_int_40_1_load, i16 %p_ZL19H_filter_FIR_int_40_2_load, i16 %p_ZL19H_filter_FIR_int_40_3_load, i16 %p_ZL19H_filter_FIR_int_40_4_load, i16 %ref_tmp4" [FIR_HLS.cpp:35]   --->   Operation 178 'call' 'call_ret3' <Predicate = true> <Delay = 3.39> <CoreType = "Generic">   --->   Generic Core

State 17 <SV = 10> <Delay = 3.39>
ST_17 : Operation 179 [6/7] (3.39ns)   --->   "%call_ret3 = call i96 @FIR_filter.1, i16 %p_ZL19H_filter_FIR_int_40_0_load, i16 %p_ZL19H_filter_FIR_int_40_1_load, i16 %p_ZL19H_filter_FIR_int_40_2_load, i16 %p_ZL19H_filter_FIR_int_40_3_load, i16 %p_ZL19H_filter_FIR_int_40_4_load, i16 %ref_tmp4" [FIR_HLS.cpp:35]   --->   Operation 179 'call' 'call_ret3' <Predicate = true> <Delay = 3.39> <CoreType = "Generic">   --->   Generic Core

State 18 <SV = 11> <Delay = 3.39>
ST_18 : Operation 180 [5/7] (3.39ns)   --->   "%call_ret3 = call i96 @FIR_filter.1, i16 %p_ZL19H_filter_FIR_int_40_0_load, i16 %p_ZL19H_filter_FIR_int_40_1_load, i16 %p_ZL19H_filter_FIR_int_40_2_load, i16 %p_ZL19H_filter_FIR_int_40_3_load, i16 %p_ZL19H_filter_FIR_int_40_4_load, i16 %ref_tmp4" [FIR_HLS.cpp:35]   --->   Operation 180 'call' 'call_ret3' <Predicate = true> <Delay = 3.39> <CoreType = "Generic">   --->   Generic Core

State 19 <SV = 12> <Delay = 3.39>
ST_19 : Operation 181 [4/7] (3.39ns)   --->   "%call_ret3 = call i96 @FIR_filter.1, i16 %p_ZL19H_filter_FIR_int_40_0_load, i16 %p_ZL19H_filter_FIR_int_40_1_load, i16 %p_ZL19H_filter_FIR_int_40_2_load, i16 %p_ZL19H_filter_FIR_int_40_3_load, i16 %p_ZL19H_filter_FIR_int_40_4_load, i16 %ref_tmp4" [FIR_HLS.cpp:35]   --->   Operation 181 'call' 'call_ret3' <Predicate = true> <Delay = 3.39> <CoreType = "Generic">   --->   Generic Core

State 20 <SV = 13> <Delay = 3.39>
ST_20 : Operation 182 [3/7] (3.39ns)   --->   "%call_ret3 = call i96 @FIR_filter.1, i16 %p_ZL19H_filter_FIR_int_40_0_load, i16 %p_ZL19H_filter_FIR_int_40_1_load, i16 %p_ZL19H_filter_FIR_int_40_2_load, i16 %p_ZL19H_filter_FIR_int_40_3_load, i16 %p_ZL19H_filter_FIR_int_40_4_load, i16 %ref_tmp4" [FIR_HLS.cpp:35]   --->   Operation 182 'call' 'call_ret3' <Predicate = true> <Delay = 3.39> <CoreType = "Generic">   --->   Generic Core

State 21 <SV = 14> <Delay = 3.39>
ST_21 : Operation 183 [2/7] (3.39ns)   --->   "%call_ret3 = call i96 @FIR_filter.1, i16 %p_ZL19H_filter_FIR_int_40_0_load, i16 %p_ZL19H_filter_FIR_int_40_1_load, i16 %p_ZL19H_filter_FIR_int_40_2_load, i16 %p_ZL19H_filter_FIR_int_40_3_load, i16 %p_ZL19H_filter_FIR_int_40_4_load, i16 %ref_tmp4" [FIR_HLS.cpp:35]   --->   Operation 183 'call' 'call_ret3' <Predicate = true> <Delay = 3.39> <CoreType = "Generic">   --->   Generic Core

State 22 <SV = 15> <Delay = 1.09>
ST_22 : Operation 184 [1/7] (0.64ns)   --->   "%call_ret3 = call i96 @FIR_filter.1, i16 %p_ZL19H_filter_FIR_int_40_0_load, i16 %p_ZL19H_filter_FIR_int_40_1_load, i16 %p_ZL19H_filter_FIR_int_40_2_load, i16 %p_ZL19H_filter_FIR_int_40_3_load, i16 %p_ZL19H_filter_FIR_int_40_4_load, i16 %ref_tmp4" [FIR_HLS.cpp:35]   --->   Operation 184 'call' 'call_ret3' <Predicate = true> <Delay = 0.64> <CoreType = "Generic">   --->   Generic Core
ST_22 : Operation 185 [1/1] (0.00ns)   --->   "%newret = extractvalue i96 %call_ret3" [FIR_HLS.cpp:35]   --->   Operation 185 'extractvalue' 'newret' <Predicate = true> <Delay = 0.00>
ST_22 : Operation 186 [1/1] (0.00ns)   --->   "%newret17 = extractvalue i96 %call_ret3" [FIR_HLS.cpp:35]   --->   Operation 186 'extractvalue' 'newret17' <Predicate = true> <Delay = 0.00>
ST_22 : Operation 187 [1/1] (0.00ns)   --->   "%newret18 = extractvalue i96 %call_ret3" [FIR_HLS.cpp:35]   --->   Operation 187 'extractvalue' 'newret18' <Predicate = true> <Delay = 0.00>
ST_22 : Operation 188 [1/1] (0.00ns)   --->   "%newret19 = extractvalue i96 %call_ret3" [FIR_HLS.cpp:35]   --->   Operation 188 'extractvalue' 'newret19' <Predicate = true> <Delay = 0.00>
ST_22 : Operation 189 [1/1] (0.00ns)   --->   "%newret20 = extractvalue i96 %call_ret3" [FIR_HLS.cpp:35]   --->   Operation 189 'extractvalue' 'newret20' <Predicate = true> <Delay = 0.00>
ST_22 : Operation 190 [1/1] (0.00ns)   --->   "%newret21 = extractvalue i96 %call_ret3" [FIR_HLS.cpp:35]   --->   Operation 190 'extractvalue' 'newret21' <Predicate = true> <Delay = 0.00>
ST_22 : Operation 191 [1/1] (0.00ns)   --->   "%store_ln35 = store i16 %newret17, i16 %p_ZL19H_filter_FIR_int_40_0" [FIR_HLS.cpp:35]   --->   Operation 191 'store' 'store_ln35' <Predicate = true> <Delay = 0.00>
ST_22 : Operation 192 [1/1] (0.00ns)   --->   "%store_ln35 = store i16 %newret18, i16 %p_ZL19H_filter_FIR_int_40_1" [FIR_HLS.cpp:35]   --->   Operation 192 'store' 'store_ln35' <Predicate = true> <Delay = 0.00>
ST_22 : Operation 193 [1/1] (0.00ns)   --->   "%store_ln35 = store i16 %newret19, i16 %p_ZL19H_filter_FIR_int_40_2" [FIR_HLS.cpp:35]   --->   Operation 193 'store' 'store_ln35' <Predicate = true> <Delay = 0.00>
ST_22 : Operation 194 [1/1] (0.00ns)   --->   "%store_ln35 = store i16 %newret20, i16 %p_ZL19H_filter_FIR_int_40_3" [FIR_HLS.cpp:35]   --->   Operation 194 'store' 'store_ln35' <Predicate = true> <Delay = 0.00>
ST_22 : Operation 195 [1/1] (0.00ns)   --->   "%store_ln35 = store i16 %newret21, i16 %p_ZL19H_filter_FIR_int_40_4" [FIR_HLS.cpp:35]   --->   Operation 195 'store' 'store_ln35' <Predicate = true> <Delay = 0.00>
ST_22 : Operation 196 [1/1] (0.00ns)   --->   "%shl_ln35 = shl i16 %newret, i16 2" [FIR_HLS.cpp:35]   --->   Operation 196 'shl' 'shl_ln35' <Predicate = true> <Delay = 0.00>
ST_22 : Operation 197 [2/2] (0.45ns)   --->   "%write_ln35 = write void @_ssdm_op_Write.axis.volatile.i16P128A, i16 %output_r, i16 %shl_ln35" [FIR_HLS.cpp:35]   --->   Operation 197 'write' 'write_ln35' <Predicate = true> <Delay = 0.45> <CoreInst = "regslice">   --->   Core 147 'regslice' <Latency = 0> <II = 1> <Delay = 0.59> <Adapter> <Opcode : 'read' 'write'>

State 23 <SV = 16> <Delay = 0.52>
ST_23 : Operation 198 [1/2] (0.45ns)   --->   "%write_ln35 = write void @_ssdm_op_Write.axis.volatile.i16P128A, i16 %output_r, i16 %shl_ln35" [FIR_HLS.cpp:35]   --->   Operation 198 'write' 'write_ln35' <Predicate = (mod_value_load == 0)> <Delay = 0.45> <CoreInst = "regslice">   --->   Core 147 'regslice' <Latency = 0> <II = 1> <Delay = 0.59> <Adapter> <Opcode : 'read' 'write'>
ST_23 : Operation 199 [1/1] (0.52ns)   --->   "%br_ln37 = br void %if.end37" [FIR_HLS.cpp:37]   --->   Operation 199 'br' 'br_ln37' <Predicate = (mod_value_load == 0)> <Delay = 0.52>
ST_23 : Operation 200 [1/1] (0.00ns)   --->   "%storemerge2 = phi i2 1, void %if.then, i2 2, void %if.then12, i2 0, void %if.else29, i2 3, void %if.then22"   --->   Operation 200 'phi' 'storemerge2' <Predicate = true> <Delay = 0.00>
ST_23 : Operation 201 [1/1] (0.00ns)   --->   "%store_ln0 = store i2 %storemerge2, i2 %mod_value"   --->   Operation 201 'store' 'store_ln0' <Predicate = true> <Delay = 0.00>
ST_23 : Operation 202 [1/1] (0.00ns)   --->   "%ret_ln55 = ret" [FIR_HLS.cpp:55]   --->   Operation 202 'ret' 'ret_ln55' <Predicate = true> <Delay = 0.00>

State 24 <SV = 1> <Delay = 3.02>
ST_24 : Operation 203 [5/6] (3.02ns)   --->   "%call_ret = call i80 @FIR_filter, i16 %p_ZL19H_filter_FIR_dec_41_0_load, i16 %p_ZL19H_filter_FIR_dec_41_1_load, i16 %p_ZL19H_filter_FIR_dec_41_2_load, i16 %p_ZL19H_filter_FIR_dec_41_3_load, i10 247, i13 7105, i14 7338, i13 2100, i10 562, i16 %input_r_read" [FIR_HLS.cpp:50]   --->   Operation 203 'call' 'call_ret' <Predicate = true> <Delay = 3.02> <CoreType = "Generic">   --->   Generic Core
ST_24 : Operation 204 [5/6] (3.02ns)   --->   "%call_ret1 = call i80 @FIR_filter, i16 %p_ZL19H_filter_FIR_int_43_0_load, i16 %p_ZL19H_filter_FIR_int_43_1_load, i16 %p_ZL19H_filter_FIR_int_43_2_load, i16 %p_ZL19H_filter_FIR_int_43_3_load, i10 562, i13 2100, i14 7338, i13 7105, i10 247, i16 %y2_load" [FIR_HLS.cpp:51]   --->   Operation 204 'call' 'call_ret1' <Predicate = true> <Delay = 3.02> <CoreType = "Generic">   --->   Generic Core

State 25 <SV = 2> <Delay = 3.02>
ST_25 : Operation 205 [4/6] (3.02ns)   --->   "%call_ret = call i80 @FIR_filter, i16 %p_ZL19H_filter_FIR_dec_41_0_load, i16 %p_ZL19H_filter_FIR_dec_41_1_load, i16 %p_ZL19H_filter_FIR_dec_41_2_load, i16 %p_ZL19H_filter_FIR_dec_41_3_load, i10 247, i13 7105, i14 7338, i13 2100, i10 562, i16 %input_r_read" [FIR_HLS.cpp:50]   --->   Operation 205 'call' 'call_ret' <Predicate = true> <Delay = 3.02> <CoreType = "Generic">   --->   Generic Core
ST_25 : Operation 206 [4/6] (3.02ns)   --->   "%call_ret1 = call i80 @FIR_filter, i16 %p_ZL19H_filter_FIR_int_43_0_load, i16 %p_ZL19H_filter_FIR_int_43_1_load, i16 %p_ZL19H_filter_FIR_int_43_2_load, i16 %p_ZL19H_filter_FIR_int_43_3_load, i10 562, i13 2100, i14 7338, i13 7105, i10 247, i16 %y2_load" [FIR_HLS.cpp:51]   --->   Operation 206 'call' 'call_ret1' <Predicate = true> <Delay = 3.02> <CoreType = "Generic">   --->   Generic Core

State 26 <SV = 3> <Delay = 3.02>
ST_26 : Operation 207 [3/6] (3.02ns)   --->   "%call_ret = call i80 @FIR_filter, i16 %p_ZL19H_filter_FIR_dec_41_0_load, i16 %p_ZL19H_filter_FIR_dec_41_1_load, i16 %p_ZL19H_filter_FIR_dec_41_2_load, i16 %p_ZL19H_filter_FIR_dec_41_3_load, i10 247, i13 7105, i14 7338, i13 2100, i10 562, i16 %input_r_read" [FIR_HLS.cpp:50]   --->   Operation 207 'call' 'call_ret' <Predicate = true> <Delay = 3.02> <CoreType = "Generic">   --->   Generic Core
ST_26 : Operation 208 [3/6] (3.02ns)   --->   "%call_ret1 = call i80 @FIR_filter, i16 %p_ZL19H_filter_FIR_int_43_0_load, i16 %p_ZL19H_filter_FIR_int_43_1_load, i16 %p_ZL19H_filter_FIR_int_43_2_load, i16 %p_ZL19H_filter_FIR_int_43_3_load, i10 562, i13 2100, i14 7338, i13 7105, i10 247, i16 %y2_load" [FIR_HLS.cpp:51]   --->   Operation 208 'call' 'call_ret1' <Predicate = true> <Delay = 3.02> <CoreType = "Generic">   --->   Generic Core

State 27 <SV = 4> <Delay = 3.02>
ST_27 : Operation 209 [2/6] (3.02ns)   --->   "%call_ret = call i80 @FIR_filter, i16 %p_ZL19H_filter_FIR_dec_41_0_load, i16 %p_ZL19H_filter_FIR_dec_41_1_load, i16 %p_ZL19H_filter_FIR_dec_41_2_load, i16 %p_ZL19H_filter_FIR_dec_41_3_load, i10 247, i13 7105, i14 7338, i13 2100, i10 562, i16 %input_r_read" [FIR_HLS.cpp:50]   --->   Operation 209 'call' 'call_ret' <Predicate = true> <Delay = 3.02> <CoreType = "Generic">   --->   Generic Core
ST_27 : Operation 210 [2/6] (3.02ns)   --->   "%call_ret1 = call i80 @FIR_filter, i16 %p_ZL19H_filter_FIR_int_43_0_load, i16 %p_ZL19H_filter_FIR_int_43_1_load, i16 %p_ZL19H_filter_FIR_int_43_2_load, i16 %p_ZL19H_filter_FIR_int_43_3_load, i10 562, i13 2100, i14 7338, i13 7105, i10 247, i16 %y2_load" [FIR_HLS.cpp:51]   --->   Operation 210 'call' 'call_ret1' <Predicate = true> <Delay = 3.02> <CoreType = "Generic">   --->   Generic Core

State 28 <SV = 5> <Delay = 2.09>
ST_28 : Operation 211 [1/6] (1.64ns)   --->   "%call_ret = call i80 @FIR_filter, i16 %p_ZL19H_filter_FIR_dec_41_0_load, i16 %p_ZL19H_filter_FIR_dec_41_1_load, i16 %p_ZL19H_filter_FIR_dec_41_2_load, i16 %p_ZL19H_filter_FIR_dec_41_3_load, i10 247, i13 7105, i14 7338, i13 2100, i10 562, i16 %input_r_read" [FIR_HLS.cpp:50]   --->   Operation 211 'call' 'call_ret' <Predicate = true> <Delay = 1.64> <CoreType = "Generic">   --->   Generic Core
ST_28 : Operation 212 [1/1] (0.00ns)   --->   "%newret1 = extractvalue i80 %call_ret" [FIR_HLS.cpp:50]   --->   Operation 212 'extractvalue' 'newret1' <Predicate = true> <Delay = 0.00>
ST_28 : Operation 213 [1/1] (0.00ns)   --->   "%newret2 = extractvalue i80 %call_ret" [FIR_HLS.cpp:50]   --->   Operation 213 'extractvalue' 'newret2' <Predicate = true> <Delay = 0.00>
ST_28 : Operation 214 [1/1] (0.00ns)   --->   "%newret3 = extractvalue i80 %call_ret" [FIR_HLS.cpp:50]   --->   Operation 214 'extractvalue' 'newret3' <Predicate = true> <Delay = 0.00>
ST_28 : Operation 215 [1/1] (0.00ns)   --->   "%newret4 = extractvalue i80 %call_ret" [FIR_HLS.cpp:50]   --->   Operation 215 'extractvalue' 'newret4' <Predicate = true> <Delay = 0.00>
ST_28 : Operation 216 [1/1] (0.00ns)   --->   "%newret5 = extractvalue i80 %call_ret" [FIR_HLS.cpp:50]   --->   Operation 216 'extractvalue' 'newret5' <Predicate = true> <Delay = 0.00>
ST_28 : Operation 217 [1/1] (0.00ns)   --->   "%store_ln50 = store i16 %newret2, i16 %p_ZL19H_filter_FIR_dec_41_0" [FIR_HLS.cpp:50]   --->   Operation 217 'store' 'store_ln50' <Predicate = true> <Delay = 0.00>
ST_28 : Operation 218 [1/1] (0.00ns)   --->   "%store_ln50 = store i16 %newret3, i16 %p_ZL19H_filter_FIR_dec_41_1" [FIR_HLS.cpp:50]   --->   Operation 218 'store' 'store_ln50' <Predicate = true> <Delay = 0.00>
ST_28 : Operation 219 [1/1] (0.00ns)   --->   "%store_ln50 = store i16 %newret4, i16 %p_ZL19H_filter_FIR_dec_41_2" [FIR_HLS.cpp:50]   --->   Operation 219 'store' 'store_ln50' <Predicate = true> <Delay = 0.00>
ST_28 : Operation 220 [1/1] (0.00ns)   --->   "%store_ln50 = store i16 %newret5, i16 %p_ZL19H_filter_FIR_dec_41_3" [FIR_HLS.cpp:50]   --->   Operation 220 'store' 'store_ln50' <Predicate = true> <Delay = 0.00>
ST_28 : Operation 221 [1/1] (0.00ns)   --->   "%store_ln50 = store i16 %newret1, i16 %y1_phase3" [FIR_HLS.cpp:50]   --->   Operation 221 'store' 'store_ln50' <Predicate = true> <Delay = 0.00>
ST_28 : Operation 222 [1/6] (1.64ns)   --->   "%call_ret1 = call i80 @FIR_filter, i16 %p_ZL19H_filter_FIR_int_43_0_load, i16 %p_ZL19H_filter_FIR_int_43_1_load, i16 %p_ZL19H_filter_FIR_int_43_2_load, i16 %p_ZL19H_filter_FIR_int_43_3_load, i10 562, i13 2100, i14 7338, i13 7105, i10 247, i16 %y2_load" [FIR_HLS.cpp:51]   --->   Operation 222 'call' 'call_ret1' <Predicate = true> <Delay = 1.64> <CoreType = "Generic">   --->   Generic Core
ST_28 : Operation 223 [1/1] (0.00ns)   --->   "%newret6 = extractvalue i80 %call_ret1" [FIR_HLS.cpp:51]   --->   Operation 223 'extractvalue' 'newret6' <Predicate = true> <Delay = 0.00>
ST_28 : Operation 224 [1/1] (0.00ns)   --->   "%newret7 = extractvalue i80 %call_ret1" [FIR_HLS.cpp:51]   --->   Operation 224 'extractvalue' 'newret7' <Predicate = true> <Delay = 0.00>
ST_28 : Operation 225 [1/1] (0.00ns)   --->   "%newret8 = extractvalue i80 %call_ret1" [FIR_HLS.cpp:51]   --->   Operation 225 'extractvalue' 'newret8' <Predicate = true> <Delay = 0.00>
ST_28 : Operation 226 [1/1] (0.00ns)   --->   "%newret9 = extractvalue i80 %call_ret1" [FIR_HLS.cpp:51]   --->   Operation 226 'extractvalue' 'newret9' <Predicate = true> <Delay = 0.00>
ST_28 : Operation 227 [1/1] (0.00ns)   --->   "%newret10 = extractvalue i80 %call_ret1" [FIR_HLS.cpp:51]   --->   Operation 227 'extractvalue' 'newret10' <Predicate = true> <Delay = 0.00>
ST_28 : Operation 228 [1/1] (0.00ns)   --->   "%store_ln51 = store i16 %newret7, i16 %p_ZL19H_filter_FIR_int_43_0" [FIR_HLS.cpp:51]   --->   Operation 228 'store' 'store_ln51' <Predicate = true> <Delay = 0.00>
ST_28 : Operation 229 [1/1] (0.00ns)   --->   "%store_ln51 = store i16 %newret8, i16 %p_ZL19H_filter_FIR_int_43_1" [FIR_HLS.cpp:51]   --->   Operation 229 'store' 'store_ln51' <Predicate = true> <Delay = 0.00>
ST_28 : Operation 230 [1/1] (0.00ns)   --->   "%store_ln51 = store i16 %newret9, i16 %p_ZL19H_filter_FIR_int_43_2" [FIR_HLS.cpp:51]   --->   Operation 230 'store' 'store_ln51' <Predicate = true> <Delay = 0.00>
ST_28 : Operation 231 [1/1] (0.00ns)   --->   "%store_ln51 = store i16 %newret10, i16 %p_ZL19H_filter_FIR_int_43_3" [FIR_HLS.cpp:51]   --->   Operation 231 'store' 'store_ln51' <Predicate = true> <Delay = 0.00>
ST_28 : Operation 232 [1/1] (0.00ns)   --->   "%shl_ln51 = shl i16 %newret6, i16 2" [FIR_HLS.cpp:51]   --->   Operation 232 'shl' 'shl_ln51' <Predicate = true> <Delay = 0.00>
ST_28 : Operation 233 [2/2] (0.45ns)   --->   "%write_ln51 = write void @_ssdm_op_Write.axis.volatile.i16P128A, i16 %output_r, i16 %shl_ln51" [FIR_HLS.cpp:51]   --->   Operation 233 'write' 'write_ln51' <Predicate = true> <Delay = 0.45> <CoreInst = "regslice">   --->   Core 147 'regslice' <Latency = 0> <II = 1> <Delay = 0.59> <Adapter> <Opcode : 'read' 'write'>

State 29 <SV = 6> <Delay = 0.52>
ST_29 : Operation 234 [1/2] (0.45ns)   --->   "%write_ln51 = write void @_ssdm_op_Write.axis.volatile.i16P128A, i16 %output_r, i16 %shl_ln51" [FIR_HLS.cpp:51]   --->   Operation 234 'write' 'write_ln51' <Predicate = true> <Delay = 0.45> <CoreInst = "regslice">   --->   Core 147 'regslice' <Latency = 0> <II = 1> <Delay = 0.59> <Adapter> <Opcode : 'read' 'write'>
ST_29 : Operation 235 [1/1] (0.52ns)   --->   "%br_ln0 = br void %if.end37"   --->   Operation 235 'br' 'br_ln0' <Predicate = true> <Delay = 0.52>


============================================================
+ Verbose Summary: Timing violations
============================================================
Target clock period: 10.000ns, clock uncertainty: 2.700ns.

 <State 1>: 4.019ns
The critical path consists of the following:
	'load' operation 2 bit ('mod_value_load', FIR_HLS.cpp:29) on static variable 'mod_value' [164]  (0.000 ns)
	axis read operation ('input_r_read_1', FIR_HLS.cpp:30) on port 'input_r' (FIR_HLS.cpp:30) [236]  (0.079 ns)
	'call' operation 96 bit ('call_ret2', FIR_HLS.cpp:30) to 'FIR_filter.1' [242]  (3.392 ns)
	blocking operation 0.548 ns on control path)

 <State 2>: 3.025ns
The critical path consists of the following:
	'call' operation 80 bit ('call_ret6', FIR_HLS.cpp:44) to 'FIR_filter' [173]  (3.025 ns)

 <State 3>: 3.025ns
The critical path consists of the following:
	'call' operation 80 bit ('call_ret4', FIR_HLS.cpp:39) to 'FIR_filter' [207]  (3.025 ns)

 <State 4>: 3.025ns
The critical path consists of the following:
	'call' operation 80 bit ('call_ret6', FIR_HLS.cpp:44) to 'FIR_filter' [173]  (3.025 ns)

 <State 5>: 3.025ns
The critical path consists of the following:
	'call' operation 80 bit ('call_ret4', FIR_HLS.cpp:39) to 'FIR_filter' [207]  (3.025 ns)

 <State 6>: 2.094ns
The critical path consists of the following:
	'call' operation 80 bit ('call_ret7', FIR_HLS.cpp:45) to 'FIR_filter' [188]  (1.641 ns)
	'shl' operation 16 bit ('shl_ln45', FIR_HLS.cpp:45) [198]  (0.000 ns)
	axis write operation ('write_ln45', FIR_HLS.cpp:45) on port 'output_r' (FIR_HLS.cpp:45) [199]  (0.453 ns)

 <State 7>: 0.525ns
The critical path consists of the following:
	multiplexor before 'phi' operation 2 bit ('storemerge2') [317]  (0.525 ns)

 <State 8>: 3.392ns
The critical path consists of the following:
	'call' operation 96 bit ('call_ret2', FIR_HLS.cpp:30) to 'FIR_filter.1' [242]  (3.392 ns)

 <State 9>: 3.392ns
The critical path consists of the following:
	'call' operation 96 bit ('call_ret2', FIR_HLS.cpp:30) to 'FIR_filter.1' [242]  (3.392 ns)

 <State 10>: 3.392ns
The critical path consists of the following:
	'call' operation 96 bit ('call_ret2', FIR_HLS.cpp:30) to 'FIR_filter.1' [242]  (3.392 ns)

 <State 11>: 3.392ns
The critical path consists of the following:
	'call' operation 96 bit ('call_ret2', FIR_HLS.cpp:30) to 'FIR_filter.1' [242]  (3.392 ns)

 <State 12>: 3.392ns
The critical path consists of the following:
	'call' operation 96 bit ('call_ret2', FIR_HLS.cpp:30) to 'FIR_filter.1' [242]  (3.392 ns)

 <State 13>: 3.181ns
The critical path consists of the following:
	'call' operation 96 bit ('call_ret2', FIR_HLS.cpp:30) to 'FIR_filter.1' [242]  (0.645 ns)
	'add' operation 16 bit ('add_ln32_1', FIR_HLS.cpp:32) [258]  (0.853 ns)
	'add' operation 16 bit ('add_ln32_2', FIR_HLS.cpp:32) [259]  (0.687 ns)
	'call' operation 16 bit ('ref_tmp4', FIR_HLS.cpp:34) to 'FIR_filter_transposed' [260]  (0.996 ns)

 <State 14>: 3.396ns
The critical path consists of the following:
	'call' operation 16 bit ('ref_tmp4', FIR_HLS.cpp:34) to 'FIR_filter_transposed' [260]  (3.396 ns)

 <State 15>: 3.396ns
The critical path consists of the following:
	'call' operation 16 bit ('ref_tmp4', FIR_HLS.cpp:34) to 'FIR_filter_transposed' [260]  (3.396 ns)

 <State 16>: 4.408ns
The critical path consists of the following:
	'call' operation 16 bit ('ref_tmp4', FIR_HLS.cpp:34) to 'FIR_filter_transposed' [260]  (1.016 ns)
	'call' operation 96 bit ('call_ret3', FIR_HLS.cpp:35) to 'FIR_filter.1' [267]  (3.392 ns)

 <State 17>: 3.392ns
The critical path consists of the following:
	'call' operation 96 bit ('call_ret3', FIR_HLS.cpp:35) to 'FIR_filter.1' [267]  (3.392 ns)

 <State 18>: 3.392ns
The critical path consists of the following:
	'call' operation 96 bit ('call_ret3', FIR_HLS.cpp:35) to 'FIR_filter.1' [267]  (3.392 ns)

 <State 19>: 3.392ns
The critical path consists of the following:
	'call' operation 96 bit ('call_ret3', FIR_HLS.cpp:35) to 'FIR_filter.1' [267]  (3.392 ns)

 <State 20>: 3.392ns
The critical path consists of the following:
	'call' operation 96 bit ('call_ret3', FIR_HLS.cpp:35) to 'FIR_filter.1' [267]  (3.392 ns)

 <State 21>: 3.392ns
The critical path consists of the following:
	'call' operation 96 bit ('call_ret3', FIR_HLS.cpp:35) to 'FIR_filter.1' [267]  (3.392 ns)

 <State 22>: 1.098ns
The critical path consists of the following:
	'call' operation 96 bit ('call_ret3', FIR_HLS.cpp:35) to 'FIR_filter.1' [267]  (0.645 ns)
	'shl' operation 16 bit ('shl_ln35', FIR_HLS.cpp:35) [279]  (0.000 ns)
	axis write operation ('write_ln35', FIR_HLS.cpp:35) on port 'output_r' (FIR_HLS.cpp:35) [280]  (0.453 ns)

 <State 23>: 0.525ns
The critical path consists of the following:
	multiplexor before 'phi' operation 2 bit ('storemerge2') [317]  (0.525 ns)
	'phi' operation 2 bit ('storemerge2') [317]  (0.000 ns)

 <State 24>: 3.025ns
The critical path consists of the following:
	'call' operation 80 bit ('call_ret', FIR_HLS.cpp:50) to 'FIR_filter' [288]  (3.025 ns)

 <State 25>: 3.025ns
The critical path consists of the following:
	'call' operation 80 bit ('call_ret', FIR_HLS.cpp:50) to 'FIR_filter' [288]  (3.025 ns)

 <State 26>: 3.025ns
The critical path consists of the following:
	'call' operation 80 bit ('call_ret', FIR_HLS.cpp:50) to 'FIR_filter' [288]  (3.025 ns)

 <State 27>: 3.025ns
The critical path consists of the following:
	'call' operation 80 bit ('call_ret', FIR_HLS.cpp:50) to 'FIR_filter' [288]  (3.025 ns)

 <State 28>: 2.094ns
The critical path consists of the following:
	'call' operation 80 bit ('call_ret1', FIR_HLS.cpp:51) to 'FIR_filter' [303]  (1.641 ns)
	'shl' operation 16 bit ('shl_ln51', FIR_HLS.cpp:51) [313]  (0.000 ns)
	axis write operation ('write_ln51', FIR_HLS.cpp:51) on port 'output_r' (FIR_HLS.cpp:51) [314]  (0.453 ns)

 <State 29>: 0.525ns
The critical path consists of the following:
	multiplexor before 'phi' operation 2 bit ('storemerge2') [317]  (0.525 ns)


============================================================
+ Verbose Summary: Binding
============================================================
N/A
* FSMD analyzer results:
  - Output states:
 - Input state : 
  - Chain level:
	State 1
	State 2
	State 3
	State 4
	State 5
	State 6
	State 7
	State 8
	State 9
	State 10
	State 11
	State 12
	State 13
	State 14
	State 15
	State 16
	State 17
	State 18
	State 19
	State 20
	State 21
	State 22
	State 23
	State 24
	State 25
	State 26
	State 27
	State 28
	State 29


============================================================
+ Verbose Summary: Datapath Resource usage 
============================================================
N/A
