  **** HLS Build v2024.2 5238294
INFO: [HLS 200-2005] Using work_dir C:/HLS-multirate-DSP/HLS_Multirate/FIR_Halfband_v1/FIR_Halfband_v1 
INFO: [HLS 200-1505] Using default flow_target 'vivado'
Resolution: For help on HLS 200-1505 see docs.xilinx.com/access/sources/dita/topic?Doc_Version=2024.2%20English&url=ug1448-hls-guidance&resourceid=200-1505.html
INFO: [HLS 200-1465] Applying ini 'syn.file=FIR_HLS.cpp' from C:/HLS-multirate-DSP/HLS_Multirate/FIR_Halfband_v1/hls_config.cfg(7)
INFO: [HLS 200-10] Adding design file 'C:/HLS-multirate-DSP/HLS_Multirate/FIR_Halfband_v1/FIR_HLS.cpp' to the project
INFO: [HLS 200-1465] Applying ini 'syn.file=FIR_HLS.h' from C:/HLS-multirate-DSP/HLS_Multirate/FIR_Halfband_v1/hls_config.cfg(8)
INFO: [HLS 200-10] Adding design file 'C:/HLS-multirate-DSP/HLS_Multirate/FIR_Halfband_v1/FIR_HLS.h' to the project
INFO: [HLS 200-1465] Applying ini 'syn.file=../../Matlab/FIR_halfband_HLS.h' from C:/HLS-multirate-DSP/HLS_Multirate/FIR_Halfband_v1/hls_config.cfg(9)
INFO: [HLS 200-10] Adding design file 'C:/HLS-multirate-DSP/Matlab/FIR_halfband_HLS.h' to the project
INFO: [HLS 200-1465] Applying ini 'tb.file=FIR_HLS_TB.cpp' from C:/HLS-multirate-DSP/HLS_Multirate/FIR_Halfband_v1/hls_config.cfg(10)
INFO: [HLS 200-10] Adding test bench file 'C:/HLS-multirate-DSP/HLS_Multirate/FIR_Halfband_v1/FIR_HLS_TB.cpp' to the project
INFO: [HLS 200-1465] Applying ini 'tb.file=../../Matlab/TS_HLS_halfband.res' from C:/HLS-multirate-DSP/HLS_Multirate/FIR_Halfband_v1/hls_config.cfg(11)
INFO: [HLS 200-10] Adding test bench file 'C:/HLS-multirate-DSP/Matlab/TS_HLS_halfband.res' to the project
INFO: [HLS 200-1465] Applying ini 'tb.file=../../Matlab/TS_HLS_halfband.dat' from C:/HLS-multirate-DSP/HLS_Multirate/FIR_Halfband_v1/hls_config.cfg(12)
INFO: [HLS 200-10] Adding test bench file 'C:/HLS-multirate-DSP/Matlab/TS_HLS_halfband.dat' to the project
INFO: [HLS 200-1465] Applying ini 'syn.top=FIR_Halfband_v1' from C:/HLS-multirate-DSP/HLS_Multirate/FIR_Halfband_v1/hls_config.cfg(13)
INFO: [HLS 200-1465] Applying ini 'flow_target=vivado' from C:/HLS-multirate-DSP/HLS_Multirate/FIR_Halfband_v1/hls_config.cfg(4)
INFO: [HLS 200-1505] Using flow_target 'vivado'
Resolution: For help on HLS 200-1505 see docs.xilinx.com/access/sources/dita/topic?Doc_Version=2024.2%20English&url=ug1448-hls-guidance&resourceid=200-1505.html
INFO: [HLS 200-1465] Applying ini 'part=xck26-sfvc784-2LV-c' from C:/HLS-multirate-DSP/HLS_Multirate/FIR_Halfband_v1/hls_config.cfg(1)
INFO: [HLS 200-1611] Setting target device to 'xck26-sfvc784-2LV-c'
INFO: [HLS 200-1465] Applying ini 'package.ip.display_name=FIR_Halfband_v1' from C:/HLS-multirate-DSP/HLS_Multirate/FIR_Halfband_v1/hls_config.cfg(14)
INFO: [HLS 200-1465] Applying ini 'package.output.format=ip_catalog' from C:/HLS-multirate-DSP/HLS_Multirate/FIR_Halfband_v1/hls_config.cfg(5)
INFO: [SIM 211-2] *************** CSIM start ***************
INFO: [SIM 211-4] CSIM will launch CLANG as the compiler.
INFO: [HLS 200-2036] Building debug C Simulation binaries
   Compiling ../../../../FIR_HLS.cpp in debug mode
   Generating csim.exe
In file included from ../../../../FIR_HLS.cpp:1:
In file included from ../../../../FIR_HLS.h:2:
In file included from C:/AMD/Vitis/2024.2/include/ap_fixed.h:9:
In file included from C:/AMD/Vitis/2024.2/include/etc/ap_common.h:658:
In file included from C:/AMD/Vitis/2024.2/include/etc/ap_private.h:68:
In file included from C:/AMD/Vitis/2024.2/include/hls_half.h:26:
In file included from C:/AMD/Vitis/2024.2/include/etc/hls_half_fpo.h:19:
In file included from C:/AMD/Vitis/2024.2/include/hls_fpo.h:140:
In file included from C:/AMD/Vitis/2024.2/include/floating_point_v7_1_bitacc_cmodel.h:150:
C:/AMD/Vitis/2024.2/include/gmp.h:58:9: warning: '__GMP_LIBGMP_DLL' macro redefined [-Wmacro-redefined]
#define __GMP_LIBGMP_DLL  0
        ^
C:/AMD/Vitis/2024.2/include/floating_point_v7_1_bitacc_cmodel.h:142:9: note: previous definition is here
#define __GMP_LIBGMP_DLL 1
        ^
1 warning generated.
INFO: Reading ../../../../../../Matlab/TS_HLS_halfband.dat
INFO: Read 460 samples from ../../../../../../Matlab/TS_HLS_halfband.dat
INFO: Reading ../../../../../../Matlab/TS_HLS_halfband.res
INFO: Read 460 samples from ../../../../../../Matlab/TS_HLS_halfband.res
INFO: Input and reference data lengths match.
Mismatch at sample   47: ref=-0.000457764, dut=-0.00305176
Mismatch at sample   48: ref=-0.000427246, dut=-0.00341797
Mismatch at sample   49: ref=-0.000427246, dut=-0.00280762
Mismatch at sample   52: ref=-0.000640869, dut=0.00189209
Mismatch at sample   53: ref=-0.000793457, dut=0.00323486
Mismatch at sample   54: ref=-0.000915527, dut=0.00402832
Mismatch at sample   55: ref=-0.00106812, dut=0.00402832
Mismatch at sample   56: ref=-0.00115967, dut=0.00317383
Mismatch at sample   57: ref=-0.0012207, dut=0.00128174
Mismatch at sample   59: ref=-0.00115967, dut=-0.00317383
Mismatch at sample   60: ref=-0.0010376, dut=-0.00463867
Mismatch at sample   61: ref=-0.000854492, dut=-0.00500488
Mismatch at sample   62: ref=-0.000640869, dut=-0.0043335
Mismatch at sample   63: ref=-0.000427246, dut=-0.00299072
Mismatch at sample   67: ref=0.00012207, dut=0.00213623
Mismatch at sample   68: ref=0.000152588, dut=0.00311279
Mismatch at sample   69: ref=0.00012207, dut=0.00415039
Mismatch at sample   70: ref=6.10352e-05, dut=0.00476074
Mismatch at sample   71: ref=3.05176e-05, dut=0.0045166
Mismatch at sample   72: ref=3.05176e-05, dut=0.00335693
Mismatch at sample   74: ref=0.000152588, dut=-0.00213623
Mismatch at sample   75: ref=0.000305176, dut=-0.00476074
Mismatch at sample   76: ref=0.000488281, dut=-0.00634766
Mismatch at sample   77: ref=0.000701904, dut=-0.00616455
Mismatch at sample   78: ref=0.000946045, dut=-0.00476074
Mismatch at sample   79: ref=0.00112915, dut=-0.00262451
Mismatch at sample   84: ref=0.000976563, dut=0.0032959
Mismatch at sample   85: ref=0.000732422, dut=0.00378418
Mismatch at sample   86: ref=0.000457764, dut=0.00390625
Mismatch at sample   87: ref=0.000213623, dut=0.00341797
Mismatch at sample   88: ref=3.05176e-05, dut=0.0022583
Mismatch at sample   90: ref=-0.00012207, dut=-0.00231934
Mismatch at sample   91: ref=-9.15527e-05, dut=-0.00469971
Mismatch at sample   92: ref=          0, dut=-0.00653076
Mismatch at sample   93: ref=0.00012207, dut=-0.00775146
Mismatch at sample   94: ref=0.000213623, dut=-0.00775146
Mismatch at sample   95: ref=0.000305176, dut=-0.00646973
Mismatch at sample   96: ref=0.000305176, dut=-0.00384521
Mismatch at sample   98: ref=          0, dut=0.00439453
Mismatch at sample   99: ref=-0.000274658, dut=0.00793457
Mismatch at sample  100: ref=-0.000579834, dut=0.00994873
Mismatch at sample  101: ref=-0.000915527, dut=0.00939941
Mismatch at sample  102: ref=-0.00119019, dut=0.00714111
Mismatch at sample  103: ref=-0.00143433, dut=0.00360107
Mismatch at sample  106: ref=-0.00140381, dut=-0.00561523
Mismatch at sample  107: ref=-0.00115967, dut=-0.00708008
Mismatch at sample  108: ref=-0.000854492, dut=-0.00762939
Mismatch at sample  109: ref=-0.000549316, dut=-0.00756836
Mismatch at sample  110: ref=-0.000244141, dut=-0.00646973
Mismatch at sample  111: ref=          0, dut=-0.0043335
Mismatch at sample  113: ref=0.000152588, dut=0.00244141
Mismatch at sample  114: ref=3.05176e-05, dut=0.00616455
Mismatch at sample  115: ref=-0.000152588, dut=0.00915527
Mismatch at sample  116: ref=-0.000366211, dut=0.0109863
Mismatch at sample  117: ref=-0.000579834, dut=0.0111694
Mismatch at sample  118: ref=-0.000732422, dut=0.00964355
Mismatch at sample  119: ref=-0.000793457, dut=0.00634766
Mismatch at sample  120: ref=-0.000701904, dut=0.00170898
Mismatch at sample  121: ref=-0.000488281, dut=-0.00415039
Mismatch at sample  122: ref=-0.00012207, dut=-0.00958252
Mismatch at sample  123: ref=0.000305176, dut=-0.0136719
Mismatch at sample  124: ref=0.000762939, dut=-0.0152588
Mismatch at sample  125: ref=0.00119019, dut=-0.0134888
Mismatch at sample  126: ref=0.00152588, dut=-0.00921631
Mismatch at sample  127: ref=0.00170898, dut=-0.003479
Mismatch at sample  129: ref=0.00161743, dut=0.00756836
Mismatch at sample  130: ref=0.00131226, dut=0.0111084
Mismatch at sample  131: ref=0.000915527, dut=0.0128174
Mismatch at sample  132: ref=0.000488281, dut=0.0126953
Mismatch at sample  133: ref=9.15527e-05, dut=0.0109253
Mismatch at sample  134: ref=-0.000213623, dut=0.00762939
Mismatch at sample  135: ref=-0.000366211, dut=0.00292969
Mismatch at sample  136: ref=-0.000335693, dut=-0.00250244
Mismatch at sample  137: ref=-0.000183105, dut=-0.00848389
Mismatch at sample  138: ref=0.00012207, dut=-0.0134277
Mismatch at sample  139: ref=0.000518799, dut=-0.0163574
Mismatch at sample  140: ref=0.000854492, dut=-0.0164795
Mismatch at sample  141: ref=0.00115967, dut=-0.0133057
Mismatch at sample  142: ref=0.00131226, dut=-0.00769043
Mismatch at sample  143: ref=0.00125122, dut=-0.000793457
Mismatch at sample  144: ref=0.00100708, dut=0.00616455
Mismatch at sample  145: ref=0.000579834, dut=0.0116577
Mismatch at sample  146: ref=          0, dut=0.0152588
Mismatch at sample  147: ref=-0.000610352, dut=0.0163574
Mismatch at sample  148: ref=-0.0012207, dut=0.0150146
Mismatch at sample  149: ref=-0.00170898, dut=0.0112915
Mismatch at sample  150: ref=-0.00201416, dut=0.00585938
Mismatch at sample  152: ref=-0.00192261, dut=-0.00708008
Mismatch at sample  153: ref=-0.0015564, dut=-0.0126953
Mismatch at sample  154: ref=-0.0010376, dut=-0.0164795
Mismatch at sample  155: ref=-0.000457764, dut=-0.0178223
Mismatch at sample  156: ref=6.10352e-05, dut=-0.0164795
Mismatch at sample  157: ref=0.000457764, dut=-0.0126343
Mismatch at sample  158: ref=0.000671387, dut=-0.00665283
Mismatch at sample  160: ref=0.000396729, dut=0.00793457
Mismatch at sample  161: ref=-6.10352e-05, dut=0.0147705
Mismatch at sample  162: ref=-0.000640869, dut=0.0196533
Mismatch at sample  163: ref=-0.0012207, dut=0.0213013
Mismatch at sample  164: ref=-0.00170898, dut=0.0193481
Mismatch at sample  165: ref=-0.00198364, dut=0.0132446
Mismatch at sample  166: ref=-0.00201416, dut=0.00469971
Mismatch at sample  167: ref=-0.0017395, dut=-0.00488281
Mismatch at sample  168: ref=-0.0012207, dut=-0.0136108
Mismatch at sample  169: ref=-0.000488281, dut=-0.0198364
Mismatch at sample  170: ref=0.000366211, dut=-0.0227661
Mismatch at sample  171: ref=0.00119019, dut=-0.0221558
Mismatch at sample  172: ref=0.00189209, dut=-0.0180664
Mismatch at sample  173: ref=0.00231934, dut=-0.0114746
Mismatch at sample  174: ref=0.00247192, dut=-0.00292969
Mismatch at sample  175: ref=0.00228882, dut=0.00628662
Mismatch at sample  176: ref=0.00183105, dut=0.0150757
Mismatch at sample  177: ref=0.00112915, dut=0.0222778
Mismatch at sample  178: ref=0.000335693, dut=0.0263062
Mismatch at sample  179: ref=-0.000427246, dut=0.026062
Mismatch at sample  180: ref=-0.00100708, dut=0.0212402
Mismatch at sample  181: ref=-0.00128174, dut=0.0114746
Mismatch at sample  183: ref=-0.00088501, dut=-0.0131836
Mismatch at sample  184: ref=-0.000244141, dut=-0.0235596
Mismatch at sample  185: ref=0.000610352, dut=-0.0296021
Mismatch at sample  186: ref=0.00149536, dut=-0.0308228
Mismatch at sample  187: ref=0.0022583, dut=-0.0270386
Mismatch at sample  188: ref=0.00274658, dut=-0.0188599
Mismatch at sample  189: ref=0.00289917, dut=-0.00750732
Mismatch at sample  190: ref=0.00262451, dut=0.00518799
Mismatch at sample  191: ref=0.00198364, dut=0.0170288
Mismatch at sample  192: ref=0.0010376, dut=0.0262451
Mismatch at sample  193: ref=-0.00012207, dut=0.0308228
Mismatch at sample  194: ref=-0.00128174, dut=0.0305176
Mismatch at sample  195: ref=-0.0022583, dut=0.0252075
Mismatch at sample  196: ref=-0.00292969, dut=0.0159302
Mismatch at sample  197: ref=-0.00317383, dut=0.00396729
Mismatch at sample  198: ref=-0.00292969, dut=-0.00878906
Mismatch at sample  199: ref=-0.00228882, dut=-0.0205688
Mismatch at sample  200: ref=-0.00134277, dut=-0.029541
Mismatch at sample  201: ref=-0.000213623, dut=-0.034668
Mismatch at sample  202: ref=0.00088501, dut=-0.0344849
Mismatch at sample  203: ref=0.00177002, dut=-0.0286255
Mismatch at sample  204: ref=0.0022583, dut=-0.0176392
Mismatch at sample  205: ref=0.00222778, dut=-0.00219727
Mismatch at sample  206: ref=0.00170898, dut=0.0144043
Mismatch at sample  207: ref=0.000762939, dut=0.0290527
Mismatch at sample  208: ref=-0.000488281, dut=0.0391846
Mismatch at sample  209: ref=-0.00183105, dut=0.0420532
Mismatch at sample  210: ref=-0.00305176, dut=0.0380249
Mismatch at sample  211: ref=-0.00390625, dut=0.0275269
Mismatch at sample  212: ref=-0.00427246, dut=0.0124512
Mismatch at sample  214: ref=-0.00317383, dut=-0.0222778
Mismatch at sample  215: ref=-0.00183105, dut=-0.0360107
Mismatch at sample  216: ref=-0.000244141, dut=-0.0439453
Mismatch at sample  217: ref=0.00143433, dut=-0.0442505
Mismatch at sample  218: ref=0.00292969, dut=-0.0372925
Mismatch at sample  219: ref=0.00396729, dut=-0.0241699
Mismatch at sample  220: ref=0.00439453, dut=-0.00695801
Mismatch at sample  221: ref=0.00405884, dut=0.0115967
Mismatch at sample  222: ref=0.00311279, dut=0.0287476
Mismatch at sample  223: ref=0.00164795, dut=0.0415649
Mismatch at sample  224: ref=-6.10352e-05, dut=0.0482788
Mismatch at sample  225: ref=-0.00180054, dut=0.0474243
Mismatch at sample  226: ref=-0.00320435, dut=0.0390625
Mismatch at sample  227: ref=-0.00402832, dut=0.0238647
Mismatch at sample  228: ref=-0.00411987, dut=0.00396729
Mismatch at sample  229: ref=-0.00332642, dut=-0.0186157
Mismatch at sample  230: ref=-0.00186157, dut=-0.0392456
Mismatch at sample  231: ref=0.00012207, dut=-0.0540771
Mismatch at sample  232: ref=0.0022583, dut=-0.0601807
Mismatch at sample  233: ref=0.00430298, dut=-0.0551758
Mismatch at sample  234: ref=0.00585938, dut=-0.0407715
Mismatch at sample  235: ref=0.00662231, dut=-0.019165
Mismatch at sample  237: ref=0.00515747, dut=0.0308838
Mismatch at sample  238: ref=0.00308228, dut=0.0513306
Mismatch at sample  239: ref=0.000488281, dut=0.0637817
Mismatch at sample  240: ref=-0.0022583, dut=0.0662842
Mismatch at sample  241: ref=-0.00473022, dut=0.0574341
Mismatch at sample  242: ref=-0.00653076, dut=0.0389404
Mismatch at sample  243: ref=-0.00726318, dut=0.0131836
Mismatch at sample  244: ref=-0.00680542, dut=-0.0158081
Mismatch at sample  245: ref=-0.00506592, dut=-0.0444336
Mismatch at sample  246: ref=-0.00241089, dut=-0.0670166
Mismatch at sample  247: ref=0.000732422, dut=-0.0791626
Mismatch at sample  248: ref=0.00390625, dut=-0.0783081
Mismatch at sample  249: ref=0.00662231, dut=-0.0628662
Mismatch at sample  250: ref=0.0083313, dut=-0.0361328
Mismatch at sample  251: ref=0.00854492, dut=-0.00231934
Mismatch at sample  252: ref=0.00720215, dut=0.0332642
Mismatch at sample  253: ref=0.00427246, dut=0.0650635
Mismatch at sample  254: ref=0.000274658, dut=0.0874023
Mismatch at sample  255: ref=-0.00418091, dut=0.095459
Mismatch at sample  256: ref=-0.00842285, dut=0.0875854
Mismatch at sample  257: ref=-0.0118408, dut=0.0625
Mismatch at sample  258: ref=-0.0136108, dut=0.0257568
Mismatch at sample  259: ref=-0.0131531, dut=-0.0169067
Mismatch at sample  260: ref=-0.010437, dut=-0.0584106
Mismatch at sample  261: ref=-0.00543213, dut=-0.0921021
Mismatch at sample  262: ref=0.000854492, dut=-0.111816
Mismatch at sample  263: ref=0.00750732, dut=-0.113037
Mismatch at sample  264: ref=0.0135498, dut=-0.0949707
Mismatch at sample  265: ref=0.0184326, dut=-0.0579224
Mismatch at sample  266: ref=0.0203857, dut=-0.00921631
Mismatch at sample  267: ref=0.0178528, dut=0.0432739
Mismatch at sample  268: ref=0.0117188, dut=0.0916138
Mismatch at sample  269: ref=0.00308228, dut=0.128967
Mismatch at sample  270: ref=-0.00753784, dut=0.146484
Mismatch at sample  271: ref=-0.0202942, dut=0.137512
Mismatch at sample  272: ref=-0.0305481, dut=0.103577
Mismatch at sample  273: ref=-0.0352478, dut=0.0463867
Mismatch at sample  274: ref=-0.0315552, dut=-0.0217285
Mismatch at sample  275: ref=-0.0196838, dut=-0.09021
Mismatch at sample  276: ref=0.00585938, dut=-0.143372
Mismatch at sample  277: ref=0.0462646, dut=-0.17041
Mismatch at sample  278: ref=0.102814, dut=-0.15863
Mismatch at sample  279: ref=0.17157, dut=-0.102234
Mismatch at sample  280: ref=0.254486, dut=-0.00152588
Mismatch at sample  281: ref=0.347809, dut=0.137329
Mismatch at sample  282: ref=0.449341, dut=0.300354
Mismatch at sample  283: ref=0.55188, dut=0.470581
Mismatch at sample  284: ref=0.653809, dut=0.626892
Mismatch at sample  286: ref=0.835266, dut=0.820923
Mismatch at sample  287: ref=0.906799, dut=0.822754
Mismatch at sample  288: ref=0.962524, dut=0.751282
Mismatch at sample  289: ref=0.99884, dut=0.608154
Mismatch at sample  290: ref=-0.983398, dut=0.408386
Mismatch at sample  291: ref=-0.984863, dut=0.171143
Mismatch at sample  292: ref=0.995544, dut=-0.0753784
Mismatch at sample  293: ref=0.957367, dut=-0.305664
Mismatch at sample  294: ref=0.904053, dut=-0.487976
Mismatch at sample  295: ref=0.837708, dut=-0.59967
Mismatch at sample  296: ref=0.759888, dut=-0.624817
Mismatch at sample  297: ref=0.670624, dut=-0.559326
Mismatch at sample  298: ref=0.573151, dut=-0.411438
Mismatch at sample  299: ref=0.469177, dut=-0.200195
Mismatch at sample  300: ref=0.359589, dut=0.0476685
Mismatch at sample  301: ref=0.244324, dut=0.301147
Mismatch at sample  302: ref=0.125366, dut=0.524841
Mismatch at sample  303: ref=0.00411987, dut=0.686829
Mismatch at sample  304: ref=-0.118103, dut=0.766235
Mismatch at sample  305: ref=-0.239685, dut=0.751709
Mismatch at sample  306: ref=-0.359131, dut=0.642883
Mismatch at sample  307: ref=-0.474609, dut=0.44989
Mismatch at sample  308: ref=-0.58371, dut=0.199036
Mismatch at sample  309: ref=-0.6828, dut=-0.0787354
Mismatch at sample  310: ref=-0.771545, dut=-0.344727
Mismatch at sample  311: ref=-0.848389, dut=-0.56366
Mismatch at sample  312: ref=-0.911377, dut=-0.703369
Mismatch at sample  313: ref=-0.957031, dut=-0.742676
Mismatch at sample  314: ref=-0.987061, dut=-0.673706
Mismatch at sample  315: ref=0.998535, dut=-0.503113
Mismatch at sample  316: ref=         -1, dut=-0.248779
Mismatch at sample  317: ref=-0.98056, dut=0.0595703
Mismatch at sample  318: ref=-0.946289, dut=0.385132
Mismatch at sample  319: ref=-0.898438, dut=0.827148
Mismatch at sample  320: ref=-0.837677, dut=0.930969
Mismatch at sample  321: ref=-0.763, dut=-0.052063
Mismatch at sample  322: ref=-0.67746, dut=-0.858093
Mismatch at sample  323: ref=-0.582581, dut=-0.0475464
Mismatch at sample  324: ref=-0.47934, dut=0.948364
Mismatch at sample  325: ref=-0.367676, dut=0.87384
Mismatch at sample  326: ref=-0.250122, dut=0.479797
Mismatch at sample  327: ref=-0.128357, dut=0.222778
Mismatch at sample  329: ref=0.121002, dut=-0.174072
Mismatch at sample  330: ref=0.245056, dut=-0.267151
Mismatch at sample  331: ref=0.365997, dut=-0.274841
Mismatch at sample  332: ref=0.481567, dut=-0.205444
Mismatch at sample  333: ref=0.588562, dut=-0.0757446
Mismatch at sample  334: ref=0.686432, dut=0.0853882
Mismatch at sample  335: ref=0.773682, dut=0.245361
Mismatch at sample  336: ref=0.84848, dut=0.371948
Mismatch at sample  337: ref=0.907562, dut=0.435242
Mismatch at sample  338: ref=0.952301, dut=0.419983
Mismatch at sample  339: ref=0.982483, dut=0.318115
Mismatch at sample  340: ref=0.997528, dut=0.138916
Mismatch at sample  341: ref=0.994904, dut=-0.100037
Mismatch at sample  342: ref=0.977356, dut=-0.369385
Mismatch at sample  343: ref=0.94577, dut=-0.776672
Mismatch at sample  344: ref=0.900299, dut=-0.865601
Mismatch at sample  345: ref=0.839386, dut=0.114624
Mismatch at sample  346: ref=0.766083, dut=0.905823
Mismatch at sample  347: ref=0.681732, dut=0.074585
Mismatch at sample  348: ref=0.587158, dut=-0.939148
Mismatch at sample  349: ref=0.482025, dut=-0.870544
Mismatch at sample  350: ref=0.369171, dut=-0.468994
Mismatch at sample  351: ref=0.250458, dut=-0.190186
Mismatch at sample  352: ref=0.127533, dut=0.071228
Mismatch at sample  353: ref=0.00192261, dut=0.28241
Mismatch at sample  354: ref=-0.124207, dut=0.420044
Mismatch at sample  355: ref=-0.248718, dut=0.468811
Mismatch at sample  356: ref=-0.369354, dut=0.431213
Mismatch at sample  357: ref=-0.483307, dut=0.317566
Mismatch at sample  358: ref=-0.589691, dut=0.15625
Mismatch at sample  359: ref=-0.68692, dut=-0.0170898
Mismatch at sample  360: ref=-0.773254, dut=-0.17804
Mismatch at sample  361: ref=-0.845428, dut=-0.312744
Mismatch at sample  362: ref=-0.90448, dut=-0.364868
Mismatch at sample  363: ref=-0.949982, dut=-0.300171
Mismatch at sample  364: ref=-0.980988, dut=-0.105774
Mismatch at sample  365: ref=-0.994751, dut=0.263733
Mismatch at sample  366: ref=-0.993622, dut=0.635925
Mismatch at sample  367: ref=-0.978088, dut=0.888855
Mismatch at sample  368: ref=-0.948029, dut=0.909363
Mismatch at sample  369: ref=-0.901459, dut=0.529968
Mismatch at sample  370: ref=-0.841339, dut=-0.0197754
Mismatch at sample  371: ref=-0.768829, dut=-0.575928
Mismatch at sample  372: ref=-0.684601, dut=-0.969177
Mismatch at sample  373: ref=-0.588043, dut=-0.950012
Mismatch at sample  374: ref=-0.482147, dut=-0.728333
Mismatch at sample  375: ref=-0.368805, dut=-0.439026
Mismatch at sample  376: ref=-0.249634, dut=-0.219604
Mismatch at sample  377: ref=-0.125732, dut=-0.285461
Mismatch at sample  378: ref=0.000335693, dut=-0.46936
Mismatch at sample  379: ref=0.126434, dut=-0.672913
Mismatch at sample  380: ref=0.250458, dut=-0.796387
Mismatch at sample  381: ref=0.369781, dut=-0.700073
Mismatch at sample  382: ref=0.483368, dut=-0.464417
Mismatch at sample  383: ref=0.589478, dut=-0.140198
Mismatch at sample  384: ref=0.686249, dut=0.212646
Mismatch at sample  385: ref=0.77063, dut=0.517273
Mismatch at sample  386: ref=0.843201, dut=0.750793
Mismatch at sample  387: ref=0.903229, dut=0.888977
Mismatch at sample  388: ref=0.949585, dut=0.91217
Mismatch at sample  389: ref=0.979248, dut=0.815735
Mismatch at sample  390: ref=0.994232, dut=0.615601
Mismatch at sample  391: ref=0.994751, dut=0.338257
Mismatch at sample  392: ref=0.980316, dut=0.0241089
Mismatch at sample  393: ref=0.948639, dut=-0.283203
Mismatch at sample  394: ref=0.902557, dut=-0.540771
Mismatch at sample  395: ref=0.843079, dut=-0.711853
Mismatch at sample  396: ref=0.770691, dut=-0.773621
Mismatch at sample  397: ref=0.684418, dut=-0.715637
Mismatch at sample  398: ref=0.587402, dut=-0.54834
Mismatch at sample  399: ref=0.481476, dut=-0.294373
Mismatch at sample  400: ref=0.368103, dut=0.00946045
Mismatch at sample  401: ref=0.248047, dut=0.320068
Mismatch at sample  402: ref=0.124084, dut=0.594788
Mismatch at sample  403: ref=-0.00170898, dut=0.793762
Mismatch at sample  404: ref=-0.127228, dut=0.891052
Mismatch at sample  405: ref=-0.250305, dut=0.871277
Mismatch at sample  406: ref=-0.369476, dut=0.73761
Mismatch at sample  407: ref=-0.482971, dut=0.508484
Mismatch at sample  408: ref=-0.588837, dut=0.207153
Mismatch at sample  409: ref=-0.684174, dut=-0.144836
Mismatch at sample  410: ref=-0.769135, dut=-0.470032
Mismatch at sample  411: ref=-0.842743, dut=-0.708191
Mismatch at sample  412: ref=-0.903564, dut=-0.807739
Mismatch at sample  413: ref=-0.948517, dut=-0.687073
Mismatch at sample  414: ref=-0.979248, dut=-0.485962
Mismatch at sample  415: ref=-0.995575, dut=-0.304077
Mismatch at sample  416: ref=-0.996887, dut=-0.239563
Mismatch at sample  417: ref=-0.98053, dut=-0.459778
Mismatch at sample  418: ref=-0.949219, dut=-0.748474
Mismatch at sample  419: ref=-0.903748, dut=-0.967529
Mismatch at sample  420: ref=-0.844452, dut=-0.981934
Mismatch at sample  421: ref=-0.769958, dut=-0.581787
Mismatch at sample  422: ref=-0.683533, dut=-0.0174561
Mismatch at sample  423: ref=-0.586792, dut=0.540894
Mismatch at sample  424: ref=-0.48114, dut=0.928345
Mismatch at sample  425: ref=-0.366852, dut=0.914551
Mismatch at sample  426: ref=-0.246948, dut=0.665894
Mismatch at sample  427: ref=-0.123413, dut=0.2948
Mismatch at sample  428: ref=0.0017395, dut=-0.0770264
Mismatch at sample  429: ref=0.12674, dut=-0.277283
Mismatch at sample  430: ref=0.249756, dut=-0.349854
Mismatch at sample  431: ref=0.368958, dut=-0.306152
Mismatch at sample  432: ref=0.482391, dut=-0.178833
Mismatch at sample  433: ref=0.587189, dut=-0.0229492
Mismatch at sample  434: ref=0.683197, dut=0.148682
Mismatch at sample  435: ref=0.769135, dut=0.312134
Mismatch at sample  436: ref=0.843384, dut=0.431458
Mismatch at sample  437: ref=0.902802, dut=0.477722
Mismatch at sample  438: ref=0.948608, dut=0.439087
Mismatch at sample  439: ref=0.980469, dut=0.311401
Mismatch at sample  440: ref=0.997406, dut=0.108215
Mismatch at sample  441: ref=0.996613, dut=-0.148376
Mismatch at sample  442: ref=0.98056, dut=-0.427246
Mismatch at sample  443: ref=0.949921, dut=-0.834412
Mismatch at sample  444: ref=0.904724, dut=-0.914185
Mismatch at sample  445: ref=0.843323, dut=0.0830688
Mismatch at sample  446: ref=0.76889, dut=0.895874
Mismatch at sample  447: ref=0.683014, dut=0.0872803
Mismatch at sample  448: ref=0.586761, dut=-0.906494
Mismatch at sample  449: ref=0.480103, dut=-0.824341
Mismatch at sample  450: ref=0.366058, dut=-0.416992
Mismatch at sample  451: ref=0.246704, dut=-0.140869
Mismatch at sample  452: ref=0.123749, dut=0.110168
Mismatch at sample  453: ref=-0.00128174, dut=0.30481
Mismatch at sample  454: ref=-0.126312, dut=0.422791
Mismatch at sample  455: ref=-0.24942, dut=0.451904
Mismatch at sample  456: ref=-0.368591, dut=0.397888
Mismatch at sample  457: ref=-0.481262, dut=0.27417
Mismatch at sample  458: ref=-0.586731, dut=0.109985
Mismatch at sample  459: ref=-0.683563, dut=-0.0623779
---------------------------------------
Testbench Results
Samples processed : 460
Mismatches        : 389
Status: FAIL [!!] (389 samples out of tolerance)
---------------------------------------
INFO [HLS SIM]: The maximum depth reached by any hls::stream() instance in the design is 460
INFO: [SIM 211-1] CSim done with 0 errors.
INFO: [SIM 211-3] *************** CSIM finish ***************
INFO: [HLS 200-112] Total CPU user time: 3 seconds. Total CPU system time: 1 seconds. Total elapsed time: 8.746 seconds; peak allocated memory: 273.844 MB.
INFO: [vitis-run 60-791] Total elapsed time: 0h 0m 14s
