  **** HLS Build v2024.2 5238294
INFO: [HLS 200-2005] Using work_dir C:/HLS-multirate-DSP/HLS_Multirate/FIR_Halfband_v1/FIR_Halfband_v1 
INFO: [HLS 200-1505] Using default flow_target 'vivado'
Resolution: For help on HLS 200-1505 see docs.xilinx.com/access/sources/dita/topic?Doc_Version=2024.2%20English&url=ug1448-hls-guidance&resourceid=200-1505.html
INFO: [HLS 200-1465] Applying ini 'syn.file=FIR_HLS.cpp' from C:/HLS-multirate-DSP/HLS_Multirate/FIR_Halfband_v1/hls_config.cfg(7)
INFO: [HLS 200-10] Adding design file 'C:/HLS-multirate-DSP/HLS_Multirate/FIR_Halfband_v1/FIR_HLS.cpp' to the project
INFO: [HLS 200-1465] Applying ini 'syn.file=FIR_HLS.h' from C:/HLS-multirate-DSP/HLS_Multirate/FIR_Halfband_v1/hls_config.cfg(8)
INFO: [HLS 200-10] Adding design file 'C:/HLS-multirate-DSP/HLS_Multirate/FIR_Halfband_v1/FIR_HLS.h' to the project
INFO: [HLS 200-1465] Applying ini 'syn.file=../../Matlab/FIR_halfband_HLS.h' from C:/HLS-multirate-DSP/HLS_Multirate/FIR_Halfband_v1/hls_config.cfg(9)
INFO: [HLS 200-10] Adding design file 'C:/HLS-multirate-DSP/Matlab/FIR_halfband_HLS.h' to the project
INFO: [HLS 200-1465] Applying ini 'tb.file=FIR_HLS_TB.cpp' from C:/HLS-multirate-DSP/HLS_Multirate/FIR_Halfband_v1/hls_config.cfg(10)
INFO: [HLS 200-10] Adding test bench file 'C:/HLS-multirate-DSP/HLS_Multirate/FIR_Halfband_v1/FIR_HLS_TB.cpp' to the project
INFO: [HLS 200-1465] Applying ini 'tb.file=../../Matlab/TS_HLS_halfband.res' from C:/HLS-multirate-DSP/HLS_Multirate/FIR_Halfband_v1/hls_config.cfg(11)
INFO: [HLS 200-10] Adding test bench file 'C:/HLS-multirate-DSP/Matlab/TS_HLS_halfband.res' to the project
INFO: [HLS 200-1465] Applying ini 'tb.file=../../Matlab/TS_HLS_halfband.dat' from C:/HLS-multirate-DSP/HLS_Multirate/FIR_Halfband_v1/hls_config.cfg(12)
INFO: [HLS 200-10] Adding test bench file 'C:/HLS-multirate-DSP/Matlab/TS_HLS_halfband.dat' to the project
INFO: [HLS 200-1465] Applying ini 'syn.top=FIR_Halfband_v1' from C:/HLS-multirate-DSP/HLS_Multirate/FIR_Halfband_v1/hls_config.cfg(13)
INFO: [HLS 200-1465] Applying ini 'flow_target=vivado' from C:/HLS-multirate-DSP/HLS_Multirate/FIR_Halfband_v1/hls_config.cfg(4)
INFO: [HLS 200-1505] Using flow_target 'vivado'
Resolution: For help on HLS 200-1505 see docs.xilinx.com/access/sources/dita/topic?Doc_Version=2024.2%20English&url=ug1448-hls-guidance&resourceid=200-1505.html
INFO: [HLS 200-1465] Applying ini 'part=xck26-sfvc784-2LV-c' from C:/HLS-multirate-DSP/HLS_Multirate/FIR_Halfband_v1/hls_config.cfg(1)
INFO: [HLS 200-1611] Setting target device to 'xck26-sfvc784-2LV-c'
INFO: [HLS 200-1465] Applying ini 'package.ip.display_name=FIR_Halfband_v1' from C:/HLS-multirate-DSP/HLS_Multirate/FIR_Halfband_v1/hls_config.cfg(14)
INFO: [HLS 200-1465] Applying ini 'package.output.format=ip_catalog' from C:/HLS-multirate-DSP/HLS_Multirate/FIR_Halfband_v1/hls_config.cfg(5)
INFO: [SIM 211-2] *************** CSIM start ***************
INFO: [SIM 211-4] CSIM will launch CLANG as the compiler.
INFO: [HLS 200-2036] Building debug C Simulation binaries
   Compiling ../../../../FIR_HLS.cpp in debug mode
   Generating csim.exe
In file included from ../../../../FIR_HLS.cpp:1:
In file included from ../../../../FIR_HLS.h:2:
In file included from C:/AMD/Vitis/2024.2/include/ap_fixed.h:9:
In file included from C:/AMD/Vitis/2024.2/include/etc/ap_common.h:658:
In file included from C:/AMD/Vitis/2024.2/include/etc/ap_private.h:68:
In file included from C:/AMD/Vitis/2024.2/include/hls_half.h:26:
In file included from C:/AMD/Vitis/2024.2/include/etc/hls_half_fpo.h:19:
In file included from C:/AMD/Vitis/2024.2/include/hls_fpo.h:140:
In file included from C:/AMD/Vitis/2024.2/include/floating_point_v7_1_bitacc_cmodel.h:150:
C:/AMD/Vitis/2024.2/include/gmp.h:58:9: warning: '__GMP_LIBGMP_DLL' macro redefined [-Wmacro-redefined]
#define __GMP_LIBGMP_DLL  0
        ^
C:/AMD/Vitis/2024.2/include/floating_point_v7_1_bitacc_cmodel.h:142:9: note: previous definition is here
#define __GMP_LIBGMP_DLL 1
        ^
1 warning generated.
INFO: Reading ../../../../../../Matlab/TS_HLS_halfband.dat
INFO: Read 460 samples from ../../../../../../Matlab/TS_HLS_halfband.dat
INFO: Reading ../../../../../../Matlab/TS_HLS_halfband.res
INFO: Read 460 samples from ../../../../../../Matlab/TS_HLS_halfband.res
INFO: Input and reference data lengths match.
Mismatch at sample  150: ref=-0.00201416, dut=          0
Mismatch at sample  151: ref=-0.0020752, dut=          0
Mismatch at sample  166: ref=-0.00201416, dut=          0
Mismatch at sample  173: ref=0.00231934, dut=          0
Mismatch at sample  174: ref=0.00247192, dut=          0
Mismatch at sample  175: ref=0.00228882, dut=          0
Mismatch at sample  187: ref=0.0022583, dut=          0
Mismatch at sample  188: ref=0.00274658, dut=          0
Mismatch at sample  189: ref=0.00289917, dut=          0
Mismatch at sample  190: ref=0.00262451, dut=          0
Mismatch at sample  195: ref=-0.0022583, dut=          0
Mismatch at sample  196: ref=-0.00292969, dut=          0
Mismatch at sample  197: ref=-0.00317383, dut=          0
Mismatch at sample  198: ref=-0.00292969, dut=          0
Mismatch at sample  199: ref=-0.00228882, dut=          0
Mismatch at sample  204: ref=0.0022583, dut=          0
Mismatch at sample  205: ref=0.00222778, dut=          0
Mismatch at sample  210: ref=-0.00305176, dut=          0
Mismatch at sample  211: ref=-0.00390625, dut=          0
Mismatch at sample  212: ref=-0.00427246, dut=          0
Mismatch at sample  213: ref=-0.0039978, dut=          0
Mismatch at sample  214: ref=-0.00317383, dut=          0
Mismatch at sample  218: ref=0.00292969, dut=          0
Mismatch at sample  219: ref=0.00396729, dut=          0
Mismatch at sample  220: ref=0.00439453, dut=          0
Mismatch at sample  221: ref=0.00405884, dut=          0
Mismatch at sample  222: ref=0.00311279, dut=          0
Mismatch at sample  226: ref=-0.00320435, dut=          0
Mismatch at sample  227: ref=-0.00402832, dut=          0
Mismatch at sample  228: ref=-0.00411987, dut=          0
Mismatch at sample  229: ref=-0.00332642, dut=          0
Mismatch at sample  232: ref=0.0022583, dut=          0
Mismatch at sample  233: ref=0.00430298, dut=          0
Mismatch at sample  234: ref=0.00585938, dut=          0
Mismatch at sample  235: ref=0.00662231, dut=          0
Mismatch at sample  236: ref=0.00640869, dut=          0
Mismatch at sample  237: ref=0.00515747, dut=          0
Mismatch at sample  238: ref=0.00308228, dut=          0
Mismatch at sample  240: ref=-0.0022583, dut=          0
Mismatch at sample  241: ref=-0.00473022, dut=          0
Mismatch at sample  242: ref=-0.00653076, dut=          0
Mismatch at sample  243: ref=-0.00726318, dut=          0
Mismatch at sample  244: ref=-0.00680542, dut=          0
Mismatch at sample  245: ref=-0.00506592, dut=          0
Mismatch at sample  246: ref=-0.00241089, dut=          0
Mismatch at sample  248: ref=0.00390625, dut=          0
Mismatch at sample  249: ref=0.00662231, dut=          0
Mismatch at sample  250: ref=0.0083313, dut=          0
Mismatch at sample  251: ref=0.00854492, dut=          0
Mismatch at sample  252: ref=0.00720215, dut=          0
Mismatch at sample  253: ref=0.00427246, dut=          0
Mismatch at sample  255: ref=-0.00418091, dut=          0
Mismatch at sample  256: ref=-0.00842285, dut=          0
Mismatch at sample  257: ref=-0.0118408, dut=          0
Mismatch at sample  258: ref=-0.0136108, dut=          0
Mismatch at sample  259: ref=-0.0131531, dut=          0
Mismatch at sample  260: ref=-0.010437, dut=          0
Mismatch at sample  261: ref=-0.00543213, dut=          0
Mismatch at sample  263: ref=0.00750732, dut=          0
Mismatch at sample  264: ref=0.0135498, dut=          0
Mismatch at sample  265: ref=0.0184326, dut=          0
Mismatch at sample  266: ref=0.0203857, dut=          0
Mismatch at sample  267: ref=0.0178528, dut=          0
Mismatch at sample  268: ref=0.0117188, dut=          0
Mismatch at sample  269: ref=0.00308228, dut=          0
Mismatch at sample  270: ref=-0.00753784, dut=          0
Mismatch at sample  271: ref=-0.0202942, dut=          0
Mismatch at sample  272: ref=-0.0305481, dut=          0
Mismatch at sample  273: ref=-0.0352478, dut=          0
Mismatch at sample  274: ref=-0.0315552, dut=          0
Mismatch at sample  275: ref=-0.0196838, dut=          0
Mismatch at sample  276: ref=0.00585938, dut=          0
Mismatch at sample  277: ref=0.0462646, dut=          0
Mismatch at sample  278: ref=0.102814, dut=          0
Mismatch at sample  279: ref=0.17157, dut=          0
Mismatch at sample  280: ref=0.254486, dut=          0
Mismatch at sample  281: ref=0.347809, dut=          0
Mismatch at sample  282: ref=0.449341, dut=          0
Mismatch at sample  283: ref=0.55188, dut=          0
Mismatch at sample  284: ref=0.653809, dut=          0
Mismatch at sample  285: ref=0.749115, dut=          0
Mismatch at sample  286: ref=0.835266, dut=          0
Mismatch at sample  287: ref=0.906799, dut=          0
Mismatch at sample  288: ref=0.962524, dut=          0
Mismatch at sample  289: ref=0.99884, dut=          0
Mismatch at sample  290: ref=-0.983398, dut=          0
Mismatch at sample  291: ref=-0.984863, dut=          0
Mismatch at sample  292: ref=0.995544, dut=          0
Mismatch at sample  293: ref=0.957367, dut=          0
Mismatch at sample  294: ref=0.904053, dut=          0
Mismatch at sample  295: ref=0.837708, dut=          0
Mismatch at sample  296: ref=0.759888, dut=          0
Mismatch at sample  297: ref=0.670624, dut=          0
Mismatch at sample  298: ref=0.573151, dut=          0
Mismatch at sample  299: ref=0.469177, dut=          0
Mismatch at sample  300: ref=0.359589, dut=          0
Mismatch at sample  301: ref=0.244324, dut=          0
Mismatch at sample  302: ref=0.125366, dut=          0
Mismatch at sample  303: ref=0.00411987, dut=          0
Mismatch at sample  304: ref=-0.118103, dut=          0
Mismatch at sample  305: ref=-0.239685, dut=          0
Mismatch at sample  306: ref=-0.359131, dut=          0
Mismatch at sample  307: ref=-0.474609, dut=          0
Mismatch at sample  308: ref=-0.58371, dut=          0
Mismatch at sample  309: ref=-0.6828, dut=          0
Mismatch at sample  310: ref=-0.771545, dut=          0
Mismatch at sample  311: ref=-0.848389, dut=          0
Mismatch at sample  312: ref=-0.911377, dut=          0
Mismatch at sample  313: ref=-0.957031, dut=          0
Mismatch at sample  314: ref=-0.987061, dut=          0
Mismatch at sample  315: ref=0.998535, dut=          0
Mismatch at sample  316: ref=         -1, dut=          0
Mismatch at sample  317: ref=-0.98056, dut=          0
Mismatch at sample  318: ref=-0.946289, dut=          0
Mismatch at sample  319: ref=-0.898438, dut=          0
Mismatch at sample  320: ref=-0.837677, dut=          0
Mismatch at sample  321: ref=-0.763, dut=          0
Mismatch at sample  322: ref=-0.67746, dut=          0
Mismatch at sample  323: ref=-0.582581, dut=          0
Mismatch at sample  324: ref=-0.47934, dut=          0
Mismatch at sample  325: ref=-0.367676, dut=          0
Mismatch at sample  326: ref=-0.250122, dut=          0
Mismatch at sample  327: ref=-0.128357, dut=          0
Mismatch at sample  328: ref=-0.00411987, dut=          0
Mismatch at sample  329: ref=0.121002, dut=          0
Mismatch at sample  330: ref=0.245056, dut=          0
Mismatch at sample  331: ref=0.365997, dut=          0
Mismatch at sample  332: ref=0.481567, dut=          0
Mismatch at sample  333: ref=0.588562, dut=          0
Mismatch at sample  334: ref=0.686432, dut=          0
Mismatch at sample  335: ref=0.773682, dut=          0
Mismatch at sample  336: ref=0.84848, dut=          0
Mismatch at sample  337: ref=0.907562, dut=          0
Mismatch at sample  338: ref=0.952301, dut=          0
Mismatch at sample  339: ref=0.982483, dut=          0
Mismatch at sample  340: ref=0.997528, dut=          0
Mismatch at sample  341: ref=0.994904, dut=          0
Mismatch at sample  342: ref=0.977356, dut=          0
Mismatch at sample  343: ref=0.94577, dut=          0
Mismatch at sample  344: ref=0.900299, dut=          0
Mismatch at sample  345: ref=0.839386, dut=          0
Mismatch at sample  346: ref=0.766083, dut=          0
Mismatch at sample  347: ref=0.681732, dut=          0
Mismatch at sample  348: ref=0.587158, dut=          0
Mismatch at sample  349: ref=0.482025, dut=          0
Mismatch at sample  350: ref=0.369171, dut=          0
Mismatch at sample  351: ref=0.250458, dut=          0
Mismatch at sample  352: ref=0.127533, dut=          0
Mismatch at sample  354: ref=-0.124207, dut=          0
Mismatch at sample  355: ref=-0.248718, dut=          0
Mismatch at sample  356: ref=-0.369354, dut=          0
Mismatch at sample  357: ref=-0.483307, dut=          0
Mismatch at sample  358: ref=-0.589691, dut=          0
Mismatch at sample  359: ref=-0.68692, dut=          0
Mismatch at sample  360: ref=-0.773254, dut=          0
Mismatch at sample  361: ref=-0.845428, dut=          0
Mismatch at sample  362: ref=-0.90448, dut=          0
Mismatch at sample  363: ref=-0.949982, dut=          0
Mismatch at sample  364: ref=-0.980988, dut=          0
Mismatch at sample  365: ref=-0.994751, dut=          0
Mismatch at sample  366: ref=-0.993622, dut=          0
Mismatch at sample  367: ref=-0.978088, dut=          0
Mismatch at sample  368: ref=-0.948029, dut=          0
Mismatch at sample  369: ref=-0.901459, dut=          0
Mismatch at sample  370: ref=-0.841339, dut=          0
Mismatch at sample  371: ref=-0.768829, dut=          0
Mismatch at sample  372: ref=-0.684601, dut=          0
Mismatch at sample  373: ref=-0.588043, dut=          0
Mismatch at sample  374: ref=-0.482147, dut=          0
Mismatch at sample  375: ref=-0.368805, dut=          0
Mismatch at sample  376: ref=-0.249634, dut=          0
Mismatch at sample  377: ref=-0.125732, dut=          0
Mismatch at sample  379: ref=0.126434, dut=          0
Mismatch at sample  380: ref=0.250458, dut=          0
Mismatch at sample  381: ref=0.369781, dut=          0
Mismatch at sample  382: ref=0.483368, dut=          0
Mismatch at sample  383: ref=0.589478, dut=          0
Mismatch at sample  384: ref=0.686249, dut=          0
Mismatch at sample  385: ref=0.77063, dut=          0
Mismatch at sample  386: ref=0.843201, dut=          0
Mismatch at sample  387: ref=0.903229, dut=          0
Mismatch at sample  388: ref=0.949585, dut=          0
Mismatch at sample  389: ref=0.979248, dut=          0
Mismatch at sample  390: ref=0.994232, dut=          0
Mismatch at sample  391: ref=0.994751, dut=          0
Mismatch at sample  392: ref=0.980316, dut=          0
Mismatch at sample  393: ref=0.948639, dut=          0
Mismatch at sample  394: ref=0.902557, dut=          0
Mismatch at sample  395: ref=0.843079, dut=          0
Mismatch at sample  396: ref=0.770691, dut=          0
Mismatch at sample  397: ref=0.684418, dut=          0
Mismatch at sample  398: ref=0.587402, dut=          0
Mismatch at sample  399: ref=0.481476, dut=          0
Mismatch at sample  400: ref=0.368103, dut=          0
Mismatch at sample  401: ref=0.248047, dut=          0
Mismatch at sample  402: ref=0.124084, dut=          0
Mismatch at sample  404: ref=-0.127228, dut=          0
Mismatch at sample  405: ref=-0.250305, dut=          0
Mismatch at sample  406: ref=-0.369476, dut=          0
Mismatch at sample  407: ref=-0.482971, dut=          0
Mismatch at sample  408: ref=-0.588837, dut=          0
Mismatch at sample  409: ref=-0.684174, dut=          0
Mismatch at sample  410: ref=-0.769135, dut=          0
Mismatch at sample  411: ref=-0.842743, dut=          0
Mismatch at sample  412: ref=-0.903564, dut=          0
Mismatch at sample  413: ref=-0.948517, dut=          0
Mismatch at sample  414: ref=-0.979248, dut=          0
Mismatch at sample  415: ref=-0.995575, dut=          0
Mismatch at sample  416: ref=-0.996887, dut=          0
Mismatch at sample  417: ref=-0.98053, dut=          0
Mismatch at sample  418: ref=-0.949219, dut=          0
Mismatch at sample  419: ref=-0.903748, dut=          0
Mismatch at sample  420: ref=-0.844452, dut=          0
Mismatch at sample  421: ref=-0.769958, dut=          0
Mismatch at sample  422: ref=-0.683533, dut=          0
Mismatch at sample  423: ref=-0.586792, dut=          0
Mismatch at sample  424: ref=-0.48114, dut=          0
Mismatch at sample  425: ref=-0.366852, dut=          0
Mismatch at sample  426: ref=-0.246948, dut=          0
Mismatch at sample  427: ref=-0.123413, dut=          0
Mismatch at sample  429: ref=0.12674, dut=          0
Mismatch at sample  430: ref=0.249756, dut=          0
Mismatch at sample  431: ref=0.368958, dut=          0
Mismatch at sample  432: ref=0.482391, dut=          0
Mismatch at sample  433: ref=0.587189, dut=          0
Mismatch at sample  434: ref=0.683197, dut=          0
Mismatch at sample  435: ref=0.769135, dut=          0
Mismatch at sample  436: ref=0.843384, dut=          0
Mismatch at sample  437: ref=0.902802, dut=          0
Mismatch at sample  438: ref=0.948608, dut=          0
Mismatch at sample  439: ref=0.980469, dut=          0
Mismatch at sample  440: ref=0.997406, dut=          0
Mismatch at sample  441: ref=0.996613, dut=          0
Mismatch at sample  442: ref=0.98056, dut=          0
Mismatch at sample  443: ref=0.949921, dut=          0
Mismatch at sample  444: ref=0.904724, dut=          0
Mismatch at sample  445: ref=0.843323, dut=          0
Mismatch at sample  446: ref=0.76889, dut=          0
Mismatch at sample  447: ref=0.683014, dut=          0
Mismatch at sample  448: ref=0.586761, dut=          0
Mismatch at sample  449: ref=0.480103, dut=          0
Mismatch at sample  450: ref=0.366058, dut=          0
Mismatch at sample  451: ref=0.246704, dut=          0
Mismatch at sample  452: ref=0.123749, dut=          0
Mismatch at sample  454: ref=-0.126312, dut=          0
Mismatch at sample  455: ref=-0.24942, dut=          0
Mismatch at sample  456: ref=-0.368591, dut=          0
Mismatch at sample  457: ref=-0.481262, dut=          0
Mismatch at sample  458: ref=-0.586731, dut=          0
Mismatch at sample  459: ref=-0.683563, dut=          0
---------------------------------------
Testbench Results
Samples processed : 460
Mismatches        : 250
Status: FAIL [!!] (250 samples out of tolerance)
---------------------------------------
INFO [HLS SIM]: The maximum depth reached by any hls::stream() instance in the design is 460
INFO: [SIM 211-1] CSim done with 0 errors.
INFO: [SIM 211-3] *************** CSIM finish ***************
INFO: [HLS 200-112] Total CPU user time: 3 seconds. Total CPU system time: 1 seconds. Total elapsed time: 8.957 seconds; peak allocated memory: 273.527 MB.
INFO: [vitis-run 60-791] Total elapsed time: 0h 0m 14s
