  **** HLS Build v2024.2 5238294
INFO: [HLS 200-2005] Using work_dir C:/HLS-multirate-DSP/HLS_Multirate/FIR_Halfband_v1/FIR_Halfband_v1 
INFO: [HLS 200-1505] Using default flow_target 'vivado'
Resolution: For help on HLS 200-1505 see docs.xilinx.com/access/sources/dita/topic?Doc_Version=2024.2%20English&url=ug1448-hls-guidance&resourceid=200-1505.html
INFO: [HLS 200-1465] Applying ini 'syn.file=FIR_HLS.cpp' from C:/HLS-multirate-DSP/HLS_Multirate/FIR_Halfband_v1/hls_config.cfg(7)
INFO: [HLS 200-10] Adding design file 'C:/HLS-multirate-DSP/HLS_Multirate/FIR_Halfband_v1/FIR_HLS.cpp' to the project
INFO: [HLS 200-1465] Applying ini 'syn.file=FIR_HLS.h' from C:/HLS-multirate-DSP/HLS_Multirate/FIR_Halfband_v1/hls_config.cfg(8)
INFO: [HLS 200-10] Adding design file 'C:/HLS-multirate-DSP/HLS_Multirate/FIR_Halfband_v1/FIR_HLS.h' to the project
INFO: [HLS 200-1465] Applying ini 'syn.file=../../Matlab/FIR_halfband_HLS.h' from C:/HLS-multirate-DSP/HLS_Multirate/FIR_Halfband_v1/hls_config.cfg(9)
INFO: [HLS 200-10] Adding design file 'C:/HLS-multirate-DSP/Matlab/FIR_halfband_HLS.h' to the project
INFO: [HLS 200-1465] Applying ini 'tb.file=FIR_HLS_TB.cpp' from C:/HLS-multirate-DSP/HLS_Multirate/FIR_Halfband_v1/hls_config.cfg(10)
INFO: [HLS 200-10] Adding test bench file 'C:/HLS-multirate-DSP/HLS_Multirate/FIR_Halfband_v1/FIR_HLS_TB.cpp' to the project
INFO: [HLS 200-1465] Applying ini 'tb.file=../../Matlab/TS_HLS_halfband.res' from C:/HLS-multirate-DSP/HLS_Multirate/FIR_Halfband_v1/hls_config.cfg(11)
INFO: [HLS 200-10] Adding test bench file 'C:/HLS-multirate-DSP/Matlab/TS_HLS_halfband.res' to the project
INFO: [HLS 200-1465] Applying ini 'tb.file=../../Matlab/TS_HLS_halfband.dat' from C:/HLS-multirate-DSP/HLS_Multirate/FIR_Halfband_v1/hls_config.cfg(12)
INFO: [HLS 200-10] Adding test bench file 'C:/HLS-multirate-DSP/Matlab/TS_HLS_halfband.dat' to the project
INFO: [HLS 200-1465] Applying ini 'syn.top=FIR_Halfband_v1' from C:/HLS-multirate-DSP/HLS_Multirate/FIR_Halfband_v1/hls_config.cfg(13)
INFO: [HLS 200-1465] Applying ini 'flow_target=vivado' from C:/HLS-multirate-DSP/HLS_Multirate/FIR_Halfband_v1/hls_config.cfg(4)
INFO: [HLS 200-1505] Using flow_target 'vivado'
Resolution: For help on HLS 200-1505 see docs.xilinx.com/access/sources/dita/topic?Doc_Version=2024.2%20English&url=ug1448-hls-guidance&resourceid=200-1505.html
INFO: [HLS 200-1465] Applying ini 'part=xck26-sfvc784-2LV-c' from C:/HLS-multirate-DSP/HLS_Multirate/FIR_Halfband_v1/hls_config.cfg(1)
INFO: [HLS 200-1611] Setting target device to 'xck26-sfvc784-2LV-c'
INFO: [HLS 200-1465] Applying ini 'package.ip.display_name=FIR_Halfband_v1' from C:/HLS-multirate-DSP/HLS_Multirate/FIR_Halfband_v1/hls_config.cfg(14)
INFO: [HLS 200-1465] Applying ini 'package.output.format=ip_catalog' from C:/HLS-multirate-DSP/HLS_Multirate/FIR_Halfband_v1/hls_config.cfg(5)
INFO: [SIM 211-2] *************** CSIM start ***************
INFO: [SIM 211-4] CSIM will launch CLANG as the compiler.
INFO: [HLS 200-2036] Building debug C Simulation binaries
   Compiling ../../../../FIR_HLS.cpp in debug mode
   Generating csim.exe
In file included from ../../../../FIR_HLS.cpp:1:
In file included from ../../../../FIR_HLS.h:2:
In file included from C:/AMD/Vitis/2024.2/include/ap_fixed.h:9:
In file included from C:/AMD/Vitis/2024.2/include/etc/ap_common.h:658:
In file included from C:/AMD/Vitis/2024.2/include/etc/ap_private.h:68:
In file included from C:/AMD/Vitis/2024.2/include/hls_half.h:26:
In file included from C:/AMD/Vitis/2024.2/include/etc/hls_half_fpo.h:19:
In file included from C:/AMD/Vitis/2024.2/include/hls_fpo.h:140:
In file included from C:/AMD/Vitis/2024.2/include/floating_point_v7_1_bitacc_cmodel.h:150:
C:/AMD/Vitis/2024.2/include/gmp.h:58:9: warning: '__GMP_LIBGMP_DLL' macro redefined [-Wmacro-redefined]
#define __GMP_LIBGMP_DLL  0
        ^
C:/AMD/Vitis/2024.2/include/floating_point_v7_1_bitacc_cmodel.h:142:9: note: previous definition is here
#define __GMP_LIBGMP_DLL 1
        ^
1 warning generated.
INFO: Reading ../../../../../../Matlab/TS_HLS_halfband.dat
INFO: Read 460 samples from ../../../../../../Matlab/TS_HLS_halfband.dat
INFO: Reading ../../../../../../Matlab/TS_HLS_halfband.res
INFO: Read 460 samples from ../../../../../../Matlab/TS_HLS_halfband.res
INFO: Input and reference data lengths match.
Mismatch at sample  194: ref=-0.00128174, dut=0.000793457
Mismatch at sample  195: ref=-0.0022583, dut=          0
Mismatch at sample  196: ref=-0.00292969, dut=-0.000793457
Mismatch at sample  202: ref=0.00088501, dut=-0.00128174
Mismatch at sample  203: ref=0.00177002, dut=-0.000549316
Mismatch at sample  204: ref=0.0022583, dut=0.000183105
Mismatch at sample  209: ref=-0.00183105, dut=0.000366211
Mismatch at sample  210: ref=-0.00305176, dut=-0.000427246
Mismatch at sample  211: ref=-0.00390625, dut=-0.00134277
Mismatch at sample  212: ref=-0.00427246, dut=-0.00213623
Mismatch at sample  216: ref=-0.000244141, dut=-0.00244141
Mismatch at sample  217: ref=0.00143433, dut=-0.00158691
Mismatch at sample  218: ref=0.00292969, dut=-0.000488281
Mismatch at sample  219: ref=0.00396729, dut=0.000671387
Mismatch at sample  220: ref=0.00439453, dut=0.00177002
Mismatch at sample  224: ref=-6.10352e-05, dut=0.00238037
Mismatch at sample  225: ref=-0.00180054, dut=0.00140381
Mismatch at sample  226: ref=-0.00320435, dut=0.000305176
Mismatch at sample  227: ref=-0.00402832, dut=-0.000915527
Mismatch at sample  228: ref=-0.00411987, dut=-0.00183105
Mismatch at sample  231: ref=0.00012207, dut=-0.00219727
Mismatch at sample  232: ref=0.0022583, dut=-0.00128174
Mismatch at sample  233: ref=0.00430298, dut=          0
Mismatch at sample  234: ref=0.00585938, dut=0.00146484
Mismatch at sample  235: ref=0.00662231, dut=0.00286865
Mismatch at sample  236: ref=0.00640869, dut=0.00396729
Mismatch at sample  239: ref=0.000488281, dut=0.00372314
Mismatch at sample  240: ref=-0.0022583, dut=0.00244141
Mismatch at sample  241: ref=-0.00473022, dut=0.000671387
Mismatch at sample  242: ref=-0.00653076, dut=-0.0012207
Mismatch at sample  243: ref=-0.00726318, dut=-0.00299072
Mismatch at sample  244: ref=-0.00680542, dut=-0.00421143
Mismatch at sample  246: ref=-0.00241089, dut=-0.00463867
Mismatch at sample  247: ref=0.000732422, dut=-0.00372314
Mismatch at sample  248: ref=0.00390625, dut=-0.0020752
Mismatch at sample  249: ref=0.00662231, dut=          0
Mismatch at sample  250: ref=0.0083313, dut=0.00213623
Mismatch at sample  251: ref=0.00854492, dut=0.00390625
Mismatch at sample  252: ref=0.00720215, dut=0.00506592
Mismatch at sample  254: ref=0.000274658, dut=0.00439453
Mismatch at sample  255: ref=-0.00418091, dut=0.00256348
Mismatch at sample  256: ref=-0.00842285, dut=0.00012207
Mismatch at sample  257: ref=-0.0118408, dut=-0.00292969
Mismatch at sample  258: ref=-0.0136108, dut=-0.00579834
Mismatch at sample  259: ref=-0.0131531, dut=-0.00793457
Mismatch at sample  261: ref=-0.00543213, dut=-0.00854492
Mismatch at sample  262: ref=0.000854492, dut=-0.00671387
Mismatch at sample  263: ref=0.00750732, dut=-0.00366211
Mismatch at sample  264: ref=0.0135498, dut=0.000427246
Mismatch at sample  265: ref=0.0184326, dut=0.00512695
Mismatch at sample  266: ref=0.0203857, dut=0.00927734
Mismatch at sample  267: ref=0.0178528, dut=0.0114746
Mismatch at sample  269: ref=0.00308228, dut=0.0106201
Mismatch at sample  270: ref=-0.00753784, dut=0.00708008
Mismatch at sample  271: ref=-0.0202942, dut=0.000183105
Mismatch at sample  272: ref=-0.0305481, dut=-0.00720215
Mismatch at sample  273: ref=-0.0352478, dut=-0.0132446
Mismatch at sample  274: ref=-0.0315552, dut=-0.0162964
Mismatch at sample  275: ref=-0.0196838, dut=-0.0166626
Mismatch at sample  276: ref=0.00585938, dut=-0.00915527
Mismatch at sample  277: ref=0.0462646, dut=0.00811768
Mismatch at sample  278: ref=0.102814, dut=0.0374756
Mismatch at sample  279: ref=0.17157, dut=0.0767822
Mismatch at sample  280: ref=0.254486, dut=0.130005
Mismatch at sample  281: ref=0.347809, dut=0.195679
Mismatch at sample  282: ref=0.449341, dut=0.273743
Mismatch at sample  283: ref=0.55188, dut=0.358582
Mismatch at sample  284: ref=0.653809, dut=0.450623
Mismatch at sample  285: ref=0.749115, dut=0.544556
Mismatch at sample  286: ref=0.835266, dut=0.63855
Mismatch at sample  287: ref=0.906799, dut=0.726013
Mismatch at sample  288: ref=0.962524, dut=0.805603
Mismatch at sample  289: ref=0.99884, dut=0.872009
Mismatch at sample  290: ref=-0.983398, dut=0.924805
Mismatch at sample  291: ref=-0.984863, dut=0.960571
Mismatch at sample  292: ref=0.995544, dut=0.979431
Mismatch at sample  293: ref=0.957367, dut=0.97876
Mismatch at sample  294: ref=0.904053, dut=0.961243
Mismatch at sample  295: ref=0.837708, dut=0.927368
Mismatch at sample  296: ref=0.759888, dut=0.878662
Mismatch at sample  297: ref=0.670624, dut=0.814453
Mismatch at sample  298: ref=0.573151, dut=0.738708
Mismatch at sample  299: ref=0.469177, dut=0.653137
Mismatch at sample  300: ref=0.359589, dut=0.559204
Mismatch at sample  301: ref=0.244324, dut=0.456604
Mismatch at sample  302: ref=0.125366, dut=0.348328
Mismatch at sample  303: ref=0.00411987, dut=0.235718
Mismatch at sample  304: ref=-0.118103, dut=0.120117
Mismatch at sample  305: ref=-0.239685, dut=0.00189209
Mismatch at sample  306: ref=-0.359131, dut=-0.116943
Mismatch at sample  307: ref=-0.474609, dut=-0.234985
Mismatch at sample  308: ref=-0.58371, dut=-0.350342
Mismatch at sample  309: ref=-0.6828, dut=-0.460449
Mismatch at sample  310: ref=-0.771545, dut=-0.564453
Mismatch at sample  311: ref=-0.848389, dut=-0.660645
Mismatch at sample  312: ref=-0.911377, dut=-0.746887
Mismatch at sample  313: ref=-0.957031, dut=-0.819336
Mismatch at sample  314: ref=-0.987061, dut=-0.878967
Mismatch at sample  315: ref=0.998535, dut=-0.924866
Mismatch at sample  316: ref=         -1, dut=-0.955994
Mismatch at sample  317: ref=-0.98056, dut=-0.969116
Mismatch at sample  318: ref=-0.946289, dut=-0.967041
Mismatch at sample  319: ref=-0.898438, dut=-0.950378
Mismatch at sample  320: ref=-0.837677, dut=-0.919312
Mismatch at sample  321: ref=-0.763, dut=-0.872009
Mismatch at sample  322: ref=-0.67746, dut=-0.81189
Mismatch at sample  323: ref=-0.582581, dut=-0.740417
Mismatch at sample  324: ref=-0.47934, dut=-0.658386
Mismatch at sample  325: ref=-0.367676, dut=-0.565063
Mismatch at sample  326: ref=-0.250122, dut=-0.463501
Mismatch at sample  327: ref=-0.128357, dut=-0.355286
Mismatch at sample  328: ref=-0.00411987, dut=-0.241699
Mismatch at sample  329: ref=0.121002, dut=-0.123535
Mismatch at sample  330: ref=0.245056, dut=-0.00286865
Mismatch at sample  331: ref=0.365997, dut=0.118286
Mismatch at sample  332: ref=0.481567, dut=0.238098
Mismatch at sample  333: ref=0.588562, dut=0.354004
Mismatch at sample  334: ref=0.686432, dut=0.464966
Mismatch at sample  335: ref=0.773682, dut=0.569092
Mismatch at sample  336: ref=0.84848, dut=0.66449
Mismatch at sample  337: ref=0.907562, dut=0.747498
Mismatch at sample  338: ref=0.952301, dut=0.81897
Mismatch at sample  339: ref=0.982483, dut=0.877808
Mismatch at sample  340: ref=0.997528, dut=0.923035
Mismatch at sample  341: ref=0.994904, dut=0.951111
Mismatch at sample  342: ref=0.977356, dut=0.964783
Mismatch at sample  343: ref=0.94577, dut=0.963989
Mismatch at sample  344: ref=0.900299, dut=0.948914
Mismatch at sample  345: ref=0.839386, dut=0.91687
Mismatch at sample  346: ref=0.766083, dut=0.871399
Mismatch at sample  347: ref=0.681732, dut=0.813293
Mismatch at sample  348: ref=0.587158, dut=0.743408
Mismatch at sample  349: ref=0.482025, dut=0.660278
Mismatch at sample  350: ref=0.369171, dut=0.567261
Mismatch at sample  351: ref=0.250458, dut=0.46582
Mismatch at sample  352: ref=0.127533, dut=0.3573
Mismatch at sample  353: ref=0.00192261, dut=0.241943
Mismatch at sample  354: ref=-0.124207, dut=0.12262
Mismatch at sample  355: ref=-0.248718, dut=0.00109863
Mismatch at sample  356: ref=-0.369354, dut=-0.120544
Mismatch at sample  357: ref=-0.483307, dut=-0.240295
Mismatch at sample  358: ref=-0.589691, dut=-0.356567
Mismatch at sample  359: ref=-0.68692, dut=-0.467529
Mismatch at sample  360: ref=-0.773254, dut=-0.571106
Mismatch at sample  361: ref=-0.845428, dut=-0.664185
Mismatch at sample  362: ref=-0.90448, dut=-0.746948
Mismatch at sample  363: ref=-0.949982, dut=-0.81842
Mismatch at sample  364: ref=-0.980988, dut=-0.877197
Mismatch at sample  365: ref=-0.994751, dut=-0.920044
Mismatch at sample  366: ref=-0.993622, dut=-0.948975
Mismatch at sample  367: ref=-0.978088, dut=-0.963989
Mismatch at sample  368: ref=-0.948029, dut=-0.964539
Mismatch at sample  369: ref=-0.901459, dut=-0.947937
Mismatch at sample  370: ref=-0.841339, dut=-0.917236
Mismatch at sample  371: ref=-0.768829, dut=-0.87323
Mismatch at sample  372: ref=-0.684601, dut=-0.816223
Mismatch at sample  373: ref=-0.588043, dut=-0.744568
Mismatch at sample  374: ref=-0.482147, dut=-0.661621
Mismatch at sample  375: ref=-0.368805, dut=-0.568787
Mismatch at sample  376: ref=-0.249634, dut=-0.467285
Mismatch at sample  377: ref=-0.125732, dut=-0.357117
Mismatch at sample  378: ref=0.000335693, dut=-0.241211
Mismatch at sample  379: ref=0.126434, dut=-0.121582
Mismatch at sample  380: ref=0.250458, dut=          0
Mismatch at sample  381: ref=0.369781, dut=0.121521
Mismatch at sample  382: ref=0.483368, dut=0.241394
Mismatch at sample  383: ref=0.589478, dut=0.357483
Mismatch at sample  384: ref=0.686249, dut=0.468018
Mismatch at sample  385: ref=0.77063, dut=0.569824
Mismatch at sample  386: ref=0.843201, dut=0.662964
Mismatch at sample  387: ref=0.903229, dut=0.746033
Mismatch at sample  388: ref=0.949585, dut=0.817749
Mismatch at sample  389: ref=0.979248, dut=0.874573
Mismatch at sample  390: ref=0.994232, dut=0.918335
Mismatch at sample  391: ref=0.994751, dut=0.948547
Mismatch at sample  392: ref=0.980316, dut=0.964661
Mismatch at sample  393: ref=0.948639, dut=0.96344
Mismatch at sample  394: ref=0.902557, dut=0.947937
Mismatch at sample  395: ref=0.843079, dut=0.918457
Mismatch at sample  396: ref=0.770691, dut=0.875244
Mismatch at sample  397: ref=0.684418, dut=0.816162
Mismatch at sample  398: ref=0.587402, dut=0.74469
Mismatch at sample  399: ref=0.481476, dut=0.662048
Mismatch at sample  400: ref=0.368103, dut=0.569397
Mismatch at sample  401: ref=0.248047, dut=0.466187
Mismatch at sample  402: ref=0.124084, dut=0.355774
Mismatch at sample  403: ref=-0.00170898, dut=0.239929
Mismatch at sample  404: ref=-0.127228, dut=0.120605
Mismatch at sample  405: ref=-0.250305, dut=-0.000976563
Mismatch at sample  406: ref=-0.369476, dut=-0.122559
Mismatch at sample  407: ref=-0.482971, dut=-0.242249
Mismatch at sample  408: ref=-0.588837, dut=-0.357971
Mismatch at sample  409: ref=-0.684174, dut=-0.467163
Mismatch at sample  410: ref=-0.769135, dut=-0.569214
Mismatch at sample  411: ref=-0.842743, dut=-0.662781
Mismatch at sample  412: ref=-0.903564, dut=-0.746155
Mismatch at sample  413: ref=-0.948517, dut=-0.816162
Mismatch at sample  414: ref=-0.979248, dut=-0.873962
Mismatch at sample  415: ref=-0.995575, dut=-0.918945
Mismatch at sample  416: ref=-0.996887, dut=-0.950073
Mismatch at sample  417: ref=-0.98053, dut=-0.964233
Mismatch at sample  418: ref=-0.949219, dut=-0.963928
Mismatch at sample  419: ref=-0.903748, dut=-0.949402
Mismatch at sample  420: ref=-0.844452, dut=-0.920593
Mismatch at sample  421: ref=-0.769958, dut=-0.875122
Mismatch at sample  422: ref=-0.683533, dut=-0.816284
Mismatch at sample  423: ref=-0.586792, dut=-0.7453
Mismatch at sample  424: ref=-0.48114, dut=-0.662964
Mismatch at sample  425: ref=-0.366852, dut=-0.568604
Mismatch at sample  426: ref=-0.246948, dut=-0.465393
Mismatch at sample  427: ref=-0.123413, dut=-0.355347
Mismatch at sample  428: ref=0.0017395, dut=-0.23999
Mismatch at sample  429: ref=0.12674, dut=-0.120361
Mismatch at sample  430: ref=0.249756, dut=0.00115967
Mismatch at sample  431: ref=0.368958, dut=0.122498
Mismatch at sample  432: ref=0.482391, dut=0.241821
Mismatch at sample  433: ref=0.587189, dut=0.356628
Mismatch at sample  434: ref=0.683197, dut=0.466125
Mismatch at sample  435: ref=0.769135, dut=0.568665
Mismatch at sample  436: ref=0.843384, dut=0.662598
Mismatch at sample  437: ref=0.902802, dut=0.744507
Mismatch at sample  438: ref=0.948608, dut=0.81543
Mismatch at sample  439: ref=0.980469, dut=0.874268
Mismatch at sample  440: ref=0.997406, dut=0.920044
Mismatch at sample  441: ref=0.996613, dut=0.949158
Mismatch at sample  442: ref=0.98056, dut=0.964111
Mismatch at sample  443: ref=0.949921, dut=0.964722
Mismatch at sample  444: ref=0.904724, dut=0.950806
Mismatch at sample  445: ref=0.843323, dut=0.919556
Mismatch at sample  446: ref=0.76889, dut=0.87439
Mismatch at sample  447: ref=0.683014, dut=0.816162
Mismatch at sample  448: ref=0.586761, dut=0.745667
Mismatch at sample  449: ref=0.480103, dut=0.66156
Mismatch at sample  450: ref=0.366058, dut=0.567383
Mismatch at sample  451: ref=0.246704, dut=0.464722
Mismatch at sample  452: ref=0.123749, dut=0.355286
Mismatch at sample  453: ref=-0.00128174, dut=0.23938
Mismatch at sample  454: ref=-0.126312, dut=0.119873
Mismatch at sample  455: ref=-0.24942, dut=-0.00140381
Mismatch at sample  456: ref=-0.368591, dut=-0.122375
Mismatch at sample  457: ref=-0.481262, dut=-0.241211
Mismatch at sample  458: ref=-0.586731, dut=-0.356384
Mismatch at sample  459: ref=-0.683563, dut=-0.46637
---------------------------------------
Testbench Results
Samples processed : 460
Mismatches        : 243
Status: FAIL [!!] (243 samples out of tolerance)
---------------------------------------
INFO [HLS SIM]: The maximum depth reached by any hls::stream() instance in the design is 460
INFO: [SIM 211-1] CSim done with 0 errors.
INFO: [SIM 211-3] *************** CSIM finish ***************
INFO: [HLS 200-112] Total CPU user time: 4 seconds. Total CPU system time: 1 seconds. Total elapsed time: 8.916 seconds; peak allocated memory: 273.609 MB.
INFO: [vitis-run 60-791] Total elapsed time: 0h 0m 14s
