

================================================================
== Vitis HLS Report for 'Direct_FIR_SRL'
================================================================
* Date:           Sun Nov 16 15:58:37 2025

* Version:        2024.2 (Build 5238294 on Nov  8 2024)
* Project:        Direct_FIR_SRL
* Solution:       hls (Vivado IP Flow Target)
* Product family: zynquplus
* Target device:  xck26-sfvc784-2LV-c


================================================================
== Performance Estimates
================================================================
+ Timing: 
    * Summary: 
    +--------+----------+----------+------------+
    |  Clock |  Target  | Estimated| Uncertainty|
    +--------+----------+----------+------------+
    |ap_clk  |  10.00 ns|  6.863 ns|     2.70 ns|
    +--------+----------+----------+------------+

+ Latency: 
    * Summary: 
    +---------+---------+----------+----------+-----+-----+---------+
    |  Latency (cycles) |  Latency (absolute) |  Interval | Pipeline|
    |   min   |   max   |    min   |    max   | min | max |   Type  |
    +---------+---------+----------+----------+-----+-----+---------+
    |      391|      391|  3.910 us|  3.910 us|  392|  392|       no|
    +---------+---------+----------+----------+-----+-----+---------+

    + Detail: 
        * Instance: 
        N/A

        * Loop: 
        N/A



================================================================
== Utilization Estimates
================================================================
* Summary: 
+-----------------+---------+------+--------+--------+-----+
|       Name      | BRAM_18K|  DSP |   FF   |   LUT  | URAM|
+-----------------+---------+------+--------+--------+-----+
|DSP              |        -|    76|       -|       -|    -|
|Expression       |        -|     -|       0|    7728|    -|
|FIFO             |        -|     -|       -|       -|    -|
|Instance         |        -|     5|       0|      27|    -|
|Memory           |        -|     -|      64|      32|    -|
|Multiplexer      |        -|     -|       0|    4140|    -|
|Register         |        -|     -|    7077|       -|    -|
+-----------------+---------+------+--------+--------+-----+
|Total            |        0|    81|    7141|   11927|    0|
+-----------------+---------+------+--------+--------+-----+
|Available        |      288|  1248|  234240|  117120|   64|
+-----------------+---------+------+--------+--------+-----+
|Utilization (%)  |        0|     6|       3|      10|    0|
+-----------------+---------+------+--------+--------+-----+

+ Detail: 
    * Instance: 
    +-----------------------+--------------------+---------+----+---+----+-----+
    |        Instance       |       Module       | BRAM_18K| DSP| FF| LUT| URAM|
    +-----------------------+--------------------+---------+----+---+----+-----+
    |mul_16s_10s_26_1_1_U1  |mul_16s_10s_26_1_1  |        0|   1|  0|   5|    0|
    |mul_18s_7ns_25_1_1_U4  |mul_18s_7ns_25_1_1  |        0|   1|  0|   5|    0|
    |mul_18s_7ns_25_1_1_U5  |mul_18s_7ns_25_1_1  |        0|   1|  0|   5|    0|
    |mul_19s_8ns_26_1_1_U2  |mul_19s_8ns_26_1_1  |        0|   1|  0|   6|    0|
    |mul_19s_8ns_27_1_1_U3  |mul_19s_8ns_27_1_1  |        0|   1|  0|   6|    0|
    +-----------------------+--------------------+---------+----+---+----+-----+
    |Total                  |                    |        0|   5|  0|  27|    0|
    +-----------------------+--------------------+---------+----+---+----+-----+

    * DSP: 
    +-------------------------------------------+---------------------------------------+---------------------+
    |                  Instance                 |                 Module                |      Expression     |
    +-------------------------------------------+---------------------------------------+---------------------+
    |am_addmul_16s_16s_10ns_27_4_1_U25          |am_addmul_16s_16s_10ns_27_4_1          |       (i0 + i1) * i2|
    |am_addmul_16s_16s_10ns_27_4_1_U34          |am_addmul_16s_16s_10ns_27_4_1          |       (i0 + i1) * i2|
    |am_addmul_16s_16s_10ns_28_4_1_U22          |am_addmul_16s_16s_10ns_28_4_1          |       (i0 + i1) * i2|
    |am_addmul_16s_16s_10s_27_4_1_U37           |am_addmul_16s_16s_10s_27_4_1           |       (i0 + i1) * i2|
    |am_addmul_16s_16s_11ns_28_4_1_U12          |am_addmul_16s_16s_11ns_28_4_1          |       (i0 + i1) * i2|
    |am_addmul_16s_16s_11s_27_4_1_U31           |am_addmul_16s_16s_11s_27_4_1           |       (i0 + i1) * i2|
    |am_addmul_16s_16s_11s_28_4_1_U27           |am_addmul_16s_16s_11s_28_4_1           |       (i0 + i1) * i2|
    |am_addmul_16s_16s_11s_28_4_1_U29           |am_addmul_16s_16s_11s_28_4_1           |       (i0 + i1) * i2|
    |am_addmul_16s_16s_12s_29_4_1_U14           |am_addmul_16s_16s_12s_29_4_1           |       (i0 + i1) * i2|
    |am_addmul_16s_16s_12s_29_4_1_U16           |am_addmul_16s_16s_12s_29_4_1           |       (i0 + i1) * i2|
    |am_addmul_16s_16s_12s_29_4_1_U18           |am_addmul_16s_16s_12s_29_4_1           |       (i0 + i1) * i2|
    |am_addmul_16s_16s_13ns_30_4_1_U10          |am_addmul_16s_16s_13ns_30_4_1          |       (i0 + i1) * i2|
    |am_addmul_16s_16s_13ns_31_4_1_U8           |am_addmul_16s_16s_13ns_31_4_1          |       (i0 + i1) * i2|
    |am_addmul_16s_16s_8ns_26_4_1_U53           |am_addmul_16s_16s_8ns_26_4_1           |       (i0 + i1) * i2|
    |am_addmul_16s_16s_8ns_26_4_1_U56           |am_addmul_16s_16s_8ns_26_4_1           |       (i0 + i1) * i2|
    |am_addmul_16s_16s_8s_25_4_1_U61            |am_addmul_16s_16s_8s_25_4_1            |       (i0 + i1) * i2|
    |am_addmul_16s_16s_8s_25_4_1_U64            |am_addmul_16s_16s_8s_25_4_1            |       (i0 + i1) * i2|
    |am_addmul_16s_16s_9ns_27_4_1_U40           |am_addmul_16s_16s_9ns_27_4_1           |       (i0 + i1) * i2|
    |am_addmul_16s_16s_9ns_27_4_1_U47           |am_addmul_16s_16s_9ns_27_4_1           |       (i0 + i1) * i2|
    |am_addmul_16s_16s_9s_26_4_1_U42            |am_addmul_16s_16s_9s_26_4_1            |       (i0 + i1) * i2|
    |am_addmul_16s_16s_9s_26_4_1_U50            |am_addmul_16s_16s_9s_26_4_1            |       (i0 + i1) * i2|
    |am_addmul_17s_17s_9s_27_4_1_U59            |am_addmul_17s_17s_9s_27_4_1            |       (i0 + i1) * i2|
    |am_addmul_17s_18s_6ns_25_4_1_U74           |am_addmul_17s_18s_6ns_25_4_1           |       (i0 + i1) * i2|
    |am_addmul_18s_18s_7ns_27_4_1_U80           |am_addmul_18s_18s_7ns_27_4_1           |       (i0 + i1) * i2|
    |ama_addmuladd_16s_16s_10ns_28s_28_4_1_U24  |ama_addmuladd_16s_16s_10ns_28s_28_4_1  |  i0 + (i1 + i2) * i3|
    |ama_addmuladd_16s_16s_10s_26s_27_4_1_U36   |ama_addmuladd_16s_16s_10s_26s_27_4_1   |  i0 + (i1 + i2) * i3|
    |ama_addmuladd_16s_16s_10s_26s_27_4_1_U39   |ama_addmuladd_16s_16s_10s_26s_27_4_1   |  (i0 + i1) * i2 + i3|
    |ama_addmuladd_16s_16s_10s_27s_27_4_1_U32   |ama_addmuladd_16s_16s_10s_27s_27_4_1   |  i0 + (i1 + i2) * i3|
    |ama_addmuladd_16s_16s_10s_27s_27_4_1_U38   |ama_addmuladd_16s_16s_10s_27s_27_4_1   |  i0 + (i1 + i2) * i3|
    |ama_addmuladd_16s_16s_10s_27s_28_4_1_U45   |ama_addmuladd_16s_16s_10s_27s_28_4_1   |  i0 + (i1 + i2) * i3|
    |ama_addmuladd_16s_16s_10s_28s_28_4_1_U28   |ama_addmuladd_16s_16s_10s_28s_28_4_1   |  (i0 + i1) * i2 + i3|
    |ama_addmuladd_16s_16s_11ns_28s_28_4_1_U23  |ama_addmuladd_16s_16s_11ns_28s_28_4_1  |  i0 + (i1 + i2) * i3|
    |ama_addmuladd_16s_16s_11s_26s_28_4_1_U21   |ama_addmuladd_16s_16s_11s_26s_28_4_1   |  i0 + (i1 + i2) * i3|
    |ama_addmuladd_16s_16s_11s_28s_28_4_1_U30   |ama_addmuladd_16s_16s_11s_28s_28_4_1   |  i0 + (i1 + i2) * i3|
    |ama_addmuladd_16s_16s_11s_29s_29_4_1_U15   |ama_addmuladd_16s_16s_11s_29s_29_4_1   |  (i0 + i1) * i2 + i3|
    |ama_addmuladd_16s_16s_12ns_30s_30_4_1_U11  |ama_addmuladd_16s_16s_12ns_30s_30_4_1  |  i0 + (i1 + i2) * i3|
    |ama_addmuladd_16s_16s_12s_29s_29_4_1_U17   |ama_addmuladd_16s_16s_12s_29s_29_4_1   |  i0 + (i1 + i2) * i3|
    |ama_addmuladd_16s_16s_12s_29s_29_4_1_U19   |ama_addmuladd_16s_16s_12s_29s_29_4_1   |  i0 + (i1 + i2) * i3|
    |ama_addmuladd_16s_16s_13ns_26s_30_4_1_U6   |ama_addmuladd_16s_16s_13ns_26s_30_4_1  |  i0 + (i1 + i2) * i3|
    |ama_addmuladd_16s_16s_13ns_31s_31_4_1_U9   |ama_addmuladd_16s_16s_13ns_31s_31_4_1  |  i0 + (i1 + i2) * i3|
    |ama_addmuladd_16s_16s_14ns_30s_32_4_1_U7   |ama_addmuladd_16s_16s_14ns_30s_32_4_1  |  i0 + (i1 + i2) * i3|
    |ama_addmuladd_16s_16s_6ns_25s_25_4_1_U75   |ama_addmuladd_16s_16s_6ns_25s_25_4_1   |  (i0 + i1) * i2 + i3|
    |ama_addmuladd_16s_16s_7ns_24s_25_4_1_U71   |ama_addmuladd_16s_16s_7ns_24s_25_4_1   |  i0 + (i1 + i2) * i3|
    |ama_addmuladd_16s_16s_7ns_25s_25_4_1_U65   |ama_addmuladd_16s_16s_7ns_25s_25_4_1   |  i0 + (i1 + i2) * i3|
    |ama_addmuladd_16s_16s_7ns_26s_26_4_1_U43   |ama_addmuladd_16s_16s_7ns_26s_26_4_1   |  (i0 + i1) * i2 + i3|
    |ama_addmuladd_16s_16s_7ns_26s_26_4_1_U79   |ama_addmuladd_16s_16s_7ns_26s_26_4_1   |  (i0 + i1) * i2 + i3|
    |ama_addmuladd_16s_16s_8ns_25s_25_4_1_U62   |ama_addmuladd_16s_16s_8ns_25s_25_4_1   |  i0 + (i1 + i2) * i3|
    |ama_addmuladd_16s_16s_8ns_25s_26_4_1_U49   |ama_addmuladd_16s_16s_8ns_25s_26_4_1   |  (i0 + i1) * i2 + i3|
    |ama_addmuladd_16s_16s_8ns_26s_26_4_1_U54   |ama_addmuladd_16s_16s_8ns_26s_26_4_1   |  i0 + (i1 + i2) * i3|
    |ama_addmuladd_16s_16s_8ns_26s_26_4_1_U57   |ama_addmuladd_16s_16s_8ns_26s_26_4_1   |  i0 + (i1 + i2) * i3|
    |ama_addmuladd_16s_16s_8ns_27s_27_4_1_U46   |ama_addmuladd_16s_16s_8ns_27s_27_4_1   |  (i0 + i1) * i2 + i3|
    |ama_addmuladd_16s_16s_8s_26s_26_4_1_U67    |ama_addmuladd_16s_16s_8s_26s_26_4_1    |  (i0 + i1) * i2 + i3|
    |ama_addmuladd_16s_16s_9ns_20s_26_4_1_U20   |ama_addmuladd_16s_16s_9ns_20s_26_4_1   |  i0 + (i1 + i2) * i3|
    |ama_addmuladd_16s_16s_9ns_25s_26_4_1_U33   |ama_addmuladd_16s_16s_9ns_25s_26_4_1   |  i0 + (i1 + i2) * i3|
    |ama_addmuladd_16s_16s_9ns_26s_27_4_1_U44   |ama_addmuladd_16s_16s_9ns_26s_27_4_1   |  i0 + (i1 + i2) * i3|
    |ama_addmuladd_16s_16s_9ns_27s_27_4_1_U26   |ama_addmuladd_16s_16s_9ns_27s_27_4_1   |  i0 + (i1 + i2) * i3|
    |ama_addmuladd_16s_16s_9ns_27s_27_4_1_U35   |ama_addmuladd_16s_16s_9ns_27s_27_4_1   |  i0 + (i1 + i2) * i3|
    |ama_addmuladd_16s_16s_9ns_27s_27_4_1_U41   |ama_addmuladd_16s_16s_9ns_27s_27_4_1   |  i0 + (i1 + i2) * i3|
    |ama_addmuladd_16s_16s_9ns_28s_28_4_1_U13   |ama_addmuladd_16s_16s_9ns_28s_28_4_1   |  i0 + (i1 + i2) * i3|
    |ama_addmuladd_16s_16s_9s_25s_26_4_1_U66    |ama_addmuladd_16s_16s_9s_25s_26_4_1    |  i0 + (i1 + i2) * i3|
    |ama_addmuladd_16s_16s_9s_26s_26_4_1_U51    |ama_addmuladd_16s_16s_9s_26s_26_4_1    |  i0 + (i1 + i2) * i3|
    |ama_addmuladd_16s_16s_9s_26s_26_4_1_U52    |ama_addmuladd_16s_16s_9s_26s_26_4_1    |  (i0 + i1) * i2 + i3|
    |ama_addmuladd_16s_16s_9s_27s_27_4_1_U60    |ama_addmuladd_16s_16s_9s_27s_27_4_1    |  i0 + (i1 + i2) * i3|
    |ama_addmuladd_17s_17s_7ns_26s_26_4_1_U78   |ama_addmuladd_17s_17s_7ns_26s_26_4_1   |  i0 + (i1 + i2) * i3|
    |ama_addmuladd_17s_17s_7s_22s_24_4_1_U70    |ama_addmuladd_17s_17s_7s_22s_24_4_1    |  (i0 + i1) * i2 + i3|
    |ama_addmuladd_17s_17s_8s_25s_26_4_1_U69    |ama_addmuladd_17s_17s_8s_25s_26_4_1    |  i0 + (i1 + i2) * i3|
    |ama_addmuladd_17s_17s_9s_24s_26_4_1_U58    |ama_addmuladd_17s_17s_9s_24s_26_4_1    |  i0 + (i1 + i2) * i3|
    |ama_addmuladd_17s_17s_9s_26s_27_4_1_U55    |ama_addmuladd_17s_17s_9s_26s_27_4_1    |  i0 + (i1 + i2) * i3|
    |ama_addmuladd_17s_18s_7ns_27s_27_4_1_U68   |ama_addmuladd_17s_18s_7ns_27s_27_4_1   |  i0 + (i1 + i2) * i3|
    |ama_addmuladd_17s_18s_7ns_27s_27_4_1_U81   |ama_addmuladd_17s_18s_7ns_27s_27_4_1   |  i0 + (i1 + i2) * i3|
    |ama_addmuladd_18s_16s_8ns_26s_27_4_1_U63   |ama_addmuladd_18s_16s_8ns_26s_27_4_1   |  i0 + (i1 + i2) * i3|
    |ama_addmuladd_18s_16s_9ns_27s_27_4_1_U48   |ama_addmuladd_18s_16s_9ns_27s_27_4_1   |  i0 + (i1 + i2) * i3|
    |ama_addmuladd_19s_16s_6ns_25s_26_4_1_U72   |ama_addmuladd_19s_16s_6ns_25s_26_4_1   |  i0 + (i1 + i2) * i3|
    |ama_submuladd_18s_16s_5ns_22s_23_4_1_U77   |ama_submuladd_18s_16s_5ns_22s_23_4_1   |  (i0 - i1) * i2 + i3|
    |ama_submuladd_18s_16s_5ns_24s_24_4_1_U76   |ama_submuladd_18s_16s_5ns_24s_24_4_1   |  i0 + (i1 - i2) * i3|
    |ama_submuladd_19s_16s_6ns_25s_25_4_1_U73   |ama_submuladd_19s_16s_6ns_25s_25_4_1   |  i0 + (i1 - i2) * i3|
    +-------------------------------------------+---------------------------------------+---------------------+

    * Memory: 
    +------------------+-----------------------------------+---------+----+----+-----+------+-----+------+-------------+
    |      Memory      |               Module              | BRAM_18K| FF | LUT| URAM| Words| Bits| Banks| W*Bits*Banks|
    +------------------+-----------------------------------+---------+----+----+-----+------+-----+------+-------------+
    |fir_shiftreg_V_U  |fir_shiftreg_V_SHIFTREG_AUTO_0R0W  |        0|  64|  32|    0|   392|   16|     1|         6272|
    +------------------+-----------------------------------+---------+----+----+-----+------+-----+------+-------------+
    |Total             |                                   |        0|  64|  32|    0|   392|   16|     1|         6272|
    +------------------+-----------------------------------+---------+----+----+-----+------+-----+------+-------------+

    * FIFO: 
    N/A

    * Expression: 
    +-------------------------+----------+----+---+----+------------+------------+
    |      Variable Name      | Operation| DSP| FF| LUT| Bitwidth P0| Bitwidth P1|
    +-------------------------+----------+----+---+----+------------+------------+
    |FIR_accu32_1_fu_9711_p2  |         +|   0|  0|  32|          32|          32|
    |add_ln18_100_fu_8834_p2  |         +|   0|  0|  34|          27|          27|
    |add_ln18_101_fu_8844_p2  |         +|   0|  0|  35|          28|          28|
    |add_ln18_103_fu_9014_p2  |         +|   0|  0|  25|          25|          25|
    |add_ln18_104_fu_9223_p2  |         +|   0|  0|  26|          26|          26|
    |add_ln18_106_fu_9232_p2  |         +|   0|  0|  23|          23|          23|
    |add_ln18_107_fu_9242_p2  |         +|   0|  0|  31|          24|          24|
    |add_ln18_108_fu_9252_p2  |         +|   0|  0|  26|          26|          26|
    |add_ln18_109_fu_9393_p2  |         +|   0|  0|  26|          26|          26|
    |add_ln18_111_fu_9607_p2  |         +|   0|  0|  34|          27|          27|
    |add_ln18_114_fu_9666_p2  |         +|   0|  0|  34|          27|          27|
    |add_ln18_115_fu_9675_p2  |         +|   0|  0|  35|          28|          28|
    |add_ln18_116_fu_9685_p2  |         +|   0|  0|  29|          29|          29|
    |add_ln18_117_fu_9691_p2  |         +|   0|  0|  29|          29|          29|
    |add_ln18_118_fu_9701_p2  |         +|   0|  0|  38|          31|          31|
    |add_ln18_11_fu_4174_p2   |         +|   0|  0|  37|          30|          30|
    |add_ln18_12_fu_4184_p2   |         +|   0|  0|  38|          31|          31|
    |add_ln18_13_fu_4566_p2   |         +|   0|  0|  32|          32|          32|
    |add_ln18_18_fu_4375_p2   |         +|   0|  0|  36|          29|          29|
    |add_ln18_19_fu_4385_p2   |         +|   0|  0|  37|          30|          30|
    |add_ln18_22_fu_4495_p2   |         +|   0|  0|  35|          28|          28|
    |add_ln18_25_fu_4583_p2   |         +|   0|  0|  36|          29|          29|
    |add_ln18_26_fu_4593_p2   |         +|   0|  0|  37|          30|          30|
    |add_ln18_27_fu_4603_p2   |         +|   0|  0|  38|          31|          31|
    |add_ln18_28_fu_4613_p2   |         +|   0|  0|  32|          32|          32|
    |add_ln18_30_fu_4823_p2   |         +|   0|  0|  34|          27|          27|
    |add_ln18_31_fu_4759_p2   |         +|   0|  0|  28|          28|          28|
    |add_ln18_33_fu_4898_p2   |         +|   0|  0|  29|          29|          29|
    |add_ln18_34_fu_4904_p2   |         +|   0|  0|  29|          29|          29|
    |add_ln18_37_fu_5041_p2   |         +|   0|  0|  35|          28|          28|
    |add_ln18_40_fu_5186_p2   |         +|   0|  0|  35|          28|          28|
    |add_ln18_41_fu_5196_p2   |         +|   0|  0|  36|          29|          29|
    |add_ln18_42_fu_5206_p2   |         +|   0|  0|  37|          30|          30|
    |add_ln18_47_fu_5535_p2   |         +|   0|  0|  35|          28|          28|
    |add_ln18_48_fu_5544_p2   |         +|   0|  0|  36|          29|          29|
    |add_ln18_4_fu_4005_p2    |         +|   0|  0|  32|          32|          32|
    |add_ln18_51_fu_5842_p2   |         +|   0|  0|  28|          28|          28|
    |add_ln18_54_fu_5854_p2   |         +|   0|  0|  34|          27|          27|
    |add_ln18_55_fu_5864_p2   |         +|   0|  0|  28|          28|          28|
    |add_ln18_56_fu_5874_p2   |         +|   0|  0|  37|          30|          30|
    |add_ln18_57_fu_5884_p2   |         +|   0|  0|  38|          31|          31|
    |add_ln18_58_fu_9646_p2   |         +|   0|  0|  32|          32|          32|
    |add_ln18_5_fu_4011_p2    |         +|   0|  0|  32|          32|          32|
    |add_ln18_63_fu_6194_p2   |         +|   0|  0|  34|          27|          27|
    |add_ln18_64_fu_6204_p2   |         +|   0|  0|  35|          28|          28|
    |add_ln18_67_fu_6359_p2   |         +|   0|  0|  34|          27|          27|
    |add_ln18_69_fu_6582_p2   |         +|   0|  0|  26|          26|          26|
    |add_ln18_70_fu_6592_p2   |         +|   0|  0|  28|          28|          28|
    |add_ln18_71_fu_6598_p2   |         +|   0|  0|  28|          28|          28|
    |add_ln18_72_fu_6608_p2   |         +|   0|  0|  36|          29|          29|
    |add_ln18_75_fu_6893_p2   |         +|   0|  0|  26|          26|          26|
    |add_ln18_77_fu_7015_p2   |         +|   0|  0|  34|          27|          27|
    |add_ln18_78_fu_7025_p2   |         +|   0|  0|  35|          28|          28|
    |add_ln18_79_fu_7203_p2   |         +|   0|  0|  26|          26|          26|
    |add_ln18_81_fu_7353_p2   |         +|   0|  0|  34|          27|          27|
    |add_ln18_83_fu_7623_p2   |         +|   0|  0|  24|          24|          24|
    |add_ln18_84_fu_7633_p2   |         +|   0|  0|  33|          26|          26|
    |add_ln18_85_fu_7642_p2   |         +|   0|  0|  35|          28|          28|
    |add_ln18_86_fu_7667_p2   |         +|   0|  0|  36|          29|          29|
    |add_ln18_87_fu_7677_p2   |         +|   0|  0|  37|          30|          30|
    |add_ln18_8_fu_4110_p2    |         +|   0|  0|  36|          29|          29|
    |add_ln18_91_fu_8316_p2   |         +|   0|  0|  25|          25|          25|
    |add_ln18_92_fu_8326_p2   |         +|   0|  0|  33|          26|          26|
    |add_ln18_93_fu_8335_p2   |         +|   0|  0|  34|          27|          27|
    |add_ln18_95_fu_8551_p2   |         +|   0|  0|  24|          24|          24|
    |add_ln18_96_fu_8599_p2   |         +|   0|  0|  33|          26|          26|
    |add_ln18_97_fu_8698_p2   |         +|   0|  0|  32|          25|          25|
    |add_ln18_99_fu_8824_p2   |         +|   0|  0|  33|          26|          26|
    |grp_fu_10014_p30         |         +|   0|  0|  34|          27|          27|
    |grp_fu_10043_p30         |         +|   0|  0|  34|          27|          27|
    |grp_fu_10139_p30         |         +|   0|  0|  33|          26|          26|
    |grp_fu_10272_p30         |         +|   0|  0|  34|          27|          27|
    |grp_fu_10419_p3          |         +|   0|  0|  33|          26|          26|
    |grp_fu_10430_p3          |         +|   0|  0|  33|          26|          26|
    |grp_fu_9899_p3           |         +|   0|  0|  35|          28|          28|
    |sum1_fu_1427_p2          |         +|   0|  0|  24|          17|          17|
    |sum_fu_2195_p2           |         +|   0|  0|  24|          17|          17|
    |tmp100_fu_8638_p2        |         +|   0|  0|  25|          18|          18|
    |tmp101_fu_8628_p2        |         +|   0|  0|  24|          17|          17|
    |tmp103_fu_6766_p2        |         +|   0|  0|  18|          18|          18|
    |tmp107_fu_8734_p2        |         +|   0|  0|  24|          17|          17|
    |tmp108_fu_2857_p2        |         +|   0|  0|  25|          18|          18|
    |tmp109_fu_2508_p2        |         +|   0|  0|  24|          17|          17|
    |tmp115_fu_2847_p2        |         +|   0|  0|  24|          17|          17|
    |tmp116_fu_9591_p2        |         +|   0|  0|  25|          18|          18|
    |tmp117_fu_9581_p2        |         +|   0|  0|  24|          17|          17|
    |tmp118_fu_9633_p2        |         +|   0|  0|  24|          17|          17|
    |tmp119_fu_3208_p2        |         +|   0|  0|  24|          17|          17|
    |tmp121_fu_7293_p2        |         +|   0|  0|  18|          18|          18|
    |tmp125_fu_5454_p2        |         +|   0|  0|  24|          17|          17|
    |tmp126_fu_3330_p2        |         +|   0|  0|  24|          17|          17|
    |tmp127_fu_5764_p2        |         +|   0|  0|  24|          17|          17|
    |tmp128_fu_3429_p2        |         +|   0|  0|  24|          17|          17|
    |tmp1294_fu_8648_p2       |         +|   0|  0|  26|          19|          19|
    |tmp129_fu_6073_p2        |         +|   0|  0|  24|          17|          17|
    |tmp12_fu_7104_p2         |         +|   0|  0|  27|          20|          20|
    |tmp131_fu_3076_p2        |         +|   0|  0|  24|          17|          17|
    |tmp132_fu_6103_p2        |         +|   0|  0|  24|          17|          17|
    |tmp133_fu_1516_p2        |         +|   0|  0|  24|          17|          17|
    |tmp139_fu_3271_p2        |         +|   0|  0|  24|          17|          17|
    |tmp140_fu_6316_p2        |         +|   0|  0|  24|          17|          17|
    |tmp141_fu_2531_p2        |         +|   0|  0|  24|          17|          17|
    |tmp142_fu_6724_p2        |         +|   0|  0|  24|          17|          17|
    |tmp146_fu_8800_p2        |         +|   0|  0|  19|          19|          19|
    |tmp155_fu_3053_p2        |         +|   0|  0|  24|          17|          17|
    |tmp156_fu_7051_p2        |         +|   0|  0|  24|          17|          17|
    |tmp157_fu_2311_p2        |         +|   0|  0|  24|          17|          17|
    |tmp15_fu_9329_p2         |         +|   0|  0|  20|          20|          20|
    |tmp165_fu_5464_p2        |         +|   0|  0|  25|          18|          18|
    |tmp167_fu_3602_p2        |         +|   0|  0|  24|          17|          17|
    |tmp168_fu_7442_p2        |         +|   0|  0|  24|          17|          17|
    |tmp17_fu_5907_p2         |         +|   0|  0|  24|          17|          17|
    |tmp187_fu_6326_p2        |         +|   0|  0|  25|          18|          18|
    |tmp189_fu_2630_p2        |         +|   0|  0|  24|          17|          17|
    |tmp18_fu_7544_p2         |         +|   0|  0|  24|          17|          17|
    |tmp190_fu_7919_p2        |         +|   0|  0|  24|          17|          17|
    |tmp195_fu_2001_p2        |         +|   0|  0|  24|          17|          17|
    |tmp196_fu_7987_p2        |         +|   0|  0|  24|          17|          17|
    |tmp198_fu_6474_p2        |         +|   0|  0|  18|          18|          18|
    |tmp19_fu_1836_p2         |         +|   0|  0|  25|          18|          18|
    |tmp1_fu_9319_p2          |         +|   0|  0|  24|          17|          17|
    |tmp200_fu_6525_p2        |         +|   0|  0|  26|          26|          26|
    |tmp203_fu_6734_p2        |         +|   0|  0|  25|          18|          18|
    |tmp207_fu_7061_p2        |         +|   0|  0|  25|          18|          18|
    |tmp209_fu_1770_p2        |         +|   0|  0|  24|          17|          17|
    |tmp20_fu_7713_p2         |         +|   0|  0|  25|          18|          18|
    |tmp210_fu_8070_p2        |         +|   0|  0|  24|          17|          17|
    |tmp213_fu_7167_p2        |         +|   0|  0|  18|          18|          18|
    |tmp215_fu_2748_p2        |         +|   0|  0|  24|          17|          17|
    |tmp216_fu_8499_p2        |         +|   0|  0|  24|          17|          17|
    |tmp218_fu_7378_p2        |         +|   0|  0|  18|          18|          18|
    |tmp22_fu_2719_p2         |         +|   0|  0|  18|          18|          18|
    |tmp231_fu_7997_p2        |         +|   0|  0|  25|          18|          18|
    |tmp232_fu_8027_p2        |         +|   0|  0|  30|          23|          23|
    |tmp235_fu_8080_p2        |         +|   0|  0|  25|          18|          18|
    |tmp237_fu_2106_p2        |         +|   0|  0|  24|          17|          17|
    |tmp238_fu_8577_p2        |         +|   0|  0|  24|          17|          17|
    |tmp240_fu_8205_p2        |         +|   0|  0|  18|          18|          18|
    |tmp243_fu_1724_p2        |         +|   0|  0|  24|          17|          17|
    |tmp244_fu_9054_p2        |         +|   0|  0|  24|          17|          17|
    |tmp246_fu_8384_p2        |         +|   0|  0|  18|          18|          18|
    |tmp249_fu_1470_p2        |         +|   0|  0|  24|          17|          17|
    |tmp250_fu_9111_p2        |         +|   0|  0|  24|          17|          17|
    |tmp252_fu_8430_p2        |         +|   0|  0|  18|          18|          18|
    |tmp254_fu_8490_p2        |         +|   0|  0|  24|          24|          24|
    |tmp257_fu_8509_p2        |         +|   0|  0|  25|          18|          18|
    |tmp25_fu_6273_p2         |         +|   0|  0|  19|          19|          19|
    |tmp261_fu_8587_p2        |         +|   0|  0|  25|          18|          18|
    |tmp262_fu_8688_p2        |         +|   0|  0|  31|          24|          24|
    |tmp263_fu_1324_p2        |         +|   0|  0|  24|          17|          17|
    |tmp264_fu_9278_p2        |         +|   0|  0|  24|          17|          17|
    |tmp266_fu_8169_p2        |         +|   0|  0|  25|          18|          18|
    |tmp269_fu_1803_p2        |         +|   0|  0|  24|          17|          17|
    |tmp270_fu_9447_p2        |         +|   0|  0|  24|          17|          17|
    |tmp272_fu_8884_p2        |         +|   0|  0|  18|          18|          18|
    |tmp278_fu_7789_p2        |         +|   0|  0|  25|          18|          18|
    |tmp27_fu_7231_p2         |         +|   0|  0|  19|          19|          19|
    |tmp283_fu_9064_p2        |         +|   0|  0|  25|          18|          18|
    |tmp287_fu_9121_p2        |         +|   0|  0|  25|          18|          18|
    |tmp293_fu_9185_p2        |         +|   0|  0|  18|          18|          18|
    |tmp297_fu_9288_p2        |         +|   0|  0|  25|          18|          18|
    |tmp298_fu_9383_p2        |         +|   0|  0|  32|          25|          25|
    |tmp2_fu_3307_p2          |         +|   0|  0|  25|          18|          18|
    |tmp333_fu_4142_p2        |         +|   0|  0|  24|          17|          17|
    |tmp341_fu_4268_p2        |         +|   0|  0|  24|          17|          17|
    |tmp35_fu_7564_p2         |         +|   0|  0|  26|          19|          19|
    |tmp361_fu_4517_p2        |         +|   0|  0|  24|          17|          17|
    |tmp363_fu_4540_p2        |         +|   0|  0|  24|          17|          17|
    |tmp367_fu_4636_p2        |         +|   0|  0|  24|          17|          17|
    |tmp369_fu_4723_p2        |         +|   0|  0|  24|          17|          17|
    |tmp370_fu_4753_p2        |         +|   0|  0|  28|          28|          28|
    |tmp375_fu_4863_p2        |         +|   0|  0|  24|          17|          17|
    |tmp37_fu_7703_p2         |         +|   0|  0|  24|          17|          17|
    |tmp385_fu_5074_p2        |         +|   0|  0|  24|          17|          17|
    |tmp38_fu_3175_p2         |         +|   0|  0|  25|          18|          18|
    |tmp3_fu_2357_p2          |         +|   0|  0|  24|          17|          17|
    |tmp405_fu_5584_p2        |         +|   0|  0|  24|          17|          17|
    |tmp413_fu_5741_p2        |         +|   0|  0|  24|          17|          17|
    |tmp423_fu_6027_p2        |         +|   0|  0|  24|          17|          17|
    |tmp431_fu_6531_p2        |         +|   0|  0|  24|          17|          17|
    |tmp439_fu_6853_p2        |         +|   0|  0|  24|          17|          17|
    |tmp43_fu_7835_p2         |         +|   0|  0|  19|          19|          19|
    |tmp443_fu_7492_p2        |         +|   0|  0|  24|          17|          17|
    |tmp4_fu_3297_p2          |         +|   0|  0|  24|          17|          17|
    |tmp53_fu_8260_p2         |         +|   0|  0|  26|          19|          19|
    |tmp55_fu_1701_p2         |         +|   0|  0|  24|          17|          17|
    |tmp56_fu_3165_p2         |         +|   0|  0|  24|          17|          17|
    |tmp57_fu_8250_p2         |         +|   0|  0|  25|          18|          18|
    |tmp58_fu_7515_p2         |         +|   0|  0|  24|          17|          17|
    |tmp5_fu_7554_p2          |         +|   0|  0|  25|          18|          18|
    |tmp62_fu_7338_p2         |         +|   0|  0|  19|          19|          19|
    |tmp64_fu_8913_p2         |         +|   0|  0|  19|          19|          19|
    |tmp67_fu_8240_p2         |         +|   0|  0|  24|          17|          17|
    |tmp68_fu_5607_p2         |         +|   0|  0|  24|          17|          17|
    |tmp69_fu_7756_p2         |         +|   0|  0|  24|          17|          17|
    |tmp70_fu_6789_p2         |         +|   0|  0|  24|          17|          17|
    |tmp74_fu_7867_p2         |         +|   0|  0|  19|          19|          19|
    |tmp77_fu_9421_p2         |         +|   0|  0|  19|          19|          19|
    |tmp79_fu_3406_p2         |         +|   0|  0|  25|          18|          18|
    |tmp7_fu_2083_p2          |         +|   0|  0|  18|          18|          18|
    |tmp80_fu_3396_p2         |         +|   0|  0|  24|          17|          17|
    |tmp81_fu_5317_p2         |         +|   0|  0|  25|          18|          18|
    |tmp82_fu_5307_p2         |         +|   0|  0|  24|          17|          17|
    |tmp86_fu_7410_p2         |         +|   0|  0|  19|          19|          19|
    |tmp89_fu_9524_p2         |         +|   0|  0|  19|          19|          19|
    |tmp95_fu_5327_p2         |         +|   0|  0|  26|          19|          19|
    |tmp97_fu_7257_p2         |         +|   0|  0|  24|          17|          17|
    |tmp98_fu_2607_p2         |         +|   0|  0|  25|          18|          18|
    |tmp99_fu_2597_p2         |         +|   0|  0|  24|          17|          17|
    |tmp_fu_1549_p2           |         +|   0|  0|  24|          17|          17|
    |grp_fu_10111_p3          |         -|   0|  0|  34|          27|          27|
    |grp_fu_10167_p3          |         -|   0|  0|  33|          26|          26|
    |grp_fu_10400_p3          |         -|   0|  0|  31|          24|          24|
    |p_neg904_fu_6549_p2      |         -|   0|  0|  26|           1|          26|
    |p_neg924_fu_4793_p2      |         -|   0|  0|  26|           1|          26|
    |p_neg943_fu_8527_p2      |         -|   0|  0|  24|           1|          24|
    |p_neg966_fu_5380_p2      |         -|   0|  0|  27|           1|          27|
    |p_neg975_fu_8278_p2      |         -|   0|  0|  32|           1|          25|
    |tmp102_fu_6760_p2        |         -|   0|  0|  18|          18|          18|
    |tmp104_fu_6974_p2        |         -|   0|  0|  19|          19|          19|
    |tmp105_fu_6980_p2        |         -|   0|  0|  19|          19|          19|
    |tmp10_fu_6916_p2         |         -|   0|  0|  19|          19|          19|
    |tmp110_fu_5661_p2        |         -|   0|  0|  18|          18|          18|
    |tmp111_fu_5667_p2        |         -|   0|  0|  18|          18|          18|
    |tmp11_fu_6921_p2         |         -|   0|  0|  19|          19|          19|
    |tmp120_fu_7287_p2        |         -|   0|  0|  18|          18|          18|
    |tmp122_fu_8358_p2        |         -|   0|  0|  26|          19|          19|
    |tmp134_fu_6432_p2        |         -|   0|  0|  18|          18|          18|
    |tmp135_fu_6438_p2        |         -|   0|  0|  18|          18|          18|
    |tmp13_fu_9314_p2         |         -|   0|  0|  20|          20|          20|
    |tmp143_fu_1278_p2        |         -|   0|  0|  24|          17|          17|
    |tmp144_fu_7955_p2        |         -|   0|  0|  18|          18|          18|
    |tmp145_fu_7961_p2        |         -|   0|  0|  18|          18|          18|
    |tmp147_fu_8806_p2        |         -|   0|  0|  19|          19|          19|
    |tmp158_fu_5818_p2        |         -|   0|  0|  18|          18|          18|
    |tmp159_fu_5824_p2        |         -|   0|  0|  18|          18|          18|
    |tmp169_fu_3129_p2        |         -|   0|  0|  24|          17|          17|
    |tmp16_fu_9355_p2         |         -|   0|  0|  26|          26|          26|
    |tmp170_fu_5262_p2        |         -|   0|  0|  25|          18|          18|
    |tmp191_fu_2663_p2        |         -|   0|  0|  24|          17|          17|
    |tmp192_fu_6179_p2        |         -|   0|  0|  25|          18|          18|
    |tmp197_fu_2781_p2        |         -|   0|  0|  24|          17|          17|
    |tmp199_fu_6480_p2        |         -|   0|  0|  18|          18|          18|
    |tmp204_fu_6847_p2        |         -|   0|  0|  26|          26|          26|
    |tmp208_fu_7148_p2        |         -|   0|  0|  32|           1|          25|
    |tmp211_fu_2452_p2        |         -|   0|  0|  24|          17|          17|
    |tmp212_fu_7161_p2        |         -|   0|  0|  18|          18|          18|
    |tmp214_fu_7197_p2        |         -|   0|  0|  26|          26|          26|
    |tmp217_fu_3030_p2        |         -|   0|  0|  24|          17|          17|
    |tmp219_fu_7384_p2        |         -|   0|  0|  18|          18|          18|
    |tmp21_fu_2162_p2         |         -|   0|  0|  24|          17|          17|
    |tmp236_fu_8156_p2        |         -|   0|  0|  32|          25|          25|
    |tmp239_fu_2485_p2        |         -|   0|  0|  24|          17|          17|
    |tmp23_fu_2725_p2         |         -|   0|  0|  18|          18|          18|
    |tmp241_fu_8211_p2        |         -|   0|  0|  18|          18|          18|
    |tmp245_fu_2334_p2        |         -|   0|  0|  24|          17|          17|
    |tmp247_fu_8390_p2        |         -|   0|  0|  18|          18|          18|
    |tmp24_fu_6267_p2         |         -|   0|  0|  19|          19|          19|
    |tmp251_fu_2248_p2        |         -|   0|  0|  24|          17|          17|
    |tmp253_fu_8436_p2        |         -|   0|  0|  18|          18|          18|
    |tmp258_fu_8545_p2        |         -|   0|  0|  24|          24|          24|
    |tmp265_fu_1493_p2        |         -|   0|  0|  24|          17|          17|
    |tmp26_fu_7226_p2         |         -|   0|  0|  19|          19|          19|
    |tmp271_fu_1859_p2        |         -|   0|  0|  24|          17|          17|
    |tmp273_fu_8890_p2        |         -|   0|  0|  18|          18|          18|
    |tmp274_fu_9004_p2        |         -|   0|  0|  31|          24|          24|
    |tmp277_fu_1747_p2        |         -|   0|  0|  24|          17|          17|
    |tmp284_fu_9098_p2        |         -|   0|  0|  29|           1|          22|
    |tmp288_fu_9166_p2        |         -|   0|  0|  29|          22|          22|
    |tmp291_fu_2129_p2        |         -|   0|  0|  24|          17|          17|
    |tmp292_fu_9179_p2        |         -|   0|  0|  18|          18|          18|
    |tmp294_fu_9211_p2        |         -|   0|  0|  23|          23|          23|
    |tmp334_fu_4241_p2        |         -|   0|  0|  27|           1|          20|
    |tmp362_fu_4810_p2        |         -|   0|  0|  26|          26|          26|
    |tmp364_fu_4681_p2        |         -|   0|  0|  32|          25|          25|
    |tmp368_fu_4713_p2        |         -|   0|  0|  34|          27|          27|
    |tmp36_fu_7582_p2         |         -|   0|  0|  28|           1|          21|
    |tmp39_fu_1678_p2         |         -|   0|  0|  24|          17|          17|
    |tmp424_fu_6152_p2        |         -|   0|  0|  31|          24|          24|
    |tmp432_fu_6567_p2        |         -|   0|  0|  26|          26|          26|
    |tmp440_fu_6883_p2        |         -|   0|  0|  29|          22|          22|
    |tmp444_fu_7614_p2        |         -|   0|  0|  24|          24|          24|
    |tmp44_fu_7841_p2         |         -|   0|  0|  19|          19|          19|
    |tmp54_fu_8296_p2         |         -|   0|  0|  25|          25|          25|
    |tmp59_fu_1301_p2         |         -|   0|  0|  24|          17|          17|
    |tmp60_fu_1978_p2         |         -|   0|  0|  25|          18|          18|
    |tmp63_fu_7344_p2         |         -|   0|  0|  19|          19|          19|
    |tmp65_fu_8918_p2         |         -|   0|  0|  19|          19|          19|
    |tmp66_fu_8948_p2         |         -|   0|  0|  25|          25|          25|
    |tmp6_fu_2077_p2          |         -|   0|  0|  18|          18|          18|
    |tmp71_fu_1632_p2         |         -|   0|  0|  24|          17|          17|
    |tmp72_fu_1655_p2         |         -|   0|  0|  25|          18|          18|
    |tmp75_fu_7873_p2         |         -|   0|  0|  19|          19|          19|
    |tmp76_fu_9416_p2         |         -|   0|  0|  19|          19|          19|
    |tmp83_fu_1912_p2         |         -|   0|  0|  24|          17|          17|
    |tmp84_fu_1945_p2         |         -|   0|  0|  25|          18|          18|
    |tmp87_fu_7416_p2         |         -|   0|  0|  19|          19|          19|
    |tmp88_fu_9519_p2         |         -|   0|  0|  19|          19|          19|
    |tmp8_fu_2383_p2          |         -|   0|  0|  19|          19|          19|
    |tmp96_fu_5397_p2         |         -|   0|  0|  27|          27|          27|
    |tmp9_fu_2389_p2          |         -|   0|  0|  19|          19|          19|
    |ap_block_state392        |        or|   0|  0|   2|           1|           1|
    +-------------------------+----------+----+---+----+------------+------------+
    |Total                    |          |   0|  0|7728|        6141|        6348|
    +-------------------------+----------+----+---+----+------------+------------+

    * Multiplexer: 
    +-------------------------+------+-----------+-----+-----------+
    |           Name          |  LUT | Input Size| Bits| Total Bits|
    +-------------------------+------+-----------+-----+-----------+
    |ap_NS_fsm                |  2074|        393|    1|        393|
    |fir_shiftreg_V_address0  |  2048|        388|    9|       3492|
    |input_r_TDATA_blk_n      |     9|          2|    1|          2|
    |output_r_TDATA_blk_n     |     9|          2|    1|          2|
    +-------------------------+------+-----------+-----+-----------+
    |Total                    |  4140|        785|   12|       3889|
    +-------------------------+------+-----------+-----+-----------+

    * Register: 
    +------------------------+-----+----+-----+-----------+
    |          Name          |  FF | LUT| Bits| Const Bits|
    +------------------------+-----+----+-----+-----------+
    |add_ln18_101_reg_12467  |   28|   0|   28|          0|
    |add_ln18_102_reg_12488  |   24|   0|   24|          0|
    |add_ln18_103_reg_12483  |   24|   0|   25|          1|
    |add_ln18_108_reg_12509  |   26|   0|   26|          0|
    |add_ln18_109_reg_12520  |   23|   0|   26|          3|
    |add_ln18_111_reg_12547  |   27|   0|   27|          0|
    |add_ln18_112_reg_12552  |   26|   0|   26|          0|
    |add_ln18_12_reg_11519   |   31|   0|   31|          0|
    |add_ln18_15_reg_11545   |   28|   0|   28|          0|
    |add_ln18_16_reg_11550   |   28|   0|   28|          0|
    |add_ln18_19_reg_11565   |   30|   0|   30|          0|
    |add_ln18_1_reg_11449    |   32|   0|   32|          0|
    |add_ln18_20_reg_11580   |   27|   0|   27|          0|
    |add_ln18_22_reg_11595   |   28|   0|   28|          0|
    |add_ln18_23_reg_11606   |   28|   0|   28|          0|
    |add_ln18_28_reg_11622   |   32|   0|   32|          0|
    |add_ln18_2_reg_11454    |   31|   0|   31|          0|
    |add_ln18_30_reg_11643   |   27|   0|   27|          0|
    |add_ln18_31_reg_11638   |   27|   0|   28|          1|
    |add_ln18_34_reg_11669   |   29|   0|   29|          0|
    |add_ln18_35_reg_11689   |   27|   0|   27|          0|
    |add_ln18_37_reg_11709   |   28|   0|   28|          0|
    |add_ln18_38_reg_11724   |   27|   0|   27|          0|
    |add_ln18_42_reg_11749   |   30|   0|   30|          0|
    |add_ln18_44_reg_11790   |   27|   0|   27|          0|
    |add_ln18_45_reg_11810   |   28|   0|   28|          0|
    |add_ln18_48_reg_11826   |   29|   0|   29|          0|
    |add_ln18_49_reg_11852   |   27|   0|   27|          0|
    |add_ln18_50_reg_11862   |   26|   0|   26|          0|
    |add_ln18_52_reg_11888   |   26|   0|   26|          0|
    |add_ln18_57_reg_11898   |   31|   0|   31|          0|
    |add_ln18_5_reg_11469    |   32|   0|   32|          0|
    |add_ln18_60_reg_11939   |   27|   0|   27|          0|
    |add_ln18_61_reg_11949   |   26|   0|   26|          0|
    |add_ln18_64_reg_11969   |   28|   0|   28|          0|
    |add_ln18_65_reg_11984   |   27|   0|   27|          0|
    |add_ln18_67_reg_12015   |   27|   0|   27|          0|
    |add_ln18_68_reg_12035   |   27|   0|   27|          0|
    |add_ln18_6_reg_11479    |   28|   0|   28|          0|
    |add_ln18_72_reg_12056   |   29|   0|   29|          0|
    |add_ln18_74_reg_12117   |   26|   0|   26|          0|
    |add_ln18_75_reg_12122   |   24|   0|   26|          2|
    |add_ln18_78_reg_12147   |   28|   0|   28|          0|
    |add_ln18_79_reg_12177   |   21|   0|   26|          5|
    |add_ln18_81_reg_12207   |   27|   0|   27|          0|
    |add_ln18_82_reg_12243   |   26|   0|   26|          0|
    |add_ln18_85_reg_12248   |   28|   0|   28|          0|
    |add_ln18_87_reg_12258   |   30|   0|   30|          0|
    |add_ln18_89_reg_12349   |   25|   0|   25|          0|
    |add_ln18_8_reg_11494    |   29|   0|   29|          0|
    |add_ln18_90_reg_12379   |   26|   0|   26|          0|
    |add_ln18_93_reg_12389   |   27|   0|   27|          0|
    |add_ln18_95_reg_12415   |   22|   0|   24|          2|
    |add_ln18_96_reg_12426   |   26|   0|   26|          0|
    |add_ln18_97_reg_12431   |   24|   0|   25|          1|
    |add_ln18_9_reg_11504    |   29|   0|   29|          0|
    |ap_CS_fsm               |  392|   0|  392|          0|
    |p_0100_reg_12268        |   16|   0|   16|          0|
    |p_0104_reg_12253        |   16|   0|   16|          0|
    |p_0112_reg_12222        |   16|   0|   16|          0|
    |p_0122_reg_12192        |   16|   0|   16|          0|
    |p_0132_reg_12172        |   16|   0|   16|          0|
    |p_0136_reg_12162        |   16|   0|   16|          0|
    |p_0138_reg_12157        |   16|   0|   16|          0|
    |p_0142_reg_12142        |   16|   0|   16|          0|
    |p_0146_reg_12132        |   16|   0|   16|          0|
    |p_0154_reg_12112        |   16|   0|   16|          0|
    |p_0164_reg_12086        |   16|   0|   16|          0|
    |p_0166_reg_12076        |   16|   0|   16|          0|
    |p_0168_reg_12071        |   16|   0|   16|          0|
    |p_0170_reg_12066        |   16|   0|   16|          0|
    |p_0174_reg_12061        |   16|   0|   16|          0|
    |p_0180_reg_12045        |   16|   0|   16|          0|
    |p_0184_reg_12030        |   16|   0|   16|          0|
    |p_0186_reg_12020        |   16|   0|   16|          0|
    |p_0188_reg_12010        |   16|   0|   16|          0|
    |p_0198_reg_11989        |   16|   0|   16|          0|
    |p_0200_reg_11979        |   16|   0|   16|          0|
    |p_0212_reg_11954        |   16|   0|   16|          0|
    |p_0214_reg_11944        |   16|   0|   16|          0|
    |p_0218_reg_11918        |   16|   0|   16|          0|
    |p_0228_reg_11908        |   16|   0|   16|          0|
    |p_032_reg_12451         |   16|   0|   16|          0|
    |p_034_reg_12446         |   16|   0|   16|          0|
    |p_036_reg_12441         |   16|   0|   16|          0|
    |p_040_reg_12436         |   16|   0|   16|          0|
    |p_060_reg_12374         |   16|   0|   16|          0|
    |p_064_reg_12359         |   16|   0|   16|          0|
    |p_068_reg_12354         |   16|   0|   16|          0|
    |p_072_reg_12333         |   16|   0|   16|          0|
    |p_080_reg_12318         |   16|   0|   16|          0|
    |p_082_reg_12313         |   16|   0|   16|          0|
    |p_088_reg_12298         |   16|   0|   16|          0|
    |p_090_reg_12293         |   16|   0|   16|          0|
    |p_094_reg_12283         |   16|   0|   16|          0|
    |p_098_reg_12273         |   16|   0|   16|          0|
    |p_102_reg_10969         |   16|   0|   16|          0|
    |p_104_reg_10979         |   16|   0|   16|          0|
    |p_105_reg_10984         |   16|   0|   16|          0|
    |p_106_reg_10989         |   16|   0|   16|          0|
    |p_109_reg_11004         |   16|   0|   16|          0|
    |p_10_reg_10509          |   16|   0|   16|          0|
    |p_111_reg_11014         |   16|   0|   16|          0|
    |p_112_reg_11019         |   16|   0|   16|          0|
    |p_113_reg_11024         |   16|   0|   16|          0|
    |p_114_reg_11029         |   16|   0|   16|          0|
    |p_116_reg_11039         |   16|   0|   16|          0|
    |p_117_reg_11044         |   16|   0|   16|          0|
    |p_118_reg_11049         |   16|   0|   16|          0|
    |p_119_reg_11054         |   16|   0|   16|          0|
    |p_11_reg_10514          |   16|   0|   16|          0|
    |p_120_reg_11059         |   16|   0|   16|          0|
    |p_121_reg_11064         |   16|   0|   16|          0|
    |p_122_reg_11069         |   16|   0|   16|          0|
    |p_123_reg_11074         |   16|   0|   16|          0|
    |p_124_reg_11079         |   16|   0|   16|          0|
    |p_125_reg_11084         |   16|   0|   16|          0|
    |p_126_reg_11089         |   16|   0|   16|          0|
    |p_127_reg_11094         |   16|   0|   16|          0|
    |p_128_reg_11099         |   16|   0|   16|          0|
    |p_129_reg_11104         |   16|   0|   16|          0|
    |p_12_reg_10519          |   16|   0|   16|          0|
    |p_130_reg_11109         |   16|   0|   16|          0|
    |p_134_reg_11129         |   16|   0|   16|          0|
    |p_135_reg_11134         |   16|   0|   16|          0|
    |p_136_reg_11139         |   16|   0|   16|          0|
    |p_138_reg_11149         |   16|   0|   16|          0|
    |p_13_reg_10524          |   16|   0|   16|          0|
    |p_140_reg_11159         |   16|   0|   16|          0|
    |p_142_reg_11169         |   16|   0|   16|          0|
    |p_143_reg_11174         |   16|   0|   16|          0|
    |p_144_reg_11179         |   16|   0|   16|          0|
    |p_145_reg_11184         |   16|   0|   16|          0|
    |p_149_reg_11204         |   16|   0|   16|          0|
    |p_14_reg_10529          |   16|   0|   16|          0|
    |p_150_reg_11209         |   16|   0|   16|          0|
    |p_151_reg_11214         |   16|   0|   16|          0|
    |p_152_reg_11219         |   16|   0|   16|          0|
    |p_155_reg_11234         |   16|   0|   16|          0|
    |p_156_reg_11239         |   16|   0|   16|          0|
    |p_157_reg_11244         |   16|   0|   16|          0|
    |p_158_reg_11249         |   16|   0|   16|          0|
    |p_159_reg_11254         |   16|   0|   16|          0|
    |p_15_reg_10534          |   16|   0|   16|          0|
    |p_160_reg_11259         |   16|   0|   16|          0|
    |p_161_reg_11264         |   16|   0|   16|          0|
    |p_162_reg_11269         |   16|   0|   16|          0|
    |p_163_reg_11274         |   16|   0|   16|          0|
    |p_164_reg_11279         |   16|   0|   16|          0|
    |p_165_reg_11284         |   16|   0|   16|          0|
    |p_166_reg_11289         |   16|   0|   16|          0|
    |p_167_reg_11294         |   16|   0|   16|          0|
    |p_168_reg_11299         |   16|   0|   16|          0|
    |p_169_reg_11304         |   16|   0|   16|          0|
    |p_16_reg_10539          |   16|   0|   16|          0|
    |p_171_reg_11314         |   16|   0|   16|          0|
    |p_172_reg_11319         |   16|   0|   16|          0|
    |p_173_reg_11324         |   16|   0|   16|          0|
    |p_174_reg_11329         |   16|   0|   16|          0|
    |p_175_reg_11334         |   16|   0|   16|          0|
    |p_176_reg_11339         |   16|   0|   16|          0|
    |p_177_reg_11344         |   16|   0|   16|          0|
    |p_178_reg_11349         |   16|   0|   16|          0|
    |p_179_reg_11354         |   16|   0|   16|          0|
    |p_180_reg_11359         |   16|   0|   16|          0|
    |p_181_reg_11364         |   16|   0|   16|          0|
    |p_182_reg_11369         |   16|   0|   16|          0|
    |p_183_reg_11374         |   16|   0|   16|          0|
    |p_184_reg_11379         |   16|   0|   16|          0|
    |p_185_reg_11384         |   16|   0|   16|          0|
    |p_186_reg_11389         |   16|   0|   16|          0|
    |p_187_reg_11394         |   16|   0|   16|          0|
    |p_188_reg_11399         |   16|   0|   16|          0|
    |p_189_reg_11404         |   16|   0|   16|          0|
    |p_190_reg_11409         |   16|   0|   16|          0|
    |p_191_reg_11414         |   16|   0|   16|          0|
    |p_192_reg_11419         |   16|   0|   16|          0|
    |p_193_reg_11424         |   16|   0|   16|          0|
    |p_194_reg_11429         |   16|   0|   16|          0|
    |p_1_reg_10464           |   16|   0|   16|          0|
    |p_202_reg_11464         |   16|   0|   16|          0|
    |p_208_reg_11499         |   16|   0|   16|          0|
    |p_20_reg_10559          |   16|   0|   16|          0|
    |p_217_reg_11560         |   16|   0|   16|          0|
    |p_218_reg_11570         |   16|   0|   16|          0|
    |p_21_reg_10564          |   16|   0|   16|          0|
    |p_22_reg_10569          |   16|   0|   16|          0|
    |p_232_reg_11654         |   16|   0|   16|          0|
    |p_233_reg_11664         |   16|   0|   16|          0|
    |p_234_reg_11674         |   16|   0|   16|          0|
    |p_238_reg_11684         |   16|   0|   16|          0|
    |p_239_reg_11694         |   16|   0|   16|          0|
    |p_23_reg_10574          |   16|   0|   16|          0|
    |p_240_reg_11704         |   16|   0|   16|          0|
    |p_241_reg_11714         |   16|   0|   16|          0|
    |p_245_reg_11729         |   16|   0|   16|          0|
    |p_246_reg_11734         |   16|   0|   16|          0|
    |p_247_reg_11744         |   16|   0|   16|          0|
    |p_248_reg_11754         |   16|   0|   16|          0|
    |p_24_reg_10579          |   16|   0|   16|          0|
    |p_251_reg_11764         |   16|   0|   16|          0|
    |p_254_reg_11785         |   16|   0|   16|          0|
    |p_255_reg_11795         |   16|   0|   16|          0|
    |p_256_reg_11805         |   16|   0|   16|          0|
    |p_25_reg_10584          |   16|   0|   16|          0|
    |p_26_reg_10589          |   16|   0|   16|          0|
    |p_27_reg_10594          |   16|   0|   16|          0|
    |p_29_reg_10604          |   16|   0|   16|          0|
    |p_2_reg_10469           |   16|   0|   16|          0|
    |p_30_reg_10609          |   16|   0|   16|          0|
    |p_34_reg_10629          |   16|   0|   16|          0|
    |p_36_reg_10639          |   16|   0|   16|          0|
    |p_37_reg_10644          |   16|   0|   16|          0|
    |p_38_reg_10649          |   16|   0|   16|          0|
    |p_39_reg_10654          |   16|   0|   16|          0|
    |p_3_reg_10474           |   16|   0|   16|          0|
    |p_40_reg_10659          |   16|   0|   16|          0|
    |p_41_reg_10664          |   16|   0|   16|          0|
    |p_49_reg_10704          |   16|   0|   16|          0|
    |p_4_reg_10479           |   16|   0|   16|          0|
    |p_51_reg_10714          |   16|   0|   16|          0|
    |p_54_reg_10729          |   16|   0|   16|          0|
    |p_55_reg_10734          |   16|   0|   16|          0|
    |p_56_reg_10739          |   16|   0|   16|          0|
    |p_58_reg_10749          |   16|   0|   16|          0|
    |p_5_reg_10484           |   16|   0|   16|          0|
    |p_60_reg_10759          |   16|   0|   16|          0|
    |p_63_reg_10774          |   16|   0|   16|          0|
    |p_64_reg_10779          |   16|   0|   16|          0|
    |p_65_reg_10784          |   16|   0|   16|          0|
    |p_66_reg_10789          |   16|   0|   16|          0|
    |p_67_reg_10794          |   16|   0|   16|          0|
    |p_6_reg_10489           |   16|   0|   16|          0|
    |p_71_reg_10814          |   16|   0|   16|          0|
    |p_73_reg_10824          |   16|   0|   16|          0|
    |p_75_reg_10834          |   16|   0|   16|          0|
    |p_76_reg_10839          |   16|   0|   16|          0|
    |p_77_reg_10844          |   16|   0|   16|          0|
    |p_79_reg_10854          |   16|   0|   16|          0|
    |p_7_reg_10494           |   16|   0|   16|          0|
    |p_80_reg_10859          |   16|   0|   16|          0|
    |p_81_reg_10864          |   16|   0|   16|          0|
    |p_82_reg_10869          |   16|   0|   16|          0|
    |p_87_reg_10894          |   16|   0|   16|          0|
    |p_88_reg_10899          |   16|   0|   16|          0|
    |p_89_reg_10904          |   16|   0|   16|          0|
    |p_8_reg_10499           |   16|   0|   16|          0|
    |p_90_reg_10909          |   16|   0|   16|          0|
    |p_92_reg_10919          |   16|   0|   16|          0|
    |p_96_reg_10939          |   16|   0|   16|          0|
    |p_97_reg_10944          |   16|   0|   16|          0|
    |p_98_reg_10949          |   16|   0|   16|          0|
    |p_99_reg_10954          |   16|   0|   16|          0|
    |p_9_reg_10504           |   16|   0|   16|          0|
    |p_s_reg_10459           |   16|   0|   16|          0|
    |sum1_reg_10599          |   17|   0|   17|          0|
    |sum_reg_10829           |   17|   0|   17|          0|
    |tmp103_reg_12097        |   18|   0|   18|          0|
    |tmp108_reg_11034        |   18|   0|   18|          0|
    |tmp109_reg_10929        |   17|   0|   17|          0|
    |tmp111_reg_11857        |   18|   0|   18|          0|
    |tmp119_reg_11164        |   17|   0|   17|          0|
    |tmp11_reg_12127         |   19|   0|   19|          0|
    |tmp121_reg_12187        |   18|   0|   18|          0|
    |tmp122_reg_12394        |   19|   0|   19|          0|
    |tmp126_reg_11199        |   17|   0|   17|          0|
    |tmp127_reg_11878        |   17|   0|   17|          0|
    |tmp128_reg_11229        |   17|   0|   17|          0|
    |tmp12_reg_12167         |   20|   0|   20|          0|
    |tmp131_reg_11124        |   17|   0|   17|          0|
    |tmp133_reg_10624        |   17|   0|   17|          0|
    |tmp135_reg_12040        |   18|   0|   18|          0|
    |tmp139_reg_11189        |   17|   0|   17|          0|
    |tmp141_reg_10934        |   17|   0|   17|          0|
    |tmp143_reg_10544        |   17|   0|   17|          0|
    |tmp145_reg_12323        |   18|   0|   18|          0|
    |tmp147_reg_12461        |   19|   0|   19|          0|
    |tmp155_reg_11119        |   17|   0|   17|          0|
    |tmp157_reg_10874        |   17|   0|   17|          0|
    |tmp159_reg_11893        |   18|   0|   18|          0|
    |tmp165_reg_11815        |   18|   0|   18|          0|
    |tmp167_reg_11309        |   17|   0|   17|          0|
    |tmp169_reg_11144        |   17|   0|   17|          0|
    |tmp170_reg_11759        |   18|   0|   18|          0|
    |tmp17_reg_11903         |   17|   0|   17|          0|
    |tmp187_reg_12004        |   18|   0|   18|          0|
    |tmp189_reg_10964        |   17|   0|   17|          0|
    |tmp191_reg_10974        |   17|   0|   17|          0|
    |tmp192_reg_11964        |   18|   0|   18|          0|
    |tmp195_reg_10769        |   17|   0|   17|          0|
    |tmp197_reg_11009        |   17|   0|   17|          0|
    |tmp199_reg_12050        |   18|   0|   18|          0|
    |tmp19_reg_10719         |   18|   0|   18|          0|
    |tmp203_reg_12091        |   18|   0|   18|          0|
    |tmp207_reg_12152        |   18|   0|   18|          0|
    |tmp209_reg_10699        |   17|   0|   17|          0|
    |tmp20_reg_12263         |   18|   0|   18|          0|
    |tmp211_reg_10914        |   17|   0|   17|          0|
    |tmp215_reg_10999        |   17|   0|   17|          0|
    |tmp217_reg_11114        |   17|   0|   17|          0|
    |tmp219_reg_12212        |   18|   0|   18|          0|
    |tmp21_reg_10819         |   17|   0|   17|          0|
    |tmp235_reg_12343        |   18|   0|   18|          0|
    |tmp237_reg_10804        |   17|   0|   17|          0|
    |tmp239_reg_10924        |   17|   0|   17|          0|
    |tmp23_reg_10994         |   18|   0|   18|          0|
    |tmp241_reg_12384        |   18|   0|   18|          0|
    |tmp243_reg_10689        |   17|   0|   17|          0|
    |tmp245_reg_10879        |   17|   0|   17|          0|
    |tmp247_reg_12399        |   18|   0|   18|          0|
    |tmp249_reg_10614        |   17|   0|   17|          0|
    |tmp251_reg_10849        |   17|   0|   17|          0|
    |tmp253_reg_12404        |   18|   0|   18|          0|
    |tmp25_reg_11994         |   19|   0|   19|          0|
    |tmp261_reg_12420        |   18|   0|   18|          0|
    |tmp263_reg_10554        |   17|   0|   17|          0|
    |tmp265_reg_10619        |   17|   0|   17|          0|
    |tmp266_reg_12369        |   18|   0|   18|          0|
    |tmp269_reg_10709        |   17|   0|   17|          0|
    |tmp271_reg_10724        |   17|   0|   17|          0|
    |tmp273_reg_12472        |   18|   0|   18|          0|
    |tmp277_reg_10694        |   17|   0|   17|          0|
    |tmp278_reg_12288        |   18|   0|   18|          0|
    |tmp27_reg_12182         |   19|   0|   19|          0|
    |tmp283_reg_12493        |   18|   0|   18|          0|
    |tmp287_reg_12503        |   18|   0|   18|          0|
    |tmp291_reg_10809        |   17|   0|   17|          0|
    |tmp297_reg_12514        |   18|   0|   18|          0|
    |tmp2_reg_11194          |   18|   0|   18|          0|
    |tmp333_reg_11514        |   17|   0|   17|          0|
    |tmp341_reg_11529        |   17|   0|   17|          0|
    |tmp361_reg_11600        |   17|   0|   17|          0|
    |tmp363_reg_11616        |   17|   0|   17|          0|
    |tmp367_reg_11627        |   17|   0|   17|          0|
    |tmp375_reg_11648        |   17|   0|   17|          0|
    |tmp38_reg_11154         |   18|   0|   18|          0|
    |tmp39_reg_10679         |   17|   0|   17|          0|
    |tmp3_reg_10884          |   17|   0|   17|          0|
    |tmp405_reg_11836        |   17|   0|   17|          0|
    |tmp413_reg_11872        |   17|   0|   17|          0|
    |tmp423_reg_11933        |   17|   0|   17|          0|
    |tmp428_reg_11999        |   25|   0|   25|          0|
    |tmp436_reg_12081        |   25|   0|   25|          0|
    |tmp443_reg_12232        |   17|   0|   17|          0|
    |tmp44_reg_12303         |   19|   0|   19|          0|
    |tmp55_reg_10684         |   17|   0|   17|          0|
    |tmp58_reg_12238         |   17|   0|   17|          0|
    |tmp59_reg_10549         |   17|   0|   17|          0|
    |tmp60_reg_10764         |   18|   0|   18|          0|
    |tmp63_reg_12202         |   19|   0|   19|          0|
    |tmp68_reg_11842         |   17|   0|   17|          0|
    |tmp69_reg_12278         |   17|   0|   17|          0|
    |tmp70_reg_12102         |   17|   0|   17|          0|
    |tmp71_reg_10669         |   17|   0|   17|          0|
    |tmp72_reg_10674         |   18|   0|   18|          0|
    |tmp75_reg_12308         |   19|   0|   19|          0|
    |tmp77_reg_12525         |   19|   0|   19|          0|
    |tmp79_reg_11224         |   18|   0|   18|          0|
    |tmp7_reg_10799          |   18|   0|   18|          0|
    |tmp83_reg_10744         |   17|   0|   17|          0|
    |tmp84_reg_10754         |   18|   0|   18|          0|
    |tmp87_reg_12217         |   19|   0|   19|          0|
    |tmp89_reg_12536         |   19|   0|   19|          0|
    |tmp95_reg_11769         |   19|   0|   19|          0|
    |tmp98_reg_10959         |   18|   0|   18|          0|
    |tmp9_reg_10889          |   19|   0|   19|          0|
    |tmp_reg_10634           |   17|   0|   17|          0|
    +------------------------+-----+----+-----+-----------+
    |Total                   | 7077|   0| 7092|         15|
    +------------------------+-----+----+-----+-----------+



================================================================
== Interface
================================================================
* Summary: 
+-----------------+-----+-----+--------------+----------------+--------------+
|    RTL Ports    | Dir | Bits|   Protocol   |  Source Object |    C Type    |
+-----------------+-----+-----+--------------+----------------+--------------+
|ap_clk           |   in|    1|  ap_ctrl_none|  Direct_FIR_SRL|  return value|
|ap_rst_n         |   in|    1|  ap_ctrl_none|  Direct_FIR_SRL|  return value|
|input_r_TDATA    |   in|   16|          axis|         input_r|       pointer|
|input_r_TVALID   |   in|    1|          axis|         input_r|       pointer|
|input_r_TREADY   |  out|    1|          axis|         input_r|       pointer|
|output_r_TDATA   |  out|   16|          axis|        output_r|       pointer|
|output_r_TVALID  |  out|    1|          axis|        output_r|       pointer|
|output_r_TREADY  |   in|    1|          axis|        output_r|       pointer|
+-----------------+-----+-----+--------------+----------------+--------------+

