

================================================================
== Vitis HLS Report for 'Multirate_v3'
================================================================
* Date:           Sun Nov 16 16:27:02 2025

* Version:        2024.2 (Build 5238294 on Nov  8 2024)
* Project:        Multirate_v3
* Solution:       hls (Vivado IP Flow Target)
* Product family: zynquplus
* Target device:  xck26-sfvc784-2LV-c


================================================================
== Performance Estimates
================================================================
+ Timing: 
    * Summary: 
    +--------+----------+----------+------------+
    |  Clock |  Target  | Estimated| Uncertainty|
    +--------+----------+----------+------------+
    |ap_clk  |  10.00 ns|  6.652 ns|     2.70 ns|
    +--------+----------+----------+------------+

+ Latency: 
    * Summary: 
    +---------+---------+-----------+----------+-----+-----+---------+
    |  Latency (cycles) |  Latency (absolute)  |  Interval | Pipeline|
    |   min   |   max   |    min    |    max   | min | max |   Type  |
    +---------+---------+-----------+----------+-----+-----+---------+
    |        2|       14|  20.000 ns|  0.140 us|    3|   15|       no|
    +---------+---------+-----------+----------+-----+-----+---------+

    + Detail: 
        * Instance: 
        N/A

        * Loop: 
        N/A

============================================================
+ Verbose Summary: Synthesis Manager
============================================================
InlineROM: 1
ExposeGlobal: 0
============================================================
+ Verbose Summary: CDFG Model
============================================================
IsTopModel: 1
ResetActiveHigh: 1
IsCombinational: 0
IsDatapathOnly: 0
HasWiredReturn: 1
HasMFsm: 0
HasVarLatency: 1
IsPipeline: 0
IsRtlPipelined: 0
IsInstanceOverlapped: 0
IsDontTouch: 0
HasImplIP: 0
IsGatedGlobalClock: 0


============================================================
+ Verbose Summary: Schedule
============================================================
* Number of FSM states : 17
* Pipeline : 0
* Dataflow Pipeline: 0

* FSM state transitions: 
1 --> 2 3 17 
2 --> 16 
3 --> 4 
4 --> 5 
5 --> 6 
6 --> 7 
7 --> 8 
8 --> 9 
9 --> 10 
10 --> 11 
11 --> 12 
12 --> 13 
13 --> 14 
14 --> 15 
15 --> 16 
16 --> 
17 --> 16 

* FSM state operations: 

State 1 <SV = 0> <Delay = 4.39>
ST_1 : Operation 18 [1/1] (0.00ns)   --->   "%spectopmodule_ln14 = spectopmodule void @_ssdm_op_SpecTopModule, void @empty_2" [FIR_HLS.cpp:14]   --->   Operation 18 'spectopmodule' 'spectopmodule_ln14' <Predicate = true> <Delay = 0.00>
ST_1 : Operation 19 [1/1] (0.00ns)   --->   "%specinterface_ln14 = specinterface void @_ssdm_op_SpecInterface, i32 0, void @empty, i32 0, i32 0, void @empty_0, i32 0, i32 0, void @empty_0, void @empty_0, void @empty_0, i32 0, i32 0, i32 0, i32 0, void @empty_0, void @empty_0, i32 4294967295, i32 0, i32 0" [FIR_HLS.cpp:14]   --->   Operation 19 'specinterface' 'specinterface_ln14' <Predicate = true> <Delay = 0.00>
ST_1 : Operation 20 [1/1] (0.00ns)   --->   "%specinterface_ln0 = specinterface void @_ssdm_op_SpecInterface, i16 %input_r, void @empty_3, i32 1, i32 1, void @empty_1, i32 0, i32 0, void @empty_0, void @empty_0, void @empty_0, i32 0, i32 0, i32 0, i32 0, void @empty_0, void @empty_0, i32 4294967295, i32 0, i32 0"   --->   Operation 20 'specinterface' 'specinterface_ln0' <Predicate = true> <Delay = 0.00>
ST_1 : Operation 21 [1/1] (0.00ns)   --->   "%specbitsmap_ln0 = specbitsmap void @_ssdm_op_SpecBitsMap, i16 %input_r"   --->   Operation 21 'specbitsmap' 'specbitsmap_ln0' <Predicate = true> <Delay = 0.00>
ST_1 : Operation 22 [1/1] (0.00ns)   --->   "%specinterface_ln0 = specinterface void @_ssdm_op_SpecInterface, i16 %output_r, void @empty_3, i32 1, i32 1, void @empty_1, i32 0, i32 0, void @empty_0, void @empty_0, void @empty_0, i32 0, i32 0, i32 0, i32 0, void @empty_0, void @empty_0, i32 4294967295, i32 0, i32 0"   --->   Operation 22 'specinterface' 'specinterface_ln0' <Predicate = true> <Delay = 0.00>
ST_1 : Operation 23 [1/1] (0.00ns)   --->   "%specbitsmap_ln0 = specbitsmap void @_ssdm_op_SpecBitsMap, i16 %output_r"   --->   Operation 23 'specbitsmap' 'specbitsmap_ln0' <Predicate = true> <Delay = 0.00>
ST_1 : Operation 24 [1/1] (0.00ns)   --->   "%mod_value_load = load i2 %mod_value" [FIR_HLS.cpp:29]   --->   Operation 24 'load' 'mod_value_load' <Predicate = true> <Delay = 0.00>
ST_1 : Operation 25 [1/1] (0.00ns)   --->   "%y2_load = load i16 %y2" [FIR_HLS.cpp:40]   --->   Operation 25 'load' 'y2_load' <Predicate = true> <Delay = 0.00>
ST_1 : Operation 26 [1/1] (0.54ns)   --->   "%switch_ln29 = switch i2 %mod_value_load, void %if.else29, i2 0, void %if.then, i2 1, void %if.then12, i2 2, void %if.then22" [FIR_HLS.cpp:29]   --->   Operation 26 'switch' 'switch_ln29' <Predicate = true> <Delay = 0.54>
ST_1 : Operation 27 [1/1] (0.07ns)   --->   "%input_r_read_3 = read i16 @_ssdm_op_Read.axis.volatile.i16P128A, i16 %input_r" [FIR_HLS.cpp:44]   --->   Operation 27 'read' 'input_r_read_3' <Predicate = (mod_value_load == 2)> <Delay = 0.07> <CoreInst = "regslice">   --->   Core 147 'regslice' <Latency = 0> <II = 1> <Delay = 0.59> <Adapter> <Opcode : 'read' 'write'>
ST_1 : Operation 28 [1/1] (0.00ns)   --->   "%p_ZL17H_accu_FIR_dec_42_0_load = load i32 %p_ZL17H_accu_FIR_dec_42_0" [FIR_HLS.cpp:44]   --->   Operation 28 'load' 'p_ZL17H_accu_FIR_dec_42_0_load' <Predicate = (mod_value_load == 2)> <Delay = 0.00>
ST_1 : Operation 29 [1/1] (0.00ns)   --->   "%p_ZL17H_accu_FIR_dec_42_1_load = load i32 %p_ZL17H_accu_FIR_dec_42_1" [FIR_HLS.cpp:44]   --->   Operation 29 'load' 'p_ZL17H_accu_FIR_dec_42_1_load' <Predicate = (mod_value_load == 2)> <Delay = 0.00>
ST_1 : Operation 30 [1/1] (0.00ns)   --->   "%p_ZL17H_accu_FIR_dec_42_2_load = load i32 %p_ZL17H_accu_FIR_dec_42_2" [FIR_HLS.cpp:44]   --->   Operation 30 'load' 'p_ZL17H_accu_FIR_dec_42_2_load' <Predicate = (mod_value_load == 2)> <Delay = 0.00>
ST_1 : Operation 31 [1/1] (0.00ns)   --->   "%p_ZL17H_accu_FIR_dec_42_3_load = load i32 %p_ZL17H_accu_FIR_dec_42_3" [FIR_HLS.cpp:44]   --->   Operation 31 'load' 'p_ZL17H_accu_FIR_dec_42_3_load' <Predicate = (mod_value_load == 2)> <Delay = 0.00>
ST_1 : Operation 32 [1/1] (3.39ns)   --->   "%call_ret6 = call i144 @FIR_filter_transposed, i32 %p_ZL17H_accu_FIR_dec_42_0_load, i32 %p_ZL17H_accu_FIR_dec_42_1_load, i32 %p_ZL17H_accu_FIR_dec_42_2_load, i32 %p_ZL17H_accu_FIR_dec_42_3_load, i10 50, i13 8105, i14 8285, i13 8105, i10 50, i16 %input_r_read_3" [FIR_HLS.cpp:44]   --->   Operation 32 'call' 'call_ret6' <Predicate = (mod_value_load == 2)> <Delay = 3.39> <CoreType = "Generic">   --->   Generic Core
ST_1 : Operation 33 [1/1] (0.00ns)   --->   "%ref_tmp6 = extractvalue i144 %call_ret6" [FIR_HLS.cpp:44]   --->   Operation 33 'extractvalue' 'ref_tmp6' <Predicate = (mod_value_load == 2)> <Delay = 0.00>
ST_1 : Operation 34 [1/1] (0.00ns)   --->   "%p_ZL17H_accu_FIR_dec_42_0_ret = extractvalue i144 %call_ret6" [FIR_HLS.cpp:44]   --->   Operation 34 'extractvalue' 'p_ZL17H_accu_FIR_dec_42_0_ret' <Predicate = (mod_value_load == 2)> <Delay = 0.00>
ST_1 : Operation 35 [1/1] (0.00ns)   --->   "%store_ln44 = store i32 %p_ZL17H_accu_FIR_dec_42_0_ret, i32 %p_ZL17H_accu_FIR_dec_42_0" [FIR_HLS.cpp:44]   --->   Operation 35 'store' 'store_ln44' <Predicate = (mod_value_load == 2)> <Delay = 0.00>
ST_1 : Operation 36 [1/1] (0.00ns)   --->   "%p_ZL17H_accu_FIR_dec_42_1_ret = extractvalue i144 %call_ret6" [FIR_HLS.cpp:44]   --->   Operation 36 'extractvalue' 'p_ZL17H_accu_FIR_dec_42_1_ret' <Predicate = (mod_value_load == 2)> <Delay = 0.00>
ST_1 : Operation 37 [1/1] (0.00ns)   --->   "%store_ln44 = store i32 %p_ZL17H_accu_FIR_dec_42_1_ret, i32 %p_ZL17H_accu_FIR_dec_42_1" [FIR_HLS.cpp:44]   --->   Operation 37 'store' 'store_ln44' <Predicate = (mod_value_load == 2)> <Delay = 0.00>
ST_1 : Operation 38 [1/1] (0.00ns)   --->   "%p_ZL17H_accu_FIR_dec_42_2_ret = extractvalue i144 %call_ret6" [FIR_HLS.cpp:44]   --->   Operation 38 'extractvalue' 'p_ZL17H_accu_FIR_dec_42_2_ret' <Predicate = (mod_value_load == 2)> <Delay = 0.00>
ST_1 : Operation 39 [1/1] (0.00ns)   --->   "%store_ln44 = store i32 %p_ZL17H_accu_FIR_dec_42_2_ret, i32 %p_ZL17H_accu_FIR_dec_42_2" [FIR_HLS.cpp:44]   --->   Operation 39 'store' 'store_ln44' <Predicate = (mod_value_load == 2)> <Delay = 0.00>
ST_1 : Operation 40 [1/1] (0.00ns)   --->   "%p_ZL17H_accu_FIR_dec_42_3_ret = extractvalue i144 %call_ret6" [FIR_HLS.cpp:44]   --->   Operation 40 'extractvalue' 'p_ZL17H_accu_FIR_dec_42_3_ret' <Predicate = (mod_value_load == 2)> <Delay = 0.00>
ST_1 : Operation 41 [1/1] (0.00ns)   --->   "%store_ln44 = store i32 %p_ZL17H_accu_FIR_dec_42_3_ret, i32 %p_ZL17H_accu_FIR_dec_42_3" [FIR_HLS.cpp:44]   --->   Operation 41 'store' 'store_ln44' <Predicate = (mod_value_load == 2)> <Delay = 0.00>
ST_1 : Operation 42 [1/1] (0.00ns)   --->   "%store_ln44 = store i16 %ref_tmp6, i16 %y1_phase2" [FIR_HLS.cpp:44]   --->   Operation 42 'store' 'store_ln44' <Predicate = (mod_value_load == 2)> <Delay = 0.00>
ST_1 : Operation 43 [1/1] (0.00ns)   --->   "%p_ZL17H_accu_FIR_int_42_0_load = load i32 %p_ZL17H_accu_FIR_int_42_0" [FIR_HLS.cpp:45]   --->   Operation 43 'load' 'p_ZL17H_accu_FIR_int_42_0_load' <Predicate = (mod_value_load == 2)> <Delay = 0.00>
ST_1 : Operation 44 [1/1] (0.00ns)   --->   "%p_ZL17H_accu_FIR_int_42_1_load = load i32 %p_ZL17H_accu_FIR_int_42_1" [FIR_HLS.cpp:45]   --->   Operation 44 'load' 'p_ZL17H_accu_FIR_int_42_1_load' <Predicate = (mod_value_load == 2)> <Delay = 0.00>
ST_1 : Operation 45 [1/1] (0.00ns)   --->   "%p_ZL17H_accu_FIR_int_42_2_load = load i32 %p_ZL17H_accu_FIR_int_42_2" [FIR_HLS.cpp:45]   --->   Operation 45 'load' 'p_ZL17H_accu_FIR_int_42_2_load' <Predicate = (mod_value_load == 2)> <Delay = 0.00>
ST_1 : Operation 46 [1/1] (0.00ns)   --->   "%p_ZL17H_accu_FIR_int_42_3_load = load i32 %p_ZL17H_accu_FIR_int_42_3" [FIR_HLS.cpp:45]   --->   Operation 46 'load' 'p_ZL17H_accu_FIR_int_42_3_load' <Predicate = (mod_value_load == 2)> <Delay = 0.00>
ST_1 : Operation 47 [1/1] (3.39ns)   --->   "%call_ret7 = call i144 @FIR_filter_transposed, i32 %p_ZL17H_accu_FIR_int_42_0_load, i32 %p_ZL17H_accu_FIR_int_42_1_load, i32 %p_ZL17H_accu_FIR_int_42_2_load, i32 %p_ZL17H_accu_FIR_int_42_3_load, i10 50, i13 8105, i14 8285, i13 8105, i10 50, i16 %y2_load" [FIR_HLS.cpp:45]   --->   Operation 47 'call' 'call_ret7' <Predicate = (mod_value_load == 2)> <Delay = 3.39> <CoreType = "Generic">   --->   Generic Core
ST_1 : Operation 48 [1/1] (0.00ns)   --->   "%ref_tmp7 = extractvalue i144 %call_ret7" [FIR_HLS.cpp:45]   --->   Operation 48 'extractvalue' 'ref_tmp7' <Predicate = (mod_value_load == 2)> <Delay = 0.00>
ST_1 : Operation 49 [1/1] (0.00ns)   --->   "%p_ZL17H_accu_FIR_int_42_0_ret = extractvalue i144 %call_ret7" [FIR_HLS.cpp:45]   --->   Operation 49 'extractvalue' 'p_ZL17H_accu_FIR_int_42_0_ret' <Predicate = (mod_value_load == 2)> <Delay = 0.00>
ST_1 : Operation 50 [1/1] (0.00ns)   --->   "%store_ln45 = store i32 %p_ZL17H_accu_FIR_int_42_0_ret, i32 %p_ZL17H_accu_FIR_int_42_0" [FIR_HLS.cpp:45]   --->   Operation 50 'store' 'store_ln45' <Predicate = (mod_value_load == 2)> <Delay = 0.00>
ST_1 : Operation 51 [1/1] (0.00ns)   --->   "%p_ZL17H_accu_FIR_int_42_1_ret = extractvalue i144 %call_ret7" [FIR_HLS.cpp:45]   --->   Operation 51 'extractvalue' 'p_ZL17H_accu_FIR_int_42_1_ret' <Predicate = (mod_value_load == 2)> <Delay = 0.00>
ST_1 : Operation 52 [1/1] (0.00ns)   --->   "%store_ln45 = store i32 %p_ZL17H_accu_FIR_int_42_1_ret, i32 %p_ZL17H_accu_FIR_int_42_1" [FIR_HLS.cpp:45]   --->   Operation 52 'store' 'store_ln45' <Predicate = (mod_value_load == 2)> <Delay = 0.00>
ST_1 : Operation 53 [1/1] (0.00ns)   --->   "%p_ZL17H_accu_FIR_int_42_2_ret = extractvalue i144 %call_ret7" [FIR_HLS.cpp:45]   --->   Operation 53 'extractvalue' 'p_ZL17H_accu_FIR_int_42_2_ret' <Predicate = (mod_value_load == 2)> <Delay = 0.00>
ST_1 : Operation 54 [1/1] (0.00ns)   --->   "%store_ln45 = store i32 %p_ZL17H_accu_FIR_int_42_2_ret, i32 %p_ZL17H_accu_FIR_int_42_2" [FIR_HLS.cpp:45]   --->   Operation 54 'store' 'store_ln45' <Predicate = (mod_value_load == 2)> <Delay = 0.00>
ST_1 : Operation 55 [1/1] (0.00ns)   --->   "%p_ZL17H_accu_FIR_int_42_3_ret = extractvalue i144 %call_ret7" [FIR_HLS.cpp:45]   --->   Operation 55 'extractvalue' 'p_ZL17H_accu_FIR_int_42_3_ret' <Predicate = (mod_value_load == 2)> <Delay = 0.00>
ST_1 : Operation 56 [1/1] (0.00ns)   --->   "%store_ln45 = store i32 %p_ZL17H_accu_FIR_int_42_3_ret, i32 %p_ZL17H_accu_FIR_int_42_3" [FIR_HLS.cpp:45]   --->   Operation 56 'store' 'store_ln45' <Predicate = (mod_value_load == 2)> <Delay = 0.00>
ST_1 : Operation 57 [1/1] (0.00ns)   --->   "%shl_ln45 = shl i16 %ref_tmp7, i16 2" [FIR_HLS.cpp:45]   --->   Operation 57 'shl' 'shl_ln45' <Predicate = (mod_value_load == 2)> <Delay = 0.00>
ST_1 : Operation 58 [2/2] (0.45ns)   --->   "%write_ln45 = write void @_ssdm_op_Write.axis.volatile.i16P128A, i16 %output_r, i16 %shl_ln45" [FIR_HLS.cpp:45]   --->   Operation 58 'write' 'write_ln45' <Predicate = (mod_value_load == 2)> <Delay = 0.45> <CoreInst = "regslice">   --->   Core 147 'regslice' <Latency = 0> <II = 1> <Delay = 0.59> <Adapter> <Opcode : 'read' 'write'>
ST_1 : Operation 59 [1/1] (0.07ns)   --->   "%input_r_read_2 = read i16 @_ssdm_op_Read.axis.volatile.i16P128A, i16 %input_r" [FIR_HLS.cpp:39]   --->   Operation 59 'read' 'input_r_read_2' <Predicate = (mod_value_load == 1)> <Delay = 0.07> <CoreInst = "regslice">   --->   Core 147 'regslice' <Latency = 0> <II = 1> <Delay = 0.59> <Adapter> <Opcode : 'read' 'write'>
ST_1 : Operation 60 [1/1] (0.00ns)   --->   "%p_ZL17H_accu_FIR_dec_43_0_load = load i32 %p_ZL17H_accu_FIR_dec_43_0" [FIR_HLS.cpp:39]   --->   Operation 60 'load' 'p_ZL17H_accu_FIR_dec_43_0_load' <Predicate = (mod_value_load == 1)> <Delay = 0.00>
ST_1 : Operation 61 [1/1] (0.00ns)   --->   "%p_ZL17H_accu_FIR_dec_43_1_load = load i32 %p_ZL17H_accu_FIR_dec_43_1" [FIR_HLS.cpp:39]   --->   Operation 61 'load' 'p_ZL17H_accu_FIR_dec_43_1_load' <Predicate = (mod_value_load == 1)> <Delay = 0.00>
ST_1 : Operation 62 [1/1] (0.00ns)   --->   "%p_ZL17H_accu_FIR_dec_43_2_load = load i32 %p_ZL17H_accu_FIR_dec_43_2" [FIR_HLS.cpp:39]   --->   Operation 62 'load' 'p_ZL17H_accu_FIR_dec_43_2_load' <Predicate = (mod_value_load == 1)> <Delay = 0.00>
ST_1 : Operation 63 [1/1] (0.00ns)   --->   "%p_ZL17H_accu_FIR_dec_43_3_load = load i32 %p_ZL17H_accu_FIR_dec_43_3" [FIR_HLS.cpp:39]   --->   Operation 63 'load' 'p_ZL17H_accu_FIR_dec_43_3_load' <Predicate = (mod_value_load == 1)> <Delay = 0.00>
ST_1 : Operation 64 [1/1] (3.39ns)   --->   "%call_ret4 = call i144 @FIR_filter_transposed, i32 %p_ZL17H_accu_FIR_dec_43_0_load, i32 %p_ZL17H_accu_FIR_dec_43_1_load, i32 %p_ZL17H_accu_FIR_dec_43_2_load, i32 %p_ZL17H_accu_FIR_dec_43_3_load, i10 562, i13 2100, i14 7338, i13 7105, i10 247, i16 %input_r_read_2" [FIR_HLS.cpp:39]   --->   Operation 64 'call' 'call_ret4' <Predicate = (mod_value_load == 1)> <Delay = 3.39> <CoreType = "Generic">   --->   Generic Core
ST_1 : Operation 65 [1/1] (0.00ns)   --->   "%ref_tmp3 = extractvalue i144 %call_ret4" [FIR_HLS.cpp:39]   --->   Operation 65 'extractvalue' 'ref_tmp3' <Predicate = (mod_value_load == 1)> <Delay = 0.00>
ST_1 : Operation 66 [1/1] (0.00ns)   --->   "%p_ZL17H_accu_FIR_dec_43_0_ret = extractvalue i144 %call_ret4" [FIR_HLS.cpp:39]   --->   Operation 66 'extractvalue' 'p_ZL17H_accu_FIR_dec_43_0_ret' <Predicate = (mod_value_load == 1)> <Delay = 0.00>
ST_1 : Operation 67 [1/1] (0.00ns)   --->   "%store_ln39 = store i32 %p_ZL17H_accu_FIR_dec_43_0_ret, i32 %p_ZL17H_accu_FIR_dec_43_0" [FIR_HLS.cpp:39]   --->   Operation 67 'store' 'store_ln39' <Predicate = (mod_value_load == 1)> <Delay = 0.00>
ST_1 : Operation 68 [1/1] (0.00ns)   --->   "%p_ZL17H_accu_FIR_dec_43_1_ret = extractvalue i144 %call_ret4" [FIR_HLS.cpp:39]   --->   Operation 68 'extractvalue' 'p_ZL17H_accu_FIR_dec_43_1_ret' <Predicate = (mod_value_load == 1)> <Delay = 0.00>
ST_1 : Operation 69 [1/1] (0.00ns)   --->   "%store_ln39 = store i32 %p_ZL17H_accu_FIR_dec_43_1_ret, i32 %p_ZL17H_accu_FIR_dec_43_1" [FIR_HLS.cpp:39]   --->   Operation 69 'store' 'store_ln39' <Predicate = (mod_value_load == 1)> <Delay = 0.00>
ST_1 : Operation 70 [1/1] (0.00ns)   --->   "%p_ZL17H_accu_FIR_dec_43_2_ret = extractvalue i144 %call_ret4" [FIR_HLS.cpp:39]   --->   Operation 70 'extractvalue' 'p_ZL17H_accu_FIR_dec_43_2_ret' <Predicate = (mod_value_load == 1)> <Delay = 0.00>
ST_1 : Operation 71 [1/1] (0.00ns)   --->   "%store_ln39 = store i32 %p_ZL17H_accu_FIR_dec_43_2_ret, i32 %p_ZL17H_accu_FIR_dec_43_2" [FIR_HLS.cpp:39]   --->   Operation 71 'store' 'store_ln39' <Predicate = (mod_value_load == 1)> <Delay = 0.00>
ST_1 : Operation 72 [1/1] (0.00ns)   --->   "%p_ZL17H_accu_FIR_dec_43_3_ret = extractvalue i144 %call_ret4" [FIR_HLS.cpp:39]   --->   Operation 72 'extractvalue' 'p_ZL17H_accu_FIR_dec_43_3_ret' <Predicate = (mod_value_load == 1)> <Delay = 0.00>
ST_1 : Operation 73 [1/1] (0.00ns)   --->   "%store_ln39 = store i32 %p_ZL17H_accu_FIR_dec_43_3_ret, i32 %p_ZL17H_accu_FIR_dec_43_3" [FIR_HLS.cpp:39]   --->   Operation 73 'store' 'store_ln39' <Predicate = (mod_value_load == 1)> <Delay = 0.00>
ST_1 : Operation 74 [1/1] (0.00ns)   --->   "%store_ln39 = store i16 %ref_tmp3, i16 %y1_phase1" [FIR_HLS.cpp:39]   --->   Operation 74 'store' 'store_ln39' <Predicate = (mod_value_load == 1)> <Delay = 0.00>
ST_1 : Operation 75 [1/1] (0.00ns)   --->   "%p_ZL17H_accu_FIR_int_41_0_load = load i32 %p_ZL17H_accu_FIR_int_41_0" [FIR_HLS.cpp:40]   --->   Operation 75 'load' 'p_ZL17H_accu_FIR_int_41_0_load' <Predicate = (mod_value_load == 1)> <Delay = 0.00>
ST_1 : Operation 76 [1/1] (0.00ns)   --->   "%p_ZL17H_accu_FIR_int_41_1_load = load i32 %p_ZL17H_accu_FIR_int_41_1" [FIR_HLS.cpp:40]   --->   Operation 76 'load' 'p_ZL17H_accu_FIR_int_41_1_load' <Predicate = (mod_value_load == 1)> <Delay = 0.00>
ST_1 : Operation 77 [1/1] (0.00ns)   --->   "%p_ZL17H_accu_FIR_int_41_2_load = load i32 %p_ZL17H_accu_FIR_int_41_2" [FIR_HLS.cpp:40]   --->   Operation 77 'load' 'p_ZL17H_accu_FIR_int_41_2_load' <Predicate = (mod_value_load == 1)> <Delay = 0.00>
ST_1 : Operation 78 [1/1] (0.00ns)   --->   "%p_ZL17H_accu_FIR_int_41_3_load = load i32 %p_ZL17H_accu_FIR_int_41_3" [FIR_HLS.cpp:40]   --->   Operation 78 'load' 'p_ZL17H_accu_FIR_int_41_3_load' <Predicate = (mod_value_load == 1)> <Delay = 0.00>
ST_1 : Operation 79 [1/1] (3.39ns)   --->   "%call_ret5 = call i144 @FIR_filter_transposed, i32 %p_ZL17H_accu_FIR_int_41_0_load, i32 %p_ZL17H_accu_FIR_int_41_1_load, i32 %p_ZL17H_accu_FIR_int_41_2_load, i32 %p_ZL17H_accu_FIR_int_41_3_load, i10 247, i13 7105, i14 7338, i13 2100, i10 562, i16 %y2_load" [FIR_HLS.cpp:40]   --->   Operation 79 'call' 'call_ret5' <Predicate = (mod_value_load == 1)> <Delay = 3.39> <CoreType = "Generic">   --->   Generic Core
ST_1 : Operation 80 [1/1] (0.00ns)   --->   "%ref_tmp5 = extractvalue i144 %call_ret5" [FIR_HLS.cpp:40]   --->   Operation 80 'extractvalue' 'ref_tmp5' <Predicate = (mod_value_load == 1)> <Delay = 0.00>
ST_1 : Operation 81 [1/1] (0.00ns)   --->   "%p_ZL17H_accu_FIR_int_41_0_ret = extractvalue i144 %call_ret5" [FIR_HLS.cpp:40]   --->   Operation 81 'extractvalue' 'p_ZL17H_accu_FIR_int_41_0_ret' <Predicate = (mod_value_load == 1)> <Delay = 0.00>
ST_1 : Operation 82 [1/1] (0.00ns)   --->   "%store_ln40 = store i32 %p_ZL17H_accu_FIR_int_41_0_ret, i32 %p_ZL17H_accu_FIR_int_41_0" [FIR_HLS.cpp:40]   --->   Operation 82 'store' 'store_ln40' <Predicate = (mod_value_load == 1)> <Delay = 0.00>
ST_1 : Operation 83 [1/1] (0.00ns)   --->   "%p_ZL17H_accu_FIR_int_41_1_ret = extractvalue i144 %call_ret5" [FIR_HLS.cpp:40]   --->   Operation 83 'extractvalue' 'p_ZL17H_accu_FIR_int_41_1_ret' <Predicate = (mod_value_load == 1)> <Delay = 0.00>
ST_1 : Operation 84 [1/1] (0.00ns)   --->   "%store_ln40 = store i32 %p_ZL17H_accu_FIR_int_41_1_ret, i32 %p_ZL17H_accu_FIR_int_41_1" [FIR_HLS.cpp:40]   --->   Operation 84 'store' 'store_ln40' <Predicate = (mod_value_load == 1)> <Delay = 0.00>
ST_1 : Operation 85 [1/1] (0.00ns)   --->   "%p_ZL17H_accu_FIR_int_41_2_ret = extractvalue i144 %call_ret5" [FIR_HLS.cpp:40]   --->   Operation 85 'extractvalue' 'p_ZL17H_accu_FIR_int_41_2_ret' <Predicate = (mod_value_load == 1)> <Delay = 0.00>
ST_1 : Operation 86 [1/1] (0.00ns)   --->   "%store_ln40 = store i32 %p_ZL17H_accu_FIR_int_41_2_ret, i32 %p_ZL17H_accu_FIR_int_41_2" [FIR_HLS.cpp:40]   --->   Operation 86 'store' 'store_ln40' <Predicate = (mod_value_load == 1)> <Delay = 0.00>
ST_1 : Operation 87 [1/1] (0.00ns)   --->   "%p_ZL17H_accu_FIR_int_41_3_ret = extractvalue i144 %call_ret5" [FIR_HLS.cpp:40]   --->   Operation 87 'extractvalue' 'p_ZL17H_accu_FIR_int_41_3_ret' <Predicate = (mod_value_load == 1)> <Delay = 0.00>
ST_1 : Operation 88 [1/1] (0.00ns)   --->   "%store_ln40 = store i32 %p_ZL17H_accu_FIR_int_41_3_ret, i32 %p_ZL17H_accu_FIR_int_41_3" [FIR_HLS.cpp:40]   --->   Operation 88 'store' 'store_ln40' <Predicate = (mod_value_load == 1)> <Delay = 0.00>
ST_1 : Operation 89 [1/1] (0.00ns)   --->   "%shl_ln40 = shl i16 %ref_tmp5, i16 2" [FIR_HLS.cpp:40]   --->   Operation 89 'shl' 'shl_ln40' <Predicate = (mod_value_load == 1)> <Delay = 0.00>
ST_1 : Operation 90 [2/2] (0.45ns)   --->   "%write_ln40 = write void @_ssdm_op_Write.axis.volatile.i16P128A, i16 %output_r, i16 %shl_ln40" [FIR_HLS.cpp:40]   --->   Operation 90 'write' 'write_ln40' <Predicate = (mod_value_load == 1)> <Delay = 0.45> <CoreInst = "regslice">   --->   Core 147 'regslice' <Latency = 0> <II = 1> <Delay = 0.59> <Adapter> <Opcode : 'read' 'write'>
ST_1 : Operation 91 [1/1] (0.07ns)   --->   "%input_r_read_1 = read i16 @_ssdm_op_Read.axis.volatile.i16P128A, i16 %input_r" [FIR_HLS.cpp:30]   --->   Operation 91 'read' 'input_r_read_1' <Predicate = (mod_value_load == 0)> <Delay = 0.07> <CoreInst = "regslice">   --->   Core 147 'regslice' <Latency = 0> <II = 1> <Delay = 0.59> <Adapter> <Opcode : 'read' 'write'>
ST_1 : Operation 92 [1/1] (0.00ns)   --->   "%p_ZL17H_accu_FIR_dec_40_0_load = load i32 %p_ZL17H_accu_FIR_dec_40_0" [FIR_HLS.cpp:30]   --->   Operation 92 'load' 'p_ZL17H_accu_FIR_dec_40_0_load' <Predicate = (mod_value_load == 0)> <Delay = 0.00>
ST_1 : Operation 93 [1/1] (0.00ns)   --->   "%p_ZL17H_accu_FIR_dec_40_1_load = load i32 %p_ZL17H_accu_FIR_dec_40_1" [FIR_HLS.cpp:30]   --->   Operation 93 'load' 'p_ZL17H_accu_FIR_dec_40_1_load' <Predicate = (mod_value_load == 0)> <Delay = 0.00>
ST_1 : Operation 94 [1/1] (0.00ns)   --->   "%p_ZL17H_accu_FIR_dec_40_2_load = load i32 %p_ZL17H_accu_FIR_dec_40_2" [FIR_HLS.cpp:30]   --->   Operation 94 'load' 'p_ZL17H_accu_FIR_dec_40_2_load' <Predicate = (mod_value_load == 0)> <Delay = 0.00>
ST_1 : Operation 95 [1/1] (0.00ns)   --->   "%p_ZL17H_accu_FIR_dec_40_3_load = load i32 %p_ZL17H_accu_FIR_dec_40_3" [FIR_HLS.cpp:30]   --->   Operation 95 'load' 'p_ZL17H_accu_FIR_dec_40_3_load' <Predicate = (mod_value_load == 0)> <Delay = 0.00>
ST_1 : Operation 96 [1/1] (0.00ns)   --->   "%p_ZL17H_accu_FIR_dec_40_4_load = load i32 %p_ZL17H_accu_FIR_dec_40_4" [FIR_HLS.cpp:30]   --->   Operation 96 'load' 'p_ZL17H_accu_FIR_dec_40_4_load' <Predicate = (mod_value_load == 0)> <Delay = 0.00>
ST_1 : Operation 97 [5/5] (0.99ns)   --->   "%call_ret2 = call i176 @FIR_filter_transposed.1, i32 %p_ZL17H_accu_FIR_dec_40_0_load, i32 %p_ZL17H_accu_FIR_dec_40_1_load, i32 %p_ZL17H_accu_FIR_dec_40_2_load, i32 %p_ZL17H_accu_FIR_dec_40_3_load, i32 %p_ZL17H_accu_FIR_dec_40_4_load, i16 %input_r_read_1" [FIR_HLS.cpp:30]   --->   Operation 97 'call' 'call_ret2' <Predicate = (mod_value_load == 0)> <Delay = 0.99> <CoreType = "Generic">   --->   Generic Core
ST_1 : Operation 98 [1/1] (0.07ns)   --->   "%input_r_read = read i16 @_ssdm_op_Read.axis.volatile.i16P128A, i16 %input_r" [FIR_HLS.cpp:50]   --->   Operation 98 'read' 'input_r_read' <Predicate = (mod_value_load == 3)> <Delay = 0.07> <CoreInst = "regslice">   --->   Core 147 'regslice' <Latency = 0> <II = 1> <Delay = 0.59> <Adapter> <Opcode : 'read' 'write'>
ST_1 : Operation 99 [1/1] (0.00ns)   --->   "%p_ZL17H_accu_FIR_dec_41_0_load = load i32 %p_ZL17H_accu_FIR_dec_41_0" [FIR_HLS.cpp:50]   --->   Operation 99 'load' 'p_ZL17H_accu_FIR_dec_41_0_load' <Predicate = (mod_value_load == 3)> <Delay = 0.00>
ST_1 : Operation 100 [1/1] (0.00ns)   --->   "%p_ZL17H_accu_FIR_dec_41_1_load = load i32 %p_ZL17H_accu_FIR_dec_41_1" [FIR_HLS.cpp:50]   --->   Operation 100 'load' 'p_ZL17H_accu_FIR_dec_41_1_load' <Predicate = (mod_value_load == 3)> <Delay = 0.00>
ST_1 : Operation 101 [1/1] (0.00ns)   --->   "%p_ZL17H_accu_FIR_dec_41_2_load = load i32 %p_ZL17H_accu_FIR_dec_41_2" [FIR_HLS.cpp:50]   --->   Operation 101 'load' 'p_ZL17H_accu_FIR_dec_41_2_load' <Predicate = (mod_value_load == 3)> <Delay = 0.00>
ST_1 : Operation 102 [1/1] (0.00ns)   --->   "%p_ZL17H_accu_FIR_dec_41_3_load = load i32 %p_ZL17H_accu_FIR_dec_41_3" [FIR_HLS.cpp:50]   --->   Operation 102 'load' 'p_ZL17H_accu_FIR_dec_41_3_load' <Predicate = (mod_value_load == 3)> <Delay = 0.00>
ST_1 : Operation 103 [1/1] (3.39ns)   --->   "%call_ret = call i144 @FIR_filter_transposed, i32 %p_ZL17H_accu_FIR_dec_41_0_load, i32 %p_ZL17H_accu_FIR_dec_41_1_load, i32 %p_ZL17H_accu_FIR_dec_41_2_load, i32 %p_ZL17H_accu_FIR_dec_41_3_load, i10 247, i13 7105, i14 7338, i13 2100, i10 562, i16 %input_r_read" [FIR_HLS.cpp:50]   --->   Operation 103 'call' 'call_ret' <Predicate = (mod_value_load == 3)> <Delay = 3.39> <CoreType = "Generic">   --->   Generic Core
ST_1 : Operation 104 [1/1] (0.00ns)   --->   "%ref_tmp1 = extractvalue i144 %call_ret" [FIR_HLS.cpp:50]   --->   Operation 104 'extractvalue' 'ref_tmp1' <Predicate = (mod_value_load == 3)> <Delay = 0.00>
ST_1 : Operation 105 [1/1] (0.00ns)   --->   "%p_ZL17H_accu_FIR_dec_41_0_ret = extractvalue i144 %call_ret" [FIR_HLS.cpp:50]   --->   Operation 105 'extractvalue' 'p_ZL17H_accu_FIR_dec_41_0_ret' <Predicate = (mod_value_load == 3)> <Delay = 0.00>
ST_1 : Operation 106 [1/1] (0.00ns)   --->   "%store_ln50 = store i32 %p_ZL17H_accu_FIR_dec_41_0_ret, i32 %p_ZL17H_accu_FIR_dec_41_0" [FIR_HLS.cpp:50]   --->   Operation 106 'store' 'store_ln50' <Predicate = (mod_value_load == 3)> <Delay = 0.00>
ST_1 : Operation 107 [1/1] (0.00ns)   --->   "%p_ZL17H_accu_FIR_dec_41_1_ret = extractvalue i144 %call_ret" [FIR_HLS.cpp:50]   --->   Operation 107 'extractvalue' 'p_ZL17H_accu_FIR_dec_41_1_ret' <Predicate = (mod_value_load == 3)> <Delay = 0.00>
ST_1 : Operation 108 [1/1] (0.00ns)   --->   "%store_ln50 = store i32 %p_ZL17H_accu_FIR_dec_41_1_ret, i32 %p_ZL17H_accu_FIR_dec_41_1" [FIR_HLS.cpp:50]   --->   Operation 108 'store' 'store_ln50' <Predicate = (mod_value_load == 3)> <Delay = 0.00>
ST_1 : Operation 109 [1/1] (0.00ns)   --->   "%p_ZL17H_accu_FIR_dec_41_2_ret = extractvalue i144 %call_ret" [FIR_HLS.cpp:50]   --->   Operation 109 'extractvalue' 'p_ZL17H_accu_FIR_dec_41_2_ret' <Predicate = (mod_value_load == 3)> <Delay = 0.00>
ST_1 : Operation 110 [1/1] (0.00ns)   --->   "%store_ln50 = store i32 %p_ZL17H_accu_FIR_dec_41_2_ret, i32 %p_ZL17H_accu_FIR_dec_41_2" [FIR_HLS.cpp:50]   --->   Operation 110 'store' 'store_ln50' <Predicate = (mod_value_load == 3)> <Delay = 0.00>
ST_1 : Operation 111 [1/1] (0.00ns)   --->   "%p_ZL17H_accu_FIR_dec_41_3_ret = extractvalue i144 %call_ret" [FIR_HLS.cpp:50]   --->   Operation 111 'extractvalue' 'p_ZL17H_accu_FIR_dec_41_3_ret' <Predicate = (mod_value_load == 3)> <Delay = 0.00>
ST_1 : Operation 112 [1/1] (0.00ns)   --->   "%store_ln50 = store i32 %p_ZL17H_accu_FIR_dec_41_3_ret, i32 %p_ZL17H_accu_FIR_dec_41_3" [FIR_HLS.cpp:50]   --->   Operation 112 'store' 'store_ln50' <Predicate = (mod_value_load == 3)> <Delay = 0.00>
ST_1 : Operation 113 [1/1] (0.00ns)   --->   "%store_ln50 = store i16 %ref_tmp1, i16 %y1_phase3" [FIR_HLS.cpp:50]   --->   Operation 113 'store' 'store_ln50' <Predicate = (mod_value_load == 3)> <Delay = 0.00>
ST_1 : Operation 114 [1/1] (0.00ns)   --->   "%p_ZL17H_accu_FIR_int_43_0_load = load i32 %p_ZL17H_accu_FIR_int_43_0" [FIR_HLS.cpp:51]   --->   Operation 114 'load' 'p_ZL17H_accu_FIR_int_43_0_load' <Predicate = (mod_value_load == 3)> <Delay = 0.00>
ST_1 : Operation 115 [1/1] (0.00ns)   --->   "%p_ZL17H_accu_FIR_int_43_1_load = load i32 %p_ZL17H_accu_FIR_int_43_1" [FIR_HLS.cpp:51]   --->   Operation 115 'load' 'p_ZL17H_accu_FIR_int_43_1_load' <Predicate = (mod_value_load == 3)> <Delay = 0.00>
ST_1 : Operation 116 [1/1] (0.00ns)   --->   "%p_ZL17H_accu_FIR_int_43_2_load = load i32 %p_ZL17H_accu_FIR_int_43_2" [FIR_HLS.cpp:51]   --->   Operation 116 'load' 'p_ZL17H_accu_FIR_int_43_2_load' <Predicate = (mod_value_load == 3)> <Delay = 0.00>
ST_1 : Operation 117 [1/1] (0.00ns)   --->   "%p_ZL17H_accu_FIR_int_43_3_load = load i32 %p_ZL17H_accu_FIR_int_43_3" [FIR_HLS.cpp:51]   --->   Operation 117 'load' 'p_ZL17H_accu_FIR_int_43_3_load' <Predicate = (mod_value_load == 3)> <Delay = 0.00>
ST_1 : Operation 118 [1/1] (3.39ns)   --->   "%call_ret1 = call i144 @FIR_filter_transposed, i32 %p_ZL17H_accu_FIR_int_43_0_load, i32 %p_ZL17H_accu_FIR_int_43_1_load, i32 %p_ZL17H_accu_FIR_int_43_2_load, i32 %p_ZL17H_accu_FIR_int_43_3_load, i10 562, i13 2100, i14 7338, i13 7105, i10 247, i16 %y2_load" [FIR_HLS.cpp:51]   --->   Operation 118 'call' 'call_ret1' <Predicate = (mod_value_load == 3)> <Delay = 3.39> <CoreType = "Generic">   --->   Generic Core
ST_1 : Operation 119 [1/1] (0.00ns)   --->   "%ref_tmp2 = extractvalue i144 %call_ret1" [FIR_HLS.cpp:51]   --->   Operation 119 'extractvalue' 'ref_tmp2' <Predicate = (mod_value_load == 3)> <Delay = 0.00>
ST_1 : Operation 120 [1/1] (0.00ns)   --->   "%p_ZL17H_accu_FIR_int_43_0_ret = extractvalue i144 %call_ret1" [FIR_HLS.cpp:51]   --->   Operation 120 'extractvalue' 'p_ZL17H_accu_FIR_int_43_0_ret' <Predicate = (mod_value_load == 3)> <Delay = 0.00>
ST_1 : Operation 121 [1/1] (0.00ns)   --->   "%store_ln51 = store i32 %p_ZL17H_accu_FIR_int_43_0_ret, i32 %p_ZL17H_accu_FIR_int_43_0" [FIR_HLS.cpp:51]   --->   Operation 121 'store' 'store_ln51' <Predicate = (mod_value_load == 3)> <Delay = 0.00>
ST_1 : Operation 122 [1/1] (0.00ns)   --->   "%p_ZL17H_accu_FIR_int_43_1_ret = extractvalue i144 %call_ret1" [FIR_HLS.cpp:51]   --->   Operation 122 'extractvalue' 'p_ZL17H_accu_FIR_int_43_1_ret' <Predicate = (mod_value_load == 3)> <Delay = 0.00>
ST_1 : Operation 123 [1/1] (0.00ns)   --->   "%store_ln51 = store i32 %p_ZL17H_accu_FIR_int_43_1_ret, i32 %p_ZL17H_accu_FIR_int_43_1" [FIR_HLS.cpp:51]   --->   Operation 123 'store' 'store_ln51' <Predicate = (mod_value_load == 3)> <Delay = 0.00>
ST_1 : Operation 124 [1/1] (0.00ns)   --->   "%p_ZL17H_accu_FIR_int_43_2_ret = extractvalue i144 %call_ret1" [FIR_HLS.cpp:51]   --->   Operation 124 'extractvalue' 'p_ZL17H_accu_FIR_int_43_2_ret' <Predicate = (mod_value_load == 3)> <Delay = 0.00>
ST_1 : Operation 125 [1/1] (0.00ns)   --->   "%store_ln51 = store i32 %p_ZL17H_accu_FIR_int_43_2_ret, i32 %p_ZL17H_accu_FIR_int_43_2" [FIR_HLS.cpp:51]   --->   Operation 125 'store' 'store_ln51' <Predicate = (mod_value_load == 3)> <Delay = 0.00>
ST_1 : Operation 126 [1/1] (0.00ns)   --->   "%p_ZL17H_accu_FIR_int_43_3_ret = extractvalue i144 %call_ret1" [FIR_HLS.cpp:51]   --->   Operation 126 'extractvalue' 'p_ZL17H_accu_FIR_int_43_3_ret' <Predicate = (mod_value_load == 3)> <Delay = 0.00>
ST_1 : Operation 127 [1/1] (0.00ns)   --->   "%store_ln51 = store i32 %p_ZL17H_accu_FIR_int_43_3_ret, i32 %p_ZL17H_accu_FIR_int_43_3" [FIR_HLS.cpp:51]   --->   Operation 127 'store' 'store_ln51' <Predicate = (mod_value_load == 3)> <Delay = 0.00>
ST_1 : Operation 128 [1/1] (0.00ns)   --->   "%shl_ln51 = shl i16 %ref_tmp2, i16 2" [FIR_HLS.cpp:51]   --->   Operation 128 'shl' 'shl_ln51' <Predicate = (mod_value_load == 3)> <Delay = 0.00>
ST_1 : Operation 129 [2/2] (0.45ns)   --->   "%write_ln51 = write void @_ssdm_op_Write.axis.volatile.i16P128A, i16 %output_r, i16 %shl_ln51" [FIR_HLS.cpp:51]   --->   Operation 129 'write' 'write_ln51' <Predicate = (mod_value_load == 3)> <Delay = 0.45> <CoreInst = "regslice">   --->   Core 147 'regslice' <Latency = 0> <II = 1> <Delay = 0.59> <Adapter> <Opcode : 'read' 'write'>

State 2 <SV = 1> <Delay = 0.52>
ST_2 : Operation 130 [1/2] (0.45ns)   --->   "%write_ln45 = write void @_ssdm_op_Write.axis.volatile.i16P128A, i16 %output_r, i16 %shl_ln45" [FIR_HLS.cpp:45]   --->   Operation 130 'write' 'write_ln45' <Predicate = (mod_value_load == 2)> <Delay = 0.45> <CoreInst = "regslice">   --->   Core 147 'regslice' <Latency = 0> <II = 1> <Delay = 0.59> <Adapter> <Opcode : 'read' 'write'>
ST_2 : Operation 131 [1/1] (0.52ns)   --->   "%br_ln48 = br void %if.end37" [FIR_HLS.cpp:48]   --->   Operation 131 'br' 'br_ln48' <Predicate = (mod_value_load == 2)> <Delay = 0.52>
ST_2 : Operation 132 [1/2] (0.45ns)   --->   "%write_ln40 = write void @_ssdm_op_Write.axis.volatile.i16P128A, i16 %output_r, i16 %shl_ln40" [FIR_HLS.cpp:40]   --->   Operation 132 'write' 'write_ln40' <Predicate = (mod_value_load == 1)> <Delay = 0.45> <CoreInst = "regslice">   --->   Core 147 'regslice' <Latency = 0> <II = 1> <Delay = 0.59> <Adapter> <Opcode : 'read' 'write'>
ST_2 : Operation 133 [1/1] (0.52ns)   --->   "%br_ln42 = br void %if.end37" [FIR_HLS.cpp:42]   --->   Operation 133 'br' 'br_ln42' <Predicate = (mod_value_load == 1)> <Delay = 0.52>

State 3 <SV = 1> <Delay = 3.39>
ST_3 : Operation 134 [4/5] (3.39ns)   --->   "%call_ret2 = call i176 @FIR_filter_transposed.1, i32 %p_ZL17H_accu_FIR_dec_40_0_load, i32 %p_ZL17H_accu_FIR_dec_40_1_load, i32 %p_ZL17H_accu_FIR_dec_40_2_load, i32 %p_ZL17H_accu_FIR_dec_40_3_load, i32 %p_ZL17H_accu_FIR_dec_40_4_load, i16 %input_r_read_1" [FIR_HLS.cpp:30]   --->   Operation 134 'call' 'call_ret2' <Predicate = true> <Delay = 3.39> <CoreType = "Generic">   --->   Generic Core

State 4 <SV = 2> <Delay = 3.39>
ST_4 : Operation 135 [3/5] (3.39ns)   --->   "%call_ret2 = call i176 @FIR_filter_transposed.1, i32 %p_ZL17H_accu_FIR_dec_40_0_load, i32 %p_ZL17H_accu_FIR_dec_40_1_load, i32 %p_ZL17H_accu_FIR_dec_40_2_load, i32 %p_ZL17H_accu_FIR_dec_40_3_load, i32 %p_ZL17H_accu_FIR_dec_40_4_load, i16 %input_r_read_1" [FIR_HLS.cpp:30]   --->   Operation 135 'call' 'call_ret2' <Predicate = true> <Delay = 3.39> <CoreType = "Generic">   --->   Generic Core

State 5 <SV = 3> <Delay = 3.39>
ST_5 : Operation 136 [2/5] (3.39ns)   --->   "%call_ret2 = call i176 @FIR_filter_transposed.1, i32 %p_ZL17H_accu_FIR_dec_40_0_load, i32 %p_ZL17H_accu_FIR_dec_40_1_load, i32 %p_ZL17H_accu_FIR_dec_40_2_load, i32 %p_ZL17H_accu_FIR_dec_40_3_load, i32 %p_ZL17H_accu_FIR_dec_40_4_load, i16 %input_r_read_1" [FIR_HLS.cpp:30]   --->   Operation 136 'call' 'call_ret2' <Predicate = true> <Delay = 3.39> <CoreType = "Generic">   --->   Generic Core

State 6 <SV = 4> <Delay = 6.65>
ST_6 : Operation 137 [1/5] (3.39ns)   --->   "%call_ret2 = call i176 @FIR_filter_transposed.1, i32 %p_ZL17H_accu_FIR_dec_40_0_load, i32 %p_ZL17H_accu_FIR_dec_40_1_load, i32 %p_ZL17H_accu_FIR_dec_40_2_load, i32 %p_ZL17H_accu_FIR_dec_40_3_load, i32 %p_ZL17H_accu_FIR_dec_40_4_load, i16 %input_r_read_1" [FIR_HLS.cpp:30]   --->   Operation 137 'call' 'call_ret2' <Predicate = true> <Delay = 3.39> <CoreType = "Generic">   --->   Generic Core
ST_6 : Operation 138 [1/1] (0.00ns) (grouped into LUT with out node add_ln32_1)   --->   "%ref_tmp = extractvalue i176 %call_ret2" [FIR_HLS.cpp:30]   --->   Operation 138 'extractvalue' 'ref_tmp' <Predicate = true> <Delay = 0.00>
ST_6 : Operation 139 [1/1] (0.00ns)   --->   "%p_ZL17H_accu_FIR_dec_40_0_ret = extractvalue i176 %call_ret2" [FIR_HLS.cpp:30]   --->   Operation 139 'extractvalue' 'p_ZL17H_accu_FIR_dec_40_0_ret' <Predicate = true> <Delay = 0.00>
ST_6 : Operation 140 [1/1] (0.00ns)   --->   "%store_ln30 = store i32 %p_ZL17H_accu_FIR_dec_40_0_ret, i32 %p_ZL17H_accu_FIR_dec_40_0" [FIR_HLS.cpp:30]   --->   Operation 140 'store' 'store_ln30' <Predicate = true> <Delay = 0.00>
ST_6 : Operation 141 [1/1] (0.00ns)   --->   "%p_ZL17H_accu_FIR_dec_40_1_ret = extractvalue i176 %call_ret2" [FIR_HLS.cpp:30]   --->   Operation 141 'extractvalue' 'p_ZL17H_accu_FIR_dec_40_1_ret' <Predicate = true> <Delay = 0.00>
ST_6 : Operation 142 [1/1] (0.00ns)   --->   "%store_ln30 = store i32 %p_ZL17H_accu_FIR_dec_40_1_ret, i32 %p_ZL17H_accu_FIR_dec_40_1" [FIR_HLS.cpp:30]   --->   Operation 142 'store' 'store_ln30' <Predicate = true> <Delay = 0.00>
ST_6 : Operation 143 [1/1] (0.00ns)   --->   "%p_ZL17H_accu_FIR_dec_40_2_ret = extractvalue i176 %call_ret2" [FIR_HLS.cpp:30]   --->   Operation 143 'extractvalue' 'p_ZL17H_accu_FIR_dec_40_2_ret' <Predicate = true> <Delay = 0.00>
ST_6 : Operation 144 [1/1] (0.00ns)   --->   "%store_ln30 = store i32 %p_ZL17H_accu_FIR_dec_40_2_ret, i32 %p_ZL17H_accu_FIR_dec_40_2" [FIR_HLS.cpp:30]   --->   Operation 144 'store' 'store_ln30' <Predicate = true> <Delay = 0.00>
ST_6 : Operation 145 [1/1] (0.00ns)   --->   "%p_ZL17H_accu_FIR_dec_40_3_ret = extractvalue i176 %call_ret2" [FIR_HLS.cpp:30]   --->   Operation 145 'extractvalue' 'p_ZL17H_accu_FIR_dec_40_3_ret' <Predicate = true> <Delay = 0.00>
ST_6 : Operation 146 [1/1] (0.00ns)   --->   "%store_ln30 = store i32 %p_ZL17H_accu_FIR_dec_40_3_ret, i32 %p_ZL17H_accu_FIR_dec_40_3" [FIR_HLS.cpp:30]   --->   Operation 146 'store' 'store_ln30' <Predicate = true> <Delay = 0.00>
ST_6 : Operation 147 [1/1] (0.00ns)   --->   "%p_ZL17H_accu_FIR_dec_40_4_ret = extractvalue i176 %call_ret2" [FIR_HLS.cpp:30]   --->   Operation 147 'extractvalue' 'p_ZL17H_accu_FIR_dec_40_4_ret' <Predicate = true> <Delay = 0.00>
ST_6 : Operation 148 [1/1] (0.00ns)   --->   "%store_ln30 = store i32 %p_ZL17H_accu_FIR_dec_40_4_ret, i32 %p_ZL17H_accu_FIR_dec_40_4" [FIR_HLS.cpp:30]   --->   Operation 148 'store' 'store_ln30' <Predicate = true> <Delay = 0.00>
ST_6 : Operation 149 [1/1] (0.00ns)   --->   "%y1_phase1_load = load i16 %y1_phase1" [FIR_HLS.cpp:32]   --->   Operation 149 'load' 'y1_phase1_load' <Predicate = true> <Delay = 0.00>
ST_6 : Operation 150 [1/1] (0.00ns)   --->   "%y1_phase2_load = load i16 %y1_phase2" [FIR_HLS.cpp:32]   --->   Operation 150 'load' 'y1_phase2_load' <Predicate = true> <Delay = 0.00>
ST_6 : Operation 151 [1/1] (0.00ns)   --->   "%y1_phase3_load = load i16 %y1_phase3" [FIR_HLS.cpp:32]   --->   Operation 151 'load' 'y1_phase3_load' <Predicate = true> <Delay = 0.00>
ST_6 : Operation 152 [1/1] (0.00ns) (grouped into TernaryAdder)   --->   "%add_ln32 = add i16 %y1_phase1_load, i16 %y1_phase2_load" [FIR_HLS.cpp:32]   --->   Operation 152 'add' 'add_ln32' <Predicate = true> <Delay = 0.00> <CoreInst = "TAddSub">   --->   Core 10 'TAddSub' <Latency = 0> <II = 1> <Delay = 0.34> <IPBlock> <Opcode : '' 'add' 'sub'> <InPorts = 3> <OutPorts = 1> <Sync> <CReg>
ST_6 : Operation 153 [1/1] (0.85ns) (out node of the LUT)   --->   "%add_ln32_1 = add i16 %y1_phase3_load, i16 %ref_tmp" [FIR_HLS.cpp:32]   --->   Operation 153 'add' 'add_ln32_1' <Predicate = true> <Delay = 0.85> <CoreInst = "Adder">   --->   Core 1 'Adder' <Latency = 0> <II = 1> <Delay = 0.85> <FuncUnit> <Opcode : 'add' 'sub'> <InPorts = 2> <OutPorts = 1>
ST_6 : Operation 154 [1/1] (0.68ns) (root node of TernaryAdder)   --->   "%add_ln32_2 = add i16 %add_ln32_1, i16 %add_ln32" [FIR_HLS.cpp:32]   --->   Operation 154 'add' 'add_ln32_2' <Predicate = true> <Delay = 0.68> <CoreInst = "TAddSub">   --->   Core 10 'TAddSub' <Latency = 0> <II = 1> <Delay = 0.34> <IPBlock> <Opcode : '' 'add' 'sub'> <InPorts = 3> <OutPorts = 1> <Sync> <CReg>
ST_6 : Operation 155 [6/6] (1.71ns)   --->   "%ref_tmp4 = call i16 @FIR_filter, i16 %add_ln32_2, i16 %p_ZL19H_filter_FIR_kernel_115, i16 %p_ZL19H_filter_FIR_kernel_114, i16 %p_ZL19H_filter_FIR_kernel_113, i16 %p_ZL19H_filter_FIR_kernel_112, i16 %p_ZL19H_filter_FIR_kernel_111, i16 %p_ZL19H_filter_FIR_kernel_110, i16 %p_ZL19H_filter_FIR_kernel_109, i16 %p_ZL19H_filter_FIR_kernel_108, i16 %p_ZL19H_filter_FIR_kernel_107, i16 %p_ZL19H_filter_FIR_kernel_106, i16 %p_ZL19H_filter_FIR_kernel_105, i16 %p_ZL19H_filter_FIR_kernel_104, i16 %p_ZL19H_filter_FIR_kernel_103, i16 %p_ZL19H_filter_FIR_kernel_102, i16 %p_ZL19H_filter_FIR_kernel_101, i16 %p_ZL19H_filter_FIR_kernel_100, i16 %p_ZL19H_filter_FIR_kernel_99, i16 %p_ZL19H_filter_FIR_kernel_98, i16 %p_ZL19H_filter_FIR_kernel_97, i16 %p_ZL19H_filter_FIR_kernel_96, i16 %p_ZL19H_filter_FIR_kernel_95, i16 %p_ZL19H_filter_FIR_kernel_94, i16 %p_ZL19H_filter_FIR_kernel_93, i16 %p_ZL19H_filter_FIR_kernel_92, i16 %p_ZL19H_filter_FIR_kernel_91, i16 %p_ZL19H_filter_FIR_kernel_90, i16 %p_ZL19H_filter_FIR_kernel_89, i16 %p_ZL19H_filter_FIR_kernel_88, i16 %p_ZL19H_filter_FIR_kernel_87, i16 %p_ZL19H_filter_FIR_kernel_86, i16 %p_ZL19H_filter_FIR_kernel_85, i16 %p_ZL19H_filter_FIR_kernel_84, i16 %p_ZL19H_filter_FIR_kernel_83, i16 %p_ZL19H_filter_FIR_kernel_82, i16 %p_ZL19H_filter_FIR_kernel_81, i16 %p_ZL19H_filter_FIR_kernel_80, i16 %p_ZL19H_filter_FIR_kernel_79, i16 %p_ZL19H_filter_FIR_kernel_78, i16 %p_ZL19H_filter_FIR_kernel_77, i16 %p_ZL19H_filter_FIR_kernel_76, i16 %p_ZL19H_filter_FIR_kernel_75, i16 %p_ZL19H_filter_FIR_kernel_74, i16 %p_ZL19H_filter_FIR_kernel_73, i16 %p_ZL19H_filter_FIR_kernel_72, i16 %p_ZL19H_filter_FIR_kernel_71, i16 %p_ZL19H_filter_FIR_kernel_70, i16 %p_ZL19H_filter_FIR_kernel_69, i16 %p_ZL19H_filter_FIR_kernel_68, i16 %p_ZL19H_filter_FIR_kernel_67, i16 %p_ZL19H_filter_FIR_kernel_66, i16 %p_ZL19H_filter_FIR_kernel_65, i16 %p_ZL19H_filter_FIR_kernel_64, i16 %p_ZL19H_filter_FIR_kernel_63, i16 %p_ZL19H_filter_FIR_kernel_62, i16 %p_ZL19H_filter_FIR_kernel_61, i16 %p_ZL19H_filter_FIR_kernel_60, i16 %p_ZL19H_filter_FIR_kernel_59, i16 %p_ZL19H_filter_FIR_kernel_58, i16 %p_ZL19H_filter_FIR_kernel_57, i16 %p_ZL19H_filter_FIR_kernel_56, i16 %p_ZL19H_filter_FIR_kernel_55, i16 %p_ZL19H_filter_FIR_kernel_54, i16 %p_ZL19H_filter_FIR_kernel_53, i16 %p_ZL19H_filter_FIR_kernel_52, i16 %p_ZL19H_filter_FIR_kernel_51, i16 %p_ZL19H_filter_FIR_kernel_50, i16 %p_ZL19H_filter_FIR_kernel_49, i16 %p_ZL19H_filter_FIR_kernel_48, i16 %p_ZL19H_filter_FIR_kernel_47, i16 %p_ZL19H_filter_FIR_kernel_46, i16 %p_ZL19H_filter_FIR_kernel_45, i16 %p_ZL19H_filter_FIR_kernel_44, i16 %p_ZL19H_filter_FIR_kernel_43, i16 %p_ZL19H_filter_FIR_kernel_42, i16 %p_ZL19H_filter_FIR_kernel_41, i16 %p_ZL19H_filter_FIR_kernel_40, i16 %p_ZL19H_filter_FIR_kernel_39, i16 %p_ZL19H_filter_FIR_kernel_38, i16 %p_ZL19H_filter_FIR_kernel_37, i16 %p_ZL19H_filter_FIR_kernel_36, i16 %p_ZL19H_filter_FIR_kernel_35, i16 %p_ZL19H_filter_FIR_kernel_34, i16 %p_ZL19H_filter_FIR_kernel_33, i16 %p_ZL19H_filter_FIR_kernel_32, i16 %p_ZL19H_filter_FIR_kernel_31, i16 %p_ZL19H_filter_FIR_kernel_30, i16 %p_ZL19H_filter_FIR_kernel_29, i16 %p_ZL19H_filter_FIR_kernel_28, i16 %p_ZL19H_filter_FIR_kernel_27, i16 %p_ZL19H_filter_FIR_kernel_26, i16 %p_ZL19H_filter_FIR_kernel_25, i16 %p_ZL19H_filter_FIR_kernel_24, i16 %p_ZL19H_filter_FIR_kernel_23, i16 %p_ZL19H_filter_FIR_kernel_22, i16 %p_ZL19H_filter_FIR_kernel_21, i16 %p_ZL19H_filter_FIR_kernel_20, i16 %p_ZL19H_filter_FIR_kernel_19, i16 %p_ZL19H_filter_FIR_kernel_18, i16 %p_ZL19H_filter_FIR_kernel_17, i16 %p_ZL19H_filter_FIR_kernel_16, i16 %p_ZL19H_filter_FIR_kernel_15, i16 %p_ZL19H_filter_FIR_kernel_14, i16 %p_ZL19H_filter_FIR_kernel_13, i16 %p_ZL19H_filter_FIR_kernel_12, i16 %p_ZL19H_filter_FIR_kernel_11, i16 %p_ZL19H_filter_FIR_kernel_10, i16 %p_ZL19H_filter_FIR_kernel_9, i16 %p_ZL19H_filter_FIR_kernel_8, i16 %p_ZL19H_filter_FIR_kernel_7, i16 %p_ZL19H_filter_FIR_kernel_6, i16 %p_ZL19H_filter_FIR_kernel_5, i16 %p_ZL19H_filter_FIR_kernel_4, i16 %p_ZL19H_filter_FIR_kernel_3, i16 %p_ZL19H_filter_FIR_kernel_2, i16 %p_ZL19H_filter_FIR_kernel_1, i16 %p_ZL19H_filter_FIR_kernel_0" [FIR_HLS.cpp:34]   --->   Operation 155 'call' 'ref_tmp4' <Predicate = true> <Delay = 1.71> <CoreType = "Generic">   --->   Generic Core

State 7 <SV = 5> <Delay = 4.40>
ST_7 : Operation 156 [5/6] (4.40ns)   --->   "%ref_tmp4 = call i16 @FIR_filter, i16 %add_ln32_2, i16 %p_ZL19H_filter_FIR_kernel_115, i16 %p_ZL19H_filter_FIR_kernel_114, i16 %p_ZL19H_filter_FIR_kernel_113, i16 %p_ZL19H_filter_FIR_kernel_112, i16 %p_ZL19H_filter_FIR_kernel_111, i16 %p_ZL19H_filter_FIR_kernel_110, i16 %p_ZL19H_filter_FIR_kernel_109, i16 %p_ZL19H_filter_FIR_kernel_108, i16 %p_ZL19H_filter_FIR_kernel_107, i16 %p_ZL19H_filter_FIR_kernel_106, i16 %p_ZL19H_filter_FIR_kernel_105, i16 %p_ZL19H_filter_FIR_kernel_104, i16 %p_ZL19H_filter_FIR_kernel_103, i16 %p_ZL19H_filter_FIR_kernel_102, i16 %p_ZL19H_filter_FIR_kernel_101, i16 %p_ZL19H_filter_FIR_kernel_100, i16 %p_ZL19H_filter_FIR_kernel_99, i16 %p_ZL19H_filter_FIR_kernel_98, i16 %p_ZL19H_filter_FIR_kernel_97, i16 %p_ZL19H_filter_FIR_kernel_96, i16 %p_ZL19H_filter_FIR_kernel_95, i16 %p_ZL19H_filter_FIR_kernel_94, i16 %p_ZL19H_filter_FIR_kernel_93, i16 %p_ZL19H_filter_FIR_kernel_92, i16 %p_ZL19H_filter_FIR_kernel_91, i16 %p_ZL19H_filter_FIR_kernel_90, i16 %p_ZL19H_filter_FIR_kernel_89, i16 %p_ZL19H_filter_FIR_kernel_88, i16 %p_ZL19H_filter_FIR_kernel_87, i16 %p_ZL19H_filter_FIR_kernel_86, i16 %p_ZL19H_filter_FIR_kernel_85, i16 %p_ZL19H_filter_FIR_kernel_84, i16 %p_ZL19H_filter_FIR_kernel_83, i16 %p_ZL19H_filter_FIR_kernel_82, i16 %p_ZL19H_filter_FIR_kernel_81, i16 %p_ZL19H_filter_FIR_kernel_80, i16 %p_ZL19H_filter_FIR_kernel_79, i16 %p_ZL19H_filter_FIR_kernel_78, i16 %p_ZL19H_filter_FIR_kernel_77, i16 %p_ZL19H_filter_FIR_kernel_76, i16 %p_ZL19H_filter_FIR_kernel_75, i16 %p_ZL19H_filter_FIR_kernel_74, i16 %p_ZL19H_filter_FIR_kernel_73, i16 %p_ZL19H_filter_FIR_kernel_72, i16 %p_ZL19H_filter_FIR_kernel_71, i16 %p_ZL19H_filter_FIR_kernel_70, i16 %p_ZL19H_filter_FIR_kernel_69, i16 %p_ZL19H_filter_FIR_kernel_68, i16 %p_ZL19H_filter_FIR_kernel_67, i16 %p_ZL19H_filter_FIR_kernel_66, i16 %p_ZL19H_filter_FIR_kernel_65, i16 %p_ZL19H_filter_FIR_kernel_64, i16 %p_ZL19H_filter_FIR_kernel_63, i16 %p_ZL19H_filter_FIR_kernel_62, i16 %p_ZL19H_filter_FIR_kernel_61, i16 %p_ZL19H_filter_FIR_kernel_60, i16 %p_ZL19H_filter_FIR_kernel_59, i16 %p_ZL19H_filter_FIR_kernel_58, i16 %p_ZL19H_filter_FIR_kernel_57, i16 %p_ZL19H_filter_FIR_kernel_56, i16 %p_ZL19H_filter_FIR_kernel_55, i16 %p_ZL19H_filter_FIR_kernel_54, i16 %p_ZL19H_filter_FIR_kernel_53, i16 %p_ZL19H_filter_FIR_kernel_52, i16 %p_ZL19H_filter_FIR_kernel_51, i16 %p_ZL19H_filter_FIR_kernel_50, i16 %p_ZL19H_filter_FIR_kernel_49, i16 %p_ZL19H_filter_FIR_kernel_48, i16 %p_ZL19H_filter_FIR_kernel_47, i16 %p_ZL19H_filter_FIR_kernel_46, i16 %p_ZL19H_filter_FIR_kernel_45, i16 %p_ZL19H_filter_FIR_kernel_44, i16 %p_ZL19H_filter_FIR_kernel_43, i16 %p_ZL19H_filter_FIR_kernel_42, i16 %p_ZL19H_filter_FIR_kernel_41, i16 %p_ZL19H_filter_FIR_kernel_40, i16 %p_ZL19H_filter_FIR_kernel_39, i16 %p_ZL19H_filter_FIR_kernel_38, i16 %p_ZL19H_filter_FIR_kernel_37, i16 %p_ZL19H_filter_FIR_kernel_36, i16 %p_ZL19H_filter_FIR_kernel_35, i16 %p_ZL19H_filter_FIR_kernel_34, i16 %p_ZL19H_filter_FIR_kernel_33, i16 %p_ZL19H_filter_FIR_kernel_32, i16 %p_ZL19H_filter_FIR_kernel_31, i16 %p_ZL19H_filter_FIR_kernel_30, i16 %p_ZL19H_filter_FIR_kernel_29, i16 %p_ZL19H_filter_FIR_kernel_28, i16 %p_ZL19H_filter_FIR_kernel_27, i16 %p_ZL19H_filter_FIR_kernel_26, i16 %p_ZL19H_filter_FIR_kernel_25, i16 %p_ZL19H_filter_FIR_kernel_24, i16 %p_ZL19H_filter_FIR_kernel_23, i16 %p_ZL19H_filter_FIR_kernel_22, i16 %p_ZL19H_filter_FIR_kernel_21, i16 %p_ZL19H_filter_FIR_kernel_20, i16 %p_ZL19H_filter_FIR_kernel_19, i16 %p_ZL19H_filter_FIR_kernel_18, i16 %p_ZL19H_filter_FIR_kernel_17, i16 %p_ZL19H_filter_FIR_kernel_16, i16 %p_ZL19H_filter_FIR_kernel_15, i16 %p_ZL19H_filter_FIR_kernel_14, i16 %p_ZL19H_filter_FIR_kernel_13, i16 %p_ZL19H_filter_FIR_kernel_12, i16 %p_ZL19H_filter_FIR_kernel_11, i16 %p_ZL19H_filter_FIR_kernel_10, i16 %p_ZL19H_filter_FIR_kernel_9, i16 %p_ZL19H_filter_FIR_kernel_8, i16 %p_ZL19H_filter_FIR_kernel_7, i16 %p_ZL19H_filter_FIR_kernel_6, i16 %p_ZL19H_filter_FIR_kernel_5, i16 %p_ZL19H_filter_FIR_kernel_4, i16 %p_ZL19H_filter_FIR_kernel_3, i16 %p_ZL19H_filter_FIR_kernel_2, i16 %p_ZL19H_filter_FIR_kernel_1, i16 %p_ZL19H_filter_FIR_kernel_0" [FIR_HLS.cpp:34]   --->   Operation 156 'call' 'ref_tmp4' <Predicate = true> <Delay = 4.40> <CoreType = "Generic">   --->   Generic Core

State 8 <SV = 6> <Delay = 4.40>
ST_8 : Operation 157 [4/6] (4.40ns)   --->   "%ref_tmp4 = call i16 @FIR_filter, i16 %add_ln32_2, i16 %p_ZL19H_filter_FIR_kernel_115, i16 %p_ZL19H_filter_FIR_kernel_114, i16 %p_ZL19H_filter_FIR_kernel_113, i16 %p_ZL19H_filter_FIR_kernel_112, i16 %p_ZL19H_filter_FIR_kernel_111, i16 %p_ZL19H_filter_FIR_kernel_110, i16 %p_ZL19H_filter_FIR_kernel_109, i16 %p_ZL19H_filter_FIR_kernel_108, i16 %p_ZL19H_filter_FIR_kernel_107, i16 %p_ZL19H_filter_FIR_kernel_106, i16 %p_ZL19H_filter_FIR_kernel_105, i16 %p_ZL19H_filter_FIR_kernel_104, i16 %p_ZL19H_filter_FIR_kernel_103, i16 %p_ZL19H_filter_FIR_kernel_102, i16 %p_ZL19H_filter_FIR_kernel_101, i16 %p_ZL19H_filter_FIR_kernel_100, i16 %p_ZL19H_filter_FIR_kernel_99, i16 %p_ZL19H_filter_FIR_kernel_98, i16 %p_ZL19H_filter_FIR_kernel_97, i16 %p_ZL19H_filter_FIR_kernel_96, i16 %p_ZL19H_filter_FIR_kernel_95, i16 %p_ZL19H_filter_FIR_kernel_94, i16 %p_ZL19H_filter_FIR_kernel_93, i16 %p_ZL19H_filter_FIR_kernel_92, i16 %p_ZL19H_filter_FIR_kernel_91, i16 %p_ZL19H_filter_FIR_kernel_90, i16 %p_ZL19H_filter_FIR_kernel_89, i16 %p_ZL19H_filter_FIR_kernel_88, i16 %p_ZL19H_filter_FIR_kernel_87, i16 %p_ZL19H_filter_FIR_kernel_86, i16 %p_ZL19H_filter_FIR_kernel_85, i16 %p_ZL19H_filter_FIR_kernel_84, i16 %p_ZL19H_filter_FIR_kernel_83, i16 %p_ZL19H_filter_FIR_kernel_82, i16 %p_ZL19H_filter_FIR_kernel_81, i16 %p_ZL19H_filter_FIR_kernel_80, i16 %p_ZL19H_filter_FIR_kernel_79, i16 %p_ZL19H_filter_FIR_kernel_78, i16 %p_ZL19H_filter_FIR_kernel_77, i16 %p_ZL19H_filter_FIR_kernel_76, i16 %p_ZL19H_filter_FIR_kernel_75, i16 %p_ZL19H_filter_FIR_kernel_74, i16 %p_ZL19H_filter_FIR_kernel_73, i16 %p_ZL19H_filter_FIR_kernel_72, i16 %p_ZL19H_filter_FIR_kernel_71, i16 %p_ZL19H_filter_FIR_kernel_70, i16 %p_ZL19H_filter_FIR_kernel_69, i16 %p_ZL19H_filter_FIR_kernel_68, i16 %p_ZL19H_filter_FIR_kernel_67, i16 %p_ZL19H_filter_FIR_kernel_66, i16 %p_ZL19H_filter_FIR_kernel_65, i16 %p_ZL19H_filter_FIR_kernel_64, i16 %p_ZL19H_filter_FIR_kernel_63, i16 %p_ZL19H_filter_FIR_kernel_62, i16 %p_ZL19H_filter_FIR_kernel_61, i16 %p_ZL19H_filter_FIR_kernel_60, i16 %p_ZL19H_filter_FIR_kernel_59, i16 %p_ZL19H_filter_FIR_kernel_58, i16 %p_ZL19H_filter_FIR_kernel_57, i16 %p_ZL19H_filter_FIR_kernel_56, i16 %p_ZL19H_filter_FIR_kernel_55, i16 %p_ZL19H_filter_FIR_kernel_54, i16 %p_ZL19H_filter_FIR_kernel_53, i16 %p_ZL19H_filter_FIR_kernel_52, i16 %p_ZL19H_filter_FIR_kernel_51, i16 %p_ZL19H_filter_FIR_kernel_50, i16 %p_ZL19H_filter_FIR_kernel_49, i16 %p_ZL19H_filter_FIR_kernel_48, i16 %p_ZL19H_filter_FIR_kernel_47, i16 %p_ZL19H_filter_FIR_kernel_46, i16 %p_ZL19H_filter_FIR_kernel_45, i16 %p_ZL19H_filter_FIR_kernel_44, i16 %p_ZL19H_filter_FIR_kernel_43, i16 %p_ZL19H_filter_FIR_kernel_42, i16 %p_ZL19H_filter_FIR_kernel_41, i16 %p_ZL19H_filter_FIR_kernel_40, i16 %p_ZL19H_filter_FIR_kernel_39, i16 %p_ZL19H_filter_FIR_kernel_38, i16 %p_ZL19H_filter_FIR_kernel_37, i16 %p_ZL19H_filter_FIR_kernel_36, i16 %p_ZL19H_filter_FIR_kernel_35, i16 %p_ZL19H_filter_FIR_kernel_34, i16 %p_ZL19H_filter_FIR_kernel_33, i16 %p_ZL19H_filter_FIR_kernel_32, i16 %p_ZL19H_filter_FIR_kernel_31, i16 %p_ZL19H_filter_FIR_kernel_30, i16 %p_ZL19H_filter_FIR_kernel_29, i16 %p_ZL19H_filter_FIR_kernel_28, i16 %p_ZL19H_filter_FIR_kernel_27, i16 %p_ZL19H_filter_FIR_kernel_26, i16 %p_ZL19H_filter_FIR_kernel_25, i16 %p_ZL19H_filter_FIR_kernel_24, i16 %p_ZL19H_filter_FIR_kernel_23, i16 %p_ZL19H_filter_FIR_kernel_22, i16 %p_ZL19H_filter_FIR_kernel_21, i16 %p_ZL19H_filter_FIR_kernel_20, i16 %p_ZL19H_filter_FIR_kernel_19, i16 %p_ZL19H_filter_FIR_kernel_18, i16 %p_ZL19H_filter_FIR_kernel_17, i16 %p_ZL19H_filter_FIR_kernel_16, i16 %p_ZL19H_filter_FIR_kernel_15, i16 %p_ZL19H_filter_FIR_kernel_14, i16 %p_ZL19H_filter_FIR_kernel_13, i16 %p_ZL19H_filter_FIR_kernel_12, i16 %p_ZL19H_filter_FIR_kernel_11, i16 %p_ZL19H_filter_FIR_kernel_10, i16 %p_ZL19H_filter_FIR_kernel_9, i16 %p_ZL19H_filter_FIR_kernel_8, i16 %p_ZL19H_filter_FIR_kernel_7, i16 %p_ZL19H_filter_FIR_kernel_6, i16 %p_ZL19H_filter_FIR_kernel_5, i16 %p_ZL19H_filter_FIR_kernel_4, i16 %p_ZL19H_filter_FIR_kernel_3, i16 %p_ZL19H_filter_FIR_kernel_2, i16 %p_ZL19H_filter_FIR_kernel_1, i16 %p_ZL19H_filter_FIR_kernel_0" [FIR_HLS.cpp:34]   --->   Operation 157 'call' 'ref_tmp4' <Predicate = true> <Delay = 4.40> <CoreType = "Generic">   --->   Generic Core

State 9 <SV = 7> <Delay = 4.40>
ST_9 : Operation 158 [3/6] (4.40ns)   --->   "%ref_tmp4 = call i16 @FIR_filter, i16 %add_ln32_2, i16 %p_ZL19H_filter_FIR_kernel_115, i16 %p_ZL19H_filter_FIR_kernel_114, i16 %p_ZL19H_filter_FIR_kernel_113, i16 %p_ZL19H_filter_FIR_kernel_112, i16 %p_ZL19H_filter_FIR_kernel_111, i16 %p_ZL19H_filter_FIR_kernel_110, i16 %p_ZL19H_filter_FIR_kernel_109, i16 %p_ZL19H_filter_FIR_kernel_108, i16 %p_ZL19H_filter_FIR_kernel_107, i16 %p_ZL19H_filter_FIR_kernel_106, i16 %p_ZL19H_filter_FIR_kernel_105, i16 %p_ZL19H_filter_FIR_kernel_104, i16 %p_ZL19H_filter_FIR_kernel_103, i16 %p_ZL19H_filter_FIR_kernel_102, i16 %p_ZL19H_filter_FIR_kernel_101, i16 %p_ZL19H_filter_FIR_kernel_100, i16 %p_ZL19H_filter_FIR_kernel_99, i16 %p_ZL19H_filter_FIR_kernel_98, i16 %p_ZL19H_filter_FIR_kernel_97, i16 %p_ZL19H_filter_FIR_kernel_96, i16 %p_ZL19H_filter_FIR_kernel_95, i16 %p_ZL19H_filter_FIR_kernel_94, i16 %p_ZL19H_filter_FIR_kernel_93, i16 %p_ZL19H_filter_FIR_kernel_92, i16 %p_ZL19H_filter_FIR_kernel_91, i16 %p_ZL19H_filter_FIR_kernel_90, i16 %p_ZL19H_filter_FIR_kernel_89, i16 %p_ZL19H_filter_FIR_kernel_88, i16 %p_ZL19H_filter_FIR_kernel_87, i16 %p_ZL19H_filter_FIR_kernel_86, i16 %p_ZL19H_filter_FIR_kernel_85, i16 %p_ZL19H_filter_FIR_kernel_84, i16 %p_ZL19H_filter_FIR_kernel_83, i16 %p_ZL19H_filter_FIR_kernel_82, i16 %p_ZL19H_filter_FIR_kernel_81, i16 %p_ZL19H_filter_FIR_kernel_80, i16 %p_ZL19H_filter_FIR_kernel_79, i16 %p_ZL19H_filter_FIR_kernel_78, i16 %p_ZL19H_filter_FIR_kernel_77, i16 %p_ZL19H_filter_FIR_kernel_76, i16 %p_ZL19H_filter_FIR_kernel_75, i16 %p_ZL19H_filter_FIR_kernel_74, i16 %p_ZL19H_filter_FIR_kernel_73, i16 %p_ZL19H_filter_FIR_kernel_72, i16 %p_ZL19H_filter_FIR_kernel_71, i16 %p_ZL19H_filter_FIR_kernel_70, i16 %p_ZL19H_filter_FIR_kernel_69, i16 %p_ZL19H_filter_FIR_kernel_68, i16 %p_ZL19H_filter_FIR_kernel_67, i16 %p_ZL19H_filter_FIR_kernel_66, i16 %p_ZL19H_filter_FIR_kernel_65, i16 %p_ZL19H_filter_FIR_kernel_64, i16 %p_ZL19H_filter_FIR_kernel_63, i16 %p_ZL19H_filter_FIR_kernel_62, i16 %p_ZL19H_filter_FIR_kernel_61, i16 %p_ZL19H_filter_FIR_kernel_60, i16 %p_ZL19H_filter_FIR_kernel_59, i16 %p_ZL19H_filter_FIR_kernel_58, i16 %p_ZL19H_filter_FIR_kernel_57, i16 %p_ZL19H_filter_FIR_kernel_56, i16 %p_ZL19H_filter_FIR_kernel_55, i16 %p_ZL19H_filter_FIR_kernel_54, i16 %p_ZL19H_filter_FIR_kernel_53, i16 %p_ZL19H_filter_FIR_kernel_52, i16 %p_ZL19H_filter_FIR_kernel_51, i16 %p_ZL19H_filter_FIR_kernel_50, i16 %p_ZL19H_filter_FIR_kernel_49, i16 %p_ZL19H_filter_FIR_kernel_48, i16 %p_ZL19H_filter_FIR_kernel_47, i16 %p_ZL19H_filter_FIR_kernel_46, i16 %p_ZL19H_filter_FIR_kernel_45, i16 %p_ZL19H_filter_FIR_kernel_44, i16 %p_ZL19H_filter_FIR_kernel_43, i16 %p_ZL19H_filter_FIR_kernel_42, i16 %p_ZL19H_filter_FIR_kernel_41, i16 %p_ZL19H_filter_FIR_kernel_40, i16 %p_ZL19H_filter_FIR_kernel_39, i16 %p_ZL19H_filter_FIR_kernel_38, i16 %p_ZL19H_filter_FIR_kernel_37, i16 %p_ZL19H_filter_FIR_kernel_36, i16 %p_ZL19H_filter_FIR_kernel_35, i16 %p_ZL19H_filter_FIR_kernel_34, i16 %p_ZL19H_filter_FIR_kernel_33, i16 %p_ZL19H_filter_FIR_kernel_32, i16 %p_ZL19H_filter_FIR_kernel_31, i16 %p_ZL19H_filter_FIR_kernel_30, i16 %p_ZL19H_filter_FIR_kernel_29, i16 %p_ZL19H_filter_FIR_kernel_28, i16 %p_ZL19H_filter_FIR_kernel_27, i16 %p_ZL19H_filter_FIR_kernel_26, i16 %p_ZL19H_filter_FIR_kernel_25, i16 %p_ZL19H_filter_FIR_kernel_24, i16 %p_ZL19H_filter_FIR_kernel_23, i16 %p_ZL19H_filter_FIR_kernel_22, i16 %p_ZL19H_filter_FIR_kernel_21, i16 %p_ZL19H_filter_FIR_kernel_20, i16 %p_ZL19H_filter_FIR_kernel_19, i16 %p_ZL19H_filter_FIR_kernel_18, i16 %p_ZL19H_filter_FIR_kernel_17, i16 %p_ZL19H_filter_FIR_kernel_16, i16 %p_ZL19H_filter_FIR_kernel_15, i16 %p_ZL19H_filter_FIR_kernel_14, i16 %p_ZL19H_filter_FIR_kernel_13, i16 %p_ZL19H_filter_FIR_kernel_12, i16 %p_ZL19H_filter_FIR_kernel_11, i16 %p_ZL19H_filter_FIR_kernel_10, i16 %p_ZL19H_filter_FIR_kernel_9, i16 %p_ZL19H_filter_FIR_kernel_8, i16 %p_ZL19H_filter_FIR_kernel_7, i16 %p_ZL19H_filter_FIR_kernel_6, i16 %p_ZL19H_filter_FIR_kernel_5, i16 %p_ZL19H_filter_FIR_kernel_4, i16 %p_ZL19H_filter_FIR_kernel_3, i16 %p_ZL19H_filter_FIR_kernel_2, i16 %p_ZL19H_filter_FIR_kernel_1, i16 %p_ZL19H_filter_FIR_kernel_0" [FIR_HLS.cpp:34]   --->   Operation 158 'call' 'ref_tmp4' <Predicate = true> <Delay = 4.40> <CoreType = "Generic">   --->   Generic Core

State 10 <SV = 8> <Delay = 4.40>
ST_10 : Operation 159 [2/6] (4.40ns)   --->   "%ref_tmp4 = call i16 @FIR_filter, i16 %add_ln32_2, i16 %p_ZL19H_filter_FIR_kernel_115, i16 %p_ZL19H_filter_FIR_kernel_114, i16 %p_ZL19H_filter_FIR_kernel_113, i16 %p_ZL19H_filter_FIR_kernel_112, i16 %p_ZL19H_filter_FIR_kernel_111, i16 %p_ZL19H_filter_FIR_kernel_110, i16 %p_ZL19H_filter_FIR_kernel_109, i16 %p_ZL19H_filter_FIR_kernel_108, i16 %p_ZL19H_filter_FIR_kernel_107, i16 %p_ZL19H_filter_FIR_kernel_106, i16 %p_ZL19H_filter_FIR_kernel_105, i16 %p_ZL19H_filter_FIR_kernel_104, i16 %p_ZL19H_filter_FIR_kernel_103, i16 %p_ZL19H_filter_FIR_kernel_102, i16 %p_ZL19H_filter_FIR_kernel_101, i16 %p_ZL19H_filter_FIR_kernel_100, i16 %p_ZL19H_filter_FIR_kernel_99, i16 %p_ZL19H_filter_FIR_kernel_98, i16 %p_ZL19H_filter_FIR_kernel_97, i16 %p_ZL19H_filter_FIR_kernel_96, i16 %p_ZL19H_filter_FIR_kernel_95, i16 %p_ZL19H_filter_FIR_kernel_94, i16 %p_ZL19H_filter_FIR_kernel_93, i16 %p_ZL19H_filter_FIR_kernel_92, i16 %p_ZL19H_filter_FIR_kernel_91, i16 %p_ZL19H_filter_FIR_kernel_90, i16 %p_ZL19H_filter_FIR_kernel_89, i16 %p_ZL19H_filter_FIR_kernel_88, i16 %p_ZL19H_filter_FIR_kernel_87, i16 %p_ZL19H_filter_FIR_kernel_86, i16 %p_ZL19H_filter_FIR_kernel_85, i16 %p_ZL19H_filter_FIR_kernel_84, i16 %p_ZL19H_filter_FIR_kernel_83, i16 %p_ZL19H_filter_FIR_kernel_82, i16 %p_ZL19H_filter_FIR_kernel_81, i16 %p_ZL19H_filter_FIR_kernel_80, i16 %p_ZL19H_filter_FIR_kernel_79, i16 %p_ZL19H_filter_FIR_kernel_78, i16 %p_ZL19H_filter_FIR_kernel_77, i16 %p_ZL19H_filter_FIR_kernel_76, i16 %p_ZL19H_filter_FIR_kernel_75, i16 %p_ZL19H_filter_FIR_kernel_74, i16 %p_ZL19H_filter_FIR_kernel_73, i16 %p_ZL19H_filter_FIR_kernel_72, i16 %p_ZL19H_filter_FIR_kernel_71, i16 %p_ZL19H_filter_FIR_kernel_70, i16 %p_ZL19H_filter_FIR_kernel_69, i16 %p_ZL19H_filter_FIR_kernel_68, i16 %p_ZL19H_filter_FIR_kernel_67, i16 %p_ZL19H_filter_FIR_kernel_66, i16 %p_ZL19H_filter_FIR_kernel_65, i16 %p_ZL19H_filter_FIR_kernel_64, i16 %p_ZL19H_filter_FIR_kernel_63, i16 %p_ZL19H_filter_FIR_kernel_62, i16 %p_ZL19H_filter_FIR_kernel_61, i16 %p_ZL19H_filter_FIR_kernel_60, i16 %p_ZL19H_filter_FIR_kernel_59, i16 %p_ZL19H_filter_FIR_kernel_58, i16 %p_ZL19H_filter_FIR_kernel_57, i16 %p_ZL19H_filter_FIR_kernel_56, i16 %p_ZL19H_filter_FIR_kernel_55, i16 %p_ZL19H_filter_FIR_kernel_54, i16 %p_ZL19H_filter_FIR_kernel_53, i16 %p_ZL19H_filter_FIR_kernel_52, i16 %p_ZL19H_filter_FIR_kernel_51, i16 %p_ZL19H_filter_FIR_kernel_50, i16 %p_ZL19H_filter_FIR_kernel_49, i16 %p_ZL19H_filter_FIR_kernel_48, i16 %p_ZL19H_filter_FIR_kernel_47, i16 %p_ZL19H_filter_FIR_kernel_46, i16 %p_ZL19H_filter_FIR_kernel_45, i16 %p_ZL19H_filter_FIR_kernel_44, i16 %p_ZL19H_filter_FIR_kernel_43, i16 %p_ZL19H_filter_FIR_kernel_42, i16 %p_ZL19H_filter_FIR_kernel_41, i16 %p_ZL19H_filter_FIR_kernel_40, i16 %p_ZL19H_filter_FIR_kernel_39, i16 %p_ZL19H_filter_FIR_kernel_38, i16 %p_ZL19H_filter_FIR_kernel_37, i16 %p_ZL19H_filter_FIR_kernel_36, i16 %p_ZL19H_filter_FIR_kernel_35, i16 %p_ZL19H_filter_FIR_kernel_34, i16 %p_ZL19H_filter_FIR_kernel_33, i16 %p_ZL19H_filter_FIR_kernel_32, i16 %p_ZL19H_filter_FIR_kernel_31, i16 %p_ZL19H_filter_FIR_kernel_30, i16 %p_ZL19H_filter_FIR_kernel_29, i16 %p_ZL19H_filter_FIR_kernel_28, i16 %p_ZL19H_filter_FIR_kernel_27, i16 %p_ZL19H_filter_FIR_kernel_26, i16 %p_ZL19H_filter_FIR_kernel_25, i16 %p_ZL19H_filter_FIR_kernel_24, i16 %p_ZL19H_filter_FIR_kernel_23, i16 %p_ZL19H_filter_FIR_kernel_22, i16 %p_ZL19H_filter_FIR_kernel_21, i16 %p_ZL19H_filter_FIR_kernel_20, i16 %p_ZL19H_filter_FIR_kernel_19, i16 %p_ZL19H_filter_FIR_kernel_18, i16 %p_ZL19H_filter_FIR_kernel_17, i16 %p_ZL19H_filter_FIR_kernel_16, i16 %p_ZL19H_filter_FIR_kernel_15, i16 %p_ZL19H_filter_FIR_kernel_14, i16 %p_ZL19H_filter_FIR_kernel_13, i16 %p_ZL19H_filter_FIR_kernel_12, i16 %p_ZL19H_filter_FIR_kernel_11, i16 %p_ZL19H_filter_FIR_kernel_10, i16 %p_ZL19H_filter_FIR_kernel_9, i16 %p_ZL19H_filter_FIR_kernel_8, i16 %p_ZL19H_filter_FIR_kernel_7, i16 %p_ZL19H_filter_FIR_kernel_6, i16 %p_ZL19H_filter_FIR_kernel_5, i16 %p_ZL19H_filter_FIR_kernel_4, i16 %p_ZL19H_filter_FIR_kernel_3, i16 %p_ZL19H_filter_FIR_kernel_2, i16 %p_ZL19H_filter_FIR_kernel_1, i16 %p_ZL19H_filter_FIR_kernel_0" [FIR_HLS.cpp:34]   --->   Operation 159 'call' 'ref_tmp4' <Predicate = true> <Delay = 4.40> <CoreType = "Generic">   --->   Generic Core

State 11 <SV = 9> <Delay = 5.27>
ST_11 : Operation 160 [1/6] (4.28ns)   --->   "%ref_tmp4 = call i16 @FIR_filter, i16 %add_ln32_2, i16 %p_ZL19H_filter_FIR_kernel_115, i16 %p_ZL19H_filter_FIR_kernel_114, i16 %p_ZL19H_filter_FIR_kernel_113, i16 %p_ZL19H_filter_FIR_kernel_112, i16 %p_ZL19H_filter_FIR_kernel_111, i16 %p_ZL19H_filter_FIR_kernel_110, i16 %p_ZL19H_filter_FIR_kernel_109, i16 %p_ZL19H_filter_FIR_kernel_108, i16 %p_ZL19H_filter_FIR_kernel_107, i16 %p_ZL19H_filter_FIR_kernel_106, i16 %p_ZL19H_filter_FIR_kernel_105, i16 %p_ZL19H_filter_FIR_kernel_104, i16 %p_ZL19H_filter_FIR_kernel_103, i16 %p_ZL19H_filter_FIR_kernel_102, i16 %p_ZL19H_filter_FIR_kernel_101, i16 %p_ZL19H_filter_FIR_kernel_100, i16 %p_ZL19H_filter_FIR_kernel_99, i16 %p_ZL19H_filter_FIR_kernel_98, i16 %p_ZL19H_filter_FIR_kernel_97, i16 %p_ZL19H_filter_FIR_kernel_96, i16 %p_ZL19H_filter_FIR_kernel_95, i16 %p_ZL19H_filter_FIR_kernel_94, i16 %p_ZL19H_filter_FIR_kernel_93, i16 %p_ZL19H_filter_FIR_kernel_92, i16 %p_ZL19H_filter_FIR_kernel_91, i16 %p_ZL19H_filter_FIR_kernel_90, i16 %p_ZL19H_filter_FIR_kernel_89, i16 %p_ZL19H_filter_FIR_kernel_88, i16 %p_ZL19H_filter_FIR_kernel_87, i16 %p_ZL19H_filter_FIR_kernel_86, i16 %p_ZL19H_filter_FIR_kernel_85, i16 %p_ZL19H_filter_FIR_kernel_84, i16 %p_ZL19H_filter_FIR_kernel_83, i16 %p_ZL19H_filter_FIR_kernel_82, i16 %p_ZL19H_filter_FIR_kernel_81, i16 %p_ZL19H_filter_FIR_kernel_80, i16 %p_ZL19H_filter_FIR_kernel_79, i16 %p_ZL19H_filter_FIR_kernel_78, i16 %p_ZL19H_filter_FIR_kernel_77, i16 %p_ZL19H_filter_FIR_kernel_76, i16 %p_ZL19H_filter_FIR_kernel_75, i16 %p_ZL19H_filter_FIR_kernel_74, i16 %p_ZL19H_filter_FIR_kernel_73, i16 %p_ZL19H_filter_FIR_kernel_72, i16 %p_ZL19H_filter_FIR_kernel_71, i16 %p_ZL19H_filter_FIR_kernel_70, i16 %p_ZL19H_filter_FIR_kernel_69, i16 %p_ZL19H_filter_FIR_kernel_68, i16 %p_ZL19H_filter_FIR_kernel_67, i16 %p_ZL19H_filter_FIR_kernel_66, i16 %p_ZL19H_filter_FIR_kernel_65, i16 %p_ZL19H_filter_FIR_kernel_64, i16 %p_ZL19H_filter_FIR_kernel_63, i16 %p_ZL19H_filter_FIR_kernel_62, i16 %p_ZL19H_filter_FIR_kernel_61, i16 %p_ZL19H_filter_FIR_kernel_60, i16 %p_ZL19H_filter_FIR_kernel_59, i16 %p_ZL19H_filter_FIR_kernel_58, i16 %p_ZL19H_filter_FIR_kernel_57, i16 %p_ZL19H_filter_FIR_kernel_56, i16 %p_ZL19H_filter_FIR_kernel_55, i16 %p_ZL19H_filter_FIR_kernel_54, i16 %p_ZL19H_filter_FIR_kernel_53, i16 %p_ZL19H_filter_FIR_kernel_52, i16 %p_ZL19H_filter_FIR_kernel_51, i16 %p_ZL19H_filter_FIR_kernel_50, i16 %p_ZL19H_filter_FIR_kernel_49, i16 %p_ZL19H_filter_FIR_kernel_48, i16 %p_ZL19H_filter_FIR_kernel_47, i16 %p_ZL19H_filter_FIR_kernel_46, i16 %p_ZL19H_filter_FIR_kernel_45, i16 %p_ZL19H_filter_FIR_kernel_44, i16 %p_ZL19H_filter_FIR_kernel_43, i16 %p_ZL19H_filter_FIR_kernel_42, i16 %p_ZL19H_filter_FIR_kernel_41, i16 %p_ZL19H_filter_FIR_kernel_40, i16 %p_ZL19H_filter_FIR_kernel_39, i16 %p_ZL19H_filter_FIR_kernel_38, i16 %p_ZL19H_filter_FIR_kernel_37, i16 %p_ZL19H_filter_FIR_kernel_36, i16 %p_ZL19H_filter_FIR_kernel_35, i16 %p_ZL19H_filter_FIR_kernel_34, i16 %p_ZL19H_filter_FIR_kernel_33, i16 %p_ZL19H_filter_FIR_kernel_32, i16 %p_ZL19H_filter_FIR_kernel_31, i16 %p_ZL19H_filter_FIR_kernel_30, i16 %p_ZL19H_filter_FIR_kernel_29, i16 %p_ZL19H_filter_FIR_kernel_28, i16 %p_ZL19H_filter_FIR_kernel_27, i16 %p_ZL19H_filter_FIR_kernel_26, i16 %p_ZL19H_filter_FIR_kernel_25, i16 %p_ZL19H_filter_FIR_kernel_24, i16 %p_ZL19H_filter_FIR_kernel_23, i16 %p_ZL19H_filter_FIR_kernel_22, i16 %p_ZL19H_filter_FIR_kernel_21, i16 %p_ZL19H_filter_FIR_kernel_20, i16 %p_ZL19H_filter_FIR_kernel_19, i16 %p_ZL19H_filter_FIR_kernel_18, i16 %p_ZL19H_filter_FIR_kernel_17, i16 %p_ZL19H_filter_FIR_kernel_16, i16 %p_ZL19H_filter_FIR_kernel_15, i16 %p_ZL19H_filter_FIR_kernel_14, i16 %p_ZL19H_filter_FIR_kernel_13, i16 %p_ZL19H_filter_FIR_kernel_12, i16 %p_ZL19H_filter_FIR_kernel_11, i16 %p_ZL19H_filter_FIR_kernel_10, i16 %p_ZL19H_filter_FIR_kernel_9, i16 %p_ZL19H_filter_FIR_kernel_8, i16 %p_ZL19H_filter_FIR_kernel_7, i16 %p_ZL19H_filter_FIR_kernel_6, i16 %p_ZL19H_filter_FIR_kernel_5, i16 %p_ZL19H_filter_FIR_kernel_4, i16 %p_ZL19H_filter_FIR_kernel_3, i16 %p_ZL19H_filter_FIR_kernel_2, i16 %p_ZL19H_filter_FIR_kernel_1, i16 %p_ZL19H_filter_FIR_kernel_0" [FIR_HLS.cpp:34]   --->   Operation 160 'call' 'ref_tmp4' <Predicate = true> <Delay = 4.28> <CoreType = "Generic">   --->   Generic Core
ST_11 : Operation 161 [1/1] (0.00ns)   --->   "%store_ln34 = store i16 %ref_tmp4, i16 %y2" [FIR_HLS.cpp:34]   --->   Operation 161 'store' 'store_ln34' <Predicate = true> <Delay = 0.00>
ST_11 : Operation 162 [1/1] (0.00ns)   --->   "%p_ZL17H_accu_FIR_int_40_0_load = load i32 %p_ZL17H_accu_FIR_int_40_0" [FIR_HLS.cpp:35]   --->   Operation 162 'load' 'p_ZL17H_accu_FIR_int_40_0_load' <Predicate = true> <Delay = 0.00>
ST_11 : Operation 163 [1/1] (0.00ns)   --->   "%p_ZL17H_accu_FIR_int_40_1_load = load i32 %p_ZL17H_accu_FIR_int_40_1" [FIR_HLS.cpp:35]   --->   Operation 163 'load' 'p_ZL17H_accu_FIR_int_40_1_load' <Predicate = true> <Delay = 0.00>
ST_11 : Operation 164 [1/1] (0.00ns)   --->   "%p_ZL17H_accu_FIR_int_40_2_load = load i32 %p_ZL17H_accu_FIR_int_40_2" [FIR_HLS.cpp:35]   --->   Operation 164 'load' 'p_ZL17H_accu_FIR_int_40_2_load' <Predicate = true> <Delay = 0.00>
ST_11 : Operation 165 [1/1] (0.00ns)   --->   "%p_ZL17H_accu_FIR_int_40_3_load = load i32 %p_ZL17H_accu_FIR_int_40_3" [FIR_HLS.cpp:35]   --->   Operation 165 'load' 'p_ZL17H_accu_FIR_int_40_3_load' <Predicate = true> <Delay = 0.00>
ST_11 : Operation 166 [1/1] (0.00ns)   --->   "%p_ZL17H_accu_FIR_int_40_4_load = load i32 %p_ZL17H_accu_FIR_int_40_4" [FIR_HLS.cpp:35]   --->   Operation 166 'load' 'p_ZL17H_accu_FIR_int_40_4_load' <Predicate = true> <Delay = 0.00>
ST_11 : Operation 167 [5/5] (0.99ns)   --->   "%call_ret3 = call i176 @FIR_filter_transposed.1, i32 %p_ZL17H_accu_FIR_int_40_0_load, i32 %p_ZL17H_accu_FIR_int_40_1_load, i32 %p_ZL17H_accu_FIR_int_40_2_load, i32 %p_ZL17H_accu_FIR_int_40_3_load, i32 %p_ZL17H_accu_FIR_int_40_4_load, i16 %ref_tmp4" [FIR_HLS.cpp:35]   --->   Operation 167 'call' 'call_ret3' <Predicate = true> <Delay = 0.99> <CoreType = "Generic">   --->   Generic Core

State 12 <SV = 10> <Delay = 3.39>
ST_12 : Operation 168 [4/5] (3.39ns)   --->   "%call_ret3 = call i176 @FIR_filter_transposed.1, i32 %p_ZL17H_accu_FIR_int_40_0_load, i32 %p_ZL17H_accu_FIR_int_40_1_load, i32 %p_ZL17H_accu_FIR_int_40_2_load, i32 %p_ZL17H_accu_FIR_int_40_3_load, i32 %p_ZL17H_accu_FIR_int_40_4_load, i16 %ref_tmp4" [FIR_HLS.cpp:35]   --->   Operation 168 'call' 'call_ret3' <Predicate = true> <Delay = 3.39> <CoreType = "Generic">   --->   Generic Core

State 13 <SV = 11> <Delay = 3.39>
ST_13 : Operation 169 [3/5] (3.39ns)   --->   "%call_ret3 = call i176 @FIR_filter_transposed.1, i32 %p_ZL17H_accu_FIR_int_40_0_load, i32 %p_ZL17H_accu_FIR_int_40_1_load, i32 %p_ZL17H_accu_FIR_int_40_2_load, i32 %p_ZL17H_accu_FIR_int_40_3_load, i32 %p_ZL17H_accu_FIR_int_40_4_load, i16 %ref_tmp4" [FIR_HLS.cpp:35]   --->   Operation 169 'call' 'call_ret3' <Predicate = true> <Delay = 3.39> <CoreType = "Generic">   --->   Generic Core

State 14 <SV = 12> <Delay = 3.39>
ST_14 : Operation 170 [2/5] (3.39ns)   --->   "%call_ret3 = call i176 @FIR_filter_transposed.1, i32 %p_ZL17H_accu_FIR_int_40_0_load, i32 %p_ZL17H_accu_FIR_int_40_1_load, i32 %p_ZL17H_accu_FIR_int_40_2_load, i32 %p_ZL17H_accu_FIR_int_40_3_load, i32 %p_ZL17H_accu_FIR_int_40_4_load, i16 %ref_tmp4" [FIR_HLS.cpp:35]   --->   Operation 170 'call' 'call_ret3' <Predicate = true> <Delay = 3.39> <CoreType = "Generic">   --->   Generic Core

State 15 <SV = 13> <Delay = 3.84>
ST_15 : Operation 171 [1/5] (3.39ns)   --->   "%call_ret3 = call i176 @FIR_filter_transposed.1, i32 %p_ZL17H_accu_FIR_int_40_0_load, i32 %p_ZL17H_accu_FIR_int_40_1_load, i32 %p_ZL17H_accu_FIR_int_40_2_load, i32 %p_ZL17H_accu_FIR_int_40_3_load, i32 %p_ZL17H_accu_FIR_int_40_4_load, i16 %ref_tmp4" [FIR_HLS.cpp:35]   --->   Operation 171 'call' 'call_ret3' <Predicate = true> <Delay = 3.39> <CoreType = "Generic">   --->   Generic Core
ST_15 : Operation 172 [1/1] (0.00ns)   --->   "%ref_tmp8 = extractvalue i176 %call_ret3" [FIR_HLS.cpp:35]   --->   Operation 172 'extractvalue' 'ref_tmp8' <Predicate = true> <Delay = 0.00>
ST_15 : Operation 173 [1/1] (0.00ns)   --->   "%p_ZL17H_accu_FIR_int_40_0_ret = extractvalue i176 %call_ret3" [FIR_HLS.cpp:35]   --->   Operation 173 'extractvalue' 'p_ZL17H_accu_FIR_int_40_0_ret' <Predicate = true> <Delay = 0.00>
ST_15 : Operation 174 [1/1] (0.00ns)   --->   "%store_ln35 = store i32 %p_ZL17H_accu_FIR_int_40_0_ret, i32 %p_ZL17H_accu_FIR_int_40_0" [FIR_HLS.cpp:35]   --->   Operation 174 'store' 'store_ln35' <Predicate = true> <Delay = 0.00>
ST_15 : Operation 175 [1/1] (0.00ns)   --->   "%p_ZL17H_accu_FIR_int_40_1_ret = extractvalue i176 %call_ret3" [FIR_HLS.cpp:35]   --->   Operation 175 'extractvalue' 'p_ZL17H_accu_FIR_int_40_1_ret' <Predicate = true> <Delay = 0.00>
ST_15 : Operation 176 [1/1] (0.00ns)   --->   "%store_ln35 = store i32 %p_ZL17H_accu_FIR_int_40_1_ret, i32 %p_ZL17H_accu_FIR_int_40_1" [FIR_HLS.cpp:35]   --->   Operation 176 'store' 'store_ln35' <Predicate = true> <Delay = 0.00>
ST_15 : Operation 177 [1/1] (0.00ns)   --->   "%p_ZL17H_accu_FIR_int_40_2_ret = extractvalue i176 %call_ret3" [FIR_HLS.cpp:35]   --->   Operation 177 'extractvalue' 'p_ZL17H_accu_FIR_int_40_2_ret' <Predicate = true> <Delay = 0.00>
ST_15 : Operation 178 [1/1] (0.00ns)   --->   "%store_ln35 = store i32 %p_ZL17H_accu_FIR_int_40_2_ret, i32 %p_ZL17H_accu_FIR_int_40_2" [FIR_HLS.cpp:35]   --->   Operation 178 'store' 'store_ln35' <Predicate = true> <Delay = 0.00>
ST_15 : Operation 179 [1/1] (0.00ns)   --->   "%p_ZL17H_accu_FIR_int_40_3_ret = extractvalue i176 %call_ret3" [FIR_HLS.cpp:35]   --->   Operation 179 'extractvalue' 'p_ZL17H_accu_FIR_int_40_3_ret' <Predicate = true> <Delay = 0.00>
ST_15 : Operation 180 [1/1] (0.00ns)   --->   "%store_ln35 = store i32 %p_ZL17H_accu_FIR_int_40_3_ret, i32 %p_ZL17H_accu_FIR_int_40_3" [FIR_HLS.cpp:35]   --->   Operation 180 'store' 'store_ln35' <Predicate = true> <Delay = 0.00>
ST_15 : Operation 181 [1/1] (0.00ns)   --->   "%p_ZL17H_accu_FIR_int_40_4_ret = extractvalue i176 %call_ret3" [FIR_HLS.cpp:35]   --->   Operation 181 'extractvalue' 'p_ZL17H_accu_FIR_int_40_4_ret' <Predicate = true> <Delay = 0.00>
ST_15 : Operation 182 [1/1] (0.00ns)   --->   "%store_ln35 = store i32 %p_ZL17H_accu_FIR_int_40_4_ret, i32 %p_ZL17H_accu_FIR_int_40_4" [FIR_HLS.cpp:35]   --->   Operation 182 'store' 'store_ln35' <Predicate = true> <Delay = 0.00>
ST_15 : Operation 183 [1/1] (0.00ns)   --->   "%shl_ln35 = shl i16 %ref_tmp8, i16 2" [FIR_HLS.cpp:35]   --->   Operation 183 'shl' 'shl_ln35' <Predicate = true> <Delay = 0.00>
ST_15 : Operation 184 [2/2] (0.45ns)   --->   "%write_ln35 = write void @_ssdm_op_Write.axis.volatile.i16P128A, i16 %output_r, i16 %shl_ln35" [FIR_HLS.cpp:35]   --->   Operation 184 'write' 'write_ln35' <Predicate = true> <Delay = 0.45> <CoreInst = "regslice">   --->   Core 147 'regslice' <Latency = 0> <II = 1> <Delay = 0.59> <Adapter> <Opcode : 'read' 'write'>

State 16 <SV = 14> <Delay = 0.52>
ST_16 : Operation 185 [1/2] (0.45ns)   --->   "%write_ln35 = write void @_ssdm_op_Write.axis.volatile.i16P128A, i16 %output_r, i16 %shl_ln35" [FIR_HLS.cpp:35]   --->   Operation 185 'write' 'write_ln35' <Predicate = (mod_value_load == 0)> <Delay = 0.45> <CoreInst = "regslice">   --->   Core 147 'regslice' <Latency = 0> <II = 1> <Delay = 0.59> <Adapter> <Opcode : 'read' 'write'>
ST_16 : Operation 186 [1/1] (0.52ns)   --->   "%br_ln37 = br void %if.end37" [FIR_HLS.cpp:37]   --->   Operation 186 'br' 'br_ln37' <Predicate = (mod_value_load == 0)> <Delay = 0.52>
ST_16 : Operation 187 [1/1] (0.00ns)   --->   "%storemerge2 = phi i2 1, void %if.then, i2 2, void %if.then12, i2 0, void %if.else29, i2 3, void %if.then22"   --->   Operation 187 'phi' 'storemerge2' <Predicate = true> <Delay = 0.00>
ST_16 : Operation 188 [1/1] (0.00ns)   --->   "%store_ln0 = store i2 %storemerge2, i2 %mod_value"   --->   Operation 188 'store' 'store_ln0' <Predicate = true> <Delay = 0.00>
ST_16 : Operation 189 [1/1] (0.00ns)   --->   "%ret_ln55 = ret" [FIR_HLS.cpp:55]   --->   Operation 189 'ret' 'ret_ln55' <Predicate = true> <Delay = 0.00>

State 17 <SV = 1> <Delay = 0.52>
ST_17 : Operation 190 [1/2] (0.45ns)   --->   "%write_ln51 = write void @_ssdm_op_Write.axis.volatile.i16P128A, i16 %output_r, i16 %shl_ln51" [FIR_HLS.cpp:51]   --->   Operation 190 'write' 'write_ln51' <Predicate = true> <Delay = 0.45> <CoreInst = "regslice">   --->   Core 147 'regslice' <Latency = 0> <II = 1> <Delay = 0.59> <Adapter> <Opcode : 'read' 'write'>
ST_17 : Operation 191 [1/1] (0.52ns)   --->   "%br_ln0 = br void %if.end37"   --->   Operation 191 'br' 'br_ln0' <Predicate = true> <Delay = 0.52>


============================================================
+ Verbose Summary: Timing violations
============================================================
Target clock period: 10.000ns, clock uncertainty: 2.700ns.

 <State 1>: 4.397ns
The critical path consists of the following:
	'load' operation 2 bit ('mod_value_load', FIR_HLS.cpp:29) on static variable 'mod_value' [164]  (0.000 ns)
	'call' operation 144 bit ('call_ret1', FIR_HLS.cpp:51) to 'FIR_filter_transposed' [303]  (3.396 ns)
	'shl' operation 16 bit ('shl_ln51', FIR_HLS.cpp:51) [313]  (0.000 ns)
	axis write operation ('write_ln51', FIR_HLS.cpp:51) on port 'output_r' (FIR_HLS.cpp:51) [314]  (0.453 ns)
	blocking operation 0.548 ns on control path)

 <State 2>: 0.525ns
The critical path consists of the following:
	multiplexor before 'phi' operation 2 bit ('storemerge2') [317]  (0.525 ns)

 <State 3>: 3.396ns
The critical path consists of the following:
	'call' operation 176 bit ('call_ret2', FIR_HLS.cpp:30) to 'FIR_filter_transposed.1' [242]  (3.396 ns)

 <State 4>: 3.396ns
The critical path consists of the following:
	'call' operation 176 bit ('call_ret2', FIR_HLS.cpp:30) to 'FIR_filter_transposed.1' [242]  (3.396 ns)

 <State 5>: 3.396ns
The critical path consists of the following:
	'call' operation 176 bit ('call_ret2', FIR_HLS.cpp:30) to 'FIR_filter_transposed.1' [242]  (3.396 ns)

 <State 6>: 6.652ns
The critical path consists of the following:
	'call' operation 176 bit ('call_ret2', FIR_HLS.cpp:30) to 'FIR_filter_transposed.1' [242]  (3.396 ns)
	'add' operation 16 bit ('add_ln32_1', FIR_HLS.cpp:32) [258]  (0.853 ns)
	'add' operation 16 bit ('add_ln32_2', FIR_HLS.cpp:32) [259]  (0.687 ns)
	'call' operation 16 bit ('ref_tmp4', FIR_HLS.cpp:34) to 'FIR_filter' [260]  (1.716 ns)

 <State 7>: 4.408ns
The critical path consists of the following:
	'call' operation 16 bit ('ref_tmp4', FIR_HLS.cpp:34) to 'FIR_filter' [260]  (4.408 ns)

 <State 8>: 4.408ns
The critical path consists of the following:
	'call' operation 16 bit ('ref_tmp4', FIR_HLS.cpp:34) to 'FIR_filter' [260]  (4.408 ns)

 <State 9>: 4.408ns
The critical path consists of the following:
	'call' operation 16 bit ('ref_tmp4', FIR_HLS.cpp:34) to 'FIR_filter' [260]  (4.408 ns)

 <State 10>: 4.408ns
The critical path consists of the following:
	'call' operation 16 bit ('ref_tmp4', FIR_HLS.cpp:34) to 'FIR_filter' [260]  (4.408 ns)

 <State 11>: 5.277ns
The critical path consists of the following:
	'call' operation 16 bit ('ref_tmp4', FIR_HLS.cpp:34) to 'FIR_filter' [260]  (4.281 ns)
	'call' operation 176 bit ('call_ret3', FIR_HLS.cpp:35) to 'FIR_filter_transposed.1' [267]  (0.996 ns)

 <State 12>: 3.396ns
The critical path consists of the following:
	'call' operation 176 bit ('call_ret3', FIR_HLS.cpp:35) to 'FIR_filter_transposed.1' [267]  (3.396 ns)

 <State 13>: 3.396ns
The critical path consists of the following:
	'call' operation 176 bit ('call_ret3', FIR_HLS.cpp:35) to 'FIR_filter_transposed.1' [267]  (3.396 ns)

 <State 14>: 3.396ns
The critical path consists of the following:
	'call' operation 176 bit ('call_ret3', FIR_HLS.cpp:35) to 'FIR_filter_transposed.1' [267]  (3.396 ns)

 <State 15>: 3.849ns
The critical path consists of the following:
	'call' operation 176 bit ('call_ret3', FIR_HLS.cpp:35) to 'FIR_filter_transposed.1' [267]  (3.396 ns)
	'shl' operation 16 bit ('shl_ln35', FIR_HLS.cpp:35) [279]  (0.000 ns)
	axis write operation ('write_ln35', FIR_HLS.cpp:35) on port 'output_r' (FIR_HLS.cpp:35) [280]  (0.453 ns)

 <State 16>: 0.525ns
The critical path consists of the following:
	multiplexor before 'phi' operation 2 bit ('storemerge2') [317]  (0.525 ns)
	'phi' operation 2 bit ('storemerge2') [317]  (0.000 ns)

 <State 17>: 0.525ns
The critical path consists of the following:
	multiplexor before 'phi' operation 2 bit ('storemerge2') [317]  (0.525 ns)


============================================================
+ Verbose Summary: Binding
============================================================
N/A
* FSMD analyzer results:
  - Output states:
 - Input state : 
  - Chain level:
	State 1
	State 2
	State 3
	State 4
	State 5
	State 6
	State 7
	State 8
	State 9
	State 10
	State 11
	State 12
	State 13
	State 14
	State 15
	State 16
	State 17


============================================================
+ Verbose Summary: Datapath Resource usage 
============================================================
N/A
