C:\HLS-multirate-DSP\HLS_Multirate\FIR_Cascade_v2\FIR_Cascade_v2\hls\.autopilot\db\FIR_HLS.pp.0.cpp:2398:5: warning: Added loop label VITIS_LOOP_676_1:   [xilinx-label-all-loops]
    for (unsigned i = low; i != high+1; ++i) {
    ^~~
    VITIS_LOOP_676_1: 
C:\HLS-multirate-DSP\HLS_Multirate\FIR_Cascade_v2\FIR_Cascade_v2\hls\.autopilot\db\FIR_HLS.pp.0.cpp:2398:5: note: FIX-IT applied suggested code changes
C:\HLS-multirate-DSP\HLS_Multirate\FIR_Cascade_v2\FIR_Cascade_v2\hls\.autopilot\db\FIR_HLS.pp.0.cpp:2412:5: warning: Added loop label VITIS_LOOP_690_1:   [xilinx-label-all-loops]
    for (unsigned i = low; i != high+1; ++i) {
    ^~~
    VITIS_LOOP_690_1: 
C:\HLS-multirate-DSP\HLS_Multirate\FIR_Cascade_v2\FIR_Cascade_v2\hls\.autopilot\db\FIR_HLS.pp.0.cpp:2412:5: note: FIX-IT applied suggested code changes
C:\HLS-multirate-DSP\HLS_Multirate\FIR_Cascade_v2\FIR_Cascade_v2\hls\.autopilot\db\FIR_HLS.pp.0.cpp:2426:5: warning: Added loop label VITIS_LOOP_704_1:   [xilinx-label-all-loops]
    for (unsigned i = low; i != high+1; ++i) {
    ^~~
    VITIS_LOOP_704_1: 
C:\HLS-multirate-DSP\HLS_Multirate\FIR_Cascade_v2\FIR_Cascade_v2\hls\.autopilot\db\FIR_HLS.pp.0.cpp:2426:5: note: FIX-IT applied suggested code changes
C:\HLS-multirate-DSP\HLS_Multirate\FIR_Cascade_v2\FIR_Cascade_v2\hls\.autopilot\db\FIR_HLS.pp.0.cpp:4048:7: warning: Added loop label VITIS_LOOP_1248_1:   [xilinx-label-all-loops]
      for (i = 0; i < __N - 1; ++i) {
      ^~~
      VITIS_LOOP_1248_1: 
C:\HLS-multirate-DSP\HLS_Multirate\FIR_Cascade_v2\FIR_Cascade_v2\hls\.autopilot\db\FIR_HLS.pp.0.cpp:4048:7: note: FIX-IT applied suggested code changes
C:\HLS-multirate-DSP\HLS_Multirate\FIR_Cascade_v2\FIR_Cascade_v2\hls\.autopilot\db\FIR_HLS.pp.0.cpp:5954:2: warning: Added loop label VITIS_LOOP_65_1:   [xilinx-label-all-loops]
 for(int i = 0; i < N_delays; i++)
 ^~~
 VITIS_LOOP_65_1: 
C:\HLS-multirate-DSP\HLS_Multirate\FIR_Cascade_v2\FIR_Cascade_v2\hls\.autopilot\db\FIR_HLS.pp.0.cpp:5954:2: note: FIX-IT applied suggested code changes
C:\HLS-multirate-DSP\HLS_Multirate\FIR_Cascade_v2\FIR_Cascade_v2\hls\.autopilot\db\FIR_HLS.pp.0.cpp:5957:2: warning: Added loop label VITIS_LOOP_68_2:   [xilinx-label-all-loops]
 for(int i = 1; i < N_delays; i++)
 ^~~
 VITIS_LOOP_68_2: 
C:\HLS-multirate-DSP\HLS_Multirate\FIR_Cascade_v2\FIR_Cascade_v2\hls\.autopilot\db\FIR_HLS.pp.0.cpp:5957:2: note: FIX-IT applied suggested code changes
C:\HLS-multirate-DSP\HLS_Multirate\FIR_Cascade_v2\FIR_Cascade_v2\hls\.autopilot\db\FIR_HLS.pp.0.cpp:5974:2: warning: Added loop label VITIS_LOOP_85_1:   [xilinx-label-all-loops]
 for(int i=1; i < N_delays; i++)
 ^~~
 VITIS_LOOP_85_1: 
C:\HLS-multirate-DSP\HLS_Multirate\FIR_Cascade_v2\FIR_Cascade_v2\hls\.autopilot\db\FIR_HLS.pp.0.cpp:5974:2: note: FIX-IT applied suggested code changes
