

================================================================
== Vitis HLS Report for 'FIR_Cascade_v2'
================================================================
* Date:           Sun Nov 23 22:53:34 2025

* Version:        2024.2 (Build 5238294 on Nov  8 2024)
* Project:        FIR_Cascade_v2
* Solution:       hls (Vivado IP Flow Target)
* Product family: zynquplus
* Target device:  xck26-sfvc784-2LV-c


================================================================
== Performance Estimates
================================================================
+ Timing: 
    * Summary: 
    +--------+----------+----------+------------+
    |  Clock |  Target  | Estimated| Uncertainty|
    +--------+----------+----------+------------+
    |ap_clk  |  10.00 ns|  6.788 ns|     2.70 ns|
    +--------+----------+----------+------------+

+ Latency: 
    * Summary: 
    +---------+---------+-----------+----------+-----+-----+---------+
    |  Latency (cycles) |  Latency (absolute)  |  Interval | Pipeline|
    |   min   |   max   |    min    |    max   | min | max |   Type  |
    +---------+---------+-----------+----------+-----+-----+---------+
    |        7|       24|  70.000 ns|  0.240 us|    8|   25|       no|
    +---------+---------+-----------+----------+-----+-----+---------+

    + Detail: 
        * Instance: 
        N/A

        * Loop: 
        N/A

============================================================
+ Verbose Summary: Synthesis Manager
============================================================
InlineROM: 1
ExposeGlobal: 0
============================================================
+ Verbose Summary: CDFG Model
============================================================
IsTopModel: 1
ResetActiveHigh: 1
IsCombinational: 0
IsDatapathOnly: 0
HasWiredReturn: 1
HasMFsm: 0
HasVarLatency: 1
IsPipeline: 0
IsRtlPipelined: 0
IsInstanceOverlapped: 0
IsDontTouch: 0
HasImplIP: 0
IsGatedGlobalClock: 0


============================================================
+ Verbose Summary: Schedule
============================================================
* Number of FSM states : 43
* Pipeline : 0
* Dataflow Pipeline: 0

* FSM state transitions: 
1 --> 2 38 
2 --> 3 
3 --> 4 
4 --> 5 
5 --> 6 
6 --> 7 20 
7 --> 8 
8 --> 9 
9 --> 10 
10 --> 11 
11 --> 12 
12 --> 13 
13 --> 14 
14 --> 15 
15 --> 16 
16 --> 17 
17 --> 18 
18 --> 19 
19 --> 32 
20 --> 21 
21 --> 22 
22 --> 23 
23 --> 24 
24 --> 25 
25 --> 26 
26 --> 27 
27 --> 28 
28 --> 29 
29 --> 30 
30 --> 31 
31 --> 19 
32 --> 33 
33 --> 34 
34 --> 35 
35 --> 36 
36 --> 37 
37 --> 
38 --> 39 
39 --> 40 
40 --> 41 
41 --> 42 
42 --> 43 
43 --> 37 

* FSM state operations: 

State 1 <SV = 0> <Delay = 1.07>
ST_1 : Operation 44 [1/1] (0.00ns)   --->   "%spectopmodule_ln20 = spectopmodule void @_ssdm_op_SpecTopModule, void @empty" [FIR_HLS.cpp:20]   --->   Operation 44 'spectopmodule' 'spectopmodule_ln20' <Predicate = true> <Delay = 0.00>
ST_1 : Operation 45 [1/1] (0.00ns)   --->   "%specinterface_ln20 = specinterface void @_ssdm_op_SpecInterface, i32 0, void @empty_0, i32 0, i32 0, void @empty_3, i32 0, i32 0, void @empty_3, void @empty_3, void @empty_3, i32 0, i32 0, i32 0, i32 0, void @empty_3, void @empty_3, i32 4294967295, i32 0, i32 0" [FIR_HLS.cpp:20]   --->   Operation 45 'specinterface' 'specinterface_ln20' <Predicate = true> <Delay = 0.00>
ST_1 : Operation 46 [1/1] (0.00ns)   --->   "%specinterface_ln0 = specinterface void @_ssdm_op_SpecInterface, i16 %input_r, void @empty_1, i32 1, i32 1, void @empty_2, i32 0, i32 0, void @empty_3, void @empty_3, void @empty_3, i32 0, i32 0, i32 0, i32 0, void @empty_3, void @empty_3, i32 4294967295, i32 0, i32 0"   --->   Operation 46 'specinterface' 'specinterface_ln0' <Predicate = true> <Delay = 0.00>
ST_1 : Operation 47 [1/1] (0.00ns)   --->   "%specbitsmap_ln0 = specbitsmap void @_ssdm_op_SpecBitsMap, i16 %input_r"   --->   Operation 47 'specbitsmap' 'specbitsmap_ln0' <Predicate = true> <Delay = 0.00>
ST_1 : Operation 48 [1/1] (0.00ns)   --->   "%specinterface_ln0 = specinterface void @_ssdm_op_SpecInterface, i16 %output_r, void @empty_1, i32 1, i32 1, void @empty_2, i32 0, i32 0, void @empty_3, void @empty_3, void @empty_3, i32 0, i32 0, i32 0, i32 0, void @empty_3, void @empty_3, i32 4294967295, i32 0, i32 0"   --->   Operation 48 'specinterface' 'specinterface_ln0' <Predicate = true> <Delay = 0.00>
ST_1 : Operation 49 [1/1] (0.00ns)   --->   "%specbitsmap_ln0 = specbitsmap void @_ssdm_op_SpecBitsMap, i16 %output_r"   --->   Operation 49 'specbitsmap' 'specbitsmap_ln0' <Predicate = true> <Delay = 0.00>
ST_1 : Operation 50 [1/1] (0.00ns)   --->   "%mod_value1_load = load i1 %mod_value1" [FIR_HLS.cpp:26]   --->   Operation 50 'load' 'mod_value1_load' <Predicate = true> <Delay = 0.00>
ST_1 : Operation 51 [1/1] (0.07ns)   --->   "%input_r_read = read i16 @_ssdm_op_Read.axis.volatile.i16P128A, i16 %input_r" [FIR_HLS.cpp:46]   --->   Operation 51 'read' 'input_r_read' <Predicate = true> <Delay = 0.07> <CoreInst = "regslice">   --->   Core 147 'regslice' <Latency = 0> <II = 1> <Delay = 0.59> <Adapter> <Opcode : 'read' 'write'>
ST_1 : Operation 52 [1/1] (0.00ns)   --->   "%br_ln26 = br i1 %mod_value1_load, void %if.then, void %if.else26" [FIR_HLS.cpp:26]   --->   Operation 52 'br' 'br_ln26' <Predicate = true> <Delay = 0.00>
ST_1 : Operation 53 [1/1] (0.00ns)   --->   "%p_ZL21H_filter_FIR_dec_1_20_0_load = load i16 %p_ZL21H_filter_FIR_dec_1_20_0" [FIR_HLS.cpp:27]   --->   Operation 53 'load' 'p_ZL21H_filter_FIR_dec_1_20_0_load' <Predicate = (!mod_value1_load)> <Delay = 0.00>
ST_1 : Operation 54 [1/1] (0.00ns)   --->   "%p_ZL21H_filter_FIR_dec_1_20_1_load = load i16 %p_ZL21H_filter_FIR_dec_1_20_1" [FIR_HLS.cpp:27]   --->   Operation 54 'load' 'p_ZL21H_filter_FIR_dec_1_20_1_load' <Predicate = (!mod_value1_load)> <Delay = 0.00>
ST_1 : Operation 55 [6/6] (0.99ns)   --->   "%call_ret = call i48 @FIR_filter, i16 %p_ZL21H_filter_FIR_dec_1_20_0_load, i16 %p_ZL21H_filter_FIR_dec_1_20_1_load, i13 6555, i13 2816, i16 %input_r_read" [FIR_HLS.cpp:27]   --->   Operation 55 'call' 'call_ret' <Predicate = (!mod_value1_load)> <Delay = 0.99> <CoreType = "Generic">   --->   Generic Core
ST_1 : Operation 56 [1/1] (0.00ns)   --->   "%p_ZL21H_filter_FIR_dec_1_21_0_load = load i16 %p_ZL21H_filter_FIR_dec_1_21_0" [FIR_HLS.cpp:46]   --->   Operation 56 'load' 'p_ZL21H_filter_FIR_dec_1_21_0_load' <Predicate = (mod_value1_load)> <Delay = 0.00>
ST_1 : Operation 57 [1/1] (0.00ns)   --->   "%p_ZL21H_filter_FIR_dec_1_21_1_load = load i16 %p_ZL21H_filter_FIR_dec_1_21_1" [FIR_HLS.cpp:46]   --->   Operation 57 'load' 'p_ZL21H_filter_FIR_dec_1_21_1_load' <Predicate = (mod_value1_load)> <Delay = 0.00>
ST_1 : Operation 58 [6/6] (0.99ns)   --->   "%call_ret1 = call i48 @FIR_filter, i16 %p_ZL21H_filter_FIR_dec_1_21_0_load, i16 %p_ZL21H_filter_FIR_dec_1_21_1_load, i13 2816, i13 6555, i16 %input_r_read" [FIR_HLS.cpp:46]   --->   Operation 58 'call' 'call_ret1' <Predicate = (mod_value1_load)> <Delay = 0.99> <CoreType = "Generic">   --->   Generic Core
ST_1 : Operation 59 [1/1] (0.00ns)   --->   "%y4_load = load i16 %y4" [FIR_HLS.cpp:47]   --->   Operation 59 'load' 'y4_load' <Predicate = (mod_value1_load)> <Delay = 0.00>
ST_1 : Operation 60 [1/1] (0.00ns)   --->   "%p_ZL21H_filter_FIR_int_1_21_0_load = load i16 %p_ZL21H_filter_FIR_int_1_21_0" [FIR_HLS.cpp:47]   --->   Operation 60 'load' 'p_ZL21H_filter_FIR_int_1_21_0_load' <Predicate = (mod_value1_load)> <Delay = 0.00>
ST_1 : Operation 61 [1/1] (0.00ns)   --->   "%p_ZL21H_filter_FIR_int_1_21_1_load = load i16 %p_ZL21H_filter_FIR_int_1_21_1" [FIR_HLS.cpp:47]   --->   Operation 61 'load' 'p_ZL21H_filter_FIR_int_1_21_1_load' <Predicate = (mod_value1_load)> <Delay = 0.00>
ST_1 : Operation 62 [6/6] (0.99ns)   --->   "%call_ret2 = call i48 @FIR_filter, i16 %p_ZL21H_filter_FIR_int_1_21_0_load, i16 %p_ZL21H_filter_FIR_int_1_21_1_load, i13 2816, i13 6555, i16 %y4_load" [FIR_HLS.cpp:47]   --->   Operation 62 'call' 'call_ret2' <Predicate = (mod_value1_load)> <Delay = 0.99> <CoreType = "Generic">   --->   Generic Core

State 2 <SV = 1> <Delay = 3.02>
ST_2 : Operation 63 [5/6] (3.02ns)   --->   "%call_ret = call i48 @FIR_filter, i16 %p_ZL21H_filter_FIR_dec_1_20_0_load, i16 %p_ZL21H_filter_FIR_dec_1_20_1_load, i13 6555, i13 2816, i16 %input_r_read" [FIR_HLS.cpp:27]   --->   Operation 63 'call' 'call_ret' <Predicate = true> <Delay = 3.02> <CoreType = "Generic">   --->   Generic Core

State 3 <SV = 2> <Delay = 3.02>
ST_3 : Operation 64 [4/6] (3.02ns)   --->   "%call_ret = call i48 @FIR_filter, i16 %p_ZL21H_filter_FIR_dec_1_20_0_load, i16 %p_ZL21H_filter_FIR_dec_1_20_1_load, i13 6555, i13 2816, i16 %input_r_read" [FIR_HLS.cpp:27]   --->   Operation 64 'call' 'call_ret' <Predicate = true> <Delay = 3.02> <CoreType = "Generic">   --->   Generic Core

State 4 <SV = 3> <Delay = 3.02>
ST_4 : Operation 65 [3/6] (3.02ns)   --->   "%call_ret = call i48 @FIR_filter, i16 %p_ZL21H_filter_FIR_dec_1_20_0_load, i16 %p_ZL21H_filter_FIR_dec_1_20_1_load, i13 6555, i13 2816, i16 %input_r_read" [FIR_HLS.cpp:27]   --->   Operation 65 'call' 'call_ret' <Predicate = true> <Delay = 3.02> <CoreType = "Generic">   --->   Generic Core

State 5 <SV = 4> <Delay = 3.02>
ST_5 : Operation 66 [2/6] (3.02ns)   --->   "%call_ret = call i48 @FIR_filter, i16 %p_ZL21H_filter_FIR_dec_1_20_0_load, i16 %p_ZL21H_filter_FIR_dec_1_20_1_load, i13 6555, i13 2816, i16 %input_r_read" [FIR_HLS.cpp:27]   --->   Operation 66 'call' 'call_ret' <Predicate = true> <Delay = 3.02> <CoreType = "Generic">   --->   Generic Core

State 6 <SV = 5> <Delay = 4.89>
ST_6 : Operation 67 [1/6] (0.64ns)   --->   "%call_ret = call i48 @FIR_filter, i16 %p_ZL21H_filter_FIR_dec_1_20_0_load, i16 %p_ZL21H_filter_FIR_dec_1_20_1_load, i13 6555, i13 2816, i16 %input_r_read" [FIR_HLS.cpp:27]   --->   Operation 67 'call' 'call_ret' <Predicate = true> <Delay = 0.64> <CoreType = "Generic">   --->   Generic Core
ST_6 : Operation 68 [1/1] (0.00ns) (grouped into LUT with out node add_ln28)   --->   "%newret2 = extractvalue i48 %call_ret" [FIR_HLS.cpp:27]   --->   Operation 68 'extractvalue' 'newret2' <Predicate = true> <Delay = 0.00>
ST_6 : Operation 69 [1/1] (0.00ns)   --->   "%newret3 = extractvalue i48 %call_ret" [FIR_HLS.cpp:27]   --->   Operation 69 'extractvalue' 'newret3' <Predicate = true> <Delay = 0.00>
ST_6 : Operation 70 [1/1] (0.00ns)   --->   "%newret4 = extractvalue i48 %call_ret" [FIR_HLS.cpp:27]   --->   Operation 70 'extractvalue' 'newret4' <Predicate = true> <Delay = 0.00>
ST_6 : Operation 71 [1/1] (0.00ns)   --->   "%store_ln27 = store i16 %newret3, i16 %p_ZL21H_filter_FIR_dec_1_20_0" [FIR_HLS.cpp:27]   --->   Operation 71 'store' 'store_ln27' <Predicate = true> <Delay = 0.00>
ST_6 : Operation 72 [1/1] (0.00ns)   --->   "%store_ln27 = store i16 %newret4, i16 %p_ZL21H_filter_FIR_dec_1_20_1" [FIR_HLS.cpp:27]   --->   Operation 72 'store' 'store_ln27' <Predicate = true> <Delay = 0.00>
ST_6 : Operation 73 [1/1] (0.00ns)   --->   "%y1_phase1_load = load i16 %y1_phase1" [FIR_HLS.cpp:28]   --->   Operation 73 'load' 'y1_phase1_load' <Predicate = true> <Delay = 0.00>
ST_6 : Operation 74 [1/1] (0.85ns) (out node of the LUT)   --->   "%add_ln28 = add i16 %y1_phase1_load, i16 %newret2" [FIR_HLS.cpp:28]   --->   Operation 74 'add' 'add_ln28' <Predicate = true> <Delay = 0.85> <CoreInst = "Adder">   --->   Core 1 'Adder' <Latency = 0> <II = 1> <Delay = 0.85> <FuncUnit> <Opcode : 'add' 'sub'> <InPorts = 2> <OutPorts = 1>
ST_6 : Operation 75 [1/1] (0.00ns)   --->   "%mod_value2_load = load i1 %mod_value2" [FIR_HLS.cpp:30]   --->   Operation 75 'load' 'mod_value2_load' <Predicate = true> <Delay = 0.00>
ST_6 : Operation 76 [1/1] (0.00ns)   --->   "%br_ln30 = br i1 %mod_value2_load, void %if.then5, void %if.else" [FIR_HLS.cpp:30]   --->   Operation 76 'br' 'br_ln30' <Predicate = true> <Delay = 0.00>
ST_6 : Operation 77 [1/1] (0.00ns)   --->   "%p_ZL21H_filter_FIR_dec_2_20_0_load = load i16 %p_ZL21H_filter_FIR_dec_2_20_0" [FIR_HLS.cpp:31]   --->   Operation 77 'load' 'p_ZL21H_filter_FIR_dec_2_20_0_load' <Predicate = (!mod_value2_load)> <Delay = 0.00>
ST_6 : Operation 78 [1/1] (0.00ns)   --->   "%p_ZL21H_filter_FIR_dec_2_20_1_load = load i16 %p_ZL21H_filter_FIR_dec_2_20_1" [FIR_HLS.cpp:31]   --->   Operation 78 'load' 'p_ZL21H_filter_FIR_dec_2_20_1_load' <Predicate = (!mod_value2_load)> <Delay = 0.00>
ST_6 : Operation 79 [1/1] (0.00ns)   --->   "%p_ZL21H_filter_FIR_dec_2_20_2_load = load i16 %p_ZL21H_filter_FIR_dec_2_20_2" [FIR_HLS.cpp:31]   --->   Operation 79 'load' 'p_ZL21H_filter_FIR_dec_2_20_2_load' <Predicate = (!mod_value2_load)> <Delay = 0.00>
ST_6 : Operation 80 [1/1] (0.00ns)   --->   "%p_ZL21H_filter_FIR_dec_2_20_3_load = load i16 %p_ZL21H_filter_FIR_dec_2_20_3" [FIR_HLS.cpp:31]   --->   Operation 80 'load' 'p_ZL21H_filter_FIR_dec_2_20_3_load' <Predicate = (!mod_value2_load)> <Delay = 0.00>
ST_6 : Operation 81 [1/1] (0.00ns)   --->   "%p_ZL21H_filter_FIR_dec_2_20_4_load = load i16 %p_ZL21H_filter_FIR_dec_2_20_4" [FIR_HLS.cpp:31]   --->   Operation 81 'load' 'p_ZL21H_filter_FIR_dec_2_20_4_load' <Predicate = (!mod_value2_load)> <Delay = 0.00>
ST_6 : Operation 82 [7/7] (3.39ns)   --->   "%call_ret3 = call i96 @FIR_filter.2, i16 %p_ZL21H_filter_FIR_dec_2_20_0_load, i16 %p_ZL21H_filter_FIR_dec_2_20_1_load, i16 %p_ZL21H_filter_FIR_dec_2_20_2_load, i16 %p_ZL21H_filter_FIR_dec_2_20_3_load, i16 %p_ZL21H_filter_FIR_dec_2_20_4_load, i16 %add_ln28" [FIR_HLS.cpp:31]   --->   Operation 82 'call' 'call_ret3' <Predicate = (!mod_value2_load)> <Delay = 3.39> <CoreType = "Generic">   --->   Generic Core
ST_6 : Operation 83 [1/1] (0.00ns)   --->   "%p_ZL21H_filter_FIR_dec_2_21_0_load = load i16 %p_ZL21H_filter_FIR_dec_2_21_0" [FIR_HLS.cpp:38]   --->   Operation 83 'load' 'p_ZL21H_filter_FIR_dec_2_21_0_load' <Predicate = (mod_value2_load)> <Delay = 0.00>
ST_6 : Operation 84 [1/1] (0.00ns)   --->   "%p_ZL21H_filter_FIR_dec_2_21_1_load = load i16 %p_ZL21H_filter_FIR_dec_2_21_1" [FIR_HLS.cpp:38]   --->   Operation 84 'load' 'p_ZL21H_filter_FIR_dec_2_21_1_load' <Predicate = (mod_value2_load)> <Delay = 0.00>
ST_6 : Operation 85 [1/1] (0.00ns)   --->   "%p_ZL21H_filter_FIR_dec_2_21_2_load = load i16 %p_ZL21H_filter_FIR_dec_2_21_2" [FIR_HLS.cpp:38]   --->   Operation 85 'load' 'p_ZL21H_filter_FIR_dec_2_21_2_load' <Predicate = (mod_value2_load)> <Delay = 0.00>
ST_6 : Operation 86 [1/1] (0.00ns)   --->   "%p_ZL21H_filter_FIR_dec_2_21_3_load = load i16 %p_ZL21H_filter_FIR_dec_2_21_3" [FIR_HLS.cpp:38]   --->   Operation 86 'load' 'p_ZL21H_filter_FIR_dec_2_21_3_load' <Predicate = (mod_value2_load)> <Delay = 0.00>
ST_6 : Operation 87 [6/6] (0.99ns)   --->   "%call_ret5 = call i80 @FIR_filter.1, i16 %p_ZL21H_filter_FIR_dec_2_21_0_load, i16 %p_ZL21H_filter_FIR_dec_2_21_1_load, i16 %p_ZL21H_filter_FIR_dec_2_21_2_load, i16 %p_ZL21H_filter_FIR_dec_2_21_3_load, i16 %add_ln28" [FIR_HLS.cpp:38]   --->   Operation 87 'call' 'call_ret5' <Predicate = (mod_value2_load)> <Delay = 0.99> <CoreType = "Generic">   --->   Generic Core

State 7 <SV = 6> <Delay = 3.39>
ST_7 : Operation 88 [6/7] (3.39ns)   --->   "%call_ret3 = call i96 @FIR_filter.2, i16 %p_ZL21H_filter_FIR_dec_2_20_0_load, i16 %p_ZL21H_filter_FIR_dec_2_20_1_load, i16 %p_ZL21H_filter_FIR_dec_2_20_2_load, i16 %p_ZL21H_filter_FIR_dec_2_20_3_load, i16 %p_ZL21H_filter_FIR_dec_2_20_4_load, i16 %add_ln28" [FIR_HLS.cpp:31]   --->   Operation 88 'call' 'call_ret3' <Predicate = true> <Delay = 3.39> <CoreType = "Generic">   --->   Generic Core

State 8 <SV = 7> <Delay = 3.39>
ST_8 : Operation 89 [5/7] (3.39ns)   --->   "%call_ret3 = call i96 @FIR_filter.2, i16 %p_ZL21H_filter_FIR_dec_2_20_0_load, i16 %p_ZL21H_filter_FIR_dec_2_20_1_load, i16 %p_ZL21H_filter_FIR_dec_2_20_2_load, i16 %p_ZL21H_filter_FIR_dec_2_20_3_load, i16 %p_ZL21H_filter_FIR_dec_2_20_4_load, i16 %add_ln28" [FIR_HLS.cpp:31]   --->   Operation 89 'call' 'call_ret3' <Predicate = true> <Delay = 3.39> <CoreType = "Generic">   --->   Generic Core

State 9 <SV = 8> <Delay = 3.39>
ST_9 : Operation 90 [4/7] (3.39ns)   --->   "%call_ret3 = call i96 @FIR_filter.2, i16 %p_ZL21H_filter_FIR_dec_2_20_0_load, i16 %p_ZL21H_filter_FIR_dec_2_20_1_load, i16 %p_ZL21H_filter_FIR_dec_2_20_2_load, i16 %p_ZL21H_filter_FIR_dec_2_20_3_load, i16 %p_ZL21H_filter_FIR_dec_2_20_4_load, i16 %add_ln28" [FIR_HLS.cpp:31]   --->   Operation 90 'call' 'call_ret3' <Predicate = true> <Delay = 3.39> <CoreType = "Generic">   --->   Generic Core

State 10 <SV = 9> <Delay = 3.39>
ST_10 : Operation 91 [3/7] (3.39ns)   --->   "%call_ret3 = call i96 @FIR_filter.2, i16 %p_ZL21H_filter_FIR_dec_2_20_0_load, i16 %p_ZL21H_filter_FIR_dec_2_20_1_load, i16 %p_ZL21H_filter_FIR_dec_2_20_2_load, i16 %p_ZL21H_filter_FIR_dec_2_20_3_load, i16 %p_ZL21H_filter_FIR_dec_2_20_4_load, i16 %add_ln28" [FIR_HLS.cpp:31]   --->   Operation 91 'call' 'call_ret3' <Predicate = true> <Delay = 3.39> <CoreType = "Generic">   --->   Generic Core

State 11 <SV = 10> <Delay = 3.39>
ST_11 : Operation 92 [2/7] (3.39ns)   --->   "%call_ret3 = call i96 @FIR_filter.2, i16 %p_ZL21H_filter_FIR_dec_2_20_0_load, i16 %p_ZL21H_filter_FIR_dec_2_20_1_load, i16 %p_ZL21H_filter_FIR_dec_2_20_2_load, i16 %p_ZL21H_filter_FIR_dec_2_20_3_load, i16 %p_ZL21H_filter_FIR_dec_2_20_4_load, i16 %add_ln28" [FIR_HLS.cpp:31]   --->   Operation 92 'call' 'call_ret3' <Predicate = true> <Delay = 3.39> <CoreType = "Generic">   --->   Generic Core

State 12 <SV = 11> <Delay = 1.49>
ST_12 : Operation 93 [1/7] (0.64ns)   --->   "%call_ret3 = call i96 @FIR_filter.2, i16 %p_ZL21H_filter_FIR_dec_2_20_0_load, i16 %p_ZL21H_filter_FIR_dec_2_20_1_load, i16 %p_ZL21H_filter_FIR_dec_2_20_2_load, i16 %p_ZL21H_filter_FIR_dec_2_20_3_load, i16 %p_ZL21H_filter_FIR_dec_2_20_4_load, i16 %add_ln28" [FIR_HLS.cpp:31]   --->   Operation 93 'call' 'call_ret3' <Predicate = true> <Delay = 0.64> <CoreType = "Generic">   --->   Generic Core
ST_12 : Operation 94 [1/1] (0.00ns) (grouped into LUT with out node add_ln32)   --->   "%newret11 = extractvalue i96 %call_ret3" [FIR_HLS.cpp:31]   --->   Operation 94 'extractvalue' 'newret11' <Predicate = true> <Delay = 0.00>
ST_12 : Operation 95 [1/1] (0.00ns)   --->   "%newret12 = extractvalue i96 %call_ret3" [FIR_HLS.cpp:31]   --->   Operation 95 'extractvalue' 'newret12' <Predicate = true> <Delay = 0.00>
ST_12 : Operation 96 [1/1] (0.00ns)   --->   "%newret13 = extractvalue i96 %call_ret3" [FIR_HLS.cpp:31]   --->   Operation 96 'extractvalue' 'newret13' <Predicate = true> <Delay = 0.00>
ST_12 : Operation 97 [1/1] (0.00ns)   --->   "%newret14 = extractvalue i96 %call_ret3" [FIR_HLS.cpp:31]   --->   Operation 97 'extractvalue' 'newret14' <Predicate = true> <Delay = 0.00>
ST_12 : Operation 98 [1/1] (0.00ns)   --->   "%newret15 = extractvalue i96 %call_ret3" [FIR_HLS.cpp:31]   --->   Operation 98 'extractvalue' 'newret15' <Predicate = true> <Delay = 0.00>
ST_12 : Operation 99 [1/1] (0.00ns)   --->   "%newret16 = extractvalue i96 %call_ret3" [FIR_HLS.cpp:31]   --->   Operation 99 'extractvalue' 'newret16' <Predicate = true> <Delay = 0.00>
ST_12 : Operation 100 [1/1] (0.00ns)   --->   "%store_ln31 = store i16 %newret12, i16 %p_ZL21H_filter_FIR_dec_2_20_0" [FIR_HLS.cpp:31]   --->   Operation 100 'store' 'store_ln31' <Predicate = true> <Delay = 0.00>
ST_12 : Operation 101 [1/1] (0.00ns)   --->   "%store_ln31 = store i16 %newret13, i16 %p_ZL21H_filter_FIR_dec_2_20_1" [FIR_HLS.cpp:31]   --->   Operation 101 'store' 'store_ln31' <Predicate = true> <Delay = 0.00>
ST_12 : Operation 102 [1/1] (0.00ns)   --->   "%store_ln31 = store i16 %newret14, i16 %p_ZL21H_filter_FIR_dec_2_20_2" [FIR_HLS.cpp:31]   --->   Operation 102 'store' 'store_ln31' <Predicate = true> <Delay = 0.00>
ST_12 : Operation 103 [1/1] (0.00ns)   --->   "%store_ln31 = store i16 %newret15, i16 %p_ZL21H_filter_FIR_dec_2_20_3" [FIR_HLS.cpp:31]   --->   Operation 103 'store' 'store_ln31' <Predicate = true> <Delay = 0.00>
ST_12 : Operation 104 [1/1] (0.00ns)   --->   "%store_ln31 = store i16 %newret16, i16 %p_ZL21H_filter_FIR_dec_2_20_4" [FIR_HLS.cpp:31]   --->   Operation 104 'store' 'store_ln31' <Predicate = true> <Delay = 0.00>
ST_12 : Operation 105 [1/1] (0.00ns)   --->   "%y2_phase1_load = load i16 %y2_phase1" [FIR_HLS.cpp:32]   --->   Operation 105 'load' 'y2_phase1_load' <Predicate = true> <Delay = 0.00>
ST_12 : Operation 106 [1/1] (0.85ns) (out node of the LUT)   --->   "%add_ln32 = add i16 %y2_phase1_load, i16 %newret11" [FIR_HLS.cpp:32]   --->   Operation 106 'add' 'add_ln32' <Predicate = true> <Delay = 0.85> <CoreInst = "Adder">   --->   Core 1 'Adder' <Latency = 0> <II = 1> <Delay = 0.85> <FuncUnit> <Opcode : 'add' 'sub'> <InPorts = 2> <OutPorts = 1>

State 13 <SV = 12> <Delay = 6.78>
ST_13 : Operation 107 [1/1] (3.39ns)   --->   "%ref_tmp = call i16 @FIR_filter_transposed, i16 %add_ln32, i32 %p_ZL10H_accu_FIR_0, i32 %p_ZL10H_accu_FIR_1, i32 %p_ZL10H_accu_FIR_2, i32 %p_ZL10H_accu_FIR_3, i32 %p_ZL10H_accu_FIR_4, i32 %p_ZL10H_accu_FIR_5, i32 %p_ZL10H_accu_FIR_6, i32 %p_ZL10H_accu_FIR_7, i32 %p_ZL10H_accu_FIR_8, i32 %p_ZL10H_accu_FIR_9, i32 %p_ZL10H_accu_FIR_10, i32 %p_ZL10H_accu_FIR_11, i32 %p_ZL10H_accu_FIR_12, i32 %p_ZL10H_accu_FIR_13, i32 %p_ZL10H_accu_FIR_14, i32 %p_ZL10H_accu_FIR_15, i32 %p_ZL10H_accu_FIR_16, i32 %p_ZL10H_accu_FIR_17, i32 %p_ZL10H_accu_FIR_18, i32 %p_ZL10H_accu_FIR_19, i32 %p_ZL10H_accu_FIR_20, i32 %p_ZL10H_accu_FIR_21, i32 %p_ZL10H_accu_FIR_22, i32 %p_ZL10H_accu_FIR_23, i32 %p_ZL10H_accu_FIR_24, i32 %p_ZL10H_accu_FIR_25, i32 %p_ZL10H_accu_FIR_26, i32 %p_ZL10H_accu_FIR_27, i32 %p_ZL10H_accu_FIR_28, i32 %p_ZL10H_accu_FIR_29, i32 %p_ZL10H_accu_FIR_30, i32 %p_ZL10H_accu_FIR_31, i32 %p_ZL10H_accu_FIR_32, i32 %p_ZL10H_accu_FIR_33, i32 %p_ZL10H_accu_FIR_34, i32 %p_ZL10H_accu_FIR_35, i32 %p_ZL10H_accu_FIR_36, i32 %p_ZL10H_accu_FIR_37, i32 %p_ZL10H_accu_FIR_38, i32 %p_ZL10H_accu_FIR_39, i32 %p_ZL10H_accu_FIR_40, i32 %p_ZL10H_accu_FIR_41, i32 %p_ZL10H_accu_FIR_42, i32 %p_ZL10H_accu_FIR_43, i32 %p_ZL10H_accu_FIR_44, i32 %p_ZL10H_accu_FIR_45, i32 %p_ZL10H_accu_FIR_46, i32 %p_ZL10H_accu_FIR_47, i32 %p_ZL10H_accu_FIR_48, i32 %p_ZL10H_accu_FIR_49, i32 %p_ZL10H_accu_FIR_50, i32 %p_ZL10H_accu_FIR_51, i32 %p_ZL10H_accu_FIR_52, i32 %p_ZL10H_accu_FIR_53, i32 %p_ZL10H_accu_FIR_54, i32 %p_ZL10H_accu_FIR_55, i32 %p_ZL10H_accu_FIR_56, i32 %p_ZL10H_accu_FIR_57, i32 %p_ZL10H_accu_FIR_58, i32 %p_ZL10H_accu_FIR_59, i32 %p_ZL10H_accu_FIR_60, i32 %p_ZL10H_accu_FIR_61, i32 %p_ZL10H_accu_FIR_62, i32 %p_ZL10H_accu_FIR_63, i32 %p_ZL10H_accu_FIR_64, i32 %p_ZL10H_accu_FIR_65, i32 %p_ZL10H_accu_FIR_66, i32 %p_ZL10H_accu_FIR_67, i32 %p_ZL10H_accu_FIR_68, i32 %p_ZL10H_accu_FIR_69, i32 %p_ZL10H_accu_FIR_70, i32 %p_ZL10H_accu_FIR_71, i32 %p_ZL10H_accu_FIR_72, i32 %p_ZL10H_accu_FIR_73, i32 %p_ZL10H_accu_FIR_74, i32 %p_ZL10H_accu_FIR_75, i32 %p_ZL10H_accu_FIR_76, i32 %p_ZL10H_accu_FIR_77, i32 %p_ZL10H_accu_FIR_78, i32 %p_ZL10H_accu_FIR_79, i32 %p_ZL10H_accu_FIR_80, i32 %p_ZL10H_accu_FIR_81, i32 %p_ZL10H_accu_FIR_82, i32 %p_ZL10H_accu_FIR_83, i32 %p_ZL10H_accu_FIR_84, i32 %p_ZL10H_accu_FIR_85, i32 %p_ZL10H_accu_FIR_86, i32 %p_ZL10H_accu_FIR_87, i32 %p_ZL10H_accu_FIR_88, i32 %p_ZL10H_accu_FIR_89, i32 %p_ZL10H_accu_FIR_90, i32 %p_ZL10H_accu_FIR_91, i32 %p_ZL10H_accu_FIR_92, i32 %p_ZL10H_accu_FIR_93, i32 %p_ZL10H_accu_FIR_94, i32 %p_ZL10H_accu_FIR_95, i32 %p_ZL10H_accu_FIR_96, i32 %p_ZL10H_accu_FIR_97, i32 %p_ZL10H_accu_FIR_98, i32 %p_ZL10H_accu_FIR_99, i32 %p_ZL10H_accu_FIR_100, i32 %p_ZL10H_accu_FIR_101, i32 %p_ZL10H_accu_FIR_102, i32 %p_ZL10H_accu_FIR_103, i32 %p_ZL10H_accu_FIR_104, i32 %p_ZL10H_accu_FIR_105, i32 %p_ZL10H_accu_FIR_106, i32 %p_ZL10H_accu_FIR_107, i32 %p_ZL10H_accu_FIR_108, i32 %p_ZL10H_accu_FIR_109, i32 %p_ZL10H_accu_FIR_110, i32 %p_ZL10H_accu_FIR_111, i31 %p_ZL10H_accu_FIR_112, i30 %p_ZL10H_accu_FIR_113, i29 %p_ZL10H_accu_FIR_114, i28 %p_ZL10H_accu_FIR_115, i27 %p_ZL10H_accu_FIR_116, i27 %p_ZL10H_accu_FIR_117, i26 %p_ZL10H_accu_FIR_118, i26 %p_ZL10H_accu_FIR_119, i25 %p_ZL10H_accu_FIR_120, i25 %p_ZL10H_accu_FIR_121, i23 %p_ZL10H_accu_FIR_122" [FIR_HLS.cpp:33]   --->   Operation 107 'call' 'ref_tmp' <Predicate = true> <Delay = 3.39> <CoreType = "Generic">   --->   Generic Core
ST_13 : Operation 108 [1/1] (0.00ns)   --->   "%store_ln33 = store i16 %ref_tmp, i16 %y3" [FIR_HLS.cpp:33]   --->   Operation 108 'store' 'store_ln33' <Predicate = true> <Delay = 0.00>
ST_13 : Operation 109 [1/1] (0.00ns)   --->   "%p_ZL21H_filter_FIR_int_2_20_0_load = load i16 %p_ZL21H_filter_FIR_int_2_20_0" [FIR_HLS.cpp:34]   --->   Operation 109 'load' 'p_ZL21H_filter_FIR_int_2_20_0_load' <Predicate = true> <Delay = 0.00>
ST_13 : Operation 110 [1/1] (0.00ns)   --->   "%p_ZL21H_filter_FIR_int_2_20_1_load = load i16 %p_ZL21H_filter_FIR_int_2_20_1" [FIR_HLS.cpp:34]   --->   Operation 110 'load' 'p_ZL21H_filter_FIR_int_2_20_1_load' <Predicate = true> <Delay = 0.00>
ST_13 : Operation 111 [1/1] (0.00ns)   --->   "%p_ZL21H_filter_FIR_int_2_20_2_load = load i16 %p_ZL21H_filter_FIR_int_2_20_2" [FIR_HLS.cpp:34]   --->   Operation 111 'load' 'p_ZL21H_filter_FIR_int_2_20_2_load' <Predicate = true> <Delay = 0.00>
ST_13 : Operation 112 [1/1] (0.00ns)   --->   "%p_ZL21H_filter_FIR_int_2_20_3_load = load i16 %p_ZL21H_filter_FIR_int_2_20_3" [FIR_HLS.cpp:34]   --->   Operation 112 'load' 'p_ZL21H_filter_FIR_int_2_20_3_load' <Predicate = true> <Delay = 0.00>
ST_13 : Operation 113 [1/1] (0.00ns)   --->   "%p_ZL21H_filter_FIR_int_2_20_4_load = load i16 %p_ZL21H_filter_FIR_int_2_20_4" [FIR_HLS.cpp:34]   --->   Operation 113 'load' 'p_ZL21H_filter_FIR_int_2_20_4_load' <Predicate = true> <Delay = 0.00>
ST_13 : Operation 114 [7/7] (3.39ns)   --->   "%call_ret4 = call i96 @FIR_filter.2, i16 %p_ZL21H_filter_FIR_int_2_20_0_load, i16 %p_ZL21H_filter_FIR_int_2_20_1_load, i16 %p_ZL21H_filter_FIR_int_2_20_2_load, i16 %p_ZL21H_filter_FIR_int_2_20_3_load, i16 %p_ZL21H_filter_FIR_int_2_20_4_load, i16 %ref_tmp" [FIR_HLS.cpp:34]   --->   Operation 114 'call' 'call_ret4' <Predicate = true> <Delay = 3.39> <CoreType = "Generic">   --->   Generic Core

State 14 <SV = 13> <Delay = 3.39>
ST_14 : Operation 115 [6/7] (3.39ns)   --->   "%call_ret4 = call i96 @FIR_filter.2, i16 %p_ZL21H_filter_FIR_int_2_20_0_load, i16 %p_ZL21H_filter_FIR_int_2_20_1_load, i16 %p_ZL21H_filter_FIR_int_2_20_2_load, i16 %p_ZL21H_filter_FIR_int_2_20_3_load, i16 %p_ZL21H_filter_FIR_int_2_20_4_load, i16 %ref_tmp" [FIR_HLS.cpp:34]   --->   Operation 115 'call' 'call_ret4' <Predicate = true> <Delay = 3.39> <CoreType = "Generic">   --->   Generic Core

State 15 <SV = 14> <Delay = 3.39>
ST_15 : Operation 116 [5/7] (3.39ns)   --->   "%call_ret4 = call i96 @FIR_filter.2, i16 %p_ZL21H_filter_FIR_int_2_20_0_load, i16 %p_ZL21H_filter_FIR_int_2_20_1_load, i16 %p_ZL21H_filter_FIR_int_2_20_2_load, i16 %p_ZL21H_filter_FIR_int_2_20_3_load, i16 %p_ZL21H_filter_FIR_int_2_20_4_load, i16 %ref_tmp" [FIR_HLS.cpp:34]   --->   Operation 116 'call' 'call_ret4' <Predicate = true> <Delay = 3.39> <CoreType = "Generic">   --->   Generic Core

State 16 <SV = 15> <Delay = 3.39>
ST_16 : Operation 117 [4/7] (3.39ns)   --->   "%call_ret4 = call i96 @FIR_filter.2, i16 %p_ZL21H_filter_FIR_int_2_20_0_load, i16 %p_ZL21H_filter_FIR_int_2_20_1_load, i16 %p_ZL21H_filter_FIR_int_2_20_2_load, i16 %p_ZL21H_filter_FIR_int_2_20_3_load, i16 %p_ZL21H_filter_FIR_int_2_20_4_load, i16 %ref_tmp" [FIR_HLS.cpp:34]   --->   Operation 117 'call' 'call_ret4' <Predicate = true> <Delay = 3.39> <CoreType = "Generic">   --->   Generic Core

State 17 <SV = 16> <Delay = 3.39>
ST_17 : Operation 118 [3/7] (3.39ns)   --->   "%call_ret4 = call i96 @FIR_filter.2, i16 %p_ZL21H_filter_FIR_int_2_20_0_load, i16 %p_ZL21H_filter_FIR_int_2_20_1_load, i16 %p_ZL21H_filter_FIR_int_2_20_2_load, i16 %p_ZL21H_filter_FIR_int_2_20_3_load, i16 %p_ZL21H_filter_FIR_int_2_20_4_load, i16 %ref_tmp" [FIR_HLS.cpp:34]   --->   Operation 118 'call' 'call_ret4' <Predicate = true> <Delay = 3.39> <CoreType = "Generic">   --->   Generic Core

State 18 <SV = 17> <Delay = 3.39>
ST_18 : Operation 119 [2/7] (3.39ns)   --->   "%call_ret4 = call i96 @FIR_filter.2, i16 %p_ZL21H_filter_FIR_int_2_20_0_load, i16 %p_ZL21H_filter_FIR_int_2_20_1_load, i16 %p_ZL21H_filter_FIR_int_2_20_2_load, i16 %p_ZL21H_filter_FIR_int_2_20_3_load, i16 %p_ZL21H_filter_FIR_int_2_20_4_load, i16 %ref_tmp" [FIR_HLS.cpp:34]   --->   Operation 119 'call' 'call_ret4' <Predicate = true> <Delay = 3.39> <CoreType = "Generic">   --->   Generic Core

State 19 <SV = 18> <Delay = 2.06>
ST_19 : Operation 120 [1/7] (0.64ns)   --->   "%call_ret4 = call i96 @FIR_filter.2, i16 %p_ZL21H_filter_FIR_int_2_20_0_load, i16 %p_ZL21H_filter_FIR_int_2_20_1_load, i16 %p_ZL21H_filter_FIR_int_2_20_2_load, i16 %p_ZL21H_filter_FIR_int_2_20_3_load, i16 %p_ZL21H_filter_FIR_int_2_20_4_load, i16 %ref_tmp" [FIR_HLS.cpp:34]   --->   Operation 120 'call' 'call_ret4' <Predicate = (!mod_value2_load)> <Delay = 0.64> <CoreType = "Generic">   --->   Generic Core
ST_19 : Operation 121 [1/1] (0.00ns)   --->   "%newret = extractvalue i96 %call_ret4" [FIR_HLS.cpp:34]   --->   Operation 121 'extractvalue' 'newret' <Predicate = (!mod_value2_load)> <Delay = 0.00>
ST_19 : Operation 122 [1/1] (0.00ns)   --->   "%newret17 = extractvalue i96 %call_ret4" [FIR_HLS.cpp:34]   --->   Operation 122 'extractvalue' 'newret17' <Predicate = (!mod_value2_load)> <Delay = 0.00>
ST_19 : Operation 123 [1/1] (0.00ns)   --->   "%newret18 = extractvalue i96 %call_ret4" [FIR_HLS.cpp:34]   --->   Operation 123 'extractvalue' 'newret18' <Predicate = (!mod_value2_load)> <Delay = 0.00>
ST_19 : Operation 124 [1/1] (0.00ns)   --->   "%newret19 = extractvalue i96 %call_ret4" [FIR_HLS.cpp:34]   --->   Operation 124 'extractvalue' 'newret19' <Predicate = (!mod_value2_load)> <Delay = 0.00>
ST_19 : Operation 125 [1/1] (0.00ns)   --->   "%newret20 = extractvalue i96 %call_ret4" [FIR_HLS.cpp:34]   --->   Operation 125 'extractvalue' 'newret20' <Predicate = (!mod_value2_load)> <Delay = 0.00>
ST_19 : Operation 126 [1/1] (0.00ns)   --->   "%newret21 = extractvalue i96 %call_ret4" [FIR_HLS.cpp:34]   --->   Operation 126 'extractvalue' 'newret21' <Predicate = (!mod_value2_load)> <Delay = 0.00>
ST_19 : Operation 127 [1/1] (0.00ns)   --->   "%store_ln34 = store i16 %newret17, i16 %p_ZL21H_filter_FIR_int_2_20_0" [FIR_HLS.cpp:34]   --->   Operation 127 'store' 'store_ln34' <Predicate = (!mod_value2_load)> <Delay = 0.00>
ST_19 : Operation 128 [1/1] (0.00ns)   --->   "%store_ln34 = store i16 %newret18, i16 %p_ZL21H_filter_FIR_int_2_20_1" [FIR_HLS.cpp:34]   --->   Operation 128 'store' 'store_ln34' <Predicate = (!mod_value2_load)> <Delay = 0.00>
ST_19 : Operation 129 [1/1] (0.00ns)   --->   "%store_ln34 = store i16 %newret19, i16 %p_ZL21H_filter_FIR_int_2_20_2" [FIR_HLS.cpp:34]   --->   Operation 129 'store' 'store_ln34' <Predicate = (!mod_value2_load)> <Delay = 0.00>
ST_19 : Operation 130 [1/1] (0.00ns)   --->   "%store_ln34 = store i16 %newret20, i16 %p_ZL21H_filter_FIR_int_2_20_3" [FIR_HLS.cpp:34]   --->   Operation 130 'store' 'store_ln34' <Predicate = (!mod_value2_load)> <Delay = 0.00>
ST_19 : Operation 131 [1/1] (0.00ns)   --->   "%store_ln34 = store i16 %newret21, i16 %p_ZL21H_filter_FIR_int_2_20_4" [FIR_HLS.cpp:34]   --->   Operation 131 'store' 'store_ln34' <Predicate = (!mod_value2_load)> <Delay = 0.00>
ST_19 : Operation 132 [1/1] (0.42ns)   --->   "%br_ln36 = br void %if.end" [FIR_HLS.cpp:36]   --->   Operation 132 'br' 'br_ln36' <Predicate = (!mod_value2_load)> <Delay = 0.42>
ST_19 : Operation 133 [1/1] (0.00ns)   --->   "%storemerge2_in_in_in = phi i16 %newret26, void %if.else, i16 %newret, void %if.then5" [FIR_HLS.cpp:39]   --->   Operation 133 'phi' 'storemerge2_in_in_in' <Predicate = true> <Delay = 0.00>
ST_19 : Operation 134 [1/1] (0.00ns)   --->   "%shl_ln34 = shl i16 %storemerge2_in_in_in, i16 1" [FIR_HLS.cpp:34]   --->   Operation 134 'shl' 'shl_ln34' <Predicate = true> <Delay = 0.00>
ST_19 : Operation 135 [1/1] (0.00ns)   --->   "%store_ln34 = store i16 %shl_ln34, i16 %y4" [FIR_HLS.cpp:34]   --->   Operation 135 'store' 'store_ln34' <Predicate = true> <Delay = 0.00>
ST_19 : Operation 136 [1/1] (0.00ns)   --->   "%p_ZL21H_filter_FIR_int_1_20_0_load = load i16 %p_ZL21H_filter_FIR_int_1_20_0" [FIR_HLS.cpp:42]   --->   Operation 136 'load' 'p_ZL21H_filter_FIR_int_1_20_0_load' <Predicate = true> <Delay = 0.00>
ST_19 : Operation 137 [1/1] (0.00ns)   --->   "%p_ZL21H_filter_FIR_int_1_20_1_load = load i16 %p_ZL21H_filter_FIR_int_1_20_1" [FIR_HLS.cpp:42]   --->   Operation 137 'load' 'p_ZL21H_filter_FIR_int_1_20_1_load' <Predicate = true> <Delay = 0.00>
ST_19 : Operation 138 [6/6] (0.99ns)   --->   "%call_ret7 = call i48 @FIR_filter, i16 %p_ZL21H_filter_FIR_int_1_20_0_load, i16 %p_ZL21H_filter_FIR_int_1_20_1_load, i13 6555, i13 2816, i16 %shl_ln34" [FIR_HLS.cpp:42]   --->   Operation 138 'call' 'call_ret7' <Predicate = true> <Delay = 0.99> <CoreType = "Generic">   --->   Generic Core

State 20 <SV = 6> <Delay = 2.69>
ST_20 : Operation 139 [5/6] (2.69ns)   --->   "%call_ret5 = call i80 @FIR_filter.1, i16 %p_ZL21H_filter_FIR_dec_2_21_0_load, i16 %p_ZL21H_filter_FIR_dec_2_21_1_load, i16 %p_ZL21H_filter_FIR_dec_2_21_2_load, i16 %p_ZL21H_filter_FIR_dec_2_21_3_load, i16 %add_ln28" [FIR_HLS.cpp:38]   --->   Operation 139 'call' 'call_ret5' <Predicate = true> <Delay = 2.69> <CoreType = "Generic">   --->   Generic Core

State 21 <SV = 7> <Delay = 2.69>
ST_21 : Operation 140 [4/6] (2.69ns)   --->   "%call_ret5 = call i80 @FIR_filter.1, i16 %p_ZL21H_filter_FIR_dec_2_21_0_load, i16 %p_ZL21H_filter_FIR_dec_2_21_1_load, i16 %p_ZL21H_filter_FIR_dec_2_21_2_load, i16 %p_ZL21H_filter_FIR_dec_2_21_3_load, i16 %add_ln28" [FIR_HLS.cpp:38]   --->   Operation 140 'call' 'call_ret5' <Predicate = true> <Delay = 2.69> <CoreType = "Generic">   --->   Generic Core

State 22 <SV = 8> <Delay = 2.69>
ST_22 : Operation 141 [3/6] (2.69ns)   --->   "%call_ret5 = call i80 @FIR_filter.1, i16 %p_ZL21H_filter_FIR_dec_2_21_0_load, i16 %p_ZL21H_filter_FIR_dec_2_21_1_load, i16 %p_ZL21H_filter_FIR_dec_2_21_2_load, i16 %p_ZL21H_filter_FIR_dec_2_21_3_load, i16 %add_ln28" [FIR_HLS.cpp:38]   --->   Operation 141 'call' 'call_ret5' <Predicate = true> <Delay = 2.69> <CoreType = "Generic">   --->   Generic Core

State 23 <SV = 9> <Delay = 2.69>
ST_23 : Operation 142 [2/6] (2.69ns)   --->   "%call_ret5 = call i80 @FIR_filter.1, i16 %p_ZL21H_filter_FIR_dec_2_21_0_load, i16 %p_ZL21H_filter_FIR_dec_2_21_1_load, i16 %p_ZL21H_filter_FIR_dec_2_21_2_load, i16 %p_ZL21H_filter_FIR_dec_2_21_3_load, i16 %add_ln28" [FIR_HLS.cpp:38]   --->   Operation 142 'call' 'call_ret5' <Predicate = true> <Delay = 2.69> <CoreType = "Generic">   --->   Generic Core

State 24 <SV = 10> <Delay = 0.64>
ST_24 : Operation 143 [1/6] (0.64ns)   --->   "%call_ret5 = call i80 @FIR_filter.1, i16 %p_ZL21H_filter_FIR_dec_2_21_0_load, i16 %p_ZL21H_filter_FIR_dec_2_21_1_load, i16 %p_ZL21H_filter_FIR_dec_2_21_2_load, i16 %p_ZL21H_filter_FIR_dec_2_21_3_load, i16 %add_ln28" [FIR_HLS.cpp:38]   --->   Operation 143 'call' 'call_ret5' <Predicate = true> <Delay = 0.64> <CoreType = "Generic">   --->   Generic Core
ST_24 : Operation 144 [1/1] (0.00ns)   --->   "%newret10 = extractvalue i80 %call_ret5" [FIR_HLS.cpp:38]   --->   Operation 144 'extractvalue' 'newret10' <Predicate = true> <Delay = 0.00>
ST_24 : Operation 145 [1/1] (0.00ns)   --->   "%newret22 = extractvalue i80 %call_ret5" [FIR_HLS.cpp:38]   --->   Operation 145 'extractvalue' 'newret22' <Predicate = true> <Delay = 0.00>
ST_24 : Operation 146 [1/1] (0.00ns)   --->   "%newret23 = extractvalue i80 %call_ret5" [FIR_HLS.cpp:38]   --->   Operation 146 'extractvalue' 'newret23' <Predicate = true> <Delay = 0.00>
ST_24 : Operation 147 [1/1] (0.00ns)   --->   "%newret24 = extractvalue i80 %call_ret5" [FIR_HLS.cpp:38]   --->   Operation 147 'extractvalue' 'newret24' <Predicate = true> <Delay = 0.00>
ST_24 : Operation 148 [1/1] (0.00ns)   --->   "%newret25 = extractvalue i80 %call_ret5" [FIR_HLS.cpp:38]   --->   Operation 148 'extractvalue' 'newret25' <Predicate = true> <Delay = 0.00>
ST_24 : Operation 149 [1/1] (0.00ns)   --->   "%store_ln38 = store i16 %newret22, i16 %p_ZL21H_filter_FIR_dec_2_21_0" [FIR_HLS.cpp:38]   --->   Operation 149 'store' 'store_ln38' <Predicate = true> <Delay = 0.00>
ST_24 : Operation 150 [1/1] (0.00ns)   --->   "%store_ln38 = store i16 %newret23, i16 %p_ZL21H_filter_FIR_dec_2_21_1" [FIR_HLS.cpp:38]   --->   Operation 150 'store' 'store_ln38' <Predicate = true> <Delay = 0.00>
ST_24 : Operation 151 [1/1] (0.00ns)   --->   "%store_ln38 = store i16 %newret24, i16 %p_ZL21H_filter_FIR_dec_2_21_2" [FIR_HLS.cpp:38]   --->   Operation 151 'store' 'store_ln38' <Predicate = true> <Delay = 0.00>
ST_24 : Operation 152 [1/1] (0.00ns)   --->   "%store_ln38 = store i16 %newret25, i16 %p_ZL21H_filter_FIR_dec_2_21_3" [FIR_HLS.cpp:38]   --->   Operation 152 'store' 'store_ln38' <Predicate = true> <Delay = 0.00>
ST_24 : Operation 153 [1/1] (0.00ns)   --->   "%store_ln38 = store i16 %newret10, i16 %y2_phase1" [FIR_HLS.cpp:38]   --->   Operation 153 'store' 'store_ln38' <Predicate = true> <Delay = 0.00>

State 25 <SV = 11> <Delay = 0.00>

State 26 <SV = 12> <Delay = 0.99>
ST_26 : Operation 154 [1/1] (0.00ns)   --->   "%y3_load = load i16 %y3" [FIR_HLS.cpp:39]   --->   Operation 154 'load' 'y3_load' <Predicate = true> <Delay = 0.00>
ST_26 : Operation 155 [1/1] (0.00ns)   --->   "%p_ZL21H_filter_FIR_int_2_21_0_load = load i16 %p_ZL21H_filter_FIR_int_2_21_0" [FIR_HLS.cpp:39]   --->   Operation 155 'load' 'p_ZL21H_filter_FIR_int_2_21_0_load' <Predicate = true> <Delay = 0.00>
ST_26 : Operation 156 [1/1] (0.00ns)   --->   "%p_ZL21H_filter_FIR_int_2_21_1_load = load i16 %p_ZL21H_filter_FIR_int_2_21_1" [FIR_HLS.cpp:39]   --->   Operation 156 'load' 'p_ZL21H_filter_FIR_int_2_21_1_load' <Predicate = true> <Delay = 0.00>
ST_26 : Operation 157 [1/1] (0.00ns)   --->   "%p_ZL21H_filter_FIR_int_2_21_2_load = load i16 %p_ZL21H_filter_FIR_int_2_21_2" [FIR_HLS.cpp:39]   --->   Operation 157 'load' 'p_ZL21H_filter_FIR_int_2_21_2_load' <Predicate = true> <Delay = 0.00>
ST_26 : Operation 158 [1/1] (0.00ns)   --->   "%p_ZL21H_filter_FIR_int_2_21_3_load = load i16 %p_ZL21H_filter_FIR_int_2_21_3" [FIR_HLS.cpp:39]   --->   Operation 158 'load' 'p_ZL21H_filter_FIR_int_2_21_3_load' <Predicate = true> <Delay = 0.00>
ST_26 : Operation 159 [6/6] (0.99ns)   --->   "%call_ret6 = call i80 @FIR_filter.1, i16 %p_ZL21H_filter_FIR_int_2_21_0_load, i16 %p_ZL21H_filter_FIR_int_2_21_1_load, i16 %p_ZL21H_filter_FIR_int_2_21_2_load, i16 %p_ZL21H_filter_FIR_int_2_21_3_load, i16 %y3_load" [FIR_HLS.cpp:39]   --->   Operation 159 'call' 'call_ret6' <Predicate = true> <Delay = 0.99> <CoreType = "Generic">   --->   Generic Core

State 27 <SV = 13> <Delay = 2.69>
ST_27 : Operation 160 [5/6] (2.69ns)   --->   "%call_ret6 = call i80 @FIR_filter.1, i16 %p_ZL21H_filter_FIR_int_2_21_0_load, i16 %p_ZL21H_filter_FIR_int_2_21_1_load, i16 %p_ZL21H_filter_FIR_int_2_21_2_load, i16 %p_ZL21H_filter_FIR_int_2_21_3_load, i16 %y3_load" [FIR_HLS.cpp:39]   --->   Operation 160 'call' 'call_ret6' <Predicate = true> <Delay = 2.69> <CoreType = "Generic">   --->   Generic Core

State 28 <SV = 14> <Delay = 2.69>
ST_28 : Operation 161 [4/6] (2.69ns)   --->   "%call_ret6 = call i80 @FIR_filter.1, i16 %p_ZL21H_filter_FIR_int_2_21_0_load, i16 %p_ZL21H_filter_FIR_int_2_21_1_load, i16 %p_ZL21H_filter_FIR_int_2_21_2_load, i16 %p_ZL21H_filter_FIR_int_2_21_3_load, i16 %y3_load" [FIR_HLS.cpp:39]   --->   Operation 161 'call' 'call_ret6' <Predicate = true> <Delay = 2.69> <CoreType = "Generic">   --->   Generic Core

State 29 <SV = 15> <Delay = 2.69>
ST_29 : Operation 162 [3/6] (2.69ns)   --->   "%call_ret6 = call i80 @FIR_filter.1, i16 %p_ZL21H_filter_FIR_int_2_21_0_load, i16 %p_ZL21H_filter_FIR_int_2_21_1_load, i16 %p_ZL21H_filter_FIR_int_2_21_2_load, i16 %p_ZL21H_filter_FIR_int_2_21_3_load, i16 %y3_load" [FIR_HLS.cpp:39]   --->   Operation 162 'call' 'call_ret6' <Predicate = true> <Delay = 2.69> <CoreType = "Generic">   --->   Generic Core

State 30 <SV = 16> <Delay = 2.69>
ST_30 : Operation 163 [2/6] (2.69ns)   --->   "%call_ret6 = call i80 @FIR_filter.1, i16 %p_ZL21H_filter_FIR_int_2_21_0_load, i16 %p_ZL21H_filter_FIR_int_2_21_1_load, i16 %p_ZL21H_filter_FIR_int_2_21_2_load, i16 %p_ZL21H_filter_FIR_int_2_21_3_load, i16 %y3_load" [FIR_HLS.cpp:39]   --->   Operation 163 'call' 'call_ret6' <Predicate = true> <Delay = 2.69> <CoreType = "Generic">   --->   Generic Core

State 31 <SV = 17> <Delay = 0.64>
ST_31 : Operation 164 [1/6] (0.64ns)   --->   "%call_ret6 = call i80 @FIR_filter.1, i16 %p_ZL21H_filter_FIR_int_2_21_0_load, i16 %p_ZL21H_filter_FIR_int_2_21_1_load, i16 %p_ZL21H_filter_FIR_int_2_21_2_load, i16 %p_ZL21H_filter_FIR_int_2_21_3_load, i16 %y3_load" [FIR_HLS.cpp:39]   --->   Operation 164 'call' 'call_ret6' <Predicate = true> <Delay = 0.64> <CoreType = "Generic">   --->   Generic Core
ST_31 : Operation 165 [1/1] (0.00ns)   --->   "%newret26 = extractvalue i80 %call_ret6" [FIR_HLS.cpp:39]   --->   Operation 165 'extractvalue' 'newret26' <Predicate = true> <Delay = 0.00>
ST_31 : Operation 166 [1/1] (0.00ns)   --->   "%newret27 = extractvalue i80 %call_ret6" [FIR_HLS.cpp:39]   --->   Operation 166 'extractvalue' 'newret27' <Predicate = true> <Delay = 0.00>
ST_31 : Operation 167 [1/1] (0.00ns)   --->   "%newret28 = extractvalue i80 %call_ret6" [FIR_HLS.cpp:39]   --->   Operation 167 'extractvalue' 'newret28' <Predicate = true> <Delay = 0.00>
ST_31 : Operation 168 [1/1] (0.00ns)   --->   "%newret29 = extractvalue i80 %call_ret6" [FIR_HLS.cpp:39]   --->   Operation 168 'extractvalue' 'newret29' <Predicate = true> <Delay = 0.00>
ST_31 : Operation 169 [1/1] (0.00ns)   --->   "%newret30 = extractvalue i80 %call_ret6" [FIR_HLS.cpp:39]   --->   Operation 169 'extractvalue' 'newret30' <Predicate = true> <Delay = 0.00>
ST_31 : Operation 170 [1/1] (0.00ns)   --->   "%store_ln39 = store i16 %newret27, i16 %p_ZL21H_filter_FIR_int_2_21_0" [FIR_HLS.cpp:39]   --->   Operation 170 'store' 'store_ln39' <Predicate = true> <Delay = 0.00>
ST_31 : Operation 171 [1/1] (0.00ns)   --->   "%store_ln39 = store i16 %newret28, i16 %p_ZL21H_filter_FIR_int_2_21_1" [FIR_HLS.cpp:39]   --->   Operation 171 'store' 'store_ln39' <Predicate = true> <Delay = 0.00>
ST_31 : Operation 172 [1/1] (0.00ns)   --->   "%store_ln39 = store i16 %newret29, i16 %p_ZL21H_filter_FIR_int_2_21_2" [FIR_HLS.cpp:39]   --->   Operation 172 'store' 'store_ln39' <Predicate = true> <Delay = 0.00>
ST_31 : Operation 173 [1/1] (0.00ns)   --->   "%store_ln39 = store i16 %newret30, i16 %p_ZL21H_filter_FIR_int_2_21_3" [FIR_HLS.cpp:39]   --->   Operation 173 'store' 'store_ln39' <Predicate = true> <Delay = 0.00>
ST_31 : Operation 174 [1/1] (0.42ns)   --->   "%br_ln0 = br void %if.end"   --->   Operation 174 'br' 'br_ln0' <Predicate = true> <Delay = 0.42>

State 32 <SV = 19> <Delay = 3.02>
ST_32 : Operation 175 [5/6] (3.02ns)   --->   "%call_ret7 = call i48 @FIR_filter, i16 %p_ZL21H_filter_FIR_int_1_20_0_load, i16 %p_ZL21H_filter_FIR_int_1_20_1_load, i13 6555, i13 2816, i16 %shl_ln34" [FIR_HLS.cpp:42]   --->   Operation 175 'call' 'call_ret7' <Predicate = true> <Delay = 3.02> <CoreType = "Generic">   --->   Generic Core

State 33 <SV = 20> <Delay = 3.02>
ST_33 : Operation 176 [4/6] (3.02ns)   --->   "%call_ret7 = call i48 @FIR_filter, i16 %p_ZL21H_filter_FIR_int_1_20_0_load, i16 %p_ZL21H_filter_FIR_int_1_20_1_load, i13 6555, i13 2816, i16 %shl_ln34" [FIR_HLS.cpp:42]   --->   Operation 176 'call' 'call_ret7' <Predicate = true> <Delay = 3.02> <CoreType = "Generic">   --->   Generic Core

State 34 <SV = 21> <Delay = 3.02>
ST_34 : Operation 177 [3/6] (3.02ns)   --->   "%call_ret7 = call i48 @FIR_filter, i16 %p_ZL21H_filter_FIR_int_1_20_0_load, i16 %p_ZL21H_filter_FIR_int_1_20_1_load, i13 6555, i13 2816, i16 %shl_ln34" [FIR_HLS.cpp:42]   --->   Operation 177 'call' 'call_ret7' <Predicate = true> <Delay = 3.02> <CoreType = "Generic">   --->   Generic Core

State 35 <SV = 22> <Delay = 3.02>
ST_35 : Operation 178 [2/6] (3.02ns)   --->   "%call_ret7 = call i48 @FIR_filter, i16 %p_ZL21H_filter_FIR_int_1_20_0_load, i16 %p_ZL21H_filter_FIR_int_1_20_1_load, i13 6555, i13 2816, i16 %shl_ln34" [FIR_HLS.cpp:42]   --->   Operation 178 'call' 'call_ret7' <Predicate = true> <Delay = 3.02> <CoreType = "Generic">   --->   Generic Core

State 36 <SV = 23> <Delay = 1.09>
ST_36 : Operation 179 [1/6] (0.64ns)   --->   "%call_ret7 = call i48 @FIR_filter, i16 %p_ZL21H_filter_FIR_int_1_20_0_load, i16 %p_ZL21H_filter_FIR_int_1_20_1_load, i13 6555, i13 2816, i16 %shl_ln34" [FIR_HLS.cpp:42]   --->   Operation 179 'call' 'call_ret7' <Predicate = true> <Delay = 0.64> <CoreType = "Generic">   --->   Generic Core
ST_36 : Operation 180 [1/1] (0.00ns)   --->   "%newret31 = extractvalue i48 %call_ret7" [FIR_HLS.cpp:42]   --->   Operation 180 'extractvalue' 'newret31' <Predicate = true> <Delay = 0.00>
ST_36 : Operation 181 [1/1] (0.00ns)   --->   "%newret32 = extractvalue i48 %call_ret7" [FIR_HLS.cpp:42]   --->   Operation 181 'extractvalue' 'newret32' <Predicate = true> <Delay = 0.00>
ST_36 : Operation 182 [1/1] (0.00ns)   --->   "%newret33 = extractvalue i48 %call_ret7" [FIR_HLS.cpp:42]   --->   Operation 182 'extractvalue' 'newret33' <Predicate = true> <Delay = 0.00>
ST_36 : Operation 183 [1/1] (0.00ns)   --->   "%store_ln42 = store i16 %newret32, i16 %p_ZL21H_filter_FIR_int_1_20_0" [FIR_HLS.cpp:42]   --->   Operation 183 'store' 'store_ln42' <Predicate = true> <Delay = 0.00>
ST_36 : Operation 184 [1/1] (0.00ns)   --->   "%store_ln42 = store i16 %newret33, i16 %p_ZL21H_filter_FIR_int_1_20_1" [FIR_HLS.cpp:42]   --->   Operation 184 'store' 'store_ln42' <Predicate = true> <Delay = 0.00>
ST_36 : Operation 185 [1/1] (0.00ns)   --->   "%shl_ln42 = shl i16 %newret31, i16 1" [FIR_HLS.cpp:42]   --->   Operation 185 'shl' 'shl_ln42' <Predicate = true> <Delay = 0.00>
ST_36 : Operation 186 [2/2] (0.45ns)   --->   "%write_ln42 = write void @_ssdm_op_Write.axis.volatile.i16P128A, i16 %output_r, i16 %shl_ln42" [FIR_HLS.cpp:42]   --->   Operation 186 'write' 'write_ln42' <Predicate = true> <Delay = 0.45> <CoreInst = "regslice">   --->   Core 147 'regslice' <Latency = 0> <II = 1> <Delay = 0.59> <Adapter> <Opcode : 'read' 'write'>

State 37 <SV = 24> <Delay = 0.45>
ST_37 : Operation 187 [1/1] (0.00ns)   --->   "%storemerge1 = phi i1 0, void %if.else, i1 1, void %if.then5"   --->   Operation 187 'phi' 'storemerge1' <Predicate = (!mod_value1_load)> <Delay = 0.00>
ST_37 : Operation 188 [1/1] (0.00ns)   --->   "%store_ln0 = store i1 %storemerge1, i1 %mod_value2"   --->   Operation 188 'store' 'store_ln0' <Predicate = (!mod_value1_load)> <Delay = 0.00>
ST_37 : Operation 189 [1/2] (0.45ns)   --->   "%write_ln42 = write void @_ssdm_op_Write.axis.volatile.i16P128A, i16 %output_r, i16 %shl_ln42" [FIR_HLS.cpp:42]   --->   Operation 189 'write' 'write_ln42' <Predicate = (!mod_value1_load)> <Delay = 0.45> <CoreInst = "regslice">   --->   Core 147 'regslice' <Latency = 0> <II = 1> <Delay = 0.59> <Adapter> <Opcode : 'read' 'write'>
ST_37 : Operation 190 [1/1] (0.42ns)   --->   "%br_ln44 = br void %if.end33" [FIR_HLS.cpp:44]   --->   Operation 190 'br' 'br_ln44' <Predicate = (!mod_value1_load)> <Delay = 0.42>
ST_37 : Operation 191 [1/1] (0.00ns)   --->   "%storemerge = phi i1 0, void %if.else26, i1 1, void %if.end"   --->   Operation 191 'phi' 'storemerge' <Predicate = true> <Delay = 0.00>
ST_37 : Operation 192 [1/1] (0.00ns)   --->   "%store_ln0 = store i1 %storemerge, i1 %mod_value1"   --->   Operation 192 'store' 'store_ln0' <Predicate = true> <Delay = 0.00>
ST_37 : Operation 193 [1/1] (0.00ns)   --->   "%ret_ln51 = ret" [FIR_HLS.cpp:51]   --->   Operation 193 'ret' 'ret_ln51' <Predicate = true> <Delay = 0.00>

State 38 <SV = 1> <Delay = 3.02>
ST_38 : Operation 194 [5/6] (3.02ns)   --->   "%call_ret1 = call i48 @FIR_filter, i16 %p_ZL21H_filter_FIR_dec_1_21_0_load, i16 %p_ZL21H_filter_FIR_dec_1_21_1_load, i13 2816, i13 6555, i16 %input_r_read" [FIR_HLS.cpp:46]   --->   Operation 194 'call' 'call_ret1' <Predicate = true> <Delay = 3.02> <CoreType = "Generic">   --->   Generic Core
ST_38 : Operation 195 [5/6] (3.02ns)   --->   "%call_ret2 = call i48 @FIR_filter, i16 %p_ZL21H_filter_FIR_int_1_21_0_load, i16 %p_ZL21H_filter_FIR_int_1_21_1_load, i13 2816, i13 6555, i16 %y4_load" [FIR_HLS.cpp:47]   --->   Operation 195 'call' 'call_ret2' <Predicate = true> <Delay = 3.02> <CoreType = "Generic">   --->   Generic Core

State 39 <SV = 2> <Delay = 3.02>
ST_39 : Operation 196 [4/6] (3.02ns)   --->   "%call_ret1 = call i48 @FIR_filter, i16 %p_ZL21H_filter_FIR_dec_1_21_0_load, i16 %p_ZL21H_filter_FIR_dec_1_21_1_load, i13 2816, i13 6555, i16 %input_r_read" [FIR_HLS.cpp:46]   --->   Operation 196 'call' 'call_ret1' <Predicate = true> <Delay = 3.02> <CoreType = "Generic">   --->   Generic Core
ST_39 : Operation 197 [4/6] (3.02ns)   --->   "%call_ret2 = call i48 @FIR_filter, i16 %p_ZL21H_filter_FIR_int_1_21_0_load, i16 %p_ZL21H_filter_FIR_int_1_21_1_load, i13 2816, i13 6555, i16 %y4_load" [FIR_HLS.cpp:47]   --->   Operation 197 'call' 'call_ret2' <Predicate = true> <Delay = 3.02> <CoreType = "Generic">   --->   Generic Core

State 40 <SV = 3> <Delay = 3.02>
ST_40 : Operation 198 [3/6] (3.02ns)   --->   "%call_ret1 = call i48 @FIR_filter, i16 %p_ZL21H_filter_FIR_dec_1_21_0_load, i16 %p_ZL21H_filter_FIR_dec_1_21_1_load, i13 2816, i13 6555, i16 %input_r_read" [FIR_HLS.cpp:46]   --->   Operation 198 'call' 'call_ret1' <Predicate = true> <Delay = 3.02> <CoreType = "Generic">   --->   Generic Core
ST_40 : Operation 199 [3/6] (3.02ns)   --->   "%call_ret2 = call i48 @FIR_filter, i16 %p_ZL21H_filter_FIR_int_1_21_0_load, i16 %p_ZL21H_filter_FIR_int_1_21_1_load, i13 2816, i13 6555, i16 %y4_load" [FIR_HLS.cpp:47]   --->   Operation 199 'call' 'call_ret2' <Predicate = true> <Delay = 3.02> <CoreType = "Generic">   --->   Generic Core

State 41 <SV = 4> <Delay = 3.02>
ST_41 : Operation 200 [2/6] (3.02ns)   --->   "%call_ret1 = call i48 @FIR_filter, i16 %p_ZL21H_filter_FIR_dec_1_21_0_load, i16 %p_ZL21H_filter_FIR_dec_1_21_1_load, i13 2816, i13 6555, i16 %input_r_read" [FIR_HLS.cpp:46]   --->   Operation 200 'call' 'call_ret1' <Predicate = true> <Delay = 3.02> <CoreType = "Generic">   --->   Generic Core
ST_41 : Operation 201 [2/6] (3.02ns)   --->   "%call_ret2 = call i48 @FIR_filter, i16 %p_ZL21H_filter_FIR_int_1_21_0_load, i16 %p_ZL21H_filter_FIR_int_1_21_1_load, i13 2816, i13 6555, i16 %y4_load" [FIR_HLS.cpp:47]   --->   Operation 201 'call' 'call_ret2' <Predicate = true> <Delay = 3.02> <CoreType = "Generic">   --->   Generic Core

State 42 <SV = 5> <Delay = 1.09>
ST_42 : Operation 202 [1/6] (0.64ns)   --->   "%call_ret1 = call i48 @FIR_filter, i16 %p_ZL21H_filter_FIR_dec_1_21_0_load, i16 %p_ZL21H_filter_FIR_dec_1_21_1_load, i13 2816, i13 6555, i16 %input_r_read" [FIR_HLS.cpp:46]   --->   Operation 202 'call' 'call_ret1' <Predicate = true> <Delay = 0.64> <CoreType = "Generic">   --->   Generic Core
ST_42 : Operation 203 [1/1] (0.00ns)   --->   "%newret5 = extractvalue i48 %call_ret1" [FIR_HLS.cpp:46]   --->   Operation 203 'extractvalue' 'newret5' <Predicate = true> <Delay = 0.00>
ST_42 : Operation 204 [1/1] (0.00ns)   --->   "%newret6 = extractvalue i48 %call_ret1" [FIR_HLS.cpp:46]   --->   Operation 204 'extractvalue' 'newret6' <Predicate = true> <Delay = 0.00>
ST_42 : Operation 205 [1/1] (0.00ns)   --->   "%newret7 = extractvalue i48 %call_ret1" [FIR_HLS.cpp:46]   --->   Operation 205 'extractvalue' 'newret7' <Predicate = true> <Delay = 0.00>
ST_42 : Operation 206 [1/1] (0.00ns)   --->   "%store_ln46 = store i16 %newret6, i16 %p_ZL21H_filter_FIR_dec_1_21_0" [FIR_HLS.cpp:46]   --->   Operation 206 'store' 'store_ln46' <Predicate = true> <Delay = 0.00>
ST_42 : Operation 207 [1/1] (0.00ns)   --->   "%store_ln46 = store i16 %newret7, i16 %p_ZL21H_filter_FIR_dec_1_21_1" [FIR_HLS.cpp:46]   --->   Operation 207 'store' 'store_ln46' <Predicate = true> <Delay = 0.00>
ST_42 : Operation 208 [1/1] (0.00ns)   --->   "%store_ln46 = store i16 %newret5, i16 %y1_phase1" [FIR_HLS.cpp:46]   --->   Operation 208 'store' 'store_ln46' <Predicate = true> <Delay = 0.00>
ST_42 : Operation 209 [1/6] (0.64ns)   --->   "%call_ret2 = call i48 @FIR_filter, i16 %p_ZL21H_filter_FIR_int_1_21_0_load, i16 %p_ZL21H_filter_FIR_int_1_21_1_load, i13 2816, i13 6555, i16 %y4_load" [FIR_HLS.cpp:47]   --->   Operation 209 'call' 'call_ret2' <Predicate = true> <Delay = 0.64> <CoreType = "Generic">   --->   Generic Core
ST_42 : Operation 210 [1/1] (0.00ns)   --->   "%newret8 = extractvalue i48 %call_ret2" [FIR_HLS.cpp:47]   --->   Operation 210 'extractvalue' 'newret8' <Predicate = true> <Delay = 0.00>
ST_42 : Operation 211 [1/1] (0.00ns)   --->   "%newret9 = extractvalue i48 %call_ret2" [FIR_HLS.cpp:47]   --->   Operation 211 'extractvalue' 'newret9' <Predicate = true> <Delay = 0.00>
ST_42 : Operation 212 [1/1] (0.00ns)   --->   "%newret1 = extractvalue i48 %call_ret2" [FIR_HLS.cpp:47]   --->   Operation 212 'extractvalue' 'newret1' <Predicate = true> <Delay = 0.00>
ST_42 : Operation 213 [1/1] (0.00ns)   --->   "%store_ln47 = store i16 %newret9, i16 %p_ZL21H_filter_FIR_int_1_21_0" [FIR_HLS.cpp:47]   --->   Operation 213 'store' 'store_ln47' <Predicate = true> <Delay = 0.00>
ST_42 : Operation 214 [1/1] (0.00ns)   --->   "%store_ln47 = store i16 %newret1, i16 %p_ZL21H_filter_FIR_int_1_21_1" [FIR_HLS.cpp:47]   --->   Operation 214 'store' 'store_ln47' <Predicate = true> <Delay = 0.00>
ST_42 : Operation 215 [1/1] (0.00ns)   --->   "%shl_ln47 = shl i16 %newret8, i16 1" [FIR_HLS.cpp:47]   --->   Operation 215 'shl' 'shl_ln47' <Predicate = true> <Delay = 0.00>
ST_42 : Operation 216 [2/2] (0.45ns)   --->   "%write_ln47 = write void @_ssdm_op_Write.axis.volatile.i16P128A, i16 %output_r, i16 %shl_ln47" [FIR_HLS.cpp:47]   --->   Operation 216 'write' 'write_ln47' <Predicate = true> <Delay = 0.45> <CoreInst = "regslice">   --->   Core 147 'regslice' <Latency = 0> <II = 1> <Delay = 0.59> <Adapter> <Opcode : 'read' 'write'>

State 43 <SV = 6> <Delay = 0.45>
ST_43 : Operation 217 [1/2] (0.45ns)   --->   "%write_ln47 = write void @_ssdm_op_Write.axis.volatile.i16P128A, i16 %output_r, i16 %shl_ln47" [FIR_HLS.cpp:47]   --->   Operation 217 'write' 'write_ln47' <Predicate = true> <Delay = 0.45> <CoreInst = "regslice">   --->   Core 147 'regslice' <Latency = 0> <II = 1> <Delay = 0.59> <Adapter> <Opcode : 'read' 'write'>
ST_43 : Operation 218 [1/1] (0.42ns)   --->   "%br_ln0 = br void %if.end33"   --->   Operation 218 'br' 'br_ln0' <Predicate = true> <Delay = 0.42>


============================================================
+ Verbose Summary: Timing violations
============================================================
Target clock period: 10.000ns, clock uncertainty: 2.700ns.

 <State 1>: 1.075ns
The critical path consists of the following:
	axis read operation ('input_r_read', FIR_HLS.cpp:46) on port 'input_r' (FIR_HLS.cpp:46) [165]  (0.079 ns)
	'call' operation 48 bit ('call_ret', FIR_HLS.cpp:27) to 'FIR_filter' [170]  (0.996 ns)

 <State 2>: 3.025ns
The critical path consists of the following:
	'call' operation 48 bit ('call_ret', FIR_HLS.cpp:27) to 'FIR_filter' [170]  (3.025 ns)

 <State 3>: 3.025ns
The critical path consists of the following:
	'call' operation 48 bit ('call_ret', FIR_HLS.cpp:27) to 'FIR_filter' [170]  (3.025 ns)

 <State 4>: 3.025ns
The critical path consists of the following:
	'call' operation 48 bit ('call_ret', FIR_HLS.cpp:27) to 'FIR_filter' [170]  (3.025 ns)

 <State 5>: 3.025ns
The critical path consists of the following:
	'call' operation 48 bit ('call_ret', FIR_HLS.cpp:27) to 'FIR_filter' [170]  (3.025 ns)

 <State 6>: 4.890ns
The critical path consists of the following:
	'call' operation 48 bit ('call_ret', FIR_HLS.cpp:27) to 'FIR_filter' [170]  (0.645 ns)
	'add' operation 16 bit ('add_ln28', FIR_HLS.cpp:28) [177]  (0.853 ns)
	'call' operation 96 bit ('call_ret3', FIR_HLS.cpp:31) to 'FIR_filter.2' [186]  (3.392 ns)

 <State 7>: 3.392ns
The critical path consists of the following:
	'call' operation 96 bit ('call_ret3', FIR_HLS.cpp:31) to 'FIR_filter.2' [186]  (3.392 ns)

 <State 8>: 3.392ns
The critical path consists of the following:
	'call' operation 96 bit ('call_ret3', FIR_HLS.cpp:31) to 'FIR_filter.2' [186]  (3.392 ns)

 <State 9>: 3.392ns
The critical path consists of the following:
	'call' operation 96 bit ('call_ret3', FIR_HLS.cpp:31) to 'FIR_filter.2' [186]  (3.392 ns)

 <State 10>: 3.392ns
The critical path consists of the following:
	'call' operation 96 bit ('call_ret3', FIR_HLS.cpp:31) to 'FIR_filter.2' [186]  (3.392 ns)

 <State 11>: 3.392ns
The critical path consists of the following:
	'call' operation 96 bit ('call_ret3', FIR_HLS.cpp:31) to 'FIR_filter.2' [186]  (3.392 ns)

 <State 12>: 1.498ns
The critical path consists of the following:
	'call' operation 96 bit ('call_ret3', FIR_HLS.cpp:31) to 'FIR_filter.2' [186]  (0.645 ns)
	'add' operation 16 bit ('add_ln32', FIR_HLS.cpp:32) [199]  (0.853 ns)

 <State 13>: 6.788ns
The critical path consists of the following:
	'call' operation 16 bit ('ref_tmp', FIR_HLS.cpp:33) to 'FIR_filter_transposed' [200]  (3.396 ns)
	'call' operation 96 bit ('call_ret4', FIR_HLS.cpp:34) to 'FIR_filter.2' [207]  (3.392 ns)

 <State 14>: 3.392ns
The critical path consists of the following:
	'call' operation 96 bit ('call_ret4', FIR_HLS.cpp:34) to 'FIR_filter.2' [207]  (3.392 ns)

 <State 15>: 3.392ns
The critical path consists of the following:
	'call' operation 96 bit ('call_ret4', FIR_HLS.cpp:34) to 'FIR_filter.2' [207]  (3.392 ns)

 <State 16>: 3.392ns
The critical path consists of the following:
	'call' operation 96 bit ('call_ret4', FIR_HLS.cpp:34) to 'FIR_filter.2' [207]  (3.392 ns)

 <State 17>: 3.392ns
The critical path consists of the following:
	'call' operation 96 bit ('call_ret4', FIR_HLS.cpp:34) to 'FIR_filter.2' [207]  (3.392 ns)

 <State 18>: 3.392ns
The critical path consists of the following:
	'call' operation 96 bit ('call_ret4', FIR_HLS.cpp:34) to 'FIR_filter.2' [207]  (3.392 ns)

 <State 19>: 2.068ns
The critical path consists of the following:
	'call' operation 96 bit ('call_ret4', FIR_HLS.cpp:34) to 'FIR_filter.2' [207]  (0.645 ns)
	multiplexor before 'phi' operation 16 bit ('storemerge2_in_in_in', FIR_HLS.cpp:39) with incoming values : ('newret', FIR_HLS.cpp:34) ('newret26', FIR_HLS.cpp:39) [253]  (0.427 ns)
	'phi' operation 16 bit ('storemerge2_in_in_in', FIR_HLS.cpp:39) with incoming values : ('newret', FIR_HLS.cpp:34) ('newret26', FIR_HLS.cpp:39) [253]  (0.000 ns)
	'shl' operation 16 bit ('shl_ln34', FIR_HLS.cpp:34) [255]  (0.000 ns)
	'call' operation 48 bit ('call_ret7', FIR_HLS.cpp:42) to 'FIR_filter' [260]  (0.996 ns)

 <State 20>: 2.692ns
The critical path consists of the following:
	'call' operation 80 bit ('call_ret5', FIR_HLS.cpp:38) to 'FIR_filter.1' [225]  (2.692 ns)

 <State 21>: 2.692ns
The critical path consists of the following:
	'call' operation 80 bit ('call_ret5', FIR_HLS.cpp:38) to 'FIR_filter.1' [225]  (2.692 ns)

 <State 22>: 2.692ns
The critical path consists of the following:
	'call' operation 80 bit ('call_ret5', FIR_HLS.cpp:38) to 'FIR_filter.1' [225]  (2.692 ns)

 <State 23>: 2.692ns
The critical path consists of the following:
	'call' operation 80 bit ('call_ret5', FIR_HLS.cpp:38) to 'FIR_filter.1' [225]  (2.692 ns)

 <State 24>: 0.645ns
The critical path consists of the following:
	'call' operation 80 bit ('call_ret5', FIR_HLS.cpp:38) to 'FIR_filter.1' [225]  (0.645 ns)

 <State 25>: 0.000ns
The critical path consists of the following:

 <State 26>: 0.996ns
The critical path consists of the following:
	'load' operation 16 bit ('y3_load', FIR_HLS.cpp:39) on static variable 'y3' [236]  (0.000 ns)
	'call' operation 80 bit ('call_ret6', FIR_HLS.cpp:39) to 'FIR_filter.1' [241]  (0.996 ns)

 <State 27>: 2.692ns
The critical path consists of the following:
	'call' operation 80 bit ('call_ret6', FIR_HLS.cpp:39) to 'FIR_filter.1' [241]  (2.692 ns)

 <State 28>: 2.692ns
The critical path consists of the following:
	'call' operation 80 bit ('call_ret6', FIR_HLS.cpp:39) to 'FIR_filter.1' [241]  (2.692 ns)

 <State 29>: 2.692ns
The critical path consists of the following:
	'call' operation 80 bit ('call_ret6', FIR_HLS.cpp:39) to 'FIR_filter.1' [241]  (2.692 ns)

 <State 30>: 2.692ns
The critical path consists of the following:
	'call' operation 80 bit ('call_ret6', FIR_HLS.cpp:39) to 'FIR_filter.1' [241]  (2.692 ns)

 <State 31>: 0.645ns
The critical path consists of the following:
	'call' operation 80 bit ('call_ret6', FIR_HLS.cpp:39) to 'FIR_filter.1' [241]  (0.645 ns)

 <State 32>: 3.025ns
The critical path consists of the following:
	'call' operation 48 bit ('call_ret7', FIR_HLS.cpp:42) to 'FIR_filter' [260]  (3.025 ns)

 <State 33>: 3.025ns
The critical path consists of the following:
	'call' operation 48 bit ('call_ret7', FIR_HLS.cpp:42) to 'FIR_filter' [260]  (3.025 ns)

 <State 34>: 3.025ns
The critical path consists of the following:
	'call' operation 48 bit ('call_ret7', FIR_HLS.cpp:42) to 'FIR_filter' [260]  (3.025 ns)

 <State 35>: 3.025ns
The critical path consists of the following:
	'call' operation 48 bit ('call_ret7', FIR_HLS.cpp:42) to 'FIR_filter' [260]  (3.025 ns)

 <State 36>: 1.098ns
The critical path consists of the following:
	'call' operation 48 bit ('call_ret7', FIR_HLS.cpp:42) to 'FIR_filter' [260]  (0.645 ns)
	'shl' operation 16 bit ('shl_ln42', FIR_HLS.cpp:42) [266]  (0.000 ns)
	axis write operation ('write_ln42', FIR_HLS.cpp:42) on port 'output_r' (FIR_HLS.cpp:42) [267]  (0.453 ns)

 <State 37>: 0.453ns
The critical path consists of the following:
	axis write operation ('write_ln42', FIR_HLS.cpp:42) on port 'output_r' (FIR_HLS.cpp:42) [267]  (0.453 ns)

 <State 38>: 3.025ns
The critical path consists of the following:
	'call' operation 48 bit ('call_ret1', FIR_HLS.cpp:46) to 'FIR_filter' [272]  (3.025 ns)

 <State 39>: 3.025ns
The critical path consists of the following:
	'call' operation 48 bit ('call_ret1', FIR_HLS.cpp:46) to 'FIR_filter' [272]  (3.025 ns)

 <State 40>: 3.025ns
The critical path consists of the following:
	'call' operation 48 bit ('call_ret1', FIR_HLS.cpp:46) to 'FIR_filter' [272]  (3.025 ns)

 <State 41>: 3.025ns
The critical path consists of the following:
	'call' operation 48 bit ('call_ret1', FIR_HLS.cpp:46) to 'FIR_filter' [272]  (3.025 ns)

 <State 42>: 1.098ns
The critical path consists of the following:
	'call' operation 48 bit ('call_ret2', FIR_HLS.cpp:47) to 'FIR_filter' [282]  (0.645 ns)
	'shl' operation 16 bit ('shl_ln47', FIR_HLS.cpp:47) [288]  (0.000 ns)
	axis write operation ('write_ln47', FIR_HLS.cpp:47) on port 'output_r' (FIR_HLS.cpp:47) [289]  (0.453 ns)

 <State 43>: 0.453ns
The critical path consists of the following:
	axis write operation ('write_ln47', FIR_HLS.cpp:47) on port 'output_r' (FIR_HLS.cpp:47) [289]  (0.453 ns)


============================================================
+ Verbose Summary: Binding
============================================================
N/A
* FSMD analyzer results:
  - Output states:
 - Input state : 
  - Chain level:
	State 1
	State 2
	State 3
	State 4
	State 5
	State 6
	State 7
	State 8
	State 9
	State 10
	State 11
	State 12
	State 13
	State 14
	State 15
	State 16
	State 17
	State 18
	State 19
	State 20
	State 21
	State 22
	State 23
	State 24
	State 25
	State 26
	State 27
	State 28
	State 29
	State 30
	State 31
	State 32
	State 33
	State 34
	State 35
	State 36
	State 37
	State 38
	State 39
	State 40
	State 41
	State 42
	State 43


============================================================
+ Verbose Summary: Datapath Resource usage 
============================================================
N/A
