================================================================
== Design Size Report
================================================================

* Total Instructions per Compilation Phase
+---------------+-----------------------------+--------------+----------------------------------------------------------------------------------------+
| Phase         | Step                        | Instructions | Description                                                                            |
+---------------+-----------------------------+--------------+----------------------------------------------------------------------------------------+
| Compile/Link  |                             | 6,576        | After all functions are compiled and linked into a single design                       |
|               |                             |              |                                                                                        |
| Unroll/Inline |                             |              | After user unroll and inline pragmas are applied                                       |
|               | (1) unroll                  | 4,971        | user unroll pragmas are applied                                                        |
|               | (2) simplification          | 1,229        | simplification of applied user unroll pragmas                                          |
|               | (3) inline                  | 1,009        | user inline pragmas are applied                                                        |
|               | (4) simplification          |   903        | simplification of applied user inline pragmas                                          |
|               |                             |              |                                                                                        |
| Array/Struct  |                             |              | After user array partition and struct aggregate/disaggregate pragmas are applied       |
|               | (1) array partition         |   815        | user array partition pragmas are applied                                               |
|               | (2) simplification          |   815        | simplification of applied user array partition & struct aggregate/disaggregate pragmas |
|               | (3) aggregate/disaggregate  |   815        | user struct aggregate/disaggregate pragmas are applied                                 |
|               | (4) array reshape           |   815        | apply array reshape pragmas                                                            |
|               | (5) access patterns         | 1,093        | array access pattern optmizations                                                      |
|               |                             |              |                                                                                        |
| Performance   |                             |              | After transformations are applied to meet performance pragma targets                   |
|               | (1) loop simplification     |   959        | loop and instruction simplification                                                    |
|               | (2) parallelization         |   959        | loops are unrolled or pipelined to meet performance targets                            |
|               | (3) array partition         |   887        | arrays are partitioned to meet performance targets                                     |
|               | (4) simplification          |   887        | simplification of design after performance transformations                             |
|               |                             |              |                                                                                        |
| HW Transforms |                             |              | After hardware transfomations                                                          |
|               | (1) lowering                |   889        | initial conversion to HW specific instructions                                         |
|               | (2) optimizations           |   888        | high level synthesis optimizations                                                     |
+---------------+-----------------------------+--------------+----------------------------------------------------------------------------------------+

* Instructions per Function for each Compilation Phase
+--------------------------+----------------+-----------------+---------------+----------------+---------------+---------------+
| Function                 | Location       | Compile/Link    | Unroll/Inline | Array/Struct   | Performance   | HW Transforms |
+--------------------------+----------------+-----------------+---------------+----------------+---------------+---------------+
| + Multirate_v2           | FIR_HLS.cpp:14 | 6,576           | 903           | 1,093          | 887           | 888           |
|    FIR_filter            | FIR_HLS.cpp:60 | 4,152 (8 calls) | 344 (8 calls) |  534 (8 calls) | 328 (8 calls) | 336 (8 calls) |
|    FIR_filter_transposed | FIR_HLS.cpp:80 |  799            | 468           |  468           | 468           | 469           |
+--------------------------+----------------+-----------------+---------------+----------------+---------------+---------------+

* Design Size Message Settings
+---------------------------------------------+--------+------------------------------------------------------------------+
| Message Setting                             | Value  | Description                                                      |
+---------------------------------------------+--------+------------------------------------------------------------------+
| config_compile -design_size_maximum_warning | 100000 | Show a warning when total design instructions exceeds this value |
+---------------------------------------------+--------+------------------------------------------------------------------+


