

================================================================
== Vitis HLS Report for 'FIR_filter_transposed'
================================================================
* Date:           Sun Nov 16 16:22:43 2025

* Version:        2024.2 (Build 5238294 on Nov  8 2024)
* Project:        Multirate_v2
* Solution:       hls (Vivado IP Flow Target)
* Product family: zynquplus
* Target device:  xck26-sfvc784-2LV-c


================================================================
== Performance Estimates
================================================================
+ Timing: 
    * Summary: 
    +--------+----------+----------+------------+
    |  Clock |  Target  | Estimated| Uncertainty|
    +--------+----------+----------+------------+
    |ap_clk  |  10.00 ns|  3.396 ns|     2.70 ns|
    +--------+----------+----------+------------+

+ Latency: 
    * Summary: 
    +---------+---------+-----------+-----------+-----+-----+---------+
    |  Latency (cycles) |   Latency (absolute)  |  Interval | Pipeline|
    |   min   |   max   |    min    |    max    | min | max |   Type  |
    +---------+---------+-----------+-----------+-----+-----+---------+
    |        3|        3|  30.000 ns|  30.000 ns|    1|    1|      yes|
    +---------+---------+-----------+-----------+-----+-----+---------+

    + Detail: 
        * Instance: 
        N/A

        * Loop: 
        N/A



================================================================
== Utilization Estimates
================================================================
* Summary: 
+-----------------+---------+------+--------+--------+-----+
|       Name      | BRAM_18K|  DSP |   FF   |   LUT  | URAM|
+-----------------+---------+------+--------+--------+-----+
|DSP              |        -|     1|       -|       -|    -|
|Expression       |        -|     -|       0|    4731|    -|
|FIFO             |        -|     -|       -|       -|    -|
|Instance         |        -|    45|       0|     225|    -|
|Memory           |        -|     -|       -|       -|    -|
|Multiplexer      |        -|     -|       -|       -|    -|
|Register         |        -|     -|    5392|       -|    -|
+-----------------+---------+------+--------+--------+-----+
|Total            |        0|    46|    5392|    4956|    0|
+-----------------+---------+------+--------+--------+-----+
|Available        |      288|  1248|  234240|  117120|   64|
+-----------------+---------+------+--------+--------+-----+
|Utilization (%)  |        0|     3|       2|       4|    0|
+-----------------+---------+------+--------+--------+-----+

+ Detail: 
    * Instance: 
    +-------------------------+---------------------+---------+----+---+----+-----+
    |         Instance        |        Module       | BRAM_18K| DSP| FF| LUT| URAM|
    +-------------------------+---------------------+---------+----+---+----+-----+
    |mul_16s_10ns_26_1_1_U46  |mul_16s_10ns_26_1_1  |        0|   1|  0|   5|    0|
    |mul_16s_10ns_26_1_1_U49  |mul_16s_10ns_26_1_1  |        0|   1|  0|   5|    0|
    |mul_16s_10ns_26_1_1_U56  |mul_16s_10ns_26_1_1  |        0|   1|  0|   5|    0|
    |mul_16s_10s_26_1_1_U47   |mul_16s_10s_26_1_1   |        0|   1|  0|   5|    0|
    |mul_16s_10s_26_1_1_U50   |mul_16s_10s_26_1_1   |        0|   1|  0|   5|    0|
    |mul_16s_10s_26_1_1_U58   |mul_16s_10s_26_1_1   |        0|   1|  0|   5|    0|
    |mul_16s_11ns_27_1_1_U51  |mul_16s_11ns_27_1_1  |        0|   1|  0|   5|    0|
    |mul_16s_11ns_27_1_1_U53  |mul_16s_11ns_27_1_1  |        0|   1|  0|   5|    0|
    |mul_16s_11ns_27_1_1_U57  |mul_16s_11ns_27_1_1  |        0|   1|  0|   5|    0|
    |mul_16s_11ns_27_1_1_U60  |mul_16s_11ns_27_1_1  |        0|   1|  0|   5|    0|
    |mul_16s_11ns_27_1_1_U61  |mul_16s_11ns_27_1_1  |        0|   1|  0|   5|    0|
    |mul_16s_11ns_27_1_1_U65  |mul_16s_11ns_27_1_1  |        0|   1|  0|   5|    0|
    |mul_16s_11s_27_1_1_U52   |mul_16s_11s_27_1_1   |        0|   1|  0|   5|    0|
    |mul_16s_11s_27_1_1_U55   |mul_16s_11s_27_1_1   |        0|   1|  0|   5|    0|
    |mul_16s_11s_27_1_1_U59   |mul_16s_11s_27_1_1   |        0|   1|  0|   5|    0|
    |mul_16s_11s_27_1_1_U62   |mul_16s_11s_27_1_1   |        0|   1|  0|   5|    0|
    |mul_16s_11s_27_1_1_U63   |mul_16s_11s_27_1_1   |        0|   1|  0|   5|    0|
    |mul_16s_12ns_28_1_1_U64  |mul_16s_12ns_28_1_1  |        0|   1|  0|   5|    0|
    |mul_16s_12ns_28_1_1_U68  |mul_16s_12ns_28_1_1  |        0|   1|  0|   5|    0|
    |mul_16s_12ns_28_1_1_U69  |mul_16s_12ns_28_1_1  |        0|   1|  0|   5|    0|
    |mul_16s_12s_28_1_1_U66   |mul_16s_12s_28_1_1   |        0|   1|  0|   5|    0|
    |mul_16s_12s_28_1_1_U67   |mul_16s_12s_28_1_1   |        0|   1|  0|   5|    0|
    |mul_16s_12s_28_1_1_U71   |mul_16s_12s_28_1_1   |        0|   1|  0|   5|    0|
    |mul_16s_12s_28_1_1_U74   |mul_16s_12s_28_1_1   |        0|   1|  0|   5|    0|
    |mul_16s_13ns_29_1_1_U72  |mul_16s_13ns_29_1_1  |        0|   1|  0|   5|    0|
    |mul_16s_13s_29_1_1_U70   |mul_16s_13s_29_1_1   |        0|   1|  0|   5|    0|
    |mul_16s_14s_30_1_1_U73   |mul_16s_14s_30_1_1   |        0|   1|  0|   5|    0|
    |mul_16s_16ns_32_1_1_U75  |mul_16s_16ns_32_1_1  |        0|   1|  0|   5|    0|
    |mul_16s_6ns_22_1_1_U34   |mul_16s_6ns_22_1_1   |        0|   1|  0|   5|    0|
    |mul_16s_7s_23_1_1_U36    |mul_16s_7s_23_1_1    |        0|   1|  0|   5|    0|
    |mul_16s_8ns_24_1_1_U32   |mul_16s_8ns_24_1_1   |        0|   1|  0|   5|    0|
    |mul_16s_8ns_24_1_1_U35   |mul_16s_8ns_24_1_1   |        0|   1|  0|   5|    0|
    |mul_16s_8s_24_1_1_U33    |mul_16s_8s_24_1_1    |        0|   1|  0|   5|    0|
    |mul_16s_8s_24_1_1_U38    |mul_16s_8s_24_1_1    |        0|   1|  0|   5|    0|
    |mul_16s_8s_24_1_1_U48    |mul_16s_8s_24_1_1    |        0|   1|  0|   5|    0|
    |mul_16s_9ns_25_1_1_U37   |mul_16s_9ns_25_1_1   |        0|   1|  0|   5|    0|
    |mul_16s_9ns_25_1_1_U40   |mul_16s_9ns_25_1_1   |        0|   1|  0|   5|    0|
    |mul_16s_9ns_25_1_1_U43   |mul_16s_9ns_25_1_1   |        0|   1|  0|   5|    0|
    |mul_16s_9ns_25_1_1_U44   |mul_16s_9ns_25_1_1   |        0|   1|  0|   5|    0|
    |mul_16s_9s_25_1_1_U31    |mul_16s_9s_25_1_1    |        0|   1|  0|   5|    0|
    |mul_16s_9s_25_1_1_U39    |mul_16s_9s_25_1_1    |        0|   1|  0|   5|    0|
    |mul_16s_9s_25_1_1_U41    |mul_16s_9s_25_1_1    |        0|   1|  0|   5|    0|
    |mul_16s_9s_25_1_1_U42    |mul_16s_9s_25_1_1    |        0|   1|  0|   5|    0|
    |mul_16s_9s_25_1_1_U45    |mul_16s_9s_25_1_1    |        0|   1|  0|   5|    0|
    |mul_16s_9s_25_1_1_U54    |mul_16s_9s_25_1_1    |        0|   1|  0|   5|    0|
    +-------------------------+---------------------+---------+----+---+----+-----+
    |Total                    |                     |        0|  45|  0| 225|    0|
    +-------------------------+---------------------+---------+----+---+----+-----+

    * DSP: 
    +-------------------------------------+---------------------------------+--------------+
    |               Instance              |              Module             |  Expression  |
    +-------------------------------------+---------------------------------+--------------+
    |mac_muladd_16s_16ns_32ns_32_4_1_U76  |mac_muladd_16s_16ns_32ns_32_4_1  |  i0 + i1 * i2|
    +-------------------------------------+---------------------------------+--------------+

    * Memory: 
    N/A

    * FIFO: 
    N/A

    * Expression: 
    +-------------------------+----------+----+---+----+------------+------------+
    |      Variable Name      | Operation| DSP| FF| LUT| Bitwidth P0| Bitwidth P1|
    +-------------------------+----------+----+---+----+------------+------------+
    |add_ln84_fu_2014_p2      |         +|   0|  0|  39|          32|          32|
    |add_ln87_100_fu_1484_p2  |         +|   0|  0|  39|          32|          32|
    |add_ln87_101_fu_1494_p2  |         +|   0|  0|  39|          32|          32|
    |add_ln87_102_fu_1504_p2  |         +|   0|  0|  39|          32|          32|
    |add_ln87_103_fu_1514_p2  |         +|   0|  0|  39|          32|          32|
    |add_ln87_104_fu_1524_p2  |         +|   0|  0|  39|          32|          32|
    |add_ln87_105_fu_1538_p2  |         +|   0|  0|  39|          32|          32|
    |add_ln87_106_fu_1552_p2  |         +|   0|  0|  38|          31|          31|
    |add_ln87_107_fu_1566_p2  |         +|   0|  0|  37|          30|          30|
    |add_ln87_108_fu_1580_p2  |         +|   0|  0|  36|          29|          29|
    |add_ln87_109_fu_1594_p2  |         +|   0|  0|  35|          28|          28|
    |add_ln87_10_fu_2155_p2   |         +|   0|  0|  39|          32|          32|
    |add_ln87_110_fu_1608_p2  |         +|   0|  0|  34|          27|          27|
    |add_ln87_111_fu_1618_p2  |         +|   0|  0|  33|          26|          26|
    |add_ln87_112_fu_1632_p2  |         +|   0|  0|  33|          26|          26|
    |add_ln87_113_fu_1642_p2  |         +|   0|  0|  32|          25|          25|
    |add_ln87_114_fu_1656_p2  |         +|   0|  0|  32|          25|          25|
    |add_ln87_11_fu_2164_p2   |         +|   0|  0|  39|          32|          32|
    |add_ln87_12_fu_2173_p2   |         +|   0|  0|  39|          32|          32|
    |add_ln87_13_fu_2182_p2   |         +|   0|  0|  39|          32|          32|
    |add_ln87_14_fu_2191_p2   |         +|   0|  0|  39|          32|          32|
    |add_ln87_15_fu_2200_p2   |         +|   0|  0|  39|          32|          32|
    |add_ln87_16_fu_2209_p2   |         +|   0|  0|  39|          32|          32|
    |add_ln87_17_fu_2218_p2   |         +|   0|  0|  39|          32|          32|
    |add_ln87_18_fu_2227_p2   |         +|   0|  0|  39|          32|          32|
    |add_ln87_19_fu_2236_p2   |         +|   0|  0|  39|          32|          32|
    |add_ln87_1_fu_2067_p2    |         +|   0|  0|  39|          32|          32|
    |add_ln87_20_fu_2245_p2   |         +|   0|  0|  39|          32|          32|
    |add_ln87_21_fu_2254_p2   |         +|   0|  0|  39|          32|          32|
    |add_ln87_22_fu_2263_p2   |         +|   0|  0|  39|          32|          32|
    |add_ln87_23_fu_2272_p2   |         +|   0|  0|  39|          32|          32|
    |add_ln87_24_fu_2281_p2   |         +|   0|  0|  39|          32|          32|
    |add_ln87_25_fu_2290_p2   |         +|   0|  0|  39|          32|          32|
    |add_ln87_26_fu_2299_p2   |         +|   0|  0|  39|          32|          32|
    |add_ln87_27_fu_2308_p2   |         +|   0|  0|  39|          32|          32|
    |add_ln87_28_fu_2317_p2   |         +|   0|  0|  39|          32|          32|
    |add_ln87_29_fu_2326_p2   |         +|   0|  0|  39|          32|          32|
    |add_ln87_2_fu_2077_p2    |         +|   0|  0|  39|          32|          32|
    |add_ln87_30_fu_2335_p2   |         +|   0|  0|  39|          32|          32|
    |add_ln87_31_fu_2344_p2   |         +|   0|  0|  39|          32|          32|
    |add_ln87_32_fu_2353_p2   |         +|   0|  0|  39|          32|          32|
    |add_ln87_33_fu_2362_p2   |         +|   0|  0|  39|          32|          32|
    |add_ln87_34_fu_2371_p2   |         +|   0|  0|  39|          32|          32|
    |add_ln87_35_fu_2380_p2   |         +|   0|  0|  39|          32|          32|
    |add_ln87_36_fu_2389_p2   |         +|   0|  0|  39|          32|          32|
    |add_ln87_37_fu_2398_p2   |         +|   0|  0|  39|          32|          32|
    |add_ln87_38_fu_2407_p2   |         +|   0|  0|  39|          32|          32|
    |add_ln87_39_fu_2416_p2   |         +|   0|  0|  39|          32|          32|
    |add_ln87_3_fu_2087_p2    |         +|   0|  0|  39|          32|          32|
    |add_ln87_40_fu_2425_p2   |         +|   0|  0|  39|          32|          32|
    |add_ln87_41_fu_2434_p2   |         +|   0|  0|  39|          32|          32|
    |add_ln87_42_fu_2443_p2   |         +|   0|  0|  39|          32|          32|
    |add_ln87_43_fu_2452_p2   |         +|   0|  0|  39|          32|          32|
    |add_ln87_44_fu_2461_p2   |         +|   0|  0|  39|          32|          32|
    |add_ln87_45_fu_2470_p2   |         +|   0|  0|  39|          32|          32|
    |add_ln87_46_fu_2479_p2   |         +|   0|  0|  39|          32|          32|
    |add_ln87_47_fu_2488_p2   |         +|   0|  0|  39|          32|          32|
    |add_ln87_48_fu_2497_p2   |         +|   0|  0|  39|          32|          32|
    |add_ln87_49_fu_2506_p2   |         +|   0|  0|  39|          32|          32|
    |add_ln87_4_fu_2097_p2    |         +|   0|  0|  39|          32|          32|
    |add_ln87_50_fu_2515_p2   |         +|   0|  0|  39|          32|          32|
    |add_ln87_51_fu_2524_p2   |         +|   0|  0|  39|          32|          32|
    |add_ln87_52_fu_2533_p2   |         +|   0|  0|  39|          32|          32|
    |add_ln87_53_fu_2542_p2   |         +|   0|  0|  39|          32|          32|
    |add_ln87_54_fu_2551_p2   |         +|   0|  0|  39|          32|          32|
    |add_ln87_55_fu_2560_p2   |         +|   0|  0|  39|          32|          32|
    |add_ln87_56_fu_2569_p2   |         +|   0|  0|  39|          32|          32|
    |add_ln87_58_fu_1064_p2   |         +|   0|  0|  39|          32|          32|
    |add_ln87_59_fu_1074_p2   |         +|   0|  0|  39|          32|          32|
    |add_ln87_5_fu_2107_p2    |         +|   0|  0|  39|          32|          32|
    |add_ln87_60_fu_1084_p2   |         +|   0|  0|  39|          32|          32|
    |add_ln87_61_fu_1094_p2   |         +|   0|  0|  39|          32|          32|
    |add_ln87_62_fu_1104_p2   |         +|   0|  0|  39|          32|          32|
    |add_ln87_63_fu_1114_p2   |         +|   0|  0|  39|          32|          32|
    |add_ln87_64_fu_1124_p2   |         +|   0|  0|  39|          32|          32|
    |add_ln87_65_fu_1134_p2   |         +|   0|  0|  39|          32|          32|
    |add_ln87_66_fu_1144_p2   |         +|   0|  0|  39|          32|          32|
    |add_ln87_67_fu_1154_p2   |         +|   0|  0|  39|          32|          32|
    |add_ln87_68_fu_1164_p2   |         +|   0|  0|  39|          32|          32|
    |add_ln87_69_fu_1174_p2   |         +|   0|  0|  39|          32|          32|
    |add_ln87_6_fu_2117_p2    |         +|   0|  0|  39|          32|          32|
    |add_ln87_70_fu_1184_p2   |         +|   0|  0|  39|          32|          32|
    |add_ln87_71_fu_1194_p2   |         +|   0|  0|  39|          32|          32|
    |add_ln87_72_fu_1204_p2   |         +|   0|  0|  39|          32|          32|
    |add_ln87_73_fu_1214_p2   |         +|   0|  0|  39|          32|          32|
    |add_ln87_74_fu_1224_p2   |         +|   0|  0|  39|          32|          32|
    |add_ln87_75_fu_1234_p2   |         +|   0|  0|  39|          32|          32|
    |add_ln87_76_fu_1244_p2   |         +|   0|  0|  39|          32|          32|
    |add_ln87_77_fu_1254_p2   |         +|   0|  0|  39|          32|          32|
    |add_ln87_78_fu_1264_p2   |         +|   0|  0|  39|          32|          32|
    |add_ln87_79_fu_1274_p2   |         +|   0|  0|  39|          32|          32|
    |add_ln87_7_fu_2127_p2    |         +|   0|  0|  39|          32|          32|
    |add_ln87_80_fu_1284_p2   |         +|   0|  0|  39|          32|          32|
    |add_ln87_81_fu_1294_p2   |         +|   0|  0|  39|          32|          32|
    |add_ln87_82_fu_1304_p2   |         +|   0|  0|  39|          32|          32|
    |add_ln87_83_fu_1314_p2   |         +|   0|  0|  39|          32|          32|
    |add_ln87_84_fu_1324_p2   |         +|   0|  0|  39|          32|          32|
    |add_ln87_85_fu_1334_p2   |         +|   0|  0|  39|          32|          32|
    |add_ln87_86_fu_1344_p2   |         +|   0|  0|  39|          32|          32|
    |add_ln87_87_fu_1354_p2   |         +|   0|  0|  39|          32|          32|
    |add_ln87_88_fu_1364_p2   |         +|   0|  0|  39|          32|          32|
    |add_ln87_89_fu_1374_p2   |         +|   0|  0|  39|          32|          32|
    |add_ln87_8_fu_2136_p2    |         +|   0|  0|  39|          32|          32|
    |add_ln87_90_fu_1384_p2   |         +|   0|  0|  39|          32|          32|
    |add_ln87_91_fu_1394_p2   |         +|   0|  0|  39|          32|          32|
    |add_ln87_92_fu_1404_p2   |         +|   0|  0|  39|          32|          32|
    |add_ln87_93_fu_1414_p2   |         +|   0|  0|  39|          32|          32|
    |add_ln87_94_fu_1424_p2   |         +|   0|  0|  39|          32|          32|
    |add_ln87_95_fu_1434_p2   |         +|   0|  0|  39|          32|          32|
    |add_ln87_96_fu_1444_p2   |         +|   0|  0|  39|          32|          32|
    |add_ln87_97_fu_1454_p2   |         +|   0|  0|  39|          32|          32|
    |add_ln87_98_fu_1464_p2   |         +|   0|  0|  39|          32|          32|
    |add_ln87_99_fu_1474_p2   |         +|   0|  0|  39|          32|          32|
    |add_ln87_9_fu_2146_p2    |         +|   0|  0|  39|          32|          32|
    |add_ln87_fu_2036_p2      |         +|   0|  0|  39|          32|          32|
    |sub_ln84_fu_433_p2       |         -|   0|  0|  30|          23|          23|
    |sub_ln87_1_fu_491_p2     |         -|   0|  0|  29|           1|          22|
    |sub_ln87_2_fu_549_p2     |         -|   0|  0|  32|           1|          25|
    |sub_ln87_3_fu_566_p2     |         -|   0|  0|  32|          25|          25|
    |sub_ln87_4_fu_688_p2     |         -|   0|  0|  32|          25|          25|
    |sub_ln87_5_fu_716_p2     |         -|   0|  0|  31|          24|          24|
    |sub_ln87_6_fu_770_p2     |         -|   0|  0|  22|           1|          22|
    |sub_ln87_7_fu_780_p2     |         -|   0|  0|  22|          22|          22|
    |sub_ln87_8_fu_821_p2     |         -|   0|  0|  31|          24|          24|
    |sub_ln87_fu_452_p2       |         -|   0|  0|  24|           1|          17|
    |ap_enable_pp0            |       xor|   0|  0|   2|           1|           2|
    +-------------------------+----------+----+---+----+------------+------------+
    |Total                    |          |   0|  0|4731|        3787|        3870|
    +-------------------------+----------+----+---+----+------------+------------+

    * Multiplexer: 
    N/A

    * Register: 
    +----------------------------------+----+----+-----+-----------+
    |               Name               | FF | LUT| Bits| Const Bits|
    +----------------------------------+----+----+-----+-----------+
    |ap_CS_fsm                         |   1|   0|    1|          0|
    |ap_enable_reg_pp0_iter1           |   1|   0|    1|          0|
    |ap_enable_reg_pp0_iter2           |   1|   0|    1|          0|
    |ap_enable_reg_pp0_iter3           |   1|   0|    1|          0|
    |mul_ln87_1_reg_2973               |  24|   0|   24|          0|
    |mul_ln87_2_reg_2983               |  24|   0|   24|          0|
    |mul_ln87_3_reg_2988               |  22|   0|   22|          0|
    |mul_ln87_44_reg_3226              |  32|   0|   32|          0|
    |mul_ln87_4_reg_2993               |  24|   0|   24|          0|
    |mul_ln87_reg_2963                 |  25|   0|   25|          0|
    |p_ZL10H_accu_FIR_0                |  32|   0|   32|          0|
    |p_ZL10H_accu_FIR_1                |  32|   0|   32|          0|
    |p_ZL10H_accu_FIR_10               |  32|   0|   32|          0|
    |p_ZL10H_accu_FIR_100              |  32|   0|   32|          0|
    |p_ZL10H_accu_FIR_101              |  32|   0|   32|          0|
    |p_ZL10H_accu_FIR_102              |  32|   0|   32|          0|
    |p_ZL10H_accu_FIR_103              |  32|   0|   32|          0|
    |p_ZL10H_accu_FIR_104              |  32|   0|   32|          0|
    |p_ZL10H_accu_FIR_105              |  32|   0|   32|          0|
    |p_ZL10H_accu_FIR_106              |  31|   0|   31|          0|
    |p_ZL10H_accu_FIR_107              |  30|   0|   30|          0|
    |p_ZL10H_accu_FIR_108              |  29|   0|   29|          0|
    |p_ZL10H_accu_FIR_109              |  28|   0|   28|          0|
    |p_ZL10H_accu_FIR_11               |  32|   0|   32|          0|
    |p_ZL10H_accu_FIR_110              |  27|   0|   27|          0|
    |p_ZL10H_accu_FIR_111              |  26|   0|   26|          0|
    |p_ZL10H_accu_FIR_112              |  26|   0|   26|          0|
    |p_ZL10H_accu_FIR_113              |  25|   0|   25|          0|
    |p_ZL10H_accu_FIR_114              |  25|   0|   25|          0|
    |p_ZL10H_accu_FIR_115              |  21|   0|   23|          2|
    |p_ZL10H_accu_FIR_12               |  32|   0|   32|          0|
    |p_ZL10H_accu_FIR_13               |  32|   0|   32|          0|
    |p_ZL10H_accu_FIR_14               |  32|   0|   32|          0|
    |p_ZL10H_accu_FIR_15               |  32|   0|   32|          0|
    |p_ZL10H_accu_FIR_16               |  32|   0|   32|          0|
    |p_ZL10H_accu_FIR_17               |  32|   0|   32|          0|
    |p_ZL10H_accu_FIR_18               |  32|   0|   32|          0|
    |p_ZL10H_accu_FIR_19               |  32|   0|   32|          0|
    |p_ZL10H_accu_FIR_2                |  32|   0|   32|          0|
    |p_ZL10H_accu_FIR_20               |  32|   0|   32|          0|
    |p_ZL10H_accu_FIR_21               |  32|   0|   32|          0|
    |p_ZL10H_accu_FIR_22               |  32|   0|   32|          0|
    |p_ZL10H_accu_FIR_23               |  32|   0|   32|          0|
    |p_ZL10H_accu_FIR_24               |  32|   0|   32|          0|
    |p_ZL10H_accu_FIR_25               |  32|   0|   32|          0|
    |p_ZL10H_accu_FIR_26               |  32|   0|   32|          0|
    |p_ZL10H_accu_FIR_27               |  32|   0|   32|          0|
    |p_ZL10H_accu_FIR_28               |  32|   0|   32|          0|
    |p_ZL10H_accu_FIR_29               |  32|   0|   32|          0|
    |p_ZL10H_accu_FIR_3                |  32|   0|   32|          0|
    |p_ZL10H_accu_FIR_30               |  32|   0|   32|          0|
    |p_ZL10H_accu_FIR_31               |  32|   0|   32|          0|
    |p_ZL10H_accu_FIR_32               |  32|   0|   32|          0|
    |p_ZL10H_accu_FIR_33               |  32|   0|   32|          0|
    |p_ZL10H_accu_FIR_34               |  32|   0|   32|          0|
    |p_ZL10H_accu_FIR_35               |  32|   0|   32|          0|
    |p_ZL10H_accu_FIR_36               |  32|   0|   32|          0|
    |p_ZL10H_accu_FIR_37               |  32|   0|   32|          0|
    |p_ZL10H_accu_FIR_38               |  32|   0|   32|          0|
    |p_ZL10H_accu_FIR_39               |  32|   0|   32|          0|
    |p_ZL10H_accu_FIR_4                |  32|   0|   32|          0|
    |p_ZL10H_accu_FIR_40               |  32|   0|   32|          0|
    |p_ZL10H_accu_FIR_41               |  32|   0|   32|          0|
    |p_ZL10H_accu_FIR_42               |  32|   0|   32|          0|
    |p_ZL10H_accu_FIR_43               |  32|   0|   32|          0|
    |p_ZL10H_accu_FIR_44               |  32|   0|   32|          0|
    |p_ZL10H_accu_FIR_45               |  32|   0|   32|          0|
    |p_ZL10H_accu_FIR_46               |  32|   0|   32|          0|
    |p_ZL10H_accu_FIR_47               |  32|   0|   32|          0|
    |p_ZL10H_accu_FIR_48               |  32|   0|   32|          0|
    |p_ZL10H_accu_FIR_49               |  32|   0|   32|          0|
    |p_ZL10H_accu_FIR_5                |  32|   0|   32|          0|
    |p_ZL10H_accu_FIR_50               |  32|   0|   32|          0|
    |p_ZL10H_accu_FIR_51               |  32|   0|   32|          0|
    |p_ZL10H_accu_FIR_52               |  32|   0|   32|          0|
    |p_ZL10H_accu_FIR_53               |  32|   0|   32|          0|
    |p_ZL10H_accu_FIR_54               |  32|   0|   32|          0|
    |p_ZL10H_accu_FIR_55               |  32|   0|   32|          0|
    |p_ZL10H_accu_FIR_56               |  32|   0|   32|          0|
    |p_ZL10H_accu_FIR_57               |  32|   0|   32|          0|
    |p_ZL10H_accu_FIR_58               |  32|   0|   32|          0|
    |p_ZL10H_accu_FIR_59               |  32|   0|   32|          0|
    |p_ZL10H_accu_FIR_6                |  32|   0|   32|          0|
    |p_ZL10H_accu_FIR_60               |  32|   0|   32|          0|
    |p_ZL10H_accu_FIR_61               |  32|   0|   32|          0|
    |p_ZL10H_accu_FIR_62               |  32|   0|   32|          0|
    |p_ZL10H_accu_FIR_63               |  32|   0|   32|          0|
    |p_ZL10H_accu_FIR_64               |  32|   0|   32|          0|
    |p_ZL10H_accu_FIR_65               |  32|   0|   32|          0|
    |p_ZL10H_accu_FIR_66               |  32|   0|   32|          0|
    |p_ZL10H_accu_FIR_67               |  32|   0|   32|          0|
    |p_ZL10H_accu_FIR_68               |  32|   0|   32|          0|
    |p_ZL10H_accu_FIR_69               |  32|   0|   32|          0|
    |p_ZL10H_accu_FIR_7                |  32|   0|   32|          0|
    |p_ZL10H_accu_FIR_70               |  32|   0|   32|          0|
    |p_ZL10H_accu_FIR_71               |  32|   0|   32|          0|
    |p_ZL10H_accu_FIR_72               |  32|   0|   32|          0|
    |p_ZL10H_accu_FIR_73               |  32|   0|   32|          0|
    |p_ZL10H_accu_FIR_74               |  32|   0|   32|          0|
    |p_ZL10H_accu_FIR_75               |  32|   0|   32|          0|
    |p_ZL10H_accu_FIR_76               |  32|   0|   32|          0|
    |p_ZL10H_accu_FIR_77               |  32|   0|   32|          0|
    |p_ZL10H_accu_FIR_78               |  32|   0|   32|          0|
    |p_ZL10H_accu_FIR_79               |  32|   0|   32|          0|
    |p_ZL10H_accu_FIR_8                |  32|   0|   32|          0|
    |p_ZL10H_accu_FIR_80               |  32|   0|   32|          0|
    |p_ZL10H_accu_FIR_81               |  32|   0|   32|          0|
    |p_ZL10H_accu_FIR_82               |  32|   0|   32|          0|
    |p_ZL10H_accu_FIR_83               |  32|   0|   32|          0|
    |p_ZL10H_accu_FIR_84               |  32|   0|   32|          0|
    |p_ZL10H_accu_FIR_85               |  32|   0|   32|          0|
    |p_ZL10H_accu_FIR_86               |  32|   0|   32|          0|
    |p_ZL10H_accu_FIR_87               |  32|   0|   32|          0|
    |p_ZL10H_accu_FIR_88               |  32|   0|   32|          0|
    |p_ZL10H_accu_FIR_89               |  32|   0|   32|          0|
    |p_ZL10H_accu_FIR_9                |  32|   0|   32|          0|
    |p_ZL10H_accu_FIR_90               |  32|   0|   32|          0|
    |p_ZL10H_accu_FIR_91               |  32|   0|   32|          0|
    |p_ZL10H_accu_FIR_92               |  32|   0|   32|          0|
    |p_ZL10H_accu_FIR_93               |  32|   0|   32|          0|
    |p_ZL10H_accu_FIR_94               |  32|   0|   32|          0|
    |p_ZL10H_accu_FIR_95               |  32|   0|   32|          0|
    |p_ZL10H_accu_FIR_96               |  32|   0|   32|          0|
    |p_ZL10H_accu_FIR_97               |  32|   0|   32|          0|
    |p_ZL10H_accu_FIR_98               |  32|   0|   32|          0|
    |p_ZL10H_accu_FIR_99               |  32|   0|   32|          0|
    |sext_ln84_10_reg_2957             |  30|   0|   32|          2|
    |sext_ln84_reg_2951                |  32|   0|   32|          0|
    |sext_ln84_reg_2951_pp0_iter1_reg  |  32|   0|   32|          0|
    |sext_ln87_10_reg_3009             |  26|   0|   32|          6|
    |sext_ln87_11_reg_3015             |  32|   0|   32|          0|
    |sext_ln87_12_reg_3020             |  32|   0|   32|          0|
    |sext_ln87_13_reg_3025             |  32|   0|   32|          0|
    |sext_ln87_14_reg_3030             |  32|   0|   32|          0|
    |sext_ln87_15_reg_3035             |  32|   0|   32|          0|
    |sext_ln87_16_reg_3040             |  32|   0|   32|          0|
    |sext_ln87_17_reg_3045             |  32|   0|   32|          0|
    |sext_ln87_18_reg_3050             |  32|   0|   32|          0|
    |sext_ln87_19_reg_3055             |  32|   0|   32|          0|
    |sext_ln87_20_reg_3060             |  28|   0|   32|          4|
    |sext_ln87_21_reg_3065             |  32|   0|   32|          0|
    |sext_ln87_22_reg_3070             |  31|   0|   32|          1|
    |sext_ln87_23_reg_3075             |  32|   0|   32|          0|
    |sext_ln87_24_reg_3080             |  32|   0|   32|          0|
    |sext_ln87_25_reg_3085             |  32|   0|   32|          0|
    |sext_ln87_26_reg_3090             |  32|   0|   32|          0|
    |sext_ln87_27_reg_3095             |  31|   0|   32|          1|
    |sext_ln87_28_reg_3100             |  32|   0|   32|          0|
    |sext_ln87_29_reg_3105             |  32|   0|   32|          0|
    |sext_ln87_30_reg_3110             |  29|   0|   32|          3|
    |sext_ln87_31_reg_3115             |  32|   0|   32|          0|
    |sext_ln87_32_reg_3120             |  32|   0|   32|          0|
    |sext_ln87_33_reg_3125             |  32|   0|   32|          0|
    |sext_ln87_34_reg_3130             |  32|   0|   32|          0|
    |sext_ln87_35_reg_3135             |  32|   0|   32|          0|
    |sext_ln87_36_reg_3140             |  32|   0|   32|          0|
    |sext_ln87_37_reg_3145             |  32|   0|   32|          0|
    |sext_ln87_38_reg_3150             |  32|   0|   32|          0|
    |sext_ln87_39_reg_3155             |  32|   0|   32|          0|
    |sext_ln87_40_reg_3160             |  32|   0|   32|          0|
    |sext_ln87_41_reg_3165             |  32|   0|   32|          0|
    |sext_ln87_42_reg_3170             |  32|   0|   32|          0|
    |sext_ln87_43_reg_3176             |  32|   0|   32|          0|
    |sext_ln87_44_reg_3181             |  32|   0|   32|          0|
    |sext_ln87_45_reg_3186             |  32|   0|   32|          0|
    |sext_ln87_46_reg_3191             |  32|   0|   32|          0|
    |sext_ln87_47_reg_3196             |  32|   0|   32|          0|
    |sext_ln87_48_reg_3201             |  32|   0|   32|          0|
    |sext_ln87_49_reg_3206             |  32|   0|   32|          0|
    |sext_ln87_50_reg_3211             |  32|   0|   32|          0|
    |sext_ln87_51_reg_3216             |  32|   0|   32|          0|
    |sext_ln87_52_reg_3221             |  32|   0|   32|          0|
    |sext_ln87_8_reg_2998              |  32|   0|   32|          0|
    |sub_ln87_1_reg_2978               |  17|   0|   22|          5|
    |sub_ln87_3_reg_3004               |  24|   0|   25|          1|
    |tmp_reg_2968                      |  17|   0|   18|          1|
    |x_n_read_reg_2930                 |  16|   0|   16|          0|
    |x_n_read_reg_2930_pp0_iter1_reg   |  16|   0|   16|          0|
    +----------------------------------+----+----+-----+-----------+
    |Total                             |5392|   0| 5418|         26|
    +----------------------------------+----+----+-----+-----------+



================================================================
== Interface
================================================================
* Summary: 
+-----------+-----+-----+------------+-----------------------+--------------+
| RTL Ports | Dir | Bits|  Protocol  |     Source Object     |    C Type    |
+-----------+-----+-----+------------+-----------------------+--------------+
|ap_clk     |   in|    1|  ap_ctrl_hs|  FIR_filter_transposed|  return value|
|ap_rst     |   in|    1|  ap_ctrl_hs|  FIR_filter_transposed|  return value|
|ap_start   |   in|    1|  ap_ctrl_hs|  FIR_filter_transposed|  return value|
|ap_done    |  out|    1|  ap_ctrl_hs|  FIR_filter_transposed|  return value|
|ap_idle    |  out|    1|  ap_ctrl_hs|  FIR_filter_transposed|  return value|
|ap_ready   |  out|    1|  ap_ctrl_hs|  FIR_filter_transposed|  return value|
|ap_return  |  out|   16|  ap_ctrl_hs|  FIR_filter_transposed|  return value|
|x_n        |   in|   16|     ap_none|                    x_n|        scalar|
+-----------+-----+-----+------------+-----------------------+--------------+

