================================================================
== Design Size Report
================================================================

* Total Instructions per Compilation Phase
+---------------+-----------------------------+--------------+----------------------------------------------------------------------------------------+
| Phase         | Step                        | Instructions | Description                                                                            |
+---------------+-----------------------------+--------------+----------------------------------------------------------------------------------------+
| Compile/Link  |                             |    544       | After all functions are compiled and linked into a single design                       |
|               |                             |              |                                                                                        |
| Unroll/Inline |                             |              | After user unroll and inline pragmas are applied                                       |
|               | (1) unroll                  | 13,710       | user unroll pragmas are applied                                                        |
|               | (2) simplification          |  3,388       | simplification of applied user unroll pragmas                                          |
|               | (3) inline                  |  2,569       | user inline pragmas are applied                                                        |
|               | (4) simplification          |  2,569       | simplification of applied user inline pragmas                                          |
|               |                             |              |                                                                                        |
| Array/Struct  |                             |              | After user array partition and struct aggregate/disaggregate pragmas are applied       |
|               | (1) array partition         |  2,348       | user array partition pragmas are applied                                               |
|               | (2) simplification          |  2,348       | simplification of applied user array partition & struct aggregate/disaggregate pragmas |
|               | (3) aggregate/disaggregate  |  2,348       | user struct aggregate/disaggregate pragmas are applied                                 |
|               | (4) array reshape           |  2,348       | apply array reshape pragmas                                                            |
|               | (5) access patterns         |  2,348       | array access pattern optmizations                                                      |
|               |                             |              |                                                                                        |
| Performance   |                             |              | After transformations are applied to meet performance pragma targets                   |
|               | (1) loop simplification     |  2,348       | loop and instruction simplification                                                    |
|               | (2) parallelization         |  2,348       | loops are unrolled or pipelined to meet performance targets                            |
|               | (3) array partition         |  2,348       | arrays are partitioned to meet performance targets                                     |
|               | (4) simplification          |  2,348       | simplification of design after performance transformations                             |
|               |                             |              |                                                                                        |
| HW Transforms |                             |              | After hardware transfomations                                                          |
|               | (1) lowering                |  2,350       | initial conversion to HW specific instructions                                         |
|               | (2) optimizations           |  2,356       | high level synthesis optimizations                                                     |
+---------------+-----------------------------+--------------+----------------------------------------------------------------------------------------+

* Instructions per Function for each Compilation Phase
+----------------------+----------------+--------------+---------------+--------------+-------------+---------------+
| Function             | Location       | Compile/Link | Unroll/Inline | Array/Struct | Performance | HW Transforms |
+----------------------+----------------+--------------+---------------+--------------+-------------+---------------+
| + Direct_FIR_DSP_HLS | FIR_HLS.cpp:6  | 544          | 2,569         | 2,348        | 2,348       | 2,356         |
|    FIR_filter        | FIR_HLS.cpp:18 | 519          | 2,560         | 2,339        | 2,339       | 2,340         |
+----------------------+----------------+--------------+---------------+--------------+-------------+---------------+

* Design Size Message Settings
+---------------------------------------------+--------+------------------------------------------------------------------+
| Message Setting                             | Value  | Description                                                      |
+---------------------------------------------+--------+------------------------------------------------------------------+
| config_compile -design_size_maximum_warning | 100000 | Show a warning when total design instructions exceeds this value |
+---------------------------------------------+--------+------------------------------------------------------------------+


