

================================================================
== Vitis HLS Report for 'FIR_filter'
================================================================
* Date:           Sun Nov 16 15:42:28 2025

* Version:        2024.2 (Build 5238294 on Nov  8 2024)
* Project:        Direct_FIR_DSP_HLS
* Solution:       hls (Vivado IP Flow Target)
* Product family: zynquplus
* Target device:  xck26-sfvc784-2LV-c


================================================================
== Performance Estimates
================================================================
+ Timing: 
    * Summary: 
    +--------+----------+----------+------------+
    |  Clock |  Target  | Estimated| Uncertainty|
    +--------+----------+----------+------------+
    |ap_clk  |  10.00 ns|  5.806 ns|     2.70 ns|
    +--------+----------+----------+------------+

+ Latency: 
    * Summary: 
    +---------+---------+-----------+-----------+-----+-----+---------+
    |  Latency (cycles) |   Latency (absolute)  |  Interval | Pipeline|
    |   min   |   max   |    min    |    max    | min | max |   Type  |
    +---------+---------+-----------+-----------+-----+-----+---------+
    |        5|        5|  50.000 ns|  50.000 ns|    1|    1|      yes|
    +---------+---------+-----------+-----------+-----+-----+---------+

    + Detail: 
        * Instance: 
        N/A

        * Loop: 
        N/A



================================================================
== Utilization Estimates
================================================================
* Summary: 
+-----------------+---------+------+--------+--------+-----+
|       Name      | BRAM_18K|  DSP |   FF   |   LUT  | URAM|
+-----------------+---------+------+--------+--------+-----+
|DSP              |        -|    79|       -|       -|    -|
|Expression       |        -|     -|       0|    7600|    -|
|FIFO             |        -|     -|       -|       -|    -|
|Instance         |        -|     2|       0|      10|    -|
|Memory           |        -|     -|       -|       -|    -|
|Multiplexer      |        -|     -|       -|       -|    -|
|Register         |        -|     -|    9425|     192|    -|
+-----------------+---------+------+--------+--------+-----+
|Total            |        0|    81|    9425|    7802|    0|
+-----------------+---------+------+--------+--------+-----+
|Available        |      288|  1248|  234240|  117120|   64|
+-----------------+---------+------+--------+--------+-----+
|Utilization (%)  |        0|     6|       4|       6|    0|
+-----------------+---------+------+--------+--------+-----+

+ Detail: 
    * Instance: 
    +------------------------+---------------------+---------+----+---+----+-----+
    |        Instance        |        Module       | BRAM_18K| DSP| FF| LUT| URAM|
    +------------------------+---------------------+---------+----+---+----+-----+
    |mul_18s_10ns_27_1_1_U1  |mul_18s_10ns_27_1_1  |        0|   1|  0|   5|    0|
    |mul_18s_7ns_25_1_1_U2   |mul_18s_7ns_25_1_1   |        0|   1|  0|   5|    0|
    +------------------------+---------------------+---------+----+---+----+-----+
    |Total                   |                     |        0|   2|  0|  10|    0|
    +------------------------+---------------------+---------+----+---+----+-----+

    * DSP: 
    +-------------------------------------------+---------------------------------------+---------------------+
    |                  Instance                 |                 Module                |      Expression     |
    +-------------------------------------------+---------------------------------------+---------------------+
    |am_addmul_16s_16s_10ns_28_4_1_U27          |am_addmul_16s_16s_10ns_28_4_1          |       (i0 + i1) * i2|
    |am_addmul_16s_16s_10ns_28_4_1_U29          |am_addmul_16s_16s_10ns_28_4_1          |       (i0 + i1) * i2|
    |am_addmul_16s_16s_10s_26_4_1_U42           |am_addmul_16s_16s_10s_26_4_1           |       (i0 + i1) * i2|
    |am_addmul_16s_16s_10s_27_4_1_U37           |am_addmul_16s_16s_10s_27_4_1           |       (i0 + i1) * i2|
    |am_addmul_16s_16s_10s_27_4_1_U38           |am_addmul_16s_16s_10s_27_4_1           |       (i0 + i1) * i2|
    |am_addmul_16s_16s_11s_28_4_1_U31           |am_addmul_16s_16s_11s_28_4_1           |       (i0 + i1) * i2|
    |am_addmul_16s_16s_11s_28_4_1_U32           |am_addmul_16s_16s_11s_28_4_1           |       (i0 + i1) * i2|
    |am_addmul_16s_16s_12ns_30_4_1_U22          |am_addmul_16s_16s_12ns_30_4_1          |       (i0 + i1) * i2|
    |am_addmul_16s_16s_12s_28_4_1_U26           |am_addmul_16s_16s_12s_28_4_1           |       (i0 + i1) * i2|
    |am_addmul_16s_16s_12s_29_4_1_U24           |am_addmul_16s_16s_12s_29_4_1           |       (i0 + i1) * i2|
    |am_addmul_16s_16s_12s_29_4_1_U25           |am_addmul_16s_16s_12s_29_4_1           |       (i0 + i1) * i2|
    |am_addmul_16s_16s_13ns_31_4_1_U21          |am_addmul_16s_16s_13ns_31_4_1          |       (i0 + i1) * i2|
    |am_addmul_16s_16s_14ns_31_4_1_U20          |am_addmul_16s_16s_14ns_31_4_1          |       (i0 + i1) * i2|
    |am_addmul_16s_16s_8ns_26_4_1_U47           |am_addmul_16s_16s_8ns_26_4_1           |       (i0 + i1) * i2|
    |am_addmul_16s_16s_9ns_27_4_1_U23           |am_addmul_16s_16s_9ns_27_4_1           |       (i0 + i1) * i2|
    |am_addmul_16s_16s_9ns_27_4_1_U30           |am_addmul_16s_16s_9ns_27_4_1           |       (i0 + i1) * i2|
    |am_addmul_16s_16s_9ns_27_4_1_U40           |am_addmul_16s_16s_9ns_27_4_1           |       (i0 + i1) * i2|
    |am_addmul_16s_16s_9s_26_4_1_U46            |am_addmul_16s_16s_9s_26_4_1            |       (i0 + i1) * i2|
    |am_addmul_16s_16s_9s_26_4_1_U49            |am_addmul_16s_16s_9s_26_4_1            |       (i0 + i1) * i2|
    |am_addmul_17s_17s_7ns_25_4_1_U19           |am_addmul_17s_17s_7ns_25_4_1           |       (i0 + i1) * i2|
    |am_addmul_17s_17s_9s_27_4_1_U12            |am_addmul_17s_17s_9s_27_4_1            |       (i0 + i1) * i2|
    |am_addmul_17s_18s_7ns_27_4_1_U10           |am_addmul_17s_18s_7ns_27_4_1           |       (i0 + i1) * i2|
    |ama_addmuladd_16s_16s_10ns_27s_28_4_1_U35  |ama_addmuladd_16s_16s_10ns_27s_28_4_1  |  i0 + (i1 + i2) * i3|
    |ama_addmuladd_16s_16s_10ns_28s_28_4_1_U65  |ama_addmuladd_16s_16s_10ns_28s_28_4_1  |  i0 + (i1 + i2) * i3|
    |ama_addmuladd_16s_16s_10s_26s_27_4_1_U33   |ama_addmuladd_16s_16s_10s_26s_27_4_1   |  (i0 + i1) * i2 + i3|
    |ama_addmuladd_16s_16s_10s_27s_27_4_1_U66   |ama_addmuladd_16s_16s_10s_27s_27_4_1   |  i0 + (i1 + i2) * i3|
    |ama_addmuladd_16s_16s_10s_27s_27_4_1_U69   |ama_addmuladd_16s_16s_10s_27s_27_4_1   |  i0 + (i1 + i2) * i3|
    |ama_addmuladd_16s_16s_10s_27s_27_4_1_U70   |ama_addmuladd_16s_16s_10s_27s_27_4_1   |  i0 + (i1 + i2) * i3|
    |ama_addmuladd_16s_16s_10s_27s_27_4_1_U79   |ama_addmuladd_16s_16s_10s_27s_27_4_1   |  i0 + (i1 + i2) * i3|
    |ama_addmuladd_16s_16s_11ns_28s_29_4_1_U28  |ama_addmuladd_16s_16s_11ns_28s_29_4_1  |  (i0 + i1) * i2 + i3|
    |ama_addmuladd_16s_16s_11ns_30s_30_4_1_U59  |ama_addmuladd_16s_16s_11ns_30s_30_4_1  |  i0 + (i1 + i2) * i3|
    |ama_addmuladd_16s_16s_11s_27s_27_4_1_U60   |ama_addmuladd_16s_16s_11s_27s_27_4_1   |  i0 + (i1 + i2) * i3|
    |ama_addmuladd_16s_16s_11s_28s_28_4_1_U63   |ama_addmuladd_16s_16s_11s_28s_28_4_1   |  i0 + (i1 + i2) * i3|
    |ama_addmuladd_16s_16s_11s_28s_28_4_1_U67   |ama_addmuladd_16s_16s_11s_28s_28_4_1   |  i0 + (i1 + i2) * i3|
    |ama_addmuladd_16s_16s_11s_28s_28_4_1_U68   |ama_addmuladd_16s_16s_11s_28s_28_4_1   |  i0 + (i1 + i2) * i3|
    |ama_addmuladd_16s_16s_12s_29s_29_4_1_U61   |ama_addmuladd_16s_16s_12s_29s_29_4_1   |  i0 + (i1 + i2) * i3|
    |ama_addmuladd_16s_16s_12s_29s_29_4_1_U62   |ama_addmuladd_16s_16s_12s_29s_29_4_1   |  i0 + (i1 + i2) * i3|
    |ama_addmuladd_16s_16s_13ns_31s_31_4_1_U57  |ama_addmuladd_16s_16s_13ns_31s_31_4_1  |  i0 + (i1 + i2) * i3|
    |ama_addmuladd_16s_16s_13ns_31s_31_4_1_U58  |ama_addmuladd_16s_16s_13ns_31s_31_4_1  |  i0 + (i1 + i2) * i3|
    |ama_addmuladd_16s_16s_13ns_31s_32_4_1_U80  |ama_addmuladd_16s_16s_13ns_31s_32_4_1  |  i0 + (i1 + i2) * i3|
    |ama_addmuladd_16s_16s_6ns_24s_25_4_1_U55   |ama_addmuladd_16s_16s_6ns_24s_25_4_1   |  i0 + (i1 + i2) * i3|
    |ama_addmuladd_16s_16s_7ns_21s_24_4_1_U54   |ama_addmuladd_16s_16s_7ns_21s_24_4_1   |  i0 + (i1 + i2) * i3|
    |ama_addmuladd_16s_16s_7ns_25s_25_4_1_U78   |ama_addmuladd_16s_16s_7ns_25s_25_4_1   |  i0 + (i1 + i2) * i3|
    |ama_addmuladd_16s_16s_7ns_26s_26_4_1_U52   |ama_addmuladd_16s_16s_7ns_26s_26_4_1   |  (i0 + i1) * i2 + i3|
    |ama_addmuladd_16s_16s_7ns_28s_28_4_1_U72   |ama_addmuladd_16s_16s_7ns_28s_28_4_1   |  i0 + (i1 + i2) * i3|
    |ama_addmuladd_16s_16s_8ns_24s_25_4_1_U48   |ama_addmuladd_16s_16s_8ns_24s_25_4_1   |  (i0 + i1) * i2 + i3|
    |ama_addmuladd_16s_16s_8ns_26s_26_4_1_U50   |ama_addmuladd_16s_16s_8ns_26s_26_4_1   |  (i0 + i1) * i2 + i3|
    |ama_addmuladd_16s_16s_8ns_26s_26_4_1_U73   |ama_addmuladd_16s_16s_8ns_26s_26_4_1   |  i0 + (i1 + i2) * i3|
    |ama_addmuladd_16s_16s_8ns_26s_26_4_1_U75   |ama_addmuladd_16s_16s_8ns_26s_26_4_1   |  i0 + (i1 + i2) * i3|
    |ama_addmuladd_16s_16s_8ns_26s_27_4_1_U81   |ama_addmuladd_16s_16s_8ns_26s_27_4_1   |  i0 + (i1 + i2) * i3|
    |ama_addmuladd_16s_16s_8ns_27s_27_4_1_U44   |ama_addmuladd_16s_16s_8ns_27s_27_4_1   |  i0 + (i1 + i2) * i3|
    |ama_addmuladd_16s_16s_8s_22s_24_4_1_U53    |ama_addmuladd_16s_16s_8s_22s_24_4_1    |  i0 + (i1 + i2) * i3|
    |ama_addmuladd_16s_16s_8s_26s_26_4_1_U76    |ama_addmuladd_16s_16s_8s_26s_26_4_1    |  i0 + (i1 + i2) * i3|
    |ama_addmuladd_16s_16s_8s_26s_26_4_1_U77    |ama_addmuladd_16s_16s_8s_26s_26_4_1    |  i0 + (i1 + i2) * i3|
    |ama_addmuladd_16s_16s_9ns_26s_27_4_1_U36   |ama_addmuladd_16s_16s_9ns_26s_27_4_1   |  (i0 + i1) * i2 + i3|
    |ama_addmuladd_16s_16s_9ns_26s_27_4_1_U39   |ama_addmuladd_16s_16s_9ns_26s_27_4_1   |  i0 + (i1 + i2) * i3|
    |ama_addmuladd_16s_16s_9ns_27s_27_4_1_U34   |ama_addmuladd_16s_16s_9ns_27s_27_4_1   |  (i0 + i1) * i2 + i3|
    |ama_addmuladd_16s_16s_9ns_27s_27_4_1_U43   |ama_addmuladd_16s_16s_9ns_27s_27_4_1   |  i0 + (i1 + i2) * i3|
    |ama_addmuladd_16s_16s_9ns_27s_27_4_1_U71   |ama_addmuladd_16s_16s_9ns_27s_27_4_1   |  i0 + (i1 + i2) * i3|
    |ama_addmuladd_16s_16s_9ns_28s_28_4_1_U64   |ama_addmuladd_16s_16s_9ns_28s_28_4_1   |  (i0 + i1) * i2 + i3|
    |ama_addmuladd_16s_16s_9s_25s_26_4_1_U45    |ama_addmuladd_16s_16s_9s_25s_26_4_1    |  i0 + (i1 + i2) * i3|
    |ama_addmuladd_16s_16s_9s_26s_26_4_1_U51    |ama_addmuladd_16s_16s_9s_26s_26_4_1    |  i0 + (i1 + i2) * i3|
    |ama_addmuladd_16s_16s_9s_26s_26_4_1_U74    |ama_addmuladd_16s_16s_9s_26s_26_4_1    |  i0 + (i1 + i2) * i3|
    |ama_addmuladd_16s_16s_9s_27s_28_4_1_U41    |ama_addmuladd_16s_16s_9s_27s_28_4_1    |  (i0 + i1) * i2 + i3|
    |ama_addmuladd_17s_17s_7s_24s_25_4_1_U15    |ama_addmuladd_17s_17s_7s_24s_25_4_1    |  i0 + (i1 + i2) * i3|
    |ama_addmuladd_17s_17s_8s_24s_25_4_1_U14    |ama_addmuladd_17s_17s_8s_24s_25_4_1    |  (i0 + i1) * i2 + i3|
    |ama_addmuladd_17s_17s_9s_26s_27_4_1_U11    |ama_addmuladd_17s_17s_9s_26s_27_4_1    |  i0 + (i1 + i2) * i3|
    |ama_addmuladd_17s_17s_9s_27s_27_4_1_U56    |ama_addmuladd_17s_17s_9s_27s_27_4_1    |  i0 + (i1 + i2) * i3|
    |ama_addmuladd_17s_18s_6ns_24s_25_4_1_U8    |ama_addmuladd_17s_18s_6ns_24s_25_4_1   |  (i0 + i1) * i2 + i3|
    |ama_addmuladd_17s_18s_7ns_25s_26_4_1_U6    |ama_addmuladd_17s_18s_7ns_25s_26_4_1   |  (i0 + i1) * i2 + i3|
    |ama_addmuladd_18s_16s_8ns_26s_27_4_1_U13   |ama_addmuladd_18s_16s_8ns_26s_27_4_1   |  (i0 + i1) * i2 + i3|
    |ama_addmuladd_18s_18s_7ns_26s_27_4_1_U9    |ama_addmuladd_18s_18s_7ns_26s_27_4_1   |  i0 + (i1 + i2) * i3|
    |ama_addmuladd_19s_16s_6ns_22s_25_4_1_U4    |ama_addmuladd_19s_16s_6ns_22s_25_4_1   |  (i0 + i1) * i2 + i3|
    |ama_addmuladd_19s_16s_7ns_26s_27_4_1_U3    |ama_addmuladd_19s_16s_7ns_26s_27_4_1   |  i0 + (i1 + i2) * i3|
    |ama_submuladd_18s_16s_5ns_24s_24_4_1_U17   |ama_submuladd_18s_16s_5ns_24s_24_4_1   |  (i0 - i1) * i2 + i3|
    |ama_submuladd_18s_16s_5ns_25s_25_4_1_U18   |ama_submuladd_18s_16s_5ns_25s_25_4_1   |  i0 + (i1 - i2) * i3|
    |ama_submuladd_18s_16s_6ns_25s_25_4_1_U16   |ama_submuladd_18s_16s_6ns_25s_25_4_1   |  i0 + (i1 - i2) * i3|
    |ama_submuladd_19s_16s_6ns_24s_25_4_1_U7    |ama_submuladd_19s_16s_6ns_24s_25_4_1   |  (i0 - i1) * i2 + i3|
    |ama_submuladd_19s_16s_7ns_25s_26_4_1_U5    |ama_submuladd_19s_16s_7ns_25s_26_4_1   |  (i0 - i1) * i2 + i3|
    +-------------------------------------------+---------------------------------------+---------------------+

    * Memory: 
    N/A

    * FIFO: 
    N/A

    * Expression: 
    +-------------------------+----------+----+---+----+------------+------------+
    |      Variable Name      | Operation| DSP| FF| LUT| Bitwidth P0| Bitwidth P1|
    +-------------------------+----------+----+---+----+------------+------------+
    |FIR_accu32_fu_9844_p2    |         +|   0|  0|  32|          32|          32|
    |add_ln26_100_fu_9271_p2  |         +|   0|  0|  34|          27|          27|
    |add_ln26_101_fu_9281_p2  |         +|   0|  0|  35|          28|          28|
    |add_ln26_104_fu_9293_p2  |         +|   0|  0|  26|          26|          26|
    |add_ln26_105_fu_5734_p2  |         +|   0|  0|  24|          24|          24|
    |add_ln26_106_fu_5744_p2  |         +|   0|  0|  32|          25|          25|
    |add_ln26_107_fu_9302_p2  |         +|   0|  0|  26|          26|          26|
    |add_ln26_108_fu_9701_p2  |         +|   0|  0|  27|          27|          27|
    |add_ln26_110_fu_9710_p2  |         +|   0|  0|  27|          27|          27|
    |add_ln26_113_fu_9726_p2  |         +|   0|  0|  28|          28|          28|
    |add_ln26_114_fu_9732_p2  |         +|   0|  0|  28|          28|          28|
    |add_ln26_115_fu_9742_p2  |         +|   0|  0|  29|          29|          29|
    |add_ln26_116_fu_9748_p2  |         +|   0|  0|  29|          29|          29|
    |add_ln26_117_fu_9834_p2  |         +|   0|  0|  38|          31|          31|
    |add_ln26_11_fu_9418_p2   |         +|   0|  0|  37|          30|          30|
    |add_ln26_12_fu_9428_p2   |         +|   0|  0|  38|          31|          31|
    |add_ln26_13_fu_9765_p2   |         +|   0|  0|  32|          32|          32|
    |add_ln26_15_fu_9434_p2   |         +|   0|  0|  35|          28|          28|
    |add_ln26_18_fu_9446_p2   |         +|   0|  0|  36|          29|          29|
    |add_ln26_19_fu_9455_p2   |         +|   0|  0|  37|          30|          30|
    |add_ln26_22_fu_9471_p2   |         +|   0|  0|  29|          29|          29|
    |add_ln26_25_fu_9480_p2   |         +|   0|  0|  35|          28|          28|
    |add_ln26_26_fu_9489_p2   |         +|   0|  0|  29|          29|          29|
    |add_ln26_27_fu_9499_p2   |         +|   0|  0|  38|          31|          31|
    |add_ln26_28_fu_9774_p2   |         +|   0|  0|  32|          32|          32|
    |add_ln26_30_fu_9117_p2   |         +|   0|  0|  34|          27|          27|
    |add_ln26_33_fu_9129_p2   |         +|   0|  0|  35|          28|          28|
    |add_ln26_34_fu_9138_p2   |         +|   0|  0|  36|          29|          29|
    |add_ln26_37_fu_9514_p2   |         +|   0|  0|  35|          28|          28|
    |add_ln26_40_fu_9530_p2   |         +|   0|  0|  35|          28|          28|
    |add_ln26_41_fu_9540_p2   |         +|   0|  0|  36|          29|          29|
    |add_ln26_42_fu_9550_p2   |         +|   0|  0|  37|          30|          30|
    |add_ln26_47_fu_9569_p2   |         +|   0|  0|  35|          28|          28|
    |add_ln26_48_fu_9579_p2   |         +|   0|  0|  36|          29|          29|
    |add_ln26_4_fu_9391_p2    |         +|   0|  0|  38|          31|          31|
    |add_ln26_51_fu_9150_p2   |         +|   0|  0|  35|          28|          28|
    |add_ln26_54_fu_9598_p2   |         +|   0|  0|  35|          28|          28|
    |add_ln26_55_fu_9608_p2   |         +|   0|  0|  36|          29|          29|
    |add_ln26_56_fu_9618_p2   |         +|   0|  0|  37|          30|          30|
    |add_ln26_57_fu_9628_p2   |         +|   0|  0|  38|          31|          31|
    |add_ln26_58_fu_9783_p2   |         +|   0|  0|  32|          32|          32|
    |add_ln26_5_fu_9757_p2    |         +|   0|  0|  39|          32|          32|
    |add_ln26_63_fu_9640_p2   |         +|   0|  0|  34|          27|          27|
    |add_ln26_64_fu_9795_p2   |         +|   0|  0|  35|          28|          28|
    |add_ln26_67_fu_9651_p2   |         +|   0|  0|  34|          27|          27|
    |add_ln26_70_fu_9159_p2   |         +|   0|  0|  34|          27|          27|
    |add_ln26_71_fu_9664_p2   |         +|   0|  0|  35|          28|          28|
    |add_ln26_72_fu_9808_p2   |         +|   0|  0|  36|          29|          29|
    |add_ln26_77_fu_9170_p2   |         +|   0|  0|  34|          27|          27|
    |add_ln26_78_fu_9676_p2   |         +|   0|  0|  35|          28|          28|
    |add_ln26_81_fu_9179_p2   |         +|   0|  0|  34|          27|          27|
    |add_ln26_84_fu_9194_p2   |         +|   0|  0|  33|          26|          26|
    |add_ln26_85_fu_9204_p2   |         +|   0|  0|  35|          28|          28|
    |add_ln26_86_fu_9689_p2   |         +|   0|  0|  36|          29|          29|
    |add_ln26_87_fu_9821_p2   |         +|   0|  0|  37|          30|          30|
    |add_ln26_88_fu_5712_p2   |         +|   0|  0|  24|          24|          24|
    |add_ln26_8_fu_9402_p2    |         +|   0|  0|  37|          30|          30|
    |add_ln26_92_fu_9219_p2   |         +|   0|  0|  33|          26|          26|
    |add_ln26_93_fu_9229_p2   |         +|   0|  0|  34|          27|          27|
    |add_ln26_95_fu_5718_p2   |         +|   0|  0|  24|          24|          24|
    |add_ln26_96_fu_9245_p2   |         +|   0|  0|  33|          26|          26|
    |add_ln26_99_fu_9261_p2   |         +|   0|  0|  33|          26|          26|
    |grp_fu_10006_p0          |         +|   0|  0|  25|          18|          18|
    |grp_fu_10017_p0          |         +|   0|  0|  25|          18|          18|
    |grp_fu_10100_p30         |         +|   0|  0|  36|          29|          29|
    |grp_fu_10163_p30         |         +|   0|  0|  35|          28|          28|
    |grp_fu_10174_p30         |         +|   0|  0|  34|          27|          27|
    |grp_fu_10201_p30         |         +|   0|  0|  34|          27|          27|
    |grp_fu_10258_p30         |         +|   0|  0|  33|          26|          26|
    |grp_fu_10303_p3          |         +|   0|  0|  33|          26|          26|
    |grp_fu_9904_p30          |         +|   0|  0|  32|          25|          25|
    |grp_fu_9926_p30          |         +|   0|  0|  34|          27|          27|
    |grp_fu_9962_p30          |         +|   0|  0|  34|          27|          27|
    |grp_fu_9995_p0           |         +|   0|  0|  25|          18|          18|
    |sum1_fu_4510_p2          |         +|   0|  0|  24|          17|          17|
    |sum_fu_4442_p2           |         +|   0|  0|  24|          17|          17|
    |tmp100_fu_4596_p2        |         +|   0|  0|  25|          18|          18|
    |tmp101_fu_4586_p2        |         +|   0|  0|  24|          17|          17|
    |tmp103_fu_4458_p2        |         +|   0|  0|  18|          18|          18|
    |tmp107_fu_4638_p2        |         +|   0|  0|  24|          17|          17|
    |tmp108_fu_4696_p2        |         +|   0|  0|  25|          18|          18|
    |tmp109_fu_4474_p2        |         +|   0|  0|  24|          17|          17|
    |tmp115_fu_4686_p2        |         +|   0|  0|  24|          17|          17|
    |tmp116_fu_4716_p2        |         +|   0|  0|  25|          18|          18|
    |tmp117_fu_4706_p2        |         +|   0|  0|  24|          17|          17|
    |tmp118_fu_4752_p2        |         +|   0|  0|  24|          17|          17|
    |tmp119_fu_4762_p2        |         +|   0|  0|  24|          17|          17|
    |tmp121_fu_4526_p2        |         +|   0|  0|  18|          18|          18|
    |tmp125_fu_4772_p2        |         +|   0|  0|  24|          17|          17|
    |tmp126_fu_4810_p2        |         +|   0|  0|  24|          17|          17|
    |tmp127_fu_4820_p2        |         +|   0|  0|  24|          17|          17|
    |tmp128_fu_4830_p2        |         +|   0|  0|  24|          17|          17|
    |tmp1293_fu_4606_p2       |         +|   0|  0|  26|          19|          19|
    |tmp129_fu_4840_p2        |         +|   0|  0|  24|          17|          17|
    |tmp12_fu_3978_p2         |         +|   0|  0|  27|          20|          20|
    |tmp131_fu_4850_p2        |         +|   0|  0|  24|          17|          17|
    |tmp132_fu_4856_p2        |         +|   0|  0|  24|          17|          17|
    |tmp133_fu_4612_p2        |         +|   0|  0|  24|          17|          17|
    |tmp139_fu_4862_p2        |         +|   0|  0|  24|          17|          17|
    |tmp140_fu_4872_p2        |         +|   0|  0|  24|          17|          17|
    |tmp141_fu_4926_p2        |         +|   0|  0|  24|          17|          17|
    |tmp142_fu_4936_p2        |         +|   0|  0|  24|          17|          17|
    |tmp146_fu_4674_p2        |         +|   0|  0|  19|          19|          19|
    |tmp155_fu_4952_p2        |         +|   0|  0|  24|          17|          17|
    |tmp156_fu_4962_p2        |         +|   0|  0|  24|          17|          17|
    |tmp157_fu_4726_p2        |         +|   0|  0|  24|          17|          17|
    |tmp15_fu_4000_p2         |         +|   0|  0|  20|          20|          20|
    |tmp165_fu_4782_p2        |         +|   0|  0|  25|          18|          18|
    |tmp167_fu_5022_p2        |         +|   0|  0|  24|          17|          17|
    |tmp168_fu_5032_p2        |         +|   0|  0|  24|          17|          17|
    |tmp171_fu_4804_p2        |         +|   0|  0|  18|          18|          18|
    |tmp17_fu_4080_p2         |         +|   0|  0|  24|          17|          17|
    |tmp187_fu_4882_p2        |         +|   0|  0|  25|          18|          18|
    |tmp189_fu_5042_p2        |         +|   0|  0|  24|          17|          17|
    |tmp18_fu_4090_p2         |         +|   0|  0|  24|          17|          17|
    |tmp190_fu_5052_p2        |         +|   0|  0|  24|          17|          17|
    |tmp195_fu_5062_p2        |         +|   0|  0|  24|          17|          17|
    |tmp196_fu_5072_p2        |         +|   0|  0|  24|          17|          17|
    |tmp198_fu_4914_p2        |         +|   0|  0|  18|          18|          18|
    |tmp19_fu_4126_p2         |         +|   0|  0|  25|          18|          18|
    |tmp1_fu_3990_p2          |         +|   0|  0|  24|          17|          17|
    |tmp203_fu_4946_p2        |         +|   0|  0|  25|          18|          18|
    |tmp207_fu_4972_p2        |         +|   0|  0|  25|          18|          18|
    |tmp209_fu_5122_p2        |         +|   0|  0|  24|          17|          17|
    |tmp20_fu_4146_p2         |         +|   0|  0|  25|          18|          18|
    |tmp210_fu_5132_p2        |         +|   0|  0|  24|          17|          17|
    |tmp213_fu_4994_p2        |         +|   0|  0|  18|          18|          18|
    |tmp215_fu_5234_p2        |         +|   0|  0|  24|          17|          17|
    |tmp216_fu_5244_p2        |         +|   0|  0|  24|          17|          17|
    |tmp218_fu_5010_p2        |         +|   0|  0|  18|          18|          18|
    |tmp22_fu_4016_p2         |         +|   0|  0|  18|          18|          18|
    |tmp231_fu_5082_p2        |         +|   0|  0|  25|          18|          18|
    |tmp232_fu_5112_p2        |         +|   0|  0|  30|          23|          23|
    |tmp235_fu_5142_p2        |         +|   0|  0|  25|          18|          18|
    |tmp237_fu_5296_p2        |         +|   0|  0|  24|          17|          17|
    |tmp238_fu_5306_p2        |         +|   0|  0|  24|          17|          17|
    |tmp240_fu_5184_p2        |         +|   0|  0|  18|          18|          18|
    |tmp243_fu_5406_p2        |         +|   0|  0|  24|          17|          17|
    |tmp244_fu_5416_p2        |         +|   0|  0|  24|          17|          17|
    |tmp249_fu_5444_p2        |         +|   0|  0|  24|          17|          17|
    |tmp250_fu_5454_p2        |         +|   0|  0|  24|          17|          17|
    |tmp252_fu_5222_p2        |         +|   0|  0|  18|          18|          18|
    |tmp257_fu_5254_p2        |         +|   0|  0|  25|          18|          18|
    |tmp25_fu_4038_p2         |         +|   0|  0|  19|          19|          19|
    |tmp261_fu_5316_p2        |         +|   0|  0|  25|          18|          18|
    |tmp262_fu_5346_p2        |         +|   0|  0|  24|          24|          24|
    |tmp263_fu_5552_p2        |         +|   0|  0|  24|          17|          17|
    |tmp264_fu_5562_p2        |         +|   0|  0|  24|          17|          17|
    |tmp269_fu_5608_p2        |         +|   0|  0|  24|          17|          17|
    |tmp270_fu_5618_p2        |         +|   0|  0|  24|          17|          17|
    |tmp272_fu_5378_p2        |         +|   0|  0|  18|          18|          18|
    |tmp283_fu_5426_p2        |         +|   0|  0|  25|          18|          18|
    |tmp287_fu_5464_p2        |         +|   0|  0|  25|          18|          18|
    |tmp293_fu_5516_p2        |         +|   0|  0|  18|          18|          18|
    |tmp297_fu_5572_p2        |         +|   0|  0|  25|          18|          18|
    |tmp298_fu_5602_p2        |         +|   0|  0|  24|          24|          24|
    |tmp2_fu_4070_p2          |         +|   0|  0|  25|          18|          18|
    |tmp333_fu_5628_p2        |         +|   0|  0|  24|          17|          17|
    |tmp341_fu_5634_p2        |         +|   0|  0|  24|          17|          17|
    |tmp35_fu_4110_p2         |         +|   0|  0|  26|          19|          19|
    |tmp361_fu_5640_p2        |         +|   0|  0|  24|          17|          17|
    |tmp363_fu_5646_p2        |         +|   0|  0|  24|          17|          17|
    |tmp367_fu_5652_p2        |         +|   0|  0|  24|          17|          17|
    |tmp369_fu_5658_p2        |         +|   0|  0|  24|          17|          17|
    |tmp375_fu_5664_p2        |         +|   0|  0|  24|          17|          17|
    |tmp37_fu_4136_p2         |         +|   0|  0|  24|          17|          17|
    |tmp385_fu_5670_p2        |         +|   0|  0|  24|          17|          17|
    |tmp38_fu_4188_p2         |         +|   0|  0|  25|          18|          18|
    |tmp3_fu_4050_p2          |         +|   0|  0|  24|          17|          17|
    |tmp405_fu_5676_p2        |         +|   0|  0|  24|          17|          17|
    |tmp413_fu_5682_p2        |         +|   0|  0|  24|          17|          17|
    |tmp423_fu_5688_p2        |         +|   0|  0|  24|          17|          17|
    |tmp431_fu_5694_p2        |         +|   0|  0|  24|          17|          17|
    |tmp439_fu_5700_p2        |         +|   0|  0|  24|          17|          17|
    |tmp43_fu_4156_p2         |         +|   0|  0|  19|          19|          19|
    |tmp443_fu_5706_p2        |         +|   0|  0|  24|          17|          17|
    |tmp4_fu_4060_p2          |         +|   0|  0|  24|          17|          17|
    |tmp53_fu_4228_p2         |         +|   0|  0|  26|          19|          19|
    |tmp55_fu_4168_p2         |         +|   0|  0|  24|          17|          17|
    |tmp56_fu_4178_p2         |         +|   0|  0|  24|          17|          17|
    |tmp57_fu_4218_p2         |         +|   0|  0|  25|          18|          18|
    |tmp58_fu_4198_p2         |         +|   0|  0|  24|          17|          17|
    |tmp5_fu_4100_p2          |         +|   0|  0|  25|          18|          18|
    |tmp62_fu_4264_p2         |         +|   0|  0|  19|          19|          19|
    |tmp64_fu_4276_p2         |         +|   0|  0|  19|          19|          19|
    |tmp67_fu_4208_p2         |         +|   0|  0|  24|          17|          17|
    |tmp68_fu_4254_p2         |         +|   0|  0|  24|          17|          17|
    |tmp69_fu_4308_p2         |         +|   0|  0|  24|          17|          17|
    |tmp70_fu_4362_p2         |         +|   0|  0|  24|          17|          17|
    |tmp74_fu_4318_p2         |         +|   0|  0|  19|          19|          19|
    |tmp77_fu_4336_p2         |         +|   0|  0|  19|          19|          19|
    |tmp78_fu_9358_p2         |         +|   0|  0|  34|          27|          27|
    |tmp79_fu_4406_p2         |         +|   0|  0|  25|          18|          18|
    |tmp7_fu_3940_p2          |         +|   0|  0|  18|          18|          18|
    |tmp80_fu_4396_p2         |         +|   0|  0|  24|          17|          17|
    |tmp81_fu_4426_p2         |         +|   0|  0|  25|          18|          18|
    |tmp82_fu_4416_p2         |         +|   0|  0|  24|          17|          17|
    |tmp86_fu_4372_p2         |         +|   0|  0|  19|          19|          19|
    |tmp89_fu_4390_p2         |         +|   0|  0|  19|          19|          19|
    |tmp95_fu_4436_p2         |         +|   0|  0|  26|          19|          19|
    |tmp97_fu_4500_p2         |         +|   0|  0|  24|          17|          17|
    |tmp98_fu_4576_p2         |         +|   0|  0|  25|          18|          18|
    |tmp99_fu_4566_p2         |         +|   0|  0|  24|          17|          17|
    |tmp_fu_3924_p2           |         +|   0|  0|  24|          17|          17|
    |grp_fu_10006_p3          |         -|   0|  0|  31|          24|          24|
    |grp_fu_10017_p3          |         -|   0|  0|  32|          25|          25|
    |grp_fu_10152_p3          |         -|   0|  0|  34|          27|          27|
    |grp_fu_10237_p3          |         -|   0|  0|  34|          27|          27|
    |grp_fu_10313_p3          |         -|   0|  0|  26|          26|          26|
    |grp_fu_10324_p3          |         -|   0|  0|  33|          26|          26|
    |grp_fu_9860_p0           |         -|   0|  0|  19|          19|          19|
    |grp_fu_9871_p0           |         -|   0|  0|  19|          19|          19|
    |grp_fu_9882_p0           |         -|   0|  0|  26|          19|          19|
    |grp_fu_9904_p0           |         -|   0|  0|  26|          19|          19|
    |grp_fu_9962_p0           |         -|   0|  0|  25|          18|          18|
    |grp_fu_9995_p3           |         -|   0|  0|  25|          25|          25|
    |p_neg533_fu_8995_p2      |         -|   0|  0|  26|           1|          26|
    |p_neg553_fu_8753_p2      |         -|   0|  0|  26|           1|          26|
    |p_neg572_fu_5272_p2      |         -|   0|  0|  24|           1|          24|
    |p_neg595_fu_8390_p2      |         -|   0|  0|  27|           1|          27|
    |p_neg604_fu_8304_p2      |         -|   0|  0|  25|           1|          25|
    |sub_ln26_fu_5724_p2      |         -|   0|  0|  22|          22|          22|
    |tmp102_fu_4452_p2        |         -|   0|  0|  18|          18|          18|
    |tmp10_fu_3962_p2         |         -|   0|  0|  19|          19|          19|
    |tmp110_fu_4484_p2        |         -|   0|  0|  18|          18|          18|
    |tmp111_fu_4490_p2        |         -|   0|  0|  18|          18|          18|
    |tmp11_fu_3968_p2         |         -|   0|  0|  19|          19|          19|
    |tmp120_fu_4520_p2        |         -|   0|  0|  18|          18|          18|
    |tmp134_fu_4622_p2        |         -|   0|  0|  18|          18|          18|
    |tmp135_fu_4628_p2        |         -|   0|  0|  18|          18|          18|
    |tmp13_fu_3984_p2         |         -|   0|  0|  20|          20|          20|
    |tmp143_fu_4648_p2        |         -|   0|  0|  24|          17|          17|
    |tmp144_fu_4658_p2        |         -|   0|  0|  18|          18|          18|
    |tmp145_fu_4664_p2        |         -|   0|  0|  18|          18|          18|
    |tmp147_fu_4680_p2        |         -|   0|  0|  19|          19|          19|
    |tmp148_fu_8450_p2        |         -|   0|  0|  31|          24|          24|
    |tmp158_fu_4736_p2        |         -|   0|  0|  18|          18|          18|
    |tmp159_fu_4742_p2        |         -|   0|  0|  18|          18|          18|
    |tmp169_fu_4788_p2        |         -|   0|  0|  24|          17|          17|
    |tmp16_fu_9330_p2         |         -|   0|  0|  34|          27|          27|
    |tmp170_fu_4798_p2        |         -|   0|  0|  18|          18|          18|
    |tmp191_fu_4888_p2        |         -|   0|  0|  24|          17|          17|
    |tmp197_fu_4904_p2        |         -|   0|  0|  24|          17|          17|
    |tmp199_fu_4920_p2        |         -|   0|  0|  18|          18|          18|
    |tmp208_fu_8592_p2        |         -|   0|  0|  32|           1|          25|
    |tmp211_fu_4978_p2        |         -|   0|  0|  24|          17|          17|
    |tmp212_fu_4988_p2        |         -|   0|  0|  18|          18|          18|
    |tmp214_fu_8624_p2        |         -|   0|  0|  33|          26|          26|
    |tmp217_fu_5000_p2        |         -|   0|  0|  24|          17|          17|
    |tmp219_fu_5016_p2        |         -|   0|  0|  18|          18|          18|
    |tmp21_fu_4006_p2         |         -|   0|  0|  24|          17|          17|
    |tmp236_fu_5168_p2        |         -|   0|  0|  24|          24|          24|
    |tmp239_fu_5174_p2        |         -|   0|  0|  24|          17|          17|
    |tmp23_fu_4022_p2         |         -|   0|  0|  18|          18|          18|
    |tmp241_fu_5190_p2        |         -|   0|  0|  18|          18|          18|
    |tmp245_fu_5196_p2        |         -|   0|  0|  24|          17|          17|
    |tmp24_fu_4032_p2         |         -|   0|  0|  26|          19|          19|
    |tmp251_fu_5212_p2        |         -|   0|  0|  24|          17|          17|
    |tmp253_fu_5228_p2        |         -|   0|  0|  18|          18|          18|
    |tmp258_fu_5290_p2        |         -|   0|  0|  24|          24|          24|
    |tmp265_fu_5352_p2        |         -|   0|  0|  24|          17|          17|
    |tmp271_fu_5368_p2        |         -|   0|  0|  24|          17|          17|
    |tmp273_fu_5384_p2        |         -|   0|  0|  18|          18|          18|
    |tmp277_fu_5390_p2        |         -|   0|  0|  24|          17|          17|
    |tmp288_fu_5494_p2        |         -|   0|  0|  22|          22|          22|
    |tmp291_fu_5500_p2        |         -|   0|  0|  24|          17|          17|
    |tmp292_fu_5510_p2        |         -|   0|  0|  18|          18|          18|
    |tmp294_fu_5546_p2        |         -|   0|  0|  31|          24|          24|
    |tmp334_fu_9375_p2        |         -|   0|  0|  27|           1|          20|
    |tmp362_fu_8770_p2        |         -|   0|  0|  26|          26|          26|
    |tmp364_fu_9107_p2        |         -|   0|  0|  32|          25|          25|
    |tmp36_fu_8283_p2         |         -|   0|  0|  28|           1|          21|
    |tmp39_fu_4116_p2         |         -|   0|  0|  24|          17|          17|
    |tmp414_fu_8942_p2        |         -|   0|  0|  33|          26|          26|
    |tmp424_fu_8974_p2        |         -|   0|  0|  31|          24|          24|
    |tmp440_fu_9040_p2        |         -|   0|  0|  29|          22|          22|
    |tmp444_fu_9072_p2        |         -|   0|  0|  31|          24|          24|
    |tmp59_fu_4234_p2         |         -|   0|  0|  24|          17|          17|
    |tmp60_fu_4244_p2         |         -|   0|  0|  25|          18|          18|
    |tmp63_fu_4270_p2         |         -|   0|  0|  19|          19|          19|
    |tmp65_fu_4282_p2         |         -|   0|  0|  19|          19|          19|
    |tmp6_fu_3934_p2          |         -|   0|  0|  18|          18|          18|
    |tmp71_fu_4288_p2         |         -|   0|  0|  24|          17|          17|
    |tmp72_fu_4298_p2         |         -|   0|  0|  25|          18|          18|
    |tmp75_fu_4324_p2         |         -|   0|  0|  19|          19|          19|
    |tmp76_fu_4330_p2         |         -|   0|  0|  19|          19|          19|
    |tmp83_fu_4342_p2         |         -|   0|  0|  24|          17|          17|
    |tmp84_fu_4352_p2         |         -|   0|  0|  25|          18|          18|
    |tmp87_fu_4378_p2         |         -|   0|  0|  19|          19|          19|
    |tmp88_fu_4384_p2         |         -|   0|  0|  19|          19|          19|
    |tmp8_fu_3950_p2          |         -|   0|  0|  19|          19|          19|
    |tmp96_fu_8407_p2         |         -|   0|  0|  27|          27|          27|
    |tmp9_fu_3956_p2          |         -|   0|  0|  19|          19|          19|
    |ap_enable_pp0            |       xor|   0|  0|   2|           1|           2|
    +-------------------------+----------+----+---+----+------------+------------+
    |Total                    |          |   0|  0|7600|        5978|        6165|
    +-------------------------+----------+----+---+----+------------+------------+

    * Multiplexer: 
    N/A

    * Register: 
    +-----------------------------------------------------+----+----+-----+-----------+
    |                         Name                        | FF | LUT| Bits| Const Bits|
    +-----------------------------------------------------+----+----+-----+-----------+
    |add_ln26_101_reg_11460                               |  28|   0|   28|          0|
    |add_ln26_106_reg_11120                               |  24|   0|   25|          1|
    |add_ln26_107_reg_11465                               |  26|   0|   26|          0|
    |add_ln26_111_reg_11470                               |  27|   0|   27|          0|
    |add_ln26_116_reg_11520                               |  29|   0|   29|          0|
    |add_ln26_12_reg_11485                                |  31|   0|   31|          0|
    |add_ln26_16_reg_11390                                |  29|   0|   29|          0|
    |add_ln26_24_reg_11395                                |  27|   0|   27|          0|
    |add_ln26_27_reg_11490                                |  31|   0|   31|          0|
    |add_ln26_34_reg_11400                                |  29|   0|   29|          0|
    |add_ln26_38_reg_11405                                |  27|   0|   27|          0|
    |add_ln26_46_reg_11415                                |  27|   0|   27|          0|
    |add_ln26_4_reg_11480                                 |  31|   0|   31|          0|
    |add_ln26_51_reg_11420                                |  28|   0|   28|          0|
    |add_ln26_53_reg_11425                                |  27|   0|   27|          0|
    |add_ln26_57_reg_11495                                |  31|   0|   31|          0|
    |add_ln26_61_reg_11430                                |  25|   0|   25|          0|
    |add_ln26_63_reg_11505                                |  27|   0|   27|          0|
    |add_ln26_66_reg_11435                                |  26|   0|   26|          0|
    |add_ln26_70_reg_11440                                |  27|   0|   27|          0|
    |add_ln26_71_reg_11510                                |  28|   0|   28|          0|
    |add_ln26_77_reg_11450                                |  27|   0|   27|          0|
    |add_ln26_85_reg_11455                                |  28|   0|   28|          0|
    |add_ln26_86_reg_11515                                |  29|   0|   29|          0|
    |add_ln26_88_reg_11110                                |  23|   0|   24|          1|
    |add_ln26_88_reg_11110_pp0_iter1_reg                  |  23|   0|   24|          1|
    |add_ln26_95_reg_11115                                |  23|   0|   24|          1|
    |ap_CS_fsm                                            |   1|   0|    1|          0|
    |ap_enable_reg_pp0_iter1                              |   1|   0|    1|          0|
    |ap_enable_reg_pp0_iter2                              |   1|   0|    1|          0|
    |ap_enable_reg_pp0_iter3                              |   1|   0|    1|          0|
    |ap_enable_reg_pp0_iter4                              |   1|   0|    1|          0|
    |ap_enable_reg_pp0_iter5                              |   1|   0|    1|          0|
    |p_ZL12H_filter_FIR_0                                 |  16|   0|   16|          0|
    |p_ZL12H_filter_FIR_1                                 |  16|   0|   16|          0|
    |p_ZL12H_filter_FIR_10                                |  16|   0|   16|          0|
    |p_ZL12H_filter_FIR_100                               |  16|   0|   16|          0|
    |p_ZL12H_filter_FIR_101                               |  16|   0|   16|          0|
    |p_ZL12H_filter_FIR_102                               |  16|   0|   16|          0|
    |p_ZL12H_filter_FIR_103                               |  16|   0|   16|          0|
    |p_ZL12H_filter_FIR_104                               |  16|   0|   16|          0|
    |p_ZL12H_filter_FIR_104_load_reg_10883                |  16|   0|   16|          0|
    |p_ZL12H_filter_FIR_105                               |  16|   0|   16|          0|
    |p_ZL12H_filter_FIR_106                               |  16|   0|   16|          0|
    |p_ZL12H_filter_FIR_107                               |  16|   0|   16|          0|
    |p_ZL12H_filter_FIR_108                               |  16|   0|   16|          0|
    |p_ZL12H_filter_FIR_109                               |  16|   0|   16|          0|
    |p_ZL12H_filter_FIR_11                                |  16|   0|   16|          0|
    |p_ZL12H_filter_FIR_110                               |  16|   0|   16|          0|
    |p_ZL12H_filter_FIR_111                               |  16|   0|   16|          0|
    |p_ZL12H_filter_FIR_112                               |  16|   0|   16|          0|
    |p_ZL12H_filter_FIR_113                               |  16|   0|   16|          0|
    |p_ZL12H_filter_FIR_114                               |  16|   0|   16|          0|
    |p_ZL12H_filter_FIR_114_load_reg_10878                |  16|   0|   16|          0|
    |p_ZL12H_filter_FIR_115                               |  16|   0|   16|          0|
    |p_ZL12H_filter_FIR_116                               |  16|   0|   16|          0|
    |p_ZL12H_filter_FIR_116_load_reg_10873                |  16|   0|   16|          0|
    |p_ZL12H_filter_FIR_116_load_reg_10873_pp0_iter1_reg  |  16|   0|   16|          0|
    |p_ZL12H_filter_FIR_117                               |  16|   0|   16|          0|
    |p_ZL12H_filter_FIR_118                               |  16|   0|   16|          0|
    |p_ZL12H_filter_FIR_119                               |  16|   0|   16|          0|
    |p_ZL12H_filter_FIR_12                                |  16|   0|   16|          0|
    |p_ZL12H_filter_FIR_120                               |  16|   0|   16|          0|
    |p_ZL12H_filter_FIR_121                               |  16|   0|   16|          0|
    |p_ZL12H_filter_FIR_122                               |  16|   0|   16|          0|
    |p_ZL12H_filter_FIR_122_load_reg_10868                |  16|   0|   16|          0|
    |p_ZL12H_filter_FIR_123                               |  16|   0|   16|          0|
    |p_ZL12H_filter_FIR_124                               |  16|   0|   16|          0|
    |p_ZL12H_filter_FIR_125                               |  16|   0|   16|          0|
    |p_ZL12H_filter_FIR_126                               |  16|   0|   16|          0|
    |p_ZL12H_filter_FIR_127                               |  16|   0|   16|          0|
    |p_ZL12H_filter_FIR_128                               |  16|   0|   16|          0|
    |p_ZL12H_filter_FIR_129                               |  16|   0|   16|          0|
    |p_ZL12H_filter_FIR_13                                |  16|   0|   16|          0|
    |p_ZL12H_filter_FIR_130                               |  16|   0|   16|          0|
    |p_ZL12H_filter_FIR_131                               |  16|   0|   16|          0|
    |p_ZL12H_filter_FIR_132                               |  16|   0|   16|          0|
    |p_ZL12H_filter_FIR_132_load_reg_10863                |  16|   0|   16|          0|
    |p_ZL12H_filter_FIR_133                               |  16|   0|   16|          0|
    |p_ZL12H_filter_FIR_134                               |  16|   0|   16|          0|
    |p_ZL12H_filter_FIR_135                               |  16|   0|   16|          0|
    |p_ZL12H_filter_FIR_136                               |  16|   0|   16|          0|
    |p_ZL12H_filter_FIR_137                               |  16|   0|   16|          0|
    |p_ZL12H_filter_FIR_138                               |  16|   0|   16|          0|
    |p_ZL12H_filter_FIR_139                               |  16|   0|   16|          0|
    |p_ZL12H_filter_FIR_14                                |  16|   0|   16|          0|
    |p_ZL12H_filter_FIR_140                               |  16|   0|   16|          0|
    |p_ZL12H_filter_FIR_141                               |  16|   0|   16|          0|
    |p_ZL12H_filter_FIR_142                               |  16|   0|   16|          0|
    |p_ZL12H_filter_FIR_142_load_reg_10858                |  16|   0|   16|          0|
    |p_ZL12H_filter_FIR_143                               |  16|   0|   16|          0|
    |p_ZL12H_filter_FIR_144                               |  16|   0|   16|          0|
    |p_ZL12H_filter_FIR_144_load_reg_10853                |  16|   0|   16|          0|
    |p_ZL12H_filter_FIR_145                               |  16|   0|   16|          0|
    |p_ZL12H_filter_FIR_146                               |  16|   0|   16|          0|
    |p_ZL12H_filter_FIR_147                               |  16|   0|   16|          0|
    |p_ZL12H_filter_FIR_148                               |  16|   0|   16|          0|
    |p_ZL12H_filter_FIR_149                               |  16|   0|   16|          0|
    |p_ZL12H_filter_FIR_15                                |  16|   0|   16|          0|
    |p_ZL12H_filter_FIR_150                               |  16|   0|   16|          0|
    |p_ZL12H_filter_FIR_151                               |  16|   0|   16|          0|
    |p_ZL12H_filter_FIR_151_load_reg_10848                |  16|   0|   16|          0|
    |p_ZL12H_filter_FIR_152                               |  16|   0|   16|          0|
    |p_ZL12H_filter_FIR_153                               |  16|   0|   16|          0|
    |p_ZL12H_filter_FIR_153_load_reg_10843                |  16|   0|   16|          0|
    |p_ZL12H_filter_FIR_154                               |  16|   0|   16|          0|
    |p_ZL12H_filter_FIR_155                               |  16|   0|   16|          0|
    |p_ZL12H_filter_FIR_156                               |  16|   0|   16|          0|
    |p_ZL12H_filter_FIR_157                               |  16|   0|   16|          0|
    |p_ZL12H_filter_FIR_158                               |  16|   0|   16|          0|
    |p_ZL12H_filter_FIR_159                               |  16|   0|   16|          0|
    |p_ZL12H_filter_FIR_16                                |  16|   0|   16|          0|
    |p_ZL12H_filter_FIR_160                               |  16|   0|   16|          0|
    |p_ZL12H_filter_FIR_161                               |  16|   0|   16|          0|
    |p_ZL12H_filter_FIR_162                               |  16|   0|   16|          0|
    |p_ZL12H_filter_FIR_163                               |  16|   0|   16|          0|
    |p_ZL12H_filter_FIR_164                               |  16|   0|   16|          0|
    |p_ZL12H_filter_FIR_165                               |  16|   0|   16|          0|
    |p_ZL12H_filter_FIR_166                               |  16|   0|   16|          0|
    |p_ZL12H_filter_FIR_167                               |  16|   0|   16|          0|
    |p_ZL12H_filter_FIR_167_load_reg_10838                |  16|   0|   16|          0|
    |p_ZL12H_filter_FIR_168                               |  16|   0|   16|          0|
    |p_ZL12H_filter_FIR_169                               |  16|   0|   16|          0|
    |p_ZL12H_filter_FIR_169_load_reg_10833                |  16|   0|   16|          0|
    |p_ZL12H_filter_FIR_17                                |  16|   0|   16|          0|
    |p_ZL12H_filter_FIR_170                               |  16|   0|   16|          0|
    |p_ZL12H_filter_FIR_171                               |  16|   0|   16|          0|
    |p_ZL12H_filter_FIR_171_load_reg_10828                |  16|   0|   16|          0|
    |p_ZL12H_filter_FIR_172                               |  16|   0|   16|          0|
    |p_ZL12H_filter_FIR_173                               |  16|   0|   16|          0|
    |p_ZL12H_filter_FIR_174                               |  16|   0|   16|          0|
    |p_ZL12H_filter_FIR_174_load_reg_10823                |  16|   0|   16|          0|
    |p_ZL12H_filter_FIR_175                               |  16|   0|   16|          0|
    |p_ZL12H_filter_FIR_176                               |  16|   0|   16|          0|
    |p_ZL12H_filter_FIR_177                               |  16|   0|   16|          0|
    |p_ZL12H_filter_FIR_178                               |  16|   0|   16|          0|
    |p_ZL12H_filter_FIR_179                               |  16|   0|   16|          0|
    |p_ZL12H_filter_FIR_179_load_reg_10818                |  16|   0|   16|          0|
    |p_ZL12H_filter_FIR_18                                |  16|   0|   16|          0|
    |p_ZL12H_filter_FIR_180                               |  16|   0|   16|          0|
    |p_ZL12H_filter_FIR_181                               |  16|   0|   16|          0|
    |p_ZL12H_filter_FIR_181_load_reg_10813                |  16|   0|   16|          0|
    |p_ZL12H_filter_FIR_182                               |  16|   0|   16|          0|
    |p_ZL12H_filter_FIR_183                               |  16|   0|   16|          0|
    |p_ZL12H_filter_FIR_183_load_reg_10808                |  16|   0|   16|          0|
    |p_ZL12H_filter_FIR_184                               |  16|   0|   16|          0|
    |p_ZL12H_filter_FIR_185                               |  16|   0|   16|          0|
    |p_ZL12H_filter_FIR_185_load_reg_10803                |  16|   0|   16|          0|
    |p_ZL12H_filter_FIR_186                               |  16|   0|   16|          0|
    |p_ZL12H_filter_FIR_187                               |  16|   0|   16|          0|
    |p_ZL12H_filter_FIR_187_load_reg_10798                |  16|   0|   16|          0|
    |p_ZL12H_filter_FIR_188                               |  16|   0|   16|          0|
    |p_ZL12H_filter_FIR_189                               |  16|   0|   16|          0|
    |p_ZL12H_filter_FIR_189_load_reg_10793                |  16|   0|   16|          0|
    |p_ZL12H_filter_FIR_19                                |  16|   0|   16|          0|
    |p_ZL12H_filter_FIR_190                               |  16|   0|   16|          0|
    |p_ZL12H_filter_FIR_191                               |  16|   0|   16|          0|
    |p_ZL12H_filter_FIR_191_load_reg_10788                |  16|   0|   16|          0|
    |p_ZL12H_filter_FIR_192                               |  16|   0|   16|          0|
    |p_ZL12H_filter_FIR_193                               |  16|   0|   16|          0|
    |p_ZL12H_filter_FIR_193_load_reg_10783                |  16|   0|   16|          0|
    |p_ZL12H_filter_FIR_194                               |  16|   0|   16|          0|
    |p_ZL12H_filter_FIR_194_load_reg_10778                |  16|   0|   16|          0|
    |p_ZL12H_filter_FIR_194_load_reg_10778_pp0_iter1_reg  |  16|   0|   16|          0|
    |p_ZL12H_filter_FIR_195                               |  16|   0|   16|          0|
    |p_ZL12H_filter_FIR_196                               |  16|   0|   16|          0|
    |p_ZL12H_filter_FIR_197                               |  16|   0|   16|          0|
    |p_ZL12H_filter_FIR_197_load_reg_10773                |  16|   0|   16|          0|
    |p_ZL12H_filter_FIR_197_load_reg_10773_pp0_iter1_reg  |  16|   0|   16|          0|
    |p_ZL12H_filter_FIR_198                               |  16|   0|   16|          0|
    |p_ZL12H_filter_FIR_198_load_reg_10768                |  16|   0|   16|          0|
    |p_ZL12H_filter_FIR_199                               |  16|   0|   16|          0|
    |p_ZL12H_filter_FIR_1_load_reg_10898                  |  16|   0|   16|          0|
    |p_ZL12H_filter_FIR_2                                 |  16|   0|   16|          0|
    |p_ZL12H_filter_FIR_20                                |  16|   0|   16|          0|
    |p_ZL12H_filter_FIR_200                               |  16|   0|   16|          0|
    |p_ZL12H_filter_FIR_200_load_reg_10763                |  16|   0|   16|          0|
    |p_ZL12H_filter_FIR_201                               |  16|   0|   16|          0|
    |p_ZL12H_filter_FIR_202                               |  16|   0|   16|          0|
    |p_ZL12H_filter_FIR_202_load_reg_10758                |  16|   0|   16|          0|
    |p_ZL12H_filter_FIR_203                               |  16|   0|   16|          0|
    |p_ZL12H_filter_FIR_204                               |  16|   0|   16|          0|
    |p_ZL12H_filter_FIR_204_load_reg_10753                |  16|   0|   16|          0|
    |p_ZL12H_filter_FIR_205                               |  16|   0|   16|          0|
    |p_ZL12H_filter_FIR_206                               |  16|   0|   16|          0|
    |p_ZL12H_filter_FIR_206_load_reg_10748                |  16|   0|   16|          0|
    |p_ZL12H_filter_FIR_207                               |  16|   0|   16|          0|
    |p_ZL12H_filter_FIR_208                               |  16|   0|   16|          0|
    |p_ZL12H_filter_FIR_208_load_reg_10743                |  16|   0|   16|          0|
    |p_ZL12H_filter_FIR_209                               |  16|   0|   16|          0|
    |p_ZL12H_filter_FIR_21                                |  16|   0|   16|          0|
    |p_ZL12H_filter_FIR_210                               |  16|   0|   16|          0|
    |p_ZL12H_filter_FIR_210_load_reg_10738                |  16|   0|   16|          0|
    |p_ZL12H_filter_FIR_211                               |  16|   0|   16|          0|
    |p_ZL12H_filter_FIR_212                               |  16|   0|   16|          0|
    |p_ZL12H_filter_FIR_212_load_reg_10733                |  16|   0|   16|          0|
    |p_ZL12H_filter_FIR_213                               |  16|   0|   16|          0|
    |p_ZL12H_filter_FIR_214                               |  16|   0|   16|          0|
    |p_ZL12H_filter_FIR_215                               |  16|   0|   16|          0|
    |p_ZL12H_filter_FIR_216                               |  16|   0|   16|          0|
    |p_ZL12H_filter_FIR_217                               |  16|   0|   16|          0|
    |p_ZL12H_filter_FIR_217_load_reg_10728                |  16|   0|   16|          0|
    |p_ZL12H_filter_FIR_218                               |  16|   0|   16|          0|
    |p_ZL12H_filter_FIR_219                               |  16|   0|   16|          0|
    |p_ZL12H_filter_FIR_22                                |  16|   0|   16|          0|
    |p_ZL12H_filter_FIR_220                               |  16|   0|   16|          0|
    |p_ZL12H_filter_FIR_220_load_reg_10723                |  16|   0|   16|          0|
    |p_ZL12H_filter_FIR_221                               |  16|   0|   16|          0|
    |p_ZL12H_filter_FIR_222                               |  16|   0|   16|          0|
    |p_ZL12H_filter_FIR_222_load_reg_10718                |  16|   0|   16|          0|
    |p_ZL12H_filter_FIR_223                               |  16|   0|   16|          0|
    |p_ZL12H_filter_FIR_224                               |  16|   0|   16|          0|
    |p_ZL12H_filter_FIR_224_load_reg_10713                |  16|   0|   16|          0|
    |p_ZL12H_filter_FIR_225                               |  16|   0|   16|          0|
    |p_ZL12H_filter_FIR_226                               |  16|   0|   16|          0|
    |p_ZL12H_filter_FIR_227                               |  16|   0|   16|          0|
    |p_ZL12H_filter_FIR_228                               |  16|   0|   16|          0|
    |p_ZL12H_filter_FIR_229                               |  16|   0|   16|          0|
    |p_ZL12H_filter_FIR_23                                |  16|   0|   16|          0|
    |p_ZL12H_filter_FIR_230                               |  16|   0|   16|          0|
    |p_ZL12H_filter_FIR_231                               |  16|   0|   16|          0|
    |p_ZL12H_filter_FIR_232                               |  16|   0|   16|          0|
    |p_ZL12H_filter_FIR_233                               |  16|   0|   16|          0|
    |p_ZL12H_filter_FIR_234                               |  16|   0|   16|          0|
    |p_ZL12H_filter_FIR_235                               |  16|   0|   16|          0|
    |p_ZL12H_filter_FIR_236                               |  16|   0|   16|          0|
    |p_ZL12H_filter_FIR_237                               |  16|   0|   16|          0|
    |p_ZL12H_filter_FIR_238                               |  16|   0|   16|          0|
    |p_ZL12H_filter_FIR_238_load_reg_10708                |  16|   0|   16|          0|
    |p_ZL12H_filter_FIR_239                               |  16|   0|   16|          0|
    |p_ZL12H_filter_FIR_24                                |  16|   0|   16|          0|
    |p_ZL12H_filter_FIR_240                               |  16|   0|   16|          0|
    |p_ZL12H_filter_FIR_240_load_reg_10703                |  16|   0|   16|          0|
    |p_ZL12H_filter_FIR_241                               |  16|   0|   16|          0|
    |p_ZL12H_filter_FIR_242                               |  16|   0|   16|          0|
    |p_ZL12H_filter_FIR_243                               |  16|   0|   16|          0|
    |p_ZL12H_filter_FIR_244                               |  16|   0|   16|          0|
    |p_ZL12H_filter_FIR_245                               |  16|   0|   16|          0|
    |p_ZL12H_filter_FIR_246                               |  16|   0|   16|          0|
    |p_ZL12H_filter_FIR_247                               |  16|   0|   16|          0|
    |p_ZL12H_filter_FIR_247_load_reg_10698                |  16|   0|   16|          0|
    |p_ZL12H_filter_FIR_248                               |  16|   0|   16|          0|
    |p_ZL12H_filter_FIR_249                               |  16|   0|   16|          0|
    |p_ZL12H_filter_FIR_249_load_reg_10693                |  16|   0|   16|          0|
    |p_ZL12H_filter_FIR_25                                |  16|   0|   16|          0|
    |p_ZL12H_filter_FIR_250                               |  16|   0|   16|          0|
    |p_ZL12H_filter_FIR_251                               |  16|   0|   16|          0|
    |p_ZL12H_filter_FIR_252                               |  16|   0|   16|          0|
    |p_ZL12H_filter_FIR_253                               |  16|   0|   16|          0|
    |p_ZL12H_filter_FIR_254                               |  16|   0|   16|          0|
    |p_ZL12H_filter_FIR_255                               |  16|   0|   16|          0|
    |p_ZL12H_filter_FIR_256                               |  16|   0|   16|          0|
    |p_ZL12H_filter_FIR_257                               |  16|   0|   16|          0|
    |p_ZL12H_filter_FIR_258                               |  16|   0|   16|          0|
    |p_ZL12H_filter_FIR_259                               |  16|   0|   16|          0|
    |p_ZL12H_filter_FIR_259_load_reg_10688                |  16|   0|   16|          0|
    |p_ZL12H_filter_FIR_26                                |  16|   0|   16|          0|
    |p_ZL12H_filter_FIR_260                               |  16|   0|   16|          0|
    |p_ZL12H_filter_FIR_261                               |  16|   0|   16|          0|
    |p_ZL12H_filter_FIR_262                               |  16|   0|   16|          0|
    |p_ZL12H_filter_FIR_263                               |  16|   0|   16|          0|
    |p_ZL12H_filter_FIR_264                               |  16|   0|   16|          0|
    |p_ZL12H_filter_FIR_265                               |  16|   0|   16|          0|
    |p_ZL12H_filter_FIR_266                               |  16|   0|   16|          0|
    |p_ZL12H_filter_FIR_267                               |  16|   0|   16|          0|
    |p_ZL12H_filter_FIR_268                               |  16|   0|   16|          0|
    |p_ZL12H_filter_FIR_269                               |  16|   0|   16|          0|
    |p_ZL12H_filter_FIR_269_load_reg_10683                |  16|   0|   16|          0|
    |p_ZL12H_filter_FIR_27                                |  16|   0|   16|          0|
    |p_ZL12H_filter_FIR_270                               |  16|   0|   16|          0|
    |p_ZL12H_filter_FIR_271                               |  16|   0|   16|          0|
    |p_ZL12H_filter_FIR_272                               |  16|   0|   16|          0|
    |p_ZL12H_filter_FIR_273                               |  16|   0|   16|          0|
    |p_ZL12H_filter_FIR_274                               |  16|   0|   16|          0|
    |p_ZL12H_filter_FIR_275                               |  16|   0|   16|          0|
    |p_ZL12H_filter_FIR_275_load_reg_10678                |  16|   0|   16|          0|
    |p_ZL12H_filter_FIR_275_load_reg_10678_pp0_iter1_reg  |  16|   0|   16|          0|
    |p_ZL12H_filter_FIR_276                               |  16|   0|   16|          0|
    |p_ZL12H_filter_FIR_277                               |  16|   0|   16|          0|
    |p_ZL12H_filter_FIR_277_load_reg_10673                |  16|   0|   16|          0|
    |p_ZL12H_filter_FIR_278                               |  16|   0|   16|          0|
    |p_ZL12H_filter_FIR_279                               |  16|   0|   16|          0|
    |p_ZL12H_filter_FIR_28                                |  16|   0|   16|          0|
    |p_ZL12H_filter_FIR_280                               |  16|   0|   16|          0|
    |p_ZL12H_filter_FIR_281                               |  16|   0|   16|          0|
    |p_ZL12H_filter_FIR_282                               |  16|   0|   16|          0|
    |p_ZL12H_filter_FIR_283                               |  16|   0|   16|          0|
    |p_ZL12H_filter_FIR_284                               |  16|   0|   16|          0|
    |p_ZL12H_filter_FIR_285                               |  16|   0|   16|          0|
    |p_ZL12H_filter_FIR_286                               |  16|   0|   16|          0|
    |p_ZL12H_filter_FIR_287                               |  16|   0|   16|          0|
    |p_ZL12H_filter_FIR_287_load_reg_10668                |  16|   0|   16|          0|
    |p_ZL12H_filter_FIR_288                               |  16|   0|   16|          0|
    |p_ZL12H_filter_FIR_289                               |  16|   0|   16|          0|
    |p_ZL12H_filter_FIR_29                                |  16|   0|   16|          0|
    |p_ZL12H_filter_FIR_290                               |  16|   0|   16|          0|
    |p_ZL12H_filter_FIR_291                               |  16|   0|   16|          0|
    |p_ZL12H_filter_FIR_292                               |  16|   0|   16|          0|
    |p_ZL12H_filter_FIR_293                               |  16|   0|   16|          0|
    |p_ZL12H_filter_FIR_294                               |  16|   0|   16|          0|
    |p_ZL12H_filter_FIR_295                               |  16|   0|   16|          0|
    |p_ZL12H_filter_FIR_296                               |  16|   0|   16|          0|
    |p_ZL12H_filter_FIR_297                               |  16|   0|   16|          0|
    |p_ZL12H_filter_FIR_298                               |  16|   0|   16|          0|
    |p_ZL12H_filter_FIR_299                               |  16|   0|   16|          0|
    |p_ZL12H_filter_FIR_3                                 |  16|   0|   16|          0|
    |p_ZL12H_filter_FIR_30                                |  16|   0|   16|          0|
    |p_ZL12H_filter_FIR_300                               |  16|   0|   16|          0|
    |p_ZL12H_filter_FIR_301                               |  16|   0|   16|          0|
    |p_ZL12H_filter_FIR_302                               |  16|   0|   16|          0|
    |p_ZL12H_filter_FIR_302_load_reg_10663                |  16|   0|   16|          0|
    |p_ZL12H_filter_FIR_303                               |  16|   0|   16|          0|
    |p_ZL12H_filter_FIR_304                               |  16|   0|   16|          0|
    |p_ZL12H_filter_FIR_305                               |  16|   0|   16|          0|
    |p_ZL12H_filter_FIR_306                               |  16|   0|   16|          0|
    |p_ZL12H_filter_FIR_307                               |  16|   0|   16|          0|
    |p_ZL12H_filter_FIR_308                               |  16|   0|   16|          0|
    |p_ZL12H_filter_FIR_309                               |  16|   0|   16|          0|
    |p_ZL12H_filter_FIR_31                                |  16|   0|   16|          0|
    |p_ZL12H_filter_FIR_310                               |  16|   0|   16|          0|
    |p_ZL12H_filter_FIR_311                               |  16|   0|   16|          0|
    |p_ZL12H_filter_FIR_312                               |  16|   0|   16|          0|
    |p_ZL12H_filter_FIR_313                               |  16|   0|   16|          0|
    |p_ZL12H_filter_FIR_314                               |  16|   0|   16|          0|
    |p_ZL12H_filter_FIR_315                               |  16|   0|   16|          0|
    |p_ZL12H_filter_FIR_316                               |  16|   0|   16|          0|
    |p_ZL12H_filter_FIR_317                               |  16|   0|   16|          0|
    |p_ZL12H_filter_FIR_318                               |  16|   0|   16|          0|
    |p_ZL12H_filter_FIR_319                               |  16|   0|   16|          0|
    |p_ZL12H_filter_FIR_32                                |  16|   0|   16|          0|
    |p_ZL12H_filter_FIR_320                               |  16|   0|   16|          0|
    |p_ZL12H_filter_FIR_321                               |  16|   0|   16|          0|
    |p_ZL12H_filter_FIR_322                               |  16|   0|   16|          0|
    |p_ZL12H_filter_FIR_323                               |  16|   0|   16|          0|
    |p_ZL12H_filter_FIR_324                               |  16|   0|   16|          0|
    |p_ZL12H_filter_FIR_325                               |  16|   0|   16|          0|
    |p_ZL12H_filter_FIR_326                               |  16|   0|   16|          0|
    |p_ZL12H_filter_FIR_327                               |  16|   0|   16|          0|
    |p_ZL12H_filter_FIR_328                               |  16|   0|   16|          0|
    |p_ZL12H_filter_FIR_329                               |  16|   0|   16|          0|
    |p_ZL12H_filter_FIR_33                                |  16|   0|   16|          0|
    |p_ZL12H_filter_FIR_330                               |  16|   0|   16|          0|
    |p_ZL12H_filter_FIR_331                               |  16|   0|   16|          0|
    |p_ZL12H_filter_FIR_332                               |  16|   0|   16|          0|
    |p_ZL12H_filter_FIR_333                               |  16|   0|   16|          0|
    |p_ZL12H_filter_FIR_334                               |  16|   0|   16|          0|
    |p_ZL12H_filter_FIR_335                               |  16|   0|   16|          0|
    |p_ZL12H_filter_FIR_336                               |  16|   0|   16|          0|
    |p_ZL12H_filter_FIR_337                               |  16|   0|   16|          0|
    |p_ZL12H_filter_FIR_338                               |  16|   0|   16|          0|
    |p_ZL12H_filter_FIR_339                               |  16|   0|   16|          0|
    |p_ZL12H_filter_FIR_34                                |  16|   0|   16|          0|
    |p_ZL12H_filter_FIR_340                               |  16|   0|   16|          0|
    |p_ZL12H_filter_FIR_341                               |  16|   0|   16|          0|
    |p_ZL12H_filter_FIR_342                               |  16|   0|   16|          0|
    |p_ZL12H_filter_FIR_343                               |  16|   0|   16|          0|
    |p_ZL12H_filter_FIR_344                               |  16|   0|   16|          0|
    |p_ZL12H_filter_FIR_345                               |  16|   0|   16|          0|
    |p_ZL12H_filter_FIR_346                               |  16|   0|   16|          0|
    |p_ZL12H_filter_FIR_347                               |  16|   0|   16|          0|
    |p_ZL12H_filter_FIR_348                               |  16|   0|   16|          0|
    |p_ZL12H_filter_FIR_349                               |  16|   0|   16|          0|
    |p_ZL12H_filter_FIR_35                                |  16|   0|   16|          0|
    |p_ZL12H_filter_FIR_350                               |  16|   0|   16|          0|
    |p_ZL12H_filter_FIR_351                               |  16|   0|   16|          0|
    |p_ZL12H_filter_FIR_352                               |  16|   0|   16|          0|
    |p_ZL12H_filter_FIR_353                               |  16|   0|   16|          0|
    |p_ZL12H_filter_FIR_354                               |  16|   0|   16|          0|
    |p_ZL12H_filter_FIR_355                               |  16|   0|   16|          0|
    |p_ZL12H_filter_FIR_356                               |  16|   0|   16|          0|
    |p_ZL12H_filter_FIR_357                               |  16|   0|   16|          0|
    |p_ZL12H_filter_FIR_358                               |  16|   0|   16|          0|
    |p_ZL12H_filter_FIR_359                               |  16|   0|   16|          0|
    |p_ZL12H_filter_FIR_36                                |  16|   0|   16|          0|
    |p_ZL12H_filter_FIR_360                               |  16|   0|   16|          0|
    |p_ZL12H_filter_FIR_361                               |  16|   0|   16|          0|
    |p_ZL12H_filter_FIR_362                               |  16|   0|   16|          0|
    |p_ZL12H_filter_FIR_363                               |  16|   0|   16|          0|
    |p_ZL12H_filter_FIR_364                               |  16|   0|   16|          0|
    |p_ZL12H_filter_FIR_365                               |  16|   0|   16|          0|
    |p_ZL12H_filter_FIR_366                               |  16|   0|   16|          0|
    |p_ZL12H_filter_FIR_367                               |  16|   0|   16|          0|
    |p_ZL12H_filter_FIR_368                               |  16|   0|   16|          0|
    |p_ZL12H_filter_FIR_369                               |  16|   0|   16|          0|
    |p_ZL12H_filter_FIR_37                                |  16|   0|   16|          0|
    |p_ZL12H_filter_FIR_370                               |  16|   0|   16|          0|
    |p_ZL12H_filter_FIR_371                               |  16|   0|   16|          0|
    |p_ZL12H_filter_FIR_372                               |  16|   0|   16|          0|
    |p_ZL12H_filter_FIR_373                               |  16|   0|   16|          0|
    |p_ZL12H_filter_FIR_374                               |  16|   0|   16|          0|
    |p_ZL12H_filter_FIR_375                               |  16|   0|   16|          0|
    |p_ZL12H_filter_FIR_376                               |  16|   0|   16|          0|
    |p_ZL12H_filter_FIR_377                               |  16|   0|   16|          0|
    |p_ZL12H_filter_FIR_378                               |  16|   0|   16|          0|
    |p_ZL12H_filter_FIR_379                               |  16|   0|   16|          0|
    |p_ZL12H_filter_FIR_38                                |  16|   0|   16|          0|
    |p_ZL12H_filter_FIR_380                               |  16|   0|   16|          0|
    |p_ZL12H_filter_FIR_381                               |  16|   0|   16|          0|
    |p_ZL12H_filter_FIR_382                               |  16|   0|   16|          0|
    |p_ZL12H_filter_FIR_383                               |  16|   0|   16|          0|
    |p_ZL12H_filter_FIR_384                               |  16|   0|   16|          0|
    |p_ZL12H_filter_FIR_385                               |  16|   0|   16|          0|
    |p_ZL12H_filter_FIR_386                               |  16|   0|   16|          0|
    |p_ZL12H_filter_FIR_387                               |  16|   0|   16|          0|
    |p_ZL12H_filter_FIR_387_load_reg_10658                |  16|   0|   16|          0|
    |p_ZL12H_filter_FIR_388                               |  16|   0|   16|          0|
    |p_ZL12H_filter_FIR_389                               |  16|   0|   16|          0|
    |p_ZL12H_filter_FIR_39                                |  16|   0|   16|          0|
    |p_ZL12H_filter_FIR_390                               |  16|   0|   16|          0|
    |p_ZL12H_filter_FIR_4                                 |  16|   0|   16|          0|
    |p_ZL12H_filter_FIR_40                                |  16|   0|   16|          0|
    |p_ZL12H_filter_FIR_41                                |  16|   0|   16|          0|
    |p_ZL12H_filter_FIR_42                                |  16|   0|   16|          0|
    |p_ZL12H_filter_FIR_43                                |  16|   0|   16|          0|
    |p_ZL12H_filter_FIR_44                                |  16|   0|   16|          0|
    |p_ZL12H_filter_FIR_45                                |  16|   0|   16|          0|
    |p_ZL12H_filter_FIR_46                                |  16|   0|   16|          0|
    |p_ZL12H_filter_FIR_47                                |  16|   0|   16|          0|
    |p_ZL12H_filter_FIR_48                                |  16|   0|   16|          0|
    |p_ZL12H_filter_FIR_49                                |  16|   0|   16|          0|
    |p_ZL12H_filter_FIR_4_load_reg_10893                  |  16|   0|   16|          0|
    |p_ZL12H_filter_FIR_5                                 |  16|   0|   16|          0|
    |p_ZL12H_filter_FIR_50                                |  16|   0|   16|          0|
    |p_ZL12H_filter_FIR_51                                |  16|   0|   16|          0|
    |p_ZL12H_filter_FIR_52                                |  16|   0|   16|          0|
    |p_ZL12H_filter_FIR_53                                |  16|   0|   16|          0|
    |p_ZL12H_filter_FIR_54                                |  16|   0|   16|          0|
    |p_ZL12H_filter_FIR_55                                |  16|   0|   16|          0|
    |p_ZL12H_filter_FIR_56                                |  16|   0|   16|          0|
    |p_ZL12H_filter_FIR_57                                |  16|   0|   16|          0|
    |p_ZL12H_filter_FIR_58                                |  16|   0|   16|          0|
    |p_ZL12H_filter_FIR_59                                |  16|   0|   16|          0|
    |p_ZL12H_filter_FIR_6                                 |  16|   0|   16|          0|
    |p_ZL12H_filter_FIR_60                                |  16|   0|   16|          0|
    |p_ZL12H_filter_FIR_61                                |  16|   0|   16|          0|
    |p_ZL12H_filter_FIR_62                                |  16|   0|   16|          0|
    |p_ZL12H_filter_FIR_63                                |  16|   0|   16|          0|
    |p_ZL12H_filter_FIR_64                                |  16|   0|   16|          0|
    |p_ZL12H_filter_FIR_65                                |  16|   0|   16|          0|
    |p_ZL12H_filter_FIR_66                                |  16|   0|   16|          0|
    |p_ZL12H_filter_FIR_67                                |  16|   0|   16|          0|
    |p_ZL12H_filter_FIR_68                                |  16|   0|   16|          0|
    |p_ZL12H_filter_FIR_69                                |  16|   0|   16|          0|
    |p_ZL12H_filter_FIR_7                                 |  16|   0|   16|          0|
    |p_ZL12H_filter_FIR_70                                |  16|   0|   16|          0|
    |p_ZL12H_filter_FIR_71                                |  16|   0|   16|          0|
    |p_ZL12H_filter_FIR_72                                |  16|   0|   16|          0|
    |p_ZL12H_filter_FIR_73                                |  16|   0|   16|          0|
    |p_ZL12H_filter_FIR_74                                |  16|   0|   16|          0|
    |p_ZL12H_filter_FIR_75                                |  16|   0|   16|          0|
    |p_ZL12H_filter_FIR_76                                |  16|   0|   16|          0|
    |p_ZL12H_filter_FIR_77                                |  16|   0|   16|          0|
    |p_ZL12H_filter_FIR_78                                |  16|   0|   16|          0|
    |p_ZL12H_filter_FIR_79                                |  16|   0|   16|          0|
    |p_ZL12H_filter_FIR_8                                 |  16|   0|   16|          0|
    |p_ZL12H_filter_FIR_80                                |  16|   0|   16|          0|
    |p_ZL12H_filter_FIR_81                                |  16|   0|   16|          0|
    |p_ZL12H_filter_FIR_82                                |  16|   0|   16|          0|
    |p_ZL12H_filter_FIR_83                                |  16|   0|   16|          0|
    |p_ZL12H_filter_FIR_84                                |  16|   0|   16|          0|
    |p_ZL12H_filter_FIR_85                                |  16|   0|   16|          0|
    |p_ZL12H_filter_FIR_86                                |  16|   0|   16|          0|
    |p_ZL12H_filter_FIR_87                                |  16|   0|   16|          0|
    |p_ZL12H_filter_FIR_88                                |  16|   0|   16|          0|
    |p_ZL12H_filter_FIR_89                                |  16|   0|   16|          0|
    |p_ZL12H_filter_FIR_89_load_reg_10888                 |  16|   0|   16|          0|
    |p_ZL12H_filter_FIR_9                                 |  16|   0|   16|          0|
    |p_ZL12H_filter_FIR_90                                |  16|   0|   16|          0|
    |p_ZL12H_filter_FIR_91                                |  16|   0|   16|          0|
    |p_ZL12H_filter_FIR_92                                |  16|   0|   16|          0|
    |p_ZL12H_filter_FIR_93                                |  16|   0|   16|          0|
    |p_ZL12H_filter_FIR_94                                |  16|   0|   16|          0|
    |p_ZL12H_filter_FIR_95                                |  16|   0|   16|          0|
    |p_ZL12H_filter_FIR_96                                |  16|   0|   16|          0|
    |p_ZL12H_filter_FIR_97                                |  16|   0|   16|          0|
    |p_ZL12H_filter_FIR_98                                |  16|   0|   16|          0|
    |p_ZL12H_filter_FIR_99                                |  16|   0|   16|          0|
    |tmp1293_reg_10944                                    |  19|   0|   19|          0|
    |tmp1293_reg_10944_pp0_iter1_reg                      |  19|   0|   19|          0|
    |tmp131_reg_10966                                     |  17|   0|   17|          0|
    |tmp132_reg_10971                                     |  17|   0|   17|          0|
    |tmp147_reg_10949                                     |  19|   0|   19|          0|
    |tmp147_reg_10949_pp0_iter1_reg                       |  19|   0|   19|          0|
    |tmp15_reg_10903                                      |  20|   0|   20|          0|
    |tmp165_reg_10955                                     |  18|   0|   18|          0|
    |tmp165_reg_10955_pp0_iter1_reg                       |  18|   0|   18|          0|
    |tmp171_reg_10961                                     |  18|   0|   18|          0|
    |tmp171_reg_10961_pp0_iter1_reg                       |  18|   0|   18|          0|
    |tmp187_reg_10976                                     |  18|   0|   18|          0|
    |tmp187_reg_10976_pp0_iter1_reg                       |  18|   0|   18|          0|
    |tmp199_reg_10982                                     |  18|   0|   18|          0|
    |tmp199_reg_10982_pp0_iter1_reg                       |  18|   0|   18|          0|
    |tmp203_reg_10988                                     |  18|   0|   18|          0|
    |tmp203_reg_10988_pp0_iter1_reg                       |  18|   0|   18|          0|
    |tmp207_reg_10994                                     |  18|   0|   18|          0|
    |tmp207_reg_10994_pp0_iter1_reg                       |  18|   0|   18|          0|
    |tmp213_reg_10999                                     |  18|   0|   18|          0|
    |tmp213_reg_10999_pp0_iter1_reg                       |  18|   0|   18|          0|
    |tmp219_reg_11005                                     |  18|   0|   18|          0|
    |tmp219_reg_11005_pp0_iter1_reg                       |  18|   0|   18|          0|
    |tmp241_reg_11010                                     |  18|   0|   18|          0|
    |tmp241_reg_11010_pp0_iter1_reg                       |  18|   0|   18|          0|
    |tmp253_reg_11015                                     |  18|   0|   18|          0|
    |tmp253_reg_11015_pp0_iter1_reg                       |  18|   0|   18|          0|
    |tmp273_reg_11021                                     |  18|   0|   18|          0|
    |tmp273_reg_11021_pp0_iter1_reg                       |  18|   0|   18|          0|
    |tmp333_reg_11027                                     |  17|   0|   17|          0|
    |tmp341_reg_11032                                     |  17|   0|   17|          0|
    |tmp341_reg_11032_pp0_iter1_reg                       |  17|   0|   17|          0|
    |tmp35_reg_10909                                      |  19|   0|   19|          0|
    |tmp35_reg_10909_pp0_iter1_reg                        |  19|   0|   19|          0|
    |tmp361_reg_11038                                     |  17|   0|   17|          0|
    |tmp361_reg_11038_pp0_iter1_reg                       |  17|   0|   17|          0|
    |tmp363_reg_11044                                     |  17|   0|   17|          0|
    |tmp367_reg_11050                                     |  17|   0|   17|          0|
    |tmp367_reg_11050_pp0_iter1_reg                       |  17|   0|   17|          0|
    |tmp369_reg_11056                                     |  17|   0|   17|          0|
    |tmp369_reg_11056_pp0_iter1_reg                       |  17|   0|   17|          0|
    |tmp375_reg_11062                                     |  17|   0|   17|          0|
    |tmp375_reg_11062_pp0_iter1_reg                       |  17|   0|   17|          0|
    |tmp385_reg_11068                                     |  17|   0|   17|          0|
    |tmp385_reg_11068_pp0_iter1_reg                       |  17|   0|   17|          0|
    |tmp405_reg_11074                                     |  17|   0|   17|          0|
    |tmp405_reg_11074_pp0_iter1_reg                       |  17|   0|   17|          0|
    |tmp413_reg_11080                                     |  17|   0|   17|          0|
    |tmp413_reg_11080_pp0_iter1_reg                       |  17|   0|   17|          0|
    |tmp423_reg_11086                                     |  17|   0|   17|          0|
    |tmp423_reg_11086_pp0_iter1_reg                       |  17|   0|   17|          0|
    |tmp431_reg_11092                                     |  17|   0|   17|          0|
    |tmp431_reg_11092_pp0_iter1_reg                       |  17|   0|   17|          0|
    |tmp439_reg_11098                                     |  17|   0|   17|          0|
    |tmp439_reg_11098_pp0_iter1_reg                       |  17|   0|   17|          0|
    |tmp443_reg_11104                                     |  17|   0|   17|          0|
    |tmp443_reg_11104_pp0_iter1_reg                       |  17|   0|   17|          0|
    |tmp53_reg_10914                                      |  19|   0|   19|          0|
    |tmp53_reg_10914_pp0_iter1_reg                        |  19|   0|   19|          0|
    |tmp65_reg_10920                                      |  19|   0|   19|          0|
    |tmp65_reg_10920_pp0_iter1_reg                        |  19|   0|   19|          0|
    |tmp77_reg_10926                                      |  19|   0|   19|          0|
    |tmp89_reg_10932                                      |  19|   0|   19|          0|
    |tmp89_reg_10932_pp0_iter1_reg                        |  19|   0|   19|          0|
    |tmp95_reg_10938                                      |  19|   0|   19|          0|
    |tmp95_reg_10938_pp0_iter1_reg                        |  19|   0|   19|          0|
    |x_n_read_reg_10653                                   |  16|   0|   16|          0|
    |add_ln26_106_reg_11120                               |  64|  32|   25|          1|
    |add_ln26_95_reg_11115                                |  64|  32|   24|          1|
    |tmp15_reg_10903                                      |  64|  32|   20|          0|
    |tmp333_reg_11027                                     |  64|  32|   17|          0|
    |tmp363_reg_11044                                     |  64|  32|   17|          0|
    |tmp77_reg_10926                                      |  64|  32|   19|          0|
    +-----------------------------------------------------+----+----+-----+-----------+
    |Total                                                |9425| 192| 9167|          6|
    +-----------------------------------------------------+----+----+-----+-----------+



================================================================
== Interface
================================================================
* Summary: 
+-----------+-----+-----+------------+--------------+--------------+
| RTL Ports | Dir | Bits|  Protocol  | Source Object|    C Type    |
+-----------+-----+-----+------------+--------------+--------------+
|ap_clk     |   in|    1|  ap_ctrl_hs|    FIR_filter|  return value|
|ap_rst     |   in|    1|  ap_ctrl_hs|    FIR_filter|  return value|
|ap_start   |   in|    1|  ap_ctrl_hs|    FIR_filter|  return value|
|ap_done    |  out|    1|  ap_ctrl_hs|    FIR_filter|  return value|
|ap_idle    |  out|    1|  ap_ctrl_hs|    FIR_filter|  return value|
|ap_ready   |  out|    1|  ap_ctrl_hs|    FIR_filter|  return value|
|ap_return  |  out|   16|  ap_ctrl_hs|    FIR_filter|  return value|
|x_n        |   in|   16|     ap_none|           x_n|        scalar|
+-----------+-----+-----+------------+--------------+--------------+

