                             latency        interval
transaction       0:             401               2
transaction       1:            1190               1
transaction       2:            1980               1
transaction       3:            2770             791
transaction       4:            2770             791
transaction       5:            2770             791
transaction       6:            2770             791
transaction       7:            2770             791
transaction       8:            2770             791
transaction       9:            2770             791
transaction      10:            2770             791
transaction      11:            2770             791
transaction      12:            2770             791
transaction      13:            2770             791
transaction      14:            2770             791
transaction      15:            2770             791
transaction      16:            2770             791
transaction      17:            2770             791
transaction      18:            2770             791
transaction      19:            2770             791
transaction      20:            2770             791
transaction      21:            2770             791
transaction      22:            2770             791
transaction      23:            2770             791
transaction      24:            2770             791
transaction      25:            2770             791
transaction      26:            2770             791
transaction      27:            2770             791
transaction      28:            2770             791
transaction      29:            2770             791
transaction      30:            2770             791
transaction      31:            2770             791
transaction      32:            2770             791
transaction      33:            2770             791
transaction      34:            2770             791
transaction      35:            2770             791
transaction      36:            2770             791
transaction      37:            2770             791
transaction      38:            2770             791
transaction      39:            2770             791
transaction      40:            2770             791
transaction      41:            2770             791
transaction      42:            2770             791
transaction      43:            2770             791
transaction      44:            2770             791
transaction      45:            2770             791
transaction      46:            2770             791
transaction      47:            2770             791
transaction      48:            2770             791
transaction      49:            2770             791
transaction      50:            2770             791
transaction      51:            2770             791
transaction      52:            2770             791
transaction      53:            2770             791
transaction      54:            2770             791
transaction      55:            2770             791
transaction      56:            2770             791
transaction      57:            2770             791
transaction      58:            2770             791
transaction      59:            2770             791
transaction      60:            2770             791
transaction      61:            2770             791
transaction      62:            2770             791
transaction      63:            2770             791
transaction      64:            2770             791
transaction      65:            2770             791
transaction      66:            2770             791
transaction      67:            2770             791
transaction      68:            2770             791
transaction      69:            2770             791
transaction      70:            2770             791
transaction      71:            2770             791
transaction      72:            2770             791
transaction      73:            2770             791
transaction      74:            2770             791
transaction      75:            2770             791
transaction      76:            2770             791
transaction      77:            2770             791
transaction      78:            2770             791
transaction      79:            2770             791
transaction      80:            2770             791
transaction      81:            2770             791
transaction      82:            2770             791
transaction      83:            2770             791
transaction      84:            2770             791
transaction      85:            2770             791
transaction      86:            2770             791
transaction      87:            2770             791
transaction      88:            2770             791
transaction      89:            2770             791
transaction      90:            2770             791
transaction      91:            2770             791
transaction      92:            2770             791
transaction      93:            2770             791
transaction      94:            2770             791
transaction      95:            2770             791
transaction      96:            2770             791
transaction      97:            2770             791
transaction      98:            2770             791
transaction      99:            2770             791
transaction     100:            2770             791
transaction     101:            2770             791
transaction     102:            2770             791
transaction     103:            2770             791
transaction     104:            2770             791
transaction     105:            2770             791
transaction     106:            2770             791
transaction     107:            2770             791
transaction     108:            2770             791
transaction     109:            2770             791
transaction     110:            2770             791
transaction     111:            2770             791
transaction     112:            2770             791
transaction     113:            2770             791
transaction     114:            2770             791
transaction     115:            2770             791
transaction     116:            2770             791
transaction     117:            2770             791
transaction     118:            2770             791
transaction     119:            2770             791
transaction     120:            2770             791
transaction     121:            2770             791
transaction     122:            2770             791
transaction     123:            2770             791
transaction     124:            2770             791
transaction     125:            2770             791
transaction     126:            2770             791
transaction     127:            2770             791
transaction     128:            2770             791
transaction     129:            2770             791
transaction     130:            2770             791
transaction     131:            2770             791
transaction     132:            2770             791
transaction     133:            2770             791
transaction     134:            2770             791
transaction     135:            2770             791
transaction     136:            2770             791
transaction     137:            2770             791
transaction     138:            2770             791
transaction     139:            2770             791
transaction     140:            2770             791
transaction     141:            2770             791
transaction     142:            2770             791
transaction     143:            2770             791
transaction     144:            2770             791
transaction     145:            2770             791
transaction     146:            2770             791
transaction     147:            2770             791
transaction     148:            2770             791
transaction     149:            2770             791
transaction     150:            2770             791
transaction     151:            2770             791
transaction     152:            2770             791
transaction     153:            2770             791
transaction     154:            2770             791
transaction     155:            2770             791
transaction     156:            2770             791
transaction     157:            2770             791
transaction     158:            2770             791
transaction     159:            2770             791
transaction     160:            2770             791
transaction     161:            2770             791
transaction     162:            2770             791
transaction     163:            2770             791
transaction     164:            2770             791
transaction     165:            2770             791
transaction     166:            2770             791
transaction     167:            2770             791
transaction     168:            2770             791
transaction     169:            2770             791
transaction     170:            2770             791
transaction     171:            2770             791
transaction     172:            2770             791
transaction     173:            2770             791
transaction     174:            2770             791
transaction     175:            2770             791
transaction     176:            2770             791
transaction     177:            2770             791
transaction     178:            2770             791
transaction     179:            2770             791
transaction     180:            2770             791
transaction     181:            2770             791
transaction     182:            2770             791
transaction     183:            2770             791
transaction     184:            2770             791
transaction     185:            2770             791
transaction     186:            2770             791
transaction     187:            2770             791
transaction     188:            2770             791
transaction     189:            2770             791
transaction     190:            2770             791
transaction     191:            2770             791
transaction     192:            2770             791
transaction     193:            2770             791
transaction     194:            2770             791
transaction     195:            2770             791
transaction     196:            2770             791
transaction     197:            2770             791
transaction     198:            2770             791
transaction     199:            2770             791
transaction     200:            2770             791
transaction     201:            2770             791
transaction     202:            2770             791
transaction     203:            2770             791
transaction     204:            2770             791
transaction     205:            2770             791
transaction     206:            2770             791
transaction     207:            2770             791
transaction     208:            2770             791
transaction     209:            2770             791
transaction     210:            2770             791
transaction     211:            2770             791
transaction     212:            2770             791
transaction     213:            2770             791
transaction     214:            2770             791
transaction     215:            2770             791
transaction     216:            2770             791
transaction     217:            2770             791
transaction     218:            2770             791
transaction     219:            2770             791
transaction     220:            2770             791
transaction     221:            2770             791
transaction     222:            2770             791
transaction     223:            2770             791
transaction     224:            2770             791
transaction     225:            2770             791
transaction     226:            2770             791
transaction     227:            2770             791
transaction     228:            2770             791
transaction     229:            2770             791
transaction     230:            2770             791
transaction     231:            2770             791
transaction     232:            2770             791
transaction     233:            2770             791
transaction     234:            2770             791
transaction     235:            2770             791
transaction     236:            2770             791
transaction     237:            2770             791
transaction     238:            2770             791
transaction     239:            2770             791
transaction     240:            2770             791
transaction     241:            2770             791
transaction     242:            2770             791
transaction     243:            2770             791
transaction     244:            2770             791
transaction     245:            2770             791
transaction     246:            2770             791
transaction     247:            2770             791
transaction     248:            2770             791
transaction     249:            2770             791
transaction     250:            2770             791
transaction     251:            2770             791
transaction     252:            2770             791
transaction     253:            2770             791
transaction     254:            2770             791
transaction     255:            2770             791
transaction     256:            2770             791
transaction     257:            2770             791
transaction     258:            2770             791
transaction     259:            2770             791
transaction     260:            2770             791
transaction     261:            2770             791
transaction     262:            2770             791
transaction     263:            2770             791
transaction     264:            2770             791
transaction     265:            2770             791
transaction     266:            2770             791
transaction     267:            2770             791
transaction     268:            2770             791
transaction     269:            2770             791
transaction     270:            2770             791
transaction     271:            2770             791
transaction     272:            2770             791
transaction     273:            2770             791
transaction     274:            2770             791
transaction     275:            2770             791
transaction     276:            2770             791
transaction     277:            2770             791
transaction     278:            2770             791
transaction     279:            2770             791
transaction     280:            2770             791
transaction     281:            2770             791
transaction     282:            2770             791
transaction     283:            2770             791
transaction     284:            2770             791
transaction     285:            2770             791
transaction     286:            2770             791
transaction     287:            2770             791
transaction     288:            2770             791
transaction     289:            2770             791
transaction     290:            2770             791
transaction     291:            2770             791
transaction     292:            2770             791
transaction     293:            2770             791
transaction     294:            2770             791
transaction     295:            2770             791
transaction     296:            2770             791
transaction     297:            2770             791
transaction     298:            2770             791
transaction     299:            2770             791
transaction     300:            2770             791
transaction     301:            2770             791
transaction     302:            2770             791
transaction     303:            2770             791
transaction     304:            2770             791
transaction     305:            2770             791
transaction     306:            2770             791
transaction     307:            2770             791
transaction     308:            2770             791
transaction     309:            2770             791
transaction     310:            2770             791
transaction     311:            2770             791
transaction     312:            2770             791
transaction     313:            2770             791
transaction     314:            2770             791
transaction     315:            2770             791
transaction     316:            2770             791
transaction     317:            2770             791
transaction     318:            2770             791
transaction     319:            2770             791
transaction     320:            2770             791
transaction     321:            2770             791
transaction     322:            2770             791
transaction     323:            2770             791
transaction     324:            2770             791
transaction     325:            2770             791
transaction     326:            2770             791
transaction     327:            2770             791
transaction     328:            2770             791
transaction     329:            2770             791
transaction     330:            2770             791
transaction     331:            2770             791
transaction     332:            2770             791
transaction     333:            2770             791
transaction     334:            2770             791
transaction     335:            2770             791
transaction     336:            2770             791
transaction     337:            2770             791
transaction     338:            2770             791
transaction     339:            2770             791
transaction     340:            2770             791
transaction     341:            2770             791
transaction     342:            2770             791
transaction     343:            2770             791
transaction     344:            2770             791
transaction     345:            2770             791
transaction     346:            2770             791
transaction     347:            2770             791
transaction     348:            2770             791
transaction     349:            2770             791
transaction     350:            2770             791
transaction     351:            2770             791
transaction     352:            2770             791
transaction     353:            2770             791
transaction     354:            2770             791
transaction     355:            2770             791
transaction     356:            2770             791
transaction     357:            2770             791
transaction     358:            2770             791
transaction     359:            2770             791
transaction     360:            2770             791
transaction     361:            2770             791
transaction     362:            2770             791
transaction     363:            2770             791
transaction     364:            2770             791
transaction     365:            2770             791
transaction     366:            2770             791
transaction     367:            2770             791
transaction     368:            2770             791
transaction     369:            2770             791
transaction     370:            2770             791
transaction     371:            2770             791
transaction     372:            2770             791
transaction     373:            2770             791
transaction     374:            2770             791
transaction     375:            2770             791
transaction     376:            2770             791
transaction     377:            2770             791
transaction     378:            2770             791
transaction     379:            2770             791
transaction     380:            2770             791
transaction     381:            2770             791
transaction     382:            2770             791
transaction     383:            2770             791
transaction     384:            2770             791
transaction     385:            2770             791
transaction     386:            2770             791
transaction     387:            2770             791
transaction     388:            2770             791
transaction     389:            2770             791
transaction     390:            2770             791
transaction     391:            2770             791
transaction     392:            2770             791
transaction     393:            2770             791
transaction     394:            2770             791
transaction     395:            2770             791
transaction     396:            2770             791
transaction     397:            2770             791
transaction     398:            2770             791
transaction     399:            2770             791
transaction     400:            2770             791
transaction     401:            2770             791
transaction     402:            2770             791
transaction     403:            2770             791
transaction     404:            2770             791
transaction     405:            2770             791
transaction     406:            2770             791
transaction     407:            2770             791
transaction     408:            2770             791
transaction     409:            2770             791
transaction     410:            2770             791
transaction     411:            2770             791
transaction     412:            2770             791
transaction     413:            2770             791
transaction     414:            2770             791
transaction     415:            2770             791
transaction     416:            2770             791
transaction     417:            2770             791
transaction     418:            2770             791
transaction     419:            2770             791
transaction     420:            2770             791
transaction     421:            2770             791
transaction     422:            2770             791
transaction     423:            2770             791
transaction     424:            2770             791
transaction     425:            2770             791
transaction     426:            2770             791
transaction     427:            2770             791
transaction     428:            2770             791
transaction     429:            2770             791
transaction     430:            2770             791
transaction     431:            2770             791
transaction     432:            2770             791
transaction     433:            2770             791
transaction     434:            2770             791
transaction     435:            2770             791
transaction     436:            2770             791
transaction     437:            2770             791
transaction     438:            2770             791
transaction     439:            2770             791
transaction     440:            2770             791
transaction     441:            2770             791
transaction     442:            2770             791
transaction     443:            2770             791
transaction     444:            2770             791
transaction     445:            2770             791
transaction     446:            2770             791
transaction     447:            2770             791
transaction     448:            2770             791
transaction     449:            2770             791
transaction     450:            2770             791
transaction     451:            2770             791
transaction     452:            2770             791
transaction     453:            2770             791
transaction     454:            2770             791
transaction     455:            2770             791
transaction     456:            2770             791
transaction     457:            2770             791
transaction     458:            2770             791
transaction     459:            2770               x
