================================================================
== Design Size Report
================================================================

* Total Instructions per Compilation Phase
+---------------+-----------------------------+--------------+----------------------------------------------------------------------------------------+
| Phase         | Step                        | Instructions | Description                                                                            |
+---------------+-----------------------------+--------------+----------------------------------------------------------------------------------------+
| Compile/Link  |                             | 6,296        | After all functions are compiled and linked into a single design                       |
|               |                             |              |                                                                                        |
| Unroll/Inline |                             |              | After user unroll and inline pragmas are applied                                       |
|               | (1) unroll                  | 1,075        | user unroll pragmas are applied                                                        |
|               | (2) simplification          |   521        | simplification of applied user unroll pragmas                                          |
|               | (3) inline                  |   478        | user inline pragmas are applied                                                        |
|               | (4) simplification          |   478        | simplification of applied user inline pragmas                                          |
|               |                             |              |                                                                                        |
| Array/Struct  |                             |              | After user array partition and struct aggregate/disaggregate pragmas are applied       |
|               | (1) array partition         |   378        | user array partition pragmas are applied                                               |
|               | (2) simplification          |   378        | simplification of applied user array partition & struct aggregate/disaggregate pragmas |
|               | (3) aggregate/disaggregate  |   378        | user struct aggregate/disaggregate pragmas are applied                                 |
|               | (4) array reshape           |   378        | apply array reshape pragmas                                                            |
|               | (5) access patterns         | 1,448        | array access pattern optmizations                                                      |
|               |                             |              |                                                                                        |
| Performance   |                             |              | After transformations are applied to meet performance pragma targets                   |
|               | (1) loop simplification     | 1,195        | loop and instruction simplification                                                    |
|               | (2) parallelization         | 1,195        | loops are unrolled or pipelined to meet performance targets                            |
|               | (3) array partition         | 1,123        | arrays are partitioned to meet performance targets                                     |
|               | (4) simplification          | 1,123        | simplification of design after performance transformations                             |
|               |                             |              |                                                                                        |
| HW Transforms |                             |              | After hardware transfomations                                                          |
|               | (1) lowering                | 1,125        | initial conversion to HW specific instructions                                         |
|               | (2) optimizations           | 1,124        | high level synthesis optimizations                                                     |
+---------------+-----------------------------+--------------+----------------------------------------------------------------------------------------+

* Instructions per Function for each Compilation Phase
+----------------+----------------+-----------------+---------------+-----------------+-----------------+-----------------+
| Function       | Location       | Compile/Link    | Unroll/Inline | Array/Struct    | Performance     | HW Transforms   |
+----------------+----------------+-----------------+---------------+-----------------+-----------------+-----------------+
| + Multirate_v1 | FIR_HLS.cpp:14 | 6,296           | 478           | 1,448           | 1,123           | 1,124           |
|    FIR_filter  | FIR_HLS.cpp:60 | 4,671 (9 calls) | 387 (9 calls) | 1,357 (9 calls) | 1,032 (9 calls) | 1,041 (9 calls) |
+----------------+----------------+-----------------+---------------+-----------------+-----------------+-----------------+

* Design Size Message Settings
+---------------------------------------------+--------+------------------------------------------------------------------+
| Message Setting                             | Value  | Description                                                      |
+---------------------------------------------+--------+------------------------------------------------------------------+
| config_compile -design_size_maximum_warning | 100000 | Show a warning when total design instructions exceeds this value |
+---------------------------------------------+--------+------------------------------------------------------------------+


