

================================================================
== Vitis HLS Report for 'FIR_filter_1'
================================================================
* Date:           Sun Nov 16 16:18:05 2025

* Version:        2024.2 (Build 5238294 on Nov  8 2024)
* Project:        Multirate_v1
* Solution:       hls (Vivado IP Flow Target)
* Product family: zynquplus
* Target device:  xck26-sfvc784-2LV-c


================================================================
== Performance Estimates
================================================================
+ Timing: 
    * Summary: 
    +--------+----------+----------+------------+
    |  Clock |  Target  | Estimated| Uncertainty|
    +--------+----------+----------+------------+
    |ap_clk  |  10.00 ns|  3.025 ns|     2.70 ns|
    +--------+----------+----------+------------+

+ Latency: 
    * Summary: 
    +---------+---------+-----------+-----------+-----+-----+---------+
    |  Latency (cycles) |   Latency (absolute)  |  Interval | Pipeline|
    |   min   |   max   |    min    |    max    | min | max |   Type  |
    +---------+---------+-----------+-----------+-----+-----+---------+
    |        4|        4|  40.000 ns|  40.000 ns|    1|    1|      yes|
    +---------+---------+-----------+-----------+-----+-----+---------+

    + Detail: 
        * Instance: 
        N/A

        * Loop: 
        N/A



================================================================
== Utilization Estimates
================================================================
* Summary: 
+-----------------+---------+------+--------+--------+-----+
|       Name      | BRAM_18K|  DSP |   FF   |   LUT  | URAM|
+-----------------+---------+------+--------+--------+-----+
|DSP              |        -|     3|       -|       -|    -|
|Expression       |        -|     -|       0|      37|    -|
|FIFO             |        -|     -|       -|       -|    -|
|Instance         |        -|     2|       0|      10|    -|
|Memory           |        -|     -|       -|       -|    -|
|Multiplexer      |        -|     -|       0|      70|    -|
|Register         |        -|     -|     668|     160|    -|
+-----------------+---------+------+--------+--------+-----+
|Total            |        0|     5|     668|     277|    0|
+-----------------+---------+------+--------+--------+-----+
|Available        |      288|  1248|  234240|  117120|   64|
+-----------------+---------+------+--------+--------+-----+
|Utilization (%)  |        0|    ~0|      ~0|      ~0|    0|
+-----------------+---------+------+--------+--------+-----+

+ Detail: 
    * Instance: 
    +-----------------------+--------------------+---------+----+---+----+-----+
    |        Instance       |       Module       | BRAM_18K| DSP| FF| LUT| URAM|
    +-----------------------+--------------------+---------+----+---+----+-----+
    |mul_16s_13s_28_1_0_U1  |mul_16s_13s_28_1_0  |        0|   1|  0|   5|    0|
    |mul_16s_13s_28_1_0_U2  |mul_16s_13s_28_1_0  |        0|   1|  0|   5|    0|
    +-----------------------+--------------------+---------+----+---+----+-----+
    |Total                  |                    |        0|   2|  0|  10|    0|
    +-----------------------+--------------------+---------+----+---+----+-----+

    * DSP: 
    +-----------------------------------+--------------------------------+--------------+
    |              Instance             |             Module             |  Expression  |
    +-----------------------------------+--------------------------------+--------------+
    |mac_muladd_16s_10s_28s_28_4_0_U3   |mac_muladd_16s_10s_28s_28_4_0   |  i0 + i1 * i2|
    |mac_muladd_16s_10s_28s_28_4_0_U4   |mac_muladd_16s_10s_28s_28_4_0   |  i0 + i1 * i2|
    |mac_muladd_16s_14ns_28s_30_4_0_U5  |mac_muladd_16s_14ns_28s_30_4_0  |  i0 + i1 * i2|
    +-----------------------------------+--------------------------------+--------------+

    * Memory: 
    N/A

    * FIFO: 
    N/A

    * Expression: 
    +----------------+----------+----+---+----+------------+------------+
    |  Variable Name | Operation| DSP| FF| LUT| Bitwidth P0| Bitwidth P1|
    +----------------+----------+----+---+----+------------+------------+
    |tmp3_fu_154_p2  |         +|   0|  0|  37|          30|          30|
    +----------------+----------+----+---+----+------------+------------+
    |Total           |          |   0|  0|  37|          30|          30|
    +----------------+----------+----+---+----+------------+------------+

    * Multiplexer: 
    +-------------+----+-----------+-----+-----------+
    |     Name    | LUT| Input Size| Bits| Total Bits|
    +-------------+----+-----------+-----+-----------+
    |ap_return_0  |  14|          3|   16|         48|
    |ap_return_1  |  14|          3|   16|         48|
    |ap_return_2  |  14|          3|   16|         48|
    |ap_return_3  |  14|          3|   16|         48|
    |ap_return_4  |  14|          3|   16|         48|
    +-------------+----+-----------+-----+-----------+
    |Total        |  70|         15|   80|        240|
    +-------------+----+-----------+-----+-----------+

    * Register: 
    +--------------------------------------+----+----+-----+-----------+
    |                 Name                 | FF | LUT| Bits| Const Bits|
    +--------------------------------------+----+----+-----+-----------+
    |FIR_coe_read11_reg_247                |  10|   0|   10|          0|
    |FIR_coe_read_10_int_reg               |  14|   0|   14|          0|
    |FIR_coe_read_11_int_reg               |  13|   0|   13|          0|
    |FIR_coe_read_12_int_reg               |  10|   0|   10|          0|
    |FIR_coe_read_2_reg_232                |  13|   0|   13|          0|
    |FIR_coe_read_2_reg_232_pp0_iter1_reg  |  13|   0|   13|          0|
    |FIR_coe_read_3_reg_237                |  14|   0|   14|          0|
    |FIR_coe_read_4_reg_242                |  13|   0|   13|          0|
    |FIR_coe_read_9_int_reg                |  13|   0|   13|          0|
    |FIR_coe_read_int_reg                  |  10|   0|   10|          0|
    |FIR_delays_read_15_reg_252            |  16|   0|   16|          0|
    |FIR_delays_read_16_reg_258            |  16|   0|   16|          0|
    |FIR_delays_read_17_reg_264            |  16|   0|   16|          0|
    |FIR_delays_read_22_int_reg            |  16|   0|   16|          0|
    |FIR_delays_read_23_int_reg            |  16|   0|   16|          0|
    |FIR_delays_read_24_int_reg            |  16|   0|   16|          0|
    |FIR_delays_read_int_reg               |  16|   0|   16|          0|
    |FIR_delays_write_int_reg              |  16|   0|   16|          0|
    |FIR_delays_write_read_reg_226         |  16|   0|   16|          0|
    |ap_ce_reg                             |   1|   0|    1|          0|
    |ap_return_0_int_reg                   |  16|   0|   16|          0|
    |ap_return_1_int_reg                   |  16|   0|   16|          0|
    |ap_return_2_int_reg                   |  16|   0|   16|          0|
    |ap_return_3_int_reg                   |  16|   0|   16|          0|
    |ap_return_4_int_reg                   |  16|   0|   16|          0|
    |FIR_coe_read_4_reg_242                |  64|  32|   13|          0|
    |FIR_delays_read_15_reg_252            |  64|  32|   16|          0|
    |FIR_delays_read_16_reg_258            |  64|  32|   16|          0|
    |FIR_delays_read_17_reg_264            |  64|  32|   16|          0|
    |FIR_delays_write_read_reg_226         |  64|  32|   16|          0|
    +--------------------------------------+----+----+-----+-----------+
    |Total                                 | 668| 160|  425|          0|
    +--------------------------------------+----+----+-----+-----------+



================================================================
== Interface
================================================================
* Summary: 
+--------------------+-----+-----+------------+--------------------+--------------+
|      RTL Ports     | Dir | Bits|  Protocol  |    Source Object   |    C Type    |
+--------------------+-----+-----+------------+--------------------+--------------+
|ap_clk              |   in|    1|  ap_ctrl_hs|        FIR_filter.1|  return value|
|ap_rst              |   in|    1|  ap_ctrl_hs|        FIR_filter.1|  return value|
|ap_return_0         |  out|   16|  ap_ctrl_hs|        FIR_filter.1|  return value|
|ap_return_1         |  out|   16|  ap_ctrl_hs|        FIR_filter.1|  return value|
|ap_return_2         |  out|   16|  ap_ctrl_hs|        FIR_filter.1|  return value|
|ap_return_3         |  out|   16|  ap_ctrl_hs|        FIR_filter.1|  return value|
|ap_return_4         |  out|   16|  ap_ctrl_hs|        FIR_filter.1|  return value|
|ap_ce               |   in|    1|  ap_ctrl_hs|        FIR_filter.1|  return value|
|FIR_delays_read     |   in|   16|     ap_none|     FIR_delays_read|        scalar|
|FIR_delays_read_22  |   in|   16|     ap_none|  FIR_delays_read_22|        scalar|
|FIR_delays_read_23  |   in|   16|     ap_none|  FIR_delays_read_23|        scalar|
|FIR_delays_read_24  |   in|   16|     ap_none|  FIR_delays_read_24|        scalar|
|FIR_coe_read        |   in|   10|     ap_none|        FIR_coe_read|        scalar|
|FIR_coe_read_9      |   in|   13|     ap_none|      FIR_coe_read_9|        scalar|
|FIR_coe_read_10     |   in|   14|     ap_none|     FIR_coe_read_10|        scalar|
|FIR_coe_read_11     |   in|   13|     ap_none|     FIR_coe_read_11|        scalar|
|FIR_coe_read_12     |   in|   10|     ap_none|     FIR_coe_read_12|        scalar|
|FIR_delays_write    |   in|   16|     ap_none|    FIR_delays_write|        scalar|
+--------------------+-----+-----+------------+--------------------+--------------+

