  **** HLS Build v2024.2 5238294
INFO: [HLS 200-2005] Using work_dir C:/HLS-multirate-DSP/HLS_Multirate/Multirate_v3/Multirate_v3 
INFO: [HLS 200-1611] Setting target device to 'xck26-sfvc784-2LV-c'
INFO: [HLS 200-1505] Using default flow_target 'vivado'
Resolution: For help on HLS 200-1505 see docs.xilinx.com/access/sources/dita/topic?Doc_Version=2024.2%20English&url=ug1448-hls-guidance&resourceid=200-1505.html
INFO: [HLS 200-1465] Applying ini 'syn.file=FIR_HLS.cpp' from C:/HLS-multirate-DSP/HLS_Multirate/Multirate_v3/hls_config.cfg(7)
INFO: [HLS 200-10] Adding design file 'C:/HLS-multirate-DSP/HLS_Multirate/Multirate_v3/FIR_HLS.cpp' to the project
INFO: [HLS 200-1465] Applying ini 'syn.file=FIR_HLS.h' from C:/HLS-multirate-DSP/HLS_Multirate/Multirate_v3/hls_config.cfg(8)
INFO: [HLS 200-10] Adding design file 'C:/HLS-multirate-DSP/HLS_Multirate/Multirate_v3/FIR_HLS.h' to the project
INFO: [HLS 200-1465] Applying ini 'syn.file=../../Matlab/FIR_multirate_HLS.h' from C:/HLS-multirate-DSP/HLS_Multirate/Multirate_v3/hls_config.cfg(9)
INFO: [HLS 200-10] Adding design file 'C:/HLS-multirate-DSP/Matlab/FIR_multirate_HLS.h' to the project
INFO: [HLS 200-1465] Applying ini 'tb.file=FIR_HLS_TB.cpp' from C:/HLS-multirate-DSP/HLS_Multirate/Multirate_v3/hls_config.cfg(10)
INFO: [HLS 200-10] Adding test bench file 'C:/HLS-multirate-DSP/HLS_Multirate/Multirate_v3/FIR_HLS_TB.cpp' to the project
INFO: [HLS 200-1465] Applying ini 'tb.file=../../Matlab/TS_HLS_multirate.res' from C:/HLS-multirate-DSP/HLS_Multirate/Multirate_v3/hls_config.cfg(11)
INFO: [HLS 200-10] Adding test bench file 'C:/HLS-multirate-DSP/Matlab/TS_HLS_multirate.res' to the project
INFO: [HLS 200-1465] Applying ini 'tb.file=../../Matlab/TS_HLS_multirate.dat' from C:/HLS-multirate-DSP/HLS_Multirate/Multirate_v3/hls_config.cfg(12)
INFO: [HLS 200-10] Adding test bench file 'C:/HLS-multirate-DSP/Matlab/TS_HLS_multirate.dat' to the project
INFO: [HLS 200-1465] Applying ini 'syn.top=FIR_HLS' from C:/HLS-multirate-DSP/HLS_Multirate/Multirate_v3/hls_config.cfg(13)
INFO: [HLS 200-1465] Applying ini 'flow_target=vivado' from C:/HLS-multirate-DSP/HLS_Multirate/Multirate_v3/hls_config.cfg(4)
INFO: [HLS 200-1505] Using flow_target 'vivado'
Resolution: For help on HLS 200-1505 see docs.xilinx.com/access/sources/dita/topic?Doc_Version=2024.2%20English&url=ug1448-hls-guidance&resourceid=200-1505.html
INFO: [HLS 200-1465] Applying ini 'part=xck26-sfvc784-2LV-c' from C:/HLS-multirate-DSP/HLS_Multirate/Multirate_v3/hls_config.cfg(1)
INFO: [HLS 200-1465] Applying ini 'package.output.format=ip_catalog' from C:/HLS-multirate-DSP/HLS_Multirate/Multirate_v3/hls_config.cfg(5)
INFO: [COSIM 212-47] Using XSIM for RTL simulation.
INFO: [COSIM 212-14] Instrumenting C test bench ...
   Build using "C:/AMD/Vitis/2024.2/vcxx/libexec/clang++"
   Compiling FIR_HLS_TB.cpp_pre.cpp.tb.cpp
   Compiling apatb_FIR_HLS.cpp
   Compiling apatb_FIR_HLS_util.cpp
   Compiling FIR_HLS.cpp_pre.cpp.tb.cpp
   Compiling apatb_FIR_HLS_ir.ll
   Generating cosim.tv.exe
INFO: [COSIM 212-302] Starting C TB testing ... 
INFO: Reading ../../../../../../Matlab/TS_HLS_multirate.dat
INFO: Read 460 samples from ../../../../../../Matlab/TS_HLS_multirate.dat
INFO: Reading ../../../../../../Matlab/TS_HLS_multirate.res
INFO: Read 460 samples from ../../../../../../Matlab/TS_HLS_multirate.res
INFO: Input and reference data lengths match.
Mismatch at sample  280: ref=-0.358093, dut=-0.304932
Mismatch at sample  281: ref=-0.481445, dut=-0.420898
Mismatch at sample  282: ref=-0.582062, dut=-0.569702
Mismatch at sample  283: ref=-0.672455, dut=-0.785156
Mismatch at sample  284: ref=-0.771301, dut=0.978027
Mismatch at sample  285: ref=-0.851379, dut=0.883667
Mismatch at sample  286: ref=-0.910278, dut=-0.931274
Mismatch at sample  287: ref=-0.951416, dut=-0.438354
Mismatch at sample  288: ref=-0.987885, dut=0.21582
Mismatch at sample  289: ref=0.999847, dut=0.791748
Mismatch at sample  290: ref=-0.999756, dut=-0.976807
Mismatch at sample  291: ref=-0.980927, dut=0.810913
Mismatch at sample  292: ref=-0.947968, dut=0.255737
Mismatch at sample  293: ref=-0.892883, dut=-0.379883
Mismatch at sample  294: ref=-0.838196, dut=-0.859253
Mismatch at sample  295: ref=-0.769135, dut=0.96582
Mismatch at sample  296: ref=-0.679352, dut=-0.930054
Mismatch at sample  297: ref=-0.573975, dut=-0.686768
Mismatch at sample  298: ref=-0.480408, dut=-0.46814
Mismatch at sample  299: ref=-0.378174, dut=-0.317749
Mismatch at sample  300: ref=-0.251801, dut=-0.19873
---------------------------------------
Testbench Results
Samples processed : 460
Mismatches        : 21
Status: FAIL [!!] (21 samples out of tolerance)
---------------------------------------
INFO [HLS SIM]: The maximum depth reached by any hls::stream() instance in the design is 460
INFO: [COSIM 212-333] Generating C post check test bench ...
INFO: [COSIM 212-12] Generating RTL test bench ...
INFO: [COSIM 212-1] *** C/RTL co-simulation file generation completed. ***
INFO: [COSIM 212-323] Starting verilog simulation. 
INFO: [COSIM 212-15] Starting XSIM ...

C:\HLS-multirate-DSP\HLS_Multirate\Multirate_v3\Multirate_v3\hls\sim\verilog>set PATH= 

C:\HLS-multirate-DSP\HLS_Multirate\Multirate_v3\Multirate_v3\hls\sim\verilog>call C:/AMD/Vivado/2024.2/bin/xelab xil_defaultlib.apatb_FIR_HLS_top glbl -Oenable_linking_all_libraries  -prj FIR_HLS.prj -L smartconnect_v1_0 -L axi_protocol_checker_v1_1_12 -L axi_protocol_checker_v1_1_13 -L axis_protocol_checker_v1_1_11 -L axis_protocol_checker_v1_1_12 -L xil_defaultlib -L unisims_ver -L xpm  -L floating_point_v7_0_24 -L floating_point_v7_1_19 --lib "ieee_proposed=./ieee_proposed" -s FIR_HLS  
Vivado Simulator v2024.2.0
Copyright 1986-2022 Xilinx, Inc. All Rights Reserved.
Copyright 2022-2024 Advanced Micro Devices, Inc. All Rights Reserved.
Running: C:/AMD/Vivado/2024.2/bin/unwrapped/win64.o/xelab.exe xil_defaultlib.apatb_FIR_HLS_top glbl -Oenable_linking_all_libraries -prj FIR_HLS.prj -L smartconnect_v1_0 -L axi_protocol_checker_v1_1_12 -L axi_protocol_checker_v1_1_13 -L axis_protocol_checker_v1_1_11 -L axis_protocol_checker_v1_1_12 -L xil_defaultlib -L unisims_ver -L xpm -L floating_point_v7_0_24 -L floating_point_v7_1_19 --lib ieee_proposed=./ieee_proposed -s FIR_HLS 
Multi-threading is on. Using 10 slave threads.
INFO: [VRFC 10-2263] Analyzing SystemVerilog file "C:/HLS-multirate-DSP/HLS_Multirate/Multirate_v3/Multirate_v3/hls/sim/verilog/glbl.v" into library work
INFO: [VRFC 10-311] analyzing module glbl
INFO: [VRFC 10-2263] Analyzing SystemVerilog file "C:/HLS-multirate-DSP/HLS_Multirate/Multirate_v3/Multirate_v3/hls/sim/verilog/AESL_axi_s_input_r.v" into library xil_defaultlib
INFO: [VRFC 10-311] analyzing module AESL_axi_s_input_r
INFO: [VRFC 10-2263] Analyzing SystemVerilog file "C:/HLS-multirate-DSP/HLS_Multirate/Multirate_v3/Multirate_v3/hls/sim/verilog/AESL_axi_s_output_r.v" into library xil_defaultlib
INFO: [VRFC 10-311] analyzing module AESL_axi_s_output_r
INFO: [VRFC 10-2263] Analyzing SystemVerilog file "C:/HLS-multirate-DSP/HLS_Multirate/Multirate_v3/Multirate_v3/hls/sim/verilog/AESL_deadlock_idx0_monitor.v" into library xil_defaultlib
INFO: [VRFC 10-311] analyzing module AESL_deadlock_idx0_monitor
INFO: [VRFC 10-2263] Analyzing SystemVerilog file "C:/HLS-multirate-DSP/HLS_Multirate/Multirate_v3/Multirate_v3/hls/sim/verilog/AESL_deadlock_kernel_monitor_top.v" into library xil_defaultlib
INFO: [VRFC 10-311] analyzing module AESL_deadlock_kernel_monitor_top
INFO: [VRFC 10-2263] Analyzing SystemVerilog file "C:/HLS-multirate-DSP/HLS_Multirate/Multirate_v3/Multirate_v3/hls/sim/verilog/AESL_fifo.v" into library xil_defaultlib
INFO: [VRFC 10-311] analyzing module fifo
INFO: [VRFC 10-2263] Analyzing SystemVerilog file "C:/HLS-multirate-DSP/HLS_Multirate/Multirate_v3/Multirate_v3/hls/sim/verilog/FIR_HLS.autotb.v" into library xil_defaultlib
INFO: [VRFC 10-311] analyzing module apatb_FIR_HLS_top
INFO: [VRFC 10-2263] Analyzing SystemVerilog file "C:/HLS-multirate-DSP/HLS_Multirate/Multirate_v3/Multirate_v3/hls/sim/verilog/FIR_HLS.v" into library xil_defaultlib
INFO: [VRFC 10-311] analyzing module FIR_HLS
INFO: [VRFC 10-2263] Analyzing SystemVerilog file "C:/HLS-multirate-DSP/HLS_Multirate/Multirate_v3/Multirate_v3/hls/sim/verilog/FIR_HLS_FIR_filter_transposed.v" into library xil_defaultlib
INFO: [VRFC 10-311] analyzing module FIR_HLS_FIR_filter_transposed
INFO: [VRFC 10-2263] Analyzing SystemVerilog file "C:/HLS-multirate-DSP/HLS_Multirate/Multirate_v3/Multirate_v3/hls/sim/verilog/FIR_HLS_FIR_filter_transposed_1.v" into library xil_defaultlib
INFO: [VRFC 10-311] analyzing module FIR_HLS_FIR_filter_transposed_1
INFO: [VRFC 10-2263] Analyzing SystemVerilog file "C:/HLS-multirate-DSP/HLS_Multirate/Multirate_v3/Multirate_v3/hls/sim/verilog/FIR_HLS_FIR_filter_transposed_2.v" into library xil_defaultlib
INFO: [VRFC 10-311] analyzing module FIR_HLS_FIR_filter_transposed_2
INFO: [VRFC 10-2263] Analyzing SystemVerilog file "C:/HLS-multirate-DSP/HLS_Multirate/Multirate_v3/Multirate_v3/hls/sim/verilog/FIR_HLS_mac_muladd_16s_16ns_32ns_32_4_1.v" into library xil_defaultlib
INFO: [VRFC 10-311] analyzing module FIR_HLS_mac_muladd_16s_16ns_32ns_32_4_1_DSP48_0
INFO: [VRFC 10-311] analyzing module FIR_HLS_mac_muladd_16s_16ns_32ns_32_4_1
INFO: [VRFC 10-2263] Analyzing SystemVerilog file "C:/HLS-multirate-DSP/HLS_Multirate/Multirate_v3/Multirate_v3/hls/sim/verilog/FIR_HLS_mac_muladd_16s_9ns_32s_32_4_0.v" into library xil_defaultlib
INFO: [VRFC 10-311] analyzing module FIR_HLS_mac_muladd_16s_9ns_32s_32_4_0_DSP48_0
INFO: [VRFC 10-311] analyzing module FIR_HLS_mac_muladd_16s_9ns_32s_32_4_0
INFO: [VRFC 10-2263] Analyzing SystemVerilog file "C:/HLS-multirate-DSP/HLS_Multirate/Multirate_v3/Multirate_v3/hls/sim/verilog/FIR_HLS_mul_10s_16s_25_1_1.v" into library xil_defaultlib
INFO: [VRFC 10-311] analyzing module FIR_HLS_mul_10s_16s_25_1_1
INFO: [VRFC 10-2263] Analyzing SystemVerilog file "C:/HLS-multirate-DSP/HLS_Multirate/Multirate_v3/Multirate_v3/hls/sim/verilog/FIR_HLS_mul_16s_10ns_26_1_0.v" into library xil_defaultlib
INFO: [VRFC 10-311] analyzing module FIR_HLS_mul_16s_10ns_26_1_0
INFO: [VRFC 10-2263] Analyzing SystemVerilog file "C:/HLS-multirate-DSP/HLS_Multirate/Multirate_v3/Multirate_v3/hls/sim/verilog/FIR_HLS_mul_16s_10s_26_1_1.v" into library xil_defaultlib
INFO: [VRFC 10-311] analyzing module FIR_HLS_mul_16s_10s_26_1_1
INFO: [VRFC 10-2263] Analyzing SystemVerilog file "C:/HLS-multirate-DSP/HLS_Multirate/Multirate_v3/Multirate_v3/hls/sim/verilog/FIR_HLS_mul_16s_11ns_27_1_1.v" into library xil_defaultlib
INFO: [VRFC 10-311] analyzing module FIR_HLS_mul_16s_11ns_27_1_1
INFO: [VRFC 10-2263] Analyzing SystemVerilog file "C:/HLS-multirate-DSP/HLS_Multirate/Multirate_v3/Multirate_v3/hls/sim/verilog/FIR_HLS_mul_16s_11s_27_1_1.v" into library xil_defaultlib
INFO: [VRFC 10-311] analyzing module FIR_HLS_mul_16s_11s_27_1_1
INFO: [VRFC 10-2263] Analyzing SystemVerilog file "C:/HLS-multirate-DSP/HLS_Multirate/Multirate_v3/Multirate_v3/hls/sim/verilog/FIR_HLS_mul_16s_12ns_28_1_1.v" into library xil_defaultlib
INFO: [VRFC 10-311] analyzing module FIR_HLS_mul_16s_12ns_28_1_1
INFO: [VRFC 10-2263] Analyzing SystemVerilog file "C:/HLS-multirate-DSP/HLS_Multirate/Multirate_v3/Multirate_v3/hls/sim/verilog/FIR_HLS_mul_16s_12s_28_1_1.v" into library xil_defaultlib
INFO: [VRFC 10-311] analyzing module FIR_HLS_mul_16s_12s_28_1_1
INFO: [VRFC 10-2263] Analyzing SystemVerilog file "C:/HLS-multirate-DSP/HLS_Multirate/Multirate_v3/Multirate_v3/hls/sim/verilog/FIR_HLS_mul_16s_13ns_29_1_1.v" into library xil_defaultlib
INFO: [VRFC 10-311] analyzing module FIR_HLS_mul_16s_13ns_29_1_1
INFO: [VRFC 10-2263] Analyzing SystemVerilog file "C:/HLS-multirate-DSP/HLS_Multirate/Multirate_v3/Multirate_v3/hls/sim/verilog/FIR_HLS_mul_16s_13s_29_1_1.v" into library xil_defaultlib
INFO: [VRFC 10-311] analyzing module FIR_HLS_mul_16s_13s_29_1_1
INFO: [VRFC 10-2263] Analyzing SystemVerilog file "C:/HLS-multirate-DSP/HLS_Multirate/Multirate_v3/Multirate_v3/hls/sim/verilog/FIR_HLS_mul_16s_14ns_30_1_1.v" into library xil_defaultlib
INFO: [VRFC 10-311] analyzing module FIR_HLS_mul_16s_14ns_30_1_1
INFO: [VRFC 10-2263] Analyzing SystemVerilog file "C:/HLS-multirate-DSP/HLS_Multirate/Multirate_v3/Multirate_v3/hls/sim/verilog/FIR_HLS_mul_16s_14s_30_1_1.v" into library xil_defaultlib
INFO: [VRFC 10-311] analyzing module FIR_HLS_mul_16s_14s_30_1_1
INFO: [VRFC 10-2263] Analyzing SystemVerilog file "C:/HLS-multirate-DSP/HLS_Multirate/Multirate_v3/Multirate_v3/hls/sim/verilog/FIR_HLS_mul_16s_15ns_31_1_0.v" into library xil_defaultlib
INFO: [VRFC 10-311] analyzing module FIR_HLS_mul_16s_15ns_31_1_0
INFO: [VRFC 10-2263] Analyzing SystemVerilog file "C:/HLS-multirate-DSP/HLS_Multirate/Multirate_v3/Multirate_v3/hls/sim/verilog/FIR_HLS_mul_16s_16ns_32_1_1.v" into library xil_defaultlib
INFO: [VRFC 10-311] analyzing module FIR_HLS_mul_16s_16ns_32_1_1
INFO: [VRFC 10-2263] Analyzing SystemVerilog file "C:/HLS-multirate-DSP/HLS_Multirate/Multirate_v3/Multirate_v3/hls/sim/verilog/FIR_HLS_mul_16s_6ns_22_1_1.v" into library xil_defaultlib
INFO: [VRFC 10-311] analyzing module FIR_HLS_mul_16s_6ns_22_1_1
INFO: [VRFC 10-2263] Analyzing SystemVerilog file "C:/HLS-multirate-DSP/HLS_Multirate/Multirate_v3/Multirate_v3/hls/sim/verilog/FIR_HLS_mul_16s_7s_23_1_1.v" into library xil_defaultlib
INFO: [VRFC 10-311] analyzing module FIR_HLS_mul_16s_7s_23_1_1
INFO: [VRFC 10-2263] Analyzing SystemVerilog file "C:/HLS-multirate-DSP/HLS_Multirate/Multirate_v3/Multirate_v3/hls/sim/verilog/FIR_HLS_mul_16s_8ns_24_1_1.v" into library xil_defaultlib
INFO: [VRFC 10-311] analyzing module FIR_HLS_mul_16s_8ns_24_1_1
INFO: [VRFC 10-2263] Analyzing SystemVerilog file "C:/HLS-multirate-DSP/HLS_Multirate/Multirate_v3/Multirate_v3/hls/sim/verilog/FIR_HLS_mul_16s_8s_24_1_1.v" into library xil_defaultlib
INFO: [VRFC 10-311] analyzing module FIR_HLS_mul_16s_8s_24_1_1
INFO: [VRFC 10-2263] Analyzing SystemVerilog file "C:/HLS-multirate-DSP/HLS_Multirate/Multirate_v3/Multirate_v3/hls/sim/verilog/FIR_HLS_mul_16s_9ns_25_1_1.v" into library xil_defaultlib
INFO: [VRFC 10-311] analyzing module FIR_HLS_mul_16s_9ns_25_1_1
INFO: [VRFC 10-2263] Analyzing SystemVerilog file "C:/HLS-multirate-DSP/HLS_Multirate/Multirate_v3/Multirate_v3/hls/sim/verilog/FIR_HLS_mul_16s_9s_25_1_1.v" into library xil_defaultlib
INFO: [VRFC 10-311] analyzing module FIR_HLS_mul_16s_9s_25_1_1
INFO: [VRFC 10-2263] Analyzing SystemVerilog file "C:/HLS-multirate-DSP/HLS_Multirate/Multirate_v3/Multirate_v3/hls/sim/verilog/FIR_HLS_regslice_both.v" into library xil_defaultlib
INFO: [VRFC 10-311] analyzing module FIR_HLS_regslice_both
INFO: [VRFC 10-2263] Analyzing SystemVerilog file "C:/HLS-multirate-DSP/HLS_Multirate/Multirate_v3/Multirate_v3/hls/sim/verilog/dataflow_monitor.sv" into library xil_defaultlib
INFO: [VRFC 10-311] analyzing module dataflow_monitor
Starting static elaboration
Pass Through NonSizing Optimizer
Completed static elaboration
Starting simulation data flow analysis
Completed simulation data flow analysis
Time Resolution for simulation is 1ps
Compiling package xil_defaultlib.$unit_dataflow_monitor_sv
Compiling module xil_defaultlib.FIR_HLS_mul_10s_16s_25_1_1(NUM_S...
Compiling module xil_defaultlib.FIR_HLS_mul_16s_13s_29_1_1(NUM_S...
Compiling module xil_defaultlib.FIR_HLS_mul_16s_14ns_30_1_1(NUM_...
Compiling module xil_defaultlib.FIR_HLS_mul_16s_10s_26_1_1(NUM_S...
Compiling module xil_defaultlib.FIR_HLS_FIR_filter_transposed_1
Compiling module xil_defaultlib.FIR_HLS_mul_16s_15ns_31_1_0(NUM_...
Compiling module xil_defaultlib.FIR_HLS_mul_16s_10ns_26_1_0(NUM_...
Compiling module xil_defaultlib.FIR_HLS_mac_muladd_16s_9ns_32s_3...
Compiling module xil_defaultlib.FIR_HLS_mac_muladd_16s_9ns_32s_3...
Compiling module xil_defaultlib.FIR_HLS_FIR_filter_transposed_2
Compiling module xil_defaultlib.FIR_HLS_mul_16s_9s_25_1_1(NUM_ST...
Compiling module xil_defaultlib.FIR_HLS_mul_16s_8ns_24_1_1(NUM_S...
Compiling module xil_defaultlib.FIR_HLS_mul_16s_8s_24_1_1(NUM_ST...
Compiling module xil_defaultlib.FIR_HLS_mul_16s_6ns_22_1_1(NUM_S...
Compiling module xil_defaultlib.FIR_HLS_mul_16s_7s_23_1_1(NUM_ST...
Compiling module xil_defaultlib.FIR_HLS_mul_16s_9ns_25_1_1(NUM_S...
Compiling module xil_defaultlib.FIR_HLS_mul_16s_11ns_27_1_1(NUM_...
Compiling module xil_defaultlib.FIR_HLS_mul_16s_11s_27_1_1(NUM_S...
Compiling module xil_defaultlib.FIR_HLS_mul_16s_12ns_28_1_1(NUM_...
Compiling module xil_defaultlib.FIR_HLS_mul_16s_12s_28_1_1(NUM_S...
Compiling module xil_defaultlib.FIR_HLS_mul_16s_13ns_29_1_1(NUM_...
Compiling module xil_defaultlib.FIR_HLS_mul_16s_14s_30_1_1(NUM_S...
Compiling module xil_defaultlib.FIR_HLS_mul_16s_16ns_32_1_1(NUM_...
Compiling module xil_defaultlib.FIR_HLS_mac_muladd_16s_16ns_32ns...
Compiling module xil_defaultlib.FIR_HLS_mac_muladd_16s_16ns_32ns...
Compiling module xil_defaultlib.FIR_HLS_FIR_filter_transposed
Compiling module xil_defaultlib.FIR_HLS_regslice_both(DataWidth=...
Compiling module xil_defaultlib.FIR_HLS
Compiling module xil_defaultlib.fifo(DEPTH=2,WIDTH=16)
Compiling module xil_defaultlib.AESL_axi_s_input_r
Compiling module xil_defaultlib.AESL_axi_s_output_r
Compiling module xil_defaultlib.AESL_deadlock_idx0_monitor
Compiling module xil_defaultlib.AESL_deadlock_kernel_monitor_top...
Compiling module xil_defaultlib.nodf_module_intf_default
Compiling module xil_defaultlib.dataflow_monitor_1
Compiling module xil_defaultlib.apatb_FIR_HLS_top
Compiling module work.glbl
Built simulation snapshot FIR_HLS

****** xsim v2024.2 (64-bit)
  **** SW Build 5239630 on Fri Nov 08 22:35:27 MST 2024
  **** IP Build 5239520 on Sun Nov 10 16:12:51 MST 2024
  **** SharedData Build 5239561 on Fri Nov 08 14:39:27 MST 2024
  **** Start of session at: Sun Nov 16 14:41:22 2025
    ** Copyright 1986-2022 Xilinx, Inc. All Rights Reserved.
    ** Copyright 2022-2024 Advanced Micro Devices, Inc. All Rights Reserved.

source xsim.dir/FIR_HLS/xsim_script.tcl
# xsim {FIR_HLS} -autoloadwcfg -tclbatch {FIR_HLS.tcl}
Time resolution is 1 ps
source FIR_HLS.tcl
## run all
////////////////////////////////////////////////////////////////////////////////////
// Inter-Transaction Progress: Completed Transaction / Total Transaction
// Intra-Transaction Progress: Measured Latency / Latency Estimation * 100%
//
// RTL Simulation : "Inter-Transaction Progress" ["Intra-Transaction Progress"] @ "Simulation Time"
////////////////////////////////////////////////////////////////////////////////////
// RTL Simulation : 0 / 460 [0.00%] @ "125000"
// RTL Simulation : 1 / 460 [100.00%] @ "275000"
// RTL Simulation : 2 / 460 [108.33%] @ "295000"
// RTL Simulation : 3 / 460 [125.00%] @ "325000"
// RTL Simulation : 4 / 460 [41.67%] @ "355000"
// RTL Simulation : 5 / 460 [133.33%] @ "495000"
// RTL Simulation : 6 / 460 [125.00%] @ "515000"
// RTL Simulation : 7 / 460 [125.00%] @ "545000"
// RTL Simulation : 8 / 460 [41.67%] @ "575000"
// RTL Simulation : 9 / 460 [133.33%] @ "715000"
// RTL Simulation : 10 / 460 [125.00%] @ "735000"
// RTL Simulation : 11 / 460 [125.00%] @ "765000"
// RTL Simulation : 12 / 460 [41.67%] @ "795000"
// RTL Simulation : 13 / 460 [133.33%] @ "935000"
// RTL Simulation : 14 / 460 [125.00%] @ "955000"
// RTL Simulation : 15 / 460 [125.00%] @ "985000"
// RTL Simulation : 16 / 460 [41.67%] @ "1015000"
// RTL Simulation : 17 / 460 [133.33%] @ "1155000"
// RTL Simulation : 18 / 460 [125.00%] @ "1175000"
// RTL Simulation : 19 / 460 [125.00%] @ "1205000"
// RTL Simulation : 20 / 460 [41.67%] @ "1235000"
// RTL Simulation : 21 / 460 [133.33%] @ "1375000"
// RTL Simulation : 22 / 460 [125.00%] @ "1395000"
// RTL Simulation : 23 / 460 [125.00%] @ "1425000"
// RTL Simulation : 24 / 460 [41.67%] @ "1455000"
// RTL Simulation : 25 / 460 [133.33%] @ "1595000"
// RTL Simulation : 26 / 460 [125.00%] @ "1615000"
// RTL Simulation : 27 / 460 [125.00%] @ "1645000"
// RTL Simulation : 28 / 460 [41.67%] @ "1675000"
// RTL Simulation : 29 / 460 [133.33%] @ "1815000"
// RTL Simulation : 30 / 460 [125.00%] @ "1835000"
// RTL Simulation : 31 / 460 [125.00%] @ "1865000"
// RTL Simulation : 32 / 460 [41.67%] @ "1895000"
// RTL Simulation : 33 / 460 [133.33%] @ "2035000"
// RTL Simulation : 34 / 460 [125.00%] @ "2055000"
// RTL Simulation : 35 / 460 [125.00%] @ "2085000"
// RTL Simulation : 36 / 460 [41.67%] @ "2115000"
// RTL Simulation : 37 / 460 [133.33%] @ "2255000"
// RTL Simulation : 38 / 460 [125.00%] @ "2275000"
// RTL Simulation : 39 / 460 [125.00%] @ "2305000"
// RTL Simulation : 40 / 460 [41.67%] @ "2335000"
// RTL Simulation : 41 / 460 [133.33%] @ "2475000"
// RTL Simulation : 42 / 460 [125.00%] @ "2495000"
// RTL Simulation : 43 / 460 [125.00%] @ "2525000"
// RTL Simulation : 44 / 460 [41.67%] @ "2555000"
// RTL Simulation : 45 / 460 [133.33%] @ "2695000"
// RTL Simulation : 46 / 460 [125.00%] @ "2715000"
// RTL Simulation : 47 / 460 [125.00%] @ "2745000"
// RTL Simulation : 48 / 460 [41.67%] @ "2775000"
// RTL Simulation : 49 / 460 [133.33%] @ "2915000"
// RTL Simulation : 50 / 460 [125.00%] @ "2935000"
// RTL Simulation : 51 / 460 [125.00%] @ "2965000"
// RTL Simulation : 52 / 460 [41.67%] @ "2995000"
// RTL Simulation : 53 / 460 [133.33%] @ "3135000"
// RTL Simulation : 54 / 460 [125.00%] @ "3155000"
// RTL Simulation : 55 / 460 [125.00%] @ "3185000"
// RTL Simulation : 56 / 460 [41.67%] @ "3215000"
// RTL Simulation : 57 / 460 [133.33%] @ "3355000"
// RTL Simulation : 58 / 460 [125.00%] @ "3375000"
// RTL Simulation : 59 / 460 [125.00%] @ "3405000"
// RTL Simulation : 60 / 460 [41.67%] @ "3435000"
// RTL Simulation : 61 / 460 [133.33%] @ "3575000"
// RTL Simulation : 62 / 460 [125.00%] @ "3595000"
// RTL Simulation : 63 / 460 [125.00%] @ "3625000"
// RTL Simulation : 64 / 460 [41.67%] @ "3655000"
// RTL Simulation : 65 / 460 [133.33%] @ "3795000"
// RTL Simulation : 66 / 460 [125.00%] @ "3815000"
// RTL Simulation : 67 / 460 [125.00%] @ "3845000"
// RTL Simulation : 68 / 460 [41.67%] @ "3875000"
// RTL Simulation : 69 / 460 [133.33%] @ "4015000"
// RTL Simulation : 70 / 460 [125.00%] @ "4035000"
// RTL Simulation : 71 / 460 [125.00%] @ "4065000"
// RTL Simulation : 72 / 460 [41.67%] @ "4095000"
// RTL Simulation : 73 / 460 [133.33%] @ "4235000"
// RTL Simulation : 74 / 460 [125.00%] @ "4255000"
// RTL Simulation : 75 / 460 [125.00%] @ "4285000"
// RTL Simulation : 76 / 460 [41.67%] @ "4315000"
// RTL Simulation : 77 / 460 [133.33%] @ "4455000"
// RTL Simulation : 78 / 460 [125.00%] @ "4475000"
// RTL Simulation : 79 / 460 [125.00%] @ "4505000"
// RTL Simulation : 80 / 460 [41.67%] @ "4535000"
// RTL Simulation : 81 / 460 [133.33%] @ "4675000"
// RTL Simulation : 82 / 460 [125.00%] @ "4695000"
// RTL Simulation : 83 / 460 [125.00%] @ "4725000"
// RTL Simulation : 84 / 460 [41.67%] @ "4755000"
// RTL Simulation : 85 / 460 [133.33%] @ "4895000"
// RTL Simulation : 86 / 460 [125.00%] @ "4915000"
// RTL Simulation : 87 / 460 [125.00%] @ "4945000"
// RTL Simulation : 88 / 460 [41.67%] @ "4975000"
// RTL Simulation : 89 / 460 [133.33%] @ "5115000"
// RTL Simulation : 90 / 460 [125.00%] @ "5135000"
// RTL Simulation : 91 / 460 [125.00%] @ "5165000"
// RTL Simulation : 92 / 460 [41.67%] @ "5195000"
// RTL Simulation : 93 / 460 [133.33%] @ "5335000"
// RTL Simulation : 94 / 460 [125.00%] @ "5355000"
// RTL Simulation : 95 / 460 [125.00%] @ "5385000"
// RTL Simulation : 96 / 460 [41.67%] @ "5415000"
// RTL Simulation : 97 / 460 [133.33%] @ "5555000"
// RTL Simulation : 98 / 460 [125.00%] @ "5575000"
// RTL Simulation : 99 / 460 [125.00%] @ "5605000"
// RTL Simulation : 100 / 460 [41.67%] @ "5635000"
// RTL Simulation : 101 / 460 [133.33%] @ "5775000"
// RTL Simulation : 102 / 460 [125.00%] @ "5795000"
// RTL Simulation : 103 / 460 [125.00%] @ "5825000"
// RTL Simulation : 104 / 460 [41.67%] @ "5855000"
// RTL Simulation : 105 / 460 [133.33%] @ "5995000"
// RTL Simulation : 106 / 460 [125.00%] @ "6015000"
// RTL Simulation : 107 / 460 [125.00%] @ "6045000"
// RTL Simulation : 108 / 460 [41.67%] @ "6075000"
// RTL Simulation : 109 / 460 [133.33%] @ "6215000"
// RTL Simulation : 110 / 460 [125.00%] @ "6235000"
// RTL Simulation : 111 / 460 [125.00%] @ "6265000"
// RTL Simulation : 112 / 460 [41.67%] @ "6295000"
// RTL Simulation : 113 / 460 [133.33%] @ "6435000"
// RTL Simulation : 114 / 460 [125.00%] @ "6455000"
// RTL Simulation : 115 / 460 [125.00%] @ "6485000"
// RTL Simulation : 116 / 460 [41.67%] @ "6515000"
// RTL Simulation : 117 / 460 [133.33%] @ "6655000"
// RTL Simulation : 118 / 460 [125.00%] @ "6675000"
// RTL Simulation : 119 / 460 [125.00%] @ "6705000"
// RTL Simulation : 120 / 460 [41.67%] @ "6735000"
// RTL Simulation : 121 / 460 [133.33%] @ "6875000"
// RTL Simulation : 122 / 460 [125.00%] @ "6895000"
// RTL Simulation : 123 / 460 [125.00%] @ "6925000"
// RTL Simulation : 124 / 460 [41.67%] @ "6955000"
// RTL Simulation : 125 / 460 [133.33%] @ "7095000"
// RTL Simulation : 126 / 460 [125.00%] @ "7115000"
// RTL Simulation : 127 / 460 [125.00%] @ "7145000"
// RTL Simulation : 128 / 460 [41.67%] @ "7175000"
// RTL Simulation : 129 / 460 [133.33%] @ "7315000"
// RTL Simulation : 130 / 460 [125.00%] @ "7335000"
// RTL Simulation : 131 / 460 [125.00%] @ "7365000"
// RTL Simulation : 132 / 460 [41.67%] @ "7395000"
// RTL Simulation : 133 / 460 [133.33%] @ "7535000"
// RTL Simulation : 134 / 460 [125.00%] @ "7555000"
// RTL Simulation : 135 / 460 [125.00%] @ "7585000"
// RTL Simulation : 136 / 460 [41.67%] @ "7615000"
// RTL Simulation : 137 / 460 [133.33%] @ "7755000"
// RTL Simulation : 138 / 460 [125.00%] @ "7775000"
// RTL Simulation : 139 / 460 [125.00%] @ "7805000"
// RTL Simulation : 140 / 460 [41.67%] @ "7835000"
// RTL Simulation : 141 / 460 [133.33%] @ "7975000"
// RTL Simulation : 142 / 460 [125.00%] @ "7995000"
// RTL Simulation : 143 / 460 [125.00%] @ "8025000"
// RTL Simulation : 144 / 460 [41.67%] @ "8055000"
// RTL Simulation : 145 / 460 [133.33%] @ "8195000"
// RTL Simulation : 146 / 460 [125.00%] @ "8215000"
// RTL Simulation : 147 / 460 [125.00%] @ "8245000"
// RTL Simulation : 148 / 460 [41.67%] @ "8275000"
// RTL Simulation : 149 / 460 [133.33%] @ "8415000"
// RTL Simulation : 150 / 460 [125.00%] @ "8435000"
// RTL Simulation : 151 / 460 [125.00%] @ "8465000"
// RTL Simulation : 152 / 460 [41.67%] @ "8495000"
// RTL Simulation : 153 / 460 [133.33%] @ "8635000"
// RTL Simulation : 154 / 460 [125.00%] @ "8655000"
// RTL Simulation : 155 / 460 [125.00%] @ "8685000"
// RTL Simulation : 156 / 460 [41.67%] @ "8715000"
// RTL Simulation : 157 / 460 [133.33%] @ "8855000"
// RTL Simulation : 158 / 460 [125.00%] @ "8875000"
// RTL Simulation : 159 / 460 [125.00%] @ "8905000"
// RTL Simulation : 160 / 460 [41.67%] @ "8935000"
// RTL Simulation : 161 / 460 [133.33%] @ "9075000"
// RTL Simulation : 162 / 460 [125.00%] @ "9095000"
// RTL Simulation : 163 / 460 [125.00%] @ "9125000"
// RTL Simulation : 164 / 460 [41.67%] @ "9155000"
// RTL Simulation : 165 / 460 [133.33%] @ "9295000"
// RTL Simulation : 166 / 460 [125.00%] @ "9315000"
// RTL Simulation : 167 / 460 [125.00%] @ "9345000"
// RTL Simulation : 168 / 460 [41.67%] @ "9375000"
// RTL Simulation : 169 / 460 [133.33%] @ "9515000"
// RTL Simulation : 170 / 460 [125.00%] @ "9535000"
// RTL Simulation : 171 / 460 [125.00%] @ "9565000"
// RTL Simulation : 172 / 460 [41.67%] @ "9595000"
// RTL Simulation : 173 / 460 [133.33%] @ "9735000"
// RTL Simulation : 174 / 460 [125.00%] @ "9755000"
// RTL Simulation : 175 / 460 [125.00%] @ "9785000"
// RTL Simulation : 176 / 460 [41.67%] @ "9815000"
// RTL Simulation : 177 / 460 [133.33%] @ "9955000"
// RTL Simulation : 178 / 460 [125.00%] @ "9975000"
// RTL Simulation : 179 / 460 [125.00%] @ "10005000"
// RTL Simulation : 180 / 460 [41.67%] @ "10035000"
// RTL Simulation : 181 / 460 [133.33%] @ "10175000"
// RTL Simulation : 182 / 460 [125.00%] @ "10195000"
// RTL Simulation : 183 / 460 [125.00%] @ "10225000"
// RTL Simulation : 184 / 460 [41.67%] @ "10255000"
// RTL Simulation : 185 / 460 [133.33%] @ "10395000"
// RTL Simulation : 186 / 460 [125.00%] @ "10415000"
// RTL Simulation : 187 / 460 [125.00%] @ "10445000"
// RTL Simulation : 188 / 460 [41.67%] @ "10475000"
// RTL Simulation : 189 / 460 [133.33%] @ "10615000"
// RTL Simulation : 190 / 460 [125.00%] @ "10635000"
// RTL Simulation : 191 / 460 [125.00%] @ "10665000"
// RTL Simulation : 192 / 460 [41.67%] @ "10695000"
// RTL Simulation : 193 / 460 [133.33%] @ "10835000"
// RTL Simulation : 194 / 460 [125.00%] @ "10855000"
// RTL Simulation : 195 / 460 [125.00%] @ "10885000"
// RTL Simulation : 196 / 460 [41.67%] @ "10915000"
// RTL Simulation : 197 / 460 [133.33%] @ "11055000"
// RTL Simulation : 198 / 460 [125.00%] @ "11075000"
// RTL Simulation : 199 / 460 [125.00%] @ "11105000"
// RTL Simulation : 200 / 460 [41.67%] @ "11135000"
// RTL Simulation : 201 / 460 [133.33%] @ "11275000"
// RTL Simulation : 202 / 460 [125.00%] @ "11295000"
// RTL Simulation : 203 / 460 [125.00%] @ "11325000"
// RTL Simulation : 204 / 460 [41.67%] @ "11355000"
// RTL Simulation : 205 / 460 [133.33%] @ "11495000"
// RTL Simulation : 206 / 460 [125.00%] @ "11515000"
// RTL Simulation : 207 / 460 [125.00%] @ "11545000"
// RTL Simulation : 208 / 460 [41.67%] @ "11575000"
// RTL Simulation : 209 / 460 [133.33%] @ "11715000"
// RTL Simulation : 210 / 460 [125.00%] @ "11735000"
// RTL Simulation : 211 / 460 [125.00%] @ "11765000"
// RTL Simulation : 212 / 460 [41.67%] @ "11795000"
// RTL Simulation : 213 / 460 [133.33%] @ "11935000"
// RTL Simulation : 214 / 460 [125.00%] @ "11955000"
// RTL Simulation : 215 / 460 [125.00%] @ "11985000"
// RTL Simulation : 216 / 460 [41.67%] @ "12015000"
// RTL Simulation : 217 / 460 [133.33%] @ "12155000"
// RTL Simulation : 218 / 460 [125.00%] @ "12175000"
// RTL Simulation : 219 / 460 [125.00%] @ "12205000"
// RTL Simulation : 220 / 460 [41.67%] @ "12235000"
// RTL Simulation : 221 / 460 [133.33%] @ "12375000"
// RTL Simulation : 222 / 460 [125.00%] @ "12395000"
// RTL Simulation : 223 / 460 [125.00%] @ "12425000"
// RTL Simulation : 224 / 460 [41.67%] @ "12455000"
// RTL Simulation : 225 / 460 [133.33%] @ "12595000"
// RTL Simulation : 226 / 460 [125.00%] @ "12615000"
// RTL Simulation : 227 / 460 [125.00%] @ "12645000"
// RTL Simulation : 228 / 460 [41.67%] @ "12675000"
// RTL Simulation : 229 / 460 [133.33%] @ "12815000"
// RTL Simulation : 230 / 460 [125.00%] @ "12835000"
// RTL Simulation : 231 / 460 [125.00%] @ "12865000"
// RTL Simulation : 232 / 460 [41.67%] @ "12895000"
// RTL Simulation : 233 / 460 [133.33%] @ "13035000"
// RTL Simulation : 234 / 460 [125.00%] @ "13055000"
// RTL Simulation : 235 / 460 [125.00%] @ "13085000"
// RTL Simulation : 236 / 460 [41.67%] @ "13115000"
// RTL Simulation : 237 / 460 [133.33%] @ "13255000"
// RTL Simulation : 238 / 460 [125.00%] @ "13275000"
// RTL Simulation : 239 / 460 [125.00%] @ "13305000"
// RTL Simulation : 240 / 460 [41.67%] @ "13335000"
// RTL Simulation : 241 / 460 [133.33%] @ "13475000"
// RTL Simulation : 242 / 460 [125.00%] @ "13495000"
// RTL Simulation : 243 / 460 [125.00%] @ "13525000"
// RTL Simulation : 244 / 460 [41.67%] @ "13555000"
// RTL Simulation : 245 / 460 [133.33%] @ "13695000"
// RTL Simulation : 246 / 460 [125.00%] @ "13715000"
// RTL Simulation : 247 / 460 [125.00%] @ "13745000"
// RTL Simulation : 248 / 460 [41.67%] @ "13775000"
// RTL Simulation : 249 / 460 [133.33%] @ "13915000"
// RTL Simulation : 250 / 460 [125.00%] @ "13935000"
// RTL Simulation : 251 / 460 [125.00%] @ "13965000"
// RTL Simulation : 252 / 460 [41.67%] @ "13995000"
// RTL Simulation : 253 / 460 [133.33%] @ "14135000"
// RTL Simulation : 254 / 460 [125.00%] @ "14155000"
// RTL Simulation : 255 / 460 [125.00%] @ "14185000"
// RTL Simulation : 256 / 460 [41.67%] @ "14215000"
// RTL Simulation : 257 / 460 [133.33%] @ "14355000"
// RTL Simulation : 258 / 460 [125.00%] @ "14375000"
// RTL Simulation : 259 / 460 [125.00%] @ "14405000"
// RTL Simulation : 260 / 460 [41.67%] @ "14435000"
// RTL Simulation : 261 / 460 [133.33%] @ "14575000"
// RTL Simulation : 262 / 460 [125.00%] @ "14595000"
// RTL Simulation : 263 / 460 [125.00%] @ "14625000"
// RTL Simulation : 264 / 460 [41.67%] @ "14655000"
// RTL Simulation : 265 / 460 [133.33%] @ "14795000"
// RTL Simulation : 266 / 460 [125.00%] @ "14815000"
// RTL Simulation : 267 / 460 [125.00%] @ "14845000"
// RTL Simulation : 268 / 460 [41.67%] @ "14875000"
// RTL Simulation : 269 / 460 [133.33%] @ "15015000"
// RTL Simulation : 270 / 460 [125.00%] @ "15035000"
// RTL Simulation : 271 / 460 [125.00%] @ "15065000"
// RTL Simulation : 272 / 460 [41.67%] @ "15095000"
// RTL Simulation : 273 / 460 [133.33%] @ "15235000"
// RTL Simulation : 274 / 460 [125.00%] @ "15255000"
// RTL Simulation : 275 / 460 [125.00%] @ "15285000"
// RTL Simulation : 276 / 460 [41.67%] @ "15315000"
// RTL Simulation : 277 / 460 [133.33%] @ "15455000"
// RTL Simulation : 278 / 460 [125.00%] @ "15475000"
// RTL Simulation : 279 / 460 [125.00%] @ "15505000"
// RTL Simulation : 280 / 460 [41.67%] @ "15535000"
// RTL Simulation : 281 / 460 [133.33%] @ "15675000"
// RTL Simulation : 282 / 460 [125.00%] @ "15695000"
// RTL Simulation : 283 / 460 [125.00%] @ "15725000"
// RTL Simulation : 284 / 460 [41.67%] @ "15755000"
// RTL Simulation : 285 / 460 [133.33%] @ "15895000"
// RTL Simulation : 286 / 460 [125.00%] @ "15915000"
// RTL Simulation : 287 / 460 [125.00%] @ "15945000"
// RTL Simulation : 288 / 460 [41.67%] @ "15975000"
// RTL Simulation : 289 / 460 [133.33%] @ "16115000"
// RTL Simulation : 290 / 460 [125.00%] @ "16135000"
// RTL Simulation : 291 / 460 [125.00%] @ "16165000"
// RTL Simulation : 292 / 460 [41.67%] @ "16195000"
// RTL Simulation : 293 / 460 [133.33%] @ "16335000"
// RTL Simulation : 294 / 460 [125.00%] @ "16355000"
// RTL Simulation : 295 / 460 [125.00%] @ "16385000"
// RTL Simulation : 296 / 460 [41.67%] @ "16415000"
// RTL Simulation : 297 / 460 [133.33%] @ "16555000"
// RTL Simulation : 298 / 460 [125.00%] @ "16575000"
// RTL Simulation : 299 / 460 [125.00%] @ "16605000"
// RTL Simulation : 300 / 460 [41.67%] @ "16635000"
// RTL Simulation : 301 / 460 [133.33%] @ "16775000"
// RTL Simulation : 302 / 460 [125.00%] @ "16795000"
// RTL Simulation : 303 / 460 [125.00%] @ "16825000"
// RTL Simulation : 304 / 460 [41.67%] @ "16855000"
// RTL Simulation : 305 / 460 [133.33%] @ "16995000"
// RTL Simulation : 306 / 460 [125.00%] @ "17015000"
// RTL Simulation : 307 / 460 [125.00%] @ "17045000"
// RTL Simulation : 308 / 460 [41.67%] @ "17075000"
// RTL Simulation : 309 / 460 [133.33%] @ "17215000"
// RTL Simulation : 310 / 460 [125.00%] @ "17235000"
// RTL Simulation : 311 / 460 [125.00%] @ "17265000"
// RTL Simulation : 312 / 460 [41.67%] @ "17295000"
// RTL Simulation : 313 / 460 [133.33%] @ "17435000"
// RTL Simulation : 314 / 460 [125.00%] @ "17455000"
// RTL Simulation : 315 / 460 [125.00%] @ "17485000"
// RTL Simulation : 316 / 460 [41.67%] @ "17515000"
// RTL Simulation : 317 / 460 [133.33%] @ "17655000"
// RTL Simulation : 318 / 460 [125.00%] @ "17675000"
// RTL Simulation : 319 / 460 [125.00%] @ "17705000"
// RTL Simulation : 320 / 460 [41.67%] @ "17735000"
// RTL Simulation : 321 / 460 [133.33%] @ "17875000"
// RTL Simulation : 322 / 460 [125.00%] @ "17895000"
// RTL Simulation : 323 / 460 [125.00%] @ "17925000"
// RTL Simulation : 324 / 460 [41.67%] @ "17955000"
// RTL Simulation : 325 / 460 [133.33%] @ "18095000"
// RTL Simulation : 326 / 460 [125.00%] @ "18115000"
// RTL Simulation : 327 / 460 [125.00%] @ "18145000"
// RTL Simulation : 328 / 460 [41.67%] @ "18175000"
// RTL Simulation : 329 / 460 [133.33%] @ "18315000"
// RTL Simulation : 330 / 460 [125.00%] @ "18335000"
// RTL Simulation : 331 / 460 [125.00%] @ "18365000"
// RTL Simulation : 332 / 460 [41.67%] @ "18395000"
// RTL Simulation : 333 / 460 [133.33%] @ "18535000"
// RTL Simulation : 334 / 460 [125.00%] @ "18555000"
// RTL Simulation : 335 / 460 [125.00%] @ "18585000"
// RTL Simulation : 336 / 460 [41.67%] @ "18615000"
// RTL Simulation : 337 / 460 [133.33%] @ "18755000"
// RTL Simulation : 338 / 460 [125.00%] @ "18775000"
// RTL Simulation : 339 / 460 [125.00%] @ "18805000"
// RTL Simulation : 340 / 460 [41.67%] @ "18835000"
// RTL Simulation : 341 / 460 [133.33%] @ "18975000"
// RTL Simulation : 342 / 460 [125.00%] @ "18995000"
// RTL Simulation : 343 / 460 [125.00%] @ "19025000"
// RTL Simulation : 344 / 460 [41.67%] @ "19055000"
// RTL Simulation : 345 / 460 [133.33%] @ "19195000"
// RTL Simulation : 346 / 460 [125.00%] @ "19215000"
// RTL Simulation : 347 / 460 [125.00%] @ "19245000"
// RTL Simulation : 348 / 460 [41.67%] @ "19275000"
// RTL Simulation : 349 / 460 [133.33%] @ "19415000"
// RTL Simulation : 350 / 460 [125.00%] @ "19435000"
// RTL Simulation : 351 / 460 [125.00%] @ "19465000"
// RTL Simulation : 352 / 460 [41.67%] @ "19495000"
// RTL Simulation : 353 / 460 [133.33%] @ "19635000"
// RTL Simulation : 354 / 460 [125.00%] @ "19655000"
// RTL Simulation : 355 / 460 [125.00%] @ "19685000"
// RTL Simulation : 356 / 460 [41.67%] @ "19715000"
// RTL Simulation : 357 / 460 [133.33%] @ "19855000"
// RTL Simulation : 358 / 460 [125.00%] @ "19875000"
// RTL Simulation : 359 / 460 [125.00%] @ "19905000"
// RTL Simulation : 360 / 460 [41.67%] @ "19935000"
// RTL Simulation : 361 / 460 [133.33%] @ "20075000"
// RTL Simulation : 362 / 460 [125.00%] @ "20095000"
// RTL Simulation : 363 / 460 [125.00%] @ "20125000"
// RTL Simulation : 364 / 460 [41.67%] @ "20155000"
// RTL Simulation : 365 / 460 [133.33%] @ "20295000"
// RTL Simulation : 366 / 460 [125.00%] @ "20315000"
// RTL Simulation : 367 / 460 [125.00%] @ "20345000"
// RTL Simulation : 368 / 460 [41.67%] @ "20375000"
// RTL Simulation : 369 / 460 [133.33%] @ "20515000"
// RTL Simulation : 370 / 460 [125.00%] @ "20535000"
// RTL Simulation : 371 / 460 [125.00%] @ "20565000"
// RTL Simulation : 372 / 460 [41.67%] @ "20595000"
// RTL Simulation : 373 / 460 [133.33%] @ "20735000"
// RTL Simulation : 374 / 460 [125.00%] @ "20755000"
// RTL Simulation : 375 / 460 [125.00%] @ "20785000"
// RTL Simulation : 376 / 460 [41.67%] @ "20815000"
// RTL Simulation : 377 / 460 [133.33%] @ "20955000"
// RTL Simulation : 378 / 460 [125.00%] @ "20975000"
// RTL Simulation : 379 / 460 [125.00%] @ "21005000"
// RTL Simulation : 380 / 460 [41.67%] @ "21035000"
// RTL Simulation : 381 / 460 [133.33%] @ "21175000"
// RTL Simulation : 382 / 460 [125.00%] @ "21195000"
// RTL Simulation : 383 / 460 [125.00%] @ "21225000"
// RTL Simulation : 384 / 460 [41.67%] @ "21255000"
// RTL Simulation : 385 / 460 [133.33%] @ "21395000"
// RTL Simulation : 386 / 460 [125.00%] @ "21415000"
// RTL Simulation : 387 / 460 [125.00%] @ "21445000"
// RTL Simulation : 388 / 460 [41.67%] @ "21475000"
// RTL Simulation : 389 / 460 [133.33%] @ "21615000"
// RTL Simulation : 390 / 460 [125.00%] @ "21635000"
// RTL Simulation : 391 / 460 [125.00%] @ "21665000"
// RTL Simulation : 392 / 460 [41.67%] @ "21695000"
// RTL Simulation : 393 / 460 [133.33%] @ "21835000"
// RTL Simulation : 394 / 460 [125.00%] @ "21855000"
// RTL Simulation : 395 / 460 [125.00%] @ "21885000"
// RTL Simulation : 396 / 460 [41.67%] @ "21915000"
// RTL Simulation : 397 / 460 [133.33%] @ "22055000"
// RTL Simulation : 398 / 460 [125.00%] @ "22075000"
// RTL Simulation : 399 / 460 [125.00%] @ "22105000"
// RTL Simulation : 400 / 460 [41.67%] @ "22135000"
// RTL Simulation : 401 / 460 [133.33%] @ "22275000"
// RTL Simulation : 402 / 460 [125.00%] @ "22295000"
// RTL Simulation : 403 / 460 [125.00%] @ "22325000"
// RTL Simulation : 404 / 460 [41.67%] @ "22355000"
// RTL Simulation : 405 / 460 [133.33%] @ "22495000"
// RTL Simulation : 406 / 460 [125.00%] @ "22515000"
// RTL Simulation : 407 / 460 [125.00%] @ "22545000"
// RTL Simulation : 408 / 460 [41.67%] @ "22575000"
// RTL Simulation : 409 / 460 [133.33%] @ "22715000"
// RTL Simulation : 410 / 460 [125.00%] @ "22735000"
// RTL Simulation : 411 / 460 [125.00%] @ "22765000"
// RTL Simulation : 412 / 460 [41.67%] @ "22795000"
// RTL Simulation : 413 / 460 [133.33%] @ "22935000"
// RTL Simulation : 414 / 460 [125.00%] @ "22955000"
// RTL Simulation : 415 / 460 [125.00%] @ "22985000"
// RTL Simulation : 416 / 460 [41.67%] @ "23015000"
// RTL Simulation : 417 / 460 [133.33%] @ "23155000"
// RTL Simulation : 418 / 460 [125.00%] @ "23175000"
// RTL Simulation : 419 / 460 [125.00%] @ "23205000"
// RTL Simulation : 420 / 460 [41.67%] @ "23235000"
// RTL Simulation : 421 / 460 [133.33%] @ "23375000"
// RTL Simulation : 422 / 460 [125.00%] @ "23395000"
// RTL Simulation : 423 / 460 [125.00%] @ "23425000"
// RTL Simulation : 424 / 460 [41.67%] @ "23455000"
// RTL Simulation : 425 / 460 [133.33%] @ "23595000"
// RTL Simulation : 426 / 460 [125.00%] @ "23615000"
// RTL Simulation : 427 / 460 [125.00%] @ "23645000"
// RTL Simulation : 428 / 460 [41.67%] @ "23675000"
// RTL Simulation : 429 / 460 [133.33%] @ "23815000"
// RTL Simulation : 430 / 460 [125.00%] @ "23835000"
// RTL Simulation : 431 / 460 [125.00%] @ "23865000"
// RTL Simulation : 432 / 460 [41.67%] @ "23895000"
// RTL Simulation : 433 / 460 [133.33%] @ "24035000"
// RTL Simulation : 434 / 460 [125.00%] @ "24055000"
// RTL Simulation : 435 / 460 [125.00%] @ "24085000"
// RTL Simulation : 436 / 460 [41.67%] @ "24115000"
// RTL Simulation : 437 / 460 [133.33%] @ "24255000"
// RTL Simulation : 438 / 460 [125.00%] @ "24275000"
// RTL Simulation : 439 / 460 [125.00%] @ "24305000"
// RTL Simulation : 440 / 460 [41.67%] @ "24335000"
// RTL Simulation : 441 / 460 [133.33%] @ "24475000"
// RTL Simulation : 442 / 460 [125.00%] @ "24495000"
// RTL Simulation : 443 / 460 [125.00%] @ "24525000"
// RTL Simulation : 444 / 460 [41.67%] @ "24555000"
// RTL Simulation : 445 / 460 [133.33%] @ "24695000"
// RTL Simulation : 446 / 460 [125.00%] @ "24715000"
// RTL Simulation : 447 / 460 [125.00%] @ "24745000"
// RTL Simulation : 448 / 460 [41.67%] @ "24775000"
// RTL Simulation : 449 / 460 [133.33%] @ "24915000"
// RTL Simulation : 450 / 460 [125.00%] @ "24935000"
// RTL Simulation : 451 / 460 [125.00%] @ "24965000"
// RTL Simulation : 452 / 460 [41.67%] @ "24995000"
// RTL Simulation : 453 / 460 [133.33%] @ "25135000"
// RTL Simulation : 454 / 460 [125.00%] @ "25155000"
// RTL Simulation : 455 / 460 [125.00%] @ "25185000"
// RTL Simulation : 456 / 460 [41.67%] @ "25215000"
// RTL Simulation : 457 / 460 [133.33%] @ "25355000"
// RTL Simulation : 458 / 460 [125.00%] @ "25375000"
// RTL Simulation : 459 / 460 [125.00%] @ "25405000"
// RTL Simulation : 460 / 460 [100.00%] @ "25435000"
////////////////////////////////////////////////////////////////////////////////////
$finish called at time : 25495 ns : File "C:/HLS-multirate-DSP/HLS_Multirate/Multirate_v3/Multirate_v3/hls/sim/verilog/FIR_HLS.autotb.v" Line 196
## quit
INFO: [Common 17-206] Exiting xsim at Sun Nov 16 14:41:26 2025...
INFO: [COSIM 212-316] Starting C post checking ...
INFO: Reading ../../../../../../Matlab/TS_HLS_multirate.dat
INFO: Read 460 samples from ../../../../../../Matlab/TS_HLS_multirate.dat
INFO: Reading ../../../../../../Matlab/TS_HLS_multirate.res
INFO: Read 460 samples from ../../../../../../Matlab/TS_HLS_multirate.res
INFO: Input and reference data lengths match.
Mismatch at sample  280: ref=-0.358093, dut=-0.304932
Mismatch at sample  281: ref=-0.481445, dut=-0.420898
Mismatch at sample  282: ref=-0.582062, dut=-0.569702
Mismatch at sample  283: ref=-0.672455, dut=-0.785156
Mismatch at sample  284: ref=-0.771301, dut=0.978027
Mismatch at sample  285: ref=-0.851379, dut=0.883667
Mismatch at sample  286: ref=-0.910278, dut=-0.931274
Mismatch at sample  287: ref=-0.951416, dut=-0.438354
Mismatch at sample  288: ref=-0.987885, dut=0.21582
Mismatch at sample  289: ref=0.999847, dut=0.791748
Mismatch at sample  290: ref=-0.999756, dut=-0.976807
Mismatch at sample  291: ref=-0.980927, dut=0.810913
Mismatch at sample  292: ref=-0.947968, dut=0.255737
Mismatch at sample  293: ref=-0.892883, dut=-0.379883
Mismatch at sample  294: ref=-0.838196, dut=-0.859253
Mismatch at sample  295: ref=-0.769135, dut=0.96582
Mismatch at sample  296: ref=-0.679352, dut=-0.930054
Mismatch at sample  297: ref=-0.573975, dut=-0.686768
Mismatch at sample  298: ref=-0.480408, dut=-0.46814
Mismatch at sample  299: ref=-0.378174, dut=-0.317749
Mismatch at sample  300: ref=-0.251801, dut=-0.19873
---------------------------------------
Testbench Results
Samples processed : 460
Mismatches        : 21
Status: FAIL [!!] (21 samples out of tolerance)
---------------------------------------
INFO [HLS SIM]: The maximum depth reached by any hls::stream() instance in the design is 460
INFO: [COSIM 212-1000] *** C/RTL co-simulation finished: PASS ***
INFO: [HLS 200-112] Total CPU user time: 5 seconds. Total CPU system time: 2 seconds. Total elapsed time: 44.817 seconds; peak allocated memory: 344.074 MB.
INFO: [vitis-run 60-791] Total elapsed time: 0h 0m 49s
