11/16/25 02:05:37: Running xcd server. This server was built by gradle.
11/16/25 02:05:37: Server was asked to start on port: '55416'
11/16/25 02:05:37: Server is using token UUID: '49610a05-7330-4f99-9433-a936d14c19a3'
11/16/25 02:05:37: SESSION_MGR: creating session with session uuid: '6d04a3e9-ade5-4ab9-8d63-1f78fcd2ec76' and name 'default'
11/16/25 02:05:37: Attempting to start server on port '55416'
11/16/25 02:05:37: Running Dispatch Server
11/16/25 02:05:37: Version 2.2.0
11/16/25 02:05:39: Dispatch Server: Accepted socket connection from client
11/16/25 02:05:39: Starting Socket connection
11/16/25 02:05:39: EXCHANGE_TOKEN received, server token: 49610a05-7330-4f99-9433-a936d14c19a3, passed token: 49610a05-7330-4f99-9433-a936d14c19a3
11/16/25 02:05:39: DISPATCH_HANDLER: Adding handler from function makeHandler in library xv_system_diagram
11/16/25 02:05:39: SESSION_MGR: creating session with session uuid: '3a47f0ff-b2bc-433f-92f0-63078087078f' and name 'vitis-run_compile_Multirate_v3'
11/16/25 02:05:39: KERNEL_SVC: creating session with uuid: '3a47f0ff-b2bc-433f-92f0-63078087078f' and name 'vitis-run_compile_Multirate_v3'
11/16/25 02:05:39: GUIDANCE_SMGR: creating guidance session with uuid: '3a47f0ff-b2bc-433f-92f0-63078087078f' and name 'vitis-run_compile_Multirate_v3'
11/16/25 02:05:39: SYSTEM_DIAGRAM: creating session with uuid: '3a47f0ff-b2bc-433f-92f0-63078087078f' and name 'vitis-run_compile_Multirate_v3'
11/16/25 02:05:52: Dispatch Server: Accepted socket connection from client
11/16/25 02:05:52: Starting Socket connection
11/16/25 02:06:06: SESSION_MGR: closing session for UUID '3a47f0ff-b2bc-433f-92f0-63078087078f' with name 'vitis-run_compile_Multirate_v3'
11/16/25 02:06:06: KERNEL_SVC: closing session for UUID '3a47f0ff-b2bc-433f-92f0-63078087078f' with name 'vitis-run_compile_Multirate_v3'
11/16/25 02:06:06: GUIDANCE_SMGR: closing session for UUID '3a47f0ff-b2bc-433f-92f0-63078087078f' with name 'vitis-run_compile_Multirate_v3'
11/16/25 02:06:06: SYSTEM_DIAGRAM: closing session for UUID '3a47f0ff-b2bc-433f-92f0-63078087078f' with name 'vitis-run_compile_Multirate_v3'
11/16/25 02:06:06: STOP_SERVER received, server token: 49610a05-7330-4f99-9433-a936d14c19a3, passed token: 49610a05-7330-4f99-9433-a936d14c19a3
11/16/25 02:06:06: Socket received request to stop server.
11/16/25 02:06:06: Dispatch Server: do_await_stop
11/16/25 02:06:06: SERVER: destructor for server bound to port 55416
11/16/25 02:06:44: Running xcd server. This server was built by gradle.
11/16/25 02:06:44: Server was asked to start on port: '55420'
11/16/25 02:06:44: Server is using token UUID: '68e10d06-ecc2-4268-af4a-5a6801d7ce6a'
11/16/25 02:06:44: SESSION_MGR: creating session with session uuid: '6d04a3e9-ade5-4ab9-8d63-1f78fcd2ec76' and name 'default'
11/16/25 02:06:44: Attempting to start server on port '55420'
11/16/25 02:06:44: Running Dispatch Server
11/16/25 02:06:44: Version 2.2.0
11/16/25 02:06:45: Dispatch Server: Accepted socket connection from client
11/16/25 02:06:45: Starting Socket connection
11/16/25 02:06:45: EXCHANGE_TOKEN received, server token: 68e10d06-ecc2-4268-af4a-5a6801d7ce6a, passed token: 68e10d06-ecc2-4268-af4a-5a6801d7ce6a
11/16/25 02:06:46: DISPATCH_HANDLER: Adding handler from function makeHandler in library xv_system_diagram
11/16/25 02:06:46: SESSION_MGR: creating session with session uuid: '6e2a3fcc-7b36-4e53-b1fe-cad763fa0f9a' and name 'v++_compile_Multirate_v3'
11/16/25 02:06:46: KERNEL_SVC: creating session with uuid: '6e2a3fcc-7b36-4e53-b1fe-cad763fa0f9a' and name 'v++_compile_Multirate_v3'
11/16/25 02:06:46: GUIDANCE_SMGR: creating guidance session with uuid: '6e2a3fcc-7b36-4e53-b1fe-cad763fa0f9a' and name 'v++_compile_Multirate_v3'
11/16/25 02:06:46: SYSTEM_DIAGRAM: creating session with uuid: '6e2a3fcc-7b36-4e53-b1fe-cad763fa0f9a' and name 'v++_compile_Multirate_v3'
11/16/25 02:06:51: Dispatch Server: Accepted socket connection from client
11/16/25 02:06:51: Starting Socket connection
11/16/25 02:07:27: SESSION_MGR: closing session for UUID '6e2a3fcc-7b36-4e53-b1fe-cad763fa0f9a' with name 'v++_compile_Multirate_v3'
11/16/25 02:07:27: KERNEL_SVC: closing session for UUID '6e2a3fcc-7b36-4e53-b1fe-cad763fa0f9a' with name 'v++_compile_Multirate_v3'
11/16/25 02:07:27: GUIDANCE_SMGR: closing session for UUID '6e2a3fcc-7b36-4e53-b1fe-cad763fa0f9a' with name 'v++_compile_Multirate_v3'
11/16/25 02:07:27: SYSTEM_DIAGRAM: closing session for UUID '6e2a3fcc-7b36-4e53-b1fe-cad763fa0f9a' with name 'v++_compile_Multirate_v3'
11/16/25 02:07:27: STOP_SERVER received, server token: 68e10d06-ecc2-4268-af4a-5a6801d7ce6a, passed token: 68e10d06-ecc2-4268-af4a-5a6801d7ce6a
11/16/25 02:07:27: Socket received request to stop server.
11/16/25 02:07:27: Dispatch Server: do_await_stop
11/16/25 02:07:27: SERVER: destructor for server bound to port 55420
11/16/25 02:13:23: Running xcd server. This server was built by gradle.
11/16/25 02:13:23: Server was asked to start on port: '50374'
11/16/25 02:13:23: Server is using token UUID: '6ab56986-410f-425c-9022-5f127aeb7cd4'
11/16/25 02:13:23: SESSION_MGR: creating session with session uuid: '6d04a3e9-ade5-4ab9-8d63-1f78fcd2ec76' and name 'default'
11/16/25 02:13:23: Attempting to start server on port '50374'
11/16/25 02:13:23: Running Dispatch Server
11/16/25 02:13:23: Version 2.2.0
11/16/25 02:13:24: Dispatch Server: Accepted socket connection from client
11/16/25 02:13:24: Starting Socket connection
11/16/25 02:13:24: EXCHANGE_TOKEN received, server token: 6ab56986-410f-425c-9022-5f127aeb7cd4, passed token: 6ab56986-410f-425c-9022-5f127aeb7cd4
11/16/25 02:13:25: DISPATCH_HANDLER: Adding handler from function makeHandler in library xv_system_diagram
11/16/25 02:13:25: SESSION_MGR: creating session with session uuid: '480fd827-a694-44ec-8fcb-7e354abba9ad' and name 'vitis-run_compile_Multirate_v3'
11/16/25 02:13:25: KERNEL_SVC: creating session with uuid: '480fd827-a694-44ec-8fcb-7e354abba9ad' and name 'vitis-run_compile_Multirate_v3'
11/16/25 02:13:25: GUIDANCE_SMGR: creating guidance session with uuid: '480fd827-a694-44ec-8fcb-7e354abba9ad' and name 'vitis-run_compile_Multirate_v3'
11/16/25 02:13:25: SYSTEM_DIAGRAM: creating session with uuid: '480fd827-a694-44ec-8fcb-7e354abba9ad' and name 'vitis-run_compile_Multirate_v3'
11/16/25 02:13:31: Dispatch Server: Accepted socket connection from client
11/16/25 02:13:31: Starting Socket connection
11/16/25 02:13:40: SESSION_MGR: closing session for UUID '480fd827-a694-44ec-8fcb-7e354abba9ad' with name 'vitis-run_compile_Multirate_v3'
11/16/25 02:13:40: KERNEL_SVC: closing session for UUID '480fd827-a694-44ec-8fcb-7e354abba9ad' with name 'vitis-run_compile_Multirate_v3'
11/16/25 02:13:40: GUIDANCE_SMGR: closing session for UUID '480fd827-a694-44ec-8fcb-7e354abba9ad' with name 'vitis-run_compile_Multirate_v3'
11/16/25 02:13:40: SYSTEM_DIAGRAM: closing session for UUID '480fd827-a694-44ec-8fcb-7e354abba9ad' with name 'vitis-run_compile_Multirate_v3'
11/16/25 02:13:40: STOP_SERVER received, server token: 6ab56986-410f-425c-9022-5f127aeb7cd4, passed token: 6ab56986-410f-425c-9022-5f127aeb7cd4
11/16/25 02:13:40: Socket received request to stop server.
11/16/25 02:13:40: Dispatch Server: do_await_stop
11/16/25 02:13:40: SERVER: destructor for server bound to port 50374
11/16/25 02:13:48: Running xcd server. This server was built by gradle.
11/16/25 02:13:48: Server was asked to start on port: '50377'
11/16/25 02:13:48: Server is using token UUID: '1df54e99-5aae-4de1-ae72-00cbceed5ddd'
11/16/25 02:13:48: SESSION_MGR: creating session with session uuid: '6d04a3e9-ade5-4ab9-8d63-1f78fcd2ec76' and name 'default'
11/16/25 02:13:48: Attempting to start server on port '50377'
11/16/25 02:13:48: Running Dispatch Server
11/16/25 02:13:48: Version 2.2.0
11/16/25 02:13:50: Dispatch Server: Accepted socket connection from client
11/16/25 02:13:50: Starting Socket connection
11/16/25 02:13:50: EXCHANGE_TOKEN received, server token: 1df54e99-5aae-4de1-ae72-00cbceed5ddd, passed token: 1df54e99-5aae-4de1-ae72-00cbceed5ddd
11/16/25 02:13:50: DISPATCH_HANDLER: Adding handler from function makeHandler in library xv_system_diagram
11/16/25 02:13:50: SESSION_MGR: creating session with session uuid: '75878784-411e-4e9a-a34f-f8e7e8c0373e' and name 'v++_compile_Multirate_v3'
11/16/25 02:13:50: KERNEL_SVC: creating session with uuid: '75878784-411e-4e9a-a34f-f8e7e8c0373e' and name 'v++_compile_Multirate_v3'
11/16/25 02:13:50: GUIDANCE_SMGR: creating guidance session with uuid: '75878784-411e-4e9a-a34f-f8e7e8c0373e' and name 'v++_compile_Multirate_v3'
11/16/25 02:13:50: SYSTEM_DIAGRAM: creating session with uuid: '75878784-411e-4e9a-a34f-f8e7e8c0373e' and name 'v++_compile_Multirate_v3'
11/16/25 02:13:56: Dispatch Server: Accepted socket connection from client
11/16/25 02:13:56: Starting Socket connection
11/16/25 02:14:28: SESSION_MGR: closing session for UUID '75878784-411e-4e9a-a34f-f8e7e8c0373e' with name 'v++_compile_Multirate_v3'
11/16/25 02:14:28: KERNEL_SVC: closing session for UUID '75878784-411e-4e9a-a34f-f8e7e8c0373e' with name 'v++_compile_Multirate_v3'
11/16/25 02:14:28: GUIDANCE_SMGR: closing session for UUID '75878784-411e-4e9a-a34f-f8e7e8c0373e' with name 'v++_compile_Multirate_v3'
11/16/25 02:14:28: SYSTEM_DIAGRAM: closing session for UUID '75878784-411e-4e9a-a34f-f8e7e8c0373e' with name 'v++_compile_Multirate_v3'
11/16/25 02:14:28: STOP_SERVER received, server token: 1df54e99-5aae-4de1-ae72-00cbceed5ddd, passed token: 1df54e99-5aae-4de1-ae72-00cbceed5ddd
11/16/25 02:14:28: Socket received request to stop server.
11/16/25 02:14:28: Dispatch Server: do_await_stop
11/16/25 02:14:28: SERVER: destructor for server bound to port 50377
11/16/25 02:15:05: Running xcd server. This server was built by gradle.
11/16/25 02:15:05: Server was asked to start on port: '50384'
11/16/25 02:15:05: Server is using token UUID: 'ad7e3f29-4d15-455e-b4ac-a37ef39ef6cb'
11/16/25 02:15:05: SESSION_MGR: creating session with session uuid: '6d04a3e9-ade5-4ab9-8d63-1f78fcd2ec76' and name 'default'
11/16/25 02:15:05: Attempting to start server on port '50384'
11/16/25 02:15:05: Running Dispatch Server
11/16/25 02:15:05: Version 2.2.0
11/16/25 02:15:06: Dispatch Server: Accepted socket connection from client
11/16/25 02:15:06: Starting Socket connection
11/16/25 02:15:06: EXCHANGE_TOKEN received, server token: ad7e3f29-4d15-455e-b4ac-a37ef39ef6cb, passed token: ad7e3f29-4d15-455e-b4ac-a37ef39ef6cb
11/16/25 02:15:07: DISPATCH_HANDLER: Adding handler from function makeHandler in library xv_system_diagram
11/16/25 02:15:07: SESSION_MGR: creating session with session uuid: 'e8c12967-59f3-4c28-b3ec-c355d95ff5bc' and name 'vitis-run_compile_Multirate_v3'
11/16/25 02:15:07: KERNEL_SVC: creating session with uuid: 'e8c12967-59f3-4c28-b3ec-c355d95ff5bc' and name 'vitis-run_compile_Multirate_v3'
11/16/25 02:15:07: GUIDANCE_SMGR: creating guidance session with uuid: 'e8c12967-59f3-4c28-b3ec-c355d95ff5bc' and name 'vitis-run_compile_Multirate_v3'
11/16/25 02:15:07: SYSTEM_DIAGRAM: creating session with uuid: 'e8c12967-59f3-4c28-b3ec-c355d95ff5bc' and name 'vitis-run_compile_Multirate_v3'
11/16/25 02:15:13: Dispatch Server: Accepted socket connection from client
11/16/25 02:15:13: Starting Socket connection
11/16/25 02:16:02: SESSION_MGR: closing session for UUID 'e8c12967-59f3-4c28-b3ec-c355d95ff5bc' with name 'vitis-run_compile_Multirate_v3'
11/16/25 02:16:02: KERNEL_SVC: closing session for UUID 'e8c12967-59f3-4c28-b3ec-c355d95ff5bc' with name 'vitis-run_compile_Multirate_v3'
11/16/25 02:16:02: GUIDANCE_SMGR: closing session for UUID 'e8c12967-59f3-4c28-b3ec-c355d95ff5bc' with name 'vitis-run_compile_Multirate_v3'
11/16/25 02:16:02: SYSTEM_DIAGRAM: closing session for UUID 'e8c12967-59f3-4c28-b3ec-c355d95ff5bc' with name 'vitis-run_compile_Multirate_v3'
11/16/25 02:16:02: STOP_SERVER received, server token: ad7e3f29-4d15-455e-b4ac-a37ef39ef6cb, passed token: ad7e3f29-4d15-455e-b4ac-a37ef39ef6cb
11/16/25 02:16:02: Socket received request to stop server.
11/16/25 02:16:02: Dispatch Server: do_await_stop
11/16/25 02:16:02: SERVER: destructor for server bound to port 50384
11/16/25 02:16:35: Running xcd server. This server was built by gradle.
11/16/25 02:16:35: Server was asked to start on port: '50394'
11/16/25 02:16:35: Server is using token UUID: '52a71d11-00f0-4f78-b0df-72a3e0234a04'
11/16/25 02:16:35: SESSION_MGR: creating session with session uuid: '6d04a3e9-ade5-4ab9-8d63-1f78fcd2ec76' and name 'default'
11/16/25 02:16:35: Attempting to start server on port '50394'
11/16/25 02:16:35: Running Dispatch Server
11/16/25 02:16:35: Version 2.2.0
11/16/25 02:16:36: Dispatch Server: Accepted socket connection from client
11/16/25 02:16:36: Starting Socket connection
11/16/25 02:16:36: EXCHANGE_TOKEN received, server token: 52a71d11-00f0-4f78-b0df-72a3e0234a04, passed token: 52a71d11-00f0-4f78-b0df-72a3e0234a04
11/16/25 02:16:37: DISPATCH_HANDLER: Adding handler from function makeHandler in library xv_system_diagram
11/16/25 02:16:37: SESSION_MGR: creating session with session uuid: '23acc0af-5829-40a1-8973-705628cd0867' and name 'vitis-run_compile_Multirate_v3'
11/16/25 02:16:37: KERNEL_SVC: creating session with uuid: '23acc0af-5829-40a1-8973-705628cd0867' and name 'vitis-run_compile_Multirate_v3'
11/16/25 02:16:37: GUIDANCE_SMGR: creating guidance session with uuid: '23acc0af-5829-40a1-8973-705628cd0867' and name 'vitis-run_compile_Multirate_v3'
11/16/25 02:16:37: SYSTEM_DIAGRAM: creating session with uuid: '23acc0af-5829-40a1-8973-705628cd0867' and name 'vitis-run_compile_Multirate_v3'
11/16/25 02:16:43: Dispatch Server: Accepted socket connection from client
11/16/25 02:16:43: Starting Socket connection
11/16/25 02:17:46: Dispatch Server: Accepted socket connection from client
11/16/25 02:17:46: Starting Socket connection
11/16/25 02:19:37: Dispatch Server: Accepted socket connection from client
11/16/25 02:19:37: Starting Socket connection
11/16/25 02:22:04: Dispatch Server: Accepted socket connection from client
11/16/25 02:22:04: Starting Socket connection
11/16/25 02:28:03: SESSION_MGR: closing session for UUID '23acc0af-5829-40a1-8973-705628cd0867' with name 'vitis-run_compile_Multirate_v3'
11/16/25 02:28:03: KERNEL_SVC: closing session for UUID '23acc0af-5829-40a1-8973-705628cd0867' with name 'vitis-run_compile_Multirate_v3'
11/16/25 02:28:03: GUIDANCE_SMGR: closing session for UUID '23acc0af-5829-40a1-8973-705628cd0867' with name 'vitis-run_compile_Multirate_v3'
11/16/25 02:28:03: SYSTEM_DIAGRAM: closing session for UUID '23acc0af-5829-40a1-8973-705628cd0867' with name 'vitis-run_compile_Multirate_v3'
11/16/25 02:28:03: STOP_SERVER received, server token: 52a71d11-00f0-4f78-b0df-72a3e0234a04, passed token: 52a71d11-00f0-4f78-b0df-72a3e0234a04
11/16/25 02:28:03: Socket received request to stop server.
11/16/25 02:28:03: Dispatch Server: do_await_stop
11/16/25 02:28:03: SERVER: destructor for server bound to port 50394
11/16/25 14:35:08: Running xcd server. This server was built by gradle.
11/16/25 14:35:08: Server was asked to start on port: '64196'
11/16/25 14:35:08: Server is using token UUID: '60d0eb36-9b63-4a68-9fd2-ea4f8fc57f2c'
11/16/25 14:35:08: SESSION_MGR: creating session with session uuid: '6d04a3e9-ade5-4ab9-8d63-1f78fcd2ec76' and name 'default'
11/16/25 14:35:08: Attempting to start server on port '64196'
11/16/25 14:35:08: Running Dispatch Server
11/16/25 14:35:08: Version 2.2.0
11/16/25 14:35:10: Dispatch Server: Accepted socket connection from client
11/16/25 14:35:10: Starting Socket connection
11/16/25 14:35:10: EXCHANGE_TOKEN received, server token: 60d0eb36-9b63-4a68-9fd2-ea4f8fc57f2c, passed token: 60d0eb36-9b63-4a68-9fd2-ea4f8fc57f2c
11/16/25 14:35:10: DISPATCH_HANDLER: Adding handler from function makeHandler in library xv_system_diagram
11/16/25 14:35:10: SESSION_MGR: creating session with session uuid: '5a0ad094-28ed-4185-b340-ab2b44ed83c5' and name 'vitis-run_compile_Multirate_v3'
11/16/25 14:35:10: KERNEL_SVC: creating session with uuid: '5a0ad094-28ed-4185-b340-ab2b44ed83c5' and name 'vitis-run_compile_Multirate_v3'
11/16/25 14:35:10: GUIDANCE_SMGR: creating guidance session with uuid: '5a0ad094-28ed-4185-b340-ab2b44ed83c5' and name 'vitis-run_compile_Multirate_v3'
11/16/25 14:35:10: SYSTEM_DIAGRAM: creating session with uuid: '5a0ad094-28ed-4185-b340-ab2b44ed83c5' and name 'vitis-run_compile_Multirate_v3'
11/16/25 14:35:16: Dispatch Server: Accepted socket connection from client
11/16/25 14:35:16: Starting Socket connection
11/16/25 14:35:25: SESSION_MGR: closing session for UUID '5a0ad094-28ed-4185-b340-ab2b44ed83c5' with name 'vitis-run_compile_Multirate_v3'
11/16/25 14:35:25: KERNEL_SVC: closing session for UUID '5a0ad094-28ed-4185-b340-ab2b44ed83c5' with name 'vitis-run_compile_Multirate_v3'
11/16/25 14:35:25: GUIDANCE_SMGR: closing session for UUID '5a0ad094-28ed-4185-b340-ab2b44ed83c5' with name 'vitis-run_compile_Multirate_v3'
11/16/25 14:35:25: SYSTEM_DIAGRAM: closing session for UUID '5a0ad094-28ed-4185-b340-ab2b44ed83c5' with name 'vitis-run_compile_Multirate_v3'
11/16/25 14:35:25: STOP_SERVER received, server token: 60d0eb36-9b63-4a68-9fd2-ea4f8fc57f2c, passed token: 60d0eb36-9b63-4a68-9fd2-ea4f8fc57f2c
11/16/25 14:35:25: Socket received request to stop server.
11/16/25 14:35:25: Dispatch Server: do_await_stop
11/16/25 14:35:25: SERVER: destructor for server bound to port 64196
11/16/25 14:38:35: Running xcd server. This server was built by gradle.
11/16/25 14:38:35: Server was asked to start on port: '64205'
11/16/25 14:38:35: Server is using token UUID: '99c07173-dcd3-4bf3-8598-ee548394c59e'
11/16/25 14:38:35: SESSION_MGR: creating session with session uuid: '6d04a3e9-ade5-4ab9-8d63-1f78fcd2ec76' and name 'default'
11/16/25 14:38:35: Attempting to start server on port '64205'
11/16/25 14:38:35: Running Dispatch Server
11/16/25 14:38:35: Version 2.2.0
11/16/25 14:38:37: Dispatch Server: Accepted socket connection from client
11/16/25 14:38:37: Starting Socket connection
11/16/25 14:38:37: EXCHANGE_TOKEN received, server token: 99c07173-dcd3-4bf3-8598-ee548394c59e, passed token: 99c07173-dcd3-4bf3-8598-ee548394c59e
11/16/25 14:38:37: DISPATCH_HANDLER: Adding handler from function makeHandler in library xv_system_diagram
11/16/25 14:38:37: SESSION_MGR: creating session with session uuid: 'a3242b75-356a-464a-8831-7501ebdb399b' and name 'vitis-run_compile_Multirate_v3'
11/16/25 14:38:37: KERNEL_SVC: creating session with uuid: 'a3242b75-356a-464a-8831-7501ebdb399b' and name 'vitis-run_compile_Multirate_v3'
11/16/25 14:38:37: GUIDANCE_SMGR: creating guidance session with uuid: 'a3242b75-356a-464a-8831-7501ebdb399b' and name 'vitis-run_compile_Multirate_v3'
11/16/25 14:38:37: SYSTEM_DIAGRAM: creating session with uuid: 'a3242b75-356a-464a-8831-7501ebdb399b' and name 'vitis-run_compile_Multirate_v3'
11/16/25 14:38:43: Dispatch Server: Accepted socket connection from client
11/16/25 14:38:43: Starting Socket connection
11/16/25 14:38:48: SESSION_MGR: closing session for UUID 'a3242b75-356a-464a-8831-7501ebdb399b' with name 'vitis-run_compile_Multirate_v3'
11/16/25 14:38:48: KERNEL_SVC: closing session for UUID 'a3242b75-356a-464a-8831-7501ebdb399b' with name 'vitis-run_compile_Multirate_v3'
11/16/25 14:38:48: GUIDANCE_SMGR: closing session for UUID 'a3242b75-356a-464a-8831-7501ebdb399b' with name 'vitis-run_compile_Multirate_v3'
11/16/25 14:38:48: SYSTEM_DIAGRAM: closing session for UUID 'a3242b75-356a-464a-8831-7501ebdb399b' with name 'vitis-run_compile_Multirate_v3'
11/16/25 14:38:48: STOP_SERVER received, server token: 99c07173-dcd3-4bf3-8598-ee548394c59e, passed token: 99c07173-dcd3-4bf3-8598-ee548394c59e
11/16/25 14:38:48: Socket received request to stop server.
11/16/25 14:38:48: Dispatch Server: do_await_stop
11/16/25 14:38:48: SERVER: destructor for server bound to port 64205
11/16/25 14:39:06: Running xcd server. This server was built by gradle.
11/16/25 14:39:06: Server was asked to start on port: '64210'
11/16/25 14:39:06: Server is using token UUID: '900c2723-f2f2-42f8-b5cc-440c37468d54'
11/16/25 14:39:06: SESSION_MGR: creating session with session uuid: '6d04a3e9-ade5-4ab9-8d63-1f78fcd2ec76' and name 'default'
11/16/25 14:39:06: Attempting to start server on port '64210'
11/16/25 14:39:06: Running Dispatch Server
11/16/25 14:39:06: Version 2.2.0
11/16/25 14:39:07: Dispatch Server: Accepted socket connection from client
11/16/25 14:39:07: Starting Socket connection
11/16/25 14:39:07: EXCHANGE_TOKEN received, server token: 900c2723-f2f2-42f8-b5cc-440c37468d54, passed token: 900c2723-f2f2-42f8-b5cc-440c37468d54
11/16/25 14:39:08: DISPATCH_HANDLER: Adding handler from function makeHandler in library xv_system_diagram
11/16/25 14:39:08: SESSION_MGR: creating session with session uuid: '35cdd482-2f55-4c0b-8bdc-6fea1f79f43c' and name 'v++_compile_Multirate_v3'
11/16/25 14:39:08: KERNEL_SVC: creating session with uuid: '35cdd482-2f55-4c0b-8bdc-6fea1f79f43c' and name 'v++_compile_Multirate_v3'
11/16/25 14:39:08: GUIDANCE_SMGR: creating guidance session with uuid: '35cdd482-2f55-4c0b-8bdc-6fea1f79f43c' and name 'v++_compile_Multirate_v3'
11/16/25 14:39:08: SYSTEM_DIAGRAM: creating session with uuid: '35cdd482-2f55-4c0b-8bdc-6fea1f79f43c' and name 'v++_compile_Multirate_v3'
11/16/25 14:39:14: Dispatch Server: Accepted socket connection from client
11/16/25 14:39:14: Starting Socket connection
11/16/25 14:39:45: SESSION_MGR: closing session for UUID '35cdd482-2f55-4c0b-8bdc-6fea1f79f43c' with name 'v++_compile_Multirate_v3'
11/16/25 14:39:45: KERNEL_SVC: closing session for UUID '35cdd482-2f55-4c0b-8bdc-6fea1f79f43c' with name 'v++_compile_Multirate_v3'
11/16/25 14:39:45: GUIDANCE_SMGR: closing session for UUID '35cdd482-2f55-4c0b-8bdc-6fea1f79f43c' with name 'v++_compile_Multirate_v3'
11/16/25 14:39:45: SYSTEM_DIAGRAM: closing session for UUID '35cdd482-2f55-4c0b-8bdc-6fea1f79f43c' with name 'v++_compile_Multirate_v3'
11/16/25 14:39:45: STOP_SERVER received, server token: 900c2723-f2f2-42f8-b5cc-440c37468d54, passed token: 900c2723-f2f2-42f8-b5cc-440c37468d54
11/16/25 14:39:45: Socket received request to stop server.
11/16/25 14:39:45: Dispatch Server: do_await_stop
11/16/25 14:39:45: SERVER: destructor for server bound to port 64210
11/16/25 14:40:38: Running xcd server. This server was built by gradle.
11/16/25 14:40:38: Server was asked to start on port: '64221'
11/16/25 14:40:38: Server is using token UUID: 'd8f3f9e3-57c3-4678-9c92-f390b2e066e7'
11/16/25 14:40:38: SESSION_MGR: creating session with session uuid: '6d04a3e9-ade5-4ab9-8d63-1f78fcd2ec76' and name 'default'
11/16/25 14:40:38: Attempting to start server on port '64221'
11/16/25 14:40:38: Running Dispatch Server
11/16/25 14:40:38: Version 2.2.0
11/16/25 14:40:40: Dispatch Server: Accepted socket connection from client
11/16/25 14:40:40: Starting Socket connection
11/16/25 14:40:40: EXCHANGE_TOKEN received, server token: d8f3f9e3-57c3-4678-9c92-f390b2e066e7, passed token: d8f3f9e3-57c3-4678-9c92-f390b2e066e7
11/16/25 14:40:40: DISPATCH_HANDLER: Adding handler from function makeHandler in library xv_system_diagram
11/16/25 14:40:40: SESSION_MGR: creating session with session uuid: 'a3d48d61-13e8-407a-beef-c3a3413c60de' and name 'vitis-run_compile_Multirate_v3'
11/16/25 14:40:40: KERNEL_SVC: creating session with uuid: 'a3d48d61-13e8-407a-beef-c3a3413c60de' and name 'vitis-run_compile_Multirate_v3'
11/16/25 14:40:40: GUIDANCE_SMGR: creating guidance session with uuid: 'a3d48d61-13e8-407a-beef-c3a3413c60de' and name 'vitis-run_compile_Multirate_v3'
11/16/25 14:40:40: SYSTEM_DIAGRAM: creating session with uuid: 'a3d48d61-13e8-407a-beef-c3a3413c60de' and name 'vitis-run_compile_Multirate_v3'
11/16/25 14:40:46: Dispatch Server: Accepted socket connection from client
11/16/25 14:40:46: Starting Socket connection
11/16/25 14:41:27: SESSION_MGR: closing session for UUID 'a3d48d61-13e8-407a-beef-c3a3413c60de' with name 'vitis-run_compile_Multirate_v3'
11/16/25 14:41:27: KERNEL_SVC: closing session for UUID 'a3d48d61-13e8-407a-beef-c3a3413c60de' with name 'vitis-run_compile_Multirate_v3'
11/16/25 14:41:27: GUIDANCE_SMGR: closing session for UUID 'a3d48d61-13e8-407a-beef-c3a3413c60de' with name 'vitis-run_compile_Multirate_v3'
11/16/25 14:41:27: SYSTEM_DIAGRAM: closing session for UUID 'a3d48d61-13e8-407a-beef-c3a3413c60de' with name 'vitis-run_compile_Multirate_v3'
11/16/25 14:41:27: STOP_SERVER received, server token: d8f3f9e3-57c3-4678-9c92-f390b2e066e7, passed token: d8f3f9e3-57c3-4678-9c92-f390b2e066e7
11/16/25 14:41:27: Socket received request to stop server.
11/16/25 14:41:27: Dispatch Server: do_await_stop
11/16/25 14:41:27: SERVER: destructor for server bound to port 64221
11/16/25 14:42:12: Running xcd server. This server was built by gradle.
11/16/25 14:42:12: Server was asked to start on port: '64226'
11/16/25 14:42:12: Server is using token UUID: 'f9a3cec0-7de5-41cb-909b-d775784df0d5'
11/16/25 14:42:12: SESSION_MGR: creating session with session uuid: '6d04a3e9-ade5-4ab9-8d63-1f78fcd2ec76' and name 'default'
11/16/25 14:42:12: Attempting to start server on port '64226'
11/16/25 14:42:12: Running Dispatch Server
11/16/25 14:42:12: Version 2.2.0
11/16/25 14:42:13: Dispatch Server: Accepted socket connection from client
11/16/25 14:42:13: Starting Socket connection
11/16/25 14:42:13: EXCHANGE_TOKEN received, server token: f9a3cec0-7de5-41cb-909b-d775784df0d5, passed token: f9a3cec0-7de5-41cb-909b-d775784df0d5
11/16/25 14:42:14: DISPATCH_HANDLER: Adding handler from function makeHandler in library xv_system_diagram
11/16/25 14:42:14: SESSION_MGR: creating session with session uuid: '0ff1deef-693b-423b-b758-83bf12f24255' and name 'vitis-run_compile_Multirate_v3'
11/16/25 14:42:14: KERNEL_SVC: creating session with uuid: '0ff1deef-693b-423b-b758-83bf12f24255' and name 'vitis-run_compile_Multirate_v3'
11/16/25 14:42:14: GUIDANCE_SMGR: creating guidance session with uuid: '0ff1deef-693b-423b-b758-83bf12f24255' and name 'vitis-run_compile_Multirate_v3'
11/16/25 14:42:14: SYSTEM_DIAGRAM: creating session with uuid: '0ff1deef-693b-423b-b758-83bf12f24255' and name 'vitis-run_compile_Multirate_v3'
11/16/25 14:42:20: Dispatch Server: Accepted socket connection from client
11/16/25 14:42:20: Starting Socket connection
11/16/25 14:43:20: Dispatch Server: Accepted socket connection from client
11/16/25 14:43:20: Starting Socket connection
11/16/25 14:45:08: Dispatch Server: Accepted socket connection from client
11/16/25 14:45:08: Starting Socket connection
11/16/25 14:47:39: Dispatch Server: Accepted socket connection from client
11/16/25 14:47:39: Starting Socket connection
11/16/25 14:53:20: SESSION_MGR: closing session for UUID '0ff1deef-693b-423b-b758-83bf12f24255' with name 'vitis-run_compile_Multirate_v3'
11/16/25 14:53:20: KERNEL_SVC: closing session for UUID '0ff1deef-693b-423b-b758-83bf12f24255' with name 'vitis-run_compile_Multirate_v3'
11/16/25 14:53:20: GUIDANCE_SMGR: closing session for UUID '0ff1deef-693b-423b-b758-83bf12f24255' with name 'vitis-run_compile_Multirate_v3'
11/16/25 14:53:20: SYSTEM_DIAGRAM: closing session for UUID '0ff1deef-693b-423b-b758-83bf12f24255' with name 'vitis-run_compile_Multirate_v3'
11/16/25 14:53:20: STOP_SERVER received, server token: f9a3cec0-7de5-41cb-909b-d775784df0d5, passed token: f9a3cec0-7de5-41cb-909b-d775784df0d5
11/16/25 14:53:20: Socket received request to stop server.
11/16/25 14:53:20: Dispatch Server: do_await_stop
11/16/25 14:53:20: SERVER: destructor for server bound to port 64226
11/16/25 15:02:16: Running xcd server. This server was built by gradle.
11/16/25 15:02:16: Server was asked to start on port: '64297'
11/16/25 15:02:16: Server is using token UUID: 'b57df5e1-dccd-495f-b8f1-f4a1490111de'
11/16/25 15:02:16: SESSION_MGR: creating session with session uuid: '6d04a3e9-ade5-4ab9-8d63-1f78fcd2ec76' and name 'default'
11/16/25 15:02:16: Attempting to start server on port '64297'
11/16/25 15:02:16: Running Dispatch Server
11/16/25 15:02:16: Version 2.2.0
11/16/25 15:02:17: Dispatch Server: Accepted socket connection from client
11/16/25 15:02:17: Starting Socket connection
11/16/25 15:02:17: EXCHANGE_TOKEN received, server token: b57df5e1-dccd-495f-b8f1-f4a1490111de, passed token: b57df5e1-dccd-495f-b8f1-f4a1490111de
11/16/25 15:02:18: DISPATCH_HANDLER: Adding handler from function makeHandler in library xv_system_diagram
11/16/25 15:02:18: SESSION_MGR: creating session with session uuid: 'bd763f5f-736d-46c6-a8ad-97b947d3c0be' and name 'vitis-run_compile_Multirate_v3'
11/16/25 15:02:18: KERNEL_SVC: creating session with uuid: 'bd763f5f-736d-46c6-a8ad-97b947d3c0be' and name 'vitis-run_compile_Multirate_v3'
11/16/25 15:02:18: GUIDANCE_SMGR: creating guidance session with uuid: 'bd763f5f-736d-46c6-a8ad-97b947d3c0be' and name 'vitis-run_compile_Multirate_v3'
11/16/25 15:02:18: SYSTEM_DIAGRAM: creating session with uuid: 'bd763f5f-736d-46c6-a8ad-97b947d3c0be' and name 'vitis-run_compile_Multirate_v3'
11/16/25 15:02:24: Dispatch Server: Accepted socket connection from client
11/16/25 15:02:24: Starting Socket connection
11/16/25 15:02:30: SESSION_MGR: closing session for UUID 'bd763f5f-736d-46c6-a8ad-97b947d3c0be' with name 'vitis-run_compile_Multirate_v3'
11/16/25 15:02:30: KERNEL_SVC: closing session for UUID 'bd763f5f-736d-46c6-a8ad-97b947d3c0be' with name 'vitis-run_compile_Multirate_v3'
11/16/25 15:02:30: GUIDANCE_SMGR: closing session for UUID 'bd763f5f-736d-46c6-a8ad-97b947d3c0be' with name 'vitis-run_compile_Multirate_v3'
11/16/25 15:02:30: SYSTEM_DIAGRAM: closing session for UUID 'bd763f5f-736d-46c6-a8ad-97b947d3c0be' with name 'vitis-run_compile_Multirate_v3'
11/16/25 15:02:30: STOP_SERVER received, server token: b57df5e1-dccd-495f-b8f1-f4a1490111de, passed token: b57df5e1-dccd-495f-b8f1-f4a1490111de
11/16/25 15:02:30: Socket received request to stop server.
11/16/25 15:02:30: Dispatch Server: do_await_stop
11/16/25 15:02:30: SERVER: destructor for server bound to port 64297
11/16/25 15:02:49: Running xcd server. This server was built by gradle.
11/16/25 15:02:49: Server was asked to start on port: '64300'
11/16/25 15:02:49: Server is using token UUID: 'a4634f0b-4af1-4e5a-9aa6-fa37be20430e'
11/16/25 15:02:49: SESSION_MGR: creating session with session uuid: '6d04a3e9-ade5-4ab9-8d63-1f78fcd2ec76' and name 'default'
11/16/25 15:02:49: Attempting to start server on port '64300'
11/16/25 15:02:49: Running Dispatch Server
11/16/25 15:02:49: Version 2.2.0
11/16/25 15:02:51: Dispatch Server: Accepted socket connection from client
11/16/25 15:02:51: Starting Socket connection
11/16/25 15:02:51: EXCHANGE_TOKEN received, server token: a4634f0b-4af1-4e5a-9aa6-fa37be20430e, passed token: a4634f0b-4af1-4e5a-9aa6-fa37be20430e
11/16/25 15:02:51: DISPATCH_HANDLER: Adding handler from function makeHandler in library xv_system_diagram
11/16/25 15:02:51: SESSION_MGR: creating session with session uuid: '0edf8d4c-7563-4e08-8190-31bac0699b82' and name 'v++_compile_Multirate_v3'
11/16/25 15:02:51: KERNEL_SVC: creating session with uuid: '0edf8d4c-7563-4e08-8190-31bac0699b82' and name 'v++_compile_Multirate_v3'
11/16/25 15:02:51: GUIDANCE_SMGR: creating guidance session with uuid: '0edf8d4c-7563-4e08-8190-31bac0699b82' and name 'v++_compile_Multirate_v3'
11/16/25 15:02:51: SYSTEM_DIAGRAM: creating session with uuid: '0edf8d4c-7563-4e08-8190-31bac0699b82' and name 'v++_compile_Multirate_v3'
11/16/25 15:02:57: Dispatch Server: Accepted socket connection from client
11/16/25 15:02:57: Starting Socket connection
11/16/25 15:03:32: SESSION_MGR: closing session for UUID '0edf8d4c-7563-4e08-8190-31bac0699b82' with name 'v++_compile_Multirate_v3'
11/16/25 15:03:32: KERNEL_SVC: closing session for UUID '0edf8d4c-7563-4e08-8190-31bac0699b82' with name 'v++_compile_Multirate_v3'
11/16/25 15:03:32: GUIDANCE_SMGR: closing session for UUID '0edf8d4c-7563-4e08-8190-31bac0699b82' with name 'v++_compile_Multirate_v3'
11/16/25 15:03:32: SYSTEM_DIAGRAM: closing session for UUID '0edf8d4c-7563-4e08-8190-31bac0699b82' with name 'v++_compile_Multirate_v3'
11/16/25 15:03:32: STOP_SERVER received, server token: a4634f0b-4af1-4e5a-9aa6-fa37be20430e, passed token: a4634f0b-4af1-4e5a-9aa6-fa37be20430e
11/16/25 15:03:32: Socket received request to stop server.
11/16/25 15:03:32: Dispatch Server: do_await_stop
11/16/25 15:03:32: SERVER: destructor for server bound to port 64300
11/16/25 15:04:06: Running xcd server. This server was built by gradle.
11/16/25 15:04:06: Server was asked to start on port: '64303'
11/16/25 15:04:06: Server is using token UUID: '1f8233d2-888f-4723-9f48-2ac9f1f28d7f'
11/16/25 15:04:06: SESSION_MGR: creating session with session uuid: '6d04a3e9-ade5-4ab9-8d63-1f78fcd2ec76' and name 'default'
11/16/25 15:04:06: Attempting to start server on port '64303'
11/16/25 15:04:06: Running Dispatch Server
11/16/25 15:04:06: Version 2.2.0
11/16/25 15:04:08: Dispatch Server: Accepted socket connection from client
11/16/25 15:04:08: Starting Socket connection
11/16/25 15:04:08: EXCHANGE_TOKEN received, server token: 1f8233d2-888f-4723-9f48-2ac9f1f28d7f, passed token: 1f8233d2-888f-4723-9f48-2ac9f1f28d7f
11/16/25 15:04:08: DISPATCH_HANDLER: Adding handler from function makeHandler in library xv_system_diagram
11/16/25 15:04:08: SESSION_MGR: creating session with session uuid: 'c853dcbb-faa2-41cc-adc6-57f2559d0b18' and name 'vitis-run_compile_Multirate_v3'
11/16/25 15:04:08: KERNEL_SVC: creating session with uuid: 'c853dcbb-faa2-41cc-adc6-57f2559d0b18' and name 'vitis-run_compile_Multirate_v3'
11/16/25 15:04:08: GUIDANCE_SMGR: creating guidance session with uuid: 'c853dcbb-faa2-41cc-adc6-57f2559d0b18' and name 'vitis-run_compile_Multirate_v3'
11/16/25 15:04:08: SYSTEM_DIAGRAM: creating session with uuid: 'c853dcbb-faa2-41cc-adc6-57f2559d0b18' and name 'vitis-run_compile_Multirate_v3'
11/16/25 15:04:14: Dispatch Server: Accepted socket connection from client
11/16/25 15:04:14: Starting Socket connection
11/16/25 15:04:55: SESSION_MGR: closing session for UUID 'c853dcbb-faa2-41cc-adc6-57f2559d0b18' with name 'vitis-run_compile_Multirate_v3'
11/16/25 15:04:55: KERNEL_SVC: closing session for UUID 'c853dcbb-faa2-41cc-adc6-57f2559d0b18' with name 'vitis-run_compile_Multirate_v3'
11/16/25 15:04:55: GUIDANCE_SMGR: closing session for UUID 'c853dcbb-faa2-41cc-adc6-57f2559d0b18' with name 'vitis-run_compile_Multirate_v3'
11/16/25 15:04:55: SYSTEM_DIAGRAM: closing session for UUID 'c853dcbb-faa2-41cc-adc6-57f2559d0b18' with name 'vitis-run_compile_Multirate_v3'
11/16/25 15:04:55: STOP_SERVER received, server token: 1f8233d2-888f-4723-9f48-2ac9f1f28d7f, passed token: 1f8233d2-888f-4723-9f48-2ac9f1f28d7f
11/16/25 15:04:55: Socket received request to stop server.
11/16/25 15:04:55: Dispatch Server: do_await_stop
11/16/25 15:04:55: SERVER: destructor for server bound to port 64303
11/16/25 15:05:09: Running xcd server. This server was built by gradle.
11/16/25 15:05:09: Server was asked to start on port: '64313'
11/16/25 15:05:09: Server is using token UUID: 'c3149ccf-28a0-402a-844a-3c0ba6dbf6cd'
11/16/25 15:05:09: SESSION_MGR: creating session with session uuid: '6d04a3e9-ade5-4ab9-8d63-1f78fcd2ec76' and name 'default'
11/16/25 15:05:09: Attempting to start server on port '64313'
11/16/25 15:05:09: Running Dispatch Server
11/16/25 15:05:09: Version 2.2.0
11/16/25 15:05:11: Dispatch Server: Accepted socket connection from client
11/16/25 15:05:11: Starting Socket connection
11/16/25 15:05:11: EXCHANGE_TOKEN received, server token: c3149ccf-28a0-402a-844a-3c0ba6dbf6cd, passed token: c3149ccf-28a0-402a-844a-3c0ba6dbf6cd
11/16/25 15:05:11: DISPATCH_HANDLER: Adding handler from function makeHandler in library xv_system_diagram
11/16/25 15:05:11: SESSION_MGR: creating session with session uuid: 'fa3d10b6-8866-47c2-83aa-8ccf901f74a6' and name 'vitis-run_compile_Multirate_v3'
11/16/25 15:05:11: KERNEL_SVC: creating session with uuid: 'fa3d10b6-8866-47c2-83aa-8ccf901f74a6' and name 'vitis-run_compile_Multirate_v3'
11/16/25 15:05:11: GUIDANCE_SMGR: creating guidance session with uuid: 'fa3d10b6-8866-47c2-83aa-8ccf901f74a6' and name 'vitis-run_compile_Multirate_v3'
11/16/25 15:05:11: SYSTEM_DIAGRAM: creating session with uuid: 'fa3d10b6-8866-47c2-83aa-8ccf901f74a6' and name 'vitis-run_compile_Multirate_v3'
11/16/25 15:05:17: Dispatch Server: Accepted socket connection from client
11/16/25 15:05:17: Starting Socket connection
11/16/25 15:06:02: Dispatch Server: Accepted socket connection from client
11/16/25 15:06:02: Starting Socket connection
11/16/25 15:08:07: Dispatch Server: Accepted socket connection from client
11/16/25 15:08:07: Starting Socket connection
11/16/25 15:10:26: Dispatch Server: Accepted socket connection from client
11/16/25 15:10:26: Starting Socket connection
11/16/25 15:15:47: SESSION_MGR: closing session for UUID 'fa3d10b6-8866-47c2-83aa-8ccf901f74a6' with name 'vitis-run_compile_Multirate_v3'
11/16/25 15:15:47: KERNEL_SVC: closing session for UUID 'fa3d10b6-8866-47c2-83aa-8ccf901f74a6' with name 'vitis-run_compile_Multirate_v3'
11/16/25 15:15:47: GUIDANCE_SMGR: closing session for UUID 'fa3d10b6-8866-47c2-83aa-8ccf901f74a6' with name 'vitis-run_compile_Multirate_v3'
11/16/25 15:15:47: SYSTEM_DIAGRAM: closing session for UUID 'fa3d10b6-8866-47c2-83aa-8ccf901f74a6' with name 'vitis-run_compile_Multirate_v3'
11/16/25 15:15:47: STOP_SERVER received, server token: c3149ccf-28a0-402a-844a-3c0ba6dbf6cd, passed token: c3149ccf-28a0-402a-844a-3c0ba6dbf6cd
11/16/25 15:15:47: Socket received request to stop server.
11/16/25 15:15:47: Dispatch Server: do_await_stop
11/16/25 15:15:47: SERVER: destructor for server bound to port 64313
11/16/25 16:25:54: Running xcd server. This server was built by gradle.
11/16/25 16:25:54: Server was asked to start on port: '61480'
11/16/25 16:25:54: Server is using token UUID: '969b45ef-71c1-458e-8acc-13a631d5b2bc'
11/16/25 16:25:54: SESSION_MGR: creating session with session uuid: '6d04a3e9-ade5-4ab9-8d63-1f78fcd2ec76' and name 'default'
11/16/25 16:25:54: Attempting to start server on port '61480'
11/16/25 16:25:54: Running Dispatch Server
11/16/25 16:25:54: Version 2.2.0
11/16/25 16:25:55: Dispatch Server: Accepted socket connection from client
11/16/25 16:25:55: Starting Socket connection
11/16/25 16:25:55: EXCHANGE_TOKEN received, server token: 969b45ef-71c1-458e-8acc-13a631d5b2bc, passed token: 969b45ef-71c1-458e-8acc-13a631d5b2bc
11/16/25 16:25:55: DISPATCH_HANDLER: Adding handler from function makeHandler in library xv_system_diagram
11/16/25 16:25:55: SESSION_MGR: creating session with session uuid: '11933f45-9ab5-4e72-b89d-6116918e32c9' and name 'vitis-run_compile_Multirate_v3'
11/16/25 16:25:55: KERNEL_SVC: creating session with uuid: '11933f45-9ab5-4e72-b89d-6116918e32c9' and name 'vitis-run_compile_Multirate_v3'
11/16/25 16:25:55: GUIDANCE_SMGR: creating guidance session with uuid: '11933f45-9ab5-4e72-b89d-6116918e32c9' and name 'vitis-run_compile_Multirate_v3'
11/16/25 16:25:55: SYSTEM_DIAGRAM: creating session with uuid: '11933f45-9ab5-4e72-b89d-6116918e32c9' and name 'vitis-run_compile_Multirate_v3'
11/16/25 16:26:02: Dispatch Server: Accepted socket connection from client
11/16/25 16:26:02: Starting Socket connection
11/16/25 16:26:10: SESSION_MGR: closing session for UUID '11933f45-9ab5-4e72-b89d-6116918e32c9' with name 'vitis-run_compile_Multirate_v3'
11/16/25 16:26:10: KERNEL_SVC: closing session for UUID '11933f45-9ab5-4e72-b89d-6116918e32c9' with name 'vitis-run_compile_Multirate_v3'
11/16/25 16:26:10: GUIDANCE_SMGR: closing session for UUID '11933f45-9ab5-4e72-b89d-6116918e32c9' with name 'vitis-run_compile_Multirate_v3'
11/16/25 16:26:10: SYSTEM_DIAGRAM: closing session for UUID '11933f45-9ab5-4e72-b89d-6116918e32c9' with name 'vitis-run_compile_Multirate_v3'
11/16/25 16:26:10: STOP_SERVER received, server token: 969b45ef-71c1-458e-8acc-13a631d5b2bc, passed token: 969b45ef-71c1-458e-8acc-13a631d5b2bc
11/16/25 16:26:10: Socket received request to stop server.
11/16/25 16:26:10: Dispatch Server: do_await_stop
11/16/25 16:26:10: SERVER: destructor for server bound to port 61480
11/16/25 16:26:31: Running xcd server. This server was built by gradle.
11/16/25 16:26:31: Server was asked to start on port: '61488'
11/16/25 16:26:31: Server is using token UUID: '481f0149-d7d9-401d-9ffe-67ab747c843c'
11/16/25 16:26:31: SESSION_MGR: creating session with session uuid: '6d04a3e9-ade5-4ab9-8d63-1f78fcd2ec76' and name 'default'
11/16/25 16:26:31: Attempting to start server on port '61488'
11/16/25 16:26:31: Running Dispatch Server
11/16/25 16:26:31: Version 2.2.0
11/16/25 16:26:33: Dispatch Server: Accepted socket connection from client
11/16/25 16:26:33: Starting Socket connection
11/16/25 16:26:33: EXCHANGE_TOKEN received, server token: 481f0149-d7d9-401d-9ffe-67ab747c843c, passed token: 481f0149-d7d9-401d-9ffe-67ab747c843c
11/16/25 16:26:33: DISPATCH_HANDLER: Adding handler from function makeHandler in library xv_system_diagram
11/16/25 16:26:33: SESSION_MGR: creating session with session uuid: '56ad30dd-6d52-4abc-9885-f92ef8248d45' and name 'v++_compile_Multirate_v3'
11/16/25 16:26:33: KERNEL_SVC: creating session with uuid: '56ad30dd-6d52-4abc-9885-f92ef8248d45' and name 'v++_compile_Multirate_v3'
11/16/25 16:26:33: GUIDANCE_SMGR: creating guidance session with uuid: '56ad30dd-6d52-4abc-9885-f92ef8248d45' and name 'v++_compile_Multirate_v3'
11/16/25 16:26:33: SYSTEM_DIAGRAM: creating session with uuid: '56ad30dd-6d52-4abc-9885-f92ef8248d45' and name 'v++_compile_Multirate_v3'
11/16/25 16:26:39: Dispatch Server: Accepted socket connection from client
11/16/25 16:26:39: Starting Socket connection
11/16/25 16:27:16: SESSION_MGR: closing session for UUID '56ad30dd-6d52-4abc-9885-f92ef8248d45' with name 'v++_compile_Multirate_v3'
11/16/25 16:27:16: KERNEL_SVC: closing session for UUID '56ad30dd-6d52-4abc-9885-f92ef8248d45' with name 'v++_compile_Multirate_v3'
11/16/25 16:27:16: GUIDANCE_SMGR: closing session for UUID '56ad30dd-6d52-4abc-9885-f92ef8248d45' with name 'v++_compile_Multirate_v3'
11/16/25 16:27:16: SYSTEM_DIAGRAM: closing session for UUID '56ad30dd-6d52-4abc-9885-f92ef8248d45' with name 'v++_compile_Multirate_v3'
11/16/25 16:27:16: STOP_SERVER received, server token: 481f0149-d7d9-401d-9ffe-67ab747c843c, passed token: 481f0149-d7d9-401d-9ffe-67ab747c843c
11/16/25 16:27:16: Socket received request to stop server.
11/16/25 16:27:16: Dispatch Server: do_await_stop
11/16/25 16:27:16: SERVER: destructor for server bound to port 61488
11/16/25 16:29:27: Running xcd server. This server was built by gradle.
11/16/25 16:29:27: Server was asked to start on port: '61496'
11/16/25 16:29:27: Server is using token UUID: 'a905ad1a-8209-4aec-b092-b27ac482247f'
11/16/25 16:29:27: SESSION_MGR: creating session with session uuid: '6d04a3e9-ade5-4ab9-8d63-1f78fcd2ec76' and name 'default'
11/16/25 16:29:27: Attempting to start server on port '61496'
11/16/25 16:29:27: Running Dispatch Server
11/16/25 16:29:27: Version 2.2.0
11/16/25 16:29:29: Dispatch Server: Accepted socket connection from client
11/16/25 16:29:29: Starting Socket connection
11/16/25 16:29:29: EXCHANGE_TOKEN received, server token: a905ad1a-8209-4aec-b092-b27ac482247f, passed token: a905ad1a-8209-4aec-b092-b27ac482247f
11/16/25 16:29:29: DISPATCH_HANDLER: Adding handler from function makeHandler in library xv_system_diagram
11/16/25 16:29:29: SESSION_MGR: creating session with session uuid: 'd5e2fc8b-75f2-40ff-a1da-fe67a4f19af6' and name 'vitis-run_compile_Multirate_v3'
11/16/25 16:29:29: KERNEL_SVC: creating session with uuid: 'd5e2fc8b-75f2-40ff-a1da-fe67a4f19af6' and name 'vitis-run_compile_Multirate_v3'
11/16/25 16:29:29: GUIDANCE_SMGR: creating guidance session with uuid: 'd5e2fc8b-75f2-40ff-a1da-fe67a4f19af6' and name 'vitis-run_compile_Multirate_v3'
11/16/25 16:29:29: SYSTEM_DIAGRAM: creating session with uuid: 'd5e2fc8b-75f2-40ff-a1da-fe67a4f19af6' and name 'vitis-run_compile_Multirate_v3'
11/16/25 16:29:35: Dispatch Server: Accepted socket connection from client
11/16/25 16:29:35: Starting Socket connection
11/16/25 16:29:49: SESSION_MGR: closing session for UUID 'd5e2fc8b-75f2-40ff-a1da-fe67a4f19af6' with name 'vitis-run_compile_Multirate_v3'
11/16/25 16:29:49: KERNEL_SVC: closing session for UUID 'd5e2fc8b-75f2-40ff-a1da-fe67a4f19af6' with name 'vitis-run_compile_Multirate_v3'
11/16/25 16:29:49: GUIDANCE_SMGR: closing session for UUID 'd5e2fc8b-75f2-40ff-a1da-fe67a4f19af6' with name 'vitis-run_compile_Multirate_v3'
11/16/25 16:29:49: SYSTEM_DIAGRAM: closing session for UUID 'd5e2fc8b-75f2-40ff-a1da-fe67a4f19af6' with name 'vitis-run_compile_Multirate_v3'
11/16/25 16:29:49: STOP_SERVER received, server token: a905ad1a-8209-4aec-b092-b27ac482247f, passed token: a905ad1a-8209-4aec-b092-b27ac482247f
11/16/25 16:29:49: Socket received request to stop server.
11/16/25 16:29:49: Dispatch Server: do_await_stop
11/16/25 16:29:49: SERVER: destructor for server bound to port 61496
