11/10/25 22:04:39: Running xcd server. This server was built by gradle.
11/10/25 22:04:39: Server was asked to start on port: '59968'
11/10/25 22:04:39: Server is using token UUID: '1490c8da-0e1c-40d8-b8fd-9aa20d8193b1'
11/10/25 22:04:39: SESSION_MGR: creating session with session uuid: '6d04a3e9-ade5-4ab9-8d63-1f78fcd2ec76' and name 'default'
11/10/25 22:04:39: Attempting to start server on port '59968'
11/10/25 22:04:39: Running Dispatch Server
11/10/25 22:04:39: Version 2.2.0
11/10/25 22:04:41: Dispatch Server: Accepted socket connection from client
11/10/25 22:04:41: Starting Socket connection
11/10/25 22:04:41: EXCHANGE_TOKEN received, server token: 1490c8da-0e1c-40d8-b8fd-9aa20d8193b1, passed token: 1490c8da-0e1c-40d8-b8fd-9aa20d8193b1
11/10/25 22:04:41: DISPATCH_HANDLER: Adding handler from function makeHandler in library xv_system_diagram
11/10/25 22:04:41: SESSION_MGR: creating session with session uuid: '9b41dd25-d65e-439e-9788-ed190e4a517e' and name 'v++_compile_Direct_FIR_DSP'
11/10/25 22:04:41: KERNEL_SVC: creating session with uuid: '9b41dd25-d65e-439e-9788-ed190e4a517e' and name 'v++_compile_Direct_FIR_DSP'
11/10/25 22:04:41: GUIDANCE_SMGR: creating guidance session with uuid: '9b41dd25-d65e-439e-9788-ed190e4a517e' and name 'v++_compile_Direct_FIR_DSP'
11/10/25 22:04:41: SYSTEM_DIAGRAM: creating session with uuid: '9b41dd25-d65e-439e-9788-ed190e4a517e' and name 'v++_compile_Direct_FIR_DSP'
11/10/25 22:04:50: Dispatch Server: Accepted socket connection from client
11/10/25 22:04:50: Starting Socket connection
11/10/25 22:05:12: SESSION_MGR: closing session for UUID '9b41dd25-d65e-439e-9788-ed190e4a517e' with name 'v++_compile_Direct_FIR_DSP'
11/10/25 22:05:12: KERNEL_SVC: closing session for UUID '9b41dd25-d65e-439e-9788-ed190e4a517e' with name 'v++_compile_Direct_FIR_DSP'
11/10/25 22:05:12: GUIDANCE_SMGR: closing session for UUID '9b41dd25-d65e-439e-9788-ed190e4a517e' with name 'v++_compile_Direct_FIR_DSP'
11/10/25 22:05:12: SYSTEM_DIAGRAM: closing session for UUID '9b41dd25-d65e-439e-9788-ed190e4a517e' with name 'v++_compile_Direct_FIR_DSP'
11/10/25 22:05:12: STOP_SERVER received, server token: 1490c8da-0e1c-40d8-b8fd-9aa20d8193b1, passed token: 1490c8da-0e1c-40d8-b8fd-9aa20d8193b1
11/10/25 22:05:12: Socket received request to stop server.
11/10/25 22:05:12: Dispatch Server: do_await_stop
11/10/25 22:05:12: SERVER: destructor for server bound to port 59968
11/10/25 22:05:21: Running xcd server. This server was built by gradle.
11/10/25 22:05:21: Server was asked to start on port: '59973'
11/10/25 22:05:21: Server is using token UUID: '95e1036b-e07f-4b15-a60d-28a0db83547c'
11/10/25 22:05:21: SESSION_MGR: creating session with session uuid: '6d04a3e9-ade5-4ab9-8d63-1f78fcd2ec76' and name 'default'
11/10/25 22:05:21: Attempting to start server on port '59973'
11/10/25 22:05:21: Running Dispatch Server
11/10/25 22:05:21: Version 2.2.0
11/10/25 22:05:22: Dispatch Server: Accepted socket connection from client
11/10/25 22:05:22: Starting Socket connection
11/10/25 22:05:22: EXCHANGE_TOKEN received, server token: 95e1036b-e07f-4b15-a60d-28a0db83547c, passed token: 95e1036b-e07f-4b15-a60d-28a0db83547c
11/10/25 22:05:23: DISPATCH_HANDLER: Adding handler from function makeHandler in library xv_system_diagram
11/10/25 22:05:23: SESSION_MGR: creating session with session uuid: 'fb60fd34-b771-44d8-b537-afb1588a3f46' and name 'vitis-run_compile_Direct_FIR_DSP'
11/10/25 22:05:23: KERNEL_SVC: creating session with uuid: 'fb60fd34-b771-44d8-b537-afb1588a3f46' and name 'vitis-run_compile_Direct_FIR_DSP'
11/10/25 22:05:23: GUIDANCE_SMGR: creating guidance session with uuid: 'fb60fd34-b771-44d8-b537-afb1588a3f46' and name 'vitis-run_compile_Direct_FIR_DSP'
11/10/25 22:05:23: SYSTEM_DIAGRAM: creating session with uuid: 'fb60fd34-b771-44d8-b537-afb1588a3f46' and name 'vitis-run_compile_Direct_FIR_DSP'
11/10/25 22:05:33: Dispatch Server: Accepted socket connection from client
11/10/25 22:05:33: Starting Socket connection
11/10/25 22:05:43: SESSION_MGR: closing session for UUID 'fb60fd34-b771-44d8-b537-afb1588a3f46' with name 'vitis-run_compile_Direct_FIR_DSP'
11/10/25 22:05:43: KERNEL_SVC: closing session for UUID 'fb60fd34-b771-44d8-b537-afb1588a3f46' with name 'vitis-run_compile_Direct_FIR_DSP'
11/10/25 22:05:43: GUIDANCE_SMGR: closing session for UUID 'fb60fd34-b771-44d8-b537-afb1588a3f46' with name 'vitis-run_compile_Direct_FIR_DSP'
11/10/25 22:05:43: SYSTEM_DIAGRAM: closing session for UUID 'fb60fd34-b771-44d8-b537-afb1588a3f46' with name 'vitis-run_compile_Direct_FIR_DSP'
11/10/25 22:05:43: STOP_SERVER received, server token: 95e1036b-e07f-4b15-a60d-28a0db83547c, passed token: 95e1036b-e07f-4b15-a60d-28a0db83547c
11/10/25 22:05:43: Socket received request to stop server.
11/10/25 22:05:43: Dispatch Server: do_await_stop
11/10/25 22:05:43: SERVER: destructor for server bound to port 59973
11/10/25 23:14:02: Running xcd server. This server was built by gradle.
11/10/25 23:14:02: Server was asked to start on port: '49920'
11/10/25 23:14:02: Server is using token UUID: 'ff3a9de4-a41e-4d86-920d-81c4460d3e65'
11/10/25 23:14:02: SESSION_MGR: creating session with session uuid: '6d04a3e9-ade5-4ab9-8d63-1f78fcd2ec76' and name 'default'
11/10/25 23:14:02: Attempting to start server on port '49920'
11/10/25 23:14:02: Running Dispatch Server
11/10/25 23:14:02: Version 2.2.0
11/10/25 23:14:04: Dispatch Server: Accepted socket connection from client
11/10/25 23:14:04: Starting Socket connection
11/10/25 23:14:04: EXCHANGE_TOKEN received, server token: ff3a9de4-a41e-4d86-920d-81c4460d3e65, passed token: ff3a9de4-a41e-4d86-920d-81c4460d3e65
11/10/25 23:14:04: DISPATCH_HANDLER: Adding handler from function makeHandler in library xv_system_diagram
11/10/25 23:14:04: SESSION_MGR: creating session with session uuid: 'c4ec61e3-705f-4e26-b383-e6cbbcf588a1' and name 'v++_compile_Direct_FIR_DSP'
11/10/25 23:14:04: KERNEL_SVC: creating session with uuid: 'c4ec61e3-705f-4e26-b383-e6cbbcf588a1' and name 'v++_compile_Direct_FIR_DSP'
11/10/25 23:14:04: GUIDANCE_SMGR: creating guidance session with uuid: 'c4ec61e3-705f-4e26-b383-e6cbbcf588a1' and name 'v++_compile_Direct_FIR_DSP'
11/10/25 23:14:04: SYSTEM_DIAGRAM: creating session with uuid: 'c4ec61e3-705f-4e26-b383-e6cbbcf588a1' and name 'v++_compile_Direct_FIR_DSP'
11/10/25 23:14:11: Dispatch Server: Accepted socket connection from client
11/10/25 23:14:11: Starting Socket connection
11/10/25 23:15:06: SESSION_MGR: closing session for UUID 'c4ec61e3-705f-4e26-b383-e6cbbcf588a1' with name 'v++_compile_Direct_FIR_DSP'
11/10/25 23:15:06: KERNEL_SVC: closing session for UUID 'c4ec61e3-705f-4e26-b383-e6cbbcf588a1' with name 'v++_compile_Direct_FIR_DSP'
11/10/25 23:15:06: GUIDANCE_SMGR: closing session for UUID 'c4ec61e3-705f-4e26-b383-e6cbbcf588a1' with name 'v++_compile_Direct_FIR_DSP'
11/10/25 23:15:06: SYSTEM_DIAGRAM: closing session for UUID 'c4ec61e3-705f-4e26-b383-e6cbbcf588a1' with name 'v++_compile_Direct_FIR_DSP'
11/10/25 23:15:06: STOP_SERVER received, server token: ff3a9de4-a41e-4d86-920d-81c4460d3e65, passed token: ff3a9de4-a41e-4d86-920d-81c4460d3e65
11/10/25 23:15:06: Socket received request to stop server.
11/10/25 23:15:06: Dispatch Server: do_await_stop
11/10/25 23:15:06: SERVER: destructor for server bound to port 49920
11/10/25 23:58:19: Running xcd server. This server was built by gradle.
11/10/25 23:58:19: Server was asked to start on port: '63304'
11/10/25 23:58:19: Server is using token UUID: '452420ef-e05f-43ef-8c72-2b342b590a56'
11/10/25 23:58:19: SESSION_MGR: creating session with session uuid: '6d04a3e9-ade5-4ab9-8d63-1f78fcd2ec76' and name 'default'
11/10/25 23:58:19: Attempting to start server on port '63304'
11/10/25 23:58:19: Running Dispatch Server
11/10/25 23:58:19: Version 2.2.0
11/10/25 23:58:21: Dispatch Server: Accepted socket connection from client
11/10/25 23:58:21: Starting Socket connection
11/10/25 23:58:21: EXCHANGE_TOKEN received, server token: 452420ef-e05f-43ef-8c72-2b342b590a56, passed token: 452420ef-e05f-43ef-8c72-2b342b590a56
11/10/25 23:58:21: DISPATCH_HANDLER: Adding handler from function makeHandler in library xv_system_diagram
11/10/25 23:58:21: SESSION_MGR: creating session with session uuid: 'a08e6082-6f14-4b10-8dbb-38a53e6ce2d3' and name 'v++_compile_Direct_FIR_DSP'
11/10/25 23:58:21: KERNEL_SVC: creating session with uuid: 'a08e6082-6f14-4b10-8dbb-38a53e6ce2d3' and name 'v++_compile_Direct_FIR_DSP'
11/10/25 23:58:21: GUIDANCE_SMGR: creating guidance session with uuid: 'a08e6082-6f14-4b10-8dbb-38a53e6ce2d3' and name 'v++_compile_Direct_FIR_DSP'
11/10/25 23:58:21: SYSTEM_DIAGRAM: creating session with uuid: 'a08e6082-6f14-4b10-8dbb-38a53e6ce2d3' and name 'v++_compile_Direct_FIR_DSP'
11/10/25 23:58:27: Dispatch Server: Accepted socket connection from client
11/10/25 23:58:27: Starting Socket connection
11/10/25 23:58:43: SESSION_MGR: closing session for UUID 'a08e6082-6f14-4b10-8dbb-38a53e6ce2d3' with name 'v++_compile_Direct_FIR_DSP'
11/10/25 23:58:43: KERNEL_SVC: closing session for UUID 'a08e6082-6f14-4b10-8dbb-38a53e6ce2d3' with name 'v++_compile_Direct_FIR_DSP'
11/10/25 23:58:43: GUIDANCE_SMGR: closing session for UUID 'a08e6082-6f14-4b10-8dbb-38a53e6ce2d3' with name 'v++_compile_Direct_FIR_DSP'
11/10/25 23:58:43: SYSTEM_DIAGRAM: closing session for UUID 'a08e6082-6f14-4b10-8dbb-38a53e6ce2d3' with name 'v++_compile_Direct_FIR_DSP'
11/10/25 23:58:43: STOP_SERVER received, server token: 452420ef-e05f-43ef-8c72-2b342b590a56, passed token: 452420ef-e05f-43ef-8c72-2b342b590a56
11/10/25 23:58:43: Socket received request to stop server.
11/10/25 23:58:43: Dispatch Server: do_await_stop
11/10/25 23:58:43: SERVER: destructor for server bound to port 63304
11/10/25 23:59:08: Running xcd server. This server was built by gradle.
11/10/25 23:59:08: Server was asked to start on port: '63308'
11/10/25 23:59:08: Server is using token UUID: '46363e56-4d34-4dd6-a883-f54bdf1b7df6'
11/10/25 23:59:08: SESSION_MGR: creating session with session uuid: '6d04a3e9-ade5-4ab9-8d63-1f78fcd2ec76' and name 'default'
11/10/25 23:59:08: Attempting to start server on port '63308'
11/10/25 23:59:08: Running Dispatch Server
11/10/25 23:59:08: Version 2.2.0
11/10/25 23:59:09: Dispatch Server: Accepted socket connection from client
11/10/25 23:59:09: Starting Socket connection
11/10/25 23:59:09: EXCHANGE_TOKEN received, server token: 46363e56-4d34-4dd6-a883-f54bdf1b7df6, passed token: 46363e56-4d34-4dd6-a883-f54bdf1b7df6
11/10/25 23:59:09: DISPATCH_HANDLER: Adding handler from function makeHandler in library xv_system_diagram
11/10/25 23:59:10: SESSION_MGR: creating session with session uuid: '484a3050-df03-40ae-9af6-2a089c9a4116' and name 'vitis-run_compile_Direct_FIR_DSP'
11/10/25 23:59:10: KERNEL_SVC: creating session with uuid: '484a3050-df03-40ae-9af6-2a089c9a4116' and name 'vitis-run_compile_Direct_FIR_DSP'
11/10/25 23:59:10: GUIDANCE_SMGR: creating guidance session with uuid: '484a3050-df03-40ae-9af6-2a089c9a4116' and name 'vitis-run_compile_Direct_FIR_DSP'
11/10/25 23:59:10: SYSTEM_DIAGRAM: creating session with uuid: '484a3050-df03-40ae-9af6-2a089c9a4116' and name 'vitis-run_compile_Direct_FIR_DSP'
11/10/25 23:59:16: Dispatch Server: Accepted socket connection from client
11/10/25 23:59:16: Starting Socket connection
11/10/25 23:59:57: Dispatch Server: Accepted socket connection from client
11/10/25 23:59:57: Starting Socket connection
11/11/25 00:01:05: Dispatch Server: Accepted socket connection from client
11/11/25 00:01:05: Starting Socket connection
11/11/25 00:03:07: Dispatch Server: Accepted socket connection from client
11/11/25 00:03:07: Starting Socket connection
11/11/25 00:06:15: SESSION_MGR: closing session for UUID '484a3050-df03-40ae-9af6-2a089c9a4116' with name 'vitis-run_compile_Direct_FIR_DSP'
11/11/25 00:06:15: KERNEL_SVC: closing session for UUID '484a3050-df03-40ae-9af6-2a089c9a4116' with name 'vitis-run_compile_Direct_FIR_DSP'
11/11/25 00:06:15: GUIDANCE_SMGR: closing session for UUID '484a3050-df03-40ae-9af6-2a089c9a4116' with name 'vitis-run_compile_Direct_FIR_DSP'
11/11/25 00:06:15: SYSTEM_DIAGRAM: closing session for UUID '484a3050-df03-40ae-9af6-2a089c9a4116' with name 'vitis-run_compile_Direct_FIR_DSP'
11/11/25 00:06:15: STOP_SERVER received, server token: 46363e56-4d34-4dd6-a883-f54bdf1b7df6, passed token: 46363e56-4d34-4dd6-a883-f54bdf1b7df6
11/11/25 00:06:15: Socket received request to stop server.
11/11/25 00:06:15: Dispatch Server: do_await_stop
11/11/25 00:06:15: SERVER: destructor for server bound to port 63308
11/11/25 21:35:55: Running xcd server. This server was built by gradle.
11/11/25 21:35:55: Server was asked to start on port: '63650'
11/11/25 21:35:55: Server is using token UUID: 'd947f543-7eac-43fa-95ee-4c14d555149b'
11/11/25 21:35:55: SESSION_MGR: creating session with session uuid: '6d04a3e9-ade5-4ab9-8d63-1f78fcd2ec76' and name 'default'
11/11/25 21:35:55: Attempting to start server on port '63650'
11/11/25 21:35:55: Running Dispatch Server
11/11/25 21:35:55: Version 2.2.0
11/11/25 21:35:57: Dispatch Server: Accepted socket connection from client
11/11/25 21:35:57: Starting Socket connection
11/11/25 21:35:57: EXCHANGE_TOKEN received, server token: d947f543-7eac-43fa-95ee-4c14d555149b, passed token: d947f543-7eac-43fa-95ee-4c14d555149b
11/11/25 21:35:57: DISPATCH_HANDLER: Adding handler from function makeHandler in library xv_system_diagram
11/11/25 21:35:57: SESSION_MGR: creating session with session uuid: 'c9f2912c-9ea6-407a-82da-44cf69bb2d06' and name 'vitis-run_compile_Direct_FIR_DSP'
11/11/25 21:35:57: KERNEL_SVC: creating session with uuid: 'c9f2912c-9ea6-407a-82da-44cf69bb2d06' and name 'vitis-run_compile_Direct_FIR_DSP'
11/11/25 21:35:57: GUIDANCE_SMGR: creating guidance session with uuid: 'c9f2912c-9ea6-407a-82da-44cf69bb2d06' and name 'vitis-run_compile_Direct_FIR_DSP'
11/11/25 21:35:57: SYSTEM_DIAGRAM: creating session with uuid: 'c9f2912c-9ea6-407a-82da-44cf69bb2d06' and name 'vitis-run_compile_Direct_FIR_DSP'
11/11/25 21:36:03: Dispatch Server: Accepted socket connection from client
11/11/25 21:36:03: Starting Socket connection
11/11/25 21:36:08: SESSION_MGR: closing session for UUID 'c9f2912c-9ea6-407a-82da-44cf69bb2d06' with name 'vitis-run_compile_Direct_FIR_DSP'
11/11/25 21:36:08: KERNEL_SVC: closing session for UUID 'c9f2912c-9ea6-407a-82da-44cf69bb2d06' with name 'vitis-run_compile_Direct_FIR_DSP'
11/11/25 21:36:08: GUIDANCE_SMGR: closing session for UUID 'c9f2912c-9ea6-407a-82da-44cf69bb2d06' with name 'vitis-run_compile_Direct_FIR_DSP'
11/11/25 21:36:08: SYSTEM_DIAGRAM: closing session for UUID 'c9f2912c-9ea6-407a-82da-44cf69bb2d06' with name 'vitis-run_compile_Direct_FIR_DSP'
11/11/25 21:36:08: STOP_SERVER received, server token: d947f543-7eac-43fa-95ee-4c14d555149b, passed token: d947f543-7eac-43fa-95ee-4c14d555149b
11/11/25 21:36:08: Socket received request to stop server.
11/11/25 21:36:08: Dispatch Server: do_await_stop
11/11/25 21:36:08: SERVER: destructor for server bound to port 63650
11/16/25 15:33:45: Running xcd server. This server was built by gradle.
11/16/25 15:33:45: Server was asked to start on port: '53234'
11/16/25 15:33:45: Server is using token UUID: '995bed16-5221-4cc0-b7c5-1d0993a6879f'
11/16/25 15:33:45: SESSION_MGR: creating session with session uuid: '6d04a3e9-ade5-4ab9-8d63-1f78fcd2ec76' and name 'default'
11/16/25 15:33:45: Attempting to start server on port '53234'
11/16/25 15:33:45: Running Dispatch Server
11/16/25 15:33:45: Version 2.2.0
11/16/25 15:33:47: Dispatch Server: Accepted socket connection from client
11/16/25 15:33:47: Starting Socket connection
11/16/25 15:33:47: EXCHANGE_TOKEN received, server token: 995bed16-5221-4cc0-b7c5-1d0993a6879f, passed token: 995bed16-5221-4cc0-b7c5-1d0993a6879f
11/16/25 15:33:47: DISPATCH_HANDLER: Adding handler from function makeHandler in library xv_system_diagram
11/16/25 15:33:47: SESSION_MGR: creating session with session uuid: '7a291c14-aa8d-458a-807d-939ca8aeb7e2' and name 'vitis-run_compile_Direct_FIR_DSP'
11/16/25 15:33:47: KERNEL_SVC: creating session with uuid: '7a291c14-aa8d-458a-807d-939ca8aeb7e2' and name 'vitis-run_compile_Direct_FIR_DSP'
11/16/25 15:33:47: GUIDANCE_SMGR: creating guidance session with uuid: '7a291c14-aa8d-458a-807d-939ca8aeb7e2' and name 'vitis-run_compile_Direct_FIR_DSP'
11/16/25 15:33:47: SYSTEM_DIAGRAM: creating session with uuid: '7a291c14-aa8d-458a-807d-939ca8aeb7e2' and name 'vitis-run_compile_Direct_FIR_DSP'
11/16/25 15:33:54: Dispatch Server: Accepted socket connection from client
11/16/25 15:33:54: Starting Socket connection
11/16/25 15:33:57: SESSION_MGR: closing session for UUID '7a291c14-aa8d-458a-807d-939ca8aeb7e2' with name 'vitis-run_compile_Direct_FIR_DSP'
11/16/25 15:33:57: KERNEL_SVC: closing session for UUID '7a291c14-aa8d-458a-807d-939ca8aeb7e2' with name 'vitis-run_compile_Direct_FIR_DSP'
11/16/25 15:33:57: GUIDANCE_SMGR: closing session for UUID '7a291c14-aa8d-458a-807d-939ca8aeb7e2' with name 'vitis-run_compile_Direct_FIR_DSP'
11/16/25 15:33:57: SYSTEM_DIAGRAM: closing session for UUID '7a291c14-aa8d-458a-807d-939ca8aeb7e2' with name 'vitis-run_compile_Direct_FIR_DSP'
11/16/25 15:33:57: STOP_SERVER received, server token: 995bed16-5221-4cc0-b7c5-1d0993a6879f, passed token: 995bed16-5221-4cc0-b7c5-1d0993a6879f
11/16/25 15:33:57: Socket received request to stop server.
11/16/25 15:33:57: Dispatch Server: do_await_stop
11/16/25 15:33:57: SERVER: destructor for server bound to port 53234
11/16/25 15:34:18: Running xcd server. This server was built by gradle.
11/16/25 15:34:18: Server was asked to start on port: '53237'
11/16/25 15:34:18: Server is using token UUID: 'dc08cfab-6990-461b-be8a-14e744beba2e'
11/16/25 15:34:18: SESSION_MGR: creating session with session uuid: '6d04a3e9-ade5-4ab9-8d63-1f78fcd2ec76' and name 'default'
11/16/25 15:34:18: Attempting to start server on port '53237'
11/16/25 15:34:18: Running Dispatch Server
11/16/25 15:34:18: Version 2.2.0
11/16/25 15:34:20: Dispatch Server: Accepted socket connection from client
11/16/25 15:34:20: Starting Socket connection
11/16/25 15:34:20: EXCHANGE_TOKEN received, server token: dc08cfab-6990-461b-be8a-14e744beba2e, passed token: dc08cfab-6990-461b-be8a-14e744beba2e
11/16/25 15:34:20: DISPATCH_HANDLER: Adding handler from function makeHandler in library xv_system_diagram
11/16/25 15:34:20: SESSION_MGR: creating session with session uuid: '46edcd6c-0095-406c-a215-aebf2bfedd27' and name 'v++_compile_Direct_FIR_DSP'
11/16/25 15:34:20: KERNEL_SVC: creating session with uuid: '46edcd6c-0095-406c-a215-aebf2bfedd27' and name 'v++_compile_Direct_FIR_DSP'
11/16/25 15:34:20: GUIDANCE_SMGR: creating guidance session with uuid: '46edcd6c-0095-406c-a215-aebf2bfedd27' and name 'v++_compile_Direct_FIR_DSP'
11/16/25 15:34:20: SYSTEM_DIAGRAM: creating session with uuid: '46edcd6c-0095-406c-a215-aebf2bfedd27' and name 'v++_compile_Direct_FIR_DSP'
11/16/25 15:34:26: Dispatch Server: Accepted socket connection from client
11/16/25 15:34:26: Starting Socket connection
11/16/25 15:34:31: SESSION_MGR: closing session for UUID '46edcd6c-0095-406c-a215-aebf2bfedd27' with name 'v++_compile_Direct_FIR_DSP'
11/16/25 15:34:31: KERNEL_SVC: closing session for UUID '46edcd6c-0095-406c-a215-aebf2bfedd27' with name 'v++_compile_Direct_FIR_DSP'
11/16/25 15:34:31: GUIDANCE_SMGR: closing session for UUID '46edcd6c-0095-406c-a215-aebf2bfedd27' with name 'v++_compile_Direct_FIR_DSP'
11/16/25 15:34:31: SYSTEM_DIAGRAM: closing session for UUID '46edcd6c-0095-406c-a215-aebf2bfedd27' with name 'v++_compile_Direct_FIR_DSP'
11/16/25 15:34:31: STOP_SERVER received, server token: dc08cfab-6990-461b-be8a-14e744beba2e, passed token: dc08cfab-6990-461b-be8a-14e744beba2e
11/16/25 15:34:31: Socket received request to stop server.
11/16/25 15:34:31: Dispatch Server: do_await_stop
11/16/25 15:34:31: SERVER: destructor for server bound to port 53237
11/16/25 15:35:29: Running xcd server. This server was built by gradle.
11/16/25 15:35:29: Server was asked to start on port: '56216'
11/16/25 15:35:29: Server is using token UUID: 'd55cba69-0a5a-45d2-9080-dc30b945b62b'
11/16/25 15:35:29: SESSION_MGR: creating session with session uuid: '6d04a3e9-ade5-4ab9-8d63-1f78fcd2ec76' and name 'default'
11/16/25 15:35:29: Attempting to start server on port '56216'
11/16/25 15:35:29: Running Dispatch Server
11/16/25 15:35:29: Version 2.2.0
11/16/25 15:35:31: Dispatch Server: Accepted socket connection from client
11/16/25 15:35:31: Starting Socket connection
11/16/25 15:35:31: EXCHANGE_TOKEN received, server token: d55cba69-0a5a-45d2-9080-dc30b945b62b, passed token: d55cba69-0a5a-45d2-9080-dc30b945b62b
11/16/25 15:35:31: DISPATCH_HANDLER: Adding handler from function makeHandler in library xv_system_diagram
11/16/25 15:35:31: SESSION_MGR: creating session with session uuid: '07b71b61-831b-432a-87be-65ccdb15f718' and name 'v++_compile_Direct_FIR_DSP'
11/16/25 15:35:31: KERNEL_SVC: creating session with uuid: '07b71b61-831b-432a-87be-65ccdb15f718' and name 'v++_compile_Direct_FIR_DSP'
11/16/25 15:35:31: GUIDANCE_SMGR: creating guidance session with uuid: '07b71b61-831b-432a-87be-65ccdb15f718' and name 'v++_compile_Direct_FIR_DSP'
11/16/25 15:35:31: SYSTEM_DIAGRAM: creating session with uuid: '07b71b61-831b-432a-87be-65ccdb15f718' and name 'v++_compile_Direct_FIR_DSP'
11/16/25 15:35:37: Dispatch Server: Accepted socket connection from client
11/16/25 15:35:37: Starting Socket connection
11/16/25 15:35:52: SESSION_MGR: closing session for UUID '07b71b61-831b-432a-87be-65ccdb15f718' with name 'v++_compile_Direct_FIR_DSP'
11/16/25 15:35:52: KERNEL_SVC: closing session for UUID '07b71b61-831b-432a-87be-65ccdb15f718' with name 'v++_compile_Direct_FIR_DSP'
11/16/25 15:35:52: GUIDANCE_SMGR: closing session for UUID '07b71b61-831b-432a-87be-65ccdb15f718' with name 'v++_compile_Direct_FIR_DSP'
11/16/25 15:35:52: SYSTEM_DIAGRAM: closing session for UUID '07b71b61-831b-432a-87be-65ccdb15f718' with name 'v++_compile_Direct_FIR_DSP'
11/16/25 15:35:52: STOP_SERVER received, server token: d55cba69-0a5a-45d2-9080-dc30b945b62b, passed token: d55cba69-0a5a-45d2-9080-dc30b945b62b
11/16/25 15:35:52: Socket received request to stop server.
11/16/25 15:35:52: Dispatch Server: do_await_stop
11/16/25 15:35:52: SERVER: destructor for server bound to port 56216
11/16/25 15:36:13: Running xcd server. This server was built by gradle.
11/16/25 15:36:13: Server was asked to start on port: '56223'
11/16/25 15:36:13: Server is using token UUID: 'd85a4698-c738-477d-b29c-3427f02d0af9'
11/16/25 15:36:13: SESSION_MGR: creating session with session uuid: '6d04a3e9-ade5-4ab9-8d63-1f78fcd2ec76' and name 'default'
11/16/25 15:36:13: Attempting to start server on port '56223'
11/16/25 15:36:13: Running Dispatch Server
11/16/25 15:36:13: Version 2.2.0
11/16/25 15:36:14: Dispatch Server: Accepted socket connection from client
11/16/25 15:36:14: Starting Socket connection
11/16/25 15:36:14: EXCHANGE_TOKEN received, server token: d85a4698-c738-477d-b29c-3427f02d0af9, passed token: d85a4698-c738-477d-b29c-3427f02d0af9
11/16/25 15:36:14: DISPATCH_HANDLER: Adding handler from function makeHandler in library xv_system_diagram
11/16/25 15:36:14: SESSION_MGR: creating session with session uuid: '367fa735-c417-4323-be30-b9e69903e5f8' and name 'vitis-run_compile_Direct_FIR_DSP'
11/16/25 15:36:14: KERNEL_SVC: creating session with uuid: '367fa735-c417-4323-be30-b9e69903e5f8' and name 'vitis-run_compile_Direct_FIR_DSP'
11/16/25 15:36:14: GUIDANCE_SMGR: creating guidance session with uuid: '367fa735-c417-4323-be30-b9e69903e5f8' and name 'vitis-run_compile_Direct_FIR_DSP'
11/16/25 15:36:14: SYSTEM_DIAGRAM: creating session with uuid: '367fa735-c417-4323-be30-b9e69903e5f8' and name 'vitis-run_compile_Direct_FIR_DSP'
11/16/25 15:36:21: Dispatch Server: Accepted socket connection from client
11/16/25 15:36:21: Starting Socket connection
11/16/25 15:36:50: SESSION_MGR: closing session for UUID '367fa735-c417-4323-be30-b9e69903e5f8' with name 'vitis-run_compile_Direct_FIR_DSP'
11/16/25 15:36:50: KERNEL_SVC: closing session for UUID '367fa735-c417-4323-be30-b9e69903e5f8' with name 'vitis-run_compile_Direct_FIR_DSP'
11/16/25 15:36:50: GUIDANCE_SMGR: closing session for UUID '367fa735-c417-4323-be30-b9e69903e5f8' with name 'vitis-run_compile_Direct_FIR_DSP'
11/16/25 15:36:50: SYSTEM_DIAGRAM: closing session for UUID '367fa735-c417-4323-be30-b9e69903e5f8' with name 'vitis-run_compile_Direct_FIR_DSP'
11/16/25 15:36:50: STOP_SERVER received, server token: d85a4698-c738-477d-b29c-3427f02d0af9, passed token: d85a4698-c738-477d-b29c-3427f02d0af9
11/16/25 15:36:50: Socket received request to stop server.
11/16/25 15:36:50: Dispatch Server: do_await_stop
11/16/25 15:36:50: SERVER: destructor for server bound to port 56223
11/16/25 15:38:18: Running xcd server. This server was built by gradle.
11/16/25 15:38:18: Server was asked to start on port: '56231'
11/16/25 15:38:18: Server is using token UUID: '970ceeaf-1ae1-4b94-aeaa-66dc5570459c'
11/16/25 15:38:18: SESSION_MGR: creating session with session uuid: '6d04a3e9-ade5-4ab9-8d63-1f78fcd2ec76' and name 'default'
11/16/25 15:38:18: Attempting to start server on port '56231'
11/16/25 15:38:18: Running Dispatch Server
11/16/25 15:38:18: Version 2.2.0
11/16/25 15:38:20: Dispatch Server: Accepted socket connection from client
11/16/25 15:38:20: Starting Socket connection
11/16/25 15:38:20: EXCHANGE_TOKEN received, server token: 970ceeaf-1ae1-4b94-aeaa-66dc5570459c, passed token: 970ceeaf-1ae1-4b94-aeaa-66dc5570459c
11/16/25 15:38:20: DISPATCH_HANDLER: Adding handler from function makeHandler in library xv_system_diagram
11/16/25 15:38:20: SESSION_MGR: creating session with session uuid: '00217e5a-49eb-4a0c-9302-7f59869d2db1' and name 'vitis-run_compile_Direct_FIR_DSP'
11/16/25 15:38:20: KERNEL_SVC: creating session with uuid: '00217e5a-49eb-4a0c-9302-7f59869d2db1' and name 'vitis-run_compile_Direct_FIR_DSP'
11/16/25 15:38:20: GUIDANCE_SMGR: creating guidance session with uuid: '00217e5a-49eb-4a0c-9302-7f59869d2db1' and name 'vitis-run_compile_Direct_FIR_DSP'
11/16/25 15:38:20: SYSTEM_DIAGRAM: creating session with uuid: '00217e5a-49eb-4a0c-9302-7f59869d2db1' and name 'vitis-run_compile_Direct_FIR_DSP'
11/16/25 15:38:26: Dispatch Server: Accepted socket connection from client
11/16/25 15:38:26: Starting Socket connection
11/16/25 15:38:38: SESSION_MGR: closing session for UUID '00217e5a-49eb-4a0c-9302-7f59869d2db1' with name 'vitis-run_compile_Direct_FIR_DSP'
11/16/25 15:38:38: KERNEL_SVC: closing session for UUID '00217e5a-49eb-4a0c-9302-7f59869d2db1' with name 'vitis-run_compile_Direct_FIR_DSP'
11/16/25 15:38:38: GUIDANCE_SMGR: closing session for UUID '00217e5a-49eb-4a0c-9302-7f59869d2db1' with name 'vitis-run_compile_Direct_FIR_DSP'
11/16/25 15:38:38: SYSTEM_DIAGRAM: closing session for UUID '00217e5a-49eb-4a0c-9302-7f59869d2db1' with name 'vitis-run_compile_Direct_FIR_DSP'
11/16/25 15:38:38: STOP_SERVER received, server token: 970ceeaf-1ae1-4b94-aeaa-66dc5570459c, passed token: 970ceeaf-1ae1-4b94-aeaa-66dc5570459c
11/16/25 15:38:38: Socket received request to stop server.
11/16/25 15:38:38: Dispatch Server: do_await_stop
11/16/25 15:38:38: SERVER: destructor for server bound to port 56231
