================================================================
== Vivado RTL Synthesis Results
================================================================
+ General Information:
    * Date:            Sun Nov 23 23:07:11 +0100 2025
    * Version:         2024.2 (Build 5238294 on Nov  8 2024)
    * Project:         FIR_Cascade_v2
    * Solution:        hls (Vivado IP Flow Target)
    * Product family:  zynquplus
    * Target device:   xck26-sfvc784-2LV-c


================================================================
== Run Constraints & Options
================================================================
+ Design Constraints & Options:
    * RTL Synthesis target clock:  10 ns
    * C-Synthesis uncertainty:     27%

+ RTL Synthesis Options:
    * config_export -vivado_synth_strategy:     default
    * config_export -vivado_synth_design_args:  -directive sdx_optimization_effort_high

+ Reporting Options:
    * config_export -vivado_report_level:      2
    * config_export -vivado_max_timing_paths:  10


================================================================
== RTL Synthesis Resource Summary
================================================================
LUT:              1564
FF:               1725
DSP:              110
BRAM:             0
URAM:             0
SRL:              190


================================================================
== RTL Synthesis Timing Summary
================================================================
* Timing was met
+----------------+-------------+
| Timing         | Period (ns) |
+----------------+-------------+
| Target         | 10.000      |
| Post-Synthesis | 3.720       |
+----------------+-------------+


================================================================
== RTL Synthesis Resources
================================================================
+-----------------------------------------------+------+------+-----+------+------+-----+--------+------+---------+----------+--------+
| Name                                          | LUT  | FF   | DSP | BRAM | URAM | SRL | Pragma | Impl | Latency | Variable | Source |
+-----------------------------------------------+------+------+-----+------+------+-----+--------+------+---------+----------+--------+
| inst                                          | 1564 | 1725 | 110 |      |      |     |        |      |         |          |        |
|   (inst)                                      | 6    | 582  |     |      |      |     |        |      |         |          |        |
|   grp_FIR_filter_1_fu_440                     | 177  | 305  | 2   |      |      |     |        |      |         |          |        |
|     (grp_FIR_filter_1_fu_440)                 | 135  | 305  |     |      |      |     |        |      |         |          |        |
|     ama_addmuladd_16s_16s_10s_32s_32_4_0_U91  | 34   |      | 1   |      |      |     |        |      |         |          |        |
|     mac_muladd_16s_16ns_26s_32_4_0_U90        | 8    |      | 1   |      |      |     |        |      |         |          |        |
|   grp_FIR_filter_2_fu_430                     | 210  | 273  | 3   |      |      |     |        |      |         |          |        |
|     (grp_FIR_filter_2_fu_430)                 | 136  | 273  |     |      |      |     |        |      |         |          |        |
|     am_addmul_16s_16s_15ns_32_4_0_U12         | 20   |      | 1   |      |      |     |        |      |         |          |        |
|     ama_addmuladd_16s_16s_10ns_32s_32_4_0_U13 | 8    |      | 1   |      |      |     |        |      |         |          |        |
|     ama_addmuladd_16s_16s_14s_32s_32_4_0_U14  | 46   |      | 1   |      |      |     |        |      |         |          |        |
|   grp_FIR_filter_fu_405                       | 152  | 131  | 3   |      |      |     |        |      |         |          |        |
|     (grp_FIR_filter_fu_405)                   | 80   | 131  |     |      |      |     |        |      |         |          |        |
|     mac_muladd_16s_13s_29s_29_4_0_U2          | 2    |      | 2   |      |      |     |        |      |         |          |        |
|     mac_muladd_16s_15ns_30s_32_4_0_U3         | 70   |      | 1   |      |      |     |        |      |         |          |        |
|   grp_FIR_filter_fu_419                       | 60   | 121  | 3   |      |      |     |        |      |         |          |        |
|     (grp_FIR_filter_fu_419)                   | 45   | 121  |     |      |      |     |        |      |         |          |        |
|     mac_muladd_16s_13s_29s_29_4_0_U2          |      |      | 2   |      |      |     |        |      |         |          |        |
|     mac_muladd_16s_15ns_30s_32_4_0_U3         | 15   |      | 1   |      |      |     |        |      |         |          |        |
|   ref_tmp_FIR_filter_transposed_fu_449        | 893  | 241  | 99  |      |      |     |        |      |         |          |        |
|     (ref_tmp_FIR_filter_transposed_fu_449)    | 893  | 241  | 98  |      |      |     |        |      |         |          |        |
|     mul_16s_8ns_23_1_1_U24                    | 1    |      | 1   |      |      |     |        |      |         |          |        |
|   regslice_both_input_r_U                     | 35   | 37   |     |      |      |     |        |      |         |          |        |
|   regslice_both_output_r_U                    | 31   | 35   |     |      |      |     |        |      |         |          |        |
+-----------------------------------------------+------+------+-----+------+------+-----+--------+------+---------+----------+--------+


================================================================
== RTL Synthesis Fail Fast
================================================================
+-----------------------------------------------------------+-----------+--------+--------+
| Criteria                                                  | Guideline | Actual | Status |
+-----------------------------------------------------------+-----------+--------+--------+
| LUT                                                       | 70%       | 1.34%  | OK     |
| FD                                                        | 50%       | 0.74%  | OK     |
| LUTRAM+SRL                                                | 25%       | 0.33%  | OK     |
| CARRY8                                                    | 25%       | 0.98%  | OK     |
| MUXF7                                                     | 15%       | 0.00%  | OK     |
| DSP                                                       | 80%       | 8.81%  | OK     |
| RAMB/FIFO                                                 | 80%       | 0.00%  | OK     |
| URAM                                                      | 80%       | 0.00%  | OK     |
| DSP+RAMB+URAM (Avg)                                       | 70%       | 8.81%  | OK     |
| BUFGCE* + BUFGCTRL                                        | 24        | 0      | OK     |
| DONT_TOUCH (cells/nets)                                   | 0         | 0      | OK     |
| MARK_DEBUG (nets)                                         | 0         | 0      | OK     |
| Control Sets                                              | 2196      | 24     | OK     |
| Average Fanout for modules > 100k cells                   | 4         | 0.83   | OK     |
| Max Average Fanout for modules > 100k cells               | 4         | 0      | OK     |
| Non-FD high fanout nets > 10k loads                       | 0         | 0      | OK     |
+-----------------------------------------------------------+-----------+--------+--------+
| TIMING-6 (No common primary clock between related clocks) | 0         | 0      | OK     |
| TIMING-7 (No common node between related clocks)          | 0         | 0      | OK     |
| TIMING-8 (No common period between related clocks)        | 0         | 0      | OK     |
| TIMING-14 (LUT on the clock tree)                         | 0         | 0      | OK     |
| TIMING-35 (No common node in paths with the same clock)   | 0         | 0      | OK     |
+-----------------------------------------------------------+-----------+--------+--------+
| Number of paths above max LUT budgeting (0.391ns)         | 0         | 0      | OK     |
| Number of paths above max Net budgeting (0.263ns)         | 0         | 0      | OK     |
+-----------------------------------------------------------+-----------+--------+--------+


================================================================
== RTL Synthesis Timing Paths
================================================================
* Timing was met
+-------+-------+-----------------------------------------------------------------------------------------------+------------------------------------------------------------+--------------+------------+----------------+----------------+--------------+
| Path  | SLACK | STARTPOINT PIN                                                                                | ENDPOINT PIN                                               | LOGIC LEVELS | MAX FANOUT | DATAPATH DELAY | DATAPATH LOGIC | DATAPATH NET |
|       |       |                                                                                               |                                                            |              |            |                |          DELAY |        DELAY |
+-------+-------+-----------------------------------------------------------------------------------------------+------------------------------------------------------------+--------------+------------+----------------+----------------+--------------+
| Path1 | 6.280 | ref_tmp_FIR_filter_transposed_fu_449/mul_16s_8ns_23_1_1_U24/tmp_product/DSP_A_B_DATA_INST/CLK | grp_FIR_filter_2_fu_430/FIR_delays_write_int_reg_reg[15]/D |           12 |          3 |          3.682 |          3.102 |        0.580 |
| Path2 | 6.290 | ref_tmp_FIR_filter_transposed_fu_449/mul_16s_8ns_23_1_1_U24/tmp_product/DSP_A_B_DATA_INST/CLK | grp_FIR_filter_2_fu_430/FIR_delays_write_int_reg_reg[13]/D |           12 |          3 |          3.671 |          3.092 |        0.579 |
| Path3 | 6.293 | ref_tmp_FIR_filter_transposed_fu_449/mul_16s_8ns_23_1_1_U24/tmp_product/DSP_A_B_DATA_INST/CLK | grp_FIR_filter_2_fu_430/FIR_delays_write_int_reg_reg[14]/D |           12 |          3 |          3.668 |          3.088 |        0.580 |
| Path4 | 6.334 | ref_tmp_FIR_filter_transposed_fu_449/mul_16s_8ns_23_1_1_U24/tmp_product/DSP_A_B_DATA_INST/CLK | grp_FIR_filter_2_fu_430/FIR_delays_write_int_reg_reg[12]/D |           12 |          3 |          3.628 |          3.050 |        0.578 |
| Path5 | 6.336 | ref_tmp_FIR_filter_transposed_fu_449/mul_16s_8ns_23_1_1_U24/tmp_product/DSP_A_B_DATA_INST/CLK | grp_FIR_filter_2_fu_430/FIR_delays_write_int_reg_reg[11]/D |           12 |          3 |          3.625 |          3.045 |        0.580 |
+-------+-------+-----------------------------------------------------------------------------------------------+------------------------------------------------------------+--------------+------------+----------------+----------------+--------------+

    +---------------------------------------------------------------------------------------------------------------------------------------------------------+------------------------+
    | Path1 Cells                                                                                                                                             | Primitive Type         |
    +---------------------------------------------------------------------------------------------------------------------------------------------------------+------------------------+
    | ref_tmp_FIR_filter_transposed_fu_449/mul_16s_8ns_23_1_1_U24/tmp_product/DSP_A_B_DATA_INST                                                               | ARITHMETIC.DSP.DSP48E2 |
    | ref_tmp_FIR_filter_transposed_fu_449/mul_16s_8ns_23_1_1_U24/tmp_product/DSP_PREADD_DATA_INST                                                            | ARITHMETIC.DSP.DSP48E2 |
    | ref_tmp_FIR_filter_transposed_fu_449/mul_16s_8ns_23_1_1_U24/tmp_product/DSP_MULTIPLIER_INST                                                             | ARITHMETIC.DSP.DSP48E2 |
    | ref_tmp_FIR_filter_transposed_fu_449/mul_16s_8ns_23_1_1_U24/tmp_product/DSP_M_DATA_INST                                                                 | ARITHMETIC.DSP.DSP48E2 |
    | ref_tmp_FIR_filter_transposed_fu_449/mul_16s_8ns_23_1_1_U24/tmp_product/DSP_ALU_INST                                                                    | ARITHMETIC.DSP.DSP48E2 |
    | ref_tmp_FIR_filter_transposed_fu_449/mul_16s_8ns_23_1_1_U24/tmp_product/DSP_OUTPUT_INST                                                                 | ARITHMETIC.DSP.DSP48E2 |
    | ref_tmp_FIR_filter_transposed_fu_449/y3[7]_i_28                                                                                                         | CLB.LUT.LUT2           |
    | ref_tmp_FIR_filter_transposed_fu_449/y3_reg[7]_i_12                                                                                                     | CLB.CARRY.CARRY8       |
    | ref_tmp_FIR_filter_transposed_fu_449/y3_reg[7]_i_2                                                                                                      | CLB.CARRY.CARRY8       |
    | ref_tmp_FIR_filter_transposed_fu_449/y3_reg[7]_i_1                                                                                                      | CLB.CARRY.CARRY8       |
    | grp_FIR_filter_fu_405/mac_muladd_16s_15ns_30s_32_4_0_U3/FIR_Cascade_v2_mac_muladd_16s_15ns_30s_32_4_0_DSP48_0_U/FIR_delays_write_int_reg[7]_i_16__0     | CLB.LUT.LUT6           |
    | grp_FIR_filter_fu_405/mac_muladd_16s_15ns_30s_32_4_0_U3/FIR_Cascade_v2_mac_muladd_16s_15ns_30s_32_4_0_DSP48_0_U/FIR_delays_write_int_reg_reg[7]_i_1__0  | CLB.CARRY.CARRY8       |
    | grp_FIR_filter_fu_405/mac_muladd_16s_15ns_30s_32_4_0_U3/FIR_Cascade_v2_mac_muladd_16s_15ns_30s_32_4_0_DSP48_0_U/FIR_delays_write_int_reg_reg[15]_i_1__0 | CLB.CARRY.CARRY8       |
    | grp_FIR_filter_2_fu_430/FIR_delays_write_int_reg_reg[15]                                                                                                | REGISTER.SDR.FDRE      |
    | ref_tmp_FIR_filter_transposed_fu_449/mul_16s_8ns_23_1_1_U24/tmp_product/DSP_A_B_DATA_INST                                                               | ARITHMETIC.DSP.DSP48E2 |
    | ref_tmp_FIR_filter_transposed_fu_449/mul_16s_8ns_23_1_1_U24/tmp_product/DSP_PREADD_DATA_INST                                                            | ARITHMETIC.DSP.DSP48E2 |
    | ref_tmp_FIR_filter_transposed_fu_449/mul_16s_8ns_23_1_1_U24/tmp_product/DSP_MULTIPLIER_INST                                                             | ARITHMETIC.DSP.DSP48E2 |
    | ref_tmp_FIR_filter_transposed_fu_449/mul_16s_8ns_23_1_1_U24/tmp_product/DSP_M_DATA_INST                                                                 | ARITHMETIC.DSP.DSP48E2 |
    | ref_tmp_FIR_filter_transposed_fu_449/mul_16s_8ns_23_1_1_U24/tmp_product/DSP_ALU_INST                                                                    | ARITHMETIC.DSP.DSP48E2 |
    | ref_tmp_FIR_filter_transposed_fu_449/mul_16s_8ns_23_1_1_U24/tmp_product/DSP_OUTPUT_INST                                                                 | ARITHMETIC.DSP.DSP48E2 |
    | ref_tmp_FIR_filter_transposed_fu_449/y3[7]_i_28                                                                                                         | CLB.LUT.LUT2           |
    | ref_tmp_FIR_filter_transposed_fu_449/y3_reg[7]_i_12                                                                                                     | CLB.CARRY.CARRY8       |
    | ref_tmp_FIR_filter_transposed_fu_449/y3_reg[7]_i_2                                                                                                      | CLB.CARRY.CARRY8       |
    | ref_tmp_FIR_filter_transposed_fu_449/y3_reg[7]_i_1                                                                                                      | CLB.CARRY.CARRY8       |
    | grp_FIR_filter_fu_405/mac_muladd_16s_15ns_30s_32_4_0_U3/FIR_Cascade_v2_mac_muladd_16s_15ns_30s_32_4_0_DSP48_0_U/FIR_delays_write_int_reg[7]_i_16__0     | CLB.LUT.LUT6           |
    | grp_FIR_filter_fu_405/mac_muladd_16s_15ns_30s_32_4_0_U3/FIR_Cascade_v2_mac_muladd_16s_15ns_30s_32_4_0_DSP48_0_U/FIR_delays_write_int_reg_reg[7]_i_1__0  | CLB.CARRY.CARRY8       |
    | grp_FIR_filter_fu_405/mac_muladd_16s_15ns_30s_32_4_0_U3/FIR_Cascade_v2_mac_muladd_16s_15ns_30s_32_4_0_DSP48_0_U/FIR_delays_write_int_reg_reg[15]_i_1__0 | CLB.CARRY.CARRY8       |
    | grp_FIR_filter_2_fu_430/FIR_delays_write_int_reg_reg[13]                                                                                                | REGISTER.SDR.FDRE      |
    | ref_tmp_FIR_filter_transposed_fu_449/mul_16s_8ns_23_1_1_U24/tmp_product/DSP_A_B_DATA_INST                                                               | ARITHMETIC.DSP.DSP48E2 |
    | ref_tmp_FIR_filter_transposed_fu_449/mul_16s_8ns_23_1_1_U24/tmp_product/DSP_PREADD_DATA_INST                                                            | ARITHMETIC.DSP.DSP48E2 |
    | ref_tmp_FIR_filter_transposed_fu_449/mul_16s_8ns_23_1_1_U24/tmp_product/DSP_MULTIPLIER_INST                                                             | ARITHMETIC.DSP.DSP48E2 |
    | ref_tmp_FIR_filter_transposed_fu_449/mul_16s_8ns_23_1_1_U24/tmp_product/DSP_M_DATA_INST                                                                 | ARITHMETIC.DSP.DSP48E2 |
    | ref_tmp_FIR_filter_transposed_fu_449/mul_16s_8ns_23_1_1_U24/tmp_product/DSP_ALU_INST                                                                    | ARITHMETIC.DSP.DSP48E2 |
    | ref_tmp_FIR_filter_transposed_fu_449/mul_16s_8ns_23_1_1_U24/tmp_product/DSP_OUTPUT_INST                                                                 | ARITHMETIC.DSP.DSP48E2 |
    | ref_tmp_FIR_filter_transposed_fu_449/y3[7]_i_28                                                                                                         | CLB.LUT.LUT2           |
    | ref_tmp_FIR_filter_transposed_fu_449/y3_reg[7]_i_12                                                                                                     | CLB.CARRY.CARRY8       |
    | ref_tmp_FIR_filter_transposed_fu_449/y3_reg[7]_i_2                                                                                                      | CLB.CARRY.CARRY8       |
    | ref_tmp_FIR_filter_transposed_fu_449/y3_reg[7]_i_1                                                                                                      | CLB.CARRY.CARRY8       |
    | grp_FIR_filter_fu_405/mac_muladd_16s_15ns_30s_32_4_0_U3/FIR_Cascade_v2_mac_muladd_16s_15ns_30s_32_4_0_DSP48_0_U/FIR_delays_write_int_reg[7]_i_16__0     | CLB.LUT.LUT6           |
    | grp_FIR_filter_fu_405/mac_muladd_16s_15ns_30s_32_4_0_U3/FIR_Cascade_v2_mac_muladd_16s_15ns_30s_32_4_0_DSP48_0_U/FIR_delays_write_int_reg_reg[7]_i_1__0  | CLB.CARRY.CARRY8       |
    | grp_FIR_filter_fu_405/mac_muladd_16s_15ns_30s_32_4_0_U3/FIR_Cascade_v2_mac_muladd_16s_15ns_30s_32_4_0_DSP48_0_U/FIR_delays_write_int_reg_reg[15]_i_1__0 | CLB.CARRY.CARRY8       |
    | grp_FIR_filter_2_fu_430/FIR_delays_write_int_reg_reg[14]                                                                                                | REGISTER.SDR.FDRE      |
    | ref_tmp_FIR_filter_transposed_fu_449/mul_16s_8ns_23_1_1_U24/tmp_product/DSP_A_B_DATA_INST                                                               | ARITHMETIC.DSP.DSP48E2 |
    | ref_tmp_FIR_filter_transposed_fu_449/mul_16s_8ns_23_1_1_U24/tmp_product/DSP_PREADD_DATA_INST                                                            | ARITHMETIC.DSP.DSP48E2 |
    | ref_tmp_FIR_filter_transposed_fu_449/mul_16s_8ns_23_1_1_U24/tmp_product/DSP_MULTIPLIER_INST                                                             | ARITHMETIC.DSP.DSP48E2 |
    | ref_tmp_FIR_filter_transposed_fu_449/mul_16s_8ns_23_1_1_U24/tmp_product/DSP_M_DATA_INST                                                                 | ARITHMETIC.DSP.DSP48E2 |
    | ref_tmp_FIR_filter_transposed_fu_449/mul_16s_8ns_23_1_1_U24/tmp_product/DSP_ALU_INST                                                                    | ARITHMETIC.DSP.DSP48E2 |
    | ref_tmp_FIR_filter_transposed_fu_449/mul_16s_8ns_23_1_1_U24/tmp_product/DSP_OUTPUT_INST                                                                 | ARITHMETIC.DSP.DSP48E2 |
    | ref_tmp_FIR_filter_transposed_fu_449/y3[7]_i_28                                                                                                         | CLB.LUT.LUT2           |
    | ref_tmp_FIR_filter_transposed_fu_449/y3_reg[7]_i_12                                                                                                     | CLB.CARRY.CARRY8       |
    | ref_tmp_FIR_filter_transposed_fu_449/y3_reg[7]_i_2                                                                                                      | CLB.CARRY.CARRY8       |
    | ref_tmp_FIR_filter_transposed_fu_449/y3_reg[7]_i_1                                                                                                      | CLB.CARRY.CARRY8       |
    | grp_FIR_filter_fu_405/mac_muladd_16s_15ns_30s_32_4_0_U3/FIR_Cascade_v2_mac_muladd_16s_15ns_30s_32_4_0_DSP48_0_U/FIR_delays_write_int_reg[7]_i_16__0     | CLB.LUT.LUT6           |
    | grp_FIR_filter_fu_405/mac_muladd_16s_15ns_30s_32_4_0_U3/FIR_Cascade_v2_mac_muladd_16s_15ns_30s_32_4_0_DSP48_0_U/FIR_delays_write_int_reg_reg[7]_i_1__0  | CLB.CARRY.CARRY8       |
    | grp_FIR_filter_fu_405/mac_muladd_16s_15ns_30s_32_4_0_U3/FIR_Cascade_v2_mac_muladd_16s_15ns_30s_32_4_0_DSP48_0_U/FIR_delays_write_int_reg_reg[15]_i_1__0 | CLB.CARRY.CARRY8       |
    | grp_FIR_filter_2_fu_430/FIR_delays_write_int_reg_reg[12]                                                                                                | REGISTER.SDR.FDRE      |
    | ref_tmp_FIR_filter_transposed_fu_449/mul_16s_8ns_23_1_1_U24/tmp_product/DSP_A_B_DATA_INST                                                               | ARITHMETIC.DSP.DSP48E2 |
    | ref_tmp_FIR_filter_transposed_fu_449/mul_16s_8ns_23_1_1_U24/tmp_product/DSP_PREADD_DATA_INST                                                            | ARITHMETIC.DSP.DSP48E2 |
    | ref_tmp_FIR_filter_transposed_fu_449/mul_16s_8ns_23_1_1_U24/tmp_product/DSP_MULTIPLIER_INST                                                             | ARITHMETIC.DSP.DSP48E2 |
    | ref_tmp_FIR_filter_transposed_fu_449/mul_16s_8ns_23_1_1_U24/tmp_product/DSP_M_DATA_INST                                                                 | ARITHMETIC.DSP.DSP48E2 |
    | ref_tmp_FIR_filter_transposed_fu_449/mul_16s_8ns_23_1_1_U24/tmp_product/DSP_ALU_INST                                                                    | ARITHMETIC.DSP.DSP48E2 |
    | ref_tmp_FIR_filter_transposed_fu_449/mul_16s_8ns_23_1_1_U24/tmp_product/DSP_OUTPUT_INST                                                                 | ARITHMETIC.DSP.DSP48E2 |
    | ref_tmp_FIR_filter_transposed_fu_449/y3[7]_i_28                                                                                                         | CLB.LUT.LUT2           |
    | ref_tmp_FIR_filter_transposed_fu_449/y3_reg[7]_i_12                                                                                                     | CLB.CARRY.CARRY8       |
    | ref_tmp_FIR_filter_transposed_fu_449/y3_reg[7]_i_2                                                                                                      | CLB.CARRY.CARRY8       |
    | ref_tmp_FIR_filter_transposed_fu_449/y3_reg[7]_i_1                                                                                                      | CLB.CARRY.CARRY8       |
    | grp_FIR_filter_fu_405/mac_muladd_16s_15ns_30s_32_4_0_U3/FIR_Cascade_v2_mac_muladd_16s_15ns_30s_32_4_0_DSP48_0_U/FIR_delays_write_int_reg[7]_i_16__0     | CLB.LUT.LUT6           |
    | grp_FIR_filter_fu_405/mac_muladd_16s_15ns_30s_32_4_0_U3/FIR_Cascade_v2_mac_muladd_16s_15ns_30s_32_4_0_DSP48_0_U/FIR_delays_write_int_reg_reg[7]_i_1__0  | CLB.CARRY.CARRY8       |
    | grp_FIR_filter_fu_405/mac_muladd_16s_15ns_30s_32_4_0_U3/FIR_Cascade_v2_mac_muladd_16s_15ns_30s_32_4_0_DSP48_0_U/FIR_delays_write_int_reg_reg[15]_i_1__0 | CLB.CARRY.CARRY8       |
    | grp_FIR_filter_2_fu_430/FIR_delays_write_int_reg_reg[11]                                                                                                | REGISTER.SDR.FDRE      |
    +---------------------------------------------------------------------------------------------------------------------------------------------------------+------------------------+

    +---------------------------------------------------------------------------------------------------------------------------------------------------------+------------------------+
    | Path2 Cells                                                                                                                                             | Primitive Type         |
    +---------------------------------------------------------------------------------------------------------------------------------------------------------+------------------------+
    | ref_tmp_FIR_filter_transposed_fu_449/mul_16s_8ns_23_1_1_U24/tmp_product/DSP_A_B_DATA_INST                                                               | ARITHMETIC.DSP.DSP48E2 |
    | ref_tmp_FIR_filter_transposed_fu_449/mul_16s_8ns_23_1_1_U24/tmp_product/DSP_PREADD_DATA_INST                                                            | ARITHMETIC.DSP.DSP48E2 |
    | ref_tmp_FIR_filter_transposed_fu_449/mul_16s_8ns_23_1_1_U24/tmp_product/DSP_MULTIPLIER_INST                                                             | ARITHMETIC.DSP.DSP48E2 |
    | ref_tmp_FIR_filter_transposed_fu_449/mul_16s_8ns_23_1_1_U24/tmp_product/DSP_M_DATA_INST                                                                 | ARITHMETIC.DSP.DSP48E2 |
    | ref_tmp_FIR_filter_transposed_fu_449/mul_16s_8ns_23_1_1_U24/tmp_product/DSP_ALU_INST                                                                    | ARITHMETIC.DSP.DSP48E2 |
    | ref_tmp_FIR_filter_transposed_fu_449/mul_16s_8ns_23_1_1_U24/tmp_product/DSP_OUTPUT_INST                                                                 | ARITHMETIC.DSP.DSP48E2 |
    | ref_tmp_FIR_filter_transposed_fu_449/y3[7]_i_28                                                                                                         | CLB.LUT.LUT2           |
    | ref_tmp_FIR_filter_transposed_fu_449/y3_reg[7]_i_12                                                                                                     | CLB.CARRY.CARRY8       |
    | ref_tmp_FIR_filter_transposed_fu_449/y3_reg[7]_i_2                                                                                                      | CLB.CARRY.CARRY8       |
    | ref_tmp_FIR_filter_transposed_fu_449/y3_reg[7]_i_1                                                                                                      | CLB.CARRY.CARRY8       |
    | grp_FIR_filter_fu_405/mac_muladd_16s_15ns_30s_32_4_0_U3/FIR_Cascade_v2_mac_muladd_16s_15ns_30s_32_4_0_DSP48_0_U/FIR_delays_write_int_reg[7]_i_16__0     | CLB.LUT.LUT6           |
    | grp_FIR_filter_fu_405/mac_muladd_16s_15ns_30s_32_4_0_U3/FIR_Cascade_v2_mac_muladd_16s_15ns_30s_32_4_0_DSP48_0_U/FIR_delays_write_int_reg_reg[7]_i_1__0  | CLB.CARRY.CARRY8       |
    | grp_FIR_filter_fu_405/mac_muladd_16s_15ns_30s_32_4_0_U3/FIR_Cascade_v2_mac_muladd_16s_15ns_30s_32_4_0_DSP48_0_U/FIR_delays_write_int_reg_reg[15]_i_1__0 | CLB.CARRY.CARRY8       |
    | grp_FIR_filter_2_fu_430/FIR_delays_write_int_reg_reg[15]                                                                                                | REGISTER.SDR.FDRE      |
    | ref_tmp_FIR_filter_transposed_fu_449/mul_16s_8ns_23_1_1_U24/tmp_product/DSP_A_B_DATA_INST                                                               | ARITHMETIC.DSP.DSP48E2 |
    | ref_tmp_FIR_filter_transposed_fu_449/mul_16s_8ns_23_1_1_U24/tmp_product/DSP_PREADD_DATA_INST                                                            | ARITHMETIC.DSP.DSP48E2 |
    | ref_tmp_FIR_filter_transposed_fu_449/mul_16s_8ns_23_1_1_U24/tmp_product/DSP_MULTIPLIER_INST                                                             | ARITHMETIC.DSP.DSP48E2 |
    | ref_tmp_FIR_filter_transposed_fu_449/mul_16s_8ns_23_1_1_U24/tmp_product/DSP_M_DATA_INST                                                                 | ARITHMETIC.DSP.DSP48E2 |
    | ref_tmp_FIR_filter_transposed_fu_449/mul_16s_8ns_23_1_1_U24/tmp_product/DSP_ALU_INST                                                                    | ARITHMETIC.DSP.DSP48E2 |
    | ref_tmp_FIR_filter_transposed_fu_449/mul_16s_8ns_23_1_1_U24/tmp_product/DSP_OUTPUT_INST                                                                 | ARITHMETIC.DSP.DSP48E2 |
    | ref_tmp_FIR_filter_transposed_fu_449/y3[7]_i_28                                                                                                         | CLB.LUT.LUT2           |
    | ref_tmp_FIR_filter_transposed_fu_449/y3_reg[7]_i_12                                                                                                     | CLB.CARRY.CARRY8       |
    | ref_tmp_FIR_filter_transposed_fu_449/y3_reg[7]_i_2                                                                                                      | CLB.CARRY.CARRY8       |
    | ref_tmp_FIR_filter_transposed_fu_449/y3_reg[7]_i_1                                                                                                      | CLB.CARRY.CARRY8       |
    | grp_FIR_filter_fu_405/mac_muladd_16s_15ns_30s_32_4_0_U3/FIR_Cascade_v2_mac_muladd_16s_15ns_30s_32_4_0_DSP48_0_U/FIR_delays_write_int_reg[7]_i_16__0     | CLB.LUT.LUT6           |
    | grp_FIR_filter_fu_405/mac_muladd_16s_15ns_30s_32_4_0_U3/FIR_Cascade_v2_mac_muladd_16s_15ns_30s_32_4_0_DSP48_0_U/FIR_delays_write_int_reg_reg[7]_i_1__0  | CLB.CARRY.CARRY8       |
    | grp_FIR_filter_fu_405/mac_muladd_16s_15ns_30s_32_4_0_U3/FIR_Cascade_v2_mac_muladd_16s_15ns_30s_32_4_0_DSP48_0_U/FIR_delays_write_int_reg_reg[15]_i_1__0 | CLB.CARRY.CARRY8       |
    | grp_FIR_filter_2_fu_430/FIR_delays_write_int_reg_reg[13]                                                                                                | REGISTER.SDR.FDRE      |
    | ref_tmp_FIR_filter_transposed_fu_449/mul_16s_8ns_23_1_1_U24/tmp_product/DSP_A_B_DATA_INST                                                               | ARITHMETIC.DSP.DSP48E2 |
    | ref_tmp_FIR_filter_transposed_fu_449/mul_16s_8ns_23_1_1_U24/tmp_product/DSP_PREADD_DATA_INST                                                            | ARITHMETIC.DSP.DSP48E2 |
    | ref_tmp_FIR_filter_transposed_fu_449/mul_16s_8ns_23_1_1_U24/tmp_product/DSP_MULTIPLIER_INST                                                             | ARITHMETIC.DSP.DSP48E2 |
    | ref_tmp_FIR_filter_transposed_fu_449/mul_16s_8ns_23_1_1_U24/tmp_product/DSP_M_DATA_INST                                                                 | ARITHMETIC.DSP.DSP48E2 |
    | ref_tmp_FIR_filter_transposed_fu_449/mul_16s_8ns_23_1_1_U24/tmp_product/DSP_ALU_INST                                                                    | ARITHMETIC.DSP.DSP48E2 |
    | ref_tmp_FIR_filter_transposed_fu_449/mul_16s_8ns_23_1_1_U24/tmp_product/DSP_OUTPUT_INST                                                                 | ARITHMETIC.DSP.DSP48E2 |
    | ref_tmp_FIR_filter_transposed_fu_449/y3[7]_i_28                                                                                                         | CLB.LUT.LUT2           |
    | ref_tmp_FIR_filter_transposed_fu_449/y3_reg[7]_i_12                                                                                                     | CLB.CARRY.CARRY8       |
    | ref_tmp_FIR_filter_transposed_fu_449/y3_reg[7]_i_2                                                                                                      | CLB.CARRY.CARRY8       |
    | ref_tmp_FIR_filter_transposed_fu_449/y3_reg[7]_i_1                                                                                                      | CLB.CARRY.CARRY8       |
    | grp_FIR_filter_fu_405/mac_muladd_16s_15ns_30s_32_4_0_U3/FIR_Cascade_v2_mac_muladd_16s_15ns_30s_32_4_0_DSP48_0_U/FIR_delays_write_int_reg[7]_i_16__0     | CLB.LUT.LUT6           |
    | grp_FIR_filter_fu_405/mac_muladd_16s_15ns_30s_32_4_0_U3/FIR_Cascade_v2_mac_muladd_16s_15ns_30s_32_4_0_DSP48_0_U/FIR_delays_write_int_reg_reg[7]_i_1__0  | CLB.CARRY.CARRY8       |
    | grp_FIR_filter_fu_405/mac_muladd_16s_15ns_30s_32_4_0_U3/FIR_Cascade_v2_mac_muladd_16s_15ns_30s_32_4_0_DSP48_0_U/FIR_delays_write_int_reg_reg[15]_i_1__0 | CLB.CARRY.CARRY8       |
    | grp_FIR_filter_2_fu_430/FIR_delays_write_int_reg_reg[14]                                                                                                | REGISTER.SDR.FDRE      |
    | ref_tmp_FIR_filter_transposed_fu_449/mul_16s_8ns_23_1_1_U24/tmp_product/DSP_A_B_DATA_INST                                                               | ARITHMETIC.DSP.DSP48E2 |
    | ref_tmp_FIR_filter_transposed_fu_449/mul_16s_8ns_23_1_1_U24/tmp_product/DSP_PREADD_DATA_INST                                                            | ARITHMETIC.DSP.DSP48E2 |
    | ref_tmp_FIR_filter_transposed_fu_449/mul_16s_8ns_23_1_1_U24/tmp_product/DSP_MULTIPLIER_INST                                                             | ARITHMETIC.DSP.DSP48E2 |
    | ref_tmp_FIR_filter_transposed_fu_449/mul_16s_8ns_23_1_1_U24/tmp_product/DSP_M_DATA_INST                                                                 | ARITHMETIC.DSP.DSP48E2 |
    | ref_tmp_FIR_filter_transposed_fu_449/mul_16s_8ns_23_1_1_U24/tmp_product/DSP_ALU_INST                                                                    | ARITHMETIC.DSP.DSP48E2 |
    | ref_tmp_FIR_filter_transposed_fu_449/mul_16s_8ns_23_1_1_U24/tmp_product/DSP_OUTPUT_INST                                                                 | ARITHMETIC.DSP.DSP48E2 |
    | ref_tmp_FIR_filter_transposed_fu_449/y3[7]_i_28                                                                                                         | CLB.LUT.LUT2           |
    | ref_tmp_FIR_filter_transposed_fu_449/y3_reg[7]_i_12                                                                                                     | CLB.CARRY.CARRY8       |
    | ref_tmp_FIR_filter_transposed_fu_449/y3_reg[7]_i_2                                                                                                      | CLB.CARRY.CARRY8       |
    | ref_tmp_FIR_filter_transposed_fu_449/y3_reg[7]_i_1                                                                                                      | CLB.CARRY.CARRY8       |
    | grp_FIR_filter_fu_405/mac_muladd_16s_15ns_30s_32_4_0_U3/FIR_Cascade_v2_mac_muladd_16s_15ns_30s_32_4_0_DSP48_0_U/FIR_delays_write_int_reg[7]_i_16__0     | CLB.LUT.LUT6           |
    | grp_FIR_filter_fu_405/mac_muladd_16s_15ns_30s_32_4_0_U3/FIR_Cascade_v2_mac_muladd_16s_15ns_30s_32_4_0_DSP48_0_U/FIR_delays_write_int_reg_reg[7]_i_1__0  | CLB.CARRY.CARRY8       |
    | grp_FIR_filter_fu_405/mac_muladd_16s_15ns_30s_32_4_0_U3/FIR_Cascade_v2_mac_muladd_16s_15ns_30s_32_4_0_DSP48_0_U/FIR_delays_write_int_reg_reg[15]_i_1__0 | CLB.CARRY.CARRY8       |
    | grp_FIR_filter_2_fu_430/FIR_delays_write_int_reg_reg[12]                                                                                                | REGISTER.SDR.FDRE      |
    | ref_tmp_FIR_filter_transposed_fu_449/mul_16s_8ns_23_1_1_U24/tmp_product/DSP_A_B_DATA_INST                                                               | ARITHMETIC.DSP.DSP48E2 |
    | ref_tmp_FIR_filter_transposed_fu_449/mul_16s_8ns_23_1_1_U24/tmp_product/DSP_PREADD_DATA_INST                                                            | ARITHMETIC.DSP.DSP48E2 |
    | ref_tmp_FIR_filter_transposed_fu_449/mul_16s_8ns_23_1_1_U24/tmp_product/DSP_MULTIPLIER_INST                                                             | ARITHMETIC.DSP.DSP48E2 |
    | ref_tmp_FIR_filter_transposed_fu_449/mul_16s_8ns_23_1_1_U24/tmp_product/DSP_M_DATA_INST                                                                 | ARITHMETIC.DSP.DSP48E2 |
    | ref_tmp_FIR_filter_transposed_fu_449/mul_16s_8ns_23_1_1_U24/tmp_product/DSP_ALU_INST                                                                    | ARITHMETIC.DSP.DSP48E2 |
    | ref_tmp_FIR_filter_transposed_fu_449/mul_16s_8ns_23_1_1_U24/tmp_product/DSP_OUTPUT_INST                                                                 | ARITHMETIC.DSP.DSP48E2 |
    | ref_tmp_FIR_filter_transposed_fu_449/y3[7]_i_28                                                                                                         | CLB.LUT.LUT2           |
    | ref_tmp_FIR_filter_transposed_fu_449/y3_reg[7]_i_12                                                                                                     | CLB.CARRY.CARRY8       |
    | ref_tmp_FIR_filter_transposed_fu_449/y3_reg[7]_i_2                                                                                                      | CLB.CARRY.CARRY8       |
    | ref_tmp_FIR_filter_transposed_fu_449/y3_reg[7]_i_1                                                                                                      | CLB.CARRY.CARRY8       |
    | grp_FIR_filter_fu_405/mac_muladd_16s_15ns_30s_32_4_0_U3/FIR_Cascade_v2_mac_muladd_16s_15ns_30s_32_4_0_DSP48_0_U/FIR_delays_write_int_reg[7]_i_16__0     | CLB.LUT.LUT6           |
    | grp_FIR_filter_fu_405/mac_muladd_16s_15ns_30s_32_4_0_U3/FIR_Cascade_v2_mac_muladd_16s_15ns_30s_32_4_0_DSP48_0_U/FIR_delays_write_int_reg_reg[7]_i_1__0  | CLB.CARRY.CARRY8       |
    | grp_FIR_filter_fu_405/mac_muladd_16s_15ns_30s_32_4_0_U3/FIR_Cascade_v2_mac_muladd_16s_15ns_30s_32_4_0_DSP48_0_U/FIR_delays_write_int_reg_reg[15]_i_1__0 | CLB.CARRY.CARRY8       |
    | grp_FIR_filter_2_fu_430/FIR_delays_write_int_reg_reg[11]                                                                                                | REGISTER.SDR.FDRE      |
    +---------------------------------------------------------------------------------------------------------------------------------------------------------+------------------------+

    +---------------------------------------------------------------------------------------------------------------------------------------------------------+------------------------+
    | Path3 Cells                                                                                                                                             | Primitive Type         |
    +---------------------------------------------------------------------------------------------------------------------------------------------------------+------------------------+
    | ref_tmp_FIR_filter_transposed_fu_449/mul_16s_8ns_23_1_1_U24/tmp_product/DSP_A_B_DATA_INST                                                               | ARITHMETIC.DSP.DSP48E2 |
    | ref_tmp_FIR_filter_transposed_fu_449/mul_16s_8ns_23_1_1_U24/tmp_product/DSP_PREADD_DATA_INST                                                            | ARITHMETIC.DSP.DSP48E2 |
    | ref_tmp_FIR_filter_transposed_fu_449/mul_16s_8ns_23_1_1_U24/tmp_product/DSP_MULTIPLIER_INST                                                             | ARITHMETIC.DSP.DSP48E2 |
    | ref_tmp_FIR_filter_transposed_fu_449/mul_16s_8ns_23_1_1_U24/tmp_product/DSP_M_DATA_INST                                                                 | ARITHMETIC.DSP.DSP48E2 |
    | ref_tmp_FIR_filter_transposed_fu_449/mul_16s_8ns_23_1_1_U24/tmp_product/DSP_ALU_INST                                                                    | ARITHMETIC.DSP.DSP48E2 |
    | ref_tmp_FIR_filter_transposed_fu_449/mul_16s_8ns_23_1_1_U24/tmp_product/DSP_OUTPUT_INST                                                                 | ARITHMETIC.DSP.DSP48E2 |
    | ref_tmp_FIR_filter_transposed_fu_449/y3[7]_i_28                                                                                                         | CLB.LUT.LUT2           |
    | ref_tmp_FIR_filter_transposed_fu_449/y3_reg[7]_i_12                                                                                                     | CLB.CARRY.CARRY8       |
    | ref_tmp_FIR_filter_transposed_fu_449/y3_reg[7]_i_2                                                                                                      | CLB.CARRY.CARRY8       |
    | ref_tmp_FIR_filter_transposed_fu_449/y3_reg[7]_i_1                                                                                                      | CLB.CARRY.CARRY8       |
    | grp_FIR_filter_fu_405/mac_muladd_16s_15ns_30s_32_4_0_U3/FIR_Cascade_v2_mac_muladd_16s_15ns_30s_32_4_0_DSP48_0_U/FIR_delays_write_int_reg[7]_i_16__0     | CLB.LUT.LUT6           |
    | grp_FIR_filter_fu_405/mac_muladd_16s_15ns_30s_32_4_0_U3/FIR_Cascade_v2_mac_muladd_16s_15ns_30s_32_4_0_DSP48_0_U/FIR_delays_write_int_reg_reg[7]_i_1__0  | CLB.CARRY.CARRY8       |
    | grp_FIR_filter_fu_405/mac_muladd_16s_15ns_30s_32_4_0_U3/FIR_Cascade_v2_mac_muladd_16s_15ns_30s_32_4_0_DSP48_0_U/FIR_delays_write_int_reg_reg[15]_i_1__0 | CLB.CARRY.CARRY8       |
    | grp_FIR_filter_2_fu_430/FIR_delays_write_int_reg_reg[15]                                                                                                | REGISTER.SDR.FDRE      |
    | ref_tmp_FIR_filter_transposed_fu_449/mul_16s_8ns_23_1_1_U24/tmp_product/DSP_A_B_DATA_INST                                                               | ARITHMETIC.DSP.DSP48E2 |
    | ref_tmp_FIR_filter_transposed_fu_449/mul_16s_8ns_23_1_1_U24/tmp_product/DSP_PREADD_DATA_INST                                                            | ARITHMETIC.DSP.DSP48E2 |
    | ref_tmp_FIR_filter_transposed_fu_449/mul_16s_8ns_23_1_1_U24/tmp_product/DSP_MULTIPLIER_INST                                                             | ARITHMETIC.DSP.DSP48E2 |
    | ref_tmp_FIR_filter_transposed_fu_449/mul_16s_8ns_23_1_1_U24/tmp_product/DSP_M_DATA_INST                                                                 | ARITHMETIC.DSP.DSP48E2 |
    | ref_tmp_FIR_filter_transposed_fu_449/mul_16s_8ns_23_1_1_U24/tmp_product/DSP_ALU_INST                                                                    | ARITHMETIC.DSP.DSP48E2 |
    | ref_tmp_FIR_filter_transposed_fu_449/mul_16s_8ns_23_1_1_U24/tmp_product/DSP_OUTPUT_INST                                                                 | ARITHMETIC.DSP.DSP48E2 |
    | ref_tmp_FIR_filter_transposed_fu_449/y3[7]_i_28                                                                                                         | CLB.LUT.LUT2           |
    | ref_tmp_FIR_filter_transposed_fu_449/y3_reg[7]_i_12                                                                                                     | CLB.CARRY.CARRY8       |
    | ref_tmp_FIR_filter_transposed_fu_449/y3_reg[7]_i_2                                                                                                      | CLB.CARRY.CARRY8       |
    | ref_tmp_FIR_filter_transposed_fu_449/y3_reg[7]_i_1                                                                                                      | CLB.CARRY.CARRY8       |
    | grp_FIR_filter_fu_405/mac_muladd_16s_15ns_30s_32_4_0_U3/FIR_Cascade_v2_mac_muladd_16s_15ns_30s_32_4_0_DSP48_0_U/FIR_delays_write_int_reg[7]_i_16__0     | CLB.LUT.LUT6           |
    | grp_FIR_filter_fu_405/mac_muladd_16s_15ns_30s_32_4_0_U3/FIR_Cascade_v2_mac_muladd_16s_15ns_30s_32_4_0_DSP48_0_U/FIR_delays_write_int_reg_reg[7]_i_1__0  | CLB.CARRY.CARRY8       |
    | grp_FIR_filter_fu_405/mac_muladd_16s_15ns_30s_32_4_0_U3/FIR_Cascade_v2_mac_muladd_16s_15ns_30s_32_4_0_DSP48_0_U/FIR_delays_write_int_reg_reg[15]_i_1__0 | CLB.CARRY.CARRY8       |
    | grp_FIR_filter_2_fu_430/FIR_delays_write_int_reg_reg[13]                                                                                                | REGISTER.SDR.FDRE      |
    | ref_tmp_FIR_filter_transposed_fu_449/mul_16s_8ns_23_1_1_U24/tmp_product/DSP_A_B_DATA_INST                                                               | ARITHMETIC.DSP.DSP48E2 |
    | ref_tmp_FIR_filter_transposed_fu_449/mul_16s_8ns_23_1_1_U24/tmp_product/DSP_PREADD_DATA_INST                                                            | ARITHMETIC.DSP.DSP48E2 |
    | ref_tmp_FIR_filter_transposed_fu_449/mul_16s_8ns_23_1_1_U24/tmp_product/DSP_MULTIPLIER_INST                                                             | ARITHMETIC.DSP.DSP48E2 |
    | ref_tmp_FIR_filter_transposed_fu_449/mul_16s_8ns_23_1_1_U24/tmp_product/DSP_M_DATA_INST                                                                 | ARITHMETIC.DSP.DSP48E2 |
    | ref_tmp_FIR_filter_transposed_fu_449/mul_16s_8ns_23_1_1_U24/tmp_product/DSP_ALU_INST                                                                    | ARITHMETIC.DSP.DSP48E2 |
    | ref_tmp_FIR_filter_transposed_fu_449/mul_16s_8ns_23_1_1_U24/tmp_product/DSP_OUTPUT_INST                                                                 | ARITHMETIC.DSP.DSP48E2 |
    | ref_tmp_FIR_filter_transposed_fu_449/y3[7]_i_28                                                                                                         | CLB.LUT.LUT2           |
    | ref_tmp_FIR_filter_transposed_fu_449/y3_reg[7]_i_12                                                                                                     | CLB.CARRY.CARRY8       |
    | ref_tmp_FIR_filter_transposed_fu_449/y3_reg[7]_i_2                                                                                                      | CLB.CARRY.CARRY8       |
    | ref_tmp_FIR_filter_transposed_fu_449/y3_reg[7]_i_1                                                                                                      | CLB.CARRY.CARRY8       |
    | grp_FIR_filter_fu_405/mac_muladd_16s_15ns_30s_32_4_0_U3/FIR_Cascade_v2_mac_muladd_16s_15ns_30s_32_4_0_DSP48_0_U/FIR_delays_write_int_reg[7]_i_16__0     | CLB.LUT.LUT6           |
    | grp_FIR_filter_fu_405/mac_muladd_16s_15ns_30s_32_4_0_U3/FIR_Cascade_v2_mac_muladd_16s_15ns_30s_32_4_0_DSP48_0_U/FIR_delays_write_int_reg_reg[7]_i_1__0  | CLB.CARRY.CARRY8       |
    | grp_FIR_filter_fu_405/mac_muladd_16s_15ns_30s_32_4_0_U3/FIR_Cascade_v2_mac_muladd_16s_15ns_30s_32_4_0_DSP48_0_U/FIR_delays_write_int_reg_reg[15]_i_1__0 | CLB.CARRY.CARRY8       |
    | grp_FIR_filter_2_fu_430/FIR_delays_write_int_reg_reg[14]                                                                                                | REGISTER.SDR.FDRE      |
    | ref_tmp_FIR_filter_transposed_fu_449/mul_16s_8ns_23_1_1_U24/tmp_product/DSP_A_B_DATA_INST                                                               | ARITHMETIC.DSP.DSP48E2 |
    | ref_tmp_FIR_filter_transposed_fu_449/mul_16s_8ns_23_1_1_U24/tmp_product/DSP_PREADD_DATA_INST                                                            | ARITHMETIC.DSP.DSP48E2 |
    | ref_tmp_FIR_filter_transposed_fu_449/mul_16s_8ns_23_1_1_U24/tmp_product/DSP_MULTIPLIER_INST                                                             | ARITHMETIC.DSP.DSP48E2 |
    | ref_tmp_FIR_filter_transposed_fu_449/mul_16s_8ns_23_1_1_U24/tmp_product/DSP_M_DATA_INST                                                                 | ARITHMETIC.DSP.DSP48E2 |
    | ref_tmp_FIR_filter_transposed_fu_449/mul_16s_8ns_23_1_1_U24/tmp_product/DSP_ALU_INST                                                                    | ARITHMETIC.DSP.DSP48E2 |
    | ref_tmp_FIR_filter_transposed_fu_449/mul_16s_8ns_23_1_1_U24/tmp_product/DSP_OUTPUT_INST                                                                 | ARITHMETIC.DSP.DSP48E2 |
    | ref_tmp_FIR_filter_transposed_fu_449/y3[7]_i_28                                                                                                         | CLB.LUT.LUT2           |
    | ref_tmp_FIR_filter_transposed_fu_449/y3_reg[7]_i_12                                                                                                     | CLB.CARRY.CARRY8       |
    | ref_tmp_FIR_filter_transposed_fu_449/y3_reg[7]_i_2                                                                                                      | CLB.CARRY.CARRY8       |
    | ref_tmp_FIR_filter_transposed_fu_449/y3_reg[7]_i_1                                                                                                      | CLB.CARRY.CARRY8       |
    | grp_FIR_filter_fu_405/mac_muladd_16s_15ns_30s_32_4_0_U3/FIR_Cascade_v2_mac_muladd_16s_15ns_30s_32_4_0_DSP48_0_U/FIR_delays_write_int_reg[7]_i_16__0     | CLB.LUT.LUT6           |
    | grp_FIR_filter_fu_405/mac_muladd_16s_15ns_30s_32_4_0_U3/FIR_Cascade_v2_mac_muladd_16s_15ns_30s_32_4_0_DSP48_0_U/FIR_delays_write_int_reg_reg[7]_i_1__0  | CLB.CARRY.CARRY8       |
    | grp_FIR_filter_fu_405/mac_muladd_16s_15ns_30s_32_4_0_U3/FIR_Cascade_v2_mac_muladd_16s_15ns_30s_32_4_0_DSP48_0_U/FIR_delays_write_int_reg_reg[15]_i_1__0 | CLB.CARRY.CARRY8       |
    | grp_FIR_filter_2_fu_430/FIR_delays_write_int_reg_reg[12]                                                                                                | REGISTER.SDR.FDRE      |
    | ref_tmp_FIR_filter_transposed_fu_449/mul_16s_8ns_23_1_1_U24/tmp_product/DSP_A_B_DATA_INST                                                               | ARITHMETIC.DSP.DSP48E2 |
    | ref_tmp_FIR_filter_transposed_fu_449/mul_16s_8ns_23_1_1_U24/tmp_product/DSP_PREADD_DATA_INST                                                            | ARITHMETIC.DSP.DSP48E2 |
    | ref_tmp_FIR_filter_transposed_fu_449/mul_16s_8ns_23_1_1_U24/tmp_product/DSP_MULTIPLIER_INST                                                             | ARITHMETIC.DSP.DSP48E2 |
    | ref_tmp_FIR_filter_transposed_fu_449/mul_16s_8ns_23_1_1_U24/tmp_product/DSP_M_DATA_INST                                                                 | ARITHMETIC.DSP.DSP48E2 |
    | ref_tmp_FIR_filter_transposed_fu_449/mul_16s_8ns_23_1_1_U24/tmp_product/DSP_ALU_INST                                                                    | ARITHMETIC.DSP.DSP48E2 |
    | ref_tmp_FIR_filter_transposed_fu_449/mul_16s_8ns_23_1_1_U24/tmp_product/DSP_OUTPUT_INST                                                                 | ARITHMETIC.DSP.DSP48E2 |
    | ref_tmp_FIR_filter_transposed_fu_449/y3[7]_i_28                                                                                                         | CLB.LUT.LUT2           |
    | ref_tmp_FIR_filter_transposed_fu_449/y3_reg[7]_i_12                                                                                                     | CLB.CARRY.CARRY8       |
    | ref_tmp_FIR_filter_transposed_fu_449/y3_reg[7]_i_2                                                                                                      | CLB.CARRY.CARRY8       |
    | ref_tmp_FIR_filter_transposed_fu_449/y3_reg[7]_i_1                                                                                                      | CLB.CARRY.CARRY8       |
    | grp_FIR_filter_fu_405/mac_muladd_16s_15ns_30s_32_4_0_U3/FIR_Cascade_v2_mac_muladd_16s_15ns_30s_32_4_0_DSP48_0_U/FIR_delays_write_int_reg[7]_i_16__0     | CLB.LUT.LUT6           |
    | grp_FIR_filter_fu_405/mac_muladd_16s_15ns_30s_32_4_0_U3/FIR_Cascade_v2_mac_muladd_16s_15ns_30s_32_4_0_DSP48_0_U/FIR_delays_write_int_reg_reg[7]_i_1__0  | CLB.CARRY.CARRY8       |
    | grp_FIR_filter_fu_405/mac_muladd_16s_15ns_30s_32_4_0_U3/FIR_Cascade_v2_mac_muladd_16s_15ns_30s_32_4_0_DSP48_0_U/FIR_delays_write_int_reg_reg[15]_i_1__0 | CLB.CARRY.CARRY8       |
    | grp_FIR_filter_2_fu_430/FIR_delays_write_int_reg_reg[11]                                                                                                | REGISTER.SDR.FDRE      |
    +---------------------------------------------------------------------------------------------------------------------------------------------------------+------------------------+

    +---------------------------------------------------------------------------------------------------------------------------------------------------------+------------------------+
    | Path4 Cells                                                                                                                                             | Primitive Type         |
    +---------------------------------------------------------------------------------------------------------------------------------------------------------+------------------------+
    | ref_tmp_FIR_filter_transposed_fu_449/mul_16s_8ns_23_1_1_U24/tmp_product/DSP_A_B_DATA_INST                                                               | ARITHMETIC.DSP.DSP48E2 |
    | ref_tmp_FIR_filter_transposed_fu_449/mul_16s_8ns_23_1_1_U24/tmp_product/DSP_PREADD_DATA_INST                                                            | ARITHMETIC.DSP.DSP48E2 |
    | ref_tmp_FIR_filter_transposed_fu_449/mul_16s_8ns_23_1_1_U24/tmp_product/DSP_MULTIPLIER_INST                                                             | ARITHMETIC.DSP.DSP48E2 |
    | ref_tmp_FIR_filter_transposed_fu_449/mul_16s_8ns_23_1_1_U24/tmp_product/DSP_M_DATA_INST                                                                 | ARITHMETIC.DSP.DSP48E2 |
    | ref_tmp_FIR_filter_transposed_fu_449/mul_16s_8ns_23_1_1_U24/tmp_product/DSP_ALU_INST                                                                    | ARITHMETIC.DSP.DSP48E2 |
    | ref_tmp_FIR_filter_transposed_fu_449/mul_16s_8ns_23_1_1_U24/tmp_product/DSP_OUTPUT_INST                                                                 | ARITHMETIC.DSP.DSP48E2 |
    | ref_tmp_FIR_filter_transposed_fu_449/y3[7]_i_28                                                                                                         | CLB.LUT.LUT2           |
    | ref_tmp_FIR_filter_transposed_fu_449/y3_reg[7]_i_12                                                                                                     | CLB.CARRY.CARRY8       |
    | ref_tmp_FIR_filter_transposed_fu_449/y3_reg[7]_i_2                                                                                                      | CLB.CARRY.CARRY8       |
    | ref_tmp_FIR_filter_transposed_fu_449/y3_reg[7]_i_1                                                                                                      | CLB.CARRY.CARRY8       |
    | grp_FIR_filter_fu_405/mac_muladd_16s_15ns_30s_32_4_0_U3/FIR_Cascade_v2_mac_muladd_16s_15ns_30s_32_4_0_DSP48_0_U/FIR_delays_write_int_reg[7]_i_16__0     | CLB.LUT.LUT6           |
    | grp_FIR_filter_fu_405/mac_muladd_16s_15ns_30s_32_4_0_U3/FIR_Cascade_v2_mac_muladd_16s_15ns_30s_32_4_0_DSP48_0_U/FIR_delays_write_int_reg_reg[7]_i_1__0  | CLB.CARRY.CARRY8       |
    | grp_FIR_filter_fu_405/mac_muladd_16s_15ns_30s_32_4_0_U3/FIR_Cascade_v2_mac_muladd_16s_15ns_30s_32_4_0_DSP48_0_U/FIR_delays_write_int_reg_reg[15]_i_1__0 | CLB.CARRY.CARRY8       |
    | grp_FIR_filter_2_fu_430/FIR_delays_write_int_reg_reg[15]                                                                                                | REGISTER.SDR.FDRE      |
    | ref_tmp_FIR_filter_transposed_fu_449/mul_16s_8ns_23_1_1_U24/tmp_product/DSP_A_B_DATA_INST                                                               | ARITHMETIC.DSP.DSP48E2 |
    | ref_tmp_FIR_filter_transposed_fu_449/mul_16s_8ns_23_1_1_U24/tmp_product/DSP_PREADD_DATA_INST                                                            | ARITHMETIC.DSP.DSP48E2 |
    | ref_tmp_FIR_filter_transposed_fu_449/mul_16s_8ns_23_1_1_U24/tmp_product/DSP_MULTIPLIER_INST                                                             | ARITHMETIC.DSP.DSP48E2 |
    | ref_tmp_FIR_filter_transposed_fu_449/mul_16s_8ns_23_1_1_U24/tmp_product/DSP_M_DATA_INST                                                                 | ARITHMETIC.DSP.DSP48E2 |
    | ref_tmp_FIR_filter_transposed_fu_449/mul_16s_8ns_23_1_1_U24/tmp_product/DSP_ALU_INST                                                                    | ARITHMETIC.DSP.DSP48E2 |
    | ref_tmp_FIR_filter_transposed_fu_449/mul_16s_8ns_23_1_1_U24/tmp_product/DSP_OUTPUT_INST                                                                 | ARITHMETIC.DSP.DSP48E2 |
    | ref_tmp_FIR_filter_transposed_fu_449/y3[7]_i_28                                                                                                         | CLB.LUT.LUT2           |
    | ref_tmp_FIR_filter_transposed_fu_449/y3_reg[7]_i_12                                                                                                     | CLB.CARRY.CARRY8       |
    | ref_tmp_FIR_filter_transposed_fu_449/y3_reg[7]_i_2                                                                                                      | CLB.CARRY.CARRY8       |
    | ref_tmp_FIR_filter_transposed_fu_449/y3_reg[7]_i_1                                                                                                      | CLB.CARRY.CARRY8       |
    | grp_FIR_filter_fu_405/mac_muladd_16s_15ns_30s_32_4_0_U3/FIR_Cascade_v2_mac_muladd_16s_15ns_30s_32_4_0_DSP48_0_U/FIR_delays_write_int_reg[7]_i_16__0     | CLB.LUT.LUT6           |
    | grp_FIR_filter_fu_405/mac_muladd_16s_15ns_30s_32_4_0_U3/FIR_Cascade_v2_mac_muladd_16s_15ns_30s_32_4_0_DSP48_0_U/FIR_delays_write_int_reg_reg[7]_i_1__0  | CLB.CARRY.CARRY8       |
    | grp_FIR_filter_fu_405/mac_muladd_16s_15ns_30s_32_4_0_U3/FIR_Cascade_v2_mac_muladd_16s_15ns_30s_32_4_0_DSP48_0_U/FIR_delays_write_int_reg_reg[15]_i_1__0 | CLB.CARRY.CARRY8       |
    | grp_FIR_filter_2_fu_430/FIR_delays_write_int_reg_reg[13]                                                                                                | REGISTER.SDR.FDRE      |
    | ref_tmp_FIR_filter_transposed_fu_449/mul_16s_8ns_23_1_1_U24/tmp_product/DSP_A_B_DATA_INST                                                               | ARITHMETIC.DSP.DSP48E2 |
    | ref_tmp_FIR_filter_transposed_fu_449/mul_16s_8ns_23_1_1_U24/tmp_product/DSP_PREADD_DATA_INST                                                            | ARITHMETIC.DSP.DSP48E2 |
    | ref_tmp_FIR_filter_transposed_fu_449/mul_16s_8ns_23_1_1_U24/tmp_product/DSP_MULTIPLIER_INST                                                             | ARITHMETIC.DSP.DSP48E2 |
    | ref_tmp_FIR_filter_transposed_fu_449/mul_16s_8ns_23_1_1_U24/tmp_product/DSP_M_DATA_INST                                                                 | ARITHMETIC.DSP.DSP48E2 |
    | ref_tmp_FIR_filter_transposed_fu_449/mul_16s_8ns_23_1_1_U24/tmp_product/DSP_ALU_INST                                                                    | ARITHMETIC.DSP.DSP48E2 |
    | ref_tmp_FIR_filter_transposed_fu_449/mul_16s_8ns_23_1_1_U24/tmp_product/DSP_OUTPUT_INST                                                                 | ARITHMETIC.DSP.DSP48E2 |
    | ref_tmp_FIR_filter_transposed_fu_449/y3[7]_i_28                                                                                                         | CLB.LUT.LUT2           |
    | ref_tmp_FIR_filter_transposed_fu_449/y3_reg[7]_i_12                                                                                                     | CLB.CARRY.CARRY8       |
    | ref_tmp_FIR_filter_transposed_fu_449/y3_reg[7]_i_2                                                                                                      | CLB.CARRY.CARRY8       |
    | ref_tmp_FIR_filter_transposed_fu_449/y3_reg[7]_i_1                                                                                                      | CLB.CARRY.CARRY8       |
    | grp_FIR_filter_fu_405/mac_muladd_16s_15ns_30s_32_4_0_U3/FIR_Cascade_v2_mac_muladd_16s_15ns_30s_32_4_0_DSP48_0_U/FIR_delays_write_int_reg[7]_i_16__0     | CLB.LUT.LUT6           |
    | grp_FIR_filter_fu_405/mac_muladd_16s_15ns_30s_32_4_0_U3/FIR_Cascade_v2_mac_muladd_16s_15ns_30s_32_4_0_DSP48_0_U/FIR_delays_write_int_reg_reg[7]_i_1__0  | CLB.CARRY.CARRY8       |
    | grp_FIR_filter_fu_405/mac_muladd_16s_15ns_30s_32_4_0_U3/FIR_Cascade_v2_mac_muladd_16s_15ns_30s_32_4_0_DSP48_0_U/FIR_delays_write_int_reg_reg[15]_i_1__0 | CLB.CARRY.CARRY8       |
    | grp_FIR_filter_2_fu_430/FIR_delays_write_int_reg_reg[14]                                                                                                | REGISTER.SDR.FDRE      |
    | ref_tmp_FIR_filter_transposed_fu_449/mul_16s_8ns_23_1_1_U24/tmp_product/DSP_A_B_DATA_INST                                                               | ARITHMETIC.DSP.DSP48E2 |
    | ref_tmp_FIR_filter_transposed_fu_449/mul_16s_8ns_23_1_1_U24/tmp_product/DSP_PREADD_DATA_INST                                                            | ARITHMETIC.DSP.DSP48E2 |
    | ref_tmp_FIR_filter_transposed_fu_449/mul_16s_8ns_23_1_1_U24/tmp_product/DSP_MULTIPLIER_INST                                                             | ARITHMETIC.DSP.DSP48E2 |
    | ref_tmp_FIR_filter_transposed_fu_449/mul_16s_8ns_23_1_1_U24/tmp_product/DSP_M_DATA_INST                                                                 | ARITHMETIC.DSP.DSP48E2 |
    | ref_tmp_FIR_filter_transposed_fu_449/mul_16s_8ns_23_1_1_U24/tmp_product/DSP_ALU_INST                                                                    | ARITHMETIC.DSP.DSP48E2 |
    | ref_tmp_FIR_filter_transposed_fu_449/mul_16s_8ns_23_1_1_U24/tmp_product/DSP_OUTPUT_INST                                                                 | ARITHMETIC.DSP.DSP48E2 |
    | ref_tmp_FIR_filter_transposed_fu_449/y3[7]_i_28                                                                                                         | CLB.LUT.LUT2           |
    | ref_tmp_FIR_filter_transposed_fu_449/y3_reg[7]_i_12                                                                                                     | CLB.CARRY.CARRY8       |
    | ref_tmp_FIR_filter_transposed_fu_449/y3_reg[7]_i_2                                                                                                      | CLB.CARRY.CARRY8       |
    | ref_tmp_FIR_filter_transposed_fu_449/y3_reg[7]_i_1                                                                                                      | CLB.CARRY.CARRY8       |
    | grp_FIR_filter_fu_405/mac_muladd_16s_15ns_30s_32_4_0_U3/FIR_Cascade_v2_mac_muladd_16s_15ns_30s_32_4_0_DSP48_0_U/FIR_delays_write_int_reg[7]_i_16__0     | CLB.LUT.LUT6           |
    | grp_FIR_filter_fu_405/mac_muladd_16s_15ns_30s_32_4_0_U3/FIR_Cascade_v2_mac_muladd_16s_15ns_30s_32_4_0_DSP48_0_U/FIR_delays_write_int_reg_reg[7]_i_1__0  | CLB.CARRY.CARRY8       |
    | grp_FIR_filter_fu_405/mac_muladd_16s_15ns_30s_32_4_0_U3/FIR_Cascade_v2_mac_muladd_16s_15ns_30s_32_4_0_DSP48_0_U/FIR_delays_write_int_reg_reg[15]_i_1__0 | CLB.CARRY.CARRY8       |
    | grp_FIR_filter_2_fu_430/FIR_delays_write_int_reg_reg[12]                                                                                                | REGISTER.SDR.FDRE      |
    | ref_tmp_FIR_filter_transposed_fu_449/mul_16s_8ns_23_1_1_U24/tmp_product/DSP_A_B_DATA_INST                                                               | ARITHMETIC.DSP.DSP48E2 |
    | ref_tmp_FIR_filter_transposed_fu_449/mul_16s_8ns_23_1_1_U24/tmp_product/DSP_PREADD_DATA_INST                                                            | ARITHMETIC.DSP.DSP48E2 |
    | ref_tmp_FIR_filter_transposed_fu_449/mul_16s_8ns_23_1_1_U24/tmp_product/DSP_MULTIPLIER_INST                                                             | ARITHMETIC.DSP.DSP48E2 |
    | ref_tmp_FIR_filter_transposed_fu_449/mul_16s_8ns_23_1_1_U24/tmp_product/DSP_M_DATA_INST                                                                 | ARITHMETIC.DSP.DSP48E2 |
    | ref_tmp_FIR_filter_transposed_fu_449/mul_16s_8ns_23_1_1_U24/tmp_product/DSP_ALU_INST                                                                    | ARITHMETIC.DSP.DSP48E2 |
    | ref_tmp_FIR_filter_transposed_fu_449/mul_16s_8ns_23_1_1_U24/tmp_product/DSP_OUTPUT_INST                                                                 | ARITHMETIC.DSP.DSP48E2 |
    | ref_tmp_FIR_filter_transposed_fu_449/y3[7]_i_28                                                                                                         | CLB.LUT.LUT2           |
    | ref_tmp_FIR_filter_transposed_fu_449/y3_reg[7]_i_12                                                                                                     | CLB.CARRY.CARRY8       |
    | ref_tmp_FIR_filter_transposed_fu_449/y3_reg[7]_i_2                                                                                                      | CLB.CARRY.CARRY8       |
    | ref_tmp_FIR_filter_transposed_fu_449/y3_reg[7]_i_1                                                                                                      | CLB.CARRY.CARRY8       |
    | grp_FIR_filter_fu_405/mac_muladd_16s_15ns_30s_32_4_0_U3/FIR_Cascade_v2_mac_muladd_16s_15ns_30s_32_4_0_DSP48_0_U/FIR_delays_write_int_reg[7]_i_16__0     | CLB.LUT.LUT6           |
    | grp_FIR_filter_fu_405/mac_muladd_16s_15ns_30s_32_4_0_U3/FIR_Cascade_v2_mac_muladd_16s_15ns_30s_32_4_0_DSP48_0_U/FIR_delays_write_int_reg_reg[7]_i_1__0  | CLB.CARRY.CARRY8       |
    | grp_FIR_filter_fu_405/mac_muladd_16s_15ns_30s_32_4_0_U3/FIR_Cascade_v2_mac_muladd_16s_15ns_30s_32_4_0_DSP48_0_U/FIR_delays_write_int_reg_reg[15]_i_1__0 | CLB.CARRY.CARRY8       |
    | grp_FIR_filter_2_fu_430/FIR_delays_write_int_reg_reg[11]                                                                                                | REGISTER.SDR.FDRE      |
    +---------------------------------------------------------------------------------------------------------------------------------------------------------+------------------------+

    +---------------------------------------------------------------------------------------------------------------------------------------------------------+------------------------+
    | Path5 Cells                                                                                                                                             | Primitive Type         |
    +---------------------------------------------------------------------------------------------------------------------------------------------------------+------------------------+
    | ref_tmp_FIR_filter_transposed_fu_449/mul_16s_8ns_23_1_1_U24/tmp_product/DSP_A_B_DATA_INST                                                               | ARITHMETIC.DSP.DSP48E2 |
    | ref_tmp_FIR_filter_transposed_fu_449/mul_16s_8ns_23_1_1_U24/tmp_product/DSP_PREADD_DATA_INST                                                            | ARITHMETIC.DSP.DSP48E2 |
    | ref_tmp_FIR_filter_transposed_fu_449/mul_16s_8ns_23_1_1_U24/tmp_product/DSP_MULTIPLIER_INST                                                             | ARITHMETIC.DSP.DSP48E2 |
    | ref_tmp_FIR_filter_transposed_fu_449/mul_16s_8ns_23_1_1_U24/tmp_product/DSP_M_DATA_INST                                                                 | ARITHMETIC.DSP.DSP48E2 |
    | ref_tmp_FIR_filter_transposed_fu_449/mul_16s_8ns_23_1_1_U24/tmp_product/DSP_ALU_INST                                                                    | ARITHMETIC.DSP.DSP48E2 |
    | ref_tmp_FIR_filter_transposed_fu_449/mul_16s_8ns_23_1_1_U24/tmp_product/DSP_OUTPUT_INST                                                                 | ARITHMETIC.DSP.DSP48E2 |
    | ref_tmp_FIR_filter_transposed_fu_449/y3[7]_i_28                                                                                                         | CLB.LUT.LUT2           |
    | ref_tmp_FIR_filter_transposed_fu_449/y3_reg[7]_i_12                                                                                                     | CLB.CARRY.CARRY8       |
    | ref_tmp_FIR_filter_transposed_fu_449/y3_reg[7]_i_2                                                                                                      | CLB.CARRY.CARRY8       |
    | ref_tmp_FIR_filter_transposed_fu_449/y3_reg[7]_i_1                                                                                                      | CLB.CARRY.CARRY8       |
    | grp_FIR_filter_fu_405/mac_muladd_16s_15ns_30s_32_4_0_U3/FIR_Cascade_v2_mac_muladd_16s_15ns_30s_32_4_0_DSP48_0_U/FIR_delays_write_int_reg[7]_i_16__0     | CLB.LUT.LUT6           |
    | grp_FIR_filter_fu_405/mac_muladd_16s_15ns_30s_32_4_0_U3/FIR_Cascade_v2_mac_muladd_16s_15ns_30s_32_4_0_DSP48_0_U/FIR_delays_write_int_reg_reg[7]_i_1__0  | CLB.CARRY.CARRY8       |
    | grp_FIR_filter_fu_405/mac_muladd_16s_15ns_30s_32_4_0_U3/FIR_Cascade_v2_mac_muladd_16s_15ns_30s_32_4_0_DSP48_0_U/FIR_delays_write_int_reg_reg[15]_i_1__0 | CLB.CARRY.CARRY8       |
    | grp_FIR_filter_2_fu_430/FIR_delays_write_int_reg_reg[15]                                                                                                | REGISTER.SDR.FDRE      |
    | ref_tmp_FIR_filter_transposed_fu_449/mul_16s_8ns_23_1_1_U24/tmp_product/DSP_A_B_DATA_INST                                                               | ARITHMETIC.DSP.DSP48E2 |
    | ref_tmp_FIR_filter_transposed_fu_449/mul_16s_8ns_23_1_1_U24/tmp_product/DSP_PREADD_DATA_INST                                                            | ARITHMETIC.DSP.DSP48E2 |
    | ref_tmp_FIR_filter_transposed_fu_449/mul_16s_8ns_23_1_1_U24/tmp_product/DSP_MULTIPLIER_INST                                                             | ARITHMETIC.DSP.DSP48E2 |
    | ref_tmp_FIR_filter_transposed_fu_449/mul_16s_8ns_23_1_1_U24/tmp_product/DSP_M_DATA_INST                                                                 | ARITHMETIC.DSP.DSP48E2 |
    | ref_tmp_FIR_filter_transposed_fu_449/mul_16s_8ns_23_1_1_U24/tmp_product/DSP_ALU_INST                                                                    | ARITHMETIC.DSP.DSP48E2 |
    | ref_tmp_FIR_filter_transposed_fu_449/mul_16s_8ns_23_1_1_U24/tmp_product/DSP_OUTPUT_INST                                                                 | ARITHMETIC.DSP.DSP48E2 |
    | ref_tmp_FIR_filter_transposed_fu_449/y3[7]_i_28                                                                                                         | CLB.LUT.LUT2           |
    | ref_tmp_FIR_filter_transposed_fu_449/y3_reg[7]_i_12                                                                                                     | CLB.CARRY.CARRY8       |
    | ref_tmp_FIR_filter_transposed_fu_449/y3_reg[7]_i_2                                                                                                      | CLB.CARRY.CARRY8       |
    | ref_tmp_FIR_filter_transposed_fu_449/y3_reg[7]_i_1                                                                                                      | CLB.CARRY.CARRY8       |
    | grp_FIR_filter_fu_405/mac_muladd_16s_15ns_30s_32_4_0_U3/FIR_Cascade_v2_mac_muladd_16s_15ns_30s_32_4_0_DSP48_0_U/FIR_delays_write_int_reg[7]_i_16__0     | CLB.LUT.LUT6           |
    | grp_FIR_filter_fu_405/mac_muladd_16s_15ns_30s_32_4_0_U3/FIR_Cascade_v2_mac_muladd_16s_15ns_30s_32_4_0_DSP48_0_U/FIR_delays_write_int_reg_reg[7]_i_1__0  | CLB.CARRY.CARRY8       |
    | grp_FIR_filter_fu_405/mac_muladd_16s_15ns_30s_32_4_0_U3/FIR_Cascade_v2_mac_muladd_16s_15ns_30s_32_4_0_DSP48_0_U/FIR_delays_write_int_reg_reg[15]_i_1__0 | CLB.CARRY.CARRY8       |
    | grp_FIR_filter_2_fu_430/FIR_delays_write_int_reg_reg[13]                                                                                                | REGISTER.SDR.FDRE      |
    | ref_tmp_FIR_filter_transposed_fu_449/mul_16s_8ns_23_1_1_U24/tmp_product/DSP_A_B_DATA_INST                                                               | ARITHMETIC.DSP.DSP48E2 |
    | ref_tmp_FIR_filter_transposed_fu_449/mul_16s_8ns_23_1_1_U24/tmp_product/DSP_PREADD_DATA_INST                                                            | ARITHMETIC.DSP.DSP48E2 |
    | ref_tmp_FIR_filter_transposed_fu_449/mul_16s_8ns_23_1_1_U24/tmp_product/DSP_MULTIPLIER_INST                                                             | ARITHMETIC.DSP.DSP48E2 |
    | ref_tmp_FIR_filter_transposed_fu_449/mul_16s_8ns_23_1_1_U24/tmp_product/DSP_M_DATA_INST                                                                 | ARITHMETIC.DSP.DSP48E2 |
    | ref_tmp_FIR_filter_transposed_fu_449/mul_16s_8ns_23_1_1_U24/tmp_product/DSP_ALU_INST                                                                    | ARITHMETIC.DSP.DSP48E2 |
    | ref_tmp_FIR_filter_transposed_fu_449/mul_16s_8ns_23_1_1_U24/tmp_product/DSP_OUTPUT_INST                                                                 | ARITHMETIC.DSP.DSP48E2 |
    | ref_tmp_FIR_filter_transposed_fu_449/y3[7]_i_28                                                                                                         | CLB.LUT.LUT2           |
    | ref_tmp_FIR_filter_transposed_fu_449/y3_reg[7]_i_12                                                                                                     | CLB.CARRY.CARRY8       |
    | ref_tmp_FIR_filter_transposed_fu_449/y3_reg[7]_i_2                                                                                                      | CLB.CARRY.CARRY8       |
    | ref_tmp_FIR_filter_transposed_fu_449/y3_reg[7]_i_1                                                                                                      | CLB.CARRY.CARRY8       |
    | grp_FIR_filter_fu_405/mac_muladd_16s_15ns_30s_32_4_0_U3/FIR_Cascade_v2_mac_muladd_16s_15ns_30s_32_4_0_DSP48_0_U/FIR_delays_write_int_reg[7]_i_16__0     | CLB.LUT.LUT6           |
    | grp_FIR_filter_fu_405/mac_muladd_16s_15ns_30s_32_4_0_U3/FIR_Cascade_v2_mac_muladd_16s_15ns_30s_32_4_0_DSP48_0_U/FIR_delays_write_int_reg_reg[7]_i_1__0  | CLB.CARRY.CARRY8       |
    | grp_FIR_filter_fu_405/mac_muladd_16s_15ns_30s_32_4_0_U3/FIR_Cascade_v2_mac_muladd_16s_15ns_30s_32_4_0_DSP48_0_U/FIR_delays_write_int_reg_reg[15]_i_1__0 | CLB.CARRY.CARRY8       |
    | grp_FIR_filter_2_fu_430/FIR_delays_write_int_reg_reg[14]                                                                                                | REGISTER.SDR.FDRE      |
    | ref_tmp_FIR_filter_transposed_fu_449/mul_16s_8ns_23_1_1_U24/tmp_product/DSP_A_B_DATA_INST                                                               | ARITHMETIC.DSP.DSP48E2 |
    | ref_tmp_FIR_filter_transposed_fu_449/mul_16s_8ns_23_1_1_U24/tmp_product/DSP_PREADD_DATA_INST                                                            | ARITHMETIC.DSP.DSP48E2 |
    | ref_tmp_FIR_filter_transposed_fu_449/mul_16s_8ns_23_1_1_U24/tmp_product/DSP_MULTIPLIER_INST                                                             | ARITHMETIC.DSP.DSP48E2 |
    | ref_tmp_FIR_filter_transposed_fu_449/mul_16s_8ns_23_1_1_U24/tmp_product/DSP_M_DATA_INST                                                                 | ARITHMETIC.DSP.DSP48E2 |
    | ref_tmp_FIR_filter_transposed_fu_449/mul_16s_8ns_23_1_1_U24/tmp_product/DSP_ALU_INST                                                                    | ARITHMETIC.DSP.DSP48E2 |
    | ref_tmp_FIR_filter_transposed_fu_449/mul_16s_8ns_23_1_1_U24/tmp_product/DSP_OUTPUT_INST                                                                 | ARITHMETIC.DSP.DSP48E2 |
    | ref_tmp_FIR_filter_transposed_fu_449/y3[7]_i_28                                                                                                         | CLB.LUT.LUT2           |
    | ref_tmp_FIR_filter_transposed_fu_449/y3_reg[7]_i_12                                                                                                     | CLB.CARRY.CARRY8       |
    | ref_tmp_FIR_filter_transposed_fu_449/y3_reg[7]_i_2                                                                                                      | CLB.CARRY.CARRY8       |
    | ref_tmp_FIR_filter_transposed_fu_449/y3_reg[7]_i_1                                                                                                      | CLB.CARRY.CARRY8       |
    | grp_FIR_filter_fu_405/mac_muladd_16s_15ns_30s_32_4_0_U3/FIR_Cascade_v2_mac_muladd_16s_15ns_30s_32_4_0_DSP48_0_U/FIR_delays_write_int_reg[7]_i_16__0     | CLB.LUT.LUT6           |
    | grp_FIR_filter_fu_405/mac_muladd_16s_15ns_30s_32_4_0_U3/FIR_Cascade_v2_mac_muladd_16s_15ns_30s_32_4_0_DSP48_0_U/FIR_delays_write_int_reg_reg[7]_i_1__0  | CLB.CARRY.CARRY8       |
    | grp_FIR_filter_fu_405/mac_muladd_16s_15ns_30s_32_4_0_U3/FIR_Cascade_v2_mac_muladd_16s_15ns_30s_32_4_0_DSP48_0_U/FIR_delays_write_int_reg_reg[15]_i_1__0 | CLB.CARRY.CARRY8       |
    | grp_FIR_filter_2_fu_430/FIR_delays_write_int_reg_reg[12]                                                                                                | REGISTER.SDR.FDRE      |
    | ref_tmp_FIR_filter_transposed_fu_449/mul_16s_8ns_23_1_1_U24/tmp_product/DSP_A_B_DATA_INST                                                               | ARITHMETIC.DSP.DSP48E2 |
    | ref_tmp_FIR_filter_transposed_fu_449/mul_16s_8ns_23_1_1_U24/tmp_product/DSP_PREADD_DATA_INST                                                            | ARITHMETIC.DSP.DSP48E2 |
    | ref_tmp_FIR_filter_transposed_fu_449/mul_16s_8ns_23_1_1_U24/tmp_product/DSP_MULTIPLIER_INST                                                             | ARITHMETIC.DSP.DSP48E2 |
    | ref_tmp_FIR_filter_transposed_fu_449/mul_16s_8ns_23_1_1_U24/tmp_product/DSP_M_DATA_INST                                                                 | ARITHMETIC.DSP.DSP48E2 |
    | ref_tmp_FIR_filter_transposed_fu_449/mul_16s_8ns_23_1_1_U24/tmp_product/DSP_ALU_INST                                                                    | ARITHMETIC.DSP.DSP48E2 |
    | ref_tmp_FIR_filter_transposed_fu_449/mul_16s_8ns_23_1_1_U24/tmp_product/DSP_OUTPUT_INST                                                                 | ARITHMETIC.DSP.DSP48E2 |
    | ref_tmp_FIR_filter_transposed_fu_449/y3[7]_i_28                                                                                                         | CLB.LUT.LUT2           |
    | ref_tmp_FIR_filter_transposed_fu_449/y3_reg[7]_i_12                                                                                                     | CLB.CARRY.CARRY8       |
    | ref_tmp_FIR_filter_transposed_fu_449/y3_reg[7]_i_2                                                                                                      | CLB.CARRY.CARRY8       |
    | ref_tmp_FIR_filter_transposed_fu_449/y3_reg[7]_i_1                                                                                                      | CLB.CARRY.CARRY8       |
    | grp_FIR_filter_fu_405/mac_muladd_16s_15ns_30s_32_4_0_U3/FIR_Cascade_v2_mac_muladd_16s_15ns_30s_32_4_0_DSP48_0_U/FIR_delays_write_int_reg[7]_i_16__0     | CLB.LUT.LUT6           |
    | grp_FIR_filter_fu_405/mac_muladd_16s_15ns_30s_32_4_0_U3/FIR_Cascade_v2_mac_muladd_16s_15ns_30s_32_4_0_DSP48_0_U/FIR_delays_write_int_reg_reg[7]_i_1__0  | CLB.CARRY.CARRY8       |
    | grp_FIR_filter_fu_405/mac_muladd_16s_15ns_30s_32_4_0_U3/FIR_Cascade_v2_mac_muladd_16s_15ns_30s_32_4_0_DSP48_0_U/FIR_delays_write_int_reg_reg[15]_i_1__0 | CLB.CARRY.CARRY8       |
    | grp_FIR_filter_2_fu_430/FIR_delays_write_int_reg_reg[11]                                                                                                | REGISTER.SDR.FDRE      |
    +---------------------------------------------------------------------------------------------------------------------------------------------------------+------------------------+


================================================================
== RTL Synthesis Vivado Reports
================================================================
+--------------------------+-----------------------------------------------------------------------+
| Report Type              | Report Location                                                       |
+--------------------------+-----------------------------------------------------------------------+
| design_analysis          | impl/verilog/report/FIR_Cascade_v2_design_analysis_synth.rpt          |
| failfast                 | impl/verilog/report/FIR_Cascade_v2_failfast_synth.rpt                 |
| power                    | impl/verilog/report/FIR_Cascade_v2_power_synth.rpt                    |
| timing                   | impl/verilog/report/FIR_Cascade_v2_timing_synth.rpt                   |
| timing_paths             | impl/verilog/report/FIR_Cascade_v2_timing_paths_synth.rpt             |
| utilization              | impl/verilog/report/FIR_Cascade_v2_utilization_synth.rpt              |
| utilization_hierarchical | impl/verilog/report/FIR_Cascade_v2_utilization_hierarchical_synth.rpt |
+--------------------------+-----------------------------------------------------------------------+


