Copyright 1986-2022 Xilinx, Inc. All Rights Reserved. Copyright 2022-2024 Advanced Micro Devices, Inc. All Rights Reserved.
--------------------------------------------------------------------------------------------------------------------------------------------------
| Tool Version      : Vivado v.2024.2 (win64) Build 5239630 Fri Nov 08 22:35:27 MST 2024
| Date              : Sun Nov 23 16:26:32 2025
| Host              : DESKTOP-92OKADH running 64-bit major release  (build 9200)
| Command           : report_timing_summary -file ./report/FIR_Cascade_HLS_timing_synth.rpt
| Design            : bd_0_wrapper
| Device            : xck26-sfvc784
| Speed File        : -2LV  PRODUCTION 1.30 05-15-2022
| Design State      : Synthesized
| Temperature Grade : C
--------------------------------------------------------------------------------------------------------------------------------------------------

Timing Summary Report

------------------------------------------------------------------------------------------------
| Timer Settings
| --------------
------------------------------------------------------------------------------------------------

  Enable Multi Corner Analysis               :  Yes
  Enable Pessimism Removal                   :  Yes
  Pessimism Removal Resolution               :  Nearest Common Node
  Enable Input Delay Default Clock           :  No
  Enable Preset / Clear Arcs                 :  No
  Disable Flight Delays                      :  No
  Ignore I/O Paths                           :  No
  Timing Early Launch at Borrowing Latches   :  No
  Borrow Time for Max Delay Exceptions       :  Yes
  Merge Timing Exceptions                    :  Yes
  Inter-SLR Compensation                     :  Conservative

  Corner  Analyze    Analyze    
  Name    Max Paths  Min Paths  
  ------  ---------  ---------  
  Slow    Yes        Yes        
  Fast    Yes        Yes        


------------------------------------------------------------------------------------------------
| Report Methodology
| ------------------
------------------------------------------------------------------------------------------------

No report available as report_methodology has not been run prior. Run report_methodology on the current design for the summary of methodology violations.



check_timing report

Table of Contents
-----------------
1. checking no_clock (0)
2. checking constant_clock (0)
3. checking pulse_width_clock (0)
4. checking unconstrained_internal_endpoints (0)
5. checking no_input_delay (19)
6. checking no_output_delay (17)
7. checking multiple_clock (0)
8. checking generated_clocks (0)
9. checking loops (0)
10. checking partial_input_delay (0)
11. checking partial_output_delay (0)
12. checking latch_loops (0)

1. checking no_clock (0)
------------------------
 There are 0 register/latch pins with no clock.


2. checking constant_clock (0)
------------------------------
 There are 0 register/latch pins with constant_clock.


3. checking pulse_width_clock (0)
---------------------------------
 There are 0 register/latch pins which need pulse_width check


4. checking unconstrained_internal_endpoints (0)
------------------------------------------------
 There are 0 pins that are not constrained for maximum delay.

 There are 0 pins that are not constrained for maximum delay due to constant clock.


5. checking no_input_delay (19)
-------------------------------
 There are 19 input ports with no input delay specified. (HIGH)

 There are 0 input ports with no input delay but user has a false path constraint.


6. checking no_output_delay (17)
--------------------------------
 There are 17 ports with no output delay specified. (HIGH)

 There are 0 ports with no output delay but user has a false path constraint

 There are 0 ports with no output delay but with a timing clock defined on it or propagating through it


7. checking multiple_clock (0)
------------------------------
 There are 0 register/latch pins with multiple clocks.


8. checking generated_clocks (0)
--------------------------------
 There are 0 generated clocks that are not connected to a clock source.


9. checking loops (0)
---------------------
 There are 0 combinational loops in the design.


10. checking partial_input_delay (0)
------------------------------------
 There are 0 input ports with partial input delay specified.


11. checking partial_output_delay (0)
-------------------------------------
 There are 0 ports with partial output delay specified.


12. checking latch_loops (0)
----------------------------
 There are 0 combinational latch loops in the design through latch input



------------------------------------------------------------------------------------------------
| Design Timing Summary
| ---------------------
------------------------------------------------------------------------------------------------

    WNS(ns)      TNS(ns)  TNS Failing Endpoints  TNS Total Endpoints      WHS(ns)      THS(ns)  THS Failing Endpoints  THS Total Endpoints     WPWS(ns)     TPWS(ns)  TPWS Failing Endpoints  TPWS Total Endpoints  
    -------      -------  ---------------------  -------------------      -------      -------  ---------------------  -------------------     --------     --------  ----------------------  --------------------  
      5.570        0.000                      0                19376        0.046        0.000                      0                19376        4.238        0.000                       0                  4473  


All user specified timing constraints are met.


------------------------------------------------------------------------------------------------
| Clock Summary
| -------------
------------------------------------------------------------------------------------------------

Clock   Waveform(ns)       Period(ns)      Frequency(MHz)
-----   ------------       ----------      --------------
ap_clk  {0.000 5.000}      10.000          100.000         


------------------------------------------------------------------------------------------------
| Intra Clock Table
| -----------------
------------------------------------------------------------------------------------------------

Clock             WNS(ns)      TNS(ns)  TNS Failing Endpoints  TNS Total Endpoints      WHS(ns)      THS(ns)  THS Failing Endpoints  THS Total Endpoints     WPWS(ns)     TPWS(ns)  TPWS Failing Endpoints  TPWS Total Endpoints  
-----             -------      -------  ---------------------  -------------------      -------      -------  ---------------------  -------------------     --------     --------  ----------------------  --------------------  
ap_clk              5.570        0.000                      0                19376        0.046        0.000                      0                19376        4.238        0.000                       0                  4473  


------------------------------------------------------------------------------------------------
| Inter Clock Table
| -----------------
------------------------------------------------------------------------------------------------

From Clock    To Clock          WNS(ns)      TNS(ns)  TNS Failing Endpoints  TNS Total Endpoints      WHS(ns)      THS(ns)  THS Failing Endpoints  THS Total Endpoints  
----------    --------          -------      -------  ---------------------  -------------------      -------      -------  ---------------------  -------------------  


------------------------------------------------------------------------------------------------
| Other Path Groups Table
| -----------------------
------------------------------------------------------------------------------------------------

Path Group    From Clock    To Clock          WNS(ns)      TNS(ns)  TNS Failing Endpoints  TNS Total Endpoints      WHS(ns)      THS(ns)  THS Failing Endpoints  THS Total Endpoints  
----------    ----------    --------          -------      -------  ---------------------  -------------------      -------      -------  ---------------------  -------------------  


------------------------------------------------------------------------------------------------
| Timing Details
| --------------
------------------------------------------------------------------------------------------------


---------------------------------------------------------------------------------------------------
From Clock:  ap_clk
  To Clock:  ap_clk

Setup :            0  Failing Endpoints,  Worst Slack        5.570ns,  Total Violation        0.000ns
Hold  :            0  Failing Endpoints,  Worst Slack        0.046ns,  Total Violation        0.000ns
PW    :            0  Failing Endpoints,  Worst Slack        4.238ns,  Total Violation        0.000ns
---------------------------------------------------------------------------------------------------


Max Delay Paths
--------------------------------------------------------------------------------------
Slack (MET) :             5.570ns  (required time - arrival time)
  Source:                 bd_0_i/hls_inst/inst/grp_FIR_filter_fu_449/ama_addmuladd_16s_16s_7s_26s_26_4_1_U69/FIR_Cascade_HLS_ama_addmuladd_16s_16s_7s_26s_26_4_1_DSP48_0_U/p_reg_reg/DSP_OUTPUT_INST/CLK
                            (rising edge-triggered cell DSP_OUTPUT clocked by ap_clk  {rise@0.000ns fall@5.000ns period=10.000ns})
  Destination:            bd_0_i/hls_inst/inst/ref_tmp_reg_1230_reg[15]/D
                            (rising edge-triggered cell FDRE clocked by ap_clk  {rise@0.000ns fall@5.000ns period=10.000ns})
  Path Group:             ap_clk
  Path Type:              Setup (Max at Slow Process Corner)
  Requirement:            10.000ns  (ap_clk rise@10.000ns - ap_clk rise@0.000ns)
  Data Path Delay:        4.392ns  (logic 2.409ns (54.850%)  route 1.983ns (45.150%))
  Logic Levels:           16  (CARRY8=8 LUT2=3 LUT3=2 LUT4=1 LUT5=1 LUT6=1)
  Clock Path Skew:        -0.047ns (DCD - SCD + CPR)
    Destination Clock Delay (DCD):    0.030ns = ( 10.030 - 10.000 ) 
    Source Clock Delay      (SCD):    0.077ns
    Clock Pessimism Removal (CPR):    0.000ns
  Clock Uncertainty:      0.035ns  ((TSJ^2 + TIJ^2)^1/2 + DJ) / 2 + PE
    Total System Jitter     (TSJ):    0.071ns
    Total Input Jitter      (TIJ):    0.000ns
    Discrete Jitter          (DJ):    0.000ns
    Phase Error              (PE):    0.000ns

    Location             Delay type                Incr(ns)  Path(ns)    Netlist Resource(s)
  -------------------------------------------------------------------    -------------------
                         (clock ap_clk rise edge)     0.000     0.000 r  
                                                      0.000     0.000 r  ap_clk (IN)
                         net (fo=4705, unset)         0.077     0.077    bd_0_i/hls_inst/inst/grp_FIR_filter_fu_449/ama_addmuladd_16s_16s_7s_26s_26_4_1_U69/FIR_Cascade_HLS_ama_addmuladd_16s_16s_7s_26s_26_4_1_DSP48_0_U/p_reg_reg/CLK
                         DSP_OUTPUT                                   r  bd_0_i/hls_inst/inst/grp_FIR_filter_fu_449/ama_addmuladd_16s_16s_7s_26s_26_4_1_U69/FIR_Cascade_HLS_ama_addmuladd_16s_16s_7s_26s_26_4_1_DSP48_0_U/p_reg_reg/DSP_OUTPUT_INST/CLK
  -------------------------------------------------------------------    -------------------
                         DSP_OUTPUT (Prop_DSP_OUTPUT_CLK_P[5])
                                                      0.275     0.352 r  bd_0_i/hls_inst/inst/grp_FIR_filter_fu_449/ama_addmuladd_16s_16s_7s_26s_26_4_1_U69/FIR_Cascade_HLS_ama_addmuladd_16s_16s_7s_26s_26_4_1_DSP48_0_U/p_reg_reg/DSP_OUTPUT_INST/P[5]
                         net (fo=1, unplaced)         0.290     0.642    bd_0_i/hls_inst/inst/grp_FIR_filter_fu_449/ama_addmuladd_16s_16s_7s_26s_26_4_1_U69/FIR_Cascade_HLS_ama_addmuladd_16s_16s_7s_26s_26_4_1_DSP48_0_U/p_reg_reg_n_100
                         LUT2 (Prop_LUT2_I1_O)        0.056     0.698 r  bd_0_i/hls_inst/inst/grp_FIR_filter_fu_449/ama_addmuladd_16s_16s_7s_26s_26_4_1_U69/FIR_Cascade_HLS_ama_addmuladd_16s_16s_7s_26s_26_4_1_DSP48_0_U/ref_tmp_reg_1230[7]_i_160/O
                         net (fo=1, unplaced)         0.037     0.735    bd_0_i/hls_inst/inst/grp_FIR_filter_fu_449/ama_addmuladd_16s_16s_7s_26s_26_4_1_U69/FIR_Cascade_HLS_ama_addmuladd_16s_16s_7s_26s_26_4_1_DSP48_0_U/ref_tmp_reg_1230[7]_i_160_n_0
                         CARRY8 (Prop_CARRY8_S[5]_CO[7])
                                                      0.246     0.981 r  bd_0_i/hls_inst/inst/grp_FIR_filter_fu_449/ama_addmuladd_16s_16s_7s_26s_26_4_1_U69/FIR_Cascade_HLS_ama_addmuladd_16s_16s_7s_26s_26_4_1_DSP48_0_U/ref_tmp_reg_1230_reg[7]_i_142/CO[7]
                         net (fo=1, unplaced)         0.006     0.987    bd_0_i/hls_inst/inst/grp_FIR_filter_fu_449/ama_addmuladd_16s_16s_7s_26s_26_4_1_U69/FIR_Cascade_HLS_ama_addmuladd_16s_16s_7s_26s_26_4_1_DSP48_0_U/ref_tmp_reg_1230_reg[7]_i_142_n_0
                         CARRY8 (Prop_CARRY8_CI_O[1])
                                                      0.106     1.093 r  bd_0_i/hls_inst/inst/grp_FIR_filter_fu_449/ama_addmuladd_16s_16s_7s_26s_26_4_1_U69/FIR_Cascade_HLS_ama_addmuladd_16s_16s_7s_26s_26_4_1_DSP48_0_U/ref_tmp_reg_1230_reg[15]_i_153/O[1]
                         net (fo=1, unplaced)         0.209     1.302    bd_0_i/hls_inst/inst/grp_FIR_filter_fu_449/ama_addmuladd_16s_16s_7s_26s_26_4_1_U69/FIR_Cascade_HLS_ama_addmuladd_16s_16s_7s_26s_26_4_1_DSP48_0_U/sext_ln66_162_fu_2872_p1[9]
                         LUT2 (Prop_LUT2_I1_O)        0.057     1.359 r  bd_0_i/hls_inst/inst/grp_FIR_filter_fu_449/ama_addmuladd_16s_16s_7s_26s_26_4_1_U69/FIR_Cascade_HLS_ama_addmuladd_16s_16s_7s_26s_26_4_1_DSP48_0_U/ref_tmp_reg_1230[15]_i_130/O
                         net (fo=1, unplaced)         0.030     1.389    bd_0_i/hls_inst/inst/grp_FIR_filter_fu_449/ama_addmuladd_16s_16s_7s_26s_26_4_1_U69/FIR_Cascade_HLS_ama_addmuladd_16s_16s_7s_26s_26_4_1_DSP48_0_U/ref_tmp_reg_1230[15]_i_130_n_0
                         CARRY8 (Prop_CARRY8_S[1]_CO[7])
                                                      0.275     1.664 r  bd_0_i/hls_inst/inst/grp_FIR_filter_fu_449/ama_addmuladd_16s_16s_7s_26s_26_4_1_U69/FIR_Cascade_HLS_ama_addmuladd_16s_16s_7s_26s_26_4_1_DSP48_0_U/ref_tmp_reg_1230_reg[15]_i_93/CO[7]
                         net (fo=1, unplaced)         0.006     1.670    bd_0_i/hls_inst/inst/grp_FIR_filter_fu_449/ama_addmuladd_16s_16s_7s_26s_26_4_1_U69/FIR_Cascade_HLS_ama_addmuladd_16s_16s_7s_26s_26_4_1_DSP48_0_U/ref_tmp_reg_1230_reg[15]_i_93_n_0
                         CARRY8 (Prop_CARRY8_CI_O[1])
                                                      0.106     1.776 r  bd_0_i/hls_inst/inst/grp_FIR_filter_fu_449/ama_addmuladd_16s_16s_7s_26s_26_4_1_U69/FIR_Cascade_HLS_ama_addmuladd_16s_16s_7s_26s_26_4_1_DSP48_0_U/ref_tmp_reg_1230_reg[15]_i_84/O[1]
                         net (fo=2, unplaced)         0.209     1.985    bd_0_i/hls_inst/inst/grp_FIR_filter_fu_449/ama_addmuladd_16s_16s_7s_26s_26_4_1_U69/FIR_Cascade_HLS_ama_addmuladd_16s_16s_7s_26s_26_4_1_DSP48_0_U/sext_ln66_172_fu_2885_p1[17]
                         LUT2 (Prop_LUT2_I0_O)        0.057     2.042 r  bd_0_i/hls_inst/inst/grp_FIR_filter_fu_449/ama_addmuladd_16s_16s_7s_26s_26_4_1_U69/FIR_Cascade_HLS_ama_addmuladd_16s_16s_7s_26s_26_4_1_DSP48_0_U/ref_tmp_reg_1230[15]_i_91/O
                         net (fo=1, unplaced)         0.030     2.072    bd_0_i/hls_inst/inst/grp_FIR_filter_fu_449/ama_addmuladd_16s_16s_7s_26s_26_4_1_U69/FIR_Cascade_HLS_ama_addmuladd_16s_16s_7s_26s_26_4_1_DSP48_0_U/ref_tmp_reg_1230[15]_i_91_n_0
                         CARRY8 (Prop_CARRY8_S[1]_O[4])
                                                      0.286     2.358 r  bd_0_i/hls_inst/inst/grp_FIR_filter_fu_449/ama_addmuladd_16s_16s_7s_26s_26_4_1_U69/FIR_Cascade_HLS_ama_addmuladd_16s_16s_7s_26s_26_4_1_DSP48_0_U/ref_tmp_reg_1230_reg[15]_i_75/O[4]
                         net (fo=2, unplaced)         0.209     2.567    bd_0_i/hls_inst/inst/grp_FIR_filter_fu_449/ama_addmuladd_16s_16s_7s_26s_26_4_1_U69/FIR_Cascade_HLS_ama_addmuladd_16s_16s_7s_26s_26_4_1_DSP48_0_U/sext_ln66_173_fu_2895_p1[20]
                         LUT3 (Prop_LUT3_I2_O)        0.058     2.625 r  bd_0_i/hls_inst/inst/grp_FIR_filter_fu_449/ama_addmuladd_16s_16s_7s_26s_26_4_1_U69/FIR_Cascade_HLS_ama_addmuladd_16s_16s_7s_26s_26_4_1_DSP48_0_U/ref_tmp_reg_1230[15]_i_52/O
                         net (fo=2, unplaced)         0.211     2.836    bd_0_i/hls_inst/inst/grp_FIR_filter_fu_449/ama_addmuladd_16s_16s_7s_26s_26_4_1_U69/FIR_Cascade_HLS_ama_addmuladd_16s_16s_7s_26s_26_4_1_DSP48_0_U/ref_tmp_reg_1230[15]_i_52_n_0
                         LUT4 (Prop_LUT4_I3_O)        0.056     2.892 r  bd_0_i/hls_inst/inst/grp_FIR_filter_fu_449/ama_addmuladd_16s_16s_7s_26s_26_4_1_U69/FIR_Cascade_HLS_ama_addmuladd_16s_16s_7s_26s_26_4_1_DSP48_0_U/ref_tmp_reg_1230[15]_i_60/O
                         net (fo=1, unplaced)         0.037     2.929    bd_0_i/hls_inst/inst/grp_FIR_filter_fu_449/ama_addmuladd_16s_16s_7s_26s_26_4_1_U69/FIR_Cascade_HLS_ama_addmuladd_16s_16s_7s_26s_26_4_1_DSP48_0_U/ref_tmp_reg_1230[15]_i_60_n_0
                         CARRY8 (Prop_CARRY8_S[5]_CO[7])
                                                      0.246     3.175 r  bd_0_i/hls_inst/inst/grp_FIR_filter_fu_449/ama_addmuladd_16s_16s_7s_26s_26_4_1_U69/FIR_Cascade_HLS_ama_addmuladd_16s_16s_7s_26s_26_4_1_DSP48_0_U/ref_tmp_reg_1230_reg[15]_i_25/CO[7]
                         net (fo=1, unplaced)         0.006     3.181    bd_0_i/hls_inst/inst/grp_FIR_filter_fu_449/ama_addmuladd_16s_16s_7s_26s_26_4_1_U69/FIR_Cascade_HLS_ama_addmuladd_16s_16s_7s_26s_26_4_1_DSP48_0_U/ref_tmp_reg_1230_reg[15]_i_25_n_0
                         CARRY8 (Prop_CARRY8_CI_O[0])
                                                      0.078     3.259 r  bd_0_i/hls_inst/inst/grp_FIR_filter_fu_449/ama_addmuladd_16s_16s_7s_26s_26_4_1_U69/FIR_Cascade_HLS_ama_addmuladd_16s_16s_7s_26s_26_4_1_DSP48_0_U/ref_tmp_reg_1230_reg[15]_i_18/O[0]
                         net (fo=3, unplaced)         0.217     3.476    bd_0_i/hls_inst/inst/grp_FIR_filter_fu_449/ama_addmuladd_16s_16s_7s_26s_26_4_1_U69/FIR_Cascade_HLS_ama_addmuladd_16s_16s_7s_26s_26_4_1_DSP48_0_U/ref_tmp_reg_1230_reg[15]_i_18_n_15
                         LUT3 (Prop_LUT3_I1_O)        0.058     3.534 r  bd_0_i/hls_inst/inst/grp_FIR_filter_fu_449/ama_addmuladd_16s_16s_7s_26s_26_4_1_U69/FIR_Cascade_HLS_ama_addmuladd_16s_16s_7s_26s_26_4_1_DSP48_0_U/ref_tmp_reg_1230[15]_i_24/O
                         net (fo=2, unplaced)         0.211     3.745    bd_0_i/hls_inst/inst/grp_FIR_filter_fu_449/ama_addmuladd_16s_16s_7s_26s_26_4_1_U69/FIR_Cascade_HLS_ama_addmuladd_16s_16s_7s_26s_26_4_1_DSP48_0_U/ref_tmp_reg_1230[15]_i_24_n_0
                         LUT5 (Prop_LUT5_I1_O)        0.058     3.803 r  bd_0_i/hls_inst/inst/grp_FIR_filter_fu_449/ama_addmuladd_16s_16s_7s_26s_26_4_1_U69/FIR_Cascade_HLS_ama_addmuladd_16s_16s_7s_26s_26_4_1_DSP48_0_U/ref_tmp_reg_1230[15]_i_7/O
                         net (fo=2, unplaced)         0.211     4.014    bd_0_i/hls_inst/inst/grp_FIR_filter_fu_449/ama_addmuladd_16s_16s_7s_26s_26_4_1_U69/FIR_Cascade_HLS_ama_addmuladd_16s_16s_7s_26s_26_4_1_DSP48_0_U/ref_tmp_reg_1230[15]_i_7_n_0
                         LUT6 (Prop_LUT6_I0_O)        0.057     4.071 r  bd_0_i/hls_inst/inst/grp_FIR_filter_fu_449/ama_addmuladd_16s_16s_7s_26s_26_4_1_U69/FIR_Cascade_HLS_ama_addmuladd_16s_16s_7s_26s_26_4_1_DSP48_0_U/ref_tmp_reg_1230[15]_i_15/O
                         net (fo=1, unplaced)         0.030     4.101    bd_0_i/hls_inst/inst/grp_FIR_filter_fu_449/ama_addmuladd_16s_16s_7s_26s_26_4_1_U69/FIR_Cascade_HLS_ama_addmuladd_16s_16s_7s_26s_26_4_1_DSP48_0_U/ref_tmp_reg_1230[15]_i_15_n_0
                         CARRY8 (Prop_CARRY8_S[1]_O[7])
                                                      0.334     4.435 r  bd_0_i/hls_inst/inst/grp_FIR_filter_fu_449/ama_addmuladd_16s_16s_7s_26s_26_4_1_U69/FIR_Cascade_HLS_ama_addmuladd_16s_16s_7s_26s_26_4_1_DSP48_0_U/ref_tmp_reg_1230_reg[15]_i_1/O[7]
                         net (fo=1, unplaced)         0.034     4.469    bd_0_i/hls_inst/inst/grp_FIR_filter_fu_449_ap_return[15]
                         FDRE                                         r  bd_0_i/hls_inst/inst/ref_tmp_reg_1230_reg[15]/D
  -------------------------------------------------------------------    -------------------

                         (clock ap_clk rise edge)    10.000    10.000 r  
                                                      0.000    10.000 r  ap_clk (IN)
                         net (fo=4705, unset)         0.030    10.030    bd_0_i/hls_inst/inst/ap_clk
                         FDRE                                         r  bd_0_i/hls_inst/inst/ref_tmp_reg_1230_reg[15]/C
                         clock pessimism              0.000    10.030    
                         clock uncertainty           -0.035     9.995    
                         FDRE (Setup_FDRE_C_D)        0.044    10.039    bd_0_i/hls_inst/inst/ref_tmp_reg_1230_reg[15]
  -------------------------------------------------------------------
                         required time                         10.039    
                         arrival time                          -4.469    
  -------------------------------------------------------------------
                         slack                                  5.570    





Min Delay Paths
--------------------------------------------------------------------------------------
Slack (MET) :             0.046ns  (arrival time - required time)
  Source:                 bd_0_i/hls_inst/inst/grp_FIR_filter_2_fu_440/ama_addmuladd_16s_16s_10s_32s_32_4_0_U112/FIR_Cascade_HLS_ama_addmuladd_16s_16s_10s_32s_32_4_0_DSP48_0_U/p_reg_reg/DSP_PREADD_DATA_INST/CLK
                            (rising edge-triggered cell DSP_PREADD_DATA clocked by ap_clk  {rise@0.000ns fall@5.000ns period=10.000ns})
  Destination:            bd_0_i/hls_inst/inst/grp_FIR_filter_2_fu_440/ama_addmuladd_16s_16s_10s_32s_32_4_0_U112/FIR_Cascade_HLS_ama_addmuladd_16s_16s_10s_32s_32_4_0_DSP48_0_U/p_reg_reg/DSP_PREADD_DATA_INST/AD[0]
                            (rising edge-triggered cell DSP_PREADD_DATA clocked by ap_clk  {rise@0.000ns fall@5.000ns period=10.000ns})
  Path Group:             ap_clk
  Path Type:              Hold (Min at Fast Process Corner)
  Requirement:            0.000ns  (ap_clk rise@0.000ns - ap_clk rise@0.000ns)
  Data Path Delay:        0.114ns  (logic 0.114ns (100.000%)  route 0.000ns (0.000%))
  Logic Levels:           1  (DSP_PREADD=1)
  Clock Path Skew:        0.008ns (DCD - SCD - CPR)
    Destination Clock Delay (DCD):    0.042ns
    Source Clock Delay      (SCD):    0.034ns
    Clock Pessimism Removal (CPR):    -0.000ns

    Location             Delay type                Incr(ns)  Path(ns)    Netlist Resource(s)
  -------------------------------------------------------------------    -------------------
                         (clock ap_clk rise edge)     0.000     0.000 r  
                                                      0.000     0.000 r  ap_clk (IN)
                         net (fo=4705, unset)         0.034     0.034    bd_0_i/hls_inst/inst/grp_FIR_filter_2_fu_440/ama_addmuladd_16s_16s_10s_32s_32_4_0_U112/FIR_Cascade_HLS_ama_addmuladd_16s_16s_10s_32s_32_4_0_DSP48_0_U/p_reg_reg/CLK
                         DSP_PREADD_DATA                              r  bd_0_i/hls_inst/inst/grp_FIR_filter_2_fu_440/ama_addmuladd_16s_16s_10s_32s_32_4_0_U112/FIR_Cascade_HLS_ama_addmuladd_16s_16s_10s_32s_32_4_0_DSP48_0_U/p_reg_reg/DSP_PREADD_DATA_INST/CLK
  -------------------------------------------------------------------    -------------------
                         DSP_PREADD_DATA (Prop_DSP_PREADD_DATA_CLK_D_DATA[0])
                                                      0.081     0.115 r  bd_0_i/hls_inst/inst/grp_FIR_filter_2_fu_440/ama_addmuladd_16s_16s_10s_32s_32_4_0_U112/FIR_Cascade_HLS_ama_addmuladd_16s_16s_10s_32s_32_4_0_DSP48_0_U/p_reg_reg/DSP_PREADD_DATA_INST/D_DATA[0]
                         net (fo=1, unplaced)         0.000     0.115    bd_0_i/hls_inst/inst/grp_FIR_filter_2_fu_440/ama_addmuladd_16s_16s_10s_32s_32_4_0_U112/FIR_Cascade_HLS_ama_addmuladd_16s_16s_10s_32s_32_4_0_DSP48_0_U/p_reg_reg/DSP_PREADD_DATA.D_DATA<0>
                         DSP_PREADD (Prop_DSP_PREADD_D_DATA[0]_AD[0])
                                                      0.033     0.148 r  bd_0_i/hls_inst/inst/grp_FIR_filter_2_fu_440/ama_addmuladd_16s_16s_10s_32s_32_4_0_U112/FIR_Cascade_HLS_ama_addmuladd_16s_16s_10s_32s_32_4_0_DSP48_0_U/p_reg_reg/DSP_PREADD_INST/AD[0]
                         net (fo=1, unplaced)         0.000     0.148    bd_0_i/hls_inst/inst/grp_FIR_filter_2_fu_440/ama_addmuladd_16s_16s_10s_32s_32_4_0_U112/FIR_Cascade_HLS_ama_addmuladd_16s_16s_10s_32s_32_4_0_DSP48_0_U/p_reg_reg/DSP_PREADD.AD<0>
                         DSP_PREADD_DATA                              r  bd_0_i/hls_inst/inst/grp_FIR_filter_2_fu_440/ama_addmuladd_16s_16s_10s_32s_32_4_0_U112/FIR_Cascade_HLS_ama_addmuladd_16s_16s_10s_32s_32_4_0_DSP48_0_U/p_reg_reg/DSP_PREADD_DATA_INST/AD[0]
  -------------------------------------------------------------------    -------------------

                         (clock ap_clk rise edge)     0.000     0.000 r  
                                                      0.000     0.000 r  ap_clk (IN)
                         net (fo=4705, unset)         0.042     0.042    bd_0_i/hls_inst/inst/grp_FIR_filter_2_fu_440/ama_addmuladd_16s_16s_10s_32s_32_4_0_U112/FIR_Cascade_HLS_ama_addmuladd_16s_16s_10s_32s_32_4_0_DSP48_0_U/p_reg_reg/CLK
                         DSP_PREADD_DATA                              r  bd_0_i/hls_inst/inst/grp_FIR_filter_2_fu_440/ama_addmuladd_16s_16s_10s_32s_32_4_0_U112/FIR_Cascade_HLS_ama_addmuladd_16s_16s_10s_32s_32_4_0_DSP48_0_U/p_reg_reg/DSP_PREADD_DATA_INST/CLK
                         clock pessimism              0.000     0.042    
                         DSP_PREADD_DATA (Hold_DSP_PREADD_DATA_CLK_AD[0])
                                                      0.060     0.102    bd_0_i/hls_inst/inst/grp_FIR_filter_2_fu_440/ama_addmuladd_16s_16s_10s_32s_32_4_0_U112/FIR_Cascade_HLS_ama_addmuladd_16s_16s_10s_32s_32_4_0_DSP48_0_U/p_reg_reg/DSP_PREADD_DATA_INST
  -------------------------------------------------------------------
                         required time                         -0.102    
                         arrival time                           0.148    
  -------------------------------------------------------------------
                         slack                                  0.046    





Pulse Width Checks
--------------------------------------------------------------------------------------
Clock Name:         ap_clk
Waveform(ns):       { 0.000 5.000 }
Period(ns):         10.000
Sources:            { ap_clk }

Check Type        Corner  Lib Pin     Reference Pin  Required(ns)  Actual(ns)  Slack(ns)  Location  Pin
Min Period        n/a     SRL16E/CLK  n/a            1.524         10.000      8.476                bd_0_i/hls_inst/inst/grp_FIR_filter_1_fu_405/FIR_delays_read_25_reg_153_pp0_iter2_reg_reg[0]_srl3/CLK
Low Pulse Width   Slow    SRL16E/CLK  n/a            0.762         5.000       4.238                bd_0_i/hls_inst/inst/grp_FIR_filter_1_fu_405/FIR_delays_read_25_reg_153_pp0_iter2_reg_reg[0]_srl3/CLK
High Pulse Width  Slow    SRL16E/CLK  n/a            0.762         5.000       4.238                bd_0_i/hls_inst/inst/grp_FIR_filter_1_fu_405/FIR_delays_read_25_reg_153_pp0_iter2_reg_reg[0]_srl3/CLK



