

================================================================
== Vitis HLS Report for 'Multirate_v1'
================================================================
* Date:           Sun Nov 16 16:18:05 2025

* Version:        2024.2 (Build 5238294 on Nov  8 2024)
* Project:        Multirate_v1
* Solution:       hls (Vivado IP Flow Target)
* Product family: zynquplus
* Target device:  xck26-sfvc784-2LV-c


================================================================
== Performance Estimates
================================================================
+ Timing: 
    * Summary: 
    +--------+----------+----------+------------+
    |  Clock |  Target  | Estimated| Uncertainty|
    +--------+----------+----------+------------+
    |ap_clk  |  10.00 ns|  4.408 ns|     2.70 ns|
    +--------+----------+----------+------------+

+ Latency: 
    * Summary: 
    +---------+---------+-----------+----------+-----+-----+---------+
    |  Latency (cycles) |  Latency (absolute)  |  Interval | Pipeline|
    |   min   |   max   |    min    |    max   | min | max |   Type  |
    +---------+---------+-----------+----------+-----+-----+---------+
    |        7|       19|  70.000 ns|  0.190 us|    8|   20|       no|
    +---------+---------+-----------+----------+-----+-----+---------+

    + Detail: 
        * Instance: 
        N/A

        * Loop: 
        N/A

============================================================
+ Verbose Summary: Synthesis Manager
============================================================
InlineROM: 1
ExposeGlobal: 0
============================================================
+ Verbose Summary: CDFG Model
============================================================
IsTopModel: 1
ResetActiveHigh: 1
IsCombinational: 0
IsDatapathOnly: 0
HasWiredReturn: 1
HasMFsm: 0
HasVarLatency: 1
IsPipeline: 0
IsRtlPipelined: 0
IsInstanceOverlapped: 0
IsDontTouch: 0
HasImplIP: 0
IsGatedGlobalClock: 0


============================================================
+ Verbose Summary: Schedule
============================================================
* Number of FSM states : 32
* Pipeline : 0
* Dataflow Pipeline: 0

* FSM state transitions: 
1 --> 2 8 27 
2 --> 3 
3 --> 4 
4 --> 5 
5 --> 6 
6 --> 7 
7 --> 26 
8 --> 9 
9 --> 10 
10 --> 11 
11 --> 12 
12 --> 13 
13 --> 14 
14 --> 15 
15 --> 16 
16 --> 17 
17 --> 18 
18 --> 19 
19 --> 20 
20 --> 21 
21 --> 22 
22 --> 23 
23 --> 24 
24 --> 25 
25 --> 26 
26 --> 
27 --> 28 
28 --> 29 
29 --> 30 
30 --> 31 
31 --> 32 
32 --> 26 

* FSM state operations: 

State 1 <SV = 0> <Delay = 4.01>
ST_1 : Operation 33 [1/1] (0.00ns)   --->   "%spectopmodule_ln14 = spectopmodule void @_ssdm_op_SpecTopModule, void @empty_2" [FIR_HLS.cpp:14]   --->   Operation 33 'spectopmodule' 'spectopmodule_ln14' <Predicate = true> <Delay = 0.00>
ST_1 : Operation 34 [1/1] (0.00ns)   --->   "%specinterface_ln14 = specinterface void @_ssdm_op_SpecInterface, i32 0, void @empty, i32 0, i32 0, void @empty_0, i32 0, i32 0, void @empty_0, void @empty_0, void @empty_0, i32 0, i32 0, i32 0, i32 0, void @empty_0, void @empty_0, i32 4294967295, i32 0, i32 0" [FIR_HLS.cpp:14]   --->   Operation 34 'specinterface' 'specinterface_ln14' <Predicate = true> <Delay = 0.00>
ST_1 : Operation 35 [1/1] (0.00ns)   --->   "%specinterface_ln0 = specinterface void @_ssdm_op_SpecInterface, i16 %input_r, void @empty_3, i32 1, i32 1, void @empty_1, i32 0, i32 0, void @empty_0, void @empty_0, void @empty_0, i32 0, i32 0, i32 0, i32 0, void @empty_0, void @empty_0, i32 4294967295, i32 0, i32 0"   --->   Operation 35 'specinterface' 'specinterface_ln0' <Predicate = true> <Delay = 0.00>
ST_1 : Operation 36 [1/1] (0.00ns)   --->   "%specbitsmap_ln0 = specbitsmap void @_ssdm_op_SpecBitsMap, i16 %input_r"   --->   Operation 36 'specbitsmap' 'specbitsmap_ln0' <Predicate = true> <Delay = 0.00>
ST_1 : Operation 37 [1/1] (0.00ns)   --->   "%specinterface_ln0 = specinterface void @_ssdm_op_SpecInterface, i16 %output_r, void @empty_3, i32 1, i32 1, void @empty_1, i32 0, i32 0, void @empty_0, void @empty_0, void @empty_0, i32 0, i32 0, i32 0, i32 0, void @empty_0, void @empty_0, i32 4294967295, i32 0, i32 0"   --->   Operation 37 'specinterface' 'specinterface_ln0' <Predicate = true> <Delay = 0.00>
ST_1 : Operation 38 [1/1] (0.00ns)   --->   "%specbitsmap_ln0 = specbitsmap void @_ssdm_op_SpecBitsMap, i16 %output_r"   --->   Operation 38 'specbitsmap' 'specbitsmap_ln0' <Predicate = true> <Delay = 0.00>
ST_1 : Operation 39 [1/1] (0.00ns)   --->   "%mod_value_load = load i2 %mod_value" [FIR_HLS.cpp:29]   --->   Operation 39 'load' 'mod_value_load' <Predicate = true> <Delay = 0.00>
ST_1 : Operation 40 [1/1] (0.00ns)   --->   "%y2_load = load i16 %y2" [FIR_HLS.cpp:40]   --->   Operation 40 'load' 'y2_load' <Predicate = true> <Delay = 0.00>
ST_1 : Operation 41 [1/1] (0.54ns)   --->   "%switch_ln29 = switch i2 %mod_value_load, void %if.else29, i2 0, void %if.then, i2 1, void %if.then12, i2 2, void %if.then22" [FIR_HLS.cpp:29]   --->   Operation 41 'switch' 'switch_ln29' <Predicate = true> <Delay = 0.54>
ST_1 : Operation 42 [1/1] (0.07ns)   --->   "%input_r_read_3 = read i16 @_ssdm_op_Read.axis.volatile.i16P128A, i16 %input_r" [FIR_HLS.cpp:44]   --->   Operation 42 'read' 'input_r_read_3' <Predicate = (mod_value_load == 2)> <Delay = 0.07> <CoreInst = "regslice">   --->   Core 147 'regslice' <Latency = 0> <II = 1> <Delay = 0.59> <Adapter> <Opcode : 'read' 'write'>
ST_1 : Operation 43 [1/1] (0.00ns)   --->   "%p_ZL19H_filter_FIR_dec_42_0_load = load i16 %p_ZL19H_filter_FIR_dec_42_0" [FIR_HLS.cpp:44]   --->   Operation 43 'load' 'p_ZL19H_filter_FIR_dec_42_0_load' <Predicate = (mod_value_load == 2)> <Delay = 0.00>
ST_1 : Operation 44 [1/1] (0.00ns)   --->   "%p_ZL19H_filter_FIR_dec_42_1_load = load i16 %p_ZL19H_filter_FIR_dec_42_1" [FIR_HLS.cpp:44]   --->   Operation 44 'load' 'p_ZL19H_filter_FIR_dec_42_1_load' <Predicate = (mod_value_load == 2)> <Delay = 0.00>
ST_1 : Operation 45 [1/1] (0.00ns)   --->   "%p_ZL19H_filter_FIR_dec_42_2_load = load i16 %p_ZL19H_filter_FIR_dec_42_2" [FIR_HLS.cpp:44]   --->   Operation 45 'load' 'p_ZL19H_filter_FIR_dec_42_2_load' <Predicate = (mod_value_load == 2)> <Delay = 0.00>
ST_1 : Operation 46 [1/1] (0.00ns)   --->   "%p_ZL19H_filter_FIR_dec_42_3_load = load i16 %p_ZL19H_filter_FIR_dec_42_3" [FIR_HLS.cpp:44]   --->   Operation 46 'load' 'p_ZL19H_filter_FIR_dec_42_3_load' <Predicate = (mod_value_load == 2)> <Delay = 0.00>
ST_1 : Operation 47 [6/6] (0.99ns)   --->   "%call_ret6 = call i80 @FIR_filter.1, i16 %p_ZL19H_filter_FIR_dec_42_0_load, i16 %p_ZL19H_filter_FIR_dec_42_1_load, i16 %p_ZL19H_filter_FIR_dec_42_2_load, i16 %p_ZL19H_filter_FIR_dec_42_3_load, i10 50, i13 8105, i14 8285, i13 8105, i10 50, i16 %input_r_read_3" [FIR_HLS.cpp:44]   --->   Operation 47 'call' 'call_ret6' <Predicate = (mod_value_load == 2)> <Delay = 0.99> <CoreType = "Generic">   --->   Generic Core
ST_1 : Operation 48 [1/1] (0.00ns)   --->   "%p_ZL19H_filter_FIR_int_42_0_load = load i16 %p_ZL19H_filter_FIR_int_42_0" [FIR_HLS.cpp:45]   --->   Operation 48 'load' 'p_ZL19H_filter_FIR_int_42_0_load' <Predicate = (mod_value_load == 2)> <Delay = 0.00>
ST_1 : Operation 49 [1/1] (0.00ns)   --->   "%p_ZL19H_filter_FIR_int_42_1_load = load i16 %p_ZL19H_filter_FIR_int_42_1" [FIR_HLS.cpp:45]   --->   Operation 49 'load' 'p_ZL19H_filter_FIR_int_42_1_load' <Predicate = (mod_value_load == 2)> <Delay = 0.00>
ST_1 : Operation 50 [1/1] (0.00ns)   --->   "%p_ZL19H_filter_FIR_int_42_2_load = load i16 %p_ZL19H_filter_FIR_int_42_2" [FIR_HLS.cpp:45]   --->   Operation 50 'load' 'p_ZL19H_filter_FIR_int_42_2_load' <Predicate = (mod_value_load == 2)> <Delay = 0.00>
ST_1 : Operation 51 [1/1] (0.00ns)   --->   "%p_ZL19H_filter_FIR_int_42_3_load = load i16 %p_ZL19H_filter_FIR_int_42_3" [FIR_HLS.cpp:45]   --->   Operation 51 'load' 'p_ZL19H_filter_FIR_int_42_3_load' <Predicate = (mod_value_load == 2)> <Delay = 0.00>
ST_1 : Operation 52 [6/6] (0.99ns)   --->   "%call_ret7 = call i80 @FIR_filter.1, i16 %p_ZL19H_filter_FIR_int_42_0_load, i16 %p_ZL19H_filter_FIR_int_42_1_load, i16 %p_ZL19H_filter_FIR_int_42_2_load, i16 %p_ZL19H_filter_FIR_int_42_3_load, i10 50, i13 8105, i14 8285, i13 8105, i10 50, i16 %y2_load" [FIR_HLS.cpp:45]   --->   Operation 52 'call' 'call_ret7' <Predicate = (mod_value_load == 2)> <Delay = 0.99> <CoreType = "Generic">   --->   Generic Core
ST_1 : Operation 53 [1/1] (0.07ns)   --->   "%input_r_read_2 = read i16 @_ssdm_op_Read.axis.volatile.i16P128A, i16 %input_r" [FIR_HLS.cpp:39]   --->   Operation 53 'read' 'input_r_read_2' <Predicate = (mod_value_load == 1)> <Delay = 0.07> <CoreInst = "regslice">   --->   Core 147 'regslice' <Latency = 0> <II = 1> <Delay = 0.59> <Adapter> <Opcode : 'read' 'write'>
ST_1 : Operation 54 [1/1] (0.00ns)   --->   "%p_ZL19H_filter_FIR_dec_43_0_load = load i16 %p_ZL19H_filter_FIR_dec_43_0" [FIR_HLS.cpp:39]   --->   Operation 54 'load' 'p_ZL19H_filter_FIR_dec_43_0_load' <Predicate = (mod_value_load == 1)> <Delay = 0.00>
ST_1 : Operation 55 [1/1] (0.00ns)   --->   "%p_ZL19H_filter_FIR_dec_43_1_load = load i16 %p_ZL19H_filter_FIR_dec_43_1" [FIR_HLS.cpp:39]   --->   Operation 55 'load' 'p_ZL19H_filter_FIR_dec_43_1_load' <Predicate = (mod_value_load == 1)> <Delay = 0.00>
ST_1 : Operation 56 [1/1] (0.00ns)   --->   "%p_ZL19H_filter_FIR_dec_43_2_load = load i16 %p_ZL19H_filter_FIR_dec_43_2" [FIR_HLS.cpp:39]   --->   Operation 56 'load' 'p_ZL19H_filter_FIR_dec_43_2_load' <Predicate = (mod_value_load == 1)> <Delay = 0.00>
ST_1 : Operation 57 [1/1] (0.00ns)   --->   "%p_ZL19H_filter_FIR_dec_43_3_load = load i16 %p_ZL19H_filter_FIR_dec_43_3" [FIR_HLS.cpp:39]   --->   Operation 57 'load' 'p_ZL19H_filter_FIR_dec_43_3_load' <Predicate = (mod_value_load == 1)> <Delay = 0.00>
ST_1 : Operation 58 [6/6] (0.99ns)   --->   "%call_ret4 = call i80 @FIR_filter.1, i16 %p_ZL19H_filter_FIR_dec_43_0_load, i16 %p_ZL19H_filter_FIR_dec_43_1_load, i16 %p_ZL19H_filter_FIR_dec_43_2_load, i16 %p_ZL19H_filter_FIR_dec_43_3_load, i10 562, i13 2100, i14 7338, i13 7105, i10 247, i16 %input_r_read_2" [FIR_HLS.cpp:39]   --->   Operation 58 'call' 'call_ret4' <Predicate = (mod_value_load == 1)> <Delay = 0.99> <CoreType = "Generic">   --->   Generic Core
ST_1 : Operation 59 [1/1] (0.00ns)   --->   "%p_ZL19H_filter_FIR_int_41_0_load = load i16 %p_ZL19H_filter_FIR_int_41_0" [FIR_HLS.cpp:40]   --->   Operation 59 'load' 'p_ZL19H_filter_FIR_int_41_0_load' <Predicate = (mod_value_load == 1)> <Delay = 0.00>
ST_1 : Operation 60 [1/1] (0.00ns)   --->   "%p_ZL19H_filter_FIR_int_41_1_load = load i16 %p_ZL19H_filter_FIR_int_41_1" [FIR_HLS.cpp:40]   --->   Operation 60 'load' 'p_ZL19H_filter_FIR_int_41_1_load' <Predicate = (mod_value_load == 1)> <Delay = 0.00>
ST_1 : Operation 61 [1/1] (0.00ns)   --->   "%p_ZL19H_filter_FIR_int_41_2_load = load i16 %p_ZL19H_filter_FIR_int_41_2" [FIR_HLS.cpp:40]   --->   Operation 61 'load' 'p_ZL19H_filter_FIR_int_41_2_load' <Predicate = (mod_value_load == 1)> <Delay = 0.00>
ST_1 : Operation 62 [1/1] (0.00ns)   --->   "%p_ZL19H_filter_FIR_int_41_3_load = load i16 %p_ZL19H_filter_FIR_int_41_3" [FIR_HLS.cpp:40]   --->   Operation 62 'load' 'p_ZL19H_filter_FIR_int_41_3_load' <Predicate = (mod_value_load == 1)> <Delay = 0.00>
ST_1 : Operation 63 [6/6] (0.99ns)   --->   "%call_ret5 = call i80 @FIR_filter.1, i16 %p_ZL19H_filter_FIR_int_41_0_load, i16 %p_ZL19H_filter_FIR_int_41_1_load, i16 %p_ZL19H_filter_FIR_int_41_2_load, i16 %p_ZL19H_filter_FIR_int_41_3_load, i10 247, i13 7105, i14 7338, i13 2100, i10 562, i16 %y2_load" [FIR_HLS.cpp:40]   --->   Operation 63 'call' 'call_ret5' <Predicate = (mod_value_load == 1)> <Delay = 0.99> <CoreType = "Generic">   --->   Generic Core
ST_1 : Operation 64 [1/1] (0.07ns)   --->   "%input_r_read_1 = read i16 @_ssdm_op_Read.axis.volatile.i16P128A, i16 %input_r" [FIR_HLS.cpp:30]   --->   Operation 64 'read' 'input_r_read_1' <Predicate = (mod_value_load == 0)> <Delay = 0.07> <CoreInst = "regslice">   --->   Core 147 'regslice' <Latency = 0> <II = 1> <Delay = 0.59> <Adapter> <Opcode : 'read' 'write'>
ST_1 : Operation 65 [1/1] (0.00ns)   --->   "%p_ZL19H_filter_FIR_dec_40_0_load = load i16 %p_ZL19H_filter_FIR_dec_40_0" [FIR_HLS.cpp:30]   --->   Operation 65 'load' 'p_ZL19H_filter_FIR_dec_40_0_load' <Predicate = (mod_value_load == 0)> <Delay = 0.00>
ST_1 : Operation 66 [1/1] (0.00ns)   --->   "%p_ZL19H_filter_FIR_dec_40_1_load = load i16 %p_ZL19H_filter_FIR_dec_40_1" [FIR_HLS.cpp:30]   --->   Operation 66 'load' 'p_ZL19H_filter_FIR_dec_40_1_load' <Predicate = (mod_value_load == 0)> <Delay = 0.00>
ST_1 : Operation 67 [1/1] (0.00ns)   --->   "%p_ZL19H_filter_FIR_dec_40_2_load = load i16 %p_ZL19H_filter_FIR_dec_40_2" [FIR_HLS.cpp:30]   --->   Operation 67 'load' 'p_ZL19H_filter_FIR_dec_40_2_load' <Predicate = (mod_value_load == 0)> <Delay = 0.00>
ST_1 : Operation 68 [1/1] (0.00ns)   --->   "%p_ZL19H_filter_FIR_dec_40_3_load = load i16 %p_ZL19H_filter_FIR_dec_40_3" [FIR_HLS.cpp:30]   --->   Operation 68 'load' 'p_ZL19H_filter_FIR_dec_40_3_load' <Predicate = (mod_value_load == 0)> <Delay = 0.00>
ST_1 : Operation 69 [1/1] (0.00ns)   --->   "%p_ZL19H_filter_FIR_dec_40_4_load = load i16 %p_ZL19H_filter_FIR_dec_40_4" [FIR_HLS.cpp:30]   --->   Operation 69 'load' 'p_ZL19H_filter_FIR_dec_40_4_load' <Predicate = (mod_value_load == 0)> <Delay = 0.00>
ST_1 : Operation 70 [7/7] (3.39ns)   --->   "%call_ret3 = call i96 @FIR_filter.2, i16 %p_ZL19H_filter_FIR_dec_40_0_load, i16 %p_ZL19H_filter_FIR_dec_40_1_load, i16 %p_ZL19H_filter_FIR_dec_40_2_load, i16 %p_ZL19H_filter_FIR_dec_40_3_load, i16 %p_ZL19H_filter_FIR_dec_40_4_load, i16 %input_r_read_1" [FIR_HLS.cpp:30]   --->   Operation 70 'call' 'call_ret3' <Predicate = (mod_value_load == 0)> <Delay = 3.39> <CoreType = "Generic">   --->   Generic Core
ST_1 : Operation 71 [1/1] (0.07ns)   --->   "%input_r_read = read i16 @_ssdm_op_Read.axis.volatile.i16P128A, i16 %input_r" [FIR_HLS.cpp:50]   --->   Operation 71 'read' 'input_r_read' <Predicate = (mod_value_load == 3)> <Delay = 0.07> <CoreInst = "regslice">   --->   Core 147 'regslice' <Latency = 0> <II = 1> <Delay = 0.59> <Adapter> <Opcode : 'read' 'write'>
ST_1 : Operation 72 [1/1] (0.00ns)   --->   "%p_ZL19H_filter_FIR_dec_41_0_load = load i16 %p_ZL19H_filter_FIR_dec_41_0" [FIR_HLS.cpp:50]   --->   Operation 72 'load' 'p_ZL19H_filter_FIR_dec_41_0_load' <Predicate = (mod_value_load == 3)> <Delay = 0.00>
ST_1 : Operation 73 [1/1] (0.00ns)   --->   "%p_ZL19H_filter_FIR_dec_41_1_load = load i16 %p_ZL19H_filter_FIR_dec_41_1" [FIR_HLS.cpp:50]   --->   Operation 73 'load' 'p_ZL19H_filter_FIR_dec_41_1_load' <Predicate = (mod_value_load == 3)> <Delay = 0.00>
ST_1 : Operation 74 [1/1] (0.00ns)   --->   "%p_ZL19H_filter_FIR_dec_41_2_load = load i16 %p_ZL19H_filter_FIR_dec_41_2" [FIR_HLS.cpp:50]   --->   Operation 74 'load' 'p_ZL19H_filter_FIR_dec_41_2_load' <Predicate = (mod_value_load == 3)> <Delay = 0.00>
ST_1 : Operation 75 [1/1] (0.00ns)   --->   "%p_ZL19H_filter_FIR_dec_41_3_load = load i16 %p_ZL19H_filter_FIR_dec_41_3" [FIR_HLS.cpp:50]   --->   Operation 75 'load' 'p_ZL19H_filter_FIR_dec_41_3_load' <Predicate = (mod_value_load == 3)> <Delay = 0.00>
ST_1 : Operation 76 [6/6] (0.99ns)   --->   "%call_ret1 = call i80 @FIR_filter.1, i16 %p_ZL19H_filter_FIR_dec_41_0_load, i16 %p_ZL19H_filter_FIR_dec_41_1_load, i16 %p_ZL19H_filter_FIR_dec_41_2_load, i16 %p_ZL19H_filter_FIR_dec_41_3_load, i10 247, i13 7105, i14 7338, i13 2100, i10 562, i16 %input_r_read" [FIR_HLS.cpp:50]   --->   Operation 76 'call' 'call_ret1' <Predicate = (mod_value_load == 3)> <Delay = 0.99> <CoreType = "Generic">   --->   Generic Core
ST_1 : Operation 77 [1/1] (0.00ns)   --->   "%p_ZL19H_filter_FIR_int_43_0_load = load i16 %p_ZL19H_filter_FIR_int_43_0" [FIR_HLS.cpp:51]   --->   Operation 77 'load' 'p_ZL19H_filter_FIR_int_43_0_load' <Predicate = (mod_value_load == 3)> <Delay = 0.00>
ST_1 : Operation 78 [1/1] (0.00ns)   --->   "%p_ZL19H_filter_FIR_int_43_1_load = load i16 %p_ZL19H_filter_FIR_int_43_1" [FIR_HLS.cpp:51]   --->   Operation 78 'load' 'p_ZL19H_filter_FIR_int_43_1_load' <Predicate = (mod_value_load == 3)> <Delay = 0.00>
ST_1 : Operation 79 [1/1] (0.00ns)   --->   "%p_ZL19H_filter_FIR_int_43_2_load = load i16 %p_ZL19H_filter_FIR_int_43_2" [FIR_HLS.cpp:51]   --->   Operation 79 'load' 'p_ZL19H_filter_FIR_int_43_2_load' <Predicate = (mod_value_load == 3)> <Delay = 0.00>
ST_1 : Operation 80 [1/1] (0.00ns)   --->   "%p_ZL19H_filter_FIR_int_43_3_load = load i16 %p_ZL19H_filter_FIR_int_43_3" [FIR_HLS.cpp:51]   --->   Operation 80 'load' 'p_ZL19H_filter_FIR_int_43_3_load' <Predicate = (mod_value_load == 3)> <Delay = 0.00>
ST_1 : Operation 81 [6/6] (0.99ns)   --->   "%call_ret2 = call i80 @FIR_filter.1, i16 %p_ZL19H_filter_FIR_int_43_0_load, i16 %p_ZL19H_filter_FIR_int_43_1_load, i16 %p_ZL19H_filter_FIR_int_43_2_load, i16 %p_ZL19H_filter_FIR_int_43_3_load, i10 562, i13 2100, i14 7338, i13 7105, i10 247, i16 %y2_load" [FIR_HLS.cpp:51]   --->   Operation 81 'call' 'call_ret2' <Predicate = (mod_value_load == 3)> <Delay = 0.99> <CoreType = "Generic">   --->   Generic Core

State 2 <SV = 1> <Delay = 3.02>
ST_2 : Operation 82 [5/6] (3.02ns)   --->   "%call_ret6 = call i80 @FIR_filter.1, i16 %p_ZL19H_filter_FIR_dec_42_0_load, i16 %p_ZL19H_filter_FIR_dec_42_1_load, i16 %p_ZL19H_filter_FIR_dec_42_2_load, i16 %p_ZL19H_filter_FIR_dec_42_3_load, i10 50, i13 8105, i14 8285, i13 8105, i10 50, i16 %input_r_read_3" [FIR_HLS.cpp:44]   --->   Operation 82 'call' 'call_ret6' <Predicate = (mod_value_load == 2)> <Delay = 3.02> <CoreType = "Generic">   --->   Generic Core
ST_2 : Operation 83 [5/6] (3.02ns)   --->   "%call_ret7 = call i80 @FIR_filter.1, i16 %p_ZL19H_filter_FIR_int_42_0_load, i16 %p_ZL19H_filter_FIR_int_42_1_load, i16 %p_ZL19H_filter_FIR_int_42_2_load, i16 %p_ZL19H_filter_FIR_int_42_3_load, i10 50, i13 8105, i14 8285, i13 8105, i10 50, i16 %y2_load" [FIR_HLS.cpp:45]   --->   Operation 83 'call' 'call_ret7' <Predicate = (mod_value_load == 2)> <Delay = 3.02> <CoreType = "Generic">   --->   Generic Core
ST_2 : Operation 84 [5/6] (3.02ns)   --->   "%call_ret4 = call i80 @FIR_filter.1, i16 %p_ZL19H_filter_FIR_dec_43_0_load, i16 %p_ZL19H_filter_FIR_dec_43_1_load, i16 %p_ZL19H_filter_FIR_dec_43_2_load, i16 %p_ZL19H_filter_FIR_dec_43_3_load, i10 562, i13 2100, i14 7338, i13 7105, i10 247, i16 %input_r_read_2" [FIR_HLS.cpp:39]   --->   Operation 84 'call' 'call_ret4' <Predicate = (mod_value_load == 1)> <Delay = 3.02> <CoreType = "Generic">   --->   Generic Core
ST_2 : Operation 85 [5/6] (3.02ns)   --->   "%call_ret5 = call i80 @FIR_filter.1, i16 %p_ZL19H_filter_FIR_int_41_0_load, i16 %p_ZL19H_filter_FIR_int_41_1_load, i16 %p_ZL19H_filter_FIR_int_41_2_load, i16 %p_ZL19H_filter_FIR_int_41_3_load, i10 247, i13 7105, i14 7338, i13 2100, i10 562, i16 %y2_load" [FIR_HLS.cpp:40]   --->   Operation 85 'call' 'call_ret5' <Predicate = (mod_value_load == 1)> <Delay = 3.02> <CoreType = "Generic">   --->   Generic Core

State 3 <SV = 2> <Delay = 3.02>
ST_3 : Operation 86 [4/6] (3.02ns)   --->   "%call_ret6 = call i80 @FIR_filter.1, i16 %p_ZL19H_filter_FIR_dec_42_0_load, i16 %p_ZL19H_filter_FIR_dec_42_1_load, i16 %p_ZL19H_filter_FIR_dec_42_2_load, i16 %p_ZL19H_filter_FIR_dec_42_3_load, i10 50, i13 8105, i14 8285, i13 8105, i10 50, i16 %input_r_read_3" [FIR_HLS.cpp:44]   --->   Operation 86 'call' 'call_ret6' <Predicate = (mod_value_load == 2)> <Delay = 3.02> <CoreType = "Generic">   --->   Generic Core
ST_3 : Operation 87 [4/6] (3.02ns)   --->   "%call_ret7 = call i80 @FIR_filter.1, i16 %p_ZL19H_filter_FIR_int_42_0_load, i16 %p_ZL19H_filter_FIR_int_42_1_load, i16 %p_ZL19H_filter_FIR_int_42_2_load, i16 %p_ZL19H_filter_FIR_int_42_3_load, i10 50, i13 8105, i14 8285, i13 8105, i10 50, i16 %y2_load" [FIR_HLS.cpp:45]   --->   Operation 87 'call' 'call_ret7' <Predicate = (mod_value_load == 2)> <Delay = 3.02> <CoreType = "Generic">   --->   Generic Core
ST_3 : Operation 88 [4/6] (3.02ns)   --->   "%call_ret4 = call i80 @FIR_filter.1, i16 %p_ZL19H_filter_FIR_dec_43_0_load, i16 %p_ZL19H_filter_FIR_dec_43_1_load, i16 %p_ZL19H_filter_FIR_dec_43_2_load, i16 %p_ZL19H_filter_FIR_dec_43_3_load, i10 562, i13 2100, i14 7338, i13 7105, i10 247, i16 %input_r_read_2" [FIR_HLS.cpp:39]   --->   Operation 88 'call' 'call_ret4' <Predicate = (mod_value_load == 1)> <Delay = 3.02> <CoreType = "Generic">   --->   Generic Core
ST_3 : Operation 89 [4/6] (3.02ns)   --->   "%call_ret5 = call i80 @FIR_filter.1, i16 %p_ZL19H_filter_FIR_int_41_0_load, i16 %p_ZL19H_filter_FIR_int_41_1_load, i16 %p_ZL19H_filter_FIR_int_41_2_load, i16 %p_ZL19H_filter_FIR_int_41_3_load, i10 247, i13 7105, i14 7338, i13 2100, i10 562, i16 %y2_load" [FIR_HLS.cpp:40]   --->   Operation 89 'call' 'call_ret5' <Predicate = (mod_value_load == 1)> <Delay = 3.02> <CoreType = "Generic">   --->   Generic Core

State 4 <SV = 3> <Delay = 3.02>
ST_4 : Operation 90 [3/6] (3.02ns)   --->   "%call_ret6 = call i80 @FIR_filter.1, i16 %p_ZL19H_filter_FIR_dec_42_0_load, i16 %p_ZL19H_filter_FIR_dec_42_1_load, i16 %p_ZL19H_filter_FIR_dec_42_2_load, i16 %p_ZL19H_filter_FIR_dec_42_3_load, i10 50, i13 8105, i14 8285, i13 8105, i10 50, i16 %input_r_read_3" [FIR_HLS.cpp:44]   --->   Operation 90 'call' 'call_ret6' <Predicate = (mod_value_load == 2)> <Delay = 3.02> <CoreType = "Generic">   --->   Generic Core
ST_4 : Operation 91 [3/6] (3.02ns)   --->   "%call_ret7 = call i80 @FIR_filter.1, i16 %p_ZL19H_filter_FIR_int_42_0_load, i16 %p_ZL19H_filter_FIR_int_42_1_load, i16 %p_ZL19H_filter_FIR_int_42_2_load, i16 %p_ZL19H_filter_FIR_int_42_3_load, i10 50, i13 8105, i14 8285, i13 8105, i10 50, i16 %y2_load" [FIR_HLS.cpp:45]   --->   Operation 91 'call' 'call_ret7' <Predicate = (mod_value_load == 2)> <Delay = 3.02> <CoreType = "Generic">   --->   Generic Core
ST_4 : Operation 92 [3/6] (3.02ns)   --->   "%call_ret4 = call i80 @FIR_filter.1, i16 %p_ZL19H_filter_FIR_dec_43_0_load, i16 %p_ZL19H_filter_FIR_dec_43_1_load, i16 %p_ZL19H_filter_FIR_dec_43_2_load, i16 %p_ZL19H_filter_FIR_dec_43_3_load, i10 562, i13 2100, i14 7338, i13 7105, i10 247, i16 %input_r_read_2" [FIR_HLS.cpp:39]   --->   Operation 92 'call' 'call_ret4' <Predicate = (mod_value_load == 1)> <Delay = 3.02> <CoreType = "Generic">   --->   Generic Core
ST_4 : Operation 93 [3/6] (3.02ns)   --->   "%call_ret5 = call i80 @FIR_filter.1, i16 %p_ZL19H_filter_FIR_int_41_0_load, i16 %p_ZL19H_filter_FIR_int_41_1_load, i16 %p_ZL19H_filter_FIR_int_41_2_load, i16 %p_ZL19H_filter_FIR_int_41_3_load, i10 247, i13 7105, i14 7338, i13 2100, i10 562, i16 %y2_load" [FIR_HLS.cpp:40]   --->   Operation 93 'call' 'call_ret5' <Predicate = (mod_value_load == 1)> <Delay = 3.02> <CoreType = "Generic">   --->   Generic Core

State 5 <SV = 4> <Delay = 3.02>
ST_5 : Operation 94 [2/6] (3.02ns)   --->   "%call_ret6 = call i80 @FIR_filter.1, i16 %p_ZL19H_filter_FIR_dec_42_0_load, i16 %p_ZL19H_filter_FIR_dec_42_1_load, i16 %p_ZL19H_filter_FIR_dec_42_2_load, i16 %p_ZL19H_filter_FIR_dec_42_3_load, i10 50, i13 8105, i14 8285, i13 8105, i10 50, i16 %input_r_read_3" [FIR_HLS.cpp:44]   --->   Operation 94 'call' 'call_ret6' <Predicate = (mod_value_load == 2)> <Delay = 3.02> <CoreType = "Generic">   --->   Generic Core
ST_5 : Operation 95 [2/6] (3.02ns)   --->   "%call_ret7 = call i80 @FIR_filter.1, i16 %p_ZL19H_filter_FIR_int_42_0_load, i16 %p_ZL19H_filter_FIR_int_42_1_load, i16 %p_ZL19H_filter_FIR_int_42_2_load, i16 %p_ZL19H_filter_FIR_int_42_3_load, i10 50, i13 8105, i14 8285, i13 8105, i10 50, i16 %y2_load" [FIR_HLS.cpp:45]   --->   Operation 95 'call' 'call_ret7' <Predicate = (mod_value_load == 2)> <Delay = 3.02> <CoreType = "Generic">   --->   Generic Core
ST_5 : Operation 96 [2/6] (3.02ns)   --->   "%call_ret4 = call i80 @FIR_filter.1, i16 %p_ZL19H_filter_FIR_dec_43_0_load, i16 %p_ZL19H_filter_FIR_dec_43_1_load, i16 %p_ZL19H_filter_FIR_dec_43_2_load, i16 %p_ZL19H_filter_FIR_dec_43_3_load, i10 562, i13 2100, i14 7338, i13 7105, i10 247, i16 %input_r_read_2" [FIR_HLS.cpp:39]   --->   Operation 96 'call' 'call_ret4' <Predicate = (mod_value_load == 1)> <Delay = 3.02> <CoreType = "Generic">   --->   Generic Core
ST_5 : Operation 97 [2/6] (3.02ns)   --->   "%call_ret5 = call i80 @FIR_filter.1, i16 %p_ZL19H_filter_FIR_int_41_0_load, i16 %p_ZL19H_filter_FIR_int_41_1_load, i16 %p_ZL19H_filter_FIR_int_41_2_load, i16 %p_ZL19H_filter_FIR_int_41_3_load, i10 247, i13 7105, i14 7338, i13 2100, i10 562, i16 %y2_load" [FIR_HLS.cpp:40]   --->   Operation 97 'call' 'call_ret5' <Predicate = (mod_value_load == 1)> <Delay = 3.02> <CoreType = "Generic">   --->   Generic Core

State 6 <SV = 5> <Delay = 2.09>
ST_6 : Operation 98 [1/6] (1.64ns)   --->   "%call_ret6 = call i80 @FIR_filter.1, i16 %p_ZL19H_filter_FIR_dec_42_0_load, i16 %p_ZL19H_filter_FIR_dec_42_1_load, i16 %p_ZL19H_filter_FIR_dec_42_2_load, i16 %p_ZL19H_filter_FIR_dec_42_3_load, i10 50, i13 8105, i14 8285, i13 8105, i10 50, i16 %input_r_read_3" [FIR_HLS.cpp:44]   --->   Operation 98 'call' 'call_ret6' <Predicate = (mod_value_load == 2)> <Delay = 1.64> <CoreType = "Generic">   --->   Generic Core
ST_6 : Operation 99 [1/1] (0.00ns)   --->   "%newret32 = extractvalue i80 %call_ret6" [FIR_HLS.cpp:44]   --->   Operation 99 'extractvalue' 'newret32' <Predicate = (mod_value_load == 2)> <Delay = 0.00>
ST_6 : Operation 100 [1/1] (0.00ns)   --->   "%newret33 = extractvalue i80 %call_ret6" [FIR_HLS.cpp:44]   --->   Operation 100 'extractvalue' 'newret33' <Predicate = (mod_value_load == 2)> <Delay = 0.00>
ST_6 : Operation 101 [1/1] (0.00ns)   --->   "%newret34 = extractvalue i80 %call_ret6" [FIR_HLS.cpp:44]   --->   Operation 101 'extractvalue' 'newret34' <Predicate = (mod_value_load == 2)> <Delay = 0.00>
ST_6 : Operation 102 [1/1] (0.00ns)   --->   "%newret35 = extractvalue i80 %call_ret6" [FIR_HLS.cpp:44]   --->   Operation 102 'extractvalue' 'newret35' <Predicate = (mod_value_load == 2)> <Delay = 0.00>
ST_6 : Operation 103 [1/1] (0.00ns)   --->   "%newret36 = extractvalue i80 %call_ret6" [FIR_HLS.cpp:44]   --->   Operation 103 'extractvalue' 'newret36' <Predicate = (mod_value_load == 2)> <Delay = 0.00>
ST_6 : Operation 104 [1/1] (0.00ns)   --->   "%store_ln44 = store i16 %newret33, i16 %p_ZL19H_filter_FIR_dec_42_0" [FIR_HLS.cpp:44]   --->   Operation 104 'store' 'store_ln44' <Predicate = (mod_value_load == 2)> <Delay = 0.00>
ST_6 : Operation 105 [1/1] (0.00ns)   --->   "%store_ln44 = store i16 %newret34, i16 %p_ZL19H_filter_FIR_dec_42_1" [FIR_HLS.cpp:44]   --->   Operation 105 'store' 'store_ln44' <Predicate = (mod_value_load == 2)> <Delay = 0.00>
ST_6 : Operation 106 [1/1] (0.00ns)   --->   "%store_ln44 = store i16 %newret35, i16 %p_ZL19H_filter_FIR_dec_42_2" [FIR_HLS.cpp:44]   --->   Operation 106 'store' 'store_ln44' <Predicate = (mod_value_load == 2)> <Delay = 0.00>
ST_6 : Operation 107 [1/1] (0.00ns)   --->   "%store_ln44 = store i16 %newret36, i16 %p_ZL19H_filter_FIR_dec_42_3" [FIR_HLS.cpp:44]   --->   Operation 107 'store' 'store_ln44' <Predicate = (mod_value_load == 2)> <Delay = 0.00>
ST_6 : Operation 108 [1/1] (0.00ns)   --->   "%store_ln44 = store i16 %newret32, i16 %y1_phase2" [FIR_HLS.cpp:44]   --->   Operation 108 'store' 'store_ln44' <Predicate = (mod_value_load == 2)> <Delay = 0.00>
ST_6 : Operation 109 [1/6] (1.64ns)   --->   "%call_ret7 = call i80 @FIR_filter.1, i16 %p_ZL19H_filter_FIR_int_42_0_load, i16 %p_ZL19H_filter_FIR_int_42_1_load, i16 %p_ZL19H_filter_FIR_int_42_2_load, i16 %p_ZL19H_filter_FIR_int_42_3_load, i10 50, i13 8105, i14 8285, i13 8105, i10 50, i16 %y2_load" [FIR_HLS.cpp:45]   --->   Operation 109 'call' 'call_ret7' <Predicate = (mod_value_load == 2)> <Delay = 1.64> <CoreType = "Generic">   --->   Generic Core
ST_6 : Operation 110 [1/1] (0.00ns)   --->   "%newret37 = extractvalue i80 %call_ret7" [FIR_HLS.cpp:45]   --->   Operation 110 'extractvalue' 'newret37' <Predicate = (mod_value_load == 2)> <Delay = 0.00>
ST_6 : Operation 111 [1/1] (0.00ns)   --->   "%newret38 = extractvalue i80 %call_ret7" [FIR_HLS.cpp:45]   --->   Operation 111 'extractvalue' 'newret38' <Predicate = (mod_value_load == 2)> <Delay = 0.00>
ST_6 : Operation 112 [1/1] (0.00ns)   --->   "%newret39 = extractvalue i80 %call_ret7" [FIR_HLS.cpp:45]   --->   Operation 112 'extractvalue' 'newret39' <Predicate = (mod_value_load == 2)> <Delay = 0.00>
ST_6 : Operation 113 [1/1] (0.00ns)   --->   "%newret40 = extractvalue i80 %call_ret7" [FIR_HLS.cpp:45]   --->   Operation 113 'extractvalue' 'newret40' <Predicate = (mod_value_load == 2)> <Delay = 0.00>
ST_6 : Operation 114 [1/1] (0.00ns)   --->   "%newret41 = extractvalue i80 %call_ret7" [FIR_HLS.cpp:45]   --->   Operation 114 'extractvalue' 'newret41' <Predicate = (mod_value_load == 2)> <Delay = 0.00>
ST_6 : Operation 115 [1/1] (0.00ns)   --->   "%store_ln45 = store i16 %newret38, i16 %p_ZL19H_filter_FIR_int_42_0" [FIR_HLS.cpp:45]   --->   Operation 115 'store' 'store_ln45' <Predicate = (mod_value_load == 2)> <Delay = 0.00>
ST_6 : Operation 116 [1/1] (0.00ns)   --->   "%store_ln45 = store i16 %newret39, i16 %p_ZL19H_filter_FIR_int_42_1" [FIR_HLS.cpp:45]   --->   Operation 116 'store' 'store_ln45' <Predicate = (mod_value_load == 2)> <Delay = 0.00>
ST_6 : Operation 117 [1/1] (0.00ns)   --->   "%store_ln45 = store i16 %newret40, i16 %p_ZL19H_filter_FIR_int_42_2" [FIR_HLS.cpp:45]   --->   Operation 117 'store' 'store_ln45' <Predicate = (mod_value_load == 2)> <Delay = 0.00>
ST_6 : Operation 118 [1/1] (0.00ns)   --->   "%store_ln45 = store i16 %newret41, i16 %p_ZL19H_filter_FIR_int_42_3" [FIR_HLS.cpp:45]   --->   Operation 118 'store' 'store_ln45' <Predicate = (mod_value_load == 2)> <Delay = 0.00>
ST_6 : Operation 119 [1/1] (0.00ns)   --->   "%shl_ln45 = shl i16 %newret37, i16 2" [FIR_HLS.cpp:45]   --->   Operation 119 'shl' 'shl_ln45' <Predicate = (mod_value_load == 2)> <Delay = 0.00>
ST_6 : Operation 120 [2/2] (0.45ns)   --->   "%write_ln45 = write void @_ssdm_op_Write.axis.volatile.i16P128A, i16 %output_r, i16 %shl_ln45" [FIR_HLS.cpp:45]   --->   Operation 120 'write' 'write_ln45' <Predicate = (mod_value_load == 2)> <Delay = 0.45> <CoreInst = "regslice">   --->   Core 147 'regslice' <Latency = 0> <II = 1> <Delay = 0.59> <Adapter> <Opcode : 'read' 'write'>
ST_6 : Operation 121 [1/6] (1.64ns)   --->   "%call_ret4 = call i80 @FIR_filter.1, i16 %p_ZL19H_filter_FIR_dec_43_0_load, i16 %p_ZL19H_filter_FIR_dec_43_1_load, i16 %p_ZL19H_filter_FIR_dec_43_2_load, i16 %p_ZL19H_filter_FIR_dec_43_3_load, i10 562, i13 2100, i14 7338, i13 7105, i10 247, i16 %input_r_read_2" [FIR_HLS.cpp:39]   --->   Operation 121 'call' 'call_ret4' <Predicate = (mod_value_load == 1)> <Delay = 1.64> <CoreType = "Generic">   --->   Generic Core
ST_6 : Operation 122 [1/1] (0.00ns)   --->   "%newret22 = extractvalue i80 %call_ret4" [FIR_HLS.cpp:39]   --->   Operation 122 'extractvalue' 'newret22' <Predicate = (mod_value_load == 1)> <Delay = 0.00>
ST_6 : Operation 123 [1/1] (0.00ns)   --->   "%newret23 = extractvalue i80 %call_ret4" [FIR_HLS.cpp:39]   --->   Operation 123 'extractvalue' 'newret23' <Predicate = (mod_value_load == 1)> <Delay = 0.00>
ST_6 : Operation 124 [1/1] (0.00ns)   --->   "%newret24 = extractvalue i80 %call_ret4" [FIR_HLS.cpp:39]   --->   Operation 124 'extractvalue' 'newret24' <Predicate = (mod_value_load == 1)> <Delay = 0.00>
ST_6 : Operation 125 [1/1] (0.00ns)   --->   "%newret25 = extractvalue i80 %call_ret4" [FIR_HLS.cpp:39]   --->   Operation 125 'extractvalue' 'newret25' <Predicate = (mod_value_load == 1)> <Delay = 0.00>
ST_6 : Operation 126 [1/1] (0.00ns)   --->   "%newret26 = extractvalue i80 %call_ret4" [FIR_HLS.cpp:39]   --->   Operation 126 'extractvalue' 'newret26' <Predicate = (mod_value_load == 1)> <Delay = 0.00>
ST_6 : Operation 127 [1/1] (0.00ns)   --->   "%store_ln39 = store i16 %newret23, i16 %p_ZL19H_filter_FIR_dec_43_0" [FIR_HLS.cpp:39]   --->   Operation 127 'store' 'store_ln39' <Predicate = (mod_value_load == 1)> <Delay = 0.00>
ST_6 : Operation 128 [1/1] (0.00ns)   --->   "%store_ln39 = store i16 %newret24, i16 %p_ZL19H_filter_FIR_dec_43_1" [FIR_HLS.cpp:39]   --->   Operation 128 'store' 'store_ln39' <Predicate = (mod_value_load == 1)> <Delay = 0.00>
ST_6 : Operation 129 [1/1] (0.00ns)   --->   "%store_ln39 = store i16 %newret25, i16 %p_ZL19H_filter_FIR_dec_43_2" [FIR_HLS.cpp:39]   --->   Operation 129 'store' 'store_ln39' <Predicate = (mod_value_load == 1)> <Delay = 0.00>
ST_6 : Operation 130 [1/1] (0.00ns)   --->   "%store_ln39 = store i16 %newret26, i16 %p_ZL19H_filter_FIR_dec_43_3" [FIR_HLS.cpp:39]   --->   Operation 130 'store' 'store_ln39' <Predicate = (mod_value_load == 1)> <Delay = 0.00>
ST_6 : Operation 131 [1/1] (0.00ns)   --->   "%store_ln39 = store i16 %newret22, i16 %y1_phase1" [FIR_HLS.cpp:39]   --->   Operation 131 'store' 'store_ln39' <Predicate = (mod_value_load == 1)> <Delay = 0.00>
ST_6 : Operation 132 [1/6] (1.64ns)   --->   "%call_ret5 = call i80 @FIR_filter.1, i16 %p_ZL19H_filter_FIR_int_41_0_load, i16 %p_ZL19H_filter_FIR_int_41_1_load, i16 %p_ZL19H_filter_FIR_int_41_2_load, i16 %p_ZL19H_filter_FIR_int_41_3_load, i10 247, i13 7105, i14 7338, i13 2100, i10 562, i16 %y2_load" [FIR_HLS.cpp:40]   --->   Operation 132 'call' 'call_ret5' <Predicate = (mod_value_load == 1)> <Delay = 1.64> <CoreType = "Generic">   --->   Generic Core
ST_6 : Operation 133 [1/1] (0.00ns)   --->   "%newret27 = extractvalue i80 %call_ret5" [FIR_HLS.cpp:40]   --->   Operation 133 'extractvalue' 'newret27' <Predicate = (mod_value_load == 1)> <Delay = 0.00>
ST_6 : Operation 134 [1/1] (0.00ns)   --->   "%newret28 = extractvalue i80 %call_ret5" [FIR_HLS.cpp:40]   --->   Operation 134 'extractvalue' 'newret28' <Predicate = (mod_value_load == 1)> <Delay = 0.00>
ST_6 : Operation 135 [1/1] (0.00ns)   --->   "%newret29 = extractvalue i80 %call_ret5" [FIR_HLS.cpp:40]   --->   Operation 135 'extractvalue' 'newret29' <Predicate = (mod_value_load == 1)> <Delay = 0.00>
ST_6 : Operation 136 [1/1] (0.00ns)   --->   "%newret30 = extractvalue i80 %call_ret5" [FIR_HLS.cpp:40]   --->   Operation 136 'extractvalue' 'newret30' <Predicate = (mod_value_load == 1)> <Delay = 0.00>
ST_6 : Operation 137 [1/1] (0.00ns)   --->   "%newret31 = extractvalue i80 %call_ret5" [FIR_HLS.cpp:40]   --->   Operation 137 'extractvalue' 'newret31' <Predicate = (mod_value_load == 1)> <Delay = 0.00>
ST_6 : Operation 138 [1/1] (0.00ns)   --->   "%store_ln40 = store i16 %newret28, i16 %p_ZL19H_filter_FIR_int_41_0" [FIR_HLS.cpp:40]   --->   Operation 138 'store' 'store_ln40' <Predicate = (mod_value_load == 1)> <Delay = 0.00>
ST_6 : Operation 139 [1/1] (0.00ns)   --->   "%store_ln40 = store i16 %newret29, i16 %p_ZL19H_filter_FIR_int_41_1" [FIR_HLS.cpp:40]   --->   Operation 139 'store' 'store_ln40' <Predicate = (mod_value_load == 1)> <Delay = 0.00>
ST_6 : Operation 140 [1/1] (0.00ns)   --->   "%store_ln40 = store i16 %newret30, i16 %p_ZL19H_filter_FIR_int_41_2" [FIR_HLS.cpp:40]   --->   Operation 140 'store' 'store_ln40' <Predicate = (mod_value_load == 1)> <Delay = 0.00>
ST_6 : Operation 141 [1/1] (0.00ns)   --->   "%store_ln40 = store i16 %newret31, i16 %p_ZL19H_filter_FIR_int_41_3" [FIR_HLS.cpp:40]   --->   Operation 141 'store' 'store_ln40' <Predicate = (mod_value_load == 1)> <Delay = 0.00>
ST_6 : Operation 142 [1/1] (0.00ns)   --->   "%shl_ln40 = shl i16 %newret27, i16 2" [FIR_HLS.cpp:40]   --->   Operation 142 'shl' 'shl_ln40' <Predicate = (mod_value_load == 1)> <Delay = 0.00>
ST_6 : Operation 143 [2/2] (0.45ns)   --->   "%write_ln40 = write void @_ssdm_op_Write.axis.volatile.i16P128A, i16 %output_r, i16 %shl_ln40" [FIR_HLS.cpp:40]   --->   Operation 143 'write' 'write_ln40' <Predicate = (mod_value_load == 1)> <Delay = 0.45> <CoreInst = "regslice">   --->   Core 147 'regslice' <Latency = 0> <II = 1> <Delay = 0.59> <Adapter> <Opcode : 'read' 'write'>

State 7 <SV = 6> <Delay = 0.52>
ST_7 : Operation 144 [1/2] (0.45ns)   --->   "%write_ln45 = write void @_ssdm_op_Write.axis.volatile.i16P128A, i16 %output_r, i16 %shl_ln45" [FIR_HLS.cpp:45]   --->   Operation 144 'write' 'write_ln45' <Predicate = (mod_value_load == 2)> <Delay = 0.45> <CoreInst = "regslice">   --->   Core 147 'regslice' <Latency = 0> <II = 1> <Delay = 0.59> <Adapter> <Opcode : 'read' 'write'>
ST_7 : Operation 145 [1/1] (0.52ns)   --->   "%br_ln48 = br void %if.end37" [FIR_HLS.cpp:48]   --->   Operation 145 'br' 'br_ln48' <Predicate = (mod_value_load == 2)> <Delay = 0.52>
ST_7 : Operation 146 [1/2] (0.45ns)   --->   "%write_ln40 = write void @_ssdm_op_Write.axis.volatile.i16P128A, i16 %output_r, i16 %shl_ln40" [FIR_HLS.cpp:40]   --->   Operation 146 'write' 'write_ln40' <Predicate = (mod_value_load == 1)> <Delay = 0.45> <CoreInst = "regslice">   --->   Core 147 'regslice' <Latency = 0> <II = 1> <Delay = 0.59> <Adapter> <Opcode : 'read' 'write'>
ST_7 : Operation 147 [1/1] (0.52ns)   --->   "%br_ln42 = br void %if.end37" [FIR_HLS.cpp:42]   --->   Operation 147 'br' 'br_ln42' <Predicate = (mod_value_load == 1)> <Delay = 0.52>

State 8 <SV = 1> <Delay = 3.39>
ST_8 : Operation 148 [6/7] (3.39ns)   --->   "%call_ret3 = call i96 @FIR_filter.2, i16 %p_ZL19H_filter_FIR_dec_40_0_load, i16 %p_ZL19H_filter_FIR_dec_40_1_load, i16 %p_ZL19H_filter_FIR_dec_40_2_load, i16 %p_ZL19H_filter_FIR_dec_40_3_load, i16 %p_ZL19H_filter_FIR_dec_40_4_load, i16 %input_r_read_1" [FIR_HLS.cpp:30]   --->   Operation 148 'call' 'call_ret3' <Predicate = true> <Delay = 3.39> <CoreType = "Generic">   --->   Generic Core

State 9 <SV = 2> <Delay = 3.39>
ST_9 : Operation 149 [5/7] (3.39ns)   --->   "%call_ret3 = call i96 @FIR_filter.2, i16 %p_ZL19H_filter_FIR_dec_40_0_load, i16 %p_ZL19H_filter_FIR_dec_40_1_load, i16 %p_ZL19H_filter_FIR_dec_40_2_load, i16 %p_ZL19H_filter_FIR_dec_40_3_load, i16 %p_ZL19H_filter_FIR_dec_40_4_load, i16 %input_r_read_1" [FIR_HLS.cpp:30]   --->   Operation 149 'call' 'call_ret3' <Predicate = true> <Delay = 3.39> <CoreType = "Generic">   --->   Generic Core

State 10 <SV = 3> <Delay = 3.39>
ST_10 : Operation 150 [4/7] (3.39ns)   --->   "%call_ret3 = call i96 @FIR_filter.2, i16 %p_ZL19H_filter_FIR_dec_40_0_load, i16 %p_ZL19H_filter_FIR_dec_40_1_load, i16 %p_ZL19H_filter_FIR_dec_40_2_load, i16 %p_ZL19H_filter_FIR_dec_40_3_load, i16 %p_ZL19H_filter_FIR_dec_40_4_load, i16 %input_r_read_1" [FIR_HLS.cpp:30]   --->   Operation 150 'call' 'call_ret3' <Predicate = true> <Delay = 3.39> <CoreType = "Generic">   --->   Generic Core

State 11 <SV = 4> <Delay = 3.39>
ST_11 : Operation 151 [3/7] (3.39ns)   --->   "%call_ret3 = call i96 @FIR_filter.2, i16 %p_ZL19H_filter_FIR_dec_40_0_load, i16 %p_ZL19H_filter_FIR_dec_40_1_load, i16 %p_ZL19H_filter_FIR_dec_40_2_load, i16 %p_ZL19H_filter_FIR_dec_40_3_load, i16 %p_ZL19H_filter_FIR_dec_40_4_load, i16 %input_r_read_1" [FIR_HLS.cpp:30]   --->   Operation 151 'call' 'call_ret3' <Predicate = true> <Delay = 3.39> <CoreType = "Generic">   --->   Generic Core

State 12 <SV = 5> <Delay = 3.39>
ST_12 : Operation 152 [2/7] (3.39ns)   --->   "%call_ret3 = call i96 @FIR_filter.2, i16 %p_ZL19H_filter_FIR_dec_40_0_load, i16 %p_ZL19H_filter_FIR_dec_40_1_load, i16 %p_ZL19H_filter_FIR_dec_40_2_load, i16 %p_ZL19H_filter_FIR_dec_40_3_load, i16 %p_ZL19H_filter_FIR_dec_40_4_load, i16 %input_r_read_1" [FIR_HLS.cpp:30]   --->   Operation 152 'call' 'call_ret3' <Predicate = true> <Delay = 3.39> <CoreType = "Generic">   --->   Generic Core

State 13 <SV = 6> <Delay = 3.90>
ST_13 : Operation 153 [1/7] (0.64ns)   --->   "%call_ret3 = call i96 @FIR_filter.2, i16 %p_ZL19H_filter_FIR_dec_40_0_load, i16 %p_ZL19H_filter_FIR_dec_40_1_load, i16 %p_ZL19H_filter_FIR_dec_40_2_load, i16 %p_ZL19H_filter_FIR_dec_40_3_load, i16 %p_ZL19H_filter_FIR_dec_40_4_load, i16 %input_r_read_1" [FIR_HLS.cpp:30]   --->   Operation 153 'call' 'call_ret3' <Predicate = true> <Delay = 0.64> <CoreType = "Generic">   --->   Generic Core
ST_13 : Operation 154 [1/1] (0.00ns) (grouped into LUT with out node add_ln32_1)   --->   "%newret11 = extractvalue i96 %call_ret3" [FIR_HLS.cpp:30]   --->   Operation 154 'extractvalue' 'newret11' <Predicate = true> <Delay = 0.00>
ST_13 : Operation 155 [1/1] (0.00ns)   --->   "%newret12 = extractvalue i96 %call_ret3" [FIR_HLS.cpp:30]   --->   Operation 155 'extractvalue' 'newret12' <Predicate = true> <Delay = 0.00>
ST_13 : Operation 156 [1/1] (0.00ns)   --->   "%newret13 = extractvalue i96 %call_ret3" [FIR_HLS.cpp:30]   --->   Operation 156 'extractvalue' 'newret13' <Predicate = true> <Delay = 0.00>
ST_13 : Operation 157 [1/1] (0.00ns)   --->   "%newret14 = extractvalue i96 %call_ret3" [FIR_HLS.cpp:30]   --->   Operation 157 'extractvalue' 'newret14' <Predicate = true> <Delay = 0.00>
ST_13 : Operation 158 [1/1] (0.00ns)   --->   "%newret15 = extractvalue i96 %call_ret3" [FIR_HLS.cpp:30]   --->   Operation 158 'extractvalue' 'newret15' <Predicate = true> <Delay = 0.00>
ST_13 : Operation 159 [1/1] (0.00ns)   --->   "%newret16 = extractvalue i96 %call_ret3" [FIR_HLS.cpp:30]   --->   Operation 159 'extractvalue' 'newret16' <Predicate = true> <Delay = 0.00>
ST_13 : Operation 160 [1/1] (0.00ns)   --->   "%store_ln30 = store i16 %newret12, i16 %p_ZL19H_filter_FIR_dec_40_0" [FIR_HLS.cpp:30]   --->   Operation 160 'store' 'store_ln30' <Predicate = true> <Delay = 0.00>
ST_13 : Operation 161 [1/1] (0.00ns)   --->   "%store_ln30 = store i16 %newret13, i16 %p_ZL19H_filter_FIR_dec_40_1" [FIR_HLS.cpp:30]   --->   Operation 161 'store' 'store_ln30' <Predicate = true> <Delay = 0.00>
ST_13 : Operation 162 [1/1] (0.00ns)   --->   "%store_ln30 = store i16 %newret14, i16 %p_ZL19H_filter_FIR_dec_40_2" [FIR_HLS.cpp:30]   --->   Operation 162 'store' 'store_ln30' <Predicate = true> <Delay = 0.00>
ST_13 : Operation 163 [1/1] (0.00ns)   --->   "%store_ln30 = store i16 %newret15, i16 %p_ZL19H_filter_FIR_dec_40_3" [FIR_HLS.cpp:30]   --->   Operation 163 'store' 'store_ln30' <Predicate = true> <Delay = 0.00>
ST_13 : Operation 164 [1/1] (0.00ns)   --->   "%store_ln30 = store i16 %newret16, i16 %p_ZL19H_filter_FIR_dec_40_4" [FIR_HLS.cpp:30]   --->   Operation 164 'store' 'store_ln30' <Predicate = true> <Delay = 0.00>
ST_13 : Operation 165 [1/1] (0.00ns)   --->   "%y1_phase1_load = load i16 %y1_phase1" [FIR_HLS.cpp:32]   --->   Operation 165 'load' 'y1_phase1_load' <Predicate = true> <Delay = 0.00>
ST_13 : Operation 166 [1/1] (0.00ns)   --->   "%y1_phase2_load = load i16 %y1_phase2" [FIR_HLS.cpp:32]   --->   Operation 166 'load' 'y1_phase2_load' <Predicate = true> <Delay = 0.00>
ST_13 : Operation 167 [1/1] (0.00ns)   --->   "%y1_phase3_load = load i16 %y1_phase3" [FIR_HLS.cpp:32]   --->   Operation 167 'load' 'y1_phase3_load' <Predicate = true> <Delay = 0.00>
ST_13 : Operation 168 [1/1] (0.00ns) (grouped into TernaryAdder)   --->   "%add_ln32 = add i16 %y1_phase1_load, i16 %y1_phase2_load" [FIR_HLS.cpp:32]   --->   Operation 168 'add' 'add_ln32' <Predicate = true> <Delay = 0.00> <CoreInst = "TAddSub">   --->   Core 10 'TAddSub' <Latency = 0> <II = 1> <Delay = 0.34> <IPBlock> <Opcode : '' 'add' 'sub'> <InPorts = 3> <OutPorts = 1> <Sync> <CReg>
ST_13 : Operation 169 [1/1] (0.85ns) (out node of the LUT)   --->   "%add_ln32_1 = add i16 %y1_phase3_load, i16 %newret11" [FIR_HLS.cpp:32]   --->   Operation 169 'add' 'add_ln32_1' <Predicate = true> <Delay = 0.85> <CoreInst = "Adder">   --->   Core 1 'Adder' <Latency = 0> <II = 1> <Delay = 0.85> <FuncUnit> <Opcode : 'add' 'sub'> <InPorts = 2> <OutPorts = 1>
ST_13 : Operation 170 [1/1] (0.68ns) (root node of TernaryAdder)   --->   "%add_ln32_2 = add i16 %add_ln32_1, i16 %add_ln32" [FIR_HLS.cpp:32]   --->   Operation 170 'add' 'add_ln32_2' <Predicate = true> <Delay = 0.68> <CoreInst = "TAddSub">   --->   Core 10 'TAddSub' <Latency = 0> <II = 1> <Delay = 0.34> <IPBlock> <Opcode : '' 'add' 'sub'> <InPorts = 3> <OutPorts = 1> <Sync> <CReg>
ST_13 : Operation 171 [6/6] (1.71ns)   --->   "%ref_tmp4 = call i16 @FIR_filter, i16 %add_ln32_2, i16 %p_ZL19H_filter_FIR_kernel_115, i16 %p_ZL19H_filter_FIR_kernel_114, i16 %p_ZL19H_filter_FIR_kernel_113, i16 %p_ZL19H_filter_FIR_kernel_112, i16 %p_ZL19H_filter_FIR_kernel_111, i16 %p_ZL19H_filter_FIR_kernel_110, i16 %p_ZL19H_filter_FIR_kernel_109, i16 %p_ZL19H_filter_FIR_kernel_108, i16 %p_ZL19H_filter_FIR_kernel_107, i16 %p_ZL19H_filter_FIR_kernel_106, i16 %p_ZL19H_filter_FIR_kernel_105, i16 %p_ZL19H_filter_FIR_kernel_104, i16 %p_ZL19H_filter_FIR_kernel_103, i16 %p_ZL19H_filter_FIR_kernel_102, i16 %p_ZL19H_filter_FIR_kernel_101, i16 %p_ZL19H_filter_FIR_kernel_100, i16 %p_ZL19H_filter_FIR_kernel_99, i16 %p_ZL19H_filter_FIR_kernel_98, i16 %p_ZL19H_filter_FIR_kernel_97, i16 %p_ZL19H_filter_FIR_kernel_96, i16 %p_ZL19H_filter_FIR_kernel_95, i16 %p_ZL19H_filter_FIR_kernel_94, i16 %p_ZL19H_filter_FIR_kernel_93, i16 %p_ZL19H_filter_FIR_kernel_92, i16 %p_ZL19H_filter_FIR_kernel_91, i16 %p_ZL19H_filter_FIR_kernel_90, i16 %p_ZL19H_filter_FIR_kernel_89, i16 %p_ZL19H_filter_FIR_kernel_88, i16 %p_ZL19H_filter_FIR_kernel_87, i16 %p_ZL19H_filter_FIR_kernel_86, i16 %p_ZL19H_filter_FIR_kernel_85, i16 %p_ZL19H_filter_FIR_kernel_84, i16 %p_ZL19H_filter_FIR_kernel_83, i16 %p_ZL19H_filter_FIR_kernel_82, i16 %p_ZL19H_filter_FIR_kernel_81, i16 %p_ZL19H_filter_FIR_kernel_80, i16 %p_ZL19H_filter_FIR_kernel_79, i16 %p_ZL19H_filter_FIR_kernel_78, i16 %p_ZL19H_filter_FIR_kernel_77, i16 %p_ZL19H_filter_FIR_kernel_76, i16 %p_ZL19H_filter_FIR_kernel_75, i16 %p_ZL19H_filter_FIR_kernel_74, i16 %p_ZL19H_filter_FIR_kernel_73, i16 %p_ZL19H_filter_FIR_kernel_72, i16 %p_ZL19H_filter_FIR_kernel_71, i16 %p_ZL19H_filter_FIR_kernel_70, i16 %p_ZL19H_filter_FIR_kernel_69, i16 %p_ZL19H_filter_FIR_kernel_68, i16 %p_ZL19H_filter_FIR_kernel_67, i16 %p_ZL19H_filter_FIR_kernel_66, i16 %p_ZL19H_filter_FIR_kernel_65, i16 %p_ZL19H_filter_FIR_kernel_64, i16 %p_ZL19H_filter_FIR_kernel_63, i16 %p_ZL19H_filter_FIR_kernel_62, i16 %p_ZL19H_filter_FIR_kernel_61, i16 %p_ZL19H_filter_FIR_kernel_60, i16 %p_ZL19H_filter_FIR_kernel_59, i16 %p_ZL19H_filter_FIR_kernel_58, i16 %p_ZL19H_filter_FIR_kernel_57, i16 %p_ZL19H_filter_FIR_kernel_56, i16 %p_ZL19H_filter_FIR_kernel_55, i16 %p_ZL19H_filter_FIR_kernel_54, i16 %p_ZL19H_filter_FIR_kernel_53, i16 %p_ZL19H_filter_FIR_kernel_52, i16 %p_ZL19H_filter_FIR_kernel_51, i16 %p_ZL19H_filter_FIR_kernel_50, i16 %p_ZL19H_filter_FIR_kernel_49, i16 %p_ZL19H_filter_FIR_kernel_48, i16 %p_ZL19H_filter_FIR_kernel_47, i16 %p_ZL19H_filter_FIR_kernel_46, i16 %p_ZL19H_filter_FIR_kernel_45, i16 %p_ZL19H_filter_FIR_kernel_44, i16 %p_ZL19H_filter_FIR_kernel_43, i16 %p_ZL19H_filter_FIR_kernel_42, i16 %p_ZL19H_filter_FIR_kernel_41, i16 %p_ZL19H_filter_FIR_kernel_40, i16 %p_ZL19H_filter_FIR_kernel_39, i16 %p_ZL19H_filter_FIR_kernel_38, i16 %p_ZL19H_filter_FIR_kernel_37, i16 %p_ZL19H_filter_FIR_kernel_36, i16 %p_ZL19H_filter_FIR_kernel_35, i16 %p_ZL19H_filter_FIR_kernel_34, i16 %p_ZL19H_filter_FIR_kernel_33, i16 %p_ZL19H_filter_FIR_kernel_32, i16 %p_ZL19H_filter_FIR_kernel_31, i16 %p_ZL19H_filter_FIR_kernel_30, i16 %p_ZL19H_filter_FIR_kernel_29, i16 %p_ZL19H_filter_FIR_kernel_28, i16 %p_ZL19H_filter_FIR_kernel_27, i16 %p_ZL19H_filter_FIR_kernel_26, i16 %p_ZL19H_filter_FIR_kernel_25, i16 %p_ZL19H_filter_FIR_kernel_24, i16 %p_ZL19H_filter_FIR_kernel_23, i16 %p_ZL19H_filter_FIR_kernel_22, i16 %p_ZL19H_filter_FIR_kernel_21, i16 %p_ZL19H_filter_FIR_kernel_20, i16 %p_ZL19H_filter_FIR_kernel_19, i16 %p_ZL19H_filter_FIR_kernel_18, i16 %p_ZL19H_filter_FIR_kernel_17, i16 %p_ZL19H_filter_FIR_kernel_16, i16 %p_ZL19H_filter_FIR_kernel_15, i16 %p_ZL19H_filter_FIR_kernel_14, i16 %p_ZL19H_filter_FIR_kernel_13, i16 %p_ZL19H_filter_FIR_kernel_12, i16 %p_ZL19H_filter_FIR_kernel_11, i16 %p_ZL19H_filter_FIR_kernel_10, i16 %p_ZL19H_filter_FIR_kernel_9, i16 %p_ZL19H_filter_FIR_kernel_8, i16 %p_ZL19H_filter_FIR_kernel_7, i16 %p_ZL19H_filter_FIR_kernel_6, i16 %p_ZL19H_filter_FIR_kernel_5, i16 %p_ZL19H_filter_FIR_kernel_4, i16 %p_ZL19H_filter_FIR_kernel_3, i16 %p_ZL19H_filter_FIR_kernel_2, i16 %p_ZL19H_filter_FIR_kernel_1, i16 %p_ZL19H_filter_FIR_kernel_0" [FIR_HLS.cpp:34]   --->   Operation 171 'call' 'ref_tmp4' <Predicate = true> <Delay = 1.71> <CoreType = "Generic">   --->   Generic Core

State 14 <SV = 7> <Delay = 4.40>
ST_14 : Operation 172 [5/6] (4.40ns)   --->   "%ref_tmp4 = call i16 @FIR_filter, i16 %add_ln32_2, i16 %p_ZL19H_filter_FIR_kernel_115, i16 %p_ZL19H_filter_FIR_kernel_114, i16 %p_ZL19H_filter_FIR_kernel_113, i16 %p_ZL19H_filter_FIR_kernel_112, i16 %p_ZL19H_filter_FIR_kernel_111, i16 %p_ZL19H_filter_FIR_kernel_110, i16 %p_ZL19H_filter_FIR_kernel_109, i16 %p_ZL19H_filter_FIR_kernel_108, i16 %p_ZL19H_filter_FIR_kernel_107, i16 %p_ZL19H_filter_FIR_kernel_106, i16 %p_ZL19H_filter_FIR_kernel_105, i16 %p_ZL19H_filter_FIR_kernel_104, i16 %p_ZL19H_filter_FIR_kernel_103, i16 %p_ZL19H_filter_FIR_kernel_102, i16 %p_ZL19H_filter_FIR_kernel_101, i16 %p_ZL19H_filter_FIR_kernel_100, i16 %p_ZL19H_filter_FIR_kernel_99, i16 %p_ZL19H_filter_FIR_kernel_98, i16 %p_ZL19H_filter_FIR_kernel_97, i16 %p_ZL19H_filter_FIR_kernel_96, i16 %p_ZL19H_filter_FIR_kernel_95, i16 %p_ZL19H_filter_FIR_kernel_94, i16 %p_ZL19H_filter_FIR_kernel_93, i16 %p_ZL19H_filter_FIR_kernel_92, i16 %p_ZL19H_filter_FIR_kernel_91, i16 %p_ZL19H_filter_FIR_kernel_90, i16 %p_ZL19H_filter_FIR_kernel_89, i16 %p_ZL19H_filter_FIR_kernel_88, i16 %p_ZL19H_filter_FIR_kernel_87, i16 %p_ZL19H_filter_FIR_kernel_86, i16 %p_ZL19H_filter_FIR_kernel_85, i16 %p_ZL19H_filter_FIR_kernel_84, i16 %p_ZL19H_filter_FIR_kernel_83, i16 %p_ZL19H_filter_FIR_kernel_82, i16 %p_ZL19H_filter_FIR_kernel_81, i16 %p_ZL19H_filter_FIR_kernel_80, i16 %p_ZL19H_filter_FIR_kernel_79, i16 %p_ZL19H_filter_FIR_kernel_78, i16 %p_ZL19H_filter_FIR_kernel_77, i16 %p_ZL19H_filter_FIR_kernel_76, i16 %p_ZL19H_filter_FIR_kernel_75, i16 %p_ZL19H_filter_FIR_kernel_74, i16 %p_ZL19H_filter_FIR_kernel_73, i16 %p_ZL19H_filter_FIR_kernel_72, i16 %p_ZL19H_filter_FIR_kernel_71, i16 %p_ZL19H_filter_FIR_kernel_70, i16 %p_ZL19H_filter_FIR_kernel_69, i16 %p_ZL19H_filter_FIR_kernel_68, i16 %p_ZL19H_filter_FIR_kernel_67, i16 %p_ZL19H_filter_FIR_kernel_66, i16 %p_ZL19H_filter_FIR_kernel_65, i16 %p_ZL19H_filter_FIR_kernel_64, i16 %p_ZL19H_filter_FIR_kernel_63, i16 %p_ZL19H_filter_FIR_kernel_62, i16 %p_ZL19H_filter_FIR_kernel_61, i16 %p_ZL19H_filter_FIR_kernel_60, i16 %p_ZL19H_filter_FIR_kernel_59, i16 %p_ZL19H_filter_FIR_kernel_58, i16 %p_ZL19H_filter_FIR_kernel_57, i16 %p_ZL19H_filter_FIR_kernel_56, i16 %p_ZL19H_filter_FIR_kernel_55, i16 %p_ZL19H_filter_FIR_kernel_54, i16 %p_ZL19H_filter_FIR_kernel_53, i16 %p_ZL19H_filter_FIR_kernel_52, i16 %p_ZL19H_filter_FIR_kernel_51, i16 %p_ZL19H_filter_FIR_kernel_50, i16 %p_ZL19H_filter_FIR_kernel_49, i16 %p_ZL19H_filter_FIR_kernel_48, i16 %p_ZL19H_filter_FIR_kernel_47, i16 %p_ZL19H_filter_FIR_kernel_46, i16 %p_ZL19H_filter_FIR_kernel_45, i16 %p_ZL19H_filter_FIR_kernel_44, i16 %p_ZL19H_filter_FIR_kernel_43, i16 %p_ZL19H_filter_FIR_kernel_42, i16 %p_ZL19H_filter_FIR_kernel_41, i16 %p_ZL19H_filter_FIR_kernel_40, i16 %p_ZL19H_filter_FIR_kernel_39, i16 %p_ZL19H_filter_FIR_kernel_38, i16 %p_ZL19H_filter_FIR_kernel_37, i16 %p_ZL19H_filter_FIR_kernel_36, i16 %p_ZL19H_filter_FIR_kernel_35, i16 %p_ZL19H_filter_FIR_kernel_34, i16 %p_ZL19H_filter_FIR_kernel_33, i16 %p_ZL19H_filter_FIR_kernel_32, i16 %p_ZL19H_filter_FIR_kernel_31, i16 %p_ZL19H_filter_FIR_kernel_30, i16 %p_ZL19H_filter_FIR_kernel_29, i16 %p_ZL19H_filter_FIR_kernel_28, i16 %p_ZL19H_filter_FIR_kernel_27, i16 %p_ZL19H_filter_FIR_kernel_26, i16 %p_ZL19H_filter_FIR_kernel_25, i16 %p_ZL19H_filter_FIR_kernel_24, i16 %p_ZL19H_filter_FIR_kernel_23, i16 %p_ZL19H_filter_FIR_kernel_22, i16 %p_ZL19H_filter_FIR_kernel_21, i16 %p_ZL19H_filter_FIR_kernel_20, i16 %p_ZL19H_filter_FIR_kernel_19, i16 %p_ZL19H_filter_FIR_kernel_18, i16 %p_ZL19H_filter_FIR_kernel_17, i16 %p_ZL19H_filter_FIR_kernel_16, i16 %p_ZL19H_filter_FIR_kernel_15, i16 %p_ZL19H_filter_FIR_kernel_14, i16 %p_ZL19H_filter_FIR_kernel_13, i16 %p_ZL19H_filter_FIR_kernel_12, i16 %p_ZL19H_filter_FIR_kernel_11, i16 %p_ZL19H_filter_FIR_kernel_10, i16 %p_ZL19H_filter_FIR_kernel_9, i16 %p_ZL19H_filter_FIR_kernel_8, i16 %p_ZL19H_filter_FIR_kernel_7, i16 %p_ZL19H_filter_FIR_kernel_6, i16 %p_ZL19H_filter_FIR_kernel_5, i16 %p_ZL19H_filter_FIR_kernel_4, i16 %p_ZL19H_filter_FIR_kernel_3, i16 %p_ZL19H_filter_FIR_kernel_2, i16 %p_ZL19H_filter_FIR_kernel_1, i16 %p_ZL19H_filter_FIR_kernel_0" [FIR_HLS.cpp:34]   --->   Operation 172 'call' 'ref_tmp4' <Predicate = true> <Delay = 4.40> <CoreType = "Generic">   --->   Generic Core

State 15 <SV = 8> <Delay = 4.40>
ST_15 : Operation 173 [4/6] (4.40ns)   --->   "%ref_tmp4 = call i16 @FIR_filter, i16 %add_ln32_2, i16 %p_ZL19H_filter_FIR_kernel_115, i16 %p_ZL19H_filter_FIR_kernel_114, i16 %p_ZL19H_filter_FIR_kernel_113, i16 %p_ZL19H_filter_FIR_kernel_112, i16 %p_ZL19H_filter_FIR_kernel_111, i16 %p_ZL19H_filter_FIR_kernel_110, i16 %p_ZL19H_filter_FIR_kernel_109, i16 %p_ZL19H_filter_FIR_kernel_108, i16 %p_ZL19H_filter_FIR_kernel_107, i16 %p_ZL19H_filter_FIR_kernel_106, i16 %p_ZL19H_filter_FIR_kernel_105, i16 %p_ZL19H_filter_FIR_kernel_104, i16 %p_ZL19H_filter_FIR_kernel_103, i16 %p_ZL19H_filter_FIR_kernel_102, i16 %p_ZL19H_filter_FIR_kernel_101, i16 %p_ZL19H_filter_FIR_kernel_100, i16 %p_ZL19H_filter_FIR_kernel_99, i16 %p_ZL19H_filter_FIR_kernel_98, i16 %p_ZL19H_filter_FIR_kernel_97, i16 %p_ZL19H_filter_FIR_kernel_96, i16 %p_ZL19H_filter_FIR_kernel_95, i16 %p_ZL19H_filter_FIR_kernel_94, i16 %p_ZL19H_filter_FIR_kernel_93, i16 %p_ZL19H_filter_FIR_kernel_92, i16 %p_ZL19H_filter_FIR_kernel_91, i16 %p_ZL19H_filter_FIR_kernel_90, i16 %p_ZL19H_filter_FIR_kernel_89, i16 %p_ZL19H_filter_FIR_kernel_88, i16 %p_ZL19H_filter_FIR_kernel_87, i16 %p_ZL19H_filter_FIR_kernel_86, i16 %p_ZL19H_filter_FIR_kernel_85, i16 %p_ZL19H_filter_FIR_kernel_84, i16 %p_ZL19H_filter_FIR_kernel_83, i16 %p_ZL19H_filter_FIR_kernel_82, i16 %p_ZL19H_filter_FIR_kernel_81, i16 %p_ZL19H_filter_FIR_kernel_80, i16 %p_ZL19H_filter_FIR_kernel_79, i16 %p_ZL19H_filter_FIR_kernel_78, i16 %p_ZL19H_filter_FIR_kernel_77, i16 %p_ZL19H_filter_FIR_kernel_76, i16 %p_ZL19H_filter_FIR_kernel_75, i16 %p_ZL19H_filter_FIR_kernel_74, i16 %p_ZL19H_filter_FIR_kernel_73, i16 %p_ZL19H_filter_FIR_kernel_72, i16 %p_ZL19H_filter_FIR_kernel_71, i16 %p_ZL19H_filter_FIR_kernel_70, i16 %p_ZL19H_filter_FIR_kernel_69, i16 %p_ZL19H_filter_FIR_kernel_68, i16 %p_ZL19H_filter_FIR_kernel_67, i16 %p_ZL19H_filter_FIR_kernel_66, i16 %p_ZL19H_filter_FIR_kernel_65, i16 %p_ZL19H_filter_FIR_kernel_64, i16 %p_ZL19H_filter_FIR_kernel_63, i16 %p_ZL19H_filter_FIR_kernel_62, i16 %p_ZL19H_filter_FIR_kernel_61, i16 %p_ZL19H_filter_FIR_kernel_60, i16 %p_ZL19H_filter_FIR_kernel_59, i16 %p_ZL19H_filter_FIR_kernel_58, i16 %p_ZL19H_filter_FIR_kernel_57, i16 %p_ZL19H_filter_FIR_kernel_56, i16 %p_ZL19H_filter_FIR_kernel_55, i16 %p_ZL19H_filter_FIR_kernel_54, i16 %p_ZL19H_filter_FIR_kernel_53, i16 %p_ZL19H_filter_FIR_kernel_52, i16 %p_ZL19H_filter_FIR_kernel_51, i16 %p_ZL19H_filter_FIR_kernel_50, i16 %p_ZL19H_filter_FIR_kernel_49, i16 %p_ZL19H_filter_FIR_kernel_48, i16 %p_ZL19H_filter_FIR_kernel_47, i16 %p_ZL19H_filter_FIR_kernel_46, i16 %p_ZL19H_filter_FIR_kernel_45, i16 %p_ZL19H_filter_FIR_kernel_44, i16 %p_ZL19H_filter_FIR_kernel_43, i16 %p_ZL19H_filter_FIR_kernel_42, i16 %p_ZL19H_filter_FIR_kernel_41, i16 %p_ZL19H_filter_FIR_kernel_40, i16 %p_ZL19H_filter_FIR_kernel_39, i16 %p_ZL19H_filter_FIR_kernel_38, i16 %p_ZL19H_filter_FIR_kernel_37, i16 %p_ZL19H_filter_FIR_kernel_36, i16 %p_ZL19H_filter_FIR_kernel_35, i16 %p_ZL19H_filter_FIR_kernel_34, i16 %p_ZL19H_filter_FIR_kernel_33, i16 %p_ZL19H_filter_FIR_kernel_32, i16 %p_ZL19H_filter_FIR_kernel_31, i16 %p_ZL19H_filter_FIR_kernel_30, i16 %p_ZL19H_filter_FIR_kernel_29, i16 %p_ZL19H_filter_FIR_kernel_28, i16 %p_ZL19H_filter_FIR_kernel_27, i16 %p_ZL19H_filter_FIR_kernel_26, i16 %p_ZL19H_filter_FIR_kernel_25, i16 %p_ZL19H_filter_FIR_kernel_24, i16 %p_ZL19H_filter_FIR_kernel_23, i16 %p_ZL19H_filter_FIR_kernel_22, i16 %p_ZL19H_filter_FIR_kernel_21, i16 %p_ZL19H_filter_FIR_kernel_20, i16 %p_ZL19H_filter_FIR_kernel_19, i16 %p_ZL19H_filter_FIR_kernel_18, i16 %p_ZL19H_filter_FIR_kernel_17, i16 %p_ZL19H_filter_FIR_kernel_16, i16 %p_ZL19H_filter_FIR_kernel_15, i16 %p_ZL19H_filter_FIR_kernel_14, i16 %p_ZL19H_filter_FIR_kernel_13, i16 %p_ZL19H_filter_FIR_kernel_12, i16 %p_ZL19H_filter_FIR_kernel_11, i16 %p_ZL19H_filter_FIR_kernel_10, i16 %p_ZL19H_filter_FIR_kernel_9, i16 %p_ZL19H_filter_FIR_kernel_8, i16 %p_ZL19H_filter_FIR_kernel_7, i16 %p_ZL19H_filter_FIR_kernel_6, i16 %p_ZL19H_filter_FIR_kernel_5, i16 %p_ZL19H_filter_FIR_kernel_4, i16 %p_ZL19H_filter_FIR_kernel_3, i16 %p_ZL19H_filter_FIR_kernel_2, i16 %p_ZL19H_filter_FIR_kernel_1, i16 %p_ZL19H_filter_FIR_kernel_0" [FIR_HLS.cpp:34]   --->   Operation 173 'call' 'ref_tmp4' <Predicate = true> <Delay = 4.40> <CoreType = "Generic">   --->   Generic Core

State 16 <SV = 9> <Delay = 4.40>
ST_16 : Operation 174 [3/6] (4.40ns)   --->   "%ref_tmp4 = call i16 @FIR_filter, i16 %add_ln32_2, i16 %p_ZL19H_filter_FIR_kernel_115, i16 %p_ZL19H_filter_FIR_kernel_114, i16 %p_ZL19H_filter_FIR_kernel_113, i16 %p_ZL19H_filter_FIR_kernel_112, i16 %p_ZL19H_filter_FIR_kernel_111, i16 %p_ZL19H_filter_FIR_kernel_110, i16 %p_ZL19H_filter_FIR_kernel_109, i16 %p_ZL19H_filter_FIR_kernel_108, i16 %p_ZL19H_filter_FIR_kernel_107, i16 %p_ZL19H_filter_FIR_kernel_106, i16 %p_ZL19H_filter_FIR_kernel_105, i16 %p_ZL19H_filter_FIR_kernel_104, i16 %p_ZL19H_filter_FIR_kernel_103, i16 %p_ZL19H_filter_FIR_kernel_102, i16 %p_ZL19H_filter_FIR_kernel_101, i16 %p_ZL19H_filter_FIR_kernel_100, i16 %p_ZL19H_filter_FIR_kernel_99, i16 %p_ZL19H_filter_FIR_kernel_98, i16 %p_ZL19H_filter_FIR_kernel_97, i16 %p_ZL19H_filter_FIR_kernel_96, i16 %p_ZL19H_filter_FIR_kernel_95, i16 %p_ZL19H_filter_FIR_kernel_94, i16 %p_ZL19H_filter_FIR_kernel_93, i16 %p_ZL19H_filter_FIR_kernel_92, i16 %p_ZL19H_filter_FIR_kernel_91, i16 %p_ZL19H_filter_FIR_kernel_90, i16 %p_ZL19H_filter_FIR_kernel_89, i16 %p_ZL19H_filter_FIR_kernel_88, i16 %p_ZL19H_filter_FIR_kernel_87, i16 %p_ZL19H_filter_FIR_kernel_86, i16 %p_ZL19H_filter_FIR_kernel_85, i16 %p_ZL19H_filter_FIR_kernel_84, i16 %p_ZL19H_filter_FIR_kernel_83, i16 %p_ZL19H_filter_FIR_kernel_82, i16 %p_ZL19H_filter_FIR_kernel_81, i16 %p_ZL19H_filter_FIR_kernel_80, i16 %p_ZL19H_filter_FIR_kernel_79, i16 %p_ZL19H_filter_FIR_kernel_78, i16 %p_ZL19H_filter_FIR_kernel_77, i16 %p_ZL19H_filter_FIR_kernel_76, i16 %p_ZL19H_filter_FIR_kernel_75, i16 %p_ZL19H_filter_FIR_kernel_74, i16 %p_ZL19H_filter_FIR_kernel_73, i16 %p_ZL19H_filter_FIR_kernel_72, i16 %p_ZL19H_filter_FIR_kernel_71, i16 %p_ZL19H_filter_FIR_kernel_70, i16 %p_ZL19H_filter_FIR_kernel_69, i16 %p_ZL19H_filter_FIR_kernel_68, i16 %p_ZL19H_filter_FIR_kernel_67, i16 %p_ZL19H_filter_FIR_kernel_66, i16 %p_ZL19H_filter_FIR_kernel_65, i16 %p_ZL19H_filter_FIR_kernel_64, i16 %p_ZL19H_filter_FIR_kernel_63, i16 %p_ZL19H_filter_FIR_kernel_62, i16 %p_ZL19H_filter_FIR_kernel_61, i16 %p_ZL19H_filter_FIR_kernel_60, i16 %p_ZL19H_filter_FIR_kernel_59, i16 %p_ZL19H_filter_FIR_kernel_58, i16 %p_ZL19H_filter_FIR_kernel_57, i16 %p_ZL19H_filter_FIR_kernel_56, i16 %p_ZL19H_filter_FIR_kernel_55, i16 %p_ZL19H_filter_FIR_kernel_54, i16 %p_ZL19H_filter_FIR_kernel_53, i16 %p_ZL19H_filter_FIR_kernel_52, i16 %p_ZL19H_filter_FIR_kernel_51, i16 %p_ZL19H_filter_FIR_kernel_50, i16 %p_ZL19H_filter_FIR_kernel_49, i16 %p_ZL19H_filter_FIR_kernel_48, i16 %p_ZL19H_filter_FIR_kernel_47, i16 %p_ZL19H_filter_FIR_kernel_46, i16 %p_ZL19H_filter_FIR_kernel_45, i16 %p_ZL19H_filter_FIR_kernel_44, i16 %p_ZL19H_filter_FIR_kernel_43, i16 %p_ZL19H_filter_FIR_kernel_42, i16 %p_ZL19H_filter_FIR_kernel_41, i16 %p_ZL19H_filter_FIR_kernel_40, i16 %p_ZL19H_filter_FIR_kernel_39, i16 %p_ZL19H_filter_FIR_kernel_38, i16 %p_ZL19H_filter_FIR_kernel_37, i16 %p_ZL19H_filter_FIR_kernel_36, i16 %p_ZL19H_filter_FIR_kernel_35, i16 %p_ZL19H_filter_FIR_kernel_34, i16 %p_ZL19H_filter_FIR_kernel_33, i16 %p_ZL19H_filter_FIR_kernel_32, i16 %p_ZL19H_filter_FIR_kernel_31, i16 %p_ZL19H_filter_FIR_kernel_30, i16 %p_ZL19H_filter_FIR_kernel_29, i16 %p_ZL19H_filter_FIR_kernel_28, i16 %p_ZL19H_filter_FIR_kernel_27, i16 %p_ZL19H_filter_FIR_kernel_26, i16 %p_ZL19H_filter_FIR_kernel_25, i16 %p_ZL19H_filter_FIR_kernel_24, i16 %p_ZL19H_filter_FIR_kernel_23, i16 %p_ZL19H_filter_FIR_kernel_22, i16 %p_ZL19H_filter_FIR_kernel_21, i16 %p_ZL19H_filter_FIR_kernel_20, i16 %p_ZL19H_filter_FIR_kernel_19, i16 %p_ZL19H_filter_FIR_kernel_18, i16 %p_ZL19H_filter_FIR_kernel_17, i16 %p_ZL19H_filter_FIR_kernel_16, i16 %p_ZL19H_filter_FIR_kernel_15, i16 %p_ZL19H_filter_FIR_kernel_14, i16 %p_ZL19H_filter_FIR_kernel_13, i16 %p_ZL19H_filter_FIR_kernel_12, i16 %p_ZL19H_filter_FIR_kernel_11, i16 %p_ZL19H_filter_FIR_kernel_10, i16 %p_ZL19H_filter_FIR_kernel_9, i16 %p_ZL19H_filter_FIR_kernel_8, i16 %p_ZL19H_filter_FIR_kernel_7, i16 %p_ZL19H_filter_FIR_kernel_6, i16 %p_ZL19H_filter_FIR_kernel_5, i16 %p_ZL19H_filter_FIR_kernel_4, i16 %p_ZL19H_filter_FIR_kernel_3, i16 %p_ZL19H_filter_FIR_kernel_2, i16 %p_ZL19H_filter_FIR_kernel_1, i16 %p_ZL19H_filter_FIR_kernel_0" [FIR_HLS.cpp:34]   --->   Operation 174 'call' 'ref_tmp4' <Predicate = true> <Delay = 4.40> <CoreType = "Generic">   --->   Generic Core

State 17 <SV = 10> <Delay = 4.40>
ST_17 : Operation 175 [2/6] (4.40ns)   --->   "%ref_tmp4 = call i16 @FIR_filter, i16 %add_ln32_2, i16 %p_ZL19H_filter_FIR_kernel_115, i16 %p_ZL19H_filter_FIR_kernel_114, i16 %p_ZL19H_filter_FIR_kernel_113, i16 %p_ZL19H_filter_FIR_kernel_112, i16 %p_ZL19H_filter_FIR_kernel_111, i16 %p_ZL19H_filter_FIR_kernel_110, i16 %p_ZL19H_filter_FIR_kernel_109, i16 %p_ZL19H_filter_FIR_kernel_108, i16 %p_ZL19H_filter_FIR_kernel_107, i16 %p_ZL19H_filter_FIR_kernel_106, i16 %p_ZL19H_filter_FIR_kernel_105, i16 %p_ZL19H_filter_FIR_kernel_104, i16 %p_ZL19H_filter_FIR_kernel_103, i16 %p_ZL19H_filter_FIR_kernel_102, i16 %p_ZL19H_filter_FIR_kernel_101, i16 %p_ZL19H_filter_FIR_kernel_100, i16 %p_ZL19H_filter_FIR_kernel_99, i16 %p_ZL19H_filter_FIR_kernel_98, i16 %p_ZL19H_filter_FIR_kernel_97, i16 %p_ZL19H_filter_FIR_kernel_96, i16 %p_ZL19H_filter_FIR_kernel_95, i16 %p_ZL19H_filter_FIR_kernel_94, i16 %p_ZL19H_filter_FIR_kernel_93, i16 %p_ZL19H_filter_FIR_kernel_92, i16 %p_ZL19H_filter_FIR_kernel_91, i16 %p_ZL19H_filter_FIR_kernel_90, i16 %p_ZL19H_filter_FIR_kernel_89, i16 %p_ZL19H_filter_FIR_kernel_88, i16 %p_ZL19H_filter_FIR_kernel_87, i16 %p_ZL19H_filter_FIR_kernel_86, i16 %p_ZL19H_filter_FIR_kernel_85, i16 %p_ZL19H_filter_FIR_kernel_84, i16 %p_ZL19H_filter_FIR_kernel_83, i16 %p_ZL19H_filter_FIR_kernel_82, i16 %p_ZL19H_filter_FIR_kernel_81, i16 %p_ZL19H_filter_FIR_kernel_80, i16 %p_ZL19H_filter_FIR_kernel_79, i16 %p_ZL19H_filter_FIR_kernel_78, i16 %p_ZL19H_filter_FIR_kernel_77, i16 %p_ZL19H_filter_FIR_kernel_76, i16 %p_ZL19H_filter_FIR_kernel_75, i16 %p_ZL19H_filter_FIR_kernel_74, i16 %p_ZL19H_filter_FIR_kernel_73, i16 %p_ZL19H_filter_FIR_kernel_72, i16 %p_ZL19H_filter_FIR_kernel_71, i16 %p_ZL19H_filter_FIR_kernel_70, i16 %p_ZL19H_filter_FIR_kernel_69, i16 %p_ZL19H_filter_FIR_kernel_68, i16 %p_ZL19H_filter_FIR_kernel_67, i16 %p_ZL19H_filter_FIR_kernel_66, i16 %p_ZL19H_filter_FIR_kernel_65, i16 %p_ZL19H_filter_FIR_kernel_64, i16 %p_ZL19H_filter_FIR_kernel_63, i16 %p_ZL19H_filter_FIR_kernel_62, i16 %p_ZL19H_filter_FIR_kernel_61, i16 %p_ZL19H_filter_FIR_kernel_60, i16 %p_ZL19H_filter_FIR_kernel_59, i16 %p_ZL19H_filter_FIR_kernel_58, i16 %p_ZL19H_filter_FIR_kernel_57, i16 %p_ZL19H_filter_FIR_kernel_56, i16 %p_ZL19H_filter_FIR_kernel_55, i16 %p_ZL19H_filter_FIR_kernel_54, i16 %p_ZL19H_filter_FIR_kernel_53, i16 %p_ZL19H_filter_FIR_kernel_52, i16 %p_ZL19H_filter_FIR_kernel_51, i16 %p_ZL19H_filter_FIR_kernel_50, i16 %p_ZL19H_filter_FIR_kernel_49, i16 %p_ZL19H_filter_FIR_kernel_48, i16 %p_ZL19H_filter_FIR_kernel_47, i16 %p_ZL19H_filter_FIR_kernel_46, i16 %p_ZL19H_filter_FIR_kernel_45, i16 %p_ZL19H_filter_FIR_kernel_44, i16 %p_ZL19H_filter_FIR_kernel_43, i16 %p_ZL19H_filter_FIR_kernel_42, i16 %p_ZL19H_filter_FIR_kernel_41, i16 %p_ZL19H_filter_FIR_kernel_40, i16 %p_ZL19H_filter_FIR_kernel_39, i16 %p_ZL19H_filter_FIR_kernel_38, i16 %p_ZL19H_filter_FIR_kernel_37, i16 %p_ZL19H_filter_FIR_kernel_36, i16 %p_ZL19H_filter_FIR_kernel_35, i16 %p_ZL19H_filter_FIR_kernel_34, i16 %p_ZL19H_filter_FIR_kernel_33, i16 %p_ZL19H_filter_FIR_kernel_32, i16 %p_ZL19H_filter_FIR_kernel_31, i16 %p_ZL19H_filter_FIR_kernel_30, i16 %p_ZL19H_filter_FIR_kernel_29, i16 %p_ZL19H_filter_FIR_kernel_28, i16 %p_ZL19H_filter_FIR_kernel_27, i16 %p_ZL19H_filter_FIR_kernel_26, i16 %p_ZL19H_filter_FIR_kernel_25, i16 %p_ZL19H_filter_FIR_kernel_24, i16 %p_ZL19H_filter_FIR_kernel_23, i16 %p_ZL19H_filter_FIR_kernel_22, i16 %p_ZL19H_filter_FIR_kernel_21, i16 %p_ZL19H_filter_FIR_kernel_20, i16 %p_ZL19H_filter_FIR_kernel_19, i16 %p_ZL19H_filter_FIR_kernel_18, i16 %p_ZL19H_filter_FIR_kernel_17, i16 %p_ZL19H_filter_FIR_kernel_16, i16 %p_ZL19H_filter_FIR_kernel_15, i16 %p_ZL19H_filter_FIR_kernel_14, i16 %p_ZL19H_filter_FIR_kernel_13, i16 %p_ZL19H_filter_FIR_kernel_12, i16 %p_ZL19H_filter_FIR_kernel_11, i16 %p_ZL19H_filter_FIR_kernel_10, i16 %p_ZL19H_filter_FIR_kernel_9, i16 %p_ZL19H_filter_FIR_kernel_8, i16 %p_ZL19H_filter_FIR_kernel_7, i16 %p_ZL19H_filter_FIR_kernel_6, i16 %p_ZL19H_filter_FIR_kernel_5, i16 %p_ZL19H_filter_FIR_kernel_4, i16 %p_ZL19H_filter_FIR_kernel_3, i16 %p_ZL19H_filter_FIR_kernel_2, i16 %p_ZL19H_filter_FIR_kernel_1, i16 %p_ZL19H_filter_FIR_kernel_0" [FIR_HLS.cpp:34]   --->   Operation 175 'call' 'ref_tmp4' <Predicate = true> <Delay = 4.40> <CoreType = "Generic">   --->   Generic Core

State 18 <SV = 11> <Delay = 4.28>
ST_18 : Operation 176 [1/6] (4.28ns)   --->   "%ref_tmp4 = call i16 @FIR_filter, i16 %add_ln32_2, i16 %p_ZL19H_filter_FIR_kernel_115, i16 %p_ZL19H_filter_FIR_kernel_114, i16 %p_ZL19H_filter_FIR_kernel_113, i16 %p_ZL19H_filter_FIR_kernel_112, i16 %p_ZL19H_filter_FIR_kernel_111, i16 %p_ZL19H_filter_FIR_kernel_110, i16 %p_ZL19H_filter_FIR_kernel_109, i16 %p_ZL19H_filter_FIR_kernel_108, i16 %p_ZL19H_filter_FIR_kernel_107, i16 %p_ZL19H_filter_FIR_kernel_106, i16 %p_ZL19H_filter_FIR_kernel_105, i16 %p_ZL19H_filter_FIR_kernel_104, i16 %p_ZL19H_filter_FIR_kernel_103, i16 %p_ZL19H_filter_FIR_kernel_102, i16 %p_ZL19H_filter_FIR_kernel_101, i16 %p_ZL19H_filter_FIR_kernel_100, i16 %p_ZL19H_filter_FIR_kernel_99, i16 %p_ZL19H_filter_FIR_kernel_98, i16 %p_ZL19H_filter_FIR_kernel_97, i16 %p_ZL19H_filter_FIR_kernel_96, i16 %p_ZL19H_filter_FIR_kernel_95, i16 %p_ZL19H_filter_FIR_kernel_94, i16 %p_ZL19H_filter_FIR_kernel_93, i16 %p_ZL19H_filter_FIR_kernel_92, i16 %p_ZL19H_filter_FIR_kernel_91, i16 %p_ZL19H_filter_FIR_kernel_90, i16 %p_ZL19H_filter_FIR_kernel_89, i16 %p_ZL19H_filter_FIR_kernel_88, i16 %p_ZL19H_filter_FIR_kernel_87, i16 %p_ZL19H_filter_FIR_kernel_86, i16 %p_ZL19H_filter_FIR_kernel_85, i16 %p_ZL19H_filter_FIR_kernel_84, i16 %p_ZL19H_filter_FIR_kernel_83, i16 %p_ZL19H_filter_FIR_kernel_82, i16 %p_ZL19H_filter_FIR_kernel_81, i16 %p_ZL19H_filter_FIR_kernel_80, i16 %p_ZL19H_filter_FIR_kernel_79, i16 %p_ZL19H_filter_FIR_kernel_78, i16 %p_ZL19H_filter_FIR_kernel_77, i16 %p_ZL19H_filter_FIR_kernel_76, i16 %p_ZL19H_filter_FIR_kernel_75, i16 %p_ZL19H_filter_FIR_kernel_74, i16 %p_ZL19H_filter_FIR_kernel_73, i16 %p_ZL19H_filter_FIR_kernel_72, i16 %p_ZL19H_filter_FIR_kernel_71, i16 %p_ZL19H_filter_FIR_kernel_70, i16 %p_ZL19H_filter_FIR_kernel_69, i16 %p_ZL19H_filter_FIR_kernel_68, i16 %p_ZL19H_filter_FIR_kernel_67, i16 %p_ZL19H_filter_FIR_kernel_66, i16 %p_ZL19H_filter_FIR_kernel_65, i16 %p_ZL19H_filter_FIR_kernel_64, i16 %p_ZL19H_filter_FIR_kernel_63, i16 %p_ZL19H_filter_FIR_kernel_62, i16 %p_ZL19H_filter_FIR_kernel_61, i16 %p_ZL19H_filter_FIR_kernel_60, i16 %p_ZL19H_filter_FIR_kernel_59, i16 %p_ZL19H_filter_FIR_kernel_58, i16 %p_ZL19H_filter_FIR_kernel_57, i16 %p_ZL19H_filter_FIR_kernel_56, i16 %p_ZL19H_filter_FIR_kernel_55, i16 %p_ZL19H_filter_FIR_kernel_54, i16 %p_ZL19H_filter_FIR_kernel_53, i16 %p_ZL19H_filter_FIR_kernel_52, i16 %p_ZL19H_filter_FIR_kernel_51, i16 %p_ZL19H_filter_FIR_kernel_50, i16 %p_ZL19H_filter_FIR_kernel_49, i16 %p_ZL19H_filter_FIR_kernel_48, i16 %p_ZL19H_filter_FIR_kernel_47, i16 %p_ZL19H_filter_FIR_kernel_46, i16 %p_ZL19H_filter_FIR_kernel_45, i16 %p_ZL19H_filter_FIR_kernel_44, i16 %p_ZL19H_filter_FIR_kernel_43, i16 %p_ZL19H_filter_FIR_kernel_42, i16 %p_ZL19H_filter_FIR_kernel_41, i16 %p_ZL19H_filter_FIR_kernel_40, i16 %p_ZL19H_filter_FIR_kernel_39, i16 %p_ZL19H_filter_FIR_kernel_38, i16 %p_ZL19H_filter_FIR_kernel_37, i16 %p_ZL19H_filter_FIR_kernel_36, i16 %p_ZL19H_filter_FIR_kernel_35, i16 %p_ZL19H_filter_FIR_kernel_34, i16 %p_ZL19H_filter_FIR_kernel_33, i16 %p_ZL19H_filter_FIR_kernel_32, i16 %p_ZL19H_filter_FIR_kernel_31, i16 %p_ZL19H_filter_FIR_kernel_30, i16 %p_ZL19H_filter_FIR_kernel_29, i16 %p_ZL19H_filter_FIR_kernel_28, i16 %p_ZL19H_filter_FIR_kernel_27, i16 %p_ZL19H_filter_FIR_kernel_26, i16 %p_ZL19H_filter_FIR_kernel_25, i16 %p_ZL19H_filter_FIR_kernel_24, i16 %p_ZL19H_filter_FIR_kernel_23, i16 %p_ZL19H_filter_FIR_kernel_22, i16 %p_ZL19H_filter_FIR_kernel_21, i16 %p_ZL19H_filter_FIR_kernel_20, i16 %p_ZL19H_filter_FIR_kernel_19, i16 %p_ZL19H_filter_FIR_kernel_18, i16 %p_ZL19H_filter_FIR_kernel_17, i16 %p_ZL19H_filter_FIR_kernel_16, i16 %p_ZL19H_filter_FIR_kernel_15, i16 %p_ZL19H_filter_FIR_kernel_14, i16 %p_ZL19H_filter_FIR_kernel_13, i16 %p_ZL19H_filter_FIR_kernel_12, i16 %p_ZL19H_filter_FIR_kernel_11, i16 %p_ZL19H_filter_FIR_kernel_10, i16 %p_ZL19H_filter_FIR_kernel_9, i16 %p_ZL19H_filter_FIR_kernel_8, i16 %p_ZL19H_filter_FIR_kernel_7, i16 %p_ZL19H_filter_FIR_kernel_6, i16 %p_ZL19H_filter_FIR_kernel_5, i16 %p_ZL19H_filter_FIR_kernel_4, i16 %p_ZL19H_filter_FIR_kernel_3, i16 %p_ZL19H_filter_FIR_kernel_2, i16 %p_ZL19H_filter_FIR_kernel_1, i16 %p_ZL19H_filter_FIR_kernel_0" [FIR_HLS.cpp:34]   --->   Operation 176 'call' 'ref_tmp4' <Predicate = true> <Delay = 4.28> <CoreType = "Generic">   --->   Generic Core
ST_18 : Operation 177 [1/1] (0.00ns)   --->   "%store_ln34 = store i16 %ref_tmp4, i16 %y2" [FIR_HLS.cpp:34]   --->   Operation 177 'store' 'store_ln34' <Predicate = true> <Delay = 0.00>

State 19 <SV = 12> <Delay = 3.39>
ST_19 : Operation 178 [1/1] (0.00ns)   --->   "%p_ZL19H_filter_FIR_int_40_0_load = load i16 %p_ZL19H_filter_FIR_int_40_0" [FIR_HLS.cpp:35]   --->   Operation 178 'load' 'p_ZL19H_filter_FIR_int_40_0_load' <Predicate = true> <Delay = 0.00>
ST_19 : Operation 179 [1/1] (0.00ns)   --->   "%p_ZL19H_filter_FIR_int_40_1_load = load i16 %p_ZL19H_filter_FIR_int_40_1" [FIR_HLS.cpp:35]   --->   Operation 179 'load' 'p_ZL19H_filter_FIR_int_40_1_load' <Predicate = true> <Delay = 0.00>
ST_19 : Operation 180 [1/1] (0.00ns)   --->   "%p_ZL19H_filter_FIR_int_40_2_load = load i16 %p_ZL19H_filter_FIR_int_40_2" [FIR_HLS.cpp:35]   --->   Operation 180 'load' 'p_ZL19H_filter_FIR_int_40_2_load' <Predicate = true> <Delay = 0.00>
ST_19 : Operation 181 [1/1] (0.00ns)   --->   "%p_ZL19H_filter_FIR_int_40_3_load = load i16 %p_ZL19H_filter_FIR_int_40_3" [FIR_HLS.cpp:35]   --->   Operation 181 'load' 'p_ZL19H_filter_FIR_int_40_3_load' <Predicate = true> <Delay = 0.00>
ST_19 : Operation 182 [1/1] (0.00ns)   --->   "%p_ZL19H_filter_FIR_int_40_4_load = load i16 %p_ZL19H_filter_FIR_int_40_4" [FIR_HLS.cpp:35]   --->   Operation 182 'load' 'p_ZL19H_filter_FIR_int_40_4_load' <Predicate = true> <Delay = 0.00>
ST_19 : Operation 183 [7/7] (3.39ns)   --->   "%call_ret = call i96 @FIR_filter.2, i16 %p_ZL19H_filter_FIR_int_40_0_load, i16 %p_ZL19H_filter_FIR_int_40_1_load, i16 %p_ZL19H_filter_FIR_int_40_2_load, i16 %p_ZL19H_filter_FIR_int_40_3_load, i16 %p_ZL19H_filter_FIR_int_40_4_load, i16 %ref_tmp4" [FIR_HLS.cpp:35]   --->   Operation 183 'call' 'call_ret' <Predicate = true> <Delay = 3.39> <CoreType = "Generic">   --->   Generic Core

State 20 <SV = 13> <Delay = 3.39>
ST_20 : Operation 184 [6/7] (3.39ns)   --->   "%call_ret = call i96 @FIR_filter.2, i16 %p_ZL19H_filter_FIR_int_40_0_load, i16 %p_ZL19H_filter_FIR_int_40_1_load, i16 %p_ZL19H_filter_FIR_int_40_2_load, i16 %p_ZL19H_filter_FIR_int_40_3_load, i16 %p_ZL19H_filter_FIR_int_40_4_load, i16 %ref_tmp4" [FIR_HLS.cpp:35]   --->   Operation 184 'call' 'call_ret' <Predicate = true> <Delay = 3.39> <CoreType = "Generic">   --->   Generic Core

State 21 <SV = 14> <Delay = 3.39>
ST_21 : Operation 185 [5/7] (3.39ns)   --->   "%call_ret = call i96 @FIR_filter.2, i16 %p_ZL19H_filter_FIR_int_40_0_load, i16 %p_ZL19H_filter_FIR_int_40_1_load, i16 %p_ZL19H_filter_FIR_int_40_2_load, i16 %p_ZL19H_filter_FIR_int_40_3_load, i16 %p_ZL19H_filter_FIR_int_40_4_load, i16 %ref_tmp4" [FIR_HLS.cpp:35]   --->   Operation 185 'call' 'call_ret' <Predicate = true> <Delay = 3.39> <CoreType = "Generic">   --->   Generic Core

State 22 <SV = 15> <Delay = 3.39>
ST_22 : Operation 186 [4/7] (3.39ns)   --->   "%call_ret = call i96 @FIR_filter.2, i16 %p_ZL19H_filter_FIR_int_40_0_load, i16 %p_ZL19H_filter_FIR_int_40_1_load, i16 %p_ZL19H_filter_FIR_int_40_2_load, i16 %p_ZL19H_filter_FIR_int_40_3_load, i16 %p_ZL19H_filter_FIR_int_40_4_load, i16 %ref_tmp4" [FIR_HLS.cpp:35]   --->   Operation 186 'call' 'call_ret' <Predicate = true> <Delay = 3.39> <CoreType = "Generic">   --->   Generic Core

State 23 <SV = 16> <Delay = 3.39>
ST_23 : Operation 187 [3/7] (3.39ns)   --->   "%call_ret = call i96 @FIR_filter.2, i16 %p_ZL19H_filter_FIR_int_40_0_load, i16 %p_ZL19H_filter_FIR_int_40_1_load, i16 %p_ZL19H_filter_FIR_int_40_2_load, i16 %p_ZL19H_filter_FIR_int_40_3_load, i16 %p_ZL19H_filter_FIR_int_40_4_load, i16 %ref_tmp4" [FIR_HLS.cpp:35]   --->   Operation 187 'call' 'call_ret' <Predicate = true> <Delay = 3.39> <CoreType = "Generic">   --->   Generic Core

State 24 <SV = 17> <Delay = 3.39>
ST_24 : Operation 188 [2/7] (3.39ns)   --->   "%call_ret = call i96 @FIR_filter.2, i16 %p_ZL19H_filter_FIR_int_40_0_load, i16 %p_ZL19H_filter_FIR_int_40_1_load, i16 %p_ZL19H_filter_FIR_int_40_2_load, i16 %p_ZL19H_filter_FIR_int_40_3_load, i16 %p_ZL19H_filter_FIR_int_40_4_load, i16 %ref_tmp4" [FIR_HLS.cpp:35]   --->   Operation 188 'call' 'call_ret' <Predicate = true> <Delay = 3.39> <CoreType = "Generic">   --->   Generic Core

State 25 <SV = 18> <Delay = 1.09>
ST_25 : Operation 189 [1/7] (0.64ns)   --->   "%call_ret = call i96 @FIR_filter.2, i16 %p_ZL19H_filter_FIR_int_40_0_load, i16 %p_ZL19H_filter_FIR_int_40_1_load, i16 %p_ZL19H_filter_FIR_int_40_2_load, i16 %p_ZL19H_filter_FIR_int_40_3_load, i16 %p_ZL19H_filter_FIR_int_40_4_load, i16 %ref_tmp4" [FIR_HLS.cpp:35]   --->   Operation 189 'call' 'call_ret' <Predicate = true> <Delay = 0.64> <CoreType = "Generic">   --->   Generic Core
ST_25 : Operation 190 [1/1] (0.00ns)   --->   "%newret = extractvalue i96 %call_ret" [FIR_HLS.cpp:35]   --->   Operation 190 'extractvalue' 'newret' <Predicate = true> <Delay = 0.00>
ST_25 : Operation 191 [1/1] (0.00ns)   --->   "%newret17 = extractvalue i96 %call_ret" [FIR_HLS.cpp:35]   --->   Operation 191 'extractvalue' 'newret17' <Predicate = true> <Delay = 0.00>
ST_25 : Operation 192 [1/1] (0.00ns)   --->   "%newret18 = extractvalue i96 %call_ret" [FIR_HLS.cpp:35]   --->   Operation 192 'extractvalue' 'newret18' <Predicate = true> <Delay = 0.00>
ST_25 : Operation 193 [1/1] (0.00ns)   --->   "%newret19 = extractvalue i96 %call_ret" [FIR_HLS.cpp:35]   --->   Operation 193 'extractvalue' 'newret19' <Predicate = true> <Delay = 0.00>
ST_25 : Operation 194 [1/1] (0.00ns)   --->   "%newret20 = extractvalue i96 %call_ret" [FIR_HLS.cpp:35]   --->   Operation 194 'extractvalue' 'newret20' <Predicate = true> <Delay = 0.00>
ST_25 : Operation 195 [1/1] (0.00ns)   --->   "%newret21 = extractvalue i96 %call_ret" [FIR_HLS.cpp:35]   --->   Operation 195 'extractvalue' 'newret21' <Predicate = true> <Delay = 0.00>
ST_25 : Operation 196 [1/1] (0.00ns)   --->   "%store_ln35 = store i16 %newret17, i16 %p_ZL19H_filter_FIR_int_40_0" [FIR_HLS.cpp:35]   --->   Operation 196 'store' 'store_ln35' <Predicate = true> <Delay = 0.00>
ST_25 : Operation 197 [1/1] (0.00ns)   --->   "%store_ln35 = store i16 %newret18, i16 %p_ZL19H_filter_FIR_int_40_1" [FIR_HLS.cpp:35]   --->   Operation 197 'store' 'store_ln35' <Predicate = true> <Delay = 0.00>
ST_25 : Operation 198 [1/1] (0.00ns)   --->   "%store_ln35 = store i16 %newret19, i16 %p_ZL19H_filter_FIR_int_40_2" [FIR_HLS.cpp:35]   --->   Operation 198 'store' 'store_ln35' <Predicate = true> <Delay = 0.00>
ST_25 : Operation 199 [1/1] (0.00ns)   --->   "%store_ln35 = store i16 %newret20, i16 %p_ZL19H_filter_FIR_int_40_3" [FIR_HLS.cpp:35]   --->   Operation 199 'store' 'store_ln35' <Predicate = true> <Delay = 0.00>
ST_25 : Operation 200 [1/1] (0.00ns)   --->   "%store_ln35 = store i16 %newret21, i16 %p_ZL19H_filter_FIR_int_40_4" [FIR_HLS.cpp:35]   --->   Operation 200 'store' 'store_ln35' <Predicate = true> <Delay = 0.00>
ST_25 : Operation 201 [1/1] (0.00ns)   --->   "%shl_ln35 = shl i16 %newret, i16 2" [FIR_HLS.cpp:35]   --->   Operation 201 'shl' 'shl_ln35' <Predicate = true> <Delay = 0.00>
ST_25 : Operation 202 [2/2] (0.45ns)   --->   "%write_ln35 = write void @_ssdm_op_Write.axis.volatile.i16P128A, i16 %output_r, i16 %shl_ln35" [FIR_HLS.cpp:35]   --->   Operation 202 'write' 'write_ln35' <Predicate = true> <Delay = 0.45> <CoreInst = "regslice">   --->   Core 147 'regslice' <Latency = 0> <II = 1> <Delay = 0.59> <Adapter> <Opcode : 'read' 'write'>

State 26 <SV = 19> <Delay = 0.52>
ST_26 : Operation 203 [1/2] (0.45ns)   --->   "%write_ln35 = write void @_ssdm_op_Write.axis.volatile.i16P128A, i16 %output_r, i16 %shl_ln35" [FIR_HLS.cpp:35]   --->   Operation 203 'write' 'write_ln35' <Predicate = (mod_value_load == 0)> <Delay = 0.45> <CoreInst = "regslice">   --->   Core 147 'regslice' <Latency = 0> <II = 1> <Delay = 0.59> <Adapter> <Opcode : 'read' 'write'>
ST_26 : Operation 204 [1/1] (0.52ns)   --->   "%br_ln37 = br void %if.end37" [FIR_HLS.cpp:37]   --->   Operation 204 'br' 'br_ln37' <Predicate = (mod_value_load == 0)> <Delay = 0.52>
ST_26 : Operation 205 [1/1] (0.00ns)   --->   "%storemerge2 = phi i2 1, void %if.then, i2 2, void %if.then12, i2 0, void %if.else29, i2 3, void %if.then22"   --->   Operation 205 'phi' 'storemerge2' <Predicate = true> <Delay = 0.00>
ST_26 : Operation 206 [1/1] (0.00ns)   --->   "%store_ln0 = store i2 %storemerge2, i2 %mod_value"   --->   Operation 206 'store' 'store_ln0' <Predicate = true> <Delay = 0.00>
ST_26 : Operation 207 [1/1] (0.00ns)   --->   "%ret_ln55 = ret" [FIR_HLS.cpp:55]   --->   Operation 207 'ret' 'ret_ln55' <Predicate = true> <Delay = 0.00>

State 27 <SV = 1> <Delay = 3.02>
ST_27 : Operation 208 [5/6] (3.02ns)   --->   "%call_ret1 = call i80 @FIR_filter.1, i16 %p_ZL19H_filter_FIR_dec_41_0_load, i16 %p_ZL19H_filter_FIR_dec_41_1_load, i16 %p_ZL19H_filter_FIR_dec_41_2_load, i16 %p_ZL19H_filter_FIR_dec_41_3_load, i10 247, i13 7105, i14 7338, i13 2100, i10 562, i16 %input_r_read" [FIR_HLS.cpp:50]   --->   Operation 208 'call' 'call_ret1' <Predicate = true> <Delay = 3.02> <CoreType = "Generic">   --->   Generic Core
ST_27 : Operation 209 [5/6] (3.02ns)   --->   "%call_ret2 = call i80 @FIR_filter.1, i16 %p_ZL19H_filter_FIR_int_43_0_load, i16 %p_ZL19H_filter_FIR_int_43_1_load, i16 %p_ZL19H_filter_FIR_int_43_2_load, i16 %p_ZL19H_filter_FIR_int_43_3_load, i10 562, i13 2100, i14 7338, i13 7105, i10 247, i16 %y2_load" [FIR_HLS.cpp:51]   --->   Operation 209 'call' 'call_ret2' <Predicate = true> <Delay = 3.02> <CoreType = "Generic">   --->   Generic Core

State 28 <SV = 2> <Delay = 3.02>
ST_28 : Operation 210 [4/6] (3.02ns)   --->   "%call_ret1 = call i80 @FIR_filter.1, i16 %p_ZL19H_filter_FIR_dec_41_0_load, i16 %p_ZL19H_filter_FIR_dec_41_1_load, i16 %p_ZL19H_filter_FIR_dec_41_2_load, i16 %p_ZL19H_filter_FIR_dec_41_3_load, i10 247, i13 7105, i14 7338, i13 2100, i10 562, i16 %input_r_read" [FIR_HLS.cpp:50]   --->   Operation 210 'call' 'call_ret1' <Predicate = true> <Delay = 3.02> <CoreType = "Generic">   --->   Generic Core
ST_28 : Operation 211 [4/6] (3.02ns)   --->   "%call_ret2 = call i80 @FIR_filter.1, i16 %p_ZL19H_filter_FIR_int_43_0_load, i16 %p_ZL19H_filter_FIR_int_43_1_load, i16 %p_ZL19H_filter_FIR_int_43_2_load, i16 %p_ZL19H_filter_FIR_int_43_3_load, i10 562, i13 2100, i14 7338, i13 7105, i10 247, i16 %y2_load" [FIR_HLS.cpp:51]   --->   Operation 211 'call' 'call_ret2' <Predicate = true> <Delay = 3.02> <CoreType = "Generic">   --->   Generic Core

State 29 <SV = 3> <Delay = 3.02>
ST_29 : Operation 212 [3/6] (3.02ns)   --->   "%call_ret1 = call i80 @FIR_filter.1, i16 %p_ZL19H_filter_FIR_dec_41_0_load, i16 %p_ZL19H_filter_FIR_dec_41_1_load, i16 %p_ZL19H_filter_FIR_dec_41_2_load, i16 %p_ZL19H_filter_FIR_dec_41_3_load, i10 247, i13 7105, i14 7338, i13 2100, i10 562, i16 %input_r_read" [FIR_HLS.cpp:50]   --->   Operation 212 'call' 'call_ret1' <Predicate = true> <Delay = 3.02> <CoreType = "Generic">   --->   Generic Core
ST_29 : Operation 213 [3/6] (3.02ns)   --->   "%call_ret2 = call i80 @FIR_filter.1, i16 %p_ZL19H_filter_FIR_int_43_0_load, i16 %p_ZL19H_filter_FIR_int_43_1_load, i16 %p_ZL19H_filter_FIR_int_43_2_load, i16 %p_ZL19H_filter_FIR_int_43_3_load, i10 562, i13 2100, i14 7338, i13 7105, i10 247, i16 %y2_load" [FIR_HLS.cpp:51]   --->   Operation 213 'call' 'call_ret2' <Predicate = true> <Delay = 3.02> <CoreType = "Generic">   --->   Generic Core

State 30 <SV = 4> <Delay = 3.02>
ST_30 : Operation 214 [2/6] (3.02ns)   --->   "%call_ret1 = call i80 @FIR_filter.1, i16 %p_ZL19H_filter_FIR_dec_41_0_load, i16 %p_ZL19H_filter_FIR_dec_41_1_load, i16 %p_ZL19H_filter_FIR_dec_41_2_load, i16 %p_ZL19H_filter_FIR_dec_41_3_load, i10 247, i13 7105, i14 7338, i13 2100, i10 562, i16 %input_r_read" [FIR_HLS.cpp:50]   --->   Operation 214 'call' 'call_ret1' <Predicate = true> <Delay = 3.02> <CoreType = "Generic">   --->   Generic Core
ST_30 : Operation 215 [2/6] (3.02ns)   --->   "%call_ret2 = call i80 @FIR_filter.1, i16 %p_ZL19H_filter_FIR_int_43_0_load, i16 %p_ZL19H_filter_FIR_int_43_1_load, i16 %p_ZL19H_filter_FIR_int_43_2_load, i16 %p_ZL19H_filter_FIR_int_43_3_load, i10 562, i13 2100, i14 7338, i13 7105, i10 247, i16 %y2_load" [FIR_HLS.cpp:51]   --->   Operation 215 'call' 'call_ret2' <Predicate = true> <Delay = 3.02> <CoreType = "Generic">   --->   Generic Core

State 31 <SV = 5> <Delay = 2.09>
ST_31 : Operation 216 [1/6] (1.64ns)   --->   "%call_ret1 = call i80 @FIR_filter.1, i16 %p_ZL19H_filter_FIR_dec_41_0_load, i16 %p_ZL19H_filter_FIR_dec_41_1_load, i16 %p_ZL19H_filter_FIR_dec_41_2_load, i16 %p_ZL19H_filter_FIR_dec_41_3_load, i10 247, i13 7105, i14 7338, i13 2100, i10 562, i16 %input_r_read" [FIR_HLS.cpp:50]   --->   Operation 216 'call' 'call_ret1' <Predicate = true> <Delay = 1.64> <CoreType = "Generic">   --->   Generic Core
ST_31 : Operation 217 [1/1] (0.00ns)   --->   "%newret1 = extractvalue i80 %call_ret1" [FIR_HLS.cpp:50]   --->   Operation 217 'extractvalue' 'newret1' <Predicate = true> <Delay = 0.00>
ST_31 : Operation 218 [1/1] (0.00ns)   --->   "%newret2 = extractvalue i80 %call_ret1" [FIR_HLS.cpp:50]   --->   Operation 218 'extractvalue' 'newret2' <Predicate = true> <Delay = 0.00>
ST_31 : Operation 219 [1/1] (0.00ns)   --->   "%newret3 = extractvalue i80 %call_ret1" [FIR_HLS.cpp:50]   --->   Operation 219 'extractvalue' 'newret3' <Predicate = true> <Delay = 0.00>
ST_31 : Operation 220 [1/1] (0.00ns)   --->   "%newret4 = extractvalue i80 %call_ret1" [FIR_HLS.cpp:50]   --->   Operation 220 'extractvalue' 'newret4' <Predicate = true> <Delay = 0.00>
ST_31 : Operation 221 [1/1] (0.00ns)   --->   "%newret5 = extractvalue i80 %call_ret1" [FIR_HLS.cpp:50]   --->   Operation 221 'extractvalue' 'newret5' <Predicate = true> <Delay = 0.00>
ST_31 : Operation 222 [1/1] (0.00ns)   --->   "%store_ln50 = store i16 %newret2, i16 %p_ZL19H_filter_FIR_dec_41_0" [FIR_HLS.cpp:50]   --->   Operation 222 'store' 'store_ln50' <Predicate = true> <Delay = 0.00>
ST_31 : Operation 223 [1/1] (0.00ns)   --->   "%store_ln50 = store i16 %newret3, i16 %p_ZL19H_filter_FIR_dec_41_1" [FIR_HLS.cpp:50]   --->   Operation 223 'store' 'store_ln50' <Predicate = true> <Delay = 0.00>
ST_31 : Operation 224 [1/1] (0.00ns)   --->   "%store_ln50 = store i16 %newret4, i16 %p_ZL19H_filter_FIR_dec_41_2" [FIR_HLS.cpp:50]   --->   Operation 224 'store' 'store_ln50' <Predicate = true> <Delay = 0.00>
ST_31 : Operation 225 [1/1] (0.00ns)   --->   "%store_ln50 = store i16 %newret5, i16 %p_ZL19H_filter_FIR_dec_41_3" [FIR_HLS.cpp:50]   --->   Operation 225 'store' 'store_ln50' <Predicate = true> <Delay = 0.00>
ST_31 : Operation 226 [1/1] (0.00ns)   --->   "%store_ln50 = store i16 %newret1, i16 %y1_phase3" [FIR_HLS.cpp:50]   --->   Operation 226 'store' 'store_ln50' <Predicate = true> <Delay = 0.00>
ST_31 : Operation 227 [1/6] (1.64ns)   --->   "%call_ret2 = call i80 @FIR_filter.1, i16 %p_ZL19H_filter_FIR_int_43_0_load, i16 %p_ZL19H_filter_FIR_int_43_1_load, i16 %p_ZL19H_filter_FIR_int_43_2_load, i16 %p_ZL19H_filter_FIR_int_43_3_load, i10 562, i13 2100, i14 7338, i13 7105, i10 247, i16 %y2_load" [FIR_HLS.cpp:51]   --->   Operation 227 'call' 'call_ret2' <Predicate = true> <Delay = 1.64> <CoreType = "Generic">   --->   Generic Core
ST_31 : Operation 228 [1/1] (0.00ns)   --->   "%newret6 = extractvalue i80 %call_ret2" [FIR_HLS.cpp:51]   --->   Operation 228 'extractvalue' 'newret6' <Predicate = true> <Delay = 0.00>
ST_31 : Operation 229 [1/1] (0.00ns)   --->   "%newret7 = extractvalue i80 %call_ret2" [FIR_HLS.cpp:51]   --->   Operation 229 'extractvalue' 'newret7' <Predicate = true> <Delay = 0.00>
ST_31 : Operation 230 [1/1] (0.00ns)   --->   "%newret8 = extractvalue i80 %call_ret2" [FIR_HLS.cpp:51]   --->   Operation 230 'extractvalue' 'newret8' <Predicate = true> <Delay = 0.00>
ST_31 : Operation 231 [1/1] (0.00ns)   --->   "%newret9 = extractvalue i80 %call_ret2" [FIR_HLS.cpp:51]   --->   Operation 231 'extractvalue' 'newret9' <Predicate = true> <Delay = 0.00>
ST_31 : Operation 232 [1/1] (0.00ns)   --->   "%newret10 = extractvalue i80 %call_ret2" [FIR_HLS.cpp:51]   --->   Operation 232 'extractvalue' 'newret10' <Predicate = true> <Delay = 0.00>
ST_31 : Operation 233 [1/1] (0.00ns)   --->   "%store_ln51 = store i16 %newret7, i16 %p_ZL19H_filter_FIR_int_43_0" [FIR_HLS.cpp:51]   --->   Operation 233 'store' 'store_ln51' <Predicate = true> <Delay = 0.00>
ST_31 : Operation 234 [1/1] (0.00ns)   --->   "%store_ln51 = store i16 %newret8, i16 %p_ZL19H_filter_FIR_int_43_1" [FIR_HLS.cpp:51]   --->   Operation 234 'store' 'store_ln51' <Predicate = true> <Delay = 0.00>
ST_31 : Operation 235 [1/1] (0.00ns)   --->   "%store_ln51 = store i16 %newret9, i16 %p_ZL19H_filter_FIR_int_43_2" [FIR_HLS.cpp:51]   --->   Operation 235 'store' 'store_ln51' <Predicate = true> <Delay = 0.00>
ST_31 : Operation 236 [1/1] (0.00ns)   --->   "%store_ln51 = store i16 %newret10, i16 %p_ZL19H_filter_FIR_int_43_3" [FIR_HLS.cpp:51]   --->   Operation 236 'store' 'store_ln51' <Predicate = true> <Delay = 0.00>
ST_31 : Operation 237 [1/1] (0.00ns)   --->   "%shl_ln51 = shl i16 %newret6, i16 2" [FIR_HLS.cpp:51]   --->   Operation 237 'shl' 'shl_ln51' <Predicate = true> <Delay = 0.00>
ST_31 : Operation 238 [2/2] (0.45ns)   --->   "%write_ln51 = write void @_ssdm_op_Write.axis.volatile.i16P128A, i16 %output_r, i16 %shl_ln51" [FIR_HLS.cpp:51]   --->   Operation 238 'write' 'write_ln51' <Predicate = true> <Delay = 0.45> <CoreInst = "regslice">   --->   Core 147 'regslice' <Latency = 0> <II = 1> <Delay = 0.59> <Adapter> <Opcode : 'read' 'write'>

State 32 <SV = 6> <Delay = 0.52>
ST_32 : Operation 239 [1/2] (0.45ns)   --->   "%write_ln51 = write void @_ssdm_op_Write.axis.volatile.i16P128A, i16 %output_r, i16 %shl_ln51" [FIR_HLS.cpp:51]   --->   Operation 239 'write' 'write_ln51' <Predicate = true> <Delay = 0.45> <CoreInst = "regslice">   --->   Core 147 'regslice' <Latency = 0> <II = 1> <Delay = 0.59> <Adapter> <Opcode : 'read' 'write'>
ST_32 : Operation 240 [1/1] (0.52ns)   --->   "%br_ln0 = br void %if.end37"   --->   Operation 240 'br' 'br_ln0' <Predicate = true> <Delay = 0.52>


============================================================
+ Verbose Summary: Timing violations
============================================================
Target clock period: 10.000ns, clock uncertainty: 2.700ns.

 <State 1>: 4.019ns
The critical path consists of the following:
	'load' operation 2 bit ('mod_value_load', FIR_HLS.cpp:29) on static variable 'mod_value' [164]  (0.000 ns)
	axis read operation ('input_r_read_1', FIR_HLS.cpp:30) on port 'input_r' (FIR_HLS.cpp:30) [236]  (0.079 ns)
	'call' operation 96 bit ('call_ret3', FIR_HLS.cpp:30) to 'FIR_filter.2' [242]  (3.392 ns)
	blocking operation 0.548 ns on control path)

 <State 2>: 3.025ns
The critical path consists of the following:
	'call' operation 80 bit ('call_ret6', FIR_HLS.cpp:44) to 'FIR_filter.1' [173]  (3.025 ns)

 <State 3>: 3.025ns
The critical path consists of the following:
	'call' operation 80 bit ('call_ret6', FIR_HLS.cpp:44) to 'FIR_filter.1' [173]  (3.025 ns)

 <State 4>: 3.025ns
The critical path consists of the following:
	'call' operation 80 bit ('call_ret4', FIR_HLS.cpp:39) to 'FIR_filter.1' [207]  (3.025 ns)

 <State 5>: 3.025ns
The critical path consists of the following:
	'call' operation 80 bit ('call_ret4', FIR_HLS.cpp:39) to 'FIR_filter.1' [207]  (3.025 ns)

 <State 6>: 2.094ns
The critical path consists of the following:
	'call' operation 80 bit ('call_ret7', FIR_HLS.cpp:45) to 'FIR_filter.1' [188]  (1.641 ns)
	'shl' operation 16 bit ('shl_ln45', FIR_HLS.cpp:45) [198]  (0.000 ns)
	axis write operation ('write_ln45', FIR_HLS.cpp:45) on port 'output_r' (FIR_HLS.cpp:45) [199]  (0.453 ns)

 <State 7>: 0.525ns
The critical path consists of the following:
	multiplexor before 'phi' operation 2 bit ('storemerge2') [317]  (0.525 ns)

 <State 8>: 3.392ns
The critical path consists of the following:
	'call' operation 96 bit ('call_ret3', FIR_HLS.cpp:30) to 'FIR_filter.2' [242]  (3.392 ns)

 <State 9>: 3.392ns
The critical path consists of the following:
	'call' operation 96 bit ('call_ret3', FIR_HLS.cpp:30) to 'FIR_filter.2' [242]  (3.392 ns)

 <State 10>: 3.392ns
The critical path consists of the following:
	'call' operation 96 bit ('call_ret3', FIR_HLS.cpp:30) to 'FIR_filter.2' [242]  (3.392 ns)

 <State 11>: 3.392ns
The critical path consists of the following:
	'call' operation 96 bit ('call_ret3', FIR_HLS.cpp:30) to 'FIR_filter.2' [242]  (3.392 ns)

 <State 12>: 3.392ns
The critical path consists of the following:
	'call' operation 96 bit ('call_ret3', FIR_HLS.cpp:30) to 'FIR_filter.2' [242]  (3.392 ns)

 <State 13>: 3.901ns
The critical path consists of the following:
	'call' operation 96 bit ('call_ret3', FIR_HLS.cpp:30) to 'FIR_filter.2' [242]  (0.645 ns)
	'add' operation 16 bit ('add_ln32_1', FIR_HLS.cpp:32) [258]  (0.853 ns)
	'add' operation 16 bit ('add_ln32_2', FIR_HLS.cpp:32) [259]  (0.687 ns)
	'call' operation 16 bit ('ref_tmp4', FIR_HLS.cpp:34) to 'FIR_filter' [260]  (1.716 ns)

 <State 14>: 4.408ns
The critical path consists of the following:
	'call' operation 16 bit ('ref_tmp4', FIR_HLS.cpp:34) to 'FIR_filter' [260]  (4.408 ns)

 <State 15>: 4.408ns
The critical path consists of the following:
	'call' operation 16 bit ('ref_tmp4', FIR_HLS.cpp:34) to 'FIR_filter' [260]  (4.408 ns)

 <State 16>: 4.408ns
The critical path consists of the following:
	'call' operation 16 bit ('ref_tmp4', FIR_HLS.cpp:34) to 'FIR_filter' [260]  (4.408 ns)

 <State 17>: 4.408ns
The critical path consists of the following:
	'call' operation 16 bit ('ref_tmp4', FIR_HLS.cpp:34) to 'FIR_filter' [260]  (4.408 ns)

 <State 18>: 4.281ns
The critical path consists of the following:
	'call' operation 16 bit ('ref_tmp4', FIR_HLS.cpp:34) to 'FIR_filter' [260]  (4.281 ns)

 <State 19>: 3.392ns
The critical path consists of the following:
	'load' operation 16 bit ('p_ZL19H_filter_FIR_int_40_0_load', FIR_HLS.cpp:35) on static variable 'p_ZL19H_filter_FIR_int_40_0' [262]  (0.000 ns)
	'call' operation 96 bit ('call_ret', FIR_HLS.cpp:35) to 'FIR_filter.2' [267]  (3.392 ns)

 <State 20>: 3.392ns
The critical path consists of the following:
	'call' operation 96 bit ('call_ret', FIR_HLS.cpp:35) to 'FIR_filter.2' [267]  (3.392 ns)

 <State 21>: 3.392ns
The critical path consists of the following:
	'call' operation 96 bit ('call_ret', FIR_HLS.cpp:35) to 'FIR_filter.2' [267]  (3.392 ns)

 <State 22>: 3.392ns
The critical path consists of the following:
	'call' operation 96 bit ('call_ret', FIR_HLS.cpp:35) to 'FIR_filter.2' [267]  (3.392 ns)

 <State 23>: 3.392ns
The critical path consists of the following:
	'call' operation 96 bit ('call_ret', FIR_HLS.cpp:35) to 'FIR_filter.2' [267]  (3.392 ns)

 <State 24>: 3.392ns
The critical path consists of the following:
	'call' operation 96 bit ('call_ret', FIR_HLS.cpp:35) to 'FIR_filter.2' [267]  (3.392 ns)

 <State 25>: 1.098ns
The critical path consists of the following:
	'call' operation 96 bit ('call_ret', FIR_HLS.cpp:35) to 'FIR_filter.2' [267]  (0.645 ns)
	'shl' operation 16 bit ('shl_ln35', FIR_HLS.cpp:35) [279]  (0.000 ns)
	axis write operation ('write_ln35', FIR_HLS.cpp:35) on port 'output_r' (FIR_HLS.cpp:35) [280]  (0.453 ns)

 <State 26>: 0.525ns
The critical path consists of the following:
	multiplexor before 'phi' operation 2 bit ('storemerge2') [317]  (0.525 ns)
	'phi' operation 2 bit ('storemerge2') [317]  (0.000 ns)

 <State 27>: 3.025ns
The critical path consists of the following:
	'call' operation 80 bit ('call_ret1', FIR_HLS.cpp:50) to 'FIR_filter.1' [288]  (3.025 ns)

 <State 28>: 3.025ns
The critical path consists of the following:
	'call' operation 80 bit ('call_ret1', FIR_HLS.cpp:50) to 'FIR_filter.1' [288]  (3.025 ns)

 <State 29>: 3.025ns
The critical path consists of the following:
	'call' operation 80 bit ('call_ret1', FIR_HLS.cpp:50) to 'FIR_filter.1' [288]  (3.025 ns)

 <State 30>: 3.025ns
The critical path consists of the following:
	'call' operation 80 bit ('call_ret1', FIR_HLS.cpp:50) to 'FIR_filter.1' [288]  (3.025 ns)

 <State 31>: 2.094ns
The critical path consists of the following:
	'call' operation 80 bit ('call_ret2', FIR_HLS.cpp:51) to 'FIR_filter.1' [303]  (1.641 ns)
	'shl' operation 16 bit ('shl_ln51', FIR_HLS.cpp:51) [313]  (0.000 ns)
	axis write operation ('write_ln51', FIR_HLS.cpp:51) on port 'output_r' (FIR_HLS.cpp:51) [314]  (0.453 ns)

 <State 32>: 0.525ns
The critical path consists of the following:
	multiplexor before 'phi' operation 2 bit ('storemerge2') [317]  (0.525 ns)


============================================================
+ Verbose Summary: Binding
============================================================
N/A
* FSMD analyzer results:
  - Output states:
 - Input state : 
  - Chain level:
	State 1
	State 2
	State 3
	State 4
	State 5
	State 6
	State 7
	State 8
	State 9
	State 10
	State 11
	State 12
	State 13
	State 14
	State 15
	State 16
	State 17
	State 18
	State 19
	State 20
	State 21
	State 22
	State 23
	State 24
	State 25
	State 26
	State 27
	State 28
	State 29
	State 30
	State 31
	State 32


============================================================
+ Verbose Summary: Datapath Resource usage 
============================================================
N/A
