================================================================
== Design Size Report
================================================================

* Total Instructions per Compilation Phase
+---------------+-----------------------------+--------------+----------------------------------------------------------------------------------------+
| Phase         | Step                        | Instructions | Description                                                                            |
+---------------+-----------------------------+--------------+----------------------------------------------------------------------------------------+
| Compile/Link  |                             |    824       | After all functions are compiled and linked into a single design                       |
|               |                             |              |                                                                                        |
| Unroll/Inline |                             |              | After user unroll and inline pragmas are applied                                       |
|               | (1) unroll                  | 13,319       | user unroll pragmas are applied                                                        |
|               | (2) simplification          |  2,395       | simplification of applied user unroll pragmas                                          |
|               | (3) inline                  |  1,766       | user inline pragmas are applied                                                        |
|               | (4) simplification          |  1,478       | simplification of applied user inline pragmas                                          |
|               |                             |              |                                                                                        |
| Array/Struct  |                             |              | After user array partition and struct aggregate/disaggregate pragmas are applied       |
|               | (1) array partition         |  1,478       | user array partition pragmas are applied                                               |
|               | (2) simplification          |  1,478       | simplification of applied user array partition & struct aggregate/disaggregate pragmas |
|               | (3) aggregate/disaggregate  |  1,478       | user struct aggregate/disaggregate pragmas are applied                                 |
|               | (4) array reshape           |  1,478       | apply array reshape pragmas                                                            |
|               | (5) access patterns         |  1,478       | array access pattern optmizations                                                      |
|               |                             |              |                                                                                        |
| Performance   |                             |              | After transformations are applied to meet performance pragma targets                   |
|               | (1) loop simplification     |  1,478       | loop and instruction simplification                                                    |
|               | (2) parallelization         |  1,478       | loops are unrolled or pipelined to meet performance targets                            |
|               | (3) array partition         |  1,478       | arrays are partitioned to meet performance targets                                     |
|               | (4) simplification          |  1,478       | simplification of design after performance transformations                             |
|               |                             |              |                                                                                        |
| HW Transforms |                             |              | After hardware transfomations                                                          |
|               | (1) lowering                |  1,480       | initial conversion to HW specific instructions                                         |
|               | (2) optimizations           |  1,486       | high level synthesis optimizations                                                     |
+---------------+-----------------------------+--------------+----------------------------------------------------------------------------------------+

* Instructions per Function for each Compilation Phase
+----------------------+----------------+--------------+---------------+--------------+-------------+---------------+
| Function             | Location       | Compile/Link | Unroll/Inline | Array/Struct | Performance | HW Transforms |
+----------------------+----------------+--------------+---------------+--------------+-------------+---------------+
| + Transposed_FIR_HLS | FIR_HLS.cpp:6  | 824          | 1,478         | 1,478        | 1,478       | 1,486         |
|    FIR_filter        | FIR_HLS.cpp:14 | 799          | 1,469         | 1,469        | 1,469       | 1,470         |
+----------------------+----------------+--------------+---------------+--------------+-------------+---------------+

* Design Size Message Settings
+---------------------------------------------+--------+------------------------------------------------------------------+
| Message Setting                             | Value  | Description                                                      |
+---------------------------------------------+--------+------------------------------------------------------------------+
| config_compile -design_size_maximum_warning | 100000 | Show a warning when total design instructions exceeds this value |
+---------------------------------------------+--------+------------------------------------------------------------------+


