  **** HLS Build v2024.2 5238294
INFO: [HLS 200-2005] Using work_dir C:/HLS-multirate-DSP/HLS_Multirate/FIR_Cascade_HLS/FIR_Cascade_HLS 
INFO: [HLS 200-1505] Using default flow_target 'vivado'
Resolution: For help on HLS 200-1505 see docs.xilinx.com/access/sources/dita/topic?Doc_Version=2024.2%20English&url=ug1448-hls-guidance&resourceid=200-1505.html
INFO: [HLS 200-1465] Applying ini 'syn.file=FIR_HLS.cpp' from C:/HLS-multirate-DSP/HLS_Multirate/FIR_Cascade_HLS/hls_config.cfg(7)
INFO: [HLS 200-10] Adding design file 'C:/HLS-multirate-DSP/HLS_Multirate/FIR_Cascade_HLS/FIR_HLS.cpp' to the project
INFO: [HLS 200-1465] Applying ini 'syn.file=FIR_HLS.h' from C:/HLS-multirate-DSP/HLS_Multirate/FIR_Cascade_HLS/hls_config.cfg(8)
INFO: [HLS 200-10] Adding design file 'C:/HLS-multirate-DSP/HLS_Multirate/FIR_Cascade_HLS/FIR_HLS.h' to the project
INFO: [HLS 200-1465] Applying ini 'syn.file=../../Matlab/FIR_multirate_cascade_HLS.h' from C:/HLS-multirate-DSP/HLS_Multirate/FIR_Cascade_HLS/hls_config.cfg(9)
INFO: [HLS 200-10] Adding design file 'C:/HLS-multirate-DSP/Matlab/FIR_multirate_cascade_HLS.h' to the project
INFO: [HLS 200-1465] Applying ini 'tb.file=FIR_HLS_TB.cpp' from C:/HLS-multirate-DSP/HLS_Multirate/FIR_Cascade_HLS/hls_config.cfg(10)
INFO: [HLS 200-10] Adding test bench file 'C:/HLS-multirate-DSP/HLS_Multirate/FIR_Cascade_HLS/FIR_HLS_TB.cpp' to the project
INFO: [HLS 200-1465] Applying ini 'tb.file=../../Matlab/TS_HLS_multirate_cascade.res' from C:/HLS-multirate-DSP/HLS_Multirate/FIR_Cascade_HLS/hls_config.cfg(11)
INFO: [HLS 200-10] Adding test bench file 'C:/HLS-multirate-DSP/Matlab/TS_HLS_multirate_cascade.res' to the project
INFO: [HLS 200-1465] Applying ini 'tb.file=../../Matlab/TS_HLS_multirate_cascade.dat' from C:/HLS-multirate-DSP/HLS_Multirate/FIR_Cascade_HLS/hls_config.cfg(12)
INFO: [HLS 200-10] Adding test bench file 'C:/HLS-multirate-DSP/Matlab/TS_HLS_multirate_cascade.dat' to the project
INFO: [HLS 200-1465] Applying ini 'syn.top=FIR_Cascade_HLS' from C:/HLS-multirate-DSP/HLS_Multirate/FIR_Cascade_HLS/hls_config.cfg(13)
INFO: [HLS 200-1465] Applying ini 'flow_target=vivado' from C:/HLS-multirate-DSP/HLS_Multirate/FIR_Cascade_HLS/hls_config.cfg(4)
INFO: [HLS 200-1505] Using flow_target 'vivado'
Resolution: For help on HLS 200-1505 see docs.xilinx.com/access/sources/dita/topic?Doc_Version=2024.2%20English&url=ug1448-hls-guidance&resourceid=200-1505.html
INFO: [HLS 200-1465] Applying ini 'part=xck26-sfvc784-2LV-c' from C:/HLS-multirate-DSP/HLS_Multirate/FIR_Cascade_HLS/hls_config.cfg(1)
INFO: [HLS 200-1611] Setting target device to 'xck26-sfvc784-2LV-c'
INFO: [HLS 200-1465] Applying ini 'package.ip.display_name=FIR_Cascade_HLS' from C:/HLS-multirate-DSP/HLS_Multirate/FIR_Cascade_HLS/hls_config.cfg(14)
INFO: [HLS 200-1465] Applying ini 'package.output.format=ip_catalog' from C:/HLS-multirate-DSP/HLS_Multirate/FIR_Cascade_HLS/hls_config.cfg(5)
INFO: [SIM 211-2] *************** CSIM start ***************
INFO: [SIM 211-4] CSIM will launch CLANG as the compiler.
INFO: [HLS 200-2036] Building debug C Simulation binaries
   Compiling ../../../../FIR_HLS.cpp in debug mode
   Generating csim.exe
In file included from ../../../../FIR_HLS.cpp:1:
In file included from ../../../../FIR_HLS.h:2:
In file included from C:/AMD/Vitis/2024.2/include/ap_fixed.h:9:
In file included from C:/AMD/Vitis/2024.2/include/etc/ap_common.h:658:
In file included from C:/AMD/Vitis/2024.2/include/etc/ap_private.h:68:
In file included from C:/AMD/Vitis/2024.2/include/hls_half.h:26:
In file included from C:/AMD/Vitis/2024.2/include/etc/hls_half_fpo.h:19:
In file included from C:/AMD/Vitis/2024.2/include/hls_fpo.h:140:
In file included from C:/AMD/Vitis/2024.2/include/floating_point_v7_1_bitacc_cmodel.h:150:
C:/AMD/Vitis/2024.2/include/gmp.h:58:9: warning: '__GMP_LIBGMP_DLL' macro redefined [-Wmacro-redefined]
#define __GMP_LIBGMP_DLL  0
        ^
C:/AMD/Vitis/2024.2/include/floating_point_v7_1_bitacc_cmodel.h:142:9: note: previous definition is here
#define __GMP_LIBGMP_DLL 1
        ^
1 warning generated.
INFO: Reading ../../../../../../Matlab/TS_HLS_multirate_cascade.dat
INFO: Read 460 samples from ../../../../../../Matlab/TS_HLS_multirate_cascade.dat
INFO: Reading ../../../../../../Matlab/TS_HLS_multirate_cascade.res
INFO: Read 460 samples from ../../../../../../Matlab/TS_HLS_multirate_cascade.res
INFO: Input and reference data lengths match.
Mismatch at sample    1: ref=          0, dut=0.116394
Mismatch at sample    2: ref=0.000152588, dut=0.231201
Mismatch at sample    3: ref=-0.000305176, dut=0.341675
Mismatch at sample    4: ref=-0.0196533, dut=0.445129
Mismatch at sample    5: ref=0.0296326, dut=0.549988
Mismatch at sample    6: ref=0.125641, dut=0.634888
Mismatch at sample    7: ref=0.241913, dut=0.722046
Mismatch at sample    8: ref=0.363495, dut=0.78418
Mismatch at sample    9: ref=0.48764, dut=0.850647
Mismatch at sample   10: ref=0.585327, dut=0.885742
Mismatch at sample   11: ref=0.689606, dut=0.925842
Mismatch at sample   12: ref=0.769318, dut=0.932068
Mismatch at sample   13: ref=0.848846, dut=0.943787
Mismatch at sample   14: ref=0.904938, dut=0.920776
Mismatch at sample   15: ref=0.954742, dut=0.902954
Mismatch at sample   16: ref=0.983704, dut=0.852173
Mismatch at sample   17: ref=-0.999329, dut=0.805969
Mismatch at sample   18: ref=-0.999329, dut=0.730774
Mismatch at sample   19: ref=0.983704, dut=0.658936
Mismatch at sample   20: ref=0.954742, dut=0.564087
Mismatch at sample   21: ref=0.904938, dut=0.471008
Mismatch at sample   22: ref=0.848846, dut=0.362549
Mismatch at sample   23: ref=0.769318, dut=0.253967
Mismatch at sample   24: ref=0.689606, dut=0.138794
Mismatch at sample   25: ref=0.585327, dut=0.0214844
Mismatch at sample   26: ref=0.48703, dut=-0.0930786
Mismatch at sample   27: ref=0.364594, dut=-0.211914
Mismatch at sample   28: ref=0.253845, dut=-0.318665
Mismatch at sample   29: ref=0.120911, dut=-0.43158
Mismatch at sample   30: ref=0.00473022, dut=-0.523682
Mismatch at sample   31: ref=-0.130341, dut=-0.623718
Mismatch at sample   32: ref=-0.24472, dut=-0.695313
Mismatch at sample   33: ref=-0.373413, dut=-0.776245
Mismatch at sample   34: ref=-0.47876, dut=-0.822815
Mismatch at sample   35: ref=-0.593018, dut=-0.879639
Mismatch at sample   36: ref=-0.682739, dut=-0.898193
Mismatch at sample   37: ref=-0.77536, dut=-0.927368
Mismatch at sample   38: ref=-0.843811, dut=-0.916748
Mismatch at sample   39: ref=-0.908997, dut=-0.916565
Mismatch at sample   40: ref=-0.951874, dut=-0.877258
Mismatch at sample   41: ref=-0.985504, dut=-0.847778
Mismatch at sample   42: ref=0.999908, dut=-0.782288
Mismatch at sample   43: ref=0.999908, dut=-0.725464
Mismatch at sample   44: ref=-0.985504, dut=-0.637878
Mismatch at sample   45: ref=-0.951874, dut=-0.557251
Mismatch at sample   46: ref=-0.908997, dut=-0.453003
Mismatch at sample   47: ref=-0.843811, dut=-0.35376
Mismatch at sample   48: ref=-0.77536, dut=-0.239319
Mismatch at sample   49: ref=-0.682739, dut=-0.127747
Mismatch at sample   50: ref=-0.593018, dut=-0.0103149
Mismatch at sample   51: ref=-0.47876, dut=0.106506
Mismatch at sample   52: ref=-0.373413, dut=0.219604
Mismatch at sample   53: ref=-0.24472, dut=0.334351
Mismatch at sample   54: ref=-0.130341, dut=0.436035
Mismatch at sample   55: ref=0.00473022, dut=0.541382
Mismatch at sample   56: ref=0.120911, dut=0.625305
Mismatch at sample   57: ref=0.253845, dut=0.7146
Mismatch at sample   58: ref=0.364594, dut=0.775513
Mismatch at sample   59: ref=0.48703, dut=0.84314
Mismatch at sample   60: ref=0.585327, dut=0.877258
Mismatch at sample   61: ref=0.689606, dut=0.918884
Mismatch at sample   62: ref=0.769318, dut=0.924133
Mismatch at sample   63: ref=0.848846, dut=0.937134
Mismatch at sample   64: ref=0.904938, dut=0.913086
Mismatch at sample   65: ref=0.954742, dut=0.896606
Mismatch at sample   66: ref=0.983704, dut=0.84491
Mismatch at sample   67: ref=-0.999329, dut=0.799927
Mismatch at sample   68: ref=-0.999329, dut=0.723877
Mismatch at sample   69: ref=0.983704, dut=0.653198
Mismatch at sample   70: ref=0.954742, dut=0.557495
Mismatch at sample   71: ref=0.904938, dut=0.465515
Mismatch at sample   72: ref=0.848846, dut=0.356262
Mismatch at sample   73: ref=0.769318, dut=0.248779
Mismatch at sample   74: ref=0.689606, dut=0.132813
Mismatch at sample   75: ref=0.585327, dut=0.0165405
Mismatch at sample   76: ref=0.48703, dut=-0.0988159
Mismatch at sample   77: ref=0.364594, dut=-0.216675
Mismatch at sample   78: ref=0.253845, dut=-0.324097
Mismatch at sample   79: ref=0.120911, dut=-0.436096
Mismatch at sample   80: ref=0.00473022, dut=-0.52887
Mismatch at sample   81: ref=-0.130341, dut=-0.627991
Mismatch at sample   82: ref=-0.24472, dut=-0.700256
Mismatch at sample   83: ref=-0.373413, dut=-0.780334
Mismatch at sample   84: ref=-0.47876, dut=-0.827515
Mismatch at sample   85: ref=-0.593018, dut=-0.883545
Mismatch at sample   86: ref=-0.682739, dut=-0.902649
Mismatch at sample   87: ref=-0.77536, dut=-0.931091
Mismatch at sample   88: ref=-0.843811, dut=-0.920959
Mismatch at sample   89: ref=-0.908997, dut=-0.920105
Mismatch at sample   90: ref=-0.951874, dut=-0.881348
Mismatch at sample   91: ref=-0.985504, dut=-0.851135
Mismatch at sample   92: ref=0.999908, dut=-0.786133
Mismatch at sample   93: ref=0.999908, dut=-0.728699
Mismatch at sample   94: ref=-0.985504, dut=-0.641541
Mismatch at sample   95: ref=-0.951874, dut=-0.560303
Mismatch at sample   96: ref=-0.908997, dut=-0.456482
Mismatch at sample   97: ref=-0.843811, dut=-0.356628
Mismatch at sample   98: ref=-0.77536, dut=-0.242676
Mismatch at sample   99: ref=-0.682739, dut=-0.130493
Mismatch at sample  100: ref=-0.593018, dut=-0.0134888
Mismatch at sample  101: ref=-0.47876, dut=0.103882
Mismatch at sample  102: ref=-0.373413, dut=0.216614
Mismatch at sample  103: ref=-0.24472, dut=0.331787
Mismatch at sample  104: ref=-0.130341, dut=0.433167
Mismatch at sample  105: ref=0.00473022, dut=0.539001
Mismatch at sample  106: ref=0.120911, dut=0.622559
Mismatch at sample  107: ref=0.253845, dut=0.712341
Mismatch at sample  108: ref=0.364594, dut=0.772888
Mismatch at sample  109: ref=0.48703, dut=0.841003
Mismatch at sample  110: ref=0.585327, dut=0.874756
Mismatch at sample  111: ref=0.689606, dut=0.916809
Mismatch at sample  112: ref=0.769318, dut=0.921753
Mismatch at sample  113: ref=0.848846, dut=0.93512
Mismatch at sample  114: ref=0.904938, dut=0.910828
Mismatch at sample  115: ref=0.954742, dut=0.894775
Mismatch at sample  116: ref=0.983704, dut=0.842773
Mismatch at sample  117: ref=-0.999329, dut=0.798157
Mismatch at sample  118: ref=-0.999329, dut=0.721802
Mismatch at sample  119: ref=0.983704, dut=0.651489
Mismatch at sample  120: ref=0.954742, dut=0.555542
Mismatch at sample  121: ref=0.904938, dut=0.463928
Mismatch at sample  122: ref=0.848846, dut=0.35437
Mismatch at sample  123: ref=0.769318, dut=0.247253
Mismatch at sample  124: ref=0.689606, dut=0.131042
Mismatch at sample  125: ref=0.585327, dut=0.0150757
Mismatch at sample  126: ref=0.48703, dut=-0.100464
Mismatch at sample  127: ref=0.364594, dut=-0.218079
Mismatch at sample  128: ref=0.253845, dut=-0.325684
Mismatch at sample  129: ref=0.120911, dut=-0.437439
Mismatch at sample  130: ref=0.00473022, dut=-0.530396
Mismatch at sample  131: ref=-0.130341, dut=-0.629272
Mismatch at sample  132: ref=-0.24472, dut=-0.701721
Mismatch at sample  133: ref=-0.373413, dut=-0.781494
Mismatch at sample  134: ref=-0.47876, dut=-0.828918
Mismatch at sample  135: ref=-0.593018, dut=-0.884705
Mismatch at sample  136: ref=-0.682739, dut=-0.903992
Mismatch at sample  137: ref=-0.77536, dut=-0.93219
Mismatch at sample  138: ref=-0.843811, dut=-0.922241
Mismatch at sample  139: ref=-0.908997, dut=-0.921143
Mismatch at sample  140: ref=-0.951874, dut=-0.882507
Mismatch at sample  141: ref=-0.985504, dut=-0.852173
Mismatch at sample  142: ref=0.999908, dut=-0.787292
Mismatch at sample  143: ref=0.999908, dut=-0.729614
Mismatch at sample  144: ref=-0.985504, dut=-0.642639
Mismatch at sample  145: ref=-0.951874, dut=-0.561218
Mismatch at sample  146: ref=-0.908997, dut=-0.45752
Mismatch at sample  147: ref=-0.843811, dut=-0.357483
Mismatch at sample  148: ref=-0.77536, dut=-0.243652
Mismatch at sample  149: ref=-0.682739, dut=-0.131348
Mismatch at sample  150: ref=-0.593018, dut=-0.0144043
Mismatch at sample  151: ref=-0.47876, dut=0.103088
Mismatch at sample  152: ref=-0.373413, dut=0.215698
Mismatch at sample  153: ref=-0.24472, dut=0.331055
Mismatch at sample  154: ref=-0.130341, dut=0.432312
Mismatch at sample  155: ref=0.00473022, dut=0.538269
Mismatch at sample  156: ref=0.120911, dut=0.621765
Mismatch at sample  157: ref=0.253845, dut=0.71167
Mismatch at sample  158: ref=0.364594, dut=0.772156
Mismatch at sample  159: ref=0.48703, dut=0.840332
Mismatch at sample  160: ref=0.585327, dut=0.874023
Mismatch at sample  161: ref=0.689606, dut=0.916199
Mismatch at sample  162: ref=0.769318, dut=0.921021
Mismatch at sample  163: ref=0.848846, dut=0.93457
Mismatch at sample  164: ref=0.904938, dut=0.910156
Mismatch at sample  165: ref=0.954742, dut=0.894226
Mismatch at sample  166: ref=0.983704, dut=0.842163
Mismatch at sample  167: ref=-0.999329, dut=0.797607
Mismatch at sample  168: ref=-0.999329, dut=0.721191
Mismatch at sample  169: ref=0.983704, dut=0.651001
Mismatch at sample  170: ref=0.954742, dut=0.554932
Mismatch at sample  171: ref=0.904938, dut=0.46344
Mismatch at sample  172: ref=0.848846, dut=0.353882
Mismatch at sample  173: ref=0.769318, dut=0.246765
Mismatch at sample  174: ref=0.689606, dut=0.130493
Mismatch at sample  175: ref=0.585327, dut=0.0146484
Mismatch at sample  176: ref=0.48703, dut=-0.100952
Mismatch at sample  177: ref=0.364594, dut=-0.218506
Mismatch at sample  178: ref=0.253845, dut=-0.326172
Mismatch at sample  179: ref=0.120911, dut=-0.437805
Mismatch at sample  180: ref=0.00473022, dut=-0.530823
Mismatch at sample  181: ref=-0.130341, dut=-0.629639
Mismatch at sample  182: ref=-0.24472, dut=-0.702148
Mismatch at sample  183: ref=-0.373413, dut=-0.78186
Mismatch at sample  184: ref=-0.47876, dut=-0.829285
Mismatch at sample  185: ref=-0.593018, dut=-0.88501
Mismatch at sample  186: ref=-0.682739, dut=-0.904358
Mismatch at sample  187: ref=-0.77536, dut=-0.932556
Mismatch at sample  188: ref=-0.843811, dut=-0.922607
Mismatch at sample  189: ref=-0.908997, dut=-0.921448
Mismatch at sample  190: ref=-0.951874, dut=-0.882874
Mismatch at sample  191: ref=-0.985504, dut=-0.852478
Mismatch at sample  192: ref=0.999908, dut=-0.787659
Mismatch at sample  193: ref=0.999908, dut=-0.729919
Mismatch at sample  194: ref=-0.985504, dut=-0.642944
Mismatch at sample  195: ref=-0.951874, dut=-0.561462
Mismatch at sample  196: ref=-0.908997, dut=-0.457825
Mismatch at sample  197: ref=-0.843811, dut=-0.357788
Mismatch at sample  198: ref=-0.77536, dut=-0.243958
Mismatch at sample  199: ref=-0.682739, dut=-0.131592
Mismatch at sample  200: ref=-0.593018, dut=-0.0147095
Mismatch at sample  201: ref=-0.47876, dut=0.102844
Mismatch at sample  202: ref=-0.373413, dut=0.215454
Mismatch at sample  203: ref=-0.24472, dut=0.330872
Mismatch at sample  204: ref=-0.130341, dut=0.432068
Mismatch at sample  205: ref=0.00473022, dut=0.538086
Mismatch at sample  206: ref=0.120911, dut=0.621521
Mismatch at sample  207: ref=0.253845, dut=0.711487
Mismatch at sample  208: ref=0.364594, dut=0.771912
Mismatch at sample  209: ref=0.48703, dut=0.840149
Mismatch at sample  210: ref=0.585327, dut=0.87384
Mismatch at sample  211: ref=0.689606, dut=0.916077
Mismatch at sample  212: ref=0.769318, dut=0.920837
Mismatch at sample  213: ref=0.848846, dut=0.934387
Mismatch at sample  214: ref=0.904938, dut=0.909973
Mismatch at sample  215: ref=0.954742, dut=0.894043
Mismatch at sample  216: ref=0.983704, dut=0.84198
Mismatch at sample  217: ref=-0.999329, dut=0.797485
Mismatch at sample  218: ref=-0.999329, dut=0.721008
Mismatch at sample  219: ref=0.983704, dut=0.650818
Mismatch at sample  220: ref=0.954742, dut=0.55481
Mismatch at sample  221: ref=0.904938, dut=0.463318
Mismatch at sample  222: ref=0.848846, dut=0.353699
Mismatch at sample  223: ref=0.769318, dut=0.246643
Mismatch at sample  224: ref=0.689606, dut=0.130371
Mismatch at sample  225: ref=0.585327, dut=0.0144653
Mismatch at sample  226: ref=0.48703, dut=-0.101135
Mismatch at sample  227: ref=0.364594, dut=-0.218628
Mismatch at sample  228: ref=0.253845, dut=-0.326294
Mismatch at sample  229: ref=0.120911, dut=-0.437927
Mismatch at sample  230: ref=0.00473022, dut=-0.530945
Mismatch at sample  231: ref=-0.130341, dut=-0.629761
Mismatch at sample  232: ref=-0.24472, dut=-0.702271
Mismatch at sample  233: ref=-0.373413, dut=-0.781982
Mismatch at sample  234: ref=-0.47876, dut=-0.829407
Mismatch at sample  235: ref=-0.593018, dut=-0.885132
Mismatch at sample  236: ref=-0.682739, dut=-0.90448
Mismatch at sample  237: ref=-0.77536, dut=-0.932617
Mismatch at sample  238: ref=-0.843811, dut=-0.922729
Mismatch at sample  239: ref=-0.908997, dut=-0.921509
Mismatch at sample  240: ref=-0.951874, dut=-0.882996
Mismatch at sample  241: ref=-0.985504, dut=-0.852539
Mismatch at sample  242: ref=0.999908, dut=-0.78772
Mismatch at sample  243: ref=0.999908, dut=-0.72998
Mismatch at sample  244: ref=-0.985504, dut=-0.643005
Mismatch at sample  245: ref=-0.951874, dut=-0.561523
Mismatch at sample  246: ref=-0.908997, dut=-0.457886
Mismatch at sample  247: ref=-0.843811, dut=-0.357849
Mismatch at sample  248: ref=-0.77536, dut=-0.244019
Mismatch at sample  249: ref=-0.682739, dut=-0.131653
Mismatch at sample  250: ref=-0.593018, dut=-0.0147705
Mismatch at sample  251: ref=-0.47876, dut=0.102783
Mismatch at sample  252: ref=-0.373413, dut=0.215393
Mismatch at sample  253: ref=-0.24472, dut=0.330811
Mismatch at sample  254: ref=-0.130341, dut=0.431946
Mismatch at sample  255: ref=0.00473022, dut=0.538025
Mismatch at sample  256: ref=0.120911, dut=0.62146
Mismatch at sample  257: ref=0.253845, dut=0.711426
Mismatch at sample  258: ref=0.364594, dut=0.771851
Mismatch at sample  259: ref=0.48703, dut=0.840088
Mismatch at sample  260: ref=0.585327, dut=0.873779
Mismatch at sample  261: ref=0.689606, dut=0.916016
Mismatch at sample  262: ref=0.769318, dut=0.920776
Mismatch at sample  263: ref=0.848846, dut=0.934326
Mismatch at sample  264: ref=0.904938, dut=0.909912
Mismatch at sample  265: ref=0.954742, dut=0.893982
Mismatch at sample  266: ref=0.983704, dut=0.841919
Mismatch at sample  267: ref=-0.999329, dut=0.797424
Mismatch at sample  268: ref=-0.999329, dut=0.721008
Mismatch at sample  269: ref=0.983704, dut=0.650818
Mismatch at sample  270: ref=0.954742, dut=0.554749
Mismatch at sample  271: ref=0.904938, dut=0.463257
Mismatch at sample  272: ref=0.848846, dut=0.353638
Mismatch at sample  273: ref=0.769318, dut=0.246582
Mismatch at sample  274: ref=0.689606, dut=0.13031
Mismatch at sample  275: ref=0.585327, dut=0.0144653
Mismatch at sample  276: ref=0.48703, dut=-0.101135
Mismatch at sample  277: ref=0.364594, dut=-0.218628
Mismatch at sample  278: ref=0.253845, dut=-0.326294
Mismatch at sample  279: ref=0.120911, dut=-0.437988
Mismatch at sample  280: ref=0.00473022, dut=-0.531006
Mismatch at sample  281: ref=-0.130341, dut=-0.629761
Mismatch at sample  282: ref=-0.24472, dut=-0.702271
Mismatch at sample  283: ref=-0.373413, dut=-0.781982
Mismatch at sample  284: ref=-0.47876, dut=-0.829468
Mismatch at sample  285: ref=-0.593018, dut=-0.885132
Mismatch at sample  286: ref=-0.682739, dut=-0.90448
Mismatch at sample  287: ref=-0.77536, dut=-0.932678
Mismatch at sample  288: ref=-0.843811, dut=-0.922729
Mismatch at sample  289: ref=-0.908997, dut=-0.92157
Mismatch at sample  290: ref=-0.951874, dut=-0.882996
Mismatch at sample  291: ref=-0.985504, dut=-0.852539
Mismatch at sample  292: ref=0.999908, dut=-0.787781
Mismatch at sample  293: ref=0.999908, dut=-0.72998
Mismatch at sample  294: ref=-0.985504, dut=-0.643066
Mismatch at sample  295: ref=-0.951874, dut=-0.561584
Mismatch at sample  296: ref=-0.908997, dut=-0.457947
Mismatch at sample  297: ref=-0.843811, dut=-0.357849
Mismatch at sample  298: ref=-0.77536, dut=-0.244019
Mismatch at sample  299: ref=-0.682739, dut=-0.131653
Mismatch at sample  300: ref=-0.593018, dut=-0.0148315
Mismatch at sample  301: ref=-0.47876, dut=0.102783
Mismatch at sample  302: ref=-0.373413, dut=0.215332
Mismatch at sample  303: ref=-0.24472, dut=0.33075
Mismatch at sample  304: ref=-0.130341, dut=0.431946
Mismatch at sample  305: ref=0.00473022, dut=0.537964
Mismatch at sample  306: ref=0.120911, dut=0.621399
Mismatch at sample  307: ref=0.253845, dut=0.711365
Mismatch at sample  308: ref=0.364594, dut=0.77179
Mismatch at sample  309: ref=0.48703, dut=0.840088
Mismatch at sample  310: ref=0.585327, dut=0.873779
Mismatch at sample  311: ref=0.689606, dut=0.915955
Mismatch at sample  312: ref=0.769318, dut=0.920776
Mismatch at sample  313: ref=0.848846, dut=0.934326
Mismatch at sample  314: ref=0.904938, dut=0.909912
Mismatch at sample  315: ref=0.954742, dut=0.893982
Mismatch at sample  316: ref=0.983704, dut=0.841919
Mismatch at sample  317: ref=-0.999329, dut=0.797424
Mismatch at sample  318: ref=-0.999329, dut=0.720947
Mismatch at sample  319: ref=0.983704, dut=0.650818
Mismatch at sample  320: ref=0.954742, dut=0.554749
Mismatch at sample  321: ref=0.904938, dut=0.463257
Mismatch at sample  322: ref=0.848846, dut=0.353638
Mismatch at sample  323: ref=0.769318, dut=0.246582
Mismatch at sample  324: ref=0.689606, dut=0.13031
Mismatch at sample  325: ref=0.585327, dut=0.0144653
Mismatch at sample  326: ref=0.48703, dut=-0.101196
Mismatch at sample  327: ref=0.364594, dut=-0.218628
Mismatch at sample  328: ref=0.253845, dut=-0.326355
Mismatch at sample  329: ref=0.120911, dut=-0.437988
Mismatch at sample  330: ref=0.00473022, dut=-0.531006
Mismatch at sample  331: ref=-0.130341, dut=-0.629822
Mismatch at sample  332: ref=-0.24472, dut=-0.702332
Mismatch at sample  333: ref=-0.373413, dut=-0.782043
Mismatch at sample  334: ref=-0.47876, dut=-0.829468
Mismatch at sample  335: ref=-0.593018, dut=-0.885132
Mismatch at sample  336: ref=-0.682739, dut=-0.904541
Mismatch at sample  337: ref=-0.77536, dut=-0.932678
Mismatch at sample  338: ref=-0.843811, dut=-0.922729
Mismatch at sample  339: ref=-0.908997, dut=-0.92157
Mismatch at sample  340: ref=-0.951874, dut=-0.882996
Mismatch at sample  341: ref=-0.985504, dut=-0.852539
Mismatch at sample  342: ref=0.999908, dut=-0.787781
Mismatch at sample  343: ref=0.999908, dut=-0.72998
Mismatch at sample  344: ref=-0.985504, dut=-0.643066
Mismatch at sample  345: ref=-0.951874, dut=-0.561584
Mismatch at sample  346: ref=-0.908997, dut=-0.457947
Mismatch at sample  347: ref=-0.843811, dut=-0.357849
Mismatch at sample  348: ref=-0.77536, dut=-0.24408
Mismatch at sample  349: ref=-0.682739, dut=-0.131653
Mismatch at sample  350: ref=-0.593018, dut=-0.0148315
Mismatch at sample  351: ref=-0.47876, dut=0.102783
Mismatch at sample  352: ref=-0.373413, dut=0.215332
Mismatch at sample  353: ref=-0.24472, dut=0.33075
Mismatch at sample  354: ref=-0.130341, dut=0.431946
Mismatch at sample  355: ref=0.00473022, dut=0.537964
Mismatch at sample  356: ref=0.120911, dut=0.621399
Mismatch at sample  357: ref=0.253845, dut=0.711365
Mismatch at sample  358: ref=0.364594, dut=0.77179
Mismatch at sample  359: ref=0.48703, dut=0.840088
Mismatch at sample  360: ref=0.585327, dut=0.873718
Mismatch at sample  361: ref=0.689606, dut=0.915955
Mismatch at sample  362: ref=0.769318, dut=0.920776
Mismatch at sample  363: ref=0.848846, dut=0.934326
Mismatch at sample  364: ref=0.904938, dut=0.909912
Mismatch at sample  365: ref=0.954742, dut=0.893982
Mismatch at sample  366: ref=0.983704, dut=0.841858
Mismatch at sample  367: ref=-0.999329, dut=0.797424
Mismatch at sample  368: ref=-0.999329, dut=0.720947
Mismatch at sample  369: ref=0.983704, dut=0.650757
Mismatch at sample  370: ref=0.954742, dut=0.554749
Mismatch at sample  371: ref=0.904938, dut=0.463257
Mismatch at sample  372: ref=0.848846, dut=0.353638
Mismatch at sample  373: ref=0.769318, dut=0.246582
Mismatch at sample  374: ref=0.689606, dut=0.13031
Mismatch at sample  375: ref=0.585327, dut=0.0144653
Mismatch at sample  376: ref=0.48703, dut=-0.101196
Mismatch at sample  377: ref=0.364594, dut=-0.218628
Mismatch at sample  378: ref=0.253845, dut=-0.326355
Mismatch at sample  379: ref=0.120911, dut=-0.437988
Mismatch at sample  380: ref=0.00473022, dut=-0.531006
Mismatch at sample  381: ref=-0.130341, dut=-0.629822
Mismatch at sample  382: ref=-0.24472, dut=-0.702332
Mismatch at sample  383: ref=-0.373413, dut=-0.782043
Mismatch at sample  384: ref=-0.47876, dut=-0.829468
Mismatch at sample  385: ref=-0.593018, dut=-0.885132
Mismatch at sample  386: ref=-0.682739, dut=-0.904541
Mismatch at sample  387: ref=-0.77536, dut=-0.932678
Mismatch at sample  388: ref=-0.843811, dut=-0.922729
Mismatch at sample  389: ref=-0.908997, dut=-0.92157
Mismatch at sample  390: ref=-0.951874, dut=-0.882996
Mismatch at sample  391: ref=-0.985504, dut=-0.8526
Mismatch at sample  392: ref=0.999908, dut=-0.787781
Mismatch at sample  393: ref=0.999908, dut=-0.730042
Mismatch at sample  394: ref=-0.985504, dut=-0.643066
Mismatch at sample  395: ref=-0.951874, dut=-0.561584
Mismatch at sample  396: ref=-0.908997, dut=-0.457947
Mismatch at sample  397: ref=-0.843811, dut=-0.357849
Mismatch at sample  398: ref=-0.77536, dut=-0.24408
Mismatch at sample  399: ref=-0.682739, dut=-0.131653
Mismatch at sample  400: ref=-0.593018, dut=-0.0148315
Mismatch at sample  401: ref=-0.47876, dut=0.102783
Mismatch at sample  402: ref=-0.373413, dut=0.215332
Mismatch at sample  403: ref=-0.24472, dut=0.33075
Mismatch at sample  404: ref=-0.130341, dut=0.431946
Mismatch at sample  405: ref=0.00473022, dut=0.537964
Mismatch at sample  406: ref=0.120911, dut=0.621399
Mismatch at sample  407: ref=0.253845, dut=0.711365
Mismatch at sample  408: ref=0.364594, dut=0.77179
Mismatch at sample  409: ref=0.48703, dut=0.840088
Mismatch at sample  410: ref=0.585327, dut=0.873718
Mismatch at sample  411: ref=0.689606, dut=0.915955
Mismatch at sample  412: ref=0.769318, dut=0.920776
Mismatch at sample  413: ref=0.848846, dut=0.934326
Mismatch at sample  414: ref=0.904938, dut=0.909912
Mismatch at sample  415: ref=0.954742, dut=0.893982
Mismatch at sample  416: ref=0.983704, dut=0.841858
Mismatch at sample  417: ref=-0.999329, dut=0.797424
Mismatch at sample  418: ref=-0.999329, dut=0.720947
Mismatch at sample  419: ref=0.983704, dut=0.650757
Mismatch at sample  420: ref=0.954742, dut=0.554749
Mismatch at sample  421: ref=0.904938, dut=0.463257
Mismatch at sample  422: ref=0.848846, dut=0.353638
Mismatch at sample  423: ref=0.769318, dut=0.246582
Mismatch at sample  424: ref=0.689606, dut=0.13031
Mismatch at sample  425: ref=0.585327, dut=0.0144043
Mismatch at sample  426: ref=0.48703, dut=-0.101196
Mismatch at sample  427: ref=0.364594, dut=-0.218628
Mismatch at sample  428: ref=0.253845, dut=-0.326355
Mismatch at sample  429: ref=0.120911, dut=-0.437988
Mismatch at sample  430: ref=0.00473022, dut=-0.531006
Mismatch at sample  431: ref=-0.130341, dut=-0.629822
Mismatch at sample  432: ref=-0.24472, dut=-0.702332
Mismatch at sample  433: ref=-0.373413, dut=-0.782043
Mismatch at sample  434: ref=-0.47876, dut=-0.829468
Mismatch at sample  435: ref=-0.593018, dut=-0.885193
Mismatch at sample  436: ref=-0.682739, dut=-0.904541
Mismatch at sample  437: ref=-0.77536, dut=-0.932678
Mismatch at sample  438: ref=-0.843811, dut=-0.922791
Mismatch at sample  439: ref=-0.908997, dut=-0.92157
Mismatch at sample  440: ref=-0.951874, dut=-0.882996
Mismatch at sample  441: ref=-0.985504, dut=-0.8526
Mismatch at sample  442: ref=0.999908, dut=-0.787781
Mismatch at sample  443: ref=0.999908, dut=-0.730042
Mismatch at sample  444: ref=-0.985504, dut=-0.643066
Mismatch at sample  445: ref=-0.951874, dut=-0.561584
Mismatch at sample  446: ref=-0.908997, dut=-0.457947
Mismatch at sample  447: ref=-0.843811, dut=-0.357849
Mismatch at sample  448: ref=-0.77536, dut=-0.24408
Mismatch at sample  449: ref=-0.682739, dut=-0.131653
Mismatch at sample  450: ref=-0.593018, dut=-0.0148315
Mismatch at sample  451: ref=-0.47876, dut=0.102783
Mismatch at sample  452: ref=-0.373413, dut=0.215332
Mismatch at sample  453: ref=-0.24472, dut=0.33075
Mismatch at sample  454: ref=-0.130341, dut=0.431946
Mismatch at sample  455: ref=0.00473022, dut=0.537964
Mismatch at sample  456: ref=0.120911, dut=0.621399
Mismatch at sample  457: ref=0.253845, dut=0.711365
Mismatch at sample  458: ref=0.364594, dut=0.77179
Mismatch at sample  459: ref=0.48703, dut=0.840088
---------------------------------------
Testbench Results
Samples processed : 460
Mismatches        : 459
Status: FAIL [!!] (459 samples out of tolerance)
---------------------------------------
INFO [HLS SIM]: The maximum depth reached by any hls::stream() instance in the design is 460
INFO: [SIM 211-1] CSim done with 0 errors.
INFO: [SIM 211-3] *************** CSIM finish ***************
INFO: [HLS 200-112] Total CPU user time: 3 seconds. Total CPU system time: 1 seconds. Total elapsed time: 8.992 seconds; peak allocated memory: 273.715 MB.
INFO: [vitis-run 60-791] Total elapsed time: 0h 0m 14s
