  **** HLS Build v2024.2 5238294
INFO: [HLS 200-2005] Using work_dir C:/HLS-multirate-DSP/HLS_Multirate/FIR_Cascade_HLS/FIR_Cascade_HLS 
INFO: [HLS 200-1505] Using default flow_target 'vivado'
Resolution: For help on HLS 200-1505 see docs.xilinx.com/access/sources/dita/topic?Doc_Version=2024.2%20English&url=ug1448-hls-guidance&resourceid=200-1505.html
INFO: [HLS 200-1465] Applying ini 'syn.file=FIR_HLS.cpp' from C:/HLS-multirate-DSP/HLS_Multirate/FIR_Cascade_HLS/hls_config.cfg(7)
INFO: [HLS 200-10] Adding design file 'C:/HLS-multirate-DSP/HLS_Multirate/FIR_Cascade_HLS/FIR_HLS.cpp' to the project
INFO: [HLS 200-1465] Applying ini 'syn.file=FIR_HLS.h' from C:/HLS-multirate-DSP/HLS_Multirate/FIR_Cascade_HLS/hls_config.cfg(8)
INFO: [HLS 200-10] Adding design file 'C:/HLS-multirate-DSP/HLS_Multirate/FIR_Cascade_HLS/FIR_HLS.h' to the project
INFO: [HLS 200-1465] Applying ini 'syn.file=../../Matlab/FIR_multirate_cascade_HLS.h' from C:/HLS-multirate-DSP/HLS_Multirate/FIR_Cascade_HLS/hls_config.cfg(9)
INFO: [HLS 200-10] Adding design file 'C:/HLS-multirate-DSP/Matlab/FIR_multirate_cascade_HLS.h' to the project
INFO: [HLS 200-1465] Applying ini 'tb.file=FIR_HLS_TB.cpp' from C:/HLS-multirate-DSP/HLS_Multirate/FIR_Cascade_HLS/hls_config.cfg(10)
INFO: [HLS 200-10] Adding test bench file 'C:/HLS-multirate-DSP/HLS_Multirate/FIR_Cascade_HLS/FIR_HLS_TB.cpp' to the project
INFO: [HLS 200-1465] Applying ini 'tb.file=../../Matlab/TS_HLS_multirate_cascade.res' from C:/HLS-multirate-DSP/HLS_Multirate/FIR_Cascade_HLS/hls_config.cfg(11)
INFO: [HLS 200-10] Adding test bench file 'C:/HLS-multirate-DSP/Matlab/TS_HLS_multirate_cascade.res' to the project
INFO: [HLS 200-1465] Applying ini 'tb.file=../../Matlab/TS_HLS_multirate_cascade.dat' from C:/HLS-multirate-DSP/HLS_Multirate/FIR_Cascade_HLS/hls_config.cfg(12)
INFO: [HLS 200-10] Adding test bench file 'C:/HLS-multirate-DSP/Matlab/TS_HLS_multirate_cascade.dat' to the project
INFO: [HLS 200-1465] Applying ini 'syn.top=FIR_Cascade_HLS' from C:/HLS-multirate-DSP/HLS_Multirate/FIR_Cascade_HLS/hls_config.cfg(13)
INFO: [HLS 200-1465] Applying ini 'flow_target=vivado' from C:/HLS-multirate-DSP/HLS_Multirate/FIR_Cascade_HLS/hls_config.cfg(4)
INFO: [HLS 200-1505] Using flow_target 'vivado'
Resolution: For help on HLS 200-1505 see docs.xilinx.com/access/sources/dita/topic?Doc_Version=2024.2%20English&url=ug1448-hls-guidance&resourceid=200-1505.html
INFO: [HLS 200-1465] Applying ini 'part=xck26-sfvc784-2LV-c' from C:/HLS-multirate-DSP/HLS_Multirate/FIR_Cascade_HLS/hls_config.cfg(1)
INFO: [HLS 200-1611] Setting target device to 'xck26-sfvc784-2LV-c'
INFO: [HLS 200-1465] Applying ini 'package.ip.display_name=FIR_Cascade_HLS' from C:/HLS-multirate-DSP/HLS_Multirate/FIR_Cascade_HLS/hls_config.cfg(14)
INFO: [HLS 200-1465] Applying ini 'package.output.format=ip_catalog' from C:/HLS-multirate-DSP/HLS_Multirate/FIR_Cascade_HLS/hls_config.cfg(5)
INFO: [SIM 211-2] *************** CSIM start ***************
INFO: [SIM 211-4] CSIM will launch CLANG as the compiler.
INFO: [HLS 200-2036] Building debug C Simulation binaries
   Compiling ../../../../FIR_HLS_TB.cpp in debug mode
   Compiling ../../../../FIR_HLS.cpp in debug mode
   Generating csim.exe
In file included from ../../../../FIR_HLS_TB.cpp:1:
In file included from ../../../../FIR_HLS.h:2:
In file included from C:/AMD/Vitis/2024.2/include/ap_fixed.h:9:
In file included from C:/AMD/Vitis/2024.2/include/etc/ap_common.h:658:
In file included from C:/AMD/Vitis/2024.2/include/etc/ap_private.h:68:
In file included from C:/AMD/Vitis/2024.2/include/hls_half.h:26:
In file included from C:/AMD/Vitis/2024.2/include/etc/hls_half_fpo.h:19:
In file included from C:/AMD/Vitis/2024.2/include/hls_fpo.h:140:
In file included from C:/AMD/Vitis/2024.2/include/floating_point_v7_1_bitacc_cmodel.h:150:
C:/AMD/Vitis/2024.2/include/gmp.h:58:9: warning: '__GMP_LIBGMP_DLL' macro redefined [-Wmacro-redefined]
#define __GMP_LIBGMP_DLL  0
        ^
C:/AMD/Vitis/2024.2/include/floating_point_v7_1_bitacc_cmodel.h:142:9: note: previous definition is here
#define __GMP_LIBGMP_DLL 1
        ^
1 warning generated.
In file included from ../../../../FIR_HLS.cpp:1:
In file included from ../../../../FIR_HLS.h:2:
In file included from C:/AMD/Vitis/2024.2/include/ap_fixed.h:9:
In file included from C:/AMD/Vitis/2024.2/include/etc/ap_common.h:658:
In file included from C:/AMD/Vitis/2024.2/include/etc/ap_private.h:68:
In file included from C:/AMD/Vitis/2024.2/include/hls_half.h:26:
In file included from C:/AMD/Vitis/2024.2/include/etc/hls_half_fpo.h:19:
In file included from C:/AMD/Vitis/2024.2/include/hls_fpo.h:140:
In file included from C:/AMD/Vitis/2024.2/include/floating_point_v7_1_bitacc_cmodel.h:150:
C:/AMD/Vitis/2024.2/include/gmp.h:58:9: warning: '__GMP_LIBGMP_DLL' macro redefined [-Wmacro-redefined]
#define __GMP_LIBGMP_DLL  0
        ^
C:/AMD/Vitis/2024.2/include/floating_point_v7_1_bitacc_cmodel.h:142:9: note: previous definition is here
#define __GMP_LIBGMP_DLL 1
        ^
1 warning generated.
INFO: Reading ../../../../../../Matlab/TS_HLS_multirate_cascade.dat
INFO: Read 460 samples from ../../../../../../Matlab/TS_HLS_multirate_cascade.dat
INFO: Reading ../../../../../../Matlab/TS_HLS_multirate_cascade.res
INFO: Read 460 samples from ../../../../../../Matlab/TS_HLS_multirate_cascade.res
INFO: Input and reference data lengths match.
Y1 output 0
Y1 output 0.0107422
Y1 output 0.0253601
Y1 output 0.0313416
Y1 output 0.0470276
Y1 output 0.0618896
Y1 output 0.0793152
Y1 output 0.0957336
Y1 output 0.110962
Y1 output 0.123322
Y1 output 0.13208
Y1 output 0.136353
Y1 output 0.135803
Y1 output 0.130157
Y1 output 0.11972
Y1 output 0.10495
Y1 output 0.0865784
Y1 output 0.0656738
Y1 output 0.0433655
Y1 output 0.0209656
Y1 output -0.000274658
Y1 output -0.019104
Y1 output -0.0345154
Y1 output -0.0455627
Y1 output -0.0517273
Y1 output -0.0527039
Y1 output -0.0484924
Y1 output -0.0394897
Y1 output -0.0263367
Y1 output -0.0098877
Y1 output 0.00866699
Y1 output 0.0281372
Y1 output 0.0472412
Y1 output 0.0646667
Y1 output 0.0792847
Y1 output 0.0901184
Y1 output 0.096405
Y1 output 0.0977478
Y1 output 0.0939331
Y1 output 0.0852356
Y1 output 0.0720825
Y1 output 0.0552979
Y1 output 0.0358582
Y1 output 0.0149841
Y1 output -0.006073
Y1 output -0.026001
Y1 output -0.0436401
Y1 output -0.0578613
Y1 output -0.0678101
Y1 output -0.072937
Y1 output -0.072876
Y1 output -0.0677185
Y1 output -0.0578003
Y1 output -0.0437622
Y1 output -0.0265198
Y1 output -0.00714111
Y1 output 0.013092
Y1 output 0.0328674
Y1 output 0.0509949
Y1 output 0.0662537
Y1 output 0.0776978
Y1 output 0.0845947
Y1 output 0.0864563
Y1 output 0.0832214
Y1 output 0.0749817
Y1 output 0.0623474
Y1 output 0.0460205
Y1 output 0.0270386
Y1 output 0.0065918
Y1 output -0.0140686
Y1 output -0.0336304
Y1 output -0.0509033
Y1 output -0.0647583
Y1 output -0.0744019
Y1 output -0.0791931
Y1 output -0.0788574
Y1 output -0.0734253
Y1 output -0.0632324
Y1 output -0.0489197
Y1 output -0.0314331
Y1 output -0.0118103
Y1 output 0.00860596
Y1 output 0.028656
Y1 output 0.046936
Y1 output 0.0624084
Y1 output 0.0740356
Y1 output 0.0811157
Y1 output 0.0831604
Y1 output 0.0800476
Y1 output 0.071991
Y1 output 0.0594788
Y1 output 0.0432739
Y1 output 0.0244446
Y1 output 0.00408936
Y1 output -0.0164185
Y1 output -0.0358887
Y1 output -0.0530396
Y1 output -0.066803
Y1 output -0.076355
Y1 output -0.0810547
Y1 output -0.0806274
Y1 output -0.0751038
Y1 output -0.0648193
Y1 output -0.0504456
Y1 output -0.0328674
Y1 output -0.0132141
Y1 output 0.0072937
Y1 output 0.0273743
Y1 output 0.0457458
Y1 output 0.0612793
Y1 output 0.0729675
Y1 output 0.0800781
Y1 output 0.0821838
Y1 output 0.0791321
Y1 output 0.071106
Y1 output 0.0586243
Y1 output 0.0424805
Y1 output 0.0236511
Y1 output 0.00335693
Y1 output -0.0171204
Y1 output -0.0365601
Y1 output -0.0536804
Y1 output -0.0674133
Y1 output -0.0769348
Y1 output -0.081604
Y1 output -0.0811462
Y1 output -0.075592
Y1 output -0.0653076
Y1 output -0.0509033
Y1 output -0.0332947
Y1 output -0.0136108
Y1 output 0.00689697
Y1 output 0.0270081
Y1 output 0.0454102
Y1 output 0.0609436
Y1 output 0.0726318
Y1 output 0.0797729
Y1 output 0.0818787
Y1 output 0.0788574
Y1 output 0.0708313
Y1 output 0.0583801
Y1 output 0.0422363
Y1 output 0.0234375
Y1 output 0.00314331
Y1 output -0.017334
Y1 output -0.0367432
Y1 output -0.0538635
Y1 output -0.0675964
Y1 output -0.0770874
Y1 output -0.0817566
Y1 output -0.0812988
Y1 output -0.0757446
Y1 output -0.0654297
Y1 output -0.0510254
Y1 output -0.0334167
Y1 output -0.0137329
Y1 output 0.00680542
Y1 output 0.0269165
Y1 output 0.0453186
Y1 output 0.0608521
Y1 output 0.0725708
Y1 output 0.0797119
Y1 output 0.0818176
Y1 output 0.0787964
Y1 output 0.0707703
Y1 output 0.0583191
Y1 output 0.0422058
Y1 output 0.0233765
Y1 output 0.00311279
Y1 output -0.0173645
Y1 output -0.0367737
Y1 output -0.053894
Y1 output -0.067627
Y1 output -0.0771179
Y1 output -0.0817871
Y1 output -0.0812988
Y1 output -0.0757751
Y1 output -0.0654602
Y1 output -0.0510559
Y1 output -0.0334473
Y1 output -0.0137634
Y1 output 0.0067749
Y1 output 0.026886
Y1 output 0.0452881
Y1 output 0.0608215
Y1 output 0.0725403
Y1 output 0.0796814
Y1 output 0.0817871
Y1 output 0.0787659
Y1 output 0.0707397
Y1 output 0.0583191
Y1 output 0.0421753
Y1 output 0.0233765
Y1 output 0.00308228
Y1 output -0.017395
Y1 output -0.0368042
Y1 output -0.0539246
Y1 output -0.0676575
Y1 output -0.0771484
Y1 output -0.0818176
Y1 output -0.0813293
Y1 output -0.0758057
Y1 output -0.0654602
Y1 output -0.0510864
Y1 output -0.0334778
Y1 output -0.0137939
Y1 output 0.00674438
Y1 output 0.0268555
Y1 output 0.0452576
Y1 output 0.060791
Y1 output 0.0725098
Y1 output 0.0796509
Y1 output 0.0817566
Y1 output 0.0787354
Y1 output 0.0707092
Y1 output 0.0582886
Y1 output 0.0421448
Y1 output 0.0233459
Y1 output 0.00308228
Y1 output -0.0174255
Y1 output -0.0368042
Y1 output -0.0539246
Y1 output -0.0676575
Y1 output -0.0771484
Y1 output -0.0818176
Y1 output -0.0813293
Y1 output -0.0758057
Y1 output -0.0654602
Y1 output -0.0510864
Y1 output -0.0334778
Mismatch at sample    1: ref=          0, dut=0.058197
Mismatch at sample    2: ref=0.000152588, dut=0.115601
Mismatch at sample    3: ref=-0.000305176, dut=0.170868
Mismatch at sample    4: ref=-0.0196533, dut=0.222565
Mismatch at sample    5: ref=0.0296326, dut=0.275024
Mismatch at sample    6: ref=0.125641, dut=0.317444
Mismatch at sample    7: ref=0.241913, dut=0.361053
Mismatch at sample    8: ref=0.363495, dut=0.39209
Mismatch at sample    9: ref=0.48764, dut=0.425323
Mismatch at sample   10: ref=0.585327, dut=0.442902
Mismatch at sample   11: ref=0.689606, dut=0.462921
Mismatch at sample   12: ref=0.769318, dut=0.466064
Mismatch at sample   13: ref=0.848846, dut=0.471924
Mismatch at sample   14: ref=0.904938, dut=0.460388
Mismatch at sample   15: ref=0.954742, dut=0.451508
Mismatch at sample   16: ref=0.983704, dut=0.426117
Mismatch at sample   17: ref=-0.999329, dut=0.403015
Mismatch at sample   18: ref=-0.999329, dut=0.365417
Mismatch at sample   19: ref=0.983704, dut=0.329498
Mismatch at sample   20: ref=0.954742, dut=0.282043
Mismatch at sample   21: ref=0.904938, dut=0.235535
Mismatch at sample   22: ref=0.848846, dut=0.181274
Mismatch at sample   23: ref=0.769318, dut=0.127014
Mismatch at sample   24: ref=0.689606, dut=0.069397
Mismatch at sample   25: ref=0.585327, dut=0.0107727
Mismatch at sample   26: ref=0.48703, dut=-0.0465393
Mismatch at sample   27: ref=0.364594, dut=-0.105957
Mismatch at sample   28: ref=0.253845, dut=-0.159302
Mismatch at sample   29: ref=0.120911, dut=-0.21579
Mismatch at sample   30: ref=0.00473022, dut=-0.261841
Mismatch at sample   31: ref=-0.130341, dut=-0.311829
Mismatch at sample   32: ref=-0.24472, dut=-0.347656
Mismatch at sample   33: ref=-0.373413, dut=-0.388123
Mismatch at sample   34: ref=-0.47876, dut=-0.411407
Mismatch at sample   35: ref=-0.593018, dut=-0.439819
Mismatch at sample   36: ref=-0.682739, dut=-0.449097
Mismatch at sample   37: ref=-0.77536, dut=-0.463715
Mismatch at sample   38: ref=-0.843811, dut=-0.458374
Mismatch at sample   39: ref=-0.908997, dut=-0.458282
Mismatch at sample   40: ref=-0.951874, dut=-0.438629
Mismatch at sample   41: ref=-0.985504, dut=-0.42392
Mismatch at sample   42: ref=0.999908, dut=-0.391144
Mismatch at sample   43: ref=0.999908, dut=-0.362732
Mismatch at sample   44: ref=-0.985504, dut=-0.318939
Mismatch at sample   45: ref=-0.951874, dut=-0.278625
Mismatch at sample   46: ref=-0.908997, dut=-0.226501
Mismatch at sample   47: ref=-0.843811, dut=-0.17688
Mismatch at sample   48: ref=-0.77536, dut=-0.11969
Mismatch at sample   49: ref=-0.682739, dut=-0.0638733
Mismatch at sample   50: ref=-0.593018, dut=-0.00515747
Mismatch at sample   51: ref=-0.47876, dut=0.0532532
Mismatch at sample   52: ref=-0.373413, dut=0.109802
Mismatch at sample   53: ref=-0.24472, dut=0.167145
Mismatch at sample   54: ref=-0.130341, dut=0.218018
Mismatch at sample   55: ref=0.00473022, dut=0.270691
Mismatch at sample   56: ref=0.120911, dut=0.312653
Mismatch at sample   57: ref=0.253845, dut=0.3573
Mismatch at sample   58: ref=0.364594, dut=0.387756
Mismatch at sample   59: ref=0.48703, dut=0.42157
Mismatch at sample   60: ref=0.585327, dut=0.438629
Mismatch at sample   61: ref=0.689606, dut=0.459473
Mismatch at sample   62: ref=0.769318, dut=0.462067
Mismatch at sample   63: ref=0.848846, dut=0.468567
Mismatch at sample   64: ref=0.904938, dut=0.456573
Mismatch at sample   65: ref=0.954742, dut=0.448334
Mismatch at sample   66: ref=0.983704, dut=0.422485
Mismatch at sample   67: ref=-0.999329, dut=0.399994
Mismatch at sample   68: ref=-0.999329, dut=0.361938
Mismatch at sample   69: ref=0.983704, dut=0.326599
Mismatch at sample   70: ref=0.954742, dut=0.278748
Mismatch at sample   71: ref=0.904938, dut=0.232788
Mismatch at sample   72: ref=0.848846, dut=0.178131
Mismatch at sample   73: ref=0.769318, dut=0.12439
Mismatch at sample   74: ref=0.689606, dut=0.0664063
Mismatch at sample   75: ref=0.585327, dut=0.00827026
Mismatch at sample   76: ref=0.48703, dut=-0.0493774
Mismatch at sample   77: ref=0.364594, dut=-0.108337
Mismatch at sample   78: ref=0.253845, dut=-0.162018
Mismatch at sample   79: ref=0.120911, dut=-0.218048
Mismatch at sample   80: ref=0.00473022, dut=-0.264404
Mismatch at sample   81: ref=-0.130341, dut=-0.313995
Mismatch at sample   82: ref=-0.24472, dut=-0.350128
Mismatch at sample   83: ref=-0.373413, dut=-0.390167
Mismatch at sample   84: ref=-0.47876, dut=-0.413757
Mismatch at sample   85: ref=-0.593018, dut=-0.441772
Mismatch at sample   86: ref=-0.682739, dut=-0.451324
Mismatch at sample   87: ref=-0.77536, dut=-0.465546
Mismatch at sample   88: ref=-0.843811, dut=-0.46048
Mismatch at sample   89: ref=-0.908997, dut=-0.460052
Mismatch at sample   90: ref=-0.951874, dut=-0.440674
Mismatch at sample   91: ref=-0.985504, dut=-0.425598
Mismatch at sample   92: ref=0.999908, dut=-0.393097
Mismatch at sample   93: ref=0.999908, dut=-0.364349
Mismatch at sample   94: ref=-0.985504, dut=-0.32077
Mismatch at sample   95: ref=-0.951874, dut=-0.280151
Mismatch at sample   96: ref=-0.908997, dut=-0.228241
Mismatch at sample   97: ref=-0.843811, dut=-0.178345
Mismatch at sample   98: ref=-0.77536, dut=-0.121338
Mismatch at sample   99: ref=-0.682739, dut=-0.0652771
Mismatch at sample  100: ref=-0.593018, dut=-0.00674438
Mismatch at sample  101: ref=-0.47876, dut=0.0519104
Mismatch at sample  102: ref=-0.373413, dut=0.108276
Mismatch at sample  103: ref=-0.24472, dut=0.165894
Mismatch at sample  104: ref=-0.130341, dut=0.216583
Mismatch at sample  105: ref=0.00473022, dut=0.26947
Mismatch at sample  106: ref=0.120911, dut=0.311279
Mismatch at sample  107: ref=0.253845, dut=0.356171
Mismatch at sample  108: ref=0.364594, dut=0.386444
Mismatch at sample  109: ref=0.48703, dut=0.420502
Mismatch at sample  110: ref=0.585327, dut=0.437408
Mismatch at sample  111: ref=0.689606, dut=0.458435
Mismatch at sample  112: ref=0.769318, dut=0.460876
Mismatch at sample  113: ref=0.848846, dut=0.46759
Mismatch at sample  114: ref=0.904938, dut=0.455444
Mismatch at sample  115: ref=0.954742, dut=0.447388
Mismatch at sample  116: ref=0.983704, dut=0.421387
Mismatch at sample  117: ref=-0.999329, dut=0.399078
Mismatch at sample  118: ref=-0.999329, dut=0.360931
Mismatch at sample  119: ref=0.983704, dut=0.325745
Mismatch at sample  120: ref=0.954742, dut=0.277771
Mismatch at sample  121: ref=0.904938, dut=0.231964
Mismatch at sample  122: ref=0.848846, dut=0.177216
Mismatch at sample  123: ref=0.769318, dut=0.123627
Mismatch at sample  124: ref=0.689606, dut=0.0655212
Mismatch at sample  125: ref=0.585327, dut=0.00753784
Mismatch at sample  126: ref=0.48703, dut=-0.0502319
Mismatch at sample  127: ref=0.364594, dut=-0.109039
Mismatch at sample  128: ref=0.253845, dut=-0.162842
Mismatch at sample  129: ref=0.120911, dut=-0.218719
Mismatch at sample  130: ref=0.00473022, dut=-0.265167
Mismatch at sample  131: ref=-0.130341, dut=-0.314636
Mismatch at sample  132: ref=-0.24472, dut=-0.350861
Mismatch at sample  133: ref=-0.373413, dut=-0.390747
Mismatch at sample  134: ref=-0.47876, dut=-0.414459
Mismatch at sample  135: ref=-0.593018, dut=-0.442352
Mismatch at sample  136: ref=-0.682739, dut=-0.451996
Mismatch at sample  137: ref=-0.77536, dut=-0.466095
Mismatch at sample  138: ref=-0.843811, dut=-0.461121
Mismatch at sample  139: ref=-0.908997, dut=-0.460571
Mismatch at sample  140: ref=-0.951874, dut=-0.441254
Mismatch at sample  141: ref=-0.985504, dut=-0.426086
Mismatch at sample  142: ref=0.999908, dut=-0.393646
Mismatch at sample  143: ref=0.999908, dut=-0.364838
Mismatch at sample  144: ref=-0.985504, dut=-0.32132
Mismatch at sample  145: ref=-0.951874, dut=-0.280609
Mismatch at sample  146: ref=-0.908997, dut=-0.22876
Mismatch at sample  147: ref=-0.843811, dut=-0.178772
Mismatch at sample  148: ref=-0.77536, dut=-0.121826
Mismatch at sample  149: ref=-0.682739, dut=-0.0656738
Mismatch at sample  150: ref=-0.593018, dut=-0.00723267
Mismatch at sample  151: ref=-0.47876, dut=0.0515442
Mismatch at sample  152: ref=-0.373413, dut=0.107849
Mismatch at sample  153: ref=-0.24472, dut=0.165527
Mismatch at sample  154: ref=-0.130341, dut=0.216156
Mismatch at sample  155: ref=0.00473022, dut=0.269135
Mismatch at sample  156: ref=0.120911, dut=0.310852
Mismatch at sample  157: ref=0.253845, dut=0.355835
Mismatch at sample  158: ref=0.364594, dut=0.386078
Mismatch at sample  159: ref=0.48703, dut=0.420166
Mismatch at sample  160: ref=0.585327, dut=0.437012
Mismatch at sample  161: ref=0.689606, dut=0.45813
Mismatch at sample  162: ref=0.769318, dut=0.460541
Mismatch at sample  163: ref=0.848846, dut=0.467285
Mismatch at sample  164: ref=0.904938, dut=0.455109
Mismatch at sample  165: ref=0.954742, dut=0.447113
Mismatch at sample  166: ref=0.983704, dut=0.421082
Mismatch at sample  167: ref=-0.999329, dut=0.398834
Mismatch at sample  168: ref=-0.999329, dut=0.360626
Mismatch at sample  169: ref=0.983704, dut=0.3255
Mismatch at sample  170: ref=0.954742, dut=0.277496
Mismatch at sample  171: ref=0.904938, dut=0.23172
Mismatch at sample  172: ref=0.848846, dut=0.176941
Mismatch at sample  173: ref=0.769318, dut=0.123413
Mismatch at sample  174: ref=0.689606, dut=0.0652771
Mismatch at sample  175: ref=0.585327, dut=0.00732422
Mismatch at sample  176: ref=0.48703, dut=-0.0504761
Mismatch at sample  177: ref=0.364594, dut=-0.109222
Mismatch at sample  178: ref=0.253845, dut=-0.163055
Mismatch at sample  179: ref=0.120911, dut=-0.218903
Mismatch at sample  180: ref=0.00473022, dut=-0.265411
Mismatch at sample  181: ref=-0.130341, dut=-0.314819
Mismatch at sample  182: ref=-0.24472, dut=-0.351074
Mismatch at sample  183: ref=-0.373413, dut=-0.39093
Mismatch at sample  184: ref=-0.47876, dut=-0.414642
Mismatch at sample  185: ref=-0.593018, dut=-0.442505
Mismatch at sample  186: ref=-0.682739, dut=-0.452179
Mismatch at sample  187: ref=-0.77536, dut=-0.466278
Mismatch at sample  188: ref=-0.843811, dut=-0.461304
Mismatch at sample  189: ref=-0.908997, dut=-0.460724
Mismatch at sample  190: ref=-0.951874, dut=-0.441437
Mismatch at sample  191: ref=-0.985504, dut=-0.426239
Mismatch at sample  192: ref=0.999908, dut=-0.393829
Mismatch at sample  193: ref=0.999908, dut=-0.36496
Mismatch at sample  194: ref=-0.985504, dut=-0.321472
Mismatch at sample  195: ref=-0.951874, dut=-0.280762
Mismatch at sample  196: ref=-0.908997, dut=-0.228912
Mismatch at sample  197: ref=-0.843811, dut=-0.178894
Mismatch at sample  198: ref=-0.77536, dut=-0.121979
Mismatch at sample  199: ref=-0.682739, dut=-0.0657959
Mismatch at sample  200: ref=-0.593018, dut=-0.00735474
Mismatch at sample  201: ref=-0.47876, dut=0.0514221
Mismatch at sample  202: ref=-0.373413, dut=0.107697
Mismatch at sample  203: ref=-0.24472, dut=0.165405
Mismatch at sample  204: ref=-0.130341, dut=0.216003
Mismatch at sample  205: ref=0.00473022, dut=0.269012
Mismatch at sample  206: ref=0.120911, dut=0.31076
Mismatch at sample  207: ref=0.253845, dut=0.355743
Mismatch at sample  208: ref=0.364594, dut=0.385956
Mismatch at sample  209: ref=0.48703, dut=0.420074
Mismatch at sample  210: ref=0.585327, dut=0.43692
Mismatch at sample  211: ref=0.689606, dut=0.458038
Mismatch at sample  212: ref=0.769318, dut=0.460419
Mismatch at sample  213: ref=0.848846, dut=0.467194
Mismatch at sample  214: ref=0.904938, dut=0.454987
Mismatch at sample  215: ref=0.954742, dut=0.447021
Mismatch at sample  216: ref=0.983704, dut=0.42099
Mismatch at sample  217: ref=-0.999329, dut=0.398743
Mismatch at sample  218: ref=-0.999329, dut=0.360535
Mismatch at sample  219: ref=0.983704, dut=0.325439
Mismatch at sample  220: ref=0.954742, dut=0.277405
Mismatch at sample  221: ref=0.904938, dut=0.231659
Mismatch at sample  222: ref=0.848846, dut=0.176849
Mismatch at sample  223: ref=0.769318, dut=0.123322
Mismatch at sample  224: ref=0.689606, dut=0.0651855
Mismatch at sample  225: ref=0.585327, dut=0.00726318
Mismatch at sample  226: ref=0.48703, dut=-0.0505371
Mismatch at sample  227: ref=0.364594, dut=-0.109283
Mismatch at sample  228: ref=0.253845, dut=-0.163147
Mismatch at sample  229: ref=0.120911, dut=-0.218964
Mismatch at sample  230: ref=0.00473022, dut=-0.265472
Mismatch at sample  231: ref=-0.130341, dut=-0.31488
Mismatch at sample  232: ref=-0.24472, dut=-0.351135
Mismatch at sample  233: ref=-0.373413, dut=-0.390991
Mismatch at sample  234: ref=-0.47876, dut=-0.414703
Mismatch at sample  235: ref=-0.593018, dut=-0.442566
Mismatch at sample  236: ref=-0.682739, dut=-0.45224
Mismatch at sample  237: ref=-0.77536, dut=-0.466309
Mismatch at sample  238: ref=-0.843811, dut=-0.461365
Mismatch at sample  239: ref=-0.908997, dut=-0.460785
Mismatch at sample  240: ref=-0.951874, dut=-0.441498
Mismatch at sample  241: ref=-0.985504, dut=-0.42627
Mismatch at sample  242: ref=0.999908, dut=-0.39386
Mismatch at sample  243: ref=0.999908, dut=-0.365021
Mismatch at sample  244: ref=-0.985504, dut=-0.321533
Mismatch at sample  245: ref=-0.951874, dut=-0.280792
Mismatch at sample  246: ref=-0.908997, dut=-0.228973
Mismatch at sample  247: ref=-0.843811, dut=-0.178925
Mismatch at sample  248: ref=-0.77536, dut=-0.12204
Mismatch at sample  249: ref=-0.682739, dut=-0.0658264
Mismatch at sample  250: ref=-0.593018, dut=-0.00741577
Mismatch at sample  251: ref=-0.47876, dut=0.0513916
Mismatch at sample  252: ref=-0.373413, dut=0.107666
Mismatch at sample  253: ref=-0.24472, dut=0.165375
Mismatch at sample  254: ref=-0.130341, dut=0.215973
Mismatch at sample  255: ref=0.00473022, dut=0.268982
Mismatch at sample  256: ref=0.120911, dut=0.310699
Mismatch at sample  257: ref=0.253845, dut=0.355713
Mismatch at sample  258: ref=0.364594, dut=0.385925
Mismatch at sample  259: ref=0.48703, dut=0.420044
Mismatch at sample  260: ref=0.585327, dut=0.43689
Mismatch at sample  261: ref=0.689606, dut=0.458008
Mismatch at sample  262: ref=0.769318, dut=0.460388
Mismatch at sample  263: ref=0.848846, dut=0.467194
Mismatch at sample  264: ref=0.904938, dut=0.454956
Mismatch at sample  265: ref=0.954742, dut=0.447021
Mismatch at sample  266: ref=0.983704, dut=0.420959
Mismatch at sample  267: ref=-0.999329, dut=0.398712
Mismatch at sample  268: ref=-0.999329, dut=0.360504
Mismatch at sample  269: ref=0.983704, dut=0.325409
Mismatch at sample  270: ref=0.954742, dut=0.277374
Mismatch at sample  271: ref=0.904938, dut=0.231628
Mismatch at sample  272: ref=0.848846, dut=0.176819
Mismatch at sample  273: ref=0.769318, dut=0.123322
Mismatch at sample  274: ref=0.689606, dut=0.0651855
Mismatch at sample  275: ref=0.585327, dut=0.00723267
Mismatch at sample  276: ref=0.48703, dut=-0.0505676
Mismatch at sample  277: ref=0.364594, dut=-0.109314
Mismatch at sample  278: ref=0.253845, dut=-0.163147
Mismatch at sample  279: ref=0.120911, dut=-0.218994
Mismatch at sample  280: ref=0.00473022, dut=-0.265503
Mismatch at sample  281: ref=-0.130341, dut=-0.31488
Mismatch at sample  282: ref=-0.24472, dut=-0.351135
Mismatch at sample  283: ref=-0.373413, dut=-0.391022
Mismatch at sample  284: ref=-0.47876, dut=-0.414734
Mismatch at sample  285: ref=-0.593018, dut=-0.442566
Mismatch at sample  286: ref=-0.682739, dut=-0.452271
Mismatch at sample  287: ref=-0.77536, dut=-0.466339
Mismatch at sample  288: ref=-0.843811, dut=-0.461395
Mismatch at sample  289: ref=-0.908997, dut=-0.460785
Mismatch at sample  290: ref=-0.951874, dut=-0.441498
Mismatch at sample  291: ref=-0.985504, dut=-0.4263
Mismatch at sample  292: ref=0.999908, dut=-0.39389
Mismatch at sample  293: ref=0.999908, dut=-0.365021
Mismatch at sample  294: ref=-0.985504, dut=-0.321533
Mismatch at sample  295: ref=-0.951874, dut=-0.280792
Mismatch at sample  296: ref=-0.908997, dut=-0.228973
Mismatch at sample  297: ref=-0.843811, dut=-0.178955
Mismatch at sample  298: ref=-0.77536, dut=-0.12204
Mismatch at sample  299: ref=-0.682739, dut=-0.0658569
Mismatch at sample  300: ref=-0.593018, dut=-0.00741577
Mismatch at sample  301: ref=-0.47876, dut=0.0513611
Mismatch at sample  302: ref=-0.373413, dut=0.107666
Mismatch at sample  303: ref=-0.24472, dut=0.165375
Mismatch at sample  304: ref=-0.130341, dut=0.215973
Mismatch at sample  305: ref=0.00473022, dut=0.268982
Mismatch at sample  306: ref=0.120911, dut=0.310699
Mismatch at sample  307: ref=0.253845, dut=0.355682
Mismatch at sample  308: ref=0.364594, dut=0.385895
Mismatch at sample  309: ref=0.48703, dut=0.420044
Mismatch at sample  310: ref=0.585327, dut=0.43689
Mismatch at sample  311: ref=0.689606, dut=0.458008
Mismatch at sample  312: ref=0.769318, dut=0.460388
Mismatch at sample  313: ref=0.848846, dut=0.467163
Mismatch at sample  314: ref=0.904938, dut=0.454956
Mismatch at sample  315: ref=0.954742, dut=0.446991
Mismatch at sample  316: ref=0.983704, dut=0.420959
Mismatch at sample  317: ref=-0.999329, dut=0.398712
Mismatch at sample  318: ref=-0.999329, dut=0.360504
Mismatch at sample  319: ref=0.983704, dut=0.325409
Mismatch at sample  320: ref=0.954742, dut=0.277374
Mismatch at sample  321: ref=0.904938, dut=0.231628
Mismatch at sample  322: ref=0.848846, dut=0.176819
Mismatch at sample  323: ref=0.769318, dut=0.123322
Mismatch at sample  324: ref=0.689606, dut=0.065155
Mismatch at sample  325: ref=0.585327, dut=0.00723267
Mismatch at sample  326: ref=0.48703, dut=-0.0505676
Mismatch at sample  327: ref=0.364594, dut=-0.109314
Mismatch at sample  328: ref=0.253845, dut=-0.163147
Mismatch at sample  329: ref=0.120911, dut=-0.218994
Mismatch at sample  330: ref=0.00473022, dut=-0.265503
Mismatch at sample  331: ref=-0.130341, dut=-0.31488
Mismatch at sample  332: ref=-0.24472, dut=-0.351166
Mismatch at sample  333: ref=-0.373413, dut=-0.391022
Mismatch at sample  334: ref=-0.47876, dut=-0.414734
Mismatch at sample  335: ref=-0.593018, dut=-0.442596
Mismatch at sample  336: ref=-0.682739, dut=-0.452271
Mismatch at sample  337: ref=-0.77536, dut=-0.466339
Mismatch at sample  338: ref=-0.843811, dut=-0.461395
Mismatch at sample  339: ref=-0.908997, dut=-0.460785
Mismatch at sample  340: ref=-0.951874, dut=-0.441528
Mismatch at sample  341: ref=-0.985504, dut=-0.4263
Mismatch at sample  342: ref=0.999908, dut=-0.39389
Mismatch at sample  343: ref=0.999908, dut=-0.365021
Mismatch at sample  344: ref=-0.985504, dut=-0.321533
Mismatch at sample  345: ref=-0.951874, dut=-0.280792
Mismatch at sample  346: ref=-0.908997, dut=-0.228973
Mismatch at sample  347: ref=-0.843811, dut=-0.178955
Mismatch at sample  348: ref=-0.77536, dut=-0.12204
Mismatch at sample  349: ref=-0.682739, dut=-0.0658569
Mismatch at sample  350: ref=-0.593018, dut=-0.00741577
Mismatch at sample  351: ref=-0.47876, dut=0.0513611
Mismatch at sample  352: ref=-0.373413, dut=0.107666
Mismatch at sample  353: ref=-0.24472, dut=0.165375
Mismatch at sample  354: ref=-0.130341, dut=0.215973
Mismatch at sample  355: ref=0.00473022, dut=0.268982
Mismatch at sample  356: ref=0.120911, dut=0.310699
Mismatch at sample  357: ref=0.253845, dut=0.355682
Mismatch at sample  358: ref=0.364594, dut=0.385895
Mismatch at sample  359: ref=0.48703, dut=0.420044
Mismatch at sample  360: ref=0.585327, dut=0.43689
Mismatch at sample  361: ref=0.689606, dut=0.458008
Mismatch at sample  362: ref=0.769318, dut=0.460388
Mismatch at sample  363: ref=0.848846, dut=0.467163
Mismatch at sample  364: ref=0.904938, dut=0.454956
Mismatch at sample  365: ref=0.954742, dut=0.446991
Mismatch at sample  366: ref=0.983704, dut=0.420959
Mismatch at sample  367: ref=-0.999329, dut=0.398712
Mismatch at sample  368: ref=-0.999329, dut=0.360504
Mismatch at sample  369: ref=0.983704, dut=0.325409
Mismatch at sample  370: ref=0.954742, dut=0.277374
Mismatch at sample  371: ref=0.904938, dut=0.231628
Mismatch at sample  372: ref=0.848846, dut=0.176819
Mismatch at sample  373: ref=0.769318, dut=0.123322
Mismatch at sample  374: ref=0.689606, dut=0.065155
Mismatch at sample  375: ref=0.585327, dut=0.00723267
Mismatch at sample  376: ref=0.48703, dut=-0.0505676
Mismatch at sample  377: ref=0.364594, dut=-0.109314
Mismatch at sample  378: ref=0.253845, dut=-0.163147
Mismatch at sample  379: ref=0.120911, dut=-0.218994
Mismatch at sample  380: ref=0.00473022, dut=-0.265503
Mismatch at sample  381: ref=-0.130341, dut=-0.31488
Mismatch at sample  382: ref=-0.24472, dut=-0.351166
Mismatch at sample  383: ref=-0.373413, dut=-0.391022
Mismatch at sample  384: ref=-0.47876, dut=-0.414734
Mismatch at sample  385: ref=-0.593018, dut=-0.442596
Mismatch at sample  386: ref=-0.682739, dut=-0.452271
Mismatch at sample  387: ref=-0.77536, dut=-0.466339
Mismatch at sample  388: ref=-0.843811, dut=-0.461395
Mismatch at sample  389: ref=-0.908997, dut=-0.460785
Mismatch at sample  390: ref=-0.951874, dut=-0.441528
Mismatch at sample  391: ref=-0.985504, dut=-0.4263
Mismatch at sample  392: ref=0.999908, dut=-0.39389
Mismatch at sample  393: ref=0.999908, dut=-0.365021
Mismatch at sample  394: ref=-0.985504, dut=-0.321533
Mismatch at sample  395: ref=-0.951874, dut=-0.280792
Mismatch at sample  396: ref=-0.908997, dut=-0.229004
Mismatch at sample  397: ref=-0.843811, dut=-0.178955
Mismatch at sample  398: ref=-0.77536, dut=-0.12204
Mismatch at sample  399: ref=-0.682739, dut=-0.0658569
Mismatch at sample  400: ref=-0.593018, dut=-0.00741577
Mismatch at sample  401: ref=-0.47876, dut=0.0513611
Mismatch at sample  402: ref=-0.373413, dut=0.107666
Mismatch at sample  403: ref=-0.24472, dut=0.165375
Mismatch at sample  404: ref=-0.130341, dut=0.215973
Mismatch at sample  405: ref=0.00473022, dut=0.268982
Mismatch at sample  406: ref=0.120911, dut=0.310699
Mismatch at sample  407: ref=0.253845, dut=0.355682
Mismatch at sample  408: ref=0.364594, dut=0.385895
Mismatch at sample  409: ref=0.48703, dut=0.420044
Mismatch at sample  410: ref=0.585327, dut=0.436859
Mismatch at sample  411: ref=0.689606, dut=0.457977
Mismatch at sample  412: ref=0.769318, dut=0.460388
Mismatch at sample  413: ref=0.848846, dut=0.467163
Mismatch at sample  414: ref=0.904938, dut=0.454956
Mismatch at sample  415: ref=0.954742, dut=0.446991
Mismatch at sample  416: ref=0.983704, dut=0.420959
Mismatch at sample  417: ref=-0.999329, dut=0.398712
Mismatch at sample  418: ref=-0.999329, dut=0.360504
Mismatch at sample  419: ref=0.983704, dut=0.325409
Mismatch at sample  420: ref=0.954742, dut=0.277374
Mismatch at sample  421: ref=0.904938, dut=0.231628
Mismatch at sample  422: ref=0.848846, dut=0.176819
Mismatch at sample  423: ref=0.769318, dut=0.123291
Mismatch at sample  424: ref=0.689606, dut=0.065155
Mismatch at sample  425: ref=0.585327, dut=0.00723267
Mismatch at sample  426: ref=0.48703, dut=-0.0505981
Mismatch at sample  427: ref=0.364594, dut=-0.109314
Mismatch at sample  428: ref=0.253845, dut=-0.163177
Mismatch at sample  429: ref=0.120911, dut=-0.218994
Mismatch at sample  430: ref=0.00473022, dut=-0.265503
Mismatch at sample  431: ref=-0.130341, dut=-0.314911
Mismatch at sample  432: ref=-0.24472, dut=-0.351166
Mismatch at sample  433: ref=-0.373413, dut=-0.391022
Mismatch at sample  434: ref=-0.47876, dut=-0.414734
Mismatch at sample  435: ref=-0.593018, dut=-0.442596
Mismatch at sample  436: ref=-0.682739, dut=-0.452271
Mismatch at sample  437: ref=-0.77536, dut=-0.466339
Mismatch at sample  438: ref=-0.843811, dut=-0.461395
Mismatch at sample  439: ref=-0.908997, dut=-0.460785
Mismatch at sample  440: ref=-0.951874, dut=-0.441528
Mismatch at sample  441: ref=-0.985504, dut=-0.4263
Mismatch at sample  442: ref=0.999908, dut=-0.39389
Mismatch at sample  443: ref=0.999908, dut=-0.365021
Mismatch at sample  444: ref=-0.985504, dut=-0.321533
Mismatch at sample  445: ref=-0.951874, dut=-0.280792
Mismatch at sample  446: ref=-0.908997, dut=-0.229004
Mismatch at sample  447: ref=-0.843811, dut=-0.178955
Mismatch at sample  448: ref=-0.77536, dut=-0.12204
Mismatch at sample  449: ref=-0.682739, dut=-0.0658569
Mismatch at sample  450: ref=-0.593018, dut=-0.00741577
Mismatch at sample  451: ref=-0.47876, dut=0.0513611
Mismatch at sample  452: ref=-0.373413, dut=0.107666
Mismatch at sample  453: ref=-0.24472, dut=0.165375
Mismatch at sample  454: ref=-0.130341, dut=0.215973
Mismatch at sample  455: ref=0.00473022, dut=0.268982
Mismatch at sample  456: ref=0.120911, dut=0.310699
Mismatch at sample  457: ref=0.253845, dut=0.355682
Mismatch at sample  458: ref=0.364594, dut=0.385895
Mismatch at sample  459: ref=0.48703, dut=0.420044
---------------------------------------
Testbench Results
Samples processed : 460
Mismatches        : 459
Status: FAIL [!!] (459 samples out of tolerance)
---------------------------------------
INFO [HLS SIM]: The maximum depth reached by any hls::stream() instance in the design is 460
INFO: [SIM 211-1] CSim done with 0 errors.
INFO: [SIM 211-3] *************** CSIM finish ***************
INFO: [HLS 200-112] Total CPU user time: 3 seconds. Total CPU system time: 1 seconds. Total elapsed time: 13.013 seconds; peak allocated memory: 274.141 MB.
INFO: [vitis-run 60-791] Total elapsed time: 0h 0m 18s
