  **** HLS Build v2024.2 5238294
INFO: [HLS 200-2005] Using work_dir C:/HLS-multirate-DSP/HLS_Multirate/FIR_Cascade_HLS/FIR_Cascade_HLS 
INFO: [HLS 200-1505] Using default flow_target 'vivado'
Resolution: For help on HLS 200-1505 see docs.xilinx.com/access/sources/dita/topic?Doc_Version=2024.2%20English&url=ug1448-hls-guidance&resourceid=200-1505.html
INFO: [HLS 200-1465] Applying ini 'syn.file=FIR_HLS.cpp' from C:/HLS-multirate-DSP/HLS_Multirate/FIR_Cascade_HLS/hls_config.cfg(7)
INFO: [HLS 200-10] Adding design file 'C:/HLS-multirate-DSP/HLS_Multirate/FIR_Cascade_HLS/FIR_HLS.cpp' to the project
INFO: [HLS 200-1465] Applying ini 'syn.file=FIR_HLS.h' from C:/HLS-multirate-DSP/HLS_Multirate/FIR_Cascade_HLS/hls_config.cfg(8)
INFO: [HLS 200-10] Adding design file 'C:/HLS-multirate-DSP/HLS_Multirate/FIR_Cascade_HLS/FIR_HLS.h' to the project
INFO: [HLS 200-1465] Applying ini 'syn.file=../../Matlab/FIR_multirate_cascade_HLS.h' from C:/HLS-multirate-DSP/HLS_Multirate/FIR_Cascade_HLS/hls_config.cfg(9)
INFO: [HLS 200-10] Adding design file 'C:/HLS-multirate-DSP/Matlab/FIR_multirate_cascade_HLS.h' to the project
INFO: [HLS 200-1465] Applying ini 'tb.file=FIR_HLS_TB.cpp' from C:/HLS-multirate-DSP/HLS_Multirate/FIR_Cascade_HLS/hls_config.cfg(10)
INFO: [HLS 200-10] Adding test bench file 'C:/HLS-multirate-DSP/HLS_Multirate/FIR_Cascade_HLS/FIR_HLS_TB.cpp' to the project
INFO: [HLS 200-1465] Applying ini 'tb.file=../../Matlab/TS_HLS_multirate_cascade.res' from C:/HLS-multirate-DSP/HLS_Multirate/FIR_Cascade_HLS/hls_config.cfg(11)
INFO: [HLS 200-10] Adding test bench file 'C:/HLS-multirate-DSP/Matlab/TS_HLS_multirate_cascade.res' to the project
INFO: [HLS 200-1465] Applying ini 'tb.file=../../Matlab/TS_HLS_multirate_cascade.dat' from C:/HLS-multirate-DSP/HLS_Multirate/FIR_Cascade_HLS/hls_config.cfg(12)
INFO: [HLS 200-10] Adding test bench file 'C:/HLS-multirate-DSP/Matlab/TS_HLS_multirate_cascade.dat' to the project
INFO: [HLS 200-1465] Applying ini 'syn.top=FIR_Cascade_HLS' from C:/HLS-multirate-DSP/HLS_Multirate/FIR_Cascade_HLS/hls_config.cfg(13)
INFO: [HLS 200-1465] Applying ini 'flow_target=vivado' from C:/HLS-multirate-DSP/HLS_Multirate/FIR_Cascade_HLS/hls_config.cfg(4)
INFO: [HLS 200-1505] Using flow_target 'vivado'
Resolution: For help on HLS 200-1505 see docs.xilinx.com/access/sources/dita/topic?Doc_Version=2024.2%20English&url=ug1448-hls-guidance&resourceid=200-1505.html
INFO: [HLS 200-1465] Applying ini 'part=xck26-sfvc784-2LV-c' from C:/HLS-multirate-DSP/HLS_Multirate/FIR_Cascade_HLS/hls_config.cfg(1)
INFO: [HLS 200-1611] Setting target device to 'xck26-sfvc784-2LV-c'
INFO: [HLS 200-1465] Applying ini 'package.ip.display_name=FIR_Cascade_HLS' from C:/HLS-multirate-DSP/HLS_Multirate/FIR_Cascade_HLS/hls_config.cfg(14)
INFO: [HLS 200-1465] Applying ini 'package.output.format=ip_catalog' from C:/HLS-multirate-DSP/HLS_Multirate/FIR_Cascade_HLS/hls_config.cfg(5)
INFO: [SIM 211-2] *************** CSIM start ***************
INFO: [SIM 211-4] CSIM will launch CLANG as the compiler.
INFO: [HLS 200-2036] Building debug C Simulation binaries
   Compiling ../../../../FIR_HLS.cpp in debug mode
   Generating csim.exe
In file included from ../../../../FIR_HLS.cpp:1:
In file included from ../../../../FIR_HLS.h:2:
In file included from C:/AMD/Vitis/2024.2/include/ap_fixed.h:9:
In file included from C:/AMD/Vitis/2024.2/include/etc/ap_common.h:658:
In file included from C:/AMD/Vitis/2024.2/include/etc/ap_private.h:68:
In file included from C:/AMD/Vitis/2024.2/include/hls_half.h:26:
In file included from C:/AMD/Vitis/2024.2/include/etc/hls_half_fpo.h:19:
In file included from C:/AMD/Vitis/2024.2/include/hls_fpo.h:140:
In file included from C:/AMD/Vitis/2024.2/include/floating_point_v7_1_bitacc_cmodel.h:150:
C:/AMD/Vitis/2024.2/include/gmp.h:58:9: warning: '__GMP_LIBGMP_DLL' macro redefined [-Wmacro-redefined]
#define __GMP_LIBGMP_DLL  0
        ^
C:/AMD/Vitis/2024.2/include/floating_point_v7_1_bitacc_cmodel.h:142:9: note: previous definition is here
#define __GMP_LIBGMP_DLL 1
        ^
1 warning generated.
INFO: Reading ../../../../../../Matlab/TS_HLS_multirate_cascade.dat
INFO: Read 460 samples from ../../../../../../Matlab/TS_HLS_multirate_cascade.dat
INFO: Reading ../../../../../../Matlab/TS_HLS_multirate_cascade.res
INFO: Read 460 samples from ../../../../../../Matlab/TS_HLS_multirate_cascade.res
INFO: Input and reference data lengths match.
Mismatch at sample    2: ref=          0, dut=0.058197
Mismatch at sample    3: ref=          0, dut=0.115509
Mismatch at sample    4: ref=          0, dut=0.17099
Mismatch at sample    5: ref=          0, dut=0.223785
Mismatch at sample    6: ref=          0, dut=0.273041
Mismatch at sample    7: ref=          0, dut=0.317993
Mismatch at sample    8: ref=          0, dut=0.357941
Mismatch at sample    9: ref=          0, dut=0.392212
Mismatch at sample   10: ref=-3.05176e-05, dut=0.420319
Mismatch at sample   11: ref=-3.05176e-05, dut=0.441803
Mismatch at sample   12: ref=-3.05176e-05, dut=0.456329
Mismatch at sample   13: ref=          0, dut=0.463623
Mismatch at sample   14: ref=          0, dut=0.463623
Mismatch at sample   15: ref=          0, dut=0.456299
Mismatch at sample   16: ref=          0, dut=0.441803
Mismatch at sample   17: ref=          0, dut=0.420319
Mismatch at sample   18: ref=          0, dut=0.392212
Mismatch at sample   19: ref=          0, dut=0.357941
Mismatch at sample   20: ref=-3.05176e-05, dut=0.317993
Mismatch at sample   21: ref=-3.05176e-05, dut=0.273041
Mismatch at sample   22: ref=-6.10352e-05, dut=0.223785
Mismatch at sample   23: ref=-6.10352e-05, dut=0.17099
Mismatch at sample   24: ref=-3.05176e-05, dut=0.115509
Mismatch at sample   25: ref=9.15527e-05, dut=0.058197
Mismatch at sample   27: ref=0.000396729, dut=-0.0582581
Mismatch at sample   28: ref=0.000518799, dut=-0.11557
Mismatch at sample   29: ref=0.000549316, dut=-0.171051
Mismatch at sample   30: ref=0.000457764, dut=-0.223846
Mismatch at sample   31: ref=0.000335693, dut=-0.273102
Mismatch at sample   32: ref=0.00012207, dut=-0.318054
Mismatch at sample   33: ref=-6.10352e-05, dut=-0.357971
Mismatch at sample   34: ref=-0.000213623, dut=-0.392273
Mismatch at sample   35: ref=-0.000366211, dut=-0.42038
Mismatch at sample   36: ref=-0.000488281, dut=-0.441864
Mismatch at sample   37: ref=-0.000518799, dut=-0.45636
Mismatch at sample   38: ref=-0.000518799, dut=-0.463684
Mismatch at sample   39: ref=-0.000518799, dut=-0.463684
Mismatch at sample   40: ref=-0.000457764, dut=-0.45636
Mismatch at sample   41: ref=-0.000457764, dut=-0.441864
Mismatch at sample   42: ref=-0.000427246, dut=-0.42038
Mismatch at sample   43: ref=-0.000488281, dut=-0.392273
Mismatch at sample   44: ref=-0.000549316, dut=-0.357971
Mismatch at sample   45: ref=-0.000671387, dut=-0.318054
Mismatch at sample   46: ref=-0.000793457, dut=-0.273102
Mismatch at sample   47: ref=-0.000915527, dut=-0.223846
Mismatch at sample   48: ref=-0.00106812, dut=-0.171051
Mismatch at sample   49: ref=-0.00115967, dut=-0.11557
Mismatch at sample   50: ref=-0.0012207, dut=-0.0582275
Mismatch at sample   52: ref=-0.00115967, dut=0.058197
Mismatch at sample   53: ref=-0.0010376, dut=0.115509
Mismatch at sample   54: ref=-0.000854492, dut=0.17099
Mismatch at sample   55: ref=-0.000640869, dut=0.223785
Mismatch at sample   56: ref=-0.000427246, dut=0.273041
Mismatch at sample   57: ref=-0.000213623, dut=0.317993
Mismatch at sample   58: ref=-6.10352e-05, dut=0.357941
Mismatch at sample   59: ref=6.10352e-05, dut=0.392242
Mismatch at sample   60: ref=0.00012207, dut=0.420349
Mismatch at sample   61: ref=0.000152588, dut=0.441803
Mismatch at sample   62: ref=9.15527e-05, dut=0.456329
Mismatch at sample   63: ref=6.10352e-05, dut=0.463654
Mismatch at sample   64: ref=3.05176e-05, dut=0.463623
Mismatch at sample   65: ref=3.05176e-05, dut=0.456299
Mismatch at sample   66: ref=6.10352e-05, dut=0.441803
Mismatch at sample   67: ref=0.000152588, dut=0.420349
Mismatch at sample   68: ref=0.000305176, dut=0.392212
Mismatch at sample   69: ref=0.000488281, dut=0.35791
Mismatch at sample   70: ref=0.000701904, dut=0.318024
Mismatch at sample   71: ref=0.000946045, dut=0.273132
Mismatch at sample   72: ref=0.00112915, dut=0.223724
Mismatch at sample   73: ref=0.00125122, dut=0.171417
Mismatch at sample   74: ref=0.00131226, dut=0.115326
Mismatch at sample   75: ref=0.00128174, dut=0.0590515
Mismatch at sample   77: ref=0.000976563, dut=-0.0570679
Mismatch at sample   78: ref=0.000732422, dut=-0.115509
Mismatch at sample   79: ref=0.000457764, dut=-0.169739
Mismatch at sample   80: ref=0.000213623, dut=-0.223389
Mismatch at sample   81: ref=3.05176e-05, dut=-0.271667
Mismatch at sample   82: ref=-9.15527e-05, dut=-0.317322
Mismatch at sample   83: ref=-0.00012207, dut=-0.356598
Mismatch at sample   84: ref=-9.15527e-05, dut=-0.391266
Mismatch at sample   85: ref=          0, dut=-0.419067
Mismatch at sample   86: ref=0.00012207, dut=-0.440643
Mismatch at sample   87: ref=0.000213623, dut=-0.455231
Mismatch at sample   88: ref=0.000305176, dut=-0.462341
Mismatch at sample   89: ref=0.000274658, dut=-0.462769
Mismatch at sample   90: ref=0.000183105, dut=-0.454956
Mismatch at sample   91: ref=          0, dut=-0.441254
Mismatch at sample   92: ref=-0.000274658, dut=-0.419037
Mismatch at sample   93: ref=-0.000579834, dut=-0.391998
Mismatch at sample   94: ref=-0.000915527, dut=-0.35675
Mismatch at sample   95: ref=-0.00119019, dut=-0.318146
Mismatch at sample   96: ref=-0.00143433, dut=-0.272064
Mismatch at sample   97: ref=-0.0015564, dut=-0.224274
Mismatch at sample   98: ref=-0.00152588, dut=-0.170288
Mismatch at sample   99: ref=-0.00140381, dut=-0.116333
Mismatch at sample  100: ref=-0.00119019, dut=-0.0578003
Mismatch at sample  102: ref=-0.000518799, dut=0.0582886
Mismatch at sample  103: ref=-0.000244141, dut=0.114288
Mismatch at sample  104: ref=          0, dut=0.170746
Mismatch at sample  105: ref=0.00012207, dut=0.222412
Mismatch at sample  106: ref=0.00012207, dut=0.272461
Mismatch at sample  107: ref=6.10352e-05, dut=0.316589
Mismatch at sample  108: ref=-0.000152588, dut=0.357056
Mismatch at sample  109: ref=-0.000366211, dut=0.390839
Mismatch at sample  110: ref=-0.000579834, dut=0.41922
Mismatch at sample  111: ref=-0.000732422, dut=0.440582
Mismatch at sample  112: ref=-0.000793457, dut=0.455017
Mismatch at sample  113: ref=-0.000701904, dut=0.462616
Mismatch at sample  114: ref=-0.000488281, dut=0.46225
Mismatch at sample  115: ref=-0.00012207, dut=0.455566
Mismatch at sample  116: ref=0.000305176, dut=0.44043
Mismatch at sample  117: ref=0.000762939, dut=0.419891
Mismatch at sample  118: ref=0.00119019, dut=0.39093
Mismatch at sample  119: ref=0.00152588, dut=0.357849
Mismatch at sample  120: ref=0.0017395, dut=0.316864
Mismatch at sample  121: ref=0.00177002, dut=0.273315
Mismatch at sample  122: ref=0.00158691, dut=0.2229
Mismatch at sample  123: ref=0.00131226, dut=0.1716
Mismatch at sample  124: ref=0.000915527, dut=0.114899
Mismatch at sample  125: ref=0.000518799, dut=0.0591125
Mismatch at sample  127: ref=-0.000213623, dut=-0.0570984
Mismatch at sample  128: ref=-0.000366211, dut=-0.115479
Mismatch at sample  129: ref=-0.000335693, dut=-0.169739
Mismatch at sample  130: ref=-0.000152588, dut=-0.223419
Mismatch at sample  131: ref=0.00012207, dut=-0.271698
Mismatch at sample  132: ref=0.000518799, dut=-0.317322
Mismatch at sample  133: ref=0.000854492, dut=-0.356598
Mismatch at sample  134: ref=0.00115967, dut=-0.391266
Mismatch at sample  135: ref=0.00128174, dut=-0.419067
Mismatch at sample  136: ref=0.00125122, dut=-0.440643
Mismatch at sample  137: ref=0.00100708, dut=-0.455231
Mismatch at sample  138: ref=0.000579834, dut=-0.462341
Mismatch at sample  139: ref=          0, dut=-0.462769
Mismatch at sample  140: ref=-0.000610352, dut=-0.454956
Mismatch at sample  141: ref=-0.0012207, dut=-0.441254
Mismatch at sample  142: ref=-0.00170898, dut=-0.419037
Mismatch at sample  143: ref=-0.00201416, dut=-0.391968
Mismatch at sample  144: ref=-0.0020752, dut=-0.356781
Mismatch at sample  145: ref=-0.00192261, dut=-0.317993
Mismatch at sample  146: ref=-0.00152588, dut=-0.272125
Mismatch at sample  147: ref=-0.0010376, dut=-0.223938
Mismatch at sample  148: ref=-0.000457764, dut=-0.17038
Mismatch at sample  149: ref=6.10352e-05, dut=-0.115814
Mismatch at sample  150: ref=0.000488281, dut=-0.0578003
Mismatch at sample  152: ref=0.000640869, dut=0.0584412
Mismatch at sample  153: ref=0.000396729, dut=0.114929
Mismatch at sample  154: ref=-9.15527e-05, dut=0.171051
Mismatch at sample  155: ref=-0.000640869, dut=0.223083
Mismatch at sample  156: ref=-0.0012207, dut=0.272888
Mismatch at sample  157: ref=-0.00167847, dut=0.3172
Mismatch at sample  158: ref=-0.00198364, dut=0.357605
Mismatch at sample  159: ref=-0.00198364, dut=0.391388
Mismatch at sample  160: ref=-0.0017395, dut=0.41983
Mismatch at sample  161: ref=-0.0012207, dut=0.44101
Mismatch at sample  162: ref=-0.000457764, dut=0.455658
Mismatch at sample  163: ref=0.000366211, dut=0.462921
Mismatch at sample  164: ref=0.00119019, dut=0.462891
Mismatch at sample  165: ref=0.00189209, dut=0.455719
Mismatch at sample  166: ref=0.00231934, dut=0.44101
Mismatch at sample  167: ref=0.00247192, dut=0.419891
Mismatch at sample  168: ref=0.00228882, dut=0.391418
Mismatch at sample  169: ref=0.00183105, dut=0.357697
Mismatch at sample  170: ref=0.00109863, dut=0.317261
Mismatch at sample  171: ref=0.000335693, dut=0.27298
Mismatch at sample  172: ref=-0.000427246, dut=0.223145
Mismatch at sample  173: ref=-0.000976563, dut=0.171143
Mismatch at sample  174: ref=-0.00131226, dut=0.11499
Mismatch at sample  175: ref=-0.00125122, dut=0.0585632
Mismatch at sample  177: ref=-0.000244141, dut=-0.0577087
Mismatch at sample  178: ref=0.000610352, dut=-0.115723
Mismatch at sample  179: ref=0.00146484, dut=-0.17038
Mismatch at sample  180: ref=0.0022583, dut=-0.223785
Mismatch at sample  181: ref=0.00274658, dut=-0.272339
Mismatch at sample  182: ref=0.00289917, dut=-0.31781
Mismatch at sample  183: ref=0.00262451, dut=-0.357178
Mismatch at sample  184: ref=0.00198364, dut=-0.391846
Mismatch at sample  185: ref=0.0010376, dut=-0.419586
Mismatch at sample  186: ref=-0.000152588, dut=-0.441284
Mismatch at sample  187: ref=-0.00128174, dut=-0.455597
Mismatch at sample  188: ref=-0.00228882, dut=-0.462982
Mismatch at sample  189: ref=-0.00292969, dut=-0.463013
Mismatch at sample  190: ref=-0.00317383, dut=-0.455597
Mismatch at sample  191: ref=-0.00296021, dut=-0.441345
Mismatch at sample  192: ref=-0.00231934, dut=-0.419586
Mismatch at sample  193: ref=-0.00137329, dut=-0.391937
Mismatch at sample  194: ref=-0.000183105, dut=-0.357208
Mismatch at sample  195: ref=0.00088501, dut=-0.317902
Mismatch at sample  196: ref=0.00177002, dut=-0.272369
Mismatch at sample  197: ref=0.00222778, dut=-0.223907
Mismatch at sample  198: ref=0.00222778, dut=-0.170441
Mismatch at sample  199: ref=0.00170898, dut=-0.115814
Mismatch at sample  200: ref=0.000762939, dut=-0.0578003
Mismatch at sample  202: ref=-0.00186157, dut=0.0584412
Mismatch at sample  203: ref=-0.00302124, dut=0.114899
Mismatch at sample  204: ref=-0.00393677, dut=0.171051
Mismatch at sample  205: ref=-0.00424194, dut=0.223053
Mismatch at sample  206: ref=-0.0039978, dut=0.272888
Mismatch at sample  207: ref=-0.00317383, dut=0.3172
Mismatch at sample  208: ref=-0.00186157, dut=0.357605
Mismatch at sample  209: ref=-0.000244141, dut=0.391388
Mismatch at sample  210: ref=0.00146484, dut=0.41983
Mismatch at sample  211: ref=0.00292969, dut=0.44101
Mismatch at sample  212: ref=0.00396729, dut=0.455658
Mismatch at sample  213: ref=0.00436401, dut=0.462921
Mismatch at sample  214: ref=0.00405884, dut=0.462891
Mismatch at sample  215: ref=0.00311279, dut=0.45575
Mismatch at sample  216: ref=0.00167847, dut=0.44101
Mismatch at sample  217: ref=-3.05176e-05, dut=0.419952
Mismatch at sample  218: ref=-0.00183105, dut=0.391388
Mismatch at sample  219: ref=-0.00320435, dut=0.357819
Mismatch at sample  220: ref=-0.00402832, dut=0.3172
Mismatch at sample  221: ref=-0.00405884, dut=0.273193
Mismatch at sample  222: ref=-0.00332642, dut=0.223114
Mismatch at sample  223: ref=-0.00186157, dut=0.171417
Mismatch at sample  224: ref=9.15527e-05, dut=0.115051
Mismatch at sample  225: ref=0.00222778, dut=0.0588379
Mismatch at sample  226: ref=0.00436401, dut=-0.000244141
Mismatch at sample  227: ref=0.00585938, dut=-0.0574341
Mismatch at sample  228: ref=0.00665283, dut=-0.11554
Mismatch at sample  229: ref=0.00637817, dut=-0.170074
Mismatch at sample  230: ref=0.00512695, dut=-0.223541
Mismatch at sample  231: ref=0.00308228, dut=-0.272064
Mismatch at sample  232: ref=0.000518799, dut=-0.317535
Mismatch at sample  233: ref=-0.00219727, dut=-0.356964
Mismatch at sample  234: ref=-0.00479126, dut=-0.391541
Mismatch at sample  235: ref=-0.00653076, dut=-0.419403
Mismatch at sample  236: ref=-0.0072937, dut=-0.440979
Mismatch at sample  237: ref=-0.0067749, dut=-0.455505
Mismatch at sample  238: ref=-0.0050354, dut=-0.462708
Mismatch at sample  239: ref=-0.00244141, dut=-0.463013
Mismatch at sample  240: ref=0.000701904, dut=-0.455353
Mismatch at sample  241: ref=0.00384521, dut=-0.441406
Mismatch at sample  242: ref=0.00671387, dut=-0.419373
Mismatch at sample  243: ref=0.00830078, dut=-0.392059
Mismatch at sample  244: ref=0.00857544, dut=-0.357086
Mismatch at sample  245: ref=0.00714111, dut=-0.318085
Mismatch at sample  246: ref=0.00421143, dut=-0.272339
Mismatch at sample  247: ref=0.000305176, dut=-0.224152
Mismatch at sample  248: ref=-0.00411987, dut=-0.170471
Mismatch at sample  249: ref=-0.00830078, dut=-0.116119
Mismatch at sample  250: ref=-0.0119629, dut=-0.0578918
Mismatch at sample  251: ref=-0.0135498, dut=-0.000762939
Mismatch at sample  252: ref=-0.0132141, dut=0.0582886
Mismatch at sample  253: ref=-0.0103149, dut=0.114624
Mismatch at sample  254: ref=-0.00534058, dut=0.170837
Mismatch at sample  255: ref=0.000762939, dut=0.222778
Mismatch at sample  256: ref=0.00726318, dut=0.272644
Mismatch at sample  257: ref=0.0133057, dut=0.316956
Mismatch at sample  258: ref=0.0187073, dut=0.3573
Mismatch at sample  259: ref=0.0200195, dut=0.391205
Mismatch at sample  260: ref=0.0177917, dut=0.419525
Mismatch at sample  261: ref=0.0116882, dut=0.440887
Mismatch at sample  262: ref=0.00271606, dut=0.455383
Mismatch at sample  263: ref=-0.00811768, dut=0.46286
Mismatch at sample  264: ref=-0.0198059, dut=0.462616
Mismatch at sample  265: ref=-0.0289001, dut=0.45575
Mismatch at sample  266: ref=-0.0372009, dut=0.440796
Mismatch at sample  267: ref=-0.0320435, dut=0.419983
Mismatch at sample  268: ref=-0.0185547, dut=0.391266
Mismatch at sample  269: ref=0.0103149, dut=0.357849
Mismatch at sample  270: ref=0.0426941, dut=0.317139
Mismatch at sample  271: ref=0.102905, dut=0.273224
Mismatch at sample  272: ref=0.173126, dut=0.223114
Mismatch at sample  273: ref=0.261444, dut=0.171417
Mismatch at sample  274: ref=0.343567, dut=0.115051
Mismatch at sample  275: ref=0.450226, dut=0.0588379
Mismatch at sample  276: ref=0.554077, dut=-0.000244141
Mismatch at sample  277: ref=0.661682, dut=-0.0574341
Mismatch at sample  278: ref=0.745667, dut=-0.11554
Mismatch at sample  279: ref=0.836334, dut=-0.170074
Mismatch at sample  280: ref=0.910583, dut=-0.223541
Mismatch at sample  281: ref=0.969482, dut=-0.272064
Mismatch at sample  282: ref=0.997345, dut=-0.317535
Mismatch at sample  283: ref=-0.983459, dut=-0.356964
Mismatch at sample  284: ref=-0.97876, dut=-0.391541
Mismatch at sample  285: ref=-0.999817, dut=-0.419403
Mismatch at sample  286: ref=0.958344, dut=-0.440979
Mismatch at sample  287: ref=0.901794, dut=-0.455505
Mismatch at sample  288: ref=0.845398, dut=-0.462708
Mismatch at sample  289: ref=0.761353, dut=-0.462982
Mismatch at sample  290: ref=0.673889, dut=-0.455353
Mismatch at sample  291: ref=0.568726, dut=-0.441345
Mismatch at sample  292: ref=0.476349, dut=-0.419403
Mismatch at sample  293: ref=0.357697, dut=-0.391968
Mismatch at sample  294: ref=0.249054, dut=-0.357086
Mismatch at sample  295: ref=0.120056, dut=-0.317993
Mismatch at sample  296: ref=0.00854492, dut=-0.272308
Mismatch at sample  297: ref=-0.122925, dut=-0.223999
Mismatch at sample  298: ref=-0.234589, dut=-0.17041
Mismatch at sample  299: ref=-0.363922, dut=-0.115967
Mismatch at sample  300: ref=-0.474091, dut=-0.0578308
Mismatch at sample  301: ref=-0.590332, dut=-0.000610352
Mismatch at sample  302: ref=-0.678558, dut=0.0583801
Mismatch at sample  303: ref=-0.774628, dut=0.114746
Mismatch at sample  304: ref=-0.851654, dut=0.170959
Mismatch at sample  305: ref=-0.918182, dut=0.2229
Mismatch at sample  306: ref=-0.954712, dut=0.272766
Mismatch at sample  307: ref=-0.987793, dut=0.317047
Mismatch at sample  308: ref=0.99231, dut=0.357452
Mismatch at sample  309: ref=0.99472, dut=0.391266
Mismatch at sample  310: ref=-0.980774, dut=0.419647
Mismatch at sample  311: ref=-0.944427, dut=0.440918
Mismatch at sample  312: ref=-0.906189, dut=0.455505
Mismatch at sample  313: ref=-0.840118, dut=0.46283
Mismatch at sample  314: ref=-0.765686, dut=0.462708
Mismatch at sample  315: ref=-0.673431, dut=0.455688
Mismatch at sample  316: ref=-0.590027, dut=0.440857
Mismatch at sample  317: ref=-0.478302, dut=0.419922
Mismatch at sample  318: ref=-0.372131, dut=0.391296
Mismatch at sample  319: ref=-0.244934, dut=0.357727
Mismatch at sample  320: ref=-0.133514, dut=0.317169
Mismatch at sample  321: ref=9.15527e-05, dut=0.273102
Mismatch at sample  322: ref=0.115875, dut=0.223083
Mismatch at sample  323: ref=0.250031, dut=0.171265
Mismatch at sample  324: ref=0.36441, dut=0.11499
Mismatch at sample  325: ref=0.487915, dut=0.0586853
Mismatch at sample  326: ref=0.583984, dut=-0.000335693
Mismatch at sample  327: ref=0.690063, dut=-0.0575562
Mismatch at sample  328: ref=0.77597, dut=-0.115662
Mismatch at sample  329: ref=0.855408, dut=-0.170197
Mismatch at sample  330: ref=0.904694, dut=-0.223694
Mismatch at sample  331: ref=0.953644, dut=-0.272156
Mismatch at sample  332: ref=0.988098, dut=-0.317657
Mismatch at sample  333: ref=-0.996674, dut=-0.357025
Mismatch at sample  334: ref=0.994446, dut=-0.391693
Mismatch at sample  335: ref=0.976135, dut=-0.419434
Mismatch at sample  336: ref=0.953339, dut=-0.441101
Mismatch at sample  337: ref=0.903534, dut=-0.455505
Mismatch at sample  338: ref=0.841522, dut=-0.462799
Mismatch at sample  339: ref=0.762512, dut=-0.462982
Mismatch at sample  340: ref=0.689423, dut=-0.455414
Mismatch at sample  341: ref=0.586975, dut=-0.441345
Mismatch at sample  342: ref=0.486115, dut=-0.419434
Mismatch at sample  343: ref=0.364166, dut=-0.391968
Mismatch at sample  344: ref=0.256287, dut=-0.357086
Mismatch at sample  345: ref=0.124054, dut=-0.317963
Mismatch at sample  346: ref=0.00698853, dut=-0.272308
Mismatch at sample  347: ref=-0.129364, dut=-0.223999
Mismatch at sample  348: ref=-0.246155, dut=-0.17041
Mismatch at sample  349: ref=-0.375305, dut=-0.115967
Mismatch at sample  350: ref=-0.478455, dut=-0.0578308
Mismatch at sample  351: ref=-0.59375, dut=-0.000610352
Mismatch at sample  352: ref=-0.688263, dut=0.0583801
Mismatch at sample  353: ref=-0.780182, dut=0.114746
Mismatch at sample  354: ref=-0.842041, dut=0.170959
Mismatch at sample  355: ref=-0.906494, dut=0.2229
Mismatch at sample  356: ref=-0.954865, dut=0.272766
Mismatch at sample  357: ref=-0.987213, dut=0.317047
Mismatch at sample  358: ref=-0.993652, dut=0.357452
Mismatch at sample  359: ref=-0.993011, dut=0.391266
Mismatch at sample  360: ref=-0.985352, dut=0.419647
Mismatch at sample  361: ref=-0.951996, dut=0.440918
Mismatch at sample  362: ref=-0.902954, dut=0.455475
Mismatch at sample  363: ref=-0.838287, dut=0.46286
Mismatch at sample  364: ref=-0.776672, dut=0.462708
Mismatch at sample  365: ref=-0.685303, dut=0.455719
Mismatch at sample  366: ref=-0.591705, dut=0.440857
Mismatch at sample  367: ref=-0.477417, dut=0.419952
Mismatch at sample  368: ref=-0.375275, dut=0.391296
Mismatch at sample  369: ref=-0.246918, dut=0.357788
Mismatch at sample  370: ref=-0.130707, dut=0.317169
Mismatch at sample  371: ref=0.0055542, dut=0.273163
Mismatch at sample  372: ref=0.122955, dut=0.223114
Mismatch at sample  373: ref=0.25589, dut=0.171326
Mismatch at sample  374: ref=0.364777, dut=0.115021
Mismatch at sample  375: ref=0.487823, dut=0.0587463
Mismatch at sample  376: ref=0.589813, dut=-0.000274658
Mismatch at sample  377: ref=0.693115, dut=-0.0574951
Mismatch at sample  378: ref=0.766785, dut=-0.115601
Mismatch at sample  379: ref=0.845764, dut=-0.170166
Mismatch at sample  380: ref=0.907318, dut=-0.223633
Mismatch at sample  381: ref=0.956146, dut=-0.272125
Mismatch at sample  382: ref=0.977539, dut=-0.317596
Mismatch at sample  383: ref=0.994293, dut=-0.357025
Mismatch at sample  384: ref=-0.998413, dut=-0.391632
Mismatch at sample  385: ref=0.984955, dut=-0.419464
Mismatch at sample  386: ref=0.949524, dut=-0.441071
Mismatch at sample  387: ref=0.900085, dut=-0.455536
Mismatch at sample  388: ref=0.850983, dut=-0.462769
Mismatch at sample  389: ref=0.772278, dut=-0.463013
Mismatch at sample  390: ref=0.687622, dut=-0.455414
Mismatch at sample  391: ref=0.583008, dut=-0.441376
Mismatch at sample  392: ref=0.488434, dut=-0.419434
Mismatch at sample  393: ref=0.366211, dut=-0.392029
Mismatch at sample  394: ref=0.252808, dut=-0.357117
Mismatch at sample  395: ref=0.118835, dut=-0.318054
Mismatch at sample  396: ref=0.00262451, dut=-0.272339
Mismatch at sample  397: ref=-0.13208, dut=-0.22406
Mismatch at sample  398: ref=-0.245178, dut=-0.170471
Mismatch at sample  399: ref=-0.374237, dut=-0.116028
Mismatch at sample  400: ref=-0.4823, dut=-0.0578613
Mismatch at sample  401: ref=-0.59552, dut=-0.000671387
Mismatch at sample  402: ref=-0.679932, dut=0.0583496
Mismatch at sample  403: ref=-0.772278, dut=0.114685
Mismatch at sample  404: ref=-0.845947, dut=0.170898
Mismatch at sample  405: ref=-0.91037, dut=0.22287
Mismatch at sample  406: ref=-0.946228, dut=0.272705
Mismatch at sample  407: ref=-0.97995, dut=0.317017
Mismatch at sample  408: ref=0.998138, dut=0.357391
Mismatch at sample  409: ref=0.997864, dut=0.391266
Mismatch at sample  410: ref=-0.980743, dut=0.419586
Mismatch at sample  411: ref=-0.947327, dut=0.440918
Mismatch at sample  412: ref=-0.91156, dut=0.455444
Mismatch at sample  413: ref=-0.846863, dut=0.46286
Mismatch at sample  414: ref=-0.772614, dut=0.462677
Mismatch at sample  415: ref=-0.679504, dut=0.455719
Mismatch at sample  416: ref=-0.594177, dut=0.440857
Mismatch at sample  417: ref=-0.480103, dut=0.419952
Mismatch at sample  418: ref=-0.371338, dut=0.391296
Mismatch at sample  419: ref=-0.241791, dut=0.357788
Mismatch at sample  420: ref=-0.12854, dut=0.317169
Mismatch at sample  421: ref=0.00595093, dut=0.273163
Mismatch at sample  422: ref=0.121582, dut=0.223114
Mismatch at sample  423: ref=0.254791, dut=0.171326
Mismatch at sample  424: ref=0.36734, dut=0.115021
Mismatch at sample  425: ref=0.488739, dut=0.0587463
Mismatch at sample  426: ref=0.582642, dut=-0.000274658
Mismatch at sample  427: ref=0.686829, dut=-0.0574951
Mismatch at sample  428: ref=0.771423, dut=-0.115601
Mismatch at sample  429: ref=0.850311, dut=-0.170166
Mismatch at sample  430: ref=0.899963, dut=-0.223633
Mismatch at sample  431: ref=0.949982, dut=-0.272125
Mismatch at sample  432: ref=0.986115, dut=-0.317596
Mismatch at sample  433: ref=-0.996826, dut=-0.356995
Mismatch at sample  434: ref=0.996155, dut=-0.391632
Mismatch at sample  435: ref=0.979309, dut=-0.419434
Mismatch at sample  436: ref=0.95752, dut=-0.441071
Mismatch at sample  437: ref=0.907928, dut=-0.455536
Mismatch at sample  438: ref=0.845398, dut=-0.462769
Mismatch at sample  439: ref=0.76535, dut=-0.462982
Mismatch at sample  440: ref=0.690674, dut=-0.455414
Mismatch at sample  441: ref=0.586609, dut=-0.441345
Mismatch at sample  442: ref=0.484192, dut=-0.419434
Mismatch at sample  443: ref=0.361084, dut=-0.391998
Mismatch at sample  444: ref=0.252533, dut=-0.357086
Mismatch at sample  445: ref=0.12027, dut=-0.318024
Mismatch at sample  446: ref=0.0038147, dut=-0.272308
Mismatch at sample  447: ref=-0.13147, dut=-0.22403
Mismatch at sample  448: ref=-0.246826, dut=-0.170441
Mismatch at sample  449: ref=-0.374542, dut=-0.115997
Mismatch at sample  450: ref=-0.47644, dut=-0.0578308
Mismatch at sample  451: ref=-0.59082, dut=-0.000671387
Mismatch at sample  452: ref=-0.684906, dut=0.0583801
Mismatch at sample  453: ref=-0.776947, dut=0.114716
Mismatch at sample  454: ref=-0.839478, dut=0.170929
Mismatch at sample  455: ref=-0.904968, dut=0.22287
Mismatch at sample  456: ref=-0.954651, dut=0.272736
Mismatch at sample  457: ref=-0.988251, dut=0.317017
Mismatch at sample  458: ref=-0.995728, dut=0.357422
Mismatch at sample  459: ref=-0.995758, dut=0.391235
---------------------------------------
Testbench Results
Samples processed : 460
Mismatches        : 450
Status: FAIL [!!] (450 samples out of tolerance)
---------------------------------------
INFO [HLS SIM]: The maximum depth reached by any hls::stream() instance in the design is 460
INFO: [SIM 211-1] CSim done with 0 errors.
INFO: [SIM 211-3] *************** CSIM finish ***************
INFO: [HLS 200-112] Total CPU user time: 3 seconds. Total CPU system time: 1 seconds. Total elapsed time: 9.039 seconds; peak allocated memory: 273.707 MB.
INFO: [vitis-run 60-791] Total elapsed time: 0h 0m 14s
