  **** HLS Build v2024.2 5238294
INFO: [HLS 200-2005] Using work_dir C:/HLS-multirate-DSP/HLS_Multirate/FIR_Cascade_HLS/FIR_Cascade_HLS 
INFO: [HLS 200-1505] Using default flow_target 'vivado'
Resolution: For help on HLS 200-1505 see docs.xilinx.com/access/sources/dita/topic?Doc_Version=2024.2%20English&url=ug1448-hls-guidance&resourceid=200-1505.html
INFO: [HLS 200-1465] Applying ini 'syn.file=FIR_HLS.cpp' from C:/HLS-multirate-DSP/HLS_Multirate/FIR_Cascade_HLS/hls_config.cfg(7)
INFO: [HLS 200-10] Adding design file 'C:/HLS-multirate-DSP/HLS_Multirate/FIR_Cascade_HLS/FIR_HLS.cpp' to the project
INFO: [HLS 200-1465] Applying ini 'syn.file=FIR_HLS.h' from C:/HLS-multirate-DSP/HLS_Multirate/FIR_Cascade_HLS/hls_config.cfg(8)
INFO: [HLS 200-10] Adding design file 'C:/HLS-multirate-DSP/HLS_Multirate/FIR_Cascade_HLS/FIR_HLS.h' to the project
INFO: [HLS 200-1465] Applying ini 'syn.file=../../Matlab/FIR_multirate_cascade_HLS.h' from C:/HLS-multirate-DSP/HLS_Multirate/FIR_Cascade_HLS/hls_config.cfg(9)
INFO: [HLS 200-10] Adding design file 'C:/HLS-multirate-DSP/Matlab/FIR_multirate_cascade_HLS.h' to the project
INFO: [HLS 200-1465] Applying ini 'tb.file=FIR_HLS_TB.cpp' from C:/HLS-multirate-DSP/HLS_Multirate/FIR_Cascade_HLS/hls_config.cfg(10)
INFO: [HLS 200-10] Adding test bench file 'C:/HLS-multirate-DSP/HLS_Multirate/FIR_Cascade_HLS/FIR_HLS_TB.cpp' to the project
INFO: [HLS 200-1465] Applying ini 'tb.file=../../Matlab/TS_HLS_multirate_cascade.res' from C:/HLS-multirate-DSP/HLS_Multirate/FIR_Cascade_HLS/hls_config.cfg(11)
INFO: [HLS 200-10] Adding test bench file 'C:/HLS-multirate-DSP/Matlab/TS_HLS_multirate_cascade.res' to the project
INFO: [HLS 200-1465] Applying ini 'tb.file=../../Matlab/TS_HLS_multirate_cascade.dat' from C:/HLS-multirate-DSP/HLS_Multirate/FIR_Cascade_HLS/hls_config.cfg(12)
INFO: [HLS 200-10] Adding test bench file 'C:/HLS-multirate-DSP/Matlab/TS_HLS_multirate_cascade.dat' to the project
INFO: [HLS 200-1465] Applying ini 'syn.top=FIR_Cascade_HLS' from C:/HLS-multirate-DSP/HLS_Multirate/FIR_Cascade_HLS/hls_config.cfg(13)
INFO: [HLS 200-1465] Applying ini 'flow_target=vivado' from C:/HLS-multirate-DSP/HLS_Multirate/FIR_Cascade_HLS/hls_config.cfg(4)
INFO: [HLS 200-1505] Using flow_target 'vivado'
Resolution: For help on HLS 200-1505 see docs.xilinx.com/access/sources/dita/topic?Doc_Version=2024.2%20English&url=ug1448-hls-guidance&resourceid=200-1505.html
INFO: [HLS 200-1465] Applying ini 'part=xck26-sfvc784-2LV-c' from C:/HLS-multirate-DSP/HLS_Multirate/FIR_Cascade_HLS/hls_config.cfg(1)
INFO: [HLS 200-1611] Setting target device to 'xck26-sfvc784-2LV-c'
INFO: [HLS 200-1465] Applying ini 'package.ip.display_name=Multirate_v4' from C:/HLS-multirate-DSP/HLS_Multirate/FIR_Cascade_HLS/hls_config.cfg(14)
INFO: [HLS 200-1465] Applying ini 'package.output.format=ip_catalog' from C:/HLS-multirate-DSP/HLS_Multirate/FIR_Cascade_HLS/hls_config.cfg(5)
INFO: [SIM 211-2] *************** CSIM start ***************
INFO: [SIM 211-4] CSIM will launch CLANG as the compiler.
INFO: [HLS 200-2036] Building debug C Simulation binaries
   Compiling ../../../../FIR_HLS.cpp in debug mode
   Generating csim.exe
In file included from ../../../../FIR_HLS.cpp:1:
In file included from ../../../../FIR_HLS.h:2:
In file included from C:/AMD/Vitis/2024.2/include/ap_fixed.h:9:
In file included from C:/AMD/Vitis/2024.2/include/etc/ap_common.h:658:
In file included from C:/AMD/Vitis/2024.2/include/etc/ap_private.h:68:
In file included from C:/AMD/Vitis/2024.2/include/hls_half.h:26:
In file included from C:/AMD/Vitis/2024.2/include/etc/hls_half_fpo.h:19:
In file included from C:/AMD/Vitis/2024.2/include/hls_fpo.h:140:
In file included from C:/AMD/Vitis/2024.2/include/floating_point_v7_1_bitacc_cmodel.h:150:
C:/AMD/Vitis/2024.2/include/gmp.h:58:9: warning: '__GMP_LIBGMP_DLL' macro redefined [-Wmacro-redefined]
#define __GMP_LIBGMP_DLL  0
        ^
C:/AMD/Vitis/2024.2/include/floating_point_v7_1_bitacc_cmodel.h:142:9: note: previous definition is here
#define __GMP_LIBGMP_DLL 1
        ^
1 warning generated.
INFO: Reading ../../../../../../Matlab/TS_HLS_multirate_cascade.dat
INFO: Read 460 samples from ../../../../../../Matlab/TS_HLS_multirate_cascade.dat
INFO: Reading ../../../../../../Matlab/TS_HLS_multirate_cascade.res
INFO: Read 460 samples from ../../../../../../Matlab/TS_HLS_multirate_cascade.res
INFO: Input and reference data lengths match.
Mismatch at sample    1: ref=          0, dut=0.116394
Mismatch at sample    2: ref=          0, dut=0.231018
Mismatch at sample    3: ref=          0, dut=0.34198
Mismatch at sample    4: ref=          0, dut=0.447571
Mismatch at sample    5: ref=          0, dut=0.546082
Mismatch at sample    6: ref=          0, dut=0.635986
Mismatch at sample    7: ref=          0, dut=0.715881
Mismatch at sample    8: ref=-3.05176e-05, dut=0.784424
Mismatch at sample    9: ref=          0, dut=0.840637
Mismatch at sample   10: ref=          0, dut=0.883606
Mismatch at sample   11: ref=          0, dut=0.912659
Mismatch at sample   12: ref=-3.05176e-05, dut=0.927246
Mismatch at sample   13: ref=-3.05176e-05, dut=0.927246
Mismatch at sample   14: ref=          0, dut=0.912659
Mismatch at sample   15: ref=6.10352e-05, dut=0.883606
Mismatch at sample   16: ref=0.000213623, dut=0.840698
Mismatch at sample   17: ref=0.000244141, dut=0.784424
Mismatch at sample   18: ref=0.000152588, dut=0.715881
Mismatch at sample   19: ref=6.10352e-05, dut=0.635986
Mismatch at sample   20: ref=-9.15527e-05, dut=0.546082
Mismatch at sample   21: ref=-0.000152588, dut=0.447571
Mismatch at sample   22: ref=-0.00012207, dut=0.34198
Mismatch at sample   23: ref=-0.00012207, dut=0.231018
Mismatch at sample   24: ref=-0.000152588, dut=0.116394
Mismatch at sample   26: ref=-0.000457764, dut=-0.116455
Mismatch at sample   27: ref=-0.000640869, dut=-0.23114
Mismatch at sample   28: ref=-0.000762939, dut=-0.342102
Mismatch at sample   29: ref=-0.000793457, dut=-0.447693
Mismatch at sample   30: ref=-0.000701904, dut=-0.546143
Mismatch at sample   31: ref=-0.000701904, dut=-0.636108
Mismatch at sample   32: ref=-0.000671387, dut=-0.715942
Mismatch at sample   33: ref=-0.000762939, dut=-0.784546
Mismatch at sample   34: ref=-0.000946045, dut=-0.840759
Mismatch at sample   35: ref=-0.0010376, dut=-0.883728
Mismatch at sample   36: ref=-0.0010376, dut=-0.91272
Mismatch at sample   37: ref=-0.000946045, dut=-0.927368
Mismatch at sample   38: ref=-0.000732422, dut=-0.927368
Mismatch at sample   39: ref=-0.000610352, dut=-0.91272
Mismatch at sample   40: ref=-0.000518799, dut=-0.883728
Mismatch at sample   41: ref=-0.000549316, dut=-0.840759
Mismatch at sample   42: ref=-0.000701904, dut=-0.784546
Mismatch at sample   43: ref=-0.000671387, dut=-0.716003
Mismatch at sample   44: ref=-0.000579834, dut=-0.636108
Mismatch at sample   45: ref=-0.000335693, dut=-0.546204
Mismatch at sample   46: ref=          0, dut=-0.447693
Mismatch at sample   47: ref=0.000213623, dut=-0.342102
Mismatch at sample   48: ref=0.000244141, dut=-0.23114
Mismatch at sample   49: ref=0.000213623, dut=-0.116516
Mismatch at sample   51: ref=6.10352e-05, dut=0.116394
Mismatch at sample   52: ref=0.000244141, dut=0.231018
Mismatch at sample   53: ref=0.000518799, dut=0.34198
Mismatch at sample   54: ref=0.00088501, dut=0.447571
Mismatch at sample   55: ref=0.0010376, dut=0.546082
Mismatch at sample   56: ref=0.000946045, dut=0.635986
Mismatch at sample   57: ref=0.000793457, dut=0.715881
Mismatch at sample   58: ref=0.000488281, dut=0.784424
Mismatch at sample   59: ref=0.000457764, dut=0.840698
Mismatch at sample   60: ref=0.000671387, dut=0.883606
Mismatch at sample   61: ref=0.00088501, dut=0.912598
Mismatch at sample   62: ref=0.0012207, dut=0.927246
Mismatch at sample   63: ref=0.0012207, dut=0.927246
Mismatch at sample   64: ref=0.00088501, dut=0.912659
Mismatch at sample   65: ref=0.000549316, dut=0.883606
Mismatch at sample   66: ref=0.00012207, dut=0.840637
Mismatch at sample   67: ref=6.10352e-05, dut=0.784424
Mismatch at sample   68: ref=0.000335693, dut=0.715881
Mismatch at sample   69: ref=0.000518799, dut=0.635986
Mismatch at sample   70: ref=0.000793457, dut=0.546082
Mismatch at sample   71: ref=0.000640869, dut=0.447571
Mismatch at sample   72: ref=9.15527e-05, dut=0.34198
Mismatch at sample   73: ref=-0.000366211, dut=0.231018
Mismatch at sample   74: ref=-0.000793457, dut=0.116394
Mismatch at sample   76: ref=-0.000366211, dut=-0.116455
Mismatch at sample   77: ref=-0.00012207, dut=-0.23114
Mismatch at sample   78: ref=0.00012207, dut=-0.342041
Mismatch at sample   79: ref=-9.15527e-05, dut=-0.447693
Mismatch at sample   80: ref=-0.000823975, dut=-0.546204
Mismatch at sample   81: ref=-0.00128174, dut=-0.636108
Mismatch at sample   82: ref=-0.00158691, dut=-0.716003
Mismatch at sample   83: ref=-0.00140381, dut=-0.784546
Mismatch at sample   84: ref=-0.000671387, dut=-0.840759
Mismatch at sample   85: ref=-0.000274658, dut=-0.883728
Mismatch at sample   86: ref=-3.05176e-05, dut=-0.91272
Mismatch at sample   87: ref=-0.000305176, dut=-0.927368
Mismatch at sample   88: ref=-0.00115967, dut=-0.927368
Mismatch at sample   89: ref=-0.00152588, dut=-0.91272
Mismatch at sample   90: ref=-0.00161743, dut=-0.883728
Mismatch at sample   91: ref=-0.00115967, dut=-0.840759
Mismatch at sample   92: ref=-6.10352e-05, dut=-0.784546
Mismatch at sample   93: ref=0.000457764, dut=-0.716003
Mismatch at sample   94: ref=0.000579834, dut=-0.636108
Mismatch at sample   95: ref=0.000213623, dut=-0.546204
Mismatch at sample   96: ref=-0.00088501, dut=-0.447693
Mismatch at sample   97: ref=-0.00119019, dut=-0.342102
Mismatch at sample   98: ref=-0.000946045, dut=-0.23114
Mismatch at sample   99: ref=-0.000244141, dut=-0.116516
Mismatch at sample  101: ref=0.00170898, dut=0.116394
Mismatch at sample  102: ref=0.00149536, dut=0.231018
Mismatch at sample  103: ref=0.000854492, dut=0.34198
Mismatch at sample  104: ref=-0.000579834, dut=0.447571
Mismatch at sample  105: ref=-0.00088501, dut=0.546082
Mismatch at sample  106: ref=-0.000305176, dut=0.635986
Mismatch at sample  107: ref=0.000671387, dut=0.715881
Mismatch at sample  108: ref=0.00238037, dut=0.784424
Mismatch at sample  109: ref=0.00271606, dut=0.840637
Mismatch at sample  110: ref=0.00186157, dut=0.883606
Mismatch at sample  111: ref=0.000732422, dut=0.912659
Mismatch at sample  112: ref=-0.00115967, dut=0.927246
Mismatch at sample  113: ref=-0.00140381, dut=0.927246
Mismatch at sample  114: ref=-0.000183105, dut=0.912598
Mismatch at sample  115: ref=0.00109863, dut=0.883606
Mismatch at sample  116: ref=0.00311279, dut=0.840637
Mismatch at sample  117: ref=0.00308228, dut=0.784424
Mismatch at sample  118: ref=0.00119019, dut=0.715881
Mismatch at sample  119: ref=-0.000579834, dut=0.635986
Mismatch at sample  120: ref=-0.00299072, dut=0.546082
Mismatch at sample  121: ref=-0.00292969, dut=0.447571
Mismatch at sample  122: ref=-0.000396729, dut=0.34198
Mismatch at sample  123: ref=0.00161743, dut=0.231018
Mismatch at sample  124: ref=0.00415039, dut=0.116394
Mismatch at sample  125: ref=0.00338745, dut=-6.10352e-05
Mismatch at sample  126: ref=-0.000701904, dut=-0.116455
Mismatch at sample  127: ref=-0.00357056, dut=-0.23114
Mismatch at sample  128: ref=-0.00671387, dut=-0.342102
Mismatch at sample  129: ref=-0.00518799, dut=-0.447693
Mismatch at sample  130: ref=0.00131226, dut=-0.546204
Mismatch at sample  131: ref=0.00531006, dut=-0.636108
Mismatch at sample  132: ref=0.00942993, dut=-0.716003
Mismatch at sample  133: ref=0.00540161, dut=-0.784546
Mismatch at sample  134: ref=-0.00765991, dut=-0.840759
Mismatch at sample  135: ref=-0.0135803, dut=-0.883728
Mismatch at sample  136: ref=-0.0223999, dut=-0.91272
Mismatch at sample  137: ref=0.00244141, dut=-0.927368
Mismatch at sample  138: ref=0.0435791, dut=-0.927368
Mismatch at sample  139: ref=0.125214, dut=-0.91272
Mismatch at sample  140: ref=0.227325, dut=-0.883728
Mismatch at sample  141: ref=0.349976, dut=-0.840759
Mismatch at sample  142: ref=0.470276, dut=-0.784546
Mismatch at sample  143: ref=0.59079, dut=-0.716003
Mismatch at sample  144: ref=0.683624, dut=-0.636108
Mismatch at sample  145: ref=0.774292, dut=-0.546204
Mismatch at sample  146: ref=0.834198, dut=-0.447693
Mismatch at sample  147: ref=0.894958, dut=-0.342102
Mismatch at sample  148: ref=0.935913, dut=-0.23114
Mismatch at sample  149: ref=0.970581, dut=-0.116455
Mismatch at sample  150: ref=0.990234, dut=          0
Mismatch at sample  151: ref=0.992645, dut=0.116394
Mismatch at sample  152: ref=0.978729, dut=0.231018
Mismatch at sample  153: ref=0.944244, dut=0.34198
Mismatch at sample  154: ref=0.898163, dut=0.447571
Mismatch at sample  155: ref=0.832245, dut=0.546082
Mismatch at sample  156: ref=0.76474, dut=0.635986
Mismatch at sample  157: ref=0.674377, dut=0.715881
Mismatch at sample  158: ref=0.588654, dut=0.784424
Mismatch at sample  159: ref=0.476746, dut=0.840637
Mismatch at sample  160: ref=0.372131, dut=0.883606
Mismatch at sample  161: ref=0.243744, dut=0.912659
Mismatch at sample  162: ref=0.128265, dut=0.927246
Mismatch at sample  163: ref=-0.00604248, dut=0.927307
Mismatch at sample  164: ref=-0.120361, dut=0.912659
Mismatch at sample  165: ref=-0.250885, dut=0.883667
Mismatch at sample  166: ref=-0.358551, dut=0.840698
Mismatch at sample  167: ref=-0.479218, dut=0.784424
Mismatch at sample  168: ref=-0.577271, dut=0.715881
Mismatch at sample  169: ref=-0.681396, dut=0.635986
Mismatch at sample  170: ref=-0.761841, dut=0.546082
Mismatch at sample  171: ref=-0.840912, dut=0.447571
Mismatch at sample  172: ref=-0.89566, dut=0.34198
Mismatch at sample  173: ref=-0.944214, dut=0.231018
Mismatch at sample  174: ref=-0.97171, dut=0.116394
Mismatch at sample  175: ref=-0.988434, dut=          0
Mismatch at sample  176: ref=-0.989349, dut=-0.116516
Mismatch at sample  177: ref=-0.973419, dut=-0.231079
Mismatch at sample  178: ref=-0.945862, dut=-0.342102
Mismatch at sample  179: ref=-0.896759, dut=-0.447632
Mismatch at sample  180: ref=-0.840515, dut=-0.546143
Mismatch at sample  181: ref=-0.761261, dut=-0.636108
Mismatch at sample  182: ref=-0.681702, dut=-0.715942
Mismatch at sample  183: ref=-0.578644, dut=-0.784546
Mismatch at sample  184: ref=-0.482269, dut=-0.840759
Mismatch at sample  185: ref=-0.361786, dut=-0.883728
Mismatch at sample  186: ref=-0.252869, dut=-0.91272
Mismatch at sample  187: ref=-0.121307, dut=-0.927368
Mismatch at sample  188: ref=-0.00558472, dut=-0.927368
Mismatch at sample  189: ref=0.12851, dut=-0.91272
Mismatch at sample  190: ref=0.242126, dut=-0.883728
Mismatch at sample  191: ref=0.369324, dut=-0.840759
Mismatch at sample  192: ref=0.472839, dut=-0.784546
Mismatch at sample  193: ref=0.58548, dut=-0.715942
Mismatch at sample  194: ref=0.673981, dut=-0.636108
Mismatch at sample  195: ref=0.765839, dut=-0.546143
Mismatch at sample  196: ref=0.83432, dut=-0.447632
Mismatch at sample  197: ref=0.899261, dut=-0.342102
Mismatch at sample  198: ref=0.941956, dut=-0.231079
Mismatch at sample  199: ref=0.975159, dut=-0.116516
Mismatch at sample  200: ref=0.989044, dut=          0
Mismatch at sample  201: ref=0.988861, dut=0.116333
Mismatch at sample  202: ref=0.974426, dut=0.231018
Mismatch at sample  203: ref=0.941406, dut=0.34198
Mismatch at sample  204: ref=0.899689, dut=0.447571
Mismatch at sample  205: ref=0.835541, dut=0.546082
Mismatch at sample  206: ref=0.767944, dut=0.635986
Mismatch at sample  207: ref=0.676208, dut=0.715881
Mismatch at sample  208: ref=0.587006, dut=0.784424
Mismatch at sample  209: ref=0.473816, dut=0.840698
Mismatch at sample  210: ref=0.36969, dut=0.883667
Mismatch at sample  211: ref=0.242615, dut=0.912659
Mismatch at sample  212: ref=0.129944, dut=0.927307
Mismatch at sample  213: ref=-0.003479, dut=0.927246
Mismatch at sample  214: ref=-0.11853, dut=0.912659
Mismatch at sample  215: ref=-0.250214, dut=0.883606
Mismatch at sample  216: ref=-0.360199, dut=0.840698
Mismatch at sample  217: ref=-0.481476, dut=0.784363
Mismatch at sample  218: ref=-0.578644, dut=0.715881
Mismatch at sample  219: ref=-0.681671, dut=0.635986
Mismatch at sample  220: ref=-0.760254, dut=0.546021
Mismatch at sample  221: ref=-0.838928, dut=0.447571
Mismatch at sample  222: ref=-0.894653, dut=0.341919
Mismatch at sample  223: ref=-0.944183, dut=0.231079
Mismatch at sample  224: ref=-0.973206, dut=0.116394
Mismatch at sample  225: ref=-0.990143, dut=6.10352e-05
Mismatch at sample  226: ref=-0.990082, dut=-0.116455
Mismatch at sample  227: ref=-0.973267, dut=-0.231079
Mismatch at sample  228: ref=-0.944489, dut=-0.342041
Mismatch at sample  229: ref=-0.895264, dut=-0.447693
Mismatch at sample  230: ref=-0.840027, dut=-0.546143
Mismatch at sample  231: ref=-0.761566, dut=-0.636169
Mismatch at sample  232: ref=-0.682983, dut=-0.715942
Mismatch at sample  233: ref=-0.579926, dut=-0.784607
Mismatch at sample  234: ref=-0.482574, dut=-0.84082
Mismatch at sample  235: ref=-0.361359, dut=-0.883789
Mismatch at sample  236: ref=-0.251709, dut=-0.912781
Mismatch at sample  237: ref=-0.120239, dut=-0.927307
Mismatch at sample  238: ref=-0.00546265, dut=-0.927429
Mismatch at sample  239: ref=0.128021, dut=-0.912659
Mismatch at sample  240: ref=0.241089, dut=-0.883728
Mismatch at sample  241: ref=0.368439, dut=-0.840698
Mismatch at sample  242: ref=0.472839, dut=-0.784485
Mismatch at sample  243: ref=0.585999, dut=-0.715942
Mismatch at sample  244: ref=0.674866, dut=-0.635986
Mismatch at sample  245: ref=0.766571, dut=-0.546265
Mismatch at sample  246: ref=0.834198, dut=-0.447632
Mismatch at sample  247: ref=0.898682, dut=-0.342224
Mismatch at sample  248: ref=0.941132, dut=-0.23114
Mismatch at sample  249: ref=0.974518, dut=-0.116638
Mismatch at sample  250: ref=0.989166, dut=-0.000183105
Mismatch at sample  251: ref=0.989349, dut=0.116394
Mismatch at sample  252: ref=0.975037, dut=0.230896
Mismatch at sample  253: ref=0.941772, dut=0.342102
Mismatch at sample  254: ref=0.899292, dut=0.44751
Mismatch at sample  255: ref=0.834808, dut=0.546265
Mismatch at sample  256: ref=0.767151, dut=0.636047
Mismatch at sample  257: ref=0.675598, dut=0.716064
Mismatch at sample  258: ref=0.587006, dut=0.784668
Mismatch at sample  259: ref=0.473969, dut=0.840637
Mismatch at sample  260: ref=0.369659, dut=0.88385
Mismatch at sample  261: ref=0.242218, dut=0.912354
Mismatch at sample  262: ref=0.128937, dut=0.927368
Mismatch at sample  263: ref=-0.00473022, dut=0.92688
Mismatch at sample  264: ref=-0.11969, dut=0.912476
Mismatch at sample  265: ref=-0.251221, dut=0.883362
Mismatch at sample  266: ref=-0.360779, dut=0.840088
Mismatch at sample  267: ref=-0.481964, dut=0.784851
Mismatch at sample  268: ref=-0.579224, dut=0.715149
Mismatch at sample  269: ref=-0.682404, dut=0.637329
Mismatch at sample  270: ref=-0.761292, dut=0.54541
Mismatch at sample  271: ref=-0.839996, dut=0.450378
Mismatch at sample  272: ref=-0.895477, dut=0.342041
Mismatch at sample  273: ref=-0.944794, dut=0.235046
Mismatch at sample  274: ref=-0.97345, dut=0.117371
Mismatch at sample  275: ref=-0.990234, dut=0.00524902
Mismatch at sample  276: ref=-0.990234, dut=-0.114014
Mismatch at sample  277: ref=-0.97345, dut=-0.225281
Mismatch at sample  278: ref=-0.944794, dut=-0.338379
Mismatch at sample  279: ref=-0.895477, dut=-0.441589
Mismatch at sample  280: ref=-0.839996, dut=-0.541138
Mismatch at sample  281: ref=-0.761292, dut=-0.630493
Mismatch at sample  282: ref=-0.682404, dut=-0.710327
Mismatch at sample  283: ref=-0.579224, dut=-0.779602
Mismatch at sample  284: ref=-0.481964, dut=-0.834717
Mismatch at sample  285: ref=-0.360809, dut=-0.880005
Mismatch at sample  286: ref=-0.251221, dut=-0.907043
Mismatch at sample  287: ref=-0.11969, dut=-0.924683
Mismatch at sample  288: ref=-0.00469971, dut=-0.922119
Mismatch at sample  289: ref=0.128937, dut=-0.911438
Mismatch at sample  290: ref=0.242126, dut=-0.879395
Mismatch at sample  291: ref=0.369476, dut=-0.840759
Mismatch at sample  292: ref=0.473724, dut=-0.781189
Mismatch at sample  293: ref=0.586792, dut=-0.717346
Mismatch at sample  294: ref=0.675568, dut=-0.633972
Mismatch at sample  295: ref=0.767212, dut=-0.548889
Mismatch at sample  296: ref=0.83493, dut=-0.446899
Mismatch at sample  297: ref=0.899445, dut=-0.346008
Mismatch at sample  298: ref=0.941864, dut=-0.231689
Mismatch at sample  299: ref=0.975159, dut=-0.121521
Mismatch at sample  300: ref=0.989594, dut=-0.00213623
Mismatch at sample  301: ref=0.989594, dut=0.11084
Mismatch at sample  302: ref=0.975159, dut=0.227722
Mismatch at sample  303: ref=0.941864, dut=0.33606
Mismatch at sample  304: ref=0.899445, dut=0.442993
Mismatch at sample  305: ref=0.83493, dut=0.540405
Mismatch at sample  306: ref=0.767212, dut=0.630737
Mismatch at sample  307: ref=0.675568, dut=0.710571
Mismatch at sample  308: ref=0.586792, dut=0.778625
Mismatch at sample  309: ref=0.473724, dut=0.836365
Mismatch at sample  310: ref=0.369476, dut=0.87793
Mismatch at sample  311: ref=0.242126, dut=0.909241
Mismatch at sample  312: ref=0.128937, dut=0.921692
Mismatch at sample  313: ref=-0.00469971, dut=0.925232
Mismatch at sample  314: ref=-0.11969, dut=0.907837
Mismatch at sample  315: ref=-0.251221, dut=0.882813
Mismatch at sample  316: ref=-0.360809, dut=0.83667
Mismatch at sample  317: ref=-0.481964, dut=0.785156
Mismatch at sample  318: ref=-0.579224, dut=0.713013
Mismatch at sample  319: ref=-0.682404, dut=0.638123
Mismatch at sample  320: ref=-0.761292, dut=0.544556
Mismatch at sample  321: ref=-0.839996, dut=0.450989
Mismatch at sample  322: ref=-0.895477, dut=0.341858
Mismatch at sample  323: ref=-0.944794, dut=0.235596
Mismatch at sample  324: ref=-0.97345, dut=0.117798
Mismatch at sample  325: ref=-0.990234, dut=0.00518799
Mismatch at sample  326: ref=-0.990234, dut=-0.11377
Mismatch at sample  327: ref=-0.97345, dut=-0.225342
Mismatch at sample  328: ref=-0.944794, dut=-0.338013
Mismatch at sample  329: ref=-0.895477, dut=-0.441956
Mismatch at sample  330: ref=-0.839996, dut=-0.541321
Mismatch at sample  331: ref=-0.761292, dut=-0.630554
Mismatch at sample  332: ref=-0.682404, dut=-0.710388
Mismatch at sample  333: ref=-0.579224, dut=-0.779785
Mismatch at sample  334: ref=-0.481964, dut=-0.835083
Mismatch at sample  335: ref=-0.360809, dut=-0.8797
Mismatch at sample  336: ref=-0.251221, dut=-0.906982
Mismatch at sample  337: ref=-0.11969, dut=-0.924622
Mismatch at sample  338: ref=-0.00469971, dut=-0.92218
Mismatch at sample  339: ref=0.128937, dut=-0.911255
Mismatch at sample  340: ref=0.242126, dut=-0.879211
Mismatch at sample  341: ref=0.369476, dut=-0.84082
Mismatch at sample  342: ref=0.473724, dut=-0.781128
Mismatch at sample  343: ref=0.586792, dut=-0.717407
Mismatch at sample  344: ref=0.675568, dut=-0.633911
Mismatch at sample  345: ref=0.767212, dut=-0.549011
Mismatch at sample  346: ref=0.83493, dut=-0.446838
Mismatch at sample  347: ref=0.899445, dut=-0.34613
Mismatch at sample  348: ref=0.941864, dut=-0.231873
Mismatch at sample  349: ref=0.975159, dut=-0.121399
Mismatch at sample  350: ref=0.989594, dut=-0.0020752
Mismatch at sample  351: ref=0.989594, dut=0.110779
Mismatch at sample  352: ref=0.975159, dut=0.227539
Mismatch at sample  353: ref=0.941864, dut=0.336304
Mismatch at sample  354: ref=0.899445, dut=0.443176
Mismatch at sample  355: ref=0.83493, dut=0.540344
Mismatch at sample  356: ref=0.767212, dut=0.630676
Mismatch at sample  357: ref=0.675568, dut=0.710754
Mismatch at sample  358: ref=0.586792, dut=0.77887
Mismatch at sample  359: ref=0.473724, dut=0.836121
Mismatch at sample  360: ref=0.369476, dut=0.877808
Mismatch at sample  361: ref=0.242126, dut=0.909302
Mismatch at sample  362: ref=0.128937, dut=0.921814
Mismatch at sample  363: ref=-0.00469971, dut=0.925049
Mismatch at sample  364: ref=-0.11969, dut=0.907654
Mismatch at sample  365: ref=-0.251221, dut=0.882935
Mismatch at sample  366: ref=-0.360809, dut=0.83667
Mismatch at sample  367: ref=-0.481964, dut=0.785156
Mismatch at sample  368: ref=-0.579224, dut=0.713013
Mismatch at sample  369: ref=-0.682404, dut=0.638184
Mismatch at sample  370: ref=-0.761292, dut=0.544556
Mismatch at sample  371: ref=-0.839996, dut=0.45105
Mismatch at sample  372: ref=-0.895477, dut=0.34198
Mismatch at sample  373: ref=-0.944794, dut=0.235474
Mismatch at sample  374: ref=-0.97345, dut=0.117737
Mismatch at sample  375: ref=-0.990234, dut=0.00524902
Mismatch at sample  376: ref=-0.990234, dut=-0.113647
Mismatch at sample  377: ref=-0.97345, dut=-0.225525
Mismatch at sample  378: ref=-0.944794, dut=-0.338196
Mismatch at sample  379: ref=-0.895477, dut=-0.441833
Mismatch at sample  380: ref=-0.839996, dut=-0.54126
Mismatch at sample  381: ref=-0.761292, dut=-0.630676
Mismatch at sample  382: ref=-0.682404, dut=-0.710571
Mismatch at sample  383: ref=-0.579224, dut=-0.779541
Mismatch at sample  384: ref=-0.481964, dut=-0.8349
Mismatch at sample  385: ref=-0.360809, dut=-0.879822
Mismatch at sample  386: ref=-0.251221, dut=-0.907104
Mismatch at sample  387: ref=-0.11969, dut=-0.9245
Mismatch at sample  388: ref=-0.00469971, dut=-0.921997
Mismatch at sample  389: ref=0.128937, dut=-0.911377
Mismatch at sample  390: ref=0.242126, dut=-0.879272
Mismatch at sample  391: ref=0.369476, dut=-0.840759
Mismatch at sample  392: ref=0.473724, dut=-0.781067
Mismatch at sample  393: ref=0.586792, dut=-0.717468
Mismatch at sample  394: ref=0.675568, dut=-0.633911
Mismatch at sample  395: ref=0.767212, dut=-0.549011
Mismatch at sample  396: ref=0.83493, dut=-0.44696
Mismatch at sample  397: ref=0.899445, dut=-0.346069
Mismatch at sample  398: ref=0.941864, dut=-0.231812
Mismatch at sample  399: ref=0.975159, dut=-0.12146
Mismatch at sample  400: ref=0.989594, dut=-0.00219727
Mismatch at sample  401: ref=0.989594, dut=0.110962
Mismatch at sample  402: ref=0.975159, dut=0.227722
Mismatch at sample  403: ref=0.941864, dut=0.336121
Mismatch at sample  404: ref=0.899445, dut=0.443054
Mismatch at sample  405: ref=0.83493, dut=0.540466
Mismatch at sample  406: ref=0.767212, dut=0.630859
Mismatch at sample  407: ref=0.675568, dut=0.71051
Mismatch at sample  408: ref=0.586792, dut=0.778687
Mismatch at sample  409: ref=0.473724, dut=0.836243
Mismatch at sample  410: ref=0.369476, dut=0.877869
Mismatch at sample  411: ref=0.242126, dut=0.90918
Mismatch at sample  412: ref=0.128937, dut=0.921631
Mismatch at sample  413: ref=-0.00469971, dut=0.925232
Mismatch at sample  414: ref=-0.11969, dut=0.907715
Mismatch at sample  415: ref=-0.251221, dut=0.882874
Mismatch at sample  416: ref=-0.360809, dut=0.836609
Mismatch at sample  417: ref=-0.481964, dut=0.785217
Mismatch at sample  418: ref=-0.579224, dut=0.713074
Mismatch at sample  419: ref=-0.682404, dut=0.638123
Mismatch at sample  420: ref=-0.761292, dut=0.544617
Mismatch at sample  421: ref=-0.839996, dut=0.450989
Mismatch at sample  422: ref=-0.895477, dut=0.341919
Mismatch at sample  423: ref=-0.944794, dut=0.235535
Mismatch at sample  424: ref=-0.97345, dut=0.117859
Mismatch at sample  425: ref=-0.990234, dut=0.00512695
Mismatch at sample  426: ref=-0.990234, dut=-0.113831
Mismatch at sample  427: ref=-0.97345, dut=-0.225342
Mismatch at sample  428: ref=-0.944794, dut=-0.338074
Mismatch at sample  429: ref=-0.895477, dut=-0.441956
Mismatch at sample  430: ref=-0.839996, dut=-0.541382
Mismatch at sample  431: ref=-0.761292, dut=-0.630493
Mismatch at sample  432: ref=-0.682404, dut=-0.710388
Mismatch at sample  433: ref=-0.579224, dut=-0.779724
Mismatch at sample  434: ref=-0.481964, dut=-0.835022
Mismatch at sample  435: ref=-0.360809, dut=-0.8797
Mismatch at sample  436: ref=-0.251221, dut=-0.906921
Mismatch at sample  437: ref=-0.11969, dut=-0.924683
Mismatch at sample  438: ref=-0.00469971, dut=-0.922119
Mismatch at sample  439: ref=0.128937, dut=-0.911316
Mismatch at sample  440: ref=0.242126, dut=-0.879211
Mismatch at sample  441: ref=0.369476, dut=-0.840881
Mismatch at sample  442: ref=0.473724, dut=-0.781128
Mismatch at sample  443: ref=0.586792, dut=-0.717407
Mismatch at sample  444: ref=0.675568, dut=-0.633972
Mismatch at sample  445: ref=0.767212, dut=-0.54895
Mismatch at sample  446: ref=0.83493, dut=-0.446899
Mismatch at sample  447: ref=0.899445, dut=-0.346069
Mismatch at sample  448: ref=0.941864, dut=-0.231873
Mismatch at sample  449: ref=0.975159, dut=-0.121338
Mismatch at sample  450: ref=0.989594, dut=-0.0020752
Mismatch at sample  451: ref=0.989594, dut=0.110779
Mismatch at sample  452: ref=0.975159, dut=0.2276
Mismatch at sample  453: ref=0.941864, dut=0.336243
Mismatch at sample  454: ref=0.899445, dut=0.443237
Mismatch at sample  455: ref=0.83493, dut=0.540283
Mismatch at sample  456: ref=0.767212, dut=0.630676
Mismatch at sample  457: ref=0.675568, dut=0.710693
Mismatch at sample  458: ref=0.586792, dut=0.778809
Mismatch at sample  459: ref=0.473724, dut=0.836121
---------------------------------------
Testbench Results
Samples processed : 460
Mismatches        : 455
Status: FAIL [!!] (455 samples out of tolerance)
---------------------------------------
INFO [HLS SIM]: The maximum depth reached by any hls::stream() instance in the design is 460
INFO: [SIM 211-1] CSim done with 0 errors.
INFO: [SIM 211-3] *************** CSIM finish ***************
INFO: [HLS 200-112] Total CPU user time: 3 seconds. Total CPU system time: 1 seconds. Total elapsed time: 8.948 seconds; peak allocated memory: 273.613 MB.
INFO: [vitis-run 60-791] Total elapsed time: 0h 0m 14s
