  **** HLS Build v2024.2 5238294
INFO: [HLS 200-2005] Using work_dir C:/HLS-multirate-DSP/HLS_Multirate/FIR_Cascade_HLS/FIR_Cascade_HLS 
INFO: [HLS 200-1505] Using default flow_target 'vivado'
Resolution: For help on HLS 200-1505 see docs.xilinx.com/access/sources/dita/topic?Doc_Version=2024.2%20English&url=ug1448-hls-guidance&resourceid=200-1505.html
INFO: [HLS 200-1465] Applying ini 'syn.file=FIR_HLS.cpp' from C:/HLS-multirate-DSP/HLS_Multirate/FIR_Cascade_HLS/hls_config.cfg(7)
INFO: [HLS 200-10] Adding design file 'C:/HLS-multirate-DSP/HLS_Multirate/FIR_Cascade_HLS/FIR_HLS.cpp' to the project
INFO: [HLS 200-1465] Applying ini 'syn.file=FIR_HLS.h' from C:/HLS-multirate-DSP/HLS_Multirate/FIR_Cascade_HLS/hls_config.cfg(8)
INFO: [HLS 200-10] Adding design file 'C:/HLS-multirate-DSP/HLS_Multirate/FIR_Cascade_HLS/FIR_HLS.h' to the project
INFO: [HLS 200-1465] Applying ini 'syn.file=../../Matlab/FIR_multirate_cascade_HLS.h' from C:/HLS-multirate-DSP/HLS_Multirate/FIR_Cascade_HLS/hls_config.cfg(9)
INFO: [HLS 200-10] Adding design file 'C:/HLS-multirate-DSP/Matlab/FIR_multirate_cascade_HLS.h' to the project
INFO: [HLS 200-1465] Applying ini 'tb.file=FIR_HLS_TB.cpp' from C:/HLS-multirate-DSP/HLS_Multirate/FIR_Cascade_HLS/hls_config.cfg(10)
INFO: [HLS 200-10] Adding test bench file 'C:/HLS-multirate-DSP/HLS_Multirate/FIR_Cascade_HLS/FIR_HLS_TB.cpp' to the project
INFO: [HLS 200-1465] Applying ini 'tb.file=../../Matlab/TS_HLS_multirate_cascade.res' from C:/HLS-multirate-DSP/HLS_Multirate/FIR_Cascade_HLS/hls_config.cfg(11)
INFO: [HLS 200-10] Adding test bench file 'C:/HLS-multirate-DSP/Matlab/TS_HLS_multirate_cascade.res' to the project
INFO: [HLS 200-1465] Applying ini 'tb.file=../../Matlab/TS_HLS_multirate_cascade.dat' from C:/HLS-multirate-DSP/HLS_Multirate/FIR_Cascade_HLS/hls_config.cfg(12)
INFO: [HLS 200-10] Adding test bench file 'C:/HLS-multirate-DSP/Matlab/TS_HLS_multirate_cascade.dat' to the project
INFO: [HLS 200-1465] Applying ini 'syn.top=FIR_Cascade_HLS' from C:/HLS-multirate-DSP/HLS_Multirate/FIR_Cascade_HLS/hls_config.cfg(13)
INFO: [HLS 200-1465] Applying ini 'flow_target=vivado' from C:/HLS-multirate-DSP/HLS_Multirate/FIR_Cascade_HLS/hls_config.cfg(4)
INFO: [HLS 200-1505] Using flow_target 'vivado'
Resolution: For help on HLS 200-1505 see docs.xilinx.com/access/sources/dita/topic?Doc_Version=2024.2%20English&url=ug1448-hls-guidance&resourceid=200-1505.html
INFO: [HLS 200-1465] Applying ini 'part=xck26-sfvc784-2LV-c' from C:/HLS-multirate-DSP/HLS_Multirate/FIR_Cascade_HLS/hls_config.cfg(1)
INFO: [HLS 200-1611] Setting target device to 'xck26-sfvc784-2LV-c'
INFO: [HLS 200-1465] Applying ini 'package.ip.display_name=FIR_Cascade_HLS' from C:/HLS-multirate-DSP/HLS_Multirate/FIR_Cascade_HLS/hls_config.cfg(14)
INFO: [HLS 200-1465] Applying ini 'package.output.format=ip_catalog' from C:/HLS-multirate-DSP/HLS_Multirate/FIR_Cascade_HLS/hls_config.cfg(5)
INFO: [HLS 200-111] Finished File checks and directory preparation: CPU user time: 3 seconds. CPU system time: 1 seconds. Elapsed time: 4.029 seconds; current allocated memory: 272.918 MB.
INFO: [HLS 200-10] Analyzing design file 'FIR_HLS.cpp' ... 
INFO: [HLS 200-111] Finished Source Code Analysis and Preprocessing: CPU user time: 1 seconds. CPU system time: 0 seconds. Elapsed time: 6.226 seconds; current allocated memory: 275.852 MB.
INFO: [HLS 200-777] Using interface defaults for 'Vivado' flow target.
INFO: [HLS 200-1995] There were 5,264 instructions in the design after the 'Compile/Link' phase of compilation. See the Design Size Report for more details: C:/HLS-multirate-DSP/HLS_Multirate/FIR_Cascade_HLS/FIR_Cascade_HLS/hls/syn/report/csynth_design_size.rpt
INFO: [HLS 200-1995] There were 997 instructions in the design after the 'Unroll/Inline (step 1)' phase of compilation. See the Design Size Report for more details: C:/HLS-multirate-DSP/HLS_Multirate/FIR_Cascade_HLS/FIR_Cascade_HLS/hls/syn/report/csynth_design_size.rpt
INFO: [HLS 200-1995] There were 507 instructions in the design after the 'Unroll/Inline (step 2)' phase of compilation. See the Design Size Report for more details: C:/HLS-multirate-DSP/HLS_Multirate/FIR_Cascade_HLS/FIR_Cascade_HLS/hls/syn/report/csynth_design_size.rpt
INFO: [HLS 200-1995] There were 475 instructions in the design after the 'Unroll/Inline (step 3)' phase of compilation. See the Design Size Report for more details: C:/HLS-multirate-DSP/HLS_Multirate/FIR_Cascade_HLS/FIR_Cascade_HLS/hls/syn/report/csynth_design_size.rpt
INFO: [HLS 200-1995] There were 475 instructions in the design after the 'Unroll/Inline (step 4)' phase of compilation. See the Design Size Report for more details: C:/HLS-multirate-DSP/HLS_Multirate/FIR_Cascade_HLS/FIR_Cascade_HLS/hls/syn/report/csynth_design_size.rpt
INFO: [HLS 200-1995] There were 375 instructions in the design after the 'Array/Struct (step 1)' phase of compilation. See the Design Size Report for more details: C:/HLS-multirate-DSP/HLS_Multirate/FIR_Cascade_HLS/FIR_Cascade_HLS/hls/syn/report/csynth_design_size.rpt
INFO: [HLS 200-1995] There were 375 instructions in the design after the 'Array/Struct (step 2)' phase of compilation. See the Design Size Report for more details: C:/HLS-multirate-DSP/HLS_Multirate/FIR_Cascade_HLS/FIR_Cascade_HLS/hls/syn/report/csynth_design_size.rpt
INFO: [HLS 200-1995] There were 375 instructions in the design after the 'Array/Struct (step 3)' phase of compilation. See the Design Size Report for more details: C:/HLS-multirate-DSP/HLS_Multirate/FIR_Cascade_HLS/FIR_Cascade_HLS/hls/syn/report/csynth_design_size.rpt
INFO: [HLS 200-1995] There were 375 instructions in the design after the 'Array/Struct (step 4)' phase of compilation. See the Design Size Report for more details: C:/HLS-multirate-DSP/HLS_Multirate/FIR_Cascade_HLS/FIR_Cascade_HLS/hls/syn/report/csynth_design_size.rpt
INFO: [HLS 200-1995] There were 1,360 instructions in the design after the 'Array/Struct (step 5)' phase of compilation. See the Design Size Report for more details: C:/HLS-multirate-DSP/HLS_Multirate/FIR_Cascade_HLS/FIR_Cascade_HLS/hls/syn/report/csynth_design_size.rpt
INFO: [HLS 200-1995] There were 1,096 instructions in the design after the 'Performance (step 1)' phase of compilation. See the Design Size Report for more details: C:/HLS-multirate-DSP/HLS_Multirate/FIR_Cascade_HLS/FIR_Cascade_HLS/hls/syn/report/csynth_design_size.rpt
INFO: [HLS 200-1995] There were 1,096 instructions in the design after the 'Performance (step 2)' phase of compilation. See the Design Size Report for more details: C:/HLS-multirate-DSP/HLS_Multirate/FIR_Cascade_HLS/FIR_Cascade_HLS/hls/syn/report/csynth_design_size.rpt
INFO: [HLS 200-1995] There were 1,062 instructions in the design after the 'Performance (step 3)' phase of compilation. See the Design Size Report for more details: C:/HLS-multirate-DSP/HLS_Multirate/FIR_Cascade_HLS/FIR_Cascade_HLS/hls/syn/report/csynth_design_size.rpt
INFO: [HLS 200-1995] There were 1,062 instructions in the design after the 'Performance (step 4)' phase of compilation. See the Design Size Report for more details: C:/HLS-multirate-DSP/HLS_Multirate/FIR_Cascade_HLS/FIR_Cascade_HLS/hls/syn/report/csynth_design_size.rpt
INFO: [HLS 200-1995] There were 1,064 instructions in the design after the 'HW Transforms (step 1)' phase of compilation. See the Design Size Report for more details: C:/HLS-multirate-DSP/HLS_Multirate/FIR_Cascade_HLS/FIR_Cascade_HLS/hls/syn/report/csynth_design_size.rpt
INFO: [HLS 200-1995] There were 1,055 instructions in the design after the 'HW Transforms (step 2)' phase of compilation. See the Design Size Report for more details: C:/HLS-multirate-DSP/HLS_Multirate/FIR_Cascade_HLS/FIR_Cascade_HLS/hls/syn/report/csynth_design_size.rpt
INFO: [HLS 214-291] Loop 'VITIS_LOOP_73_2' is marked as complete unroll implied by the pipeline pragma (FIR_HLS.cpp:73:19)
INFO: [HLS 214-291] Loop 'VITIS_LOOP_70_1' is marked as complete unroll implied by the pipeline pragma (FIR_HLS.cpp:70:19)
INFO: [HLS 214-186] Unrolling loop 'VITIS_LOOP_73_2' (FIR_HLS.cpp:73:19) in function 'FIR_filter' completely with a factor of 4 (FIR_HLS.cpp:63:0)
INFO: [HLS 214-186] Unrolling loop 'VITIS_LOOP_70_1' (FIR_HLS.cpp:70:19) in function 'FIR_filter' completely with a factor of 5 (FIR_HLS.cpp:63:0)
INFO: [HLS 214-186] Unrolling loop 'VITIS_LOOP_73_2' (FIR_HLS.cpp:73:19) in function 'FIR_filter' completely with a factor of 123 (FIR_HLS.cpp:63:0)
INFO: [HLS 214-186] Unrolling loop 'VITIS_LOOP_70_1' (FIR_HLS.cpp:70:19) in function 'FIR_filter' completely with a factor of 124 (FIR_HLS.cpp:63:0)
INFO: [HLS 214-186] Unrolling loop 'VITIS_LOOP_73_2' (FIR_HLS.cpp:73:19) in function 'FIR_filter' completely with a factor of 5 (FIR_HLS.cpp:63:0)
INFO: [HLS 214-186] Unrolling loop 'VITIS_LOOP_70_1' (FIR_HLS.cpp:70:19) in function 'FIR_filter' completely with a factor of 6 (FIR_HLS.cpp:63:0)
INFO: [HLS 214-186] Unrolling loop 'VITIS_LOOP_73_2' (FIR_HLS.cpp:73:19) in function 'FIR_filter' completely with a factor of 2 (FIR_HLS.cpp:63:0)
INFO: [HLS 214-186] Unrolling loop 'VITIS_LOOP_70_1' (FIR_HLS.cpp:70:19) in function 'FIR_filter' completely with a factor of 3 (FIR_HLS.cpp:63:0)
INFO: [HLS 214-421] Automatically partitioning small array '_ZL21H_filter_FIR_dec_1_20' completely based on array size. (./../../Matlab/FIR_multirate_cascade_HLS.h:28:0)
INFO: [HLS 214-449] Automatically partitioning array '_ZL21H_filter_FIR_dec_2_20' dimension 1 completely based on constant index. (./../../Matlab/FIR_multirate_cascade_HLS.h:32:0)
INFO: [HLS 214-449] Automatically partitioning array '_ZL21H_filter_FIR_int_2_20' dimension 1 completely based on constant index. (./../../Matlab/FIR_multirate_cascade_HLS.h:34:0)
INFO: [HLS 214-449] Automatically partitioning array '_ZL21H_filter_FIR_dec_2_21' dimension 1 completely based on constant index. (./../../Matlab/FIR_multirate_cascade_HLS.h:33:0)
INFO: [HLS 214-449] Automatically partitioning array '_ZL21H_filter_FIR_int_2_21' dimension 1 completely based on constant index. (./../../Matlab/FIR_multirate_cascade_HLS.h:35:0)
INFO: [HLS 214-421] Automatically partitioning small array '_ZL21H_filter_FIR_dec_1_21' completely based on array size. (./../../Matlab/FIR_multirate_cascade_HLS.h:29:0)
INFO: [HLS 214-270] Inferring pragma 'array_partition type=complete dim=1' for array 'H_filter_FIR_kernel' due to pipeline pragma (./../../Matlab/FIR_multirate_cascade_HLS.h:27:0)
INFO: [HLS 214-270] Inferring pragma 'array_partition type=complete dim=1' for array 'H_filter_FIR_dec_1_20' due to pipeline pragma (./../../Matlab/FIR_multirate_cascade_HLS.h:28:0)
INFO: [HLS 214-270] Inferring pragma 'array_partition type=complete dim=1' for array 'H_filter_FIR_dec_1_21' due to pipeline pragma (./../../Matlab/FIR_multirate_cascade_HLS.h:29:0)
INFO: [HLS 214-270] Inferring pragma 'array_partition type=complete dim=1' for array 'H_filter_FIR_dec_2_20' due to pipeline pragma (./../../Matlab/FIR_multirate_cascade_HLS.h:32:0)
INFO: [HLS 214-270] Inferring pragma 'array_partition type=complete dim=1' for array 'H_filter_FIR_dec_2_21' due to pipeline pragma (./../../Matlab/FIR_multirate_cascade_HLS.h:33:0)
INFO: [HLS 214-270] Inferring pragma 'array_partition type=complete dim=1' for array 'H_filter_FIR_int_2_20' due to pipeline pragma (./../../Matlab/FIR_multirate_cascade_HLS.h:34:0)
INFO: [HLS 214-270] Inferring pragma 'array_partition type=complete dim=1' for array 'H_filter_FIR_int_2_21' due to pipeline pragma (./../../Matlab/FIR_multirate_cascade_HLS.h:35:0)
INFO: [HLS 214-248] Applying array_partition to '_ZL21H_filter_FIR_int_2_21': Complete partitioning on dimension 1. (./../../Matlab/FIR_multirate_cascade_HLS.h:35:0)
INFO: [HLS 214-248] Applying array_partition to '_ZL21H_filter_FIR_int_2_20': Complete partitioning on dimension 1. (./../../Matlab/FIR_multirate_cascade_HLS.h:34:0)
INFO: [HLS 214-248] Applying array_partition to '_ZL21H_filter_FIR_dec_2_21': Complete partitioning on dimension 1. (./../../Matlab/FIR_multirate_cascade_HLS.h:33:0)
INFO: [HLS 214-248] Applying array_partition to '_ZL21H_filter_FIR_dec_2_20': Complete partitioning on dimension 1. (./../../Matlab/FIR_multirate_cascade_HLS.h:32:0)
INFO: [HLS 214-248] Applying array_partition to '_ZL21H_filter_FIR_dec_1_21': Complete partitioning on dimension 1. (./../../Matlab/FIR_multirate_cascade_HLS.h:29:0)
INFO: [HLS 214-248] Applying array_partition to '_ZL21H_filter_FIR_dec_1_20': Complete partitioning on dimension 1. (./../../Matlab/FIR_multirate_cascade_HLS.h:28:0)
INFO: [HLS 214-248] Applying array_partition to '_ZL19H_filter_FIR_kernel': Complete partitioning on dimension 1. (./../../Matlab/FIR_multirate_cascade_HLS.h:27:0)
INFO: [HLS 200-111] Finished Compiling Optimization and Transform: CPU user time: 0 seconds. CPU system time: 0 seconds. Elapsed time: 10.808 seconds; current allocated memory: 278.445 MB.
INFO: [HLS 200-111] Finished Checking Pragmas: CPU user time: 0 seconds. CPU system time: 0 seconds. Elapsed time: 0.003 seconds; current allocated memory: 278.445 MB.
INFO: [HLS 200-10] Starting code transformations ...
INFO: [HLS 200-111] Finished Standard Transforms: CPU user time: 0 seconds. CPU system time: 0 seconds. Elapsed time: 0.186 seconds; current allocated memory: 282.742 MB.
INFO: [HLS 200-10] Checking synthesizability ...
INFO: [HLS 200-111] Finished Checking Synthesizability: CPU user time: 0 seconds. CPU system time: 0 seconds. Elapsed time: 0.091 seconds; current allocated memory: 284.875 MB.
INFO: [XFORM 203-11] Balancing expressions in function 'FIR_filter' (FIR_HLS.cpp:63:1)...66 expression(s) balanced.
INFO: [HLS 200-111] Finished Loop, function and other optimizations: CPU user time: 0 seconds. CPU system time: 0 seconds. Elapsed time: 0.235 seconds; current allocated memory: 306.887 MB.
INFO: [HLS 200-111] Finished Architecture Synthesis: CPU user time: 0 seconds. CPU system time: 0 seconds. Elapsed time: 0.275 seconds; current allocated memory: 336.770 MB.
INFO: [HLS 200-10] Starting hardware synthesis ...
INFO: [HLS 200-10] Synthesizing 'FIR_Cascade_HLS' ...
WARNING: [SYN 201-103] Legalizing function name 'FIR_filter.1' to 'FIR_filter_1'.
WARNING: [SYN 201-103] Legalizing function name 'FIR_filter.3' to 'FIR_filter_3'.
WARNING: [SYN 201-103] Legalizing function name 'FIR_filter.2' to 'FIR_filter_2'.
INFO: [SYN 201-201] Setting up clock 'default' with a period of 10ns.
INFO: [HLS 200-10] ----------------------------------------------------------------
INFO: [HLS 200-42] -- Implementing module 'FIR_filter_1' 
INFO: [HLS 200-10] ----------------------------------------------------------------
INFO: [SCHED 204-11] Starting scheduling ...
INFO: [HLS 200-486] Changing DSP latency (root=FIR_accu32_2) to 3 in order to utilize available DSP registers.
INFO: [HLS 200-486] Changing DSP latency (root=tmp) to 3 in order to utilize available DSP registers.
INFO: [SCHED 204-61] Pipelining function 'FIR_filter.1'.
INFO: [HLS 200-1470] Pipelining result : Target II = NA, Final II = 1, Depth = 5, function 'FIR_filter.1'
INFO: [SCHED 204-11] Finished scheduling.
INFO: [HLS 200-111] Finished Scheduling: CPU user time: 0 seconds. CPU system time: 0 seconds. Elapsed time: 0.439 seconds; current allocated memory: 340.211 MB.
INFO: [BIND 205-100] Starting micro-architecture generation ...
INFO: [BIND 205-101] Performing variable lifetime analysis.
INFO: [BIND 205-101] Exploring resource sharing.
INFO: [BIND 205-101] Binding ...
INFO: [BIND 205-100] Finished micro-architecture generation.
INFO: [HLS 200-111] Finished Binding: CPU user time: 0 seconds. CPU system time: 0 seconds. Elapsed time: 0.087 seconds; current allocated memory: 341.379 MB.
INFO: [HLS 200-10] ----------------------------------------------------------------
INFO: [HLS 200-42] -- Implementing module 'FIR_filter_3' 
INFO: [HLS 200-10] ----------------------------------------------------------------
INFO: [SCHED 204-11] Starting scheduling ...
INFO: [HLS 200-486] Changing DSP latency (root=FIR_accu32) to 3 in order to utilize available DSP registers.
INFO: [HLS 200-486] Changing DSP latency (root=add_ln71) to 3 in order to utilize available DSP registers.
INFO: [HLS 200-486] Changing DSP latency (root=tmp1) to 3 in order to utilize available DSP registers.
INFO: [SCHED 204-61] Pipelining function 'FIR_filter.3'.
INFO: [HLS 200-1470] Pipelining result : Target II = NA, Final II = 1, Depth = 6, function 'FIR_filter.3'
INFO: [SCHED 204-11] Finished scheduling.
INFO: [HLS 200-111] Finished Scheduling: CPU user time: 1 seconds. CPU system time: 0 seconds. Elapsed time: 0.669 seconds; current allocated memory: 341.895 MB.
INFO: [BIND 205-100] Starting micro-architecture generation ...
INFO: [BIND 205-101] Performing variable lifetime analysis.
INFO: [BIND 205-101] Exploring resource sharing.
INFO: [BIND 205-101] Binding ...
INFO: [BIND 205-100] Finished micro-architecture generation.
INFO: [HLS 200-111] Finished Binding: CPU user time: 0 seconds. CPU system time: 0 seconds. Elapsed time: 0.085 seconds; current allocated memory: 341.941 MB.
INFO: [HLS 200-10] ----------------------------------------------------------------
INFO: [HLS 200-42] -- Implementing module 'FIR_filter' 
INFO: [HLS 200-10] ----------------------------------------------------------------
INFO: [SCHED 204-11] Starting scheduling ...
INFO: [HLS 200-486] Changing DSP latency (root=add_ln71_53) to 3 in order to utilize available DSP registers.
INFO: [HLS 200-486] Changing DSP latency (root=add_ln71_52) to 3 in order to utilize available DSP registers.
INFO: [HLS 200-486] Changing DSP latency (root=add_ln71_50) to 3 in order to utilize available DSP registers.
INFO: [HLS 200-486] Changing DSP latency (root=add_ln71_49) to 3 in order to utilize available DSP registers.
INFO: [HLS 200-486] Changing DSP latency (root=add_ln71_46) to 3 in order to utilize available DSP registers.
INFO: [HLS 200-486] Changing DSP latency (root=add_ln71_44) to 3 in order to utilize available DSP registers.
INFO: [HLS 200-486] Changing DSP latency (root=add_ln71_43) to 3 in order to utilize available DSP registers.
INFO: [HLS 200-486] Changing DSP latency (root=add_ln71_39) to 3 in order to utilize available DSP registers.
INFO: [HLS 200-486] Changing DSP latency (root=add_ln71_38) to 3 in order to utilize available DSP registers.
INFO: [HLS 200-486] Changing DSP latency (root=add_ln71_37) to 3 in order to utilize available DSP registers.
INFO: [HLS 200-486] Changing DSP latency (root=add_ln71_36) to 3 in order to utilize available DSP registers.
INFO: [HLS 200-486] Changing DSP latency (root=add_ln71_33) to 3 in order to utilize available DSP registers.
INFO: [HLS 200-486] Changing DSP latency (root=add_ln71_32) to 3 in order to utilize available DSP registers.
INFO: [HLS 200-486] Changing DSP latency (root=add_ln71_31) to 3 in order to utilize available DSP registers.
INFO: [HLS 200-486] Changing DSP latency (root=add_ln71_30) to 3 in order to utilize available DSP registers.
INFO: [HLS 200-486] Changing DSP latency (root=add_ln71_25) to 3 in order to utilize available DSP registers.
INFO: [HLS 200-486] Changing DSP latency (root=add_ln71_24) to 3 in order to utilize available DSP registers.
INFO: [HLS 200-486] Changing DSP latency (root=add_ln71_22) to 3 in order to utilize available DSP registers.
INFO: [HLS 200-486] Changing DSP latency (root=add_ln71_21) to 3 in order to utilize available DSP registers.
INFO: [HLS 200-486] Changing DSP latency (root=add_ln71_18) to 3 in order to utilize available DSP registers.
INFO: [HLS 200-486] Changing DSP latency (root=add_ln71_17) to 3 in order to utilize available DSP registers.
INFO: [HLS 200-486] Changing DSP latency (root=add_ln71_16) to 3 in order to utilize available DSP registers.
INFO: [HLS 200-486] Changing DSP latency (root=add_ln71_15) to 3 in order to utilize available DSP registers.
INFO: [HLS 200-486] Changing DSP latency (root=add_ln71_11) to 3 in order to utilize available DSP registers.
INFO: [HLS 200-486] Changing DSP latency (root=add_ln71_10) to 3 in order to utilize available DSP registers.
INFO: [HLS 200-486] Changing DSP latency (root=add_ln71_9) to 3 in order to utilize available DSP registers.
INFO: [HLS 200-486] Changing DSP latency (root=add_ln71_8) to 3 in order to utilize available DSP registers.
INFO: [HLS 200-486] Changing DSP latency (root=add_ln71_5) to 3 in order to utilize available DSP registers.
INFO: [HLS 200-486] Changing DSP latency (root=add_ln71_4) to 3 in order to utilize available DSP registers.
INFO: [HLS 200-486] Changing DSP latency (root=add_ln71_3) to 3 in order to utilize available DSP registers.
INFO: [HLS 200-486] Changing DSP latency (root=add_ln71) to 3 in order to utilize available DSP registers.
INFO: [HLS 200-486] Changing DSP latency (root=tmp104) to 3 in order to utilize available DSP registers.
INFO: [HLS 200-486] Changing DSP latency (root=tmp100) to 3 in order to utilize available DSP registers.
INFO: [HLS 200-486] Changing DSP latency (root=tmp84) to 3 in order to utilize available DSP registers.
INFO: [HLS 200-486] Changing DSP latency (root=tmp72) to 3 in order to utilize available DSP registers.
INFO: [HLS 200-486] Changing DSP latency (root=tmp68) to 3 in order to utilize available DSP registers.
INFO: [HLS 200-486] Changing DSP latency (root=tmp64) to 3 in order to utilize available DSP registers.
INFO: [HLS 200-486] Changing DSP latency (root=tmp60) to 3 in order to utilize available DSP registers.
INFO: [HLS 200-486] Changing DSP latency (root=tmp58) to 3 in order to utilize available DSP registers.
INFO: [HLS 200-486] Changing DSP latency (root=tmp54) to 3 in order to utilize available DSP registers.
INFO: [HLS 200-486] Changing DSP latency (root=tmp50) to 3 in order to utilize available DSP registers.
INFO: [HLS 200-486] Changing DSP latency (root=tmp38) to 3 in order to utilize available DSP registers.
INFO: [HLS 200-486] Changing DSP latency (root=tmp30) to 3 in order to utilize available DSP registers.
INFO: [HLS 200-486] Changing DSP latency (root=tmp18) to 3 in order to utilize available DSP registers.
INFO: [HLS 200-486] Changing DSP latency (root=tmp3) to 3 in order to utilize available DSP registers.
INFO: [SCHED 204-61] Pipelining function 'FIR_filter'.
INFO: [HLS 200-1470] Pipelining result : Target II = NA, Final II = 1, Depth = 6, function 'FIR_filter'
INFO: [SCHED 204-11] Finished scheduling.
INFO: [HLS 200-111] Finished Scheduling: CPU user time: 0 seconds. CPU system time: 0 seconds. Elapsed time: 2.348 seconds; current allocated memory: 347.832 MB.
INFO: [BIND 205-100] Starting micro-architecture generation ...
INFO: [BIND 205-101] Performing variable lifetime analysis.
INFO: [BIND 205-101] Exploring resource sharing.
INFO: [BIND 205-101] Binding ...
INFO: [BIND 205-100] Finished micro-architecture generation.
INFO: [HLS 200-111] Finished Binding: CPU user time: 0 seconds. CPU system time: 0 seconds. Elapsed time: 0.254 seconds; current allocated memory: 348.098 MB.
INFO: [HLS 200-10] ----------------------------------------------------------------
INFO: [HLS 200-42] -- Implementing module 'FIR_filter_2' 
INFO: [HLS 200-10] ----------------------------------------------------------------
INFO: [SCHED 204-11] Starting scheduling ...
INFO: [HLS 200-486] Changing DSP latency (root=FIR_accu32) to 3 in order to utilize available DSP registers.
INFO: [HLS 200-486] Changing DSP latency (root=add_ln71) to 3 in order to utilize available DSP registers.
INFO: [SCHED 204-61] Pipelining function 'FIR_filter.2'.
INFO: [HLS 200-1470] Pipelining result : Target II = NA, Final II = 1, Depth = 5, function 'FIR_filter.2'
INFO: [SCHED 204-11] Finished scheduling.
INFO: [HLS 200-111] Finished Scheduling: CPU user time: 0 seconds. CPU system time: 0 seconds. Elapsed time: 0.313 seconds; current allocated memory: 348.375 MB.
INFO: [BIND 205-100] Starting micro-architecture generation ...
INFO: [BIND 205-101] Performing variable lifetime analysis.
INFO: [BIND 205-101] Exploring resource sharing.
INFO: [BIND 205-101] Binding ...
INFO: [BIND 205-100] Finished micro-architecture generation.
INFO: [HLS 200-111] Finished Binding: CPU user time: 0 seconds. CPU system time: 0 seconds. Elapsed time: 0.095 seconds; current allocated memory: 348.379 MB.
INFO: [HLS 200-10] ----------------------------------------------------------------
INFO: [HLS 200-42] -- Implementing module 'FIR_Cascade_HLS' 
INFO: [HLS 200-10] ----------------------------------------------------------------
INFO: [SCHED 204-11] Starting scheduling ...
INFO: [SCHED 204-11] Finished scheduling.
INFO: [HLS 200-111] Finished Scheduling: CPU user time: 0 seconds. CPU system time: 1 seconds. Elapsed time: 0.132 seconds; current allocated memory: 348.789 MB.
INFO: [BIND 205-100] Starting micro-architecture generation ...
INFO: [BIND 205-101] Performing variable lifetime analysis.
INFO: [BIND 205-101] Exploring resource sharing.
INFO: [BIND 205-101] Binding ...
INFO: [BIND 205-100] Finished micro-architecture generation.
INFO: [HLS 200-111] Finished Binding: CPU user time: 1 seconds. CPU system time: 0 seconds. Elapsed time: 0.096 seconds; current allocated memory: 349.332 MB.
INFO: [HLS 200-10] ----------------------------------------------------------------
INFO: [HLS 200-10] -- Generating RTL for module 'FIR_filter_1' 
INFO: [HLS 200-10] ----------------------------------------------------------------
INFO: [RTGEN 206-100] Generating core module 'mac_muladd_16s_13s_29s_29_4_0': 1 instance(s).
INFO: [RTGEN 206-100] Generating core module 'mac_muladd_16s_15ns_30s_32_4_0': 1 instance(s).
INFO: [RTGEN 206-100] Generating core module 'mul_16s_13s_29_1_0': 1 instance(s).
INFO: [RTGEN 206-100] Finished creating RTL model for 'FIR_filter_1'.
INFO: [HLS 200-111] Finished Creating RTL model: CPU user time: 0 seconds. CPU system time: 0 seconds. Elapsed time: 0.193 seconds; current allocated memory: 351.203 MB.
INFO: [HLS 200-10] ----------------------------------------------------------------
INFO: [HLS 200-10] -- Generating RTL for module 'FIR_filter_3' 
INFO: [HLS 200-10] ----------------------------------------------------------------
INFO: [RTGEN 206-100] Generating core module 'am_addmul_16s_16s_15ns_32_4_0': 1 instance(s).
INFO: [RTGEN 206-100] Generating core module 'ama_addmuladd_16s_16s_10ns_32s_32_4_0': 1 instance(s).
INFO: [RTGEN 206-100] Generating core module 'ama_addmuladd_16s_16s_14s_32s_32_4_0': 1 instance(s).
INFO: [RTGEN 206-100] Finished creating RTL model for 'FIR_filter_3'.
INFO: [HLS 200-111] Finished Creating RTL model: CPU user time: 0 seconds. CPU system time: 0 seconds. Elapsed time: 0.248 seconds; current allocated memory: 352.594 MB.
INFO: [HLS 200-10] ----------------------------------------------------------------
INFO: [HLS 200-10] -- Generating RTL for module 'FIR_filter' 
INFO: [HLS 200-10] ----------------------------------------------------------------
WARNING: [RTGEN 206-101] Register 'p_ZL19H_filter_FIR_kernel_122' is power-on initialization.
WARNING: [RTGEN 206-101] Register 'p_ZL19H_filter_FIR_kernel_121' is power-on initialization.
WARNING: [RTGEN 206-101] Register 'p_ZL19H_filter_FIR_kernel_120' is power-on initialization.
WARNING: [RTGEN 206-101] Register 'p_ZL19H_filter_FIR_kernel_119' is power-on initialization.
WARNING: [RTGEN 206-101] Register 'p_ZL19H_filter_FIR_kernel_118' is power-on initialization.
WARNING: [RTGEN 206-101] Register 'p_ZL19H_filter_FIR_kernel_117' is power-on initialization.
WARNING: [RTGEN 206-101] Register 'p_ZL19H_filter_FIR_kernel_116' is power-on initialization.
WARNING: [RTGEN 206-101] Register 'p_ZL19H_filter_FIR_kernel_115' is power-on initialization.
WARNING: [RTGEN 206-101] Register 'p_ZL19H_filter_FIR_kernel_114' is power-on initialization.
WARNING: [RTGEN 206-101] Register 'p_ZL19H_filter_FIR_kernel_113' is power-on initialization.
WARNING: [RTGEN 206-101] Register 'p_ZL19H_filter_FIR_kernel_112' is power-on initialization.
WARNING: [RTGEN 206-101] Register 'p_ZL19H_filter_FIR_kernel_111' is power-on initialization.
WARNING: [RTGEN 206-101] Register 'p_ZL19H_filter_FIR_kernel_110' is power-on initialization.
WARNING: [RTGEN 206-101] Register 'p_ZL19H_filter_FIR_kernel_109' is power-on initialization.
WARNING: [RTGEN 206-101] Register 'p_ZL19H_filter_FIR_kernel_108' is power-on initialization.
WARNING: [RTGEN 206-101] Register 'p_ZL19H_filter_FIR_kernel_107' is power-on initialization.
WARNING: [RTGEN 206-101] Register 'p_ZL19H_filter_FIR_kernel_106' is power-on initialization.
WARNING: [RTGEN 206-101] Register 'p_ZL19H_filter_FIR_kernel_105' is power-on initialization.
WARNING: [RTGEN 206-101] Register 'p_ZL19H_filter_FIR_kernel_104' is power-on initialization.
WARNING: [RTGEN 206-101] Register 'p_ZL19H_filter_FIR_kernel_103' is power-on initialization.
WARNING: [RTGEN 206-101] Register 'p_ZL19H_filter_FIR_kernel_102' is power-on initialization.
WARNING: [RTGEN 206-101] Register 'p_ZL19H_filter_FIR_kernel_101' is power-on initialization.
WARNING: [RTGEN 206-101] Register 'p_ZL19H_filter_FIR_kernel_100' is power-on initialization.
WARNING: [RTGEN 206-101] Register 'p_ZL19H_filter_FIR_kernel_99' is power-on initialization.
WARNING: [RTGEN 206-101] Register 'p_ZL19H_filter_FIR_kernel_98' is power-on initialization.
WARNING: [RTGEN 206-101] Register 'p_ZL19H_filter_FIR_kernel_97' is power-on initialization.
WARNING: [RTGEN 206-101] Register 'p_ZL19H_filter_FIR_kernel_96' is power-on initialization.
WARNING: [RTGEN 206-101] Register 'p_ZL19H_filter_FIR_kernel_95' is power-on initialization.
WARNING: [RTGEN 206-101] Register 'p_ZL19H_filter_FIR_kernel_94' is power-on initialization.
WARNING: [RTGEN 206-101] Register 'p_ZL19H_filter_FIR_kernel_93' is power-on initialization.
WARNING: [RTGEN 206-101] Register 'p_ZL19H_filter_FIR_kernel_92' is power-on initialization.
WARNING: [RTGEN 206-101] Register 'p_ZL19H_filter_FIR_kernel_91' is power-on initialization.
WARNING: [RTGEN 206-101] Register 'p_ZL19H_filter_FIR_kernel_90' is power-on initialization.
WARNING: [RTGEN 206-101] Register 'p_ZL19H_filter_FIR_kernel_89' is power-on initialization.
WARNING: [RTGEN 206-101] Register 'p_ZL19H_filter_FIR_kernel_88' is power-on initialization.
WARNING: [RTGEN 206-101] Register 'p_ZL19H_filter_FIR_kernel_87' is power-on initialization.
WARNING: [RTGEN 206-101] Register 'p_ZL19H_filter_FIR_kernel_86' is power-on initialization.
WARNING: [RTGEN 206-101] Register 'p_ZL19H_filter_FIR_kernel_85' is power-on initialization.
WARNING: [RTGEN 206-101] Register 'p_ZL19H_filter_FIR_kernel_84' is power-on initialization.
WARNING: [RTGEN 206-101] Register 'p_ZL19H_filter_FIR_kernel_83' is power-on initialization.
WARNING: [RTGEN 206-101] Register 'p_ZL19H_filter_FIR_kernel_82' is power-on initialization.
WARNING: [RTGEN 206-101] Register 'p_ZL19H_filter_FIR_kernel_81' is power-on initialization.
WARNING: [RTGEN 206-101] Register 'p_ZL19H_filter_FIR_kernel_80' is power-on initialization.
WARNING: [RTGEN 206-101] Register 'p_ZL19H_filter_FIR_kernel_79' is power-on initialization.
WARNING: [RTGEN 206-101] Register 'p_ZL19H_filter_FIR_kernel_78' is power-on initialization.
WARNING: [RTGEN 206-101] Register 'p_ZL19H_filter_FIR_kernel_77' is power-on initialization.
WARNING: [RTGEN 206-101] Register 'p_ZL19H_filter_FIR_kernel_76' is power-on initialization.
WARNING: [RTGEN 206-101] Register 'p_ZL19H_filter_FIR_kernel_75' is power-on initialization.
WARNING: [RTGEN 206-101] Register 'p_ZL19H_filter_FIR_kernel_74' is power-on initialization.
WARNING: [RTGEN 206-101] Register 'p_ZL19H_filter_FIR_kernel_73' is power-on initialization.
WARNING: [RTGEN 206-101] Register 'p_ZL19H_filter_FIR_kernel_72' is power-on initialization.
WARNING: [RTGEN 206-101] Register 'p_ZL19H_filter_FIR_kernel_71' is power-on initialization.
WARNING: [RTGEN 206-101] Register 'p_ZL19H_filter_FIR_kernel_70' is power-on initialization.
WARNING: [RTGEN 206-101] Register 'p_ZL19H_filter_FIR_kernel_69' is power-on initialization.
WARNING: [RTGEN 206-101] Register 'p_ZL19H_filter_FIR_kernel_68' is power-on initialization.
WARNING: [RTGEN 206-101] Register 'p_ZL19H_filter_FIR_kernel_67' is power-on initialization.
WARNING: [RTGEN 206-101] Register 'p_ZL19H_filter_FIR_kernel_66' is power-on initialization.
WARNING: [RTGEN 206-101] Register 'p_ZL19H_filter_FIR_kernel_65' is power-on initialization.
WARNING: [RTGEN 206-101] Register 'p_ZL19H_filter_FIR_kernel_64' is power-on initialization.
WARNING: [RTGEN 206-101] Register 'p_ZL19H_filter_FIR_kernel_63' is power-on initialization.
WARNING: [RTGEN 206-101] Register 'p_ZL19H_filter_FIR_kernel_62' is power-on initialization.
WARNING: [RTGEN 206-101] Register 'p_ZL19H_filter_FIR_kernel_61' is power-on initialization.
WARNING: [RTGEN 206-101] Register 'p_ZL19H_filter_FIR_kernel_60' is power-on initialization.
WARNING: [RTGEN 206-101] Register 'p_ZL19H_filter_FIR_kernel_59' is power-on initialization.
WARNING: [RTGEN 206-101] Register 'p_ZL19H_filter_FIR_kernel_58' is power-on initialization.
WARNING: [RTGEN 206-101] Register 'p_ZL19H_filter_FIR_kernel_57' is power-on initialization.
WARNING: [RTGEN 206-101] Register 'p_ZL19H_filter_FIR_kernel_56' is power-on initialization.
WARNING: [RTGEN 206-101] Register 'p_ZL19H_filter_FIR_kernel_55' is power-on initialization.
WARNING: [RTGEN 206-101] Register 'p_ZL19H_filter_FIR_kernel_54' is power-on initialization.
WARNING: [RTGEN 206-101] Register 'p_ZL19H_filter_FIR_kernel_53' is power-on initialization.
WARNING: [RTGEN 206-101] Register 'p_ZL19H_filter_FIR_kernel_52' is power-on initialization.
WARNING: [RTGEN 206-101] Register 'p_ZL19H_filter_FIR_kernel_51' is power-on initialization.
WARNING: [RTGEN 206-101] Register 'p_ZL19H_filter_FIR_kernel_50' is power-on initialization.
WARNING: [RTGEN 206-101] Register 'p_ZL19H_filter_FIR_kernel_49' is power-on initialization.
WARNING: [RTGEN 206-101] Register 'p_ZL19H_filter_FIR_kernel_48' is power-on initialization.
WARNING: [RTGEN 206-101] Register 'p_ZL19H_filter_FIR_kernel_47' is power-on initialization.
WARNING: [RTGEN 206-101] Register 'p_ZL19H_filter_FIR_kernel_46' is power-on initialization.
WARNING: [RTGEN 206-101] Register 'p_ZL19H_filter_FIR_kernel_45' is power-on initialization.
WARNING: [RTGEN 206-101] Register 'p_ZL19H_filter_FIR_kernel_44' is power-on initialization.
WARNING: [RTGEN 206-101] Register 'p_ZL19H_filter_FIR_kernel_43' is power-on initialization.
WARNING: [RTGEN 206-101] Register 'p_ZL19H_filter_FIR_kernel_42' is power-on initialization.
WARNING: [RTGEN 206-101] Register 'p_ZL19H_filter_FIR_kernel_41' is power-on initialization.
WARNING: [RTGEN 206-101] Register 'p_ZL19H_filter_FIR_kernel_40' is power-on initialization.
WARNING: [RTGEN 206-101] Register 'p_ZL19H_filter_FIR_kernel_39' is power-on initialization.
WARNING: [RTGEN 206-101] Register 'p_ZL19H_filter_FIR_kernel_38' is power-on initialization.
WARNING: [RTGEN 206-101] Register 'p_ZL19H_filter_FIR_kernel_37' is power-on initialization.
WARNING: [RTGEN 206-101] Register 'p_ZL19H_filter_FIR_kernel_36' is power-on initialization.
WARNING: [RTGEN 206-101] Register 'p_ZL19H_filter_FIR_kernel_35' is power-on initialization.
WARNING: [RTGEN 206-101] Register 'p_ZL19H_filter_FIR_kernel_34' is power-on initialization.
WARNING: [RTGEN 206-101] Register 'p_ZL19H_filter_FIR_kernel_33' is power-on initialization.
WARNING: [RTGEN 206-101] Register 'p_ZL19H_filter_FIR_kernel_32' is power-on initialization.
WARNING: [RTGEN 206-101] Register 'p_ZL19H_filter_FIR_kernel_31' is power-on initialization.
WARNING: [RTGEN 206-101] Register 'p_ZL19H_filter_FIR_kernel_30' is power-on initialization.
WARNING: [RTGEN 206-101] Register 'p_ZL19H_filter_FIR_kernel_29' is power-on initialization.
WARNING: [RTGEN 206-101] Register 'p_ZL19H_filter_FIR_kernel_28' is power-on initialization.
WARNING: [RTGEN 206-101] Register 'p_ZL19H_filter_FIR_kernel_27' is power-on initialization.
WARNING: [RTGEN 206-101] Register 'p_ZL19H_filter_FIR_kernel_26' is power-on initialization.
WARNING: [RTGEN 206-101] Register 'p_ZL19H_filter_FIR_kernel_25' is power-on initialization.
WARNING: [RTGEN 206-101] Register 'p_ZL19H_filter_FIR_kernel_24' is power-on initialization.
WARNING: [RTGEN 206-101] Register 'p_ZL19H_filter_FIR_kernel_23' is power-on initialization.
WARNING: [RTGEN 206-101] Register 'p_ZL19H_filter_FIR_kernel_22' is power-on initialization.
WARNING: [RTGEN 206-101] Register 'p_ZL19H_filter_FIR_kernel_21' is power-on initialization.
WARNING: [RTGEN 206-101] Register 'p_ZL19H_filter_FIR_kernel_20' is power-on initialization.
WARNING: [RTGEN 206-101] Register 'p_ZL19H_filter_FIR_kernel_19' is power-on initialization.
WARNING: [RTGEN 206-101] Register 'p_ZL19H_filter_FIR_kernel_18' is power-on initialization.
WARNING: [RTGEN 206-101] Register 'p_ZL19H_filter_FIR_kernel_17' is power-on initialization.
WARNING: [RTGEN 206-101] Register 'p_ZL19H_filter_FIR_kernel_16' is power-on initialization.
WARNING: [RTGEN 206-101] Register 'p_ZL19H_filter_FIR_kernel_15' is power-on initialization.
WARNING: [RTGEN 206-101] Register 'p_ZL19H_filter_FIR_kernel_14' is power-on initialization.
WARNING: [RTGEN 206-101] Register 'p_ZL19H_filter_FIR_kernel_13' is power-on initialization.
WARNING: [RTGEN 206-101] Register 'p_ZL19H_filter_FIR_kernel_12' is power-on initialization.
WARNING: [RTGEN 206-101] Register 'p_ZL19H_filter_FIR_kernel_11' is power-on initialization.
WARNING: [RTGEN 206-101] Register 'p_ZL19H_filter_FIR_kernel_10' is power-on initialization.
WARNING: [RTGEN 206-101] Register 'p_ZL19H_filter_FIR_kernel_9' is power-on initialization.
WARNING: [RTGEN 206-101] Register 'p_ZL19H_filter_FIR_kernel_8' is power-on initialization.
WARNING: [RTGEN 206-101] Register 'p_ZL19H_filter_FIR_kernel_7' is power-on initialization.
WARNING: [RTGEN 206-101] Register 'p_ZL19H_filter_FIR_kernel_6' is power-on initialization.
WARNING: [RTGEN 206-101] Register 'p_ZL19H_filter_FIR_kernel_5' is power-on initialization.
WARNING: [RTGEN 206-101] Register 'p_ZL19H_filter_FIR_kernel_4' is power-on initialization.
WARNING: [RTGEN 206-101] Register 'p_ZL19H_filter_FIR_kernel_3' is power-on initialization.
WARNING: [RTGEN 206-101] Register 'p_ZL19H_filter_FIR_kernel_2' is power-on initialization.
WARNING: [RTGEN 206-101] Register 'p_ZL19H_filter_FIR_kernel_1' is power-on initialization.
WARNING: [RTGEN 206-101] Register 'p_ZL19H_filter_FIR_kernel_0' is power-on initialization.
INFO: [HLS 200-1030] Apply Unified Pipeline Control on module 'FIR_filter' pipeline 'FIR_filter' pipeline type 'function pipeline'
INFO: [RTGEN 206-100] Generating core module 'am_addmul_16s_16s_10ns_27_4_1': 1 instance(s).
INFO: [RTGEN 206-100] Generating core module 'am_addmul_16s_16s_10ns_28_4_1': 1 instance(s).
INFO: [RTGEN 206-100] Generating core module 'am_addmul_16s_16s_10s_27_4_1': 2 instance(s).
INFO: [RTGEN 206-100] Generating core module 'am_addmul_16s_16s_11ns_28_4_1': 1 instance(s).
INFO: [RTGEN 206-100] Generating core module 'am_addmul_16s_16s_11s_28_4_1': 1 instance(s).
INFO: [RTGEN 206-100] Generating core module 'am_addmul_16s_16s_12s_29_4_1': 1 instance(s).
INFO: [RTGEN 206-100] Generating core module 'am_addmul_16s_16s_13s_30_4_1': 1 instance(s).
INFO: [RTGEN 206-100] Generating core module 'am_addmul_16s_16s_15ns_32_4_0': 1 instance(s).
INFO: [RTGEN 206-100] Generating core module 'am_addmul_16s_16s_8ns_25_4_1': 1 instance(s).
INFO: [RTGEN 206-100] Generating core module 'am_addmul_16s_16s_9ns_26_4_1': 1 instance(s).
INFO: [RTGEN 206-100] Generating core module 'am_addmul_16s_16s_9ns_27_4_1': 1 instance(s).
INFO: [RTGEN 206-100] Generating core module 'am_addmul_16s_16s_9s_26_4_1': 1 instance(s).
INFO: [RTGEN 206-100] Generating core module 'am_addmul_17s_17s_9ns_27_4_1': 1 instance(s).
INFO: [RTGEN 206-100] Generating core module 'ama_addmuladd_16s_16s_10s_26s_26_4_1': 1 instance(s).
INFO: [RTGEN 206-100] Generating core module 'ama_addmuladd_16s_16s_10s_26s_27_4_1': 1 instance(s).
INFO: [RTGEN 206-100] Generating core module 'ama_addmuladd_16s_16s_10s_27s_27_4_1': 2 instance(s).
INFO: [RTGEN 206-100] Generating core module 'ama_addmuladd_16s_16s_10s_27s_28_4_1': 1 instance(s).
INFO: [RTGEN 206-100] Generating core module 'ama_addmuladd_16s_16s_11ns_23s_28_4_1': 1 instance(s).
INFO: [RTGEN 206-100] Generating core module 'ama_addmuladd_16s_16s_11ns_30s_30_4_1': 1 instance(s).
INFO: [RTGEN 206-100] Generating core module 'ama_addmuladd_16s_16s_11s_27s_27_4_1': 1 instance(s).
INFO: [RTGEN 206-100] Generating core module 'ama_addmuladd_16s_16s_11s_29s_29_4_1': 1 instance(s).
INFO: [RTGEN 206-100] Generating core module 'ama_addmuladd_16s_16s_12ns_27s_29_4_1': 1 instance(s).
INFO: [RTGEN 206-100] Generating core module 'ama_addmuladd_16s_16s_12s_28s_29_4_1': 1 instance(s).
INFO: [RTGEN 206-100] Generating core module 'ama_addmuladd_16s_16s_13s_30s_30_4_1': 1 instance(s).
INFO: [RTGEN 206-100] Generating core module 'ama_addmuladd_16s_16s_14ns_32s_32_4_1': 1 instance(s).
INFO: [RTGEN 206-100] Generating core module 'ama_addmuladd_16s_16s_14s_32s_32_4_0': 1 instance(s).
INFO: [RTGEN 206-100] Generating core module 'ama_addmuladd_16s_16s_5ns_25s_25_4_1': 1 instance(s).
INFO: [RTGEN 206-100] Generating core module 'ama_addmuladd_16s_16s_6ns_24s_24_4_1': 1 instance(s).
INFO: [RTGEN 206-100] Generating core module 'ama_addmuladd_16s_16s_7ns_25s_25_4_1': 1 instance(s).
INFO: [RTGEN 206-100] Generating core module 'ama_addmuladd_16s_16s_7ns_26s_26_4_1': 2 instance(s).
INFO: [RTGEN 206-100] Generating core module 'ama_addmuladd_16s_16s_7ns_28s_28_4_1': 1 instance(s).
INFO: [RTGEN 206-100] Generating core module 'ama_addmuladd_16s_16s_7s_26s_26_4_1': 2 instance(s).
INFO: [RTGEN 206-100] Generating core module 'ama_addmuladd_16s_16s_8ns_26s_26_4_1': 1 instance(s).
INFO: [RTGEN 206-100] Generating core module 'ama_addmuladd_16s_16s_8ns_27s_27_4_1': 1 instance(s).
INFO: [RTGEN 206-100] Generating core module 'ama_addmuladd_16s_16s_9ns_27s_27_4_1': 1 instance(s).
INFO: [RTGEN 206-100] Generating core module 'ama_addmuladd_16s_16s_9ns_28s_28_4_1': 1 instance(s).
INFO: [RTGEN 206-100] Generating core module 'ama_addmuladd_16s_16s_9s_19s_25_4_1': 1 instance(s).
INFO: [RTGEN 206-100] Generating core module 'ama_addmuladd_16s_16s_9s_28s_28_4_1': 1 instance(s).
INFO: [RTGEN 206-100] Generating core module 'ama_addmuladd_16s_16s_9s_29s_29_4_1': 1 instance(s).
INFO: [RTGEN 206-100] Generating core module 'ama_addmuladd_17s_17s_6ns_25s_25_4_1': 1 instance(s).
INFO: [RTGEN 206-100] Generating core module 'ama_addmuladd_17s_17s_8s_24s_25_4_1': 1 instance(s).
INFO: [RTGEN 206-100] Generating core module 'mul_18s_8ns_25_1_1': 1 instance(s).
INFO: [RTGEN 206-100] Finished creating RTL model for 'FIR_filter'.
INFO: [HLS 200-111] Finished Creating RTL model: CPU user time: 0 seconds. CPU system time: 0 seconds. Elapsed time: 7.787 seconds; current allocated memory: 359.770 MB.
INFO: [HLS 200-10] ----------------------------------------------------------------
INFO: [HLS 200-10] -- Generating RTL for module 'FIR_filter_2' 
INFO: [HLS 200-10] ----------------------------------------------------------------
INFO: [RTGEN 206-100] Generating core module 'ama_addmuladd_16s_16s_10s_32s_32_4_0': 1 instance(s).
INFO: [RTGEN 206-100] Generating core module 'mac_muladd_16s_16ns_26s_32_4_0': 1 instance(s).
INFO: [RTGEN 206-100] Finished creating RTL model for 'FIR_filter_2'.
INFO: [HLS 200-111] Finished Creating RTL model: CPU user time: 1 seconds. CPU system time: 1 seconds. Elapsed time: 1.182 seconds; current allocated memory: 370.832 MB.
INFO: [HLS 200-10] ----------------------------------------------------------------
INFO: [HLS 200-10] -- Generating RTL for module 'FIR_Cascade_HLS' 
INFO: [HLS 200-10] ----------------------------------------------------------------
WARNING: [RTGEN 206-101] Design contains AXI ports. Reset is fixed to synchronous and active low.
INFO: [RTGEN 206-500] Setting interface mode on port 'FIR_Cascade_HLS/input_r' to 'axis' (register, both mode).
INFO: [RTGEN 206-500] Setting interface mode on port 'FIR_Cascade_HLS/output_r' to 'axis' (register, both mode).
INFO: [RTGEN 206-500] Setting interface mode on function 'FIR_Cascade_HLS' to 'ap_ctrl_none'.
WARNING: [RTGEN 206-101] Register 'mod_value1' is power-on initialization.
WARNING: [RTGEN 206-101] Register 'p_ZL21H_filter_FIR_dec_1_20_0' is power-on initialization.
WARNING: [RTGEN 206-101] Register 'p_ZL21H_filter_FIR_dec_1_20_1' is power-on initialization.
WARNING: [RTGEN 206-101] Register 'y1_phase1' is power-on initialization.
WARNING: [RTGEN 206-101] Register 'mod_value2' is power-on initialization.
WARNING: [RTGEN 206-101] Register 'p_ZL21H_filter_FIR_dec_2_20_0' is power-on initialization.
WARNING: [RTGEN 206-101] Register 'p_ZL21H_filter_FIR_dec_2_20_1' is power-on initialization.
WARNING: [RTGEN 206-101] Register 'p_ZL21H_filter_FIR_dec_2_20_2' is power-on initialization.
WARNING: [RTGEN 206-101] Register 'p_ZL21H_filter_FIR_dec_2_20_3' is power-on initialization.
WARNING: [RTGEN 206-101] Register 'p_ZL21H_filter_FIR_dec_2_20_4' is power-on initialization.
WARNING: [RTGEN 206-101] Register 'y2_phase1' is power-on initialization.
WARNING: [RTGEN 206-101] Register 'y3' is power-on initialization.
WARNING: [RTGEN 206-101] Register 'p_ZL21H_filter_FIR_int_2_20_0' is power-on initialization.
WARNING: [RTGEN 206-101] Register 'p_ZL21H_filter_FIR_int_2_20_1' is power-on initialization.
WARNING: [RTGEN 206-101] Register 'p_ZL21H_filter_FIR_int_2_20_2' is power-on initialization.
WARNING: [RTGEN 206-101] Register 'p_ZL21H_filter_FIR_int_2_20_3' is power-on initialization.
WARNING: [RTGEN 206-101] Register 'p_ZL21H_filter_FIR_int_2_20_4' is power-on initialization.
WARNING: [RTGEN 206-101] Register 'p_ZL21H_filter_FIR_dec_2_21_0' is power-on initialization.
WARNING: [RTGEN 206-101] Register 'p_ZL21H_filter_FIR_dec_2_21_1' is power-on initialization.
WARNING: [RTGEN 206-101] Register 'p_ZL21H_filter_FIR_dec_2_21_2' is power-on initialization.
WARNING: [RTGEN 206-101] Register 'p_ZL21H_filter_FIR_dec_2_21_3' is power-on initialization.
WARNING: [RTGEN 206-101] Register 'p_ZL21H_filter_FIR_int_2_21_0' is power-on initialization.
WARNING: [RTGEN 206-101] Register 'p_ZL21H_filter_FIR_int_2_21_1' is power-on initialization.
WARNING: [RTGEN 206-101] Register 'p_ZL21H_filter_FIR_int_2_21_2' is power-on initialization.
WARNING: [RTGEN 206-101] Register 'p_ZL21H_filter_FIR_int_2_21_3' is power-on initialization.
WARNING: [RTGEN 206-101] Register 'y4' is power-on initialization.
WARNING: [RTGEN 206-101] Register 'p_ZL21H_filter_FIR_dec_1_21_0' is power-on initialization.
WARNING: [RTGEN 206-101] Register 'p_ZL21H_filter_FIR_dec_1_21_1' is power-on initialization.
INFO: [RTGEN 206-100] Finished creating RTL model for 'FIR_Cascade_HLS'.
INFO: [HLS 200-111] Finished Creating RTL model: CPU user time: 0 seconds. CPU system time: 0 seconds. Elapsed time: 0.721 seconds; current allocated memory: 371.320 MB.
INFO: [HLS 200-111] Finished Generating all RTL models: CPU user time: 1 seconds. CPU system time: 0 seconds. Elapsed time: 1.749 seconds; current allocated memory: 375.941 MB.
INFO: [HLS 200-111] Finished Updating report files: CPU user time: 0 seconds. CPU system time: 0 seconds. Elapsed time: 0.96 seconds; current allocated memory: 381.332 MB.
INFO: [VHDL 208-304] Generating VHDL RTL for FIR_Cascade_HLS.
INFO: [VLOG 209-307] Generating Verilog RTL for FIR_Cascade_HLS.
INFO: [HLS 200-789] **** Estimated Fmax: 204.50 MHz
INFO: [HLS 200-112] Total CPU user time: 8 seconds. Total CPU system time: 3 seconds. Total elapsed time: 40.262 seconds; peak allocated memory: 382.188 MB.
INFO: [v++ 60-791] Total elapsed time: 0h 0m 45s
