  **** HLS Build v2024.2 5238294
INFO: [HLS 200-2005] Using work_dir C:/HLS-multirate-DSP/HLS_Multirate/FIR_Cascade_HLS/FIR_Cascade_HLS 
INFO: [HLS 200-1505] Using default flow_target 'vivado'
Resolution: For help on HLS 200-1505 see docs.xilinx.com/access/sources/dita/topic?Doc_Version=2024.2%20English&url=ug1448-hls-guidance&resourceid=200-1505.html
INFO: [HLS 200-1465] Applying ini 'syn.file=FIR_HLS.cpp' from C:/HLS-multirate-DSP/HLS_Multirate/FIR_Cascade_HLS/hls_config.cfg(7)
INFO: [HLS 200-10] Adding design file 'C:/HLS-multirate-DSP/HLS_Multirate/FIR_Cascade_HLS/FIR_HLS.cpp' to the project
INFO: [HLS 200-1465] Applying ini 'syn.file=FIR_HLS.h' from C:/HLS-multirate-DSP/HLS_Multirate/FIR_Cascade_HLS/hls_config.cfg(8)
INFO: [HLS 200-10] Adding design file 'C:/HLS-multirate-DSP/HLS_Multirate/FIR_Cascade_HLS/FIR_HLS.h' to the project
INFO: [HLS 200-1465] Applying ini 'syn.file=../../Matlab/FIR_multirate_cascade_HLS.h' from C:/HLS-multirate-DSP/HLS_Multirate/FIR_Cascade_HLS/hls_config.cfg(9)
INFO: [HLS 200-10] Adding design file 'C:/HLS-multirate-DSP/Matlab/FIR_multirate_cascade_HLS.h' to the project
INFO: [HLS 200-1465] Applying ini 'tb.file=FIR_HLS_TB.cpp' from C:/HLS-multirate-DSP/HLS_Multirate/FIR_Cascade_HLS/hls_config.cfg(10)
INFO: [HLS 200-10] Adding test bench file 'C:/HLS-multirate-DSP/HLS_Multirate/FIR_Cascade_HLS/FIR_HLS_TB.cpp' to the project
INFO: [HLS 200-1465] Applying ini 'tb.file=../../Matlab/TS_HLS_multirate_cascade.res' from C:/HLS-multirate-DSP/HLS_Multirate/FIR_Cascade_HLS/hls_config.cfg(11)
INFO: [HLS 200-10] Adding test bench file 'C:/HLS-multirate-DSP/Matlab/TS_HLS_multirate_cascade.res' to the project
INFO: [HLS 200-1465] Applying ini 'tb.file=../../Matlab/TS_HLS_multirate_cascade.dat' from C:/HLS-multirate-DSP/HLS_Multirate/FIR_Cascade_HLS/hls_config.cfg(12)
INFO: [HLS 200-10] Adding test bench file 'C:/HLS-multirate-DSP/Matlab/TS_HLS_multirate_cascade.dat' to the project
INFO: [HLS 200-1465] Applying ini 'syn.top=FIR_Cascade_HLS' from C:/HLS-multirate-DSP/HLS_Multirate/FIR_Cascade_HLS/hls_config.cfg(13)
INFO: [HLS 200-1465] Applying ini 'flow_target=vivado' from C:/HLS-multirate-DSP/HLS_Multirate/FIR_Cascade_HLS/hls_config.cfg(4)
INFO: [HLS 200-1505] Using flow_target 'vivado'
Resolution: For help on HLS 200-1505 see docs.xilinx.com/access/sources/dita/topic?Doc_Version=2024.2%20English&url=ug1448-hls-guidance&resourceid=200-1505.html
INFO: [HLS 200-1465] Applying ini 'part=xck26-sfvc784-2LV-c' from C:/HLS-multirate-DSP/HLS_Multirate/FIR_Cascade_HLS/hls_config.cfg(1)
INFO: [HLS 200-1611] Setting target device to 'xck26-sfvc784-2LV-c'
INFO: [HLS 200-1465] Applying ini 'package.ip.display_name=FIR_Cascade_HLS' from C:/HLS-multirate-DSP/HLS_Multirate/FIR_Cascade_HLS/hls_config.cfg(14)
INFO: [HLS 200-1465] Applying ini 'package.output.format=ip_catalog' from C:/HLS-multirate-DSP/HLS_Multirate/FIR_Cascade_HLS/hls_config.cfg(5)
INFO: [SIM 211-2] *************** CSIM start ***************
INFO: [SIM 211-4] CSIM will launch CLANG as the compiler.
INFO: [HLS 200-2036] Building debug C Simulation binaries
   Compiling ../../../../FIR_HLS_TB.cpp in debug mode
   Generating csim.exe
In file included from ../../../../FIR_HLS_TB.cpp:1:
In file included from ../../../../FIR_HLS.h:2:
In file included from C:/AMD/Vitis/2024.2/include/ap_fixed.h:9:
In file included from C:/AMD/Vitis/2024.2/include/etc/ap_common.h:658:
In file included from C:/AMD/Vitis/2024.2/include/etc/ap_private.h:68:
In file included from C:/AMD/Vitis/2024.2/include/hls_half.h:26:
In file included from C:/AMD/Vitis/2024.2/include/etc/hls_half_fpo.h:19:
In file included from C:/AMD/Vitis/2024.2/include/hls_fpo.h:140:
In file included from C:/AMD/Vitis/2024.2/include/floating_point_v7_1_bitacc_cmodel.h:150:
C:/AMD/Vitis/2024.2/include/gmp.h:58:9: warning: '__GMP_LIBGMP_DLL' macro redefined [-Wmacro-redefined]
#define __GMP_LIBGMP_DLL  0
        ^
C:/AMD/Vitis/2024.2/include/floating_point_v7_1_bitacc_cmodel.h:142:9: note: previous definition is here
#define __GMP_LIBGMP_DLL 1
        ^
1 warning generated.
INFO: Reading ../../../../../../Matlab/TS_HLS_multirate_cascade.dat
INFO: Read 460 samples from ../../../../../../Matlab/TS_HLS_multirate_cascade.dat
INFO: Reading ../../../../../../Matlab/TS_HLS_multirate_cascade.res
INFO: Read 460 samples from ../../../../../../Matlab/TS_HLS_multirate_cascade.res
INFO: Input and reference data lengths match.
Y1 output 0
Y1 output 0.0107422
Y1 output 0.0253601
Y1 output 0.031311
Y1 output 0.0469971
Y1 output 0.0618591
Y1 output 0.0792542
Y1 output 0.0956726
Y1 output 0.11087
Y1 output 0.12323
Y1 output 0.131958
Y1 output 0.13623
Y1 output 0.135651
Y1 output 0.130035
Y1 output 0.119598
Y1 output 0.104828
Y1 output 0.0864868
Y1 output 0.0656128
Y1 output 0.043335
Y1 output 0.0209351
Y1 output -0.000274658
Y1 output -0.019104
Y1 output -0.0344849
Y1 output -0.0455322
Y1 output -0.0516968
Y1 output -0.0526733
Y1 output -0.0484619
Y1 output -0.0394897
Y1 output -0.0263062
Y1 output -0.00991821
Y1 output 0.00866699
Y1 output 0.0281067
Y1 output 0.0471802
Y1 output 0.0646057
Y1 output 0.0791931
Y1 output 0.0900269
Y1 output 0.0963135
Y1 output 0.0976257
Y1 output 0.0938416
Y1 output 0.0851135
Y1 output 0.071991
Y1 output 0.0552063
Y1 output 0.0358276
Y1 output 0.0149536
Y1 output -0.006073
Y1 output -0.026001
Y1 output -0.0436096
Y1 output -0.0578003
Y1 output -0.0677795
Y1 output -0.072876
Y1 output -0.0728149
Y1 output -0.067688
Y1 output -0.0577393
Y1 output -0.0437317
Y1 output -0.0264893
Y1 output -0.00714111
Y1 output 0.0130615
Y1 output 0.0328674
Y1 output 0.0509338
Y1 output 0.0661926
Y1 output 0.0776367
Y1 output 0.0845032
Y1 output 0.0863953
Y1 output 0.0831299
Y1 output 0.0749207
Y1 output 0.0622864
Y1 output 0.0459595
Y1 output 0.0270081
Y1 output 0.00656128
Y1 output -0.0140686
Y1 output -0.0335999
Y1 output -0.0508423
Y1 output -0.0646973
Y1 output -0.0743408
Y1 output -0.0791016
Y1 output -0.0787659
Y1 output -0.0733337
Y1 output -0.0631409
Y1 output -0.0488586
Y1 output -0.0313721
Y1 output -0.0118103
Y1 output 0.00863647
Y1 output 0.0286255
Y1 output 0.046936
Y1 output 0.0623779
Y1 output 0.0740051
Y1 output 0.0810547
Y1 output 0.0830994
Y1 output 0.0799866
Y1 output 0.0719299
Y1 output 0.0594177
Y1 output 0.0432434
Y1 output 0.0244141
Y1 output 0.00408936
Y1 output -0.0164185
Y1 output -0.0358582
Y1 output -0.0529785
Y1 output -0.0667419
Y1 output -0.0762634
Y1 output -0.0809631
Y1 output -0.0805359
Y1 output -0.0750122
Y1 output -0.0647278
Y1 output -0.0503845
Y1 output -0.0328064
Y1 output -0.0131836
Y1 output 0.00732422
Y1 output 0.0273743
Y1 output 0.0457458
Y1 output 0.0612488
Y1 output 0.0729065
Y1 output 0.0800171
Y1 output 0.0821228
Y1 output 0.079071
Y1 output 0.0710449
Y1 output 0.0585938
Y1 output 0.04245
Y1 output 0.0236511
Y1 output 0.00338745
Y1 output -0.0170898
Y1 output -0.036499
Y1 output -0.0535889
Y1 output -0.0673218
Y1 output -0.0768127
Y1 output -0.0814819
Y1 output -0.0810242
Y1 output -0.0755005
Y1 output -0.0651855
Y1 output -0.0508118
Y1 output -0.0332336
Y1 output -0.0135498
Y1 output 0.00695801
Y1 output 0.0270386
Y1 output 0.0454102
Y1 output 0.0609131
Y1 output 0.0726318
Y1 output 0.0797424
Y1 output 0.0818481
Y1 output 0.0787964
Y1 output 0.0708008
Y1 output 0.0583496
Y1 output 0.0422363
Y1 output 0.0234375
Y1 output 0.00317383
Y1 output -0.0173035
Y1 output -0.0366821
Y1 output -0.053772
Y1 output -0.0675049
Y1 output -0.0769958
Y1 output -0.081665
Y1 output -0.0811768
Y1 output -0.0756531
Y1 output -0.0653381
Y1 output -0.0509338
Y1 output -0.0333557
Y1 output -0.0137024
Y1 output 0.00683594
Y1 output 0.0269165
Y1 output 0.0452881
Y1 output 0.0608215
Y1 output 0.0725098
Y1 output 0.0796204
Y1 output 0.0817566
Y1 output 0.0787048
Y1 output 0.0707092
Y1 output 0.0582581
Y1 output 0.0421448
Y1 output 0.0233765
Y1 output 0.00311279
Y1 output -0.0173645
Y1 output -0.0367432
Y1 output -0.053833
Y1 output -0.0675659
Y1 output -0.0770264
Y1 output -0.0816956
Y1 output -0.0812378
Y1 output -0.0756836
Y1 output -0.0653687
Y1 output -0.0509949
Y1 output -0.0333862
Y1 output -0.0137329
Y1 output 0.00680542
Y1 output 0.026886
Y1 output 0.0452576
Y1 output 0.060791
Y1 output 0.0724792
Y1 output 0.0796204
Y1 output 0.0817261
Y1 output 0.0787048
Y1 output 0.0706787
Y1 output 0.0582581
Y1 output 0.0421143
Y1 output 0.0233459
Y1 output 0.00308228
Y1 output -0.017395
Y1 output -0.0367737
Y1 output -0.0538635
Y1 output -0.0675964
Y1 output -0.0770569
Y1 output -0.0817261
Y1 output -0.0812683
Y1 output -0.0757141
Y1 output -0.0653992
Y1 output -0.0510254
Y1 output -0.0334167
Y1 output -0.0137634
Y1 output 0.0067749
Y1 output 0.0268555
Y1 output 0.0452271
Y1 output 0.0607605
Y1 output 0.0724487
Y1 output 0.0795898
Y1 output 0.0816956
Y1 output 0.0786743
Y1 output 0.0706787
Y1 output 0.0582275
Y1 output 0.0421143
Y1 output 0.0233154
Y1 output 0.00305176
Y1 output -0.017395
Y1 output -0.0368042
Y1 output -0.053894
Y1 output -0.0675964
Y1 output -0.0770874
Y1 output -0.0817261
Y1 output -0.0812683
Y1 output -0.0757141
Y1 output -0.0653992
Y1 output -0.0510254
Y1 output -0.0334167
Output 0
Output 0
Mismatch at sample    1: ref=          0, dut=0.058197
Output 0.000152588
Mismatch at sample    2: ref=0.000152588, dut=0.115601
Output -0.000305176
Mismatch at sample    3: ref=-0.000305176, dut=0.170837
Output -0.0196533
Mismatch at sample    4: ref=-0.0196533, dut=0.222565
Output 0.0296326
Mismatch at sample    5: ref=0.0296326, dut=0.274994
Output 0.125641
Mismatch at sample    6: ref=0.125641, dut=0.317444
Output 0.241913
Mismatch at sample    7: ref=0.241913, dut=0.361023
Output 0.363495
Mismatch at sample    8: ref=0.363495, dut=0.39209
Output 0.48764
Mismatch at sample    9: ref=0.48764, dut=0.425323
Output 0.585327
Mismatch at sample   10: ref=0.585327, dut=0.442871
Output 0.689606
Mismatch at sample   11: ref=0.689606, dut=0.462921
Output 0.769318
Mismatch at sample   12: ref=0.769318, dut=0.466034
Output 0.848846
Mismatch at sample   13: ref=0.848846, dut=0.471893
Output 0.904938
Mismatch at sample   14: ref=0.904938, dut=0.460388
Output 0.954742
Mismatch at sample   15: ref=0.954742, dut=0.451477
Output 0.983704
Mismatch at sample   16: ref=0.983704, dut=0.426086
Output -0.999329
Mismatch at sample   17: ref=-0.999329, dut=0.402985
Output -0.999329
Mismatch at sample   18: ref=-0.999329, dut=0.365387
Output 0.983704
Mismatch at sample   19: ref=0.983704, dut=0.329468
Output 0.954742
Mismatch at sample   20: ref=0.954742, dut=0.282043
Output 0.904938
Mismatch at sample   21: ref=0.904938, dut=0.235504
Output 0.848846
Mismatch at sample   22: ref=0.848846, dut=0.181274
Output 0.769318
Mismatch at sample   23: ref=0.769318, dut=0.126984
Output 0.689606
Mismatch at sample   24: ref=0.689606, dut=0.069397
Output 0.585327
Mismatch at sample   25: ref=0.585327, dut=0.0107422
Output 0.48703
Mismatch at sample   26: ref=0.48703, dut=-0.0465393
Output 0.364594
Mismatch at sample   27: ref=0.364594, dut=-0.105957
Output 0.253845
Mismatch at sample   28: ref=0.253845, dut=-0.159332
Output 0.120911
Mismatch at sample   29: ref=0.120911, dut=-0.21579
Output 0.00473022
Mismatch at sample   30: ref=0.00473022, dut=-0.261841
Output -0.130341
Mismatch at sample   31: ref=-0.130341, dut=-0.311859
Output -0.24472
Mismatch at sample   32: ref=-0.24472, dut=-0.347656
Output -0.373413
Mismatch at sample   33: ref=-0.373413, dut=-0.388123
Output -0.47876
Mismatch at sample   34: ref=-0.47876, dut=-0.411407
Output -0.593018
Mismatch at sample   35: ref=-0.593018, dut=-0.439819
Output -0.682739
Mismatch at sample   36: ref=-0.682739, dut=-0.449097
Output -0.77536
Mismatch at sample   37: ref=-0.77536, dut=-0.463684
Output -0.843811
Mismatch at sample   38: ref=-0.843811, dut=-0.458374
Output -0.908997
Mismatch at sample   39: ref=-0.908997, dut=-0.458282
Output -0.951874
Mismatch at sample   40: ref=-0.951874, dut=-0.438629
Output -0.985504
Mismatch at sample   41: ref=-0.985504, dut=-0.423889
Output 0.999908
Mismatch at sample   42: ref=0.999908, dut=-0.391144
Output 0.999908
Mismatch at sample   43: ref=0.999908, dut=-0.362732
Output -0.985504
Mismatch at sample   44: ref=-0.985504, dut=-0.318939
Output -0.951874
Mismatch at sample   45: ref=-0.951874, dut=-0.278625
Output -0.908997
Mismatch at sample   46: ref=-0.908997, dut=-0.226501
Output -0.843811
Mismatch at sample   47: ref=-0.843811, dut=-0.17688
Output -0.77536
Mismatch at sample   48: ref=-0.77536, dut=-0.119659
Output -0.682739
Mismatch at sample   49: ref=-0.682739, dut=-0.0638733
Output -0.593018
Mismatch at sample   50: ref=-0.593018, dut=-0.00515747
Output -0.47876
Mismatch at sample   51: ref=-0.47876, dut=0.0532532
Output -0.373413
Mismatch at sample   52: ref=-0.373413, dut=0.109802
Output -0.24472
Mismatch at sample   53: ref=-0.24472, dut=0.167175
Output -0.130341
Mismatch at sample   54: ref=-0.130341, dut=0.218018
Output 0.00473022
Mismatch at sample   55: ref=0.00473022, dut=0.270691
Output 0.120911
Mismatch at sample   56: ref=0.120911, dut=0.312653
Output 0.253845
Mismatch at sample   57: ref=0.253845, dut=0.3573
Output 0.364594
Mismatch at sample   58: ref=0.364594, dut=0.387756
Output 0.48703
Mismatch at sample   59: ref=0.48703, dut=0.42157
Output 0.585327
Mismatch at sample   60: ref=0.585327, dut=0.438629
Output 0.689606
Mismatch at sample   61: ref=0.689606, dut=0.459442
Output 0.769318
Mismatch at sample   62: ref=0.769318, dut=0.462067
Output 0.848846
Mismatch at sample   63: ref=0.848846, dut=0.468567
Output 0.904938
Mismatch at sample   64: ref=0.904938, dut=0.456543
Output 0.954742
Mismatch at sample   65: ref=0.954742, dut=0.448303
Output 0.983704
Mismatch at sample   66: ref=0.983704, dut=0.422455
Output -0.999329
Mismatch at sample   67: ref=-0.999329, dut=0.399963
Output -0.999329
Mismatch at sample   68: ref=-0.999329, dut=0.361938
Output 0.983704
Mismatch at sample   69: ref=0.983704, dut=0.326599
Output 0.954742
Mismatch at sample   70: ref=0.954742, dut=0.278748
Output 0.904938
Mismatch at sample   71: ref=0.904938, dut=0.232758
Output 0.848846
Mismatch at sample   72: ref=0.848846, dut=0.178131
Output 0.769318
Mismatch at sample   73: ref=0.769318, dut=0.12439
Output 0.689606
Mismatch at sample   74: ref=0.689606, dut=0.0664063
Output 0.585327
Mismatch at sample   75: ref=0.585327, dut=0.00827026
Output 0.48703
Mismatch at sample   76: ref=0.48703, dut=-0.049408
Output 0.364594
Mismatch at sample   77: ref=0.364594, dut=-0.108337
Output 0.253845
Mismatch at sample   78: ref=0.253845, dut=-0.162048
Output 0.120911
Mismatch at sample   79: ref=0.120911, dut=-0.218048
Output 0.00473022
Mismatch at sample   80: ref=0.00473022, dut=-0.264435
Output -0.130341
Mismatch at sample   81: ref=-0.130341, dut=-0.313995
Output -0.24472
Mismatch at sample   82: ref=-0.24472, dut=-0.350128
Output -0.373413
Mismatch at sample   83: ref=-0.373413, dut=-0.390167
Output -0.47876
Mismatch at sample   84: ref=-0.47876, dut=-0.413757
Output -0.593018
Mismatch at sample   85: ref=-0.593018, dut=-0.441772
Output -0.682739
Mismatch at sample   86: ref=-0.682739, dut=-0.451324
Output -0.77536
Mismatch at sample   87: ref=-0.77536, dut=-0.465546
Output -0.843811
Mismatch at sample   88: ref=-0.843811, dut=-0.46048
Output -0.908997
Mismatch at sample   89: ref=-0.908997, dut=-0.460052
Output -0.951874
Mismatch at sample   90: ref=-0.951874, dut=-0.440674
Output -0.985504
Mismatch at sample   91: ref=-0.985504, dut=-0.425568
Output 0.999908
Mismatch at sample   92: ref=0.999908, dut=-0.393066
Output 0.999908
Mismatch at sample   93: ref=0.999908, dut=-0.364349
Output -0.985504
Mismatch at sample   94: ref=-0.985504, dut=-0.32077
Output -0.951874
Mismatch at sample   95: ref=-0.951874, dut=-0.280151
Output -0.908997
Mismatch at sample   96: ref=-0.908997, dut=-0.228241
Output -0.843811
Mismatch at sample   97: ref=-0.843811, dut=-0.178314
Output -0.77536
Mismatch at sample   98: ref=-0.77536, dut=-0.121338
Output -0.682739
Mismatch at sample   99: ref=-0.682739, dut=-0.0652466
Output -0.593018
Mismatch at sample  100: ref=-0.593018, dut=-0.00674438
Output -0.47876
Mismatch at sample  101: ref=-0.47876, dut=0.0519409
Output -0.373413
Mismatch at sample  102: ref=-0.373413, dut=0.108307
Output -0.24472
Mismatch at sample  103: ref=-0.24472, dut=0.165894
Output -0.130341
Mismatch at sample  104: ref=-0.130341, dut=0.216583
Output 0.00473022
Mismatch at sample  105: ref=0.00473022, dut=0.269501
Output 0.120911
Mismatch at sample  106: ref=0.120911, dut=0.311279
Output 0.253845
Mismatch at sample  107: ref=0.253845, dut=0.356171
Output 0.364594
Mismatch at sample  108: ref=0.364594, dut=0.386444
Output 0.48703
Mismatch at sample  109: ref=0.48703, dut=0.420502
Output 0.585327
Mismatch at sample  110: ref=0.585327, dut=0.437378
Output 0.689606
Mismatch at sample  111: ref=0.689606, dut=0.458405
Output 0.769318
Mismatch at sample  112: ref=0.769318, dut=0.460876
Output 0.848846
Mismatch at sample  113: ref=0.848846, dut=0.46756
Output 0.904938
Mismatch at sample  114: ref=0.904938, dut=0.455414
Output 0.954742
Mismatch at sample  115: ref=0.954742, dut=0.447388
Output 0.983704
Mismatch at sample  116: ref=0.983704, dut=0.421387
Output -0.999329
Mismatch at sample  117: ref=-0.999329, dut=0.399078
Output -0.999329
Mismatch at sample  118: ref=-0.999329, dut=0.360901
Output 0.983704
Mismatch at sample  119: ref=0.983704, dut=0.325745
Output 0.954742
Mismatch at sample  120: ref=0.954742, dut=0.277771
Output 0.904938
Mismatch at sample  121: ref=0.904938, dut=0.231964
Output 0.848846
Mismatch at sample  122: ref=0.848846, dut=0.177185
Output 0.769318
Mismatch at sample  123: ref=0.769318, dut=0.123627
Output 0.689606
Mismatch at sample  124: ref=0.689606, dut=0.0655212
Output 0.585327
Mismatch at sample  125: ref=0.585327, dut=0.00753784
Output 0.48703
Mismatch at sample  126: ref=0.48703, dut=-0.0502319
Output 0.364594
Mismatch at sample  127: ref=0.364594, dut=-0.109039
Output 0.253845
Mismatch at sample  128: ref=0.253845, dut=-0.162842
Output 0.120911
Mismatch at sample  129: ref=0.120911, dut=-0.218719
Output 0.00473022
Mismatch at sample  130: ref=0.00473022, dut=-0.265198
Output -0.130341
Mismatch at sample  131: ref=-0.130341, dut=-0.314636
Output -0.24472
Mismatch at sample  132: ref=-0.24472, dut=-0.350861
Output -0.373413
Mismatch at sample  133: ref=-0.373413, dut=-0.390747
Output -0.47876
Mismatch at sample  134: ref=-0.47876, dut=-0.414459
Output -0.593018
Mismatch at sample  135: ref=-0.593018, dut=-0.442352
Output -0.682739
Mismatch at sample  136: ref=-0.682739, dut=-0.451996
Output -0.77536
Mismatch at sample  137: ref=-0.77536, dut=-0.466095
Output -0.843811
Mismatch at sample  138: ref=-0.843811, dut=-0.461121
Output -0.908997
Mismatch at sample  139: ref=-0.908997, dut=-0.460571
Output -0.951874
Mismatch at sample  140: ref=-0.951874, dut=-0.441254
Output -0.985504
Mismatch at sample  141: ref=-0.985504, dut=-0.426086
Output 0.999908
Mismatch at sample  142: ref=0.999908, dut=-0.393646
Output 0.999908
Mismatch at sample  143: ref=0.999908, dut=-0.364807
Output -0.985504
Mismatch at sample  144: ref=-0.985504, dut=-0.32132
Output -0.951874
Mismatch at sample  145: ref=-0.951874, dut=-0.280609
Output -0.908997
Mismatch at sample  146: ref=-0.908997, dut=-0.22876
Output -0.843811
Mismatch at sample  147: ref=-0.843811, dut=-0.178741
Output -0.77536
Mismatch at sample  148: ref=-0.77536, dut=-0.121826
Output -0.682739
Mismatch at sample  149: ref=-0.682739, dut=-0.0656738
Output -0.593018
Mismatch at sample  150: ref=-0.593018, dut=-0.00720215
Output -0.47876
Mismatch at sample  151: ref=-0.47876, dut=0.0515442
Output -0.373413
Mismatch at sample  152: ref=-0.373413, dut=0.107849
Output -0.24472
Mismatch at sample  153: ref=-0.24472, dut=0.165527
Output -0.130341
Mismatch at sample  154: ref=-0.130341, dut=0.216156
Output 0.00473022
Mismatch at sample  155: ref=0.00473022, dut=0.269135
Output 0.120911
Mismatch at sample  156: ref=0.120911, dut=0.310883
Output 0.253845
Mismatch at sample  157: ref=0.253845, dut=0.355835
Output 0.364594
Mismatch at sample  158: ref=0.364594, dut=0.386078
Output 0.48703
Mismatch at sample  159: ref=0.48703, dut=0.420166
Output 0.585327
Mismatch at sample  160: ref=0.585327, dut=0.437012
Output 0.689606
Mismatch at sample  161: ref=0.689606, dut=0.458099
Output 0.769318
Mismatch at sample  162: ref=0.769318, dut=0.46051
Output 0.848846
Mismatch at sample  163: ref=0.848846, dut=0.467285
Output 0.904938
Mismatch at sample  164: ref=0.904938, dut=0.455078
Output 0.954742
Mismatch at sample  165: ref=0.954742, dut=0.447113
Output 0.983704
Mismatch at sample  166: ref=0.983704, dut=0.421082
Output -0.999329
Mismatch at sample  167: ref=-0.999329, dut=0.398804
Output -0.999329
Mismatch at sample  168: ref=-0.999329, dut=0.360596
Output 0.983704
Mismatch at sample  169: ref=0.983704, dut=0.3255
Output 0.954742
Mismatch at sample  170: ref=0.954742, dut=0.277466
Output 0.904938
Mismatch at sample  171: ref=0.904938, dut=0.23172
Output 0.848846
Mismatch at sample  172: ref=0.848846, dut=0.176941
Output 0.769318
Mismatch at sample  173: ref=0.769318, dut=0.123383
Output 0.689606
Mismatch at sample  174: ref=0.689606, dut=0.0652466
Output 0.585327
Mismatch at sample  175: ref=0.585327, dut=0.00732422
Output 0.48703
Mismatch at sample  176: ref=0.48703, dut=-0.0504761
Output 0.364594
Mismatch at sample  177: ref=0.364594, dut=-0.109253
Output 0.253845
Mismatch at sample  178: ref=0.253845, dut=-0.163086
Output 0.120911
Mismatch at sample  179: ref=0.120911, dut=-0.218903
Output 0.00473022
Mismatch at sample  180: ref=0.00473022, dut=-0.265411
Output -0.130341
Mismatch at sample  181: ref=-0.130341, dut=-0.314819
Output -0.24472
Mismatch at sample  182: ref=-0.24472, dut=-0.351074
Output -0.373413
Mismatch at sample  183: ref=-0.373413, dut=-0.39093
Output -0.47876
Mismatch at sample  184: ref=-0.47876, dut=-0.414642
Output -0.593018
Mismatch at sample  185: ref=-0.593018, dut=-0.442505
Output -0.682739
Mismatch at sample  186: ref=-0.682739, dut=-0.452179
Output -0.77536
Mismatch at sample  187: ref=-0.77536, dut=-0.466278
Output -0.843811
Mismatch at sample  188: ref=-0.843811, dut=-0.461304
Output -0.908997
Mismatch at sample  189: ref=-0.908997, dut=-0.460724
Output -0.951874
Mismatch at sample  190: ref=-0.951874, dut=-0.441437
Output -0.985504
Mismatch at sample  191: ref=-0.985504, dut=-0.426239
Output 0.999908
Mismatch at sample  192: ref=0.999908, dut=-0.393829
Output 0.999908
Mismatch at sample  193: ref=0.999908, dut=-0.36496
Output -0.985504
Mismatch at sample  194: ref=-0.985504, dut=-0.321472
Output -0.951874
Mismatch at sample  195: ref=-0.951874, dut=-0.280731
Output -0.908997
Mismatch at sample  196: ref=-0.908997, dut=-0.228912
Output -0.843811
Mismatch at sample  197: ref=-0.843811, dut=-0.178894
Output -0.77536
Mismatch at sample  198: ref=-0.77536, dut=-0.121979
Output -0.682739
Mismatch at sample  199: ref=-0.682739, dut=-0.0657959
Output -0.593018
Mismatch at sample  200: ref=-0.593018, dut=-0.00735474
Output -0.47876
Mismatch at sample  201: ref=-0.47876, dut=0.0514221
Output -0.373413
Mismatch at sample  202: ref=-0.373413, dut=0.107727
Output -0.24472
Mismatch at sample  203: ref=-0.24472, dut=0.165436
Output -0.130341
Mismatch at sample  204: ref=-0.130341, dut=0.216034
Output 0.00473022
Mismatch at sample  205: ref=0.00473022, dut=0.269043
Output 0.120911
Mismatch at sample  206: ref=0.120911, dut=0.31076
Output 0.253845
Mismatch at sample  207: ref=0.253845, dut=0.355743
Output 0.364594
Mismatch at sample  208: ref=0.364594, dut=0.385956
Output 0.48703
Mismatch at sample  209: ref=0.48703, dut=0.420074
Output 0.585327
Mismatch at sample  210: ref=0.585327, dut=0.43692
Output 0.689606
Mismatch at sample  211: ref=0.689606, dut=0.458038
Output 0.769318
Mismatch at sample  212: ref=0.769318, dut=0.460419
Output 0.848846
Mismatch at sample  213: ref=0.848846, dut=0.467194
Output 0.904938
Mismatch at sample  214: ref=0.904938, dut=0.454987
Output 0.954742
Mismatch at sample  215: ref=0.954742, dut=0.447021
Output 0.983704
Mismatch at sample  216: ref=0.983704, dut=0.42099
Output -0.999329
Mismatch at sample  217: ref=-0.999329, dut=0.398743
Output -0.999329
Mismatch at sample  218: ref=-0.999329, dut=0.360504
Output 0.983704
Mismatch at sample  219: ref=0.983704, dut=0.325409
Output 0.954742
Mismatch at sample  220: ref=0.954742, dut=0.277405
Output 0.904938
Mismatch at sample  221: ref=0.904938, dut=0.231659
Output 0.848846
Mismatch at sample  222: ref=0.848846, dut=0.176849
Output 0.769318
Mismatch at sample  223: ref=0.769318, dut=0.123322
Output 0.689606
Mismatch at sample  224: ref=0.689606, dut=0.0651855
Output 0.585327
Mismatch at sample  225: ref=0.585327, dut=0.00723267
Output 0.48703
Mismatch at sample  226: ref=0.48703, dut=-0.0505676
Output 0.364594
Mismatch at sample  227: ref=0.364594, dut=-0.109314
Output 0.253845
Mismatch at sample  228: ref=0.253845, dut=-0.163147
Output 0.120911
Mismatch at sample  229: ref=0.120911, dut=-0.218964
Output 0.00473022
Mismatch at sample  230: ref=0.00473022, dut=-0.265472
Output -0.130341
Mismatch at sample  231: ref=-0.130341, dut=-0.31488
Output -0.24472
Mismatch at sample  232: ref=-0.24472, dut=-0.351135
Output -0.373413
Mismatch at sample  233: ref=-0.373413, dut=-0.390991
Output -0.47876
Mismatch at sample  234: ref=-0.47876, dut=-0.414703
Output -0.593018
Mismatch at sample  235: ref=-0.593018, dut=-0.442566
Output -0.682739
Mismatch at sample  236: ref=-0.682739, dut=-0.45224
Output -0.77536
Mismatch at sample  237: ref=-0.77536, dut=-0.466309
Output -0.843811
Mismatch at sample  238: ref=-0.843811, dut=-0.461365
Output -0.908997
Mismatch at sample  239: ref=-0.908997, dut=-0.460754
Output -0.951874
Mismatch at sample  240: ref=-0.951874, dut=-0.441498
Output -0.985504
Mismatch at sample  241: ref=-0.985504, dut=-0.42627
Output 0.999908
Mismatch at sample  242: ref=0.999908, dut=-0.39386
Output 0.999908
Mismatch at sample  243: ref=0.999908, dut=-0.36499
Output -0.985504
Mismatch at sample  244: ref=-0.985504, dut=-0.321503
Output -0.951874
Mismatch at sample  245: ref=-0.951874, dut=-0.280762
Output -0.908997
Mismatch at sample  246: ref=-0.908997, dut=-0.228943
Output -0.843811
Mismatch at sample  247: ref=-0.843811, dut=-0.178925
Output -0.77536
Mismatch at sample  248: ref=-0.77536, dut=-0.122009
Output -0.682739
Mismatch at sample  249: ref=-0.682739, dut=-0.0658264
Output -0.593018
Mismatch at sample  250: ref=-0.593018, dut=-0.00738525
Output -0.47876
Mismatch at sample  251: ref=-0.47876, dut=0.0513916
Output -0.373413
Mismatch at sample  252: ref=-0.373413, dut=0.107697
Output -0.24472
Mismatch at sample  253: ref=-0.24472, dut=0.165405
Output -0.130341
Mismatch at sample  254: ref=-0.130341, dut=0.215973
Output 0.00473022
Mismatch at sample  255: ref=0.00473022, dut=0.269012
Output 0.120911
Mismatch at sample  256: ref=0.120911, dut=0.31073
Output 0.253845
Mismatch at sample  257: ref=0.253845, dut=0.355713
Output 0.364594
Mismatch at sample  258: ref=0.364594, dut=0.385925
Output 0.48703
Mismatch at sample  259: ref=0.48703, dut=0.420044
Output 0.585327
Mismatch at sample  260: ref=0.585327, dut=0.43689
Output 0.689606
Mismatch at sample  261: ref=0.689606, dut=0.458008
Output 0.769318
Mismatch at sample  262: ref=0.769318, dut=0.460388
Output 0.848846
Mismatch at sample  263: ref=0.848846, dut=0.467163
Output 0.904938
Mismatch at sample  264: ref=0.904938, dut=0.454956
Output 0.954742
Mismatch at sample  265: ref=0.954742, dut=0.446991
Output 0.983704
Mismatch at sample  266: ref=0.983704, dut=0.420959
Output -0.999329
Mismatch at sample  267: ref=-0.999329, dut=0.398712
Output -0.999329
Mismatch at sample  268: ref=-0.999329, dut=0.360504
Output 0.983704
Mismatch at sample  269: ref=0.983704, dut=0.325409
Output 0.954742
Mismatch at sample  270: ref=0.954742, dut=0.277374
Output 0.904938
Mismatch at sample  271: ref=0.904938, dut=0.231628
Output 0.848846
Mismatch at sample  272: ref=0.848846, dut=0.176819
Output 0.769318
Mismatch at sample  273: ref=0.769318, dut=0.123291
Output 0.689606
Mismatch at sample  274: ref=0.689606, dut=0.065155
Output 0.585327
Mismatch at sample  275: ref=0.585327, dut=0.00723267
Output 0.48703
Mismatch at sample  276: ref=0.48703, dut=-0.0505676
Output 0.364594
Mismatch at sample  277: ref=0.364594, dut=-0.109314
Output 0.253845
Mismatch at sample  278: ref=0.253845, dut=-0.163147
Output 0.120911
Mismatch at sample  279: ref=0.120911, dut=-0.218994
Output 0.00473022
Mismatch at sample  280: ref=0.00473022, dut=-0.265503
Output -0.130341
Mismatch at sample  281: ref=-0.130341, dut=-0.31488
Output -0.24472
Mismatch at sample  282: ref=-0.24472, dut=-0.351135
Output -0.373413
Mismatch at sample  283: ref=-0.373413, dut=-0.390991
Output -0.47876
Mismatch at sample  284: ref=-0.47876, dut=-0.414734
Output -0.593018
Mismatch at sample  285: ref=-0.593018, dut=-0.442566
Output -0.682739
Mismatch at sample  286: ref=-0.682739, dut=-0.45224
Output -0.77536
Mismatch at sample  287: ref=-0.77536, dut=-0.466339
Output -0.843811
Mismatch at sample  288: ref=-0.843811, dut=-0.461365
Output -0.908997
Mismatch at sample  289: ref=-0.908997, dut=-0.460785
Output -0.951874
Mismatch at sample  290: ref=-0.951874, dut=-0.441498
Output -0.985504
Mismatch at sample  291: ref=-0.985504, dut=-0.42627
Output 0.999908
Mismatch at sample  292: ref=0.999908, dut=-0.39389
Output 0.999908
Mismatch at sample  293: ref=0.999908, dut=-0.36499
Output -0.985504
Mismatch at sample  294: ref=-0.985504, dut=-0.321533
Output -0.951874
Mismatch at sample  295: ref=-0.951874, dut=-0.280792
Output -0.908997
Mismatch at sample  296: ref=-0.908997, dut=-0.228973
Output -0.843811
Mismatch at sample  297: ref=-0.843811, dut=-0.178925
Output -0.77536
Mismatch at sample  298: ref=-0.77536, dut=-0.122009
Output -0.682739
Mismatch at sample  299: ref=-0.682739, dut=-0.0658264
Output -0.593018
Mismatch at sample  300: ref=-0.593018, dut=-0.00741577
Output -0.47876
Mismatch at sample  301: ref=-0.47876, dut=0.0513916
Output -0.373413
Mismatch at sample  302: ref=-0.373413, dut=0.107666
Output -0.24472
Mismatch at sample  303: ref=-0.24472, dut=0.165375
Output -0.130341
Mismatch at sample  304: ref=-0.130341, dut=0.215973
Output 0.00473022
Mismatch at sample  305: ref=0.00473022, dut=0.268982
Output 0.120911
Mismatch at sample  306: ref=0.120911, dut=0.310699
Output 0.253845
Mismatch at sample  307: ref=0.253845, dut=0.355682
Output 0.364594
Mismatch at sample  308: ref=0.364594, dut=0.385895
Output 0.48703
Mismatch at sample  309: ref=0.48703, dut=0.420044
Output 0.585327
Mismatch at sample  310: ref=0.585327, dut=0.43689
Output 0.689606
Mismatch at sample  311: ref=0.689606, dut=0.457977
Output 0.769318
Mismatch at sample  312: ref=0.769318, dut=0.460388
Output 0.848846
Mismatch at sample  313: ref=0.848846, dut=0.467163
Output 0.904938
Mismatch at sample  314: ref=0.904938, dut=0.454956
Output 0.954742
Mismatch at sample  315: ref=0.954742, dut=0.446991
Output 0.983704
Mismatch at sample  316: ref=0.983704, dut=0.420959
Output -0.999329
Mismatch at sample  317: ref=-0.999329, dut=0.398712
Output -0.999329
Mismatch at sample  318: ref=-0.999329, dut=0.360474
Output 0.983704
Mismatch at sample  319: ref=0.983704, dut=0.325409
Output 0.954742
Mismatch at sample  320: ref=0.954742, dut=0.277374
Output 0.904938
Mismatch at sample  321: ref=0.904938, dut=0.231628
Output 0.848846
Mismatch at sample  322: ref=0.848846, dut=0.176819
Output 0.769318
Mismatch at sample  323: ref=0.769318, dut=0.123291
Output 0.689606
Mismatch at sample  324: ref=0.689606, dut=0.065155
Output 0.585327
Mismatch at sample  325: ref=0.585327, dut=0.00723267
Output 0.48703
Mismatch at sample  326: ref=0.48703, dut=-0.0505981
Output 0.364594
Mismatch at sample  327: ref=0.364594, dut=-0.109314
Output 0.253845
Mismatch at sample  328: ref=0.253845, dut=-0.163177
Output 0.120911
Mismatch at sample  329: ref=0.120911, dut=-0.218994
Output 0.00473022
Mismatch at sample  330: ref=0.00473022, dut=-0.265503
Output -0.130341
Mismatch at sample  331: ref=-0.130341, dut=-0.314911
Output -0.24472
Mismatch at sample  332: ref=-0.24472, dut=-0.351166
Output -0.373413
Mismatch at sample  333: ref=-0.373413, dut=-0.391022
Output -0.47876
Mismatch at sample  334: ref=-0.47876, dut=-0.414734
Output -0.593018
Mismatch at sample  335: ref=-0.593018, dut=-0.442566
Output -0.682739
Mismatch at sample  336: ref=-0.682739, dut=-0.452271
Output -0.77536
Mismatch at sample  337: ref=-0.77536, dut=-0.466339
Output -0.843811
Mismatch at sample  338: ref=-0.843811, dut=-0.461365
Output -0.908997
Mismatch at sample  339: ref=-0.908997, dut=-0.460785
Output -0.951874
Mismatch at sample  340: ref=-0.951874, dut=-0.441498
Output -0.985504
Mismatch at sample  341: ref=-0.985504, dut=-0.42627
Output 0.999908
Mismatch at sample  342: ref=0.999908, dut=-0.39389
Output 0.999908
Mismatch at sample  343: ref=0.999908, dut=-0.36499
Output -0.985504
Mismatch at sample  344: ref=-0.985504, dut=-0.321533
Output -0.951874
Mismatch at sample  345: ref=-0.951874, dut=-0.280792
Output -0.908997
Mismatch at sample  346: ref=-0.908997, dut=-0.228973
Output -0.843811
Mismatch at sample  347: ref=-0.843811, dut=-0.178925
Output -0.77536
Mismatch at sample  348: ref=-0.77536, dut=-0.12204
Output -0.682739
Mismatch at sample  349: ref=-0.682739, dut=-0.0658264
Output -0.593018
Mismatch at sample  350: ref=-0.593018, dut=-0.00741577
Output -0.47876
Mismatch at sample  351: ref=-0.47876, dut=0.0513916
Output -0.373413
Mismatch at sample  352: ref=-0.373413, dut=0.107666
Output -0.24472
Mismatch at sample  353: ref=-0.24472, dut=0.165375
Output -0.130341
Mismatch at sample  354: ref=-0.130341, dut=0.215973
Output 0.00473022
Mismatch at sample  355: ref=0.00473022, dut=0.268982
Output 0.120911
Mismatch at sample  356: ref=0.120911, dut=0.310699
Output 0.253845
Mismatch at sample  357: ref=0.253845, dut=0.355682
Output 0.364594
Mismatch at sample  358: ref=0.364594, dut=0.385895
Output 0.48703
Mismatch at sample  359: ref=0.48703, dut=0.420044
Output 0.585327
Mismatch at sample  360: ref=0.585327, dut=0.436859
Output 0.689606
Mismatch at sample  361: ref=0.689606, dut=0.457977
Output 0.769318
Mismatch at sample  362: ref=0.769318, dut=0.460388
Output 0.848846
Mismatch at sample  363: ref=0.848846, dut=0.467163
Output 0.904938
Mismatch at sample  364: ref=0.904938, dut=0.454956
Output 0.954742
Mismatch at sample  365: ref=0.954742, dut=0.446991
Output 0.983704
Mismatch at sample  366: ref=0.983704, dut=0.420929
Output -0.999329
Mismatch at sample  367: ref=-0.999329, dut=0.398712
Output -0.999329
Mismatch at sample  368: ref=-0.999329, dut=0.360474
Output 0.983704
Mismatch at sample  369: ref=0.983704, dut=0.325378
Output 0.954742
Mismatch at sample  370: ref=0.954742, dut=0.277374
Output 0.904938
Mismatch at sample  371: ref=0.904938, dut=0.231628
Output 0.848846
Mismatch at sample  372: ref=0.848846, dut=0.176819
Output 0.769318
Mismatch at sample  373: ref=0.769318, dut=0.123291
Output 0.689606
Mismatch at sample  374: ref=0.689606, dut=0.065155
Output 0.585327
Mismatch at sample  375: ref=0.585327, dut=0.00723267
Output 0.48703
Mismatch at sample  376: ref=0.48703, dut=-0.0505981
Output 0.364594
Mismatch at sample  377: ref=0.364594, dut=-0.109314
Output 0.253845
Mismatch at sample  378: ref=0.253845, dut=-0.163177
Output 0.120911
Mismatch at sample  379: ref=0.120911, dut=-0.218994
Output 0.00473022
Mismatch at sample  380: ref=0.00473022, dut=-0.265503
Output -0.130341
Mismatch at sample  381: ref=-0.130341, dut=-0.314911
Output -0.24472
Mismatch at sample  382: ref=-0.24472, dut=-0.351166
Output -0.373413
Mismatch at sample  383: ref=-0.373413, dut=-0.391022
Output -0.47876
Mismatch at sample  384: ref=-0.47876, dut=-0.414734
Output -0.593018
Mismatch at sample  385: ref=-0.593018, dut=-0.442566
Output -0.682739
Mismatch at sample  386: ref=-0.682739, dut=-0.452271
Output -0.77536
Mismatch at sample  387: ref=-0.77536, dut=-0.466339
Output -0.843811
Mismatch at sample  388: ref=-0.843811, dut=-0.461365
Output -0.908997
Mismatch at sample  389: ref=-0.908997, dut=-0.460785
Output -0.951874
Mismatch at sample  390: ref=-0.951874, dut=-0.441498
Output -0.985504
Mismatch at sample  391: ref=-0.985504, dut=-0.4263
Output 0.999908
Mismatch at sample  392: ref=0.999908, dut=-0.39389
Output 0.999908
Mismatch at sample  393: ref=0.999908, dut=-0.365021
Output -0.985504
Mismatch at sample  394: ref=-0.985504, dut=-0.321533
Output -0.951874
Mismatch at sample  395: ref=-0.951874, dut=-0.280792
Output -0.908997
Mismatch at sample  396: ref=-0.908997, dut=-0.228973
Output -0.843811
Mismatch at sample  397: ref=-0.843811, dut=-0.178925
Output -0.77536
Mismatch at sample  398: ref=-0.77536, dut=-0.12204
Output -0.682739
Mismatch at sample  399: ref=-0.682739, dut=-0.0658264
Output -0.593018
Mismatch at sample  400: ref=-0.593018, dut=-0.00741577
Output -0.47876
Mismatch at sample  401: ref=-0.47876, dut=0.0513916
Output -0.373413
Mismatch at sample  402: ref=-0.373413, dut=0.107666
Output -0.24472
Mismatch at sample  403: ref=-0.24472, dut=0.165375
Output -0.130341
Mismatch at sample  404: ref=-0.130341, dut=0.215973
Output 0.00473022
Mismatch at sample  405: ref=0.00473022, dut=0.268982
Output 0.120911
Mismatch at sample  406: ref=0.120911, dut=0.310699
Output 0.253845
Mismatch at sample  407: ref=0.253845, dut=0.355682
Output 0.364594
Mismatch at sample  408: ref=0.364594, dut=0.385895
Output 0.48703
Mismatch at sample  409: ref=0.48703, dut=0.420044
Output 0.585327
Mismatch at sample  410: ref=0.585327, dut=0.436859
Output 0.689606
Mismatch at sample  411: ref=0.689606, dut=0.457977
Output 0.769318
Mismatch at sample  412: ref=0.769318, dut=0.460388
Output 0.848846
Mismatch at sample  413: ref=0.848846, dut=0.467163
Output 0.904938
Mismatch at sample  414: ref=0.904938, dut=0.454956
Output 0.954742
Mismatch at sample  415: ref=0.954742, dut=0.446991
Output 0.983704
Mismatch at sample  416: ref=0.983704, dut=0.420929
Output -0.999329
Mismatch at sample  417: ref=-0.999329, dut=0.398712
Output -0.999329
Mismatch at sample  418: ref=-0.999329, dut=0.360474
Output 0.983704
Mismatch at sample  419: ref=0.983704, dut=0.325378
Output 0.954742
Mismatch at sample  420: ref=0.954742, dut=0.277374
Output 0.904938
Mismatch at sample  421: ref=0.904938, dut=0.231628
Output 0.848846
Mismatch at sample  422: ref=0.848846, dut=0.176819
Output 0.769318
Mismatch at sample  423: ref=0.769318, dut=0.123291
Output 0.689606
Mismatch at sample  424: ref=0.689606, dut=0.065155
Output 0.585327
Mismatch at sample  425: ref=0.585327, dut=0.00720215
Output 0.48703
Mismatch at sample  426: ref=0.48703, dut=-0.0505981
Output 0.364594
Mismatch at sample  427: ref=0.364594, dut=-0.109314
Output 0.253845
Mismatch at sample  428: ref=0.253845, dut=-0.163177
Output 0.120911
Mismatch at sample  429: ref=0.120911, dut=-0.218994
Output 0.00473022
Mismatch at sample  430: ref=0.00473022, dut=-0.265503
Output -0.130341
Mismatch at sample  431: ref=-0.130341, dut=-0.314911
Output -0.24472
Mismatch at sample  432: ref=-0.24472, dut=-0.351166
Output -0.373413
Mismatch at sample  433: ref=-0.373413, dut=-0.391022
Output -0.47876
Mismatch at sample  434: ref=-0.47876, dut=-0.414734
Output -0.593018
Mismatch at sample  435: ref=-0.593018, dut=-0.442596
Output -0.682739
Mismatch at sample  436: ref=-0.682739, dut=-0.452271
Output -0.77536
Mismatch at sample  437: ref=-0.77536, dut=-0.466339
Output -0.843811
Mismatch at sample  438: ref=-0.843811, dut=-0.461395
Output -0.908997
Mismatch at sample  439: ref=-0.908997, dut=-0.460785
Output -0.951874
Mismatch at sample  440: ref=-0.951874, dut=-0.441498
Output -0.985504
Mismatch at sample  441: ref=-0.985504, dut=-0.4263
Output 0.999908
Mismatch at sample  442: ref=0.999908, dut=-0.39389
Output 0.999908
Mismatch at sample  443: ref=0.999908, dut=-0.365021
Output -0.985504
Mismatch at sample  444: ref=-0.985504, dut=-0.321533
Output -0.951874
Mismatch at sample  445: ref=-0.951874, dut=-0.280792
Output -0.908997
Mismatch at sample  446: ref=-0.908997, dut=-0.228973
Output -0.843811
Mismatch at sample  447: ref=-0.843811, dut=-0.178925
Output -0.77536
Mismatch at sample  448: ref=-0.77536, dut=-0.12204
Output -0.682739
Mismatch at sample  449: ref=-0.682739, dut=-0.0658264
Output -0.593018
Mismatch at sample  450: ref=-0.593018, dut=-0.00741577
Output -0.47876
Mismatch at sample  451: ref=-0.47876, dut=0.0513916
Output -0.373413
Mismatch at sample  452: ref=-0.373413, dut=0.107666
Output -0.24472
Mismatch at sample  453: ref=-0.24472, dut=0.165375
Output -0.130341
Mismatch at sample  454: ref=-0.130341, dut=0.215973
Output 0.00473022
Mismatch at sample  455: ref=0.00473022, dut=0.268982
Output 0.120911
Mismatch at sample  456: ref=0.120911, dut=0.310699
Output 0.253845
Mismatch at sample  457: ref=0.253845, dut=0.355682
Output 0.364594
Mismatch at sample  458: ref=0.364594, dut=0.385895
Output 0.48703
Mismatch at sample  459: ref=0.48703, dut=0.420044
---------------------------------------
Testbench Results
Samples processed : 460
Mismatches        : 459
Status: FAIL [!!] (459 samples out of tolerance)
---------------------------------------
INFO [HLS SIM]: The maximum depth reached by any hls::stream() instance in the design is 460
INFO: [SIM 211-1] CSim done with 0 errors.
INFO: [SIM 211-3] *************** CSIM finish ***************
INFO: [HLS 200-112] Total CPU user time: 4 seconds. Total CPU system time: 1 seconds. Total elapsed time: 9.007 seconds; peak allocated memory: 273.883 MB.
INFO: [vitis-run 60-791] Total elapsed time: 0h 0m 14s
