C:\HLS-multirate-DSP\HLS_FIR\Transposed_Folded_FIR_HLS\Transposed_Folded_FIR_HLS\hls\.autopilot\db\FIR_HLS.pp.0.cpp:2398:5: warning: Added loop label VITIS_LOOP_676_1:   [xilinx-label-all-loops]
    for (unsigned i = low; i != high+1; ++i) {
    ^~~
    VITIS_LOOP_676_1: 
C:\HLS-multirate-DSP\HLS_FIR\Transposed_Folded_FIR_HLS\Transposed_Folded_FIR_HLS\hls\.autopilot\db\FIR_HLS.pp.0.cpp:2398:5: note: FIX-IT applied suggested code changes
C:\HLS-multirate-DSP\HLS_FIR\Transposed_Folded_FIR_HLS\Transposed_Folded_FIR_HLS\hls\.autopilot\db\FIR_HLS.pp.0.cpp:2412:5: warning: Added loop label VITIS_LOOP_690_1:   [xilinx-label-all-loops]
    for (unsigned i = low; i != high+1; ++i) {
    ^~~
    VITIS_LOOP_690_1: 
C:\HLS-multirate-DSP\HLS_FIR\Transposed_Folded_FIR_HLS\Transposed_Folded_FIR_HLS\hls\.autopilot\db\FIR_HLS.pp.0.cpp:2412:5: note: FIX-IT applied suggested code changes
C:\HLS-multirate-DSP\HLS_FIR\Transposed_Folded_FIR_HLS\Transposed_Folded_FIR_HLS\hls\.autopilot\db\FIR_HLS.pp.0.cpp:2426:5: warning: Added loop label VITIS_LOOP_704_1:   [xilinx-label-all-loops]
    for (unsigned i = low; i != high+1; ++i) {
    ^~~
    VITIS_LOOP_704_1: 
C:\HLS-multirate-DSP\HLS_FIR\Transposed_Folded_FIR_HLS\Transposed_Folded_FIR_HLS\hls\.autopilot\db\FIR_HLS.pp.0.cpp:2426:5: note: FIX-IT applied suggested code changes
C:\HLS-multirate-DSP\HLS_FIR\Transposed_Folded_FIR_HLS\Transposed_Folded_FIR_HLS\hls\.autopilot\db\FIR_HLS.pp.0.cpp:4048:7: warning: Added loop label VITIS_LOOP_1248_1:   [xilinx-label-all-loops]
      for (i = 0; i < __N - 1; ++i) {
      ^~~
      VITIS_LOOP_1248_1: 
C:\HLS-multirate-DSP\HLS_FIR\Transposed_Folded_FIR_HLS\Transposed_Folded_FIR_HLS\hls\.autopilot\db\FIR_HLS.pp.0.cpp:4048:7: note: FIX-IT applied suggested code changes
C:\HLS-multirate-DSP\HLS_FIR\Transposed_Folded_FIR_HLS\Transposed_Folded_FIR_HLS\hls\.autopilot\db\FIR_HLS.pp.0.cpp:8356:9: warning: Added loop label VITIS_LOOP_64_1:   [xilinx-label-all-loops]
        for (unsigned i = 0; i < __SHIFT_DEPTH__; ++i)
        ^~~
        VITIS_LOOP_64_1: 
C:\HLS-multirate-DSP\HLS_FIR\Transposed_Folded_FIR_HLS\Transposed_Folded_FIR_HLS\hls\.autopilot\db\FIR_HLS.pp.0.cpp:8356:9: note: FIX-IT applied suggested code changes
C:\HLS-multirate-DSP\HLS_FIR\Transposed_Folded_FIR_HLS\Transposed_Folded_FIR_HLS\hls\.autopilot\db\FIR_HLS.pp.0.cpp:8363:9: warning: Added loop label VITIS_LOOP_71_1:   [xilinx-label-all-loops]
        for (unsigned i = 0; i < __SHIFT_DEPTH__; ++i)
        ^~~
        VITIS_LOOP_71_1: 
C:\HLS-multirate-DSP\HLS_FIR\Transposed_Folded_FIR_HLS\Transposed_Folded_FIR_HLS\hls\.autopilot\db\FIR_HLS.pp.0.cpp:8363:9: note: FIX-IT applied suggested code changes
C:\HLS-multirate-DSP\HLS_FIR\Transposed_Folded_FIR_HLS\Transposed_Folded_FIR_HLS\hls\.autopilot\db\FIR_HLS.pp.0.cpp:31554:5: warning: Added loop label VITIS_LOOP_22_1:   [xilinx-label-all-loops]
    for(int i=0; i < (N_delays/2); i++){
    ^~~
    VITIS_LOOP_22_1: 
C:\HLS-multirate-DSP\HLS_FIR\Transposed_Folded_FIR_HLS\Transposed_Folded_FIR_HLS\hls\.autopilot\db\FIR_HLS.pp.0.cpp:31554:5: note: FIX-IT applied suggested code changes
C:\HLS-multirate-DSP\HLS_FIR\Transposed_Folded_FIR_HLS\Transposed_Folded_FIR_HLS\hls\.autopilot\db\FIR_HLS.pp.0.cpp:31560:2: warning: Added loop label VITIS_LOOP_28_2:   [xilinx-label-all-loops]
 for(int i=1; i < N_delays; i++){
 ^~~
 VITIS_LOOP_28_2: 
C:\HLS-multirate-DSP\HLS_FIR\Transposed_Folded_FIR_HLS\Transposed_Folded_FIR_HLS\hls\.autopilot\db\FIR_HLS.pp.0.cpp:31560:2: note: FIX-IT applied suggested code changes
