In file included from FIR_HLS.cpp:1:
In file included from ./FIR_HLS.h:3:
C:/AMD/Vitis/2024.2/common/technology/autopilot\ap_shift_reg.h:47:9: warning: HLS pragma dump _XLX_SEP_ PragmaIsValid=1_XLX_SEP_ PragmaType=inline_XLX_SEP_ PragmaContext=_XLX_SEP_ PragmaFunction=ap_shift_reg<__SHIFT_T__, __SHIFT_DEPTH__>_XLX_SEP_ PragmaOptions=_XLX_SEP_ [-Wdump-hls-pragmas]
#pragma HLS inline
        ^
C:/AMD/Vitis/2024.2/common/technology/autopilot\ap_shift_reg.h:49:9: warning: HLS pragma dump _XLX_SEP_ PragmaIsValid=1_XLX_SEP_ PragmaType=aggregate_XLX_SEP_ PragmaContext=_XLX_SEP_ PragmaFunction=ap_shift_reg<__SHIFT_T__, __SHIFT_DEPTH__>_XLX_SEP_ PragmaOptions=variable = Array bit_XLX_SEP_ [-Wdump-hls-pragmas]
#pragma HLS aggregate variable = Array bit
        ^
C:/AMD/Vitis/2024.2/common/technology/autopilot\ap_shift_reg.h:54:9: warning: HLS pragma dump _XLX_SEP_ PragmaIsValid=1_XLX_SEP_ PragmaType=inline_XLX_SEP_ PragmaContext=_XLX_SEP_ PragmaFunction=ap_shift_reg<__SHIFT_T__, __SHIFT_DEPTH__>_XLX_SEP_ PragmaOptions=_XLX_SEP_ [-Wdump-hls-pragmas]
#pragma HLS inline
        ^
C:/AMD/Vitis/2024.2/common/technology/autopilot\ap_shift_reg.h:56:9: warning: HLS pragma dump _XLX_SEP_ PragmaIsValid=1_XLX_SEP_ PragmaType=aggregate_XLX_SEP_ PragmaContext=_XLX_SEP_ PragmaFunction=ap_shift_reg<__SHIFT_T__, __SHIFT_DEPTH__>_XLX_SEP_ PragmaOptions=variable = Array bit_XLX_SEP_ [-Wdump-hls-pragmas]
#pragma HLS aggregate variable = Array bit
        ^
directive:1:9: warning: HLS pragma dump _XLX_SEP_ PragmaIsValid=1_XLX_SEP_ PragmaType=top_XLX_SEP_ PragmaContext=directive_XLX_SEP_ PragmaFunction=FIR_Halfband_v1_XLX_SEP_ PragmaOptions=name=FIR_Halfband_v1_XLX_SEP_ [-Wdump-hls-pragmas]
#pragma HLSDIRECTIVE TOP name=FIR_Halfband_v1
        ^
FIR_HLS.cpp:21:9: warning: HLS pragma dump _XLX_SEP_ PragmaIsValid=1_XLX_SEP_ PragmaType=interface_XLX_SEP_ PragmaContext=_XLX_SEP_ PragmaFunction=FIR_Halfband_v1_XLX_SEP_ PragmaOptions=mode=axis port=input_XLX_SEP_ [-Wdump-hls-pragmas]
#pragma HLS INTERFACE mode=axis port=input
        ^
FIR_HLS.cpp:22:9: warning: HLS pragma dump _XLX_SEP_ PragmaIsValid=1_XLX_SEP_ PragmaType=interface_XLX_SEP_ PragmaContext=_XLX_SEP_ PragmaFunction=FIR_Halfband_v1_XLX_SEP_ PragmaOptions=mode=axis port=output_XLX_SEP_ [-Wdump-hls-pragmas]
#pragma HLS INTERFACE mode=axis port=output
        ^
FIR_HLS.cpp:23:9: warning: HLS pragma dump _XLX_SEP_ PragmaIsValid=1_XLX_SEP_ PragmaType=interface_XLX_SEP_ PragmaContext=_XLX_SEP_ PragmaFunction=FIR_Halfband_v1_XLX_SEP_ PragmaOptions=mode=ap_ctrl_none port=return_XLX_SEP_ [-Wdump-hls-pragmas]
#pragma HLS INTERFACE mode=ap_ctrl_none port=return
        ^
FIR_HLS.cpp:64:9: warning: HLS pragma dump _XLX_SEP_ PragmaIsValid=1_XLX_SEP_ PragmaType=pipeline_XLX_SEP_ PragmaContext=_XLX_SEP_ PragmaFunction=FIR_filter_XLX_SEP_ PragmaOptions=_XLX_SEP_ [-Wdump-hls-pragmas]
#pragma HLS PIPELINE
        ^
In file included from FIR_HLS.cpp:1:
In file included from ./FIR_HLS.h:3:
C:/AMD/Vitis/2024.2/common/technology/autopilot\ap_shift_reg.h:54:9: warning: there are more than one pragma inline in the function scope, ignore the pragma 
#pragma HLS inline
        ^
C:/AMD/Vitis/2024.2/common/technology/autopilot\ap_shift_reg.h:54:9: warning: there are more than one pragma inline in the function scope, ignore the pragma 
11 warnings generated.
