

================================================================
== Synthesis Summary Report of 'Direct_FIR_HLS'
================================================================
+ General Information: 
    * Date:           Sun Nov 16 15:52:48 2025
    * Version:        2024.2 (Build 5238294 on Nov  8 2024)
    * Project:        Direct_FIR_HLS
    * Solution:       hls (Vivado IP Flow Target)
    * Product family: zynquplus
    * Target device:  xck26-sfvc784-2LV-c
    

+ Performance & Resource Estimates: 
    
    PS: '+' for module; 'o' for loop; '*' for dataflow
    +------------------+------+------+---------+-----------+----------+---------+------+----------+---------+---------+-----------+-------------+-----+
    |      Modules     | Issue|      | Latency |  Latency  | Iteration|         | Trip |          |         |         |           |             |     |
    |      & Loops     | Type | Slack| (cycles)|    (ns)   |  Latency | Interval| Count| Pipelined|  BRAM   |   DSP   |     FF    |     LUT     | URAM|
    +------------------+------+------+---------+-----------+----------+---------+------+----------+---------+---------+-----------+-------------+-----+
    |+ Direct_FIR_HLS  |     -|  0.15|      326|  3.260e+03|         -|      327|     -|        no|  1 (~0%)|  81 (6%)|  6132 (2%)|  14726 (12%)|    -|
    | + FIR_filter     |     -|  0.15|      324|  3.240e+03|         -|      324|     -|        no|  1 (~0%)|  81 (6%)|  6112 (2%)|  14686 (12%)|    -|
    +------------------+------+------+---------+-----------+----------+---------+------+----------+---------+---------+-----------+-------------+-----+


================================================================
== HW Interfaces
================================================================
* AXIS
+-----------+-----------+---------------+-------+--------+--------+
| Interface | Direction | Register Mode | TDATA | TREADY | TVALID |
+-----------+-----------+---------------+-------+--------+--------+
| input_r   | in        | both          | 16    | 1      | 1      |
| output_r  | out       | both          | 16    | 1      | 1      |
+-----------+-----------+---------------+-------+--------+--------+

* TOP LEVEL CONTROL
+-----------+--------------+----------+
| Interface | Type         | Ports    |
+-----------+--------------+----------+
| ap_clk    | clock        | ap_clk   |
| ap_rst_n  | reset        | ap_rst_n |
| ap_ctrl   | ap_ctrl_none |          |
+-----------+--------------+----------+


================================================================
== SW I/O Information
================================================================
* Top Function Arguments
+----------+-----------+-------------------------------------------------+
| Argument | Direction | Datatype                                        |
+----------+-----------+-------------------------------------------------+
| input    | in        | stream<ap_fixed<16, 1, AP_TRN, AP_WRAP, 0>, 0>& |
| output   | out       | stream<ap_fixed<16, 1, AP_TRN, AP_WRAP, 0>, 0>& |
+----------+-----------+-------------------------------------------------+

* SW-to-HW Mapping
+----------+--------------+-----------+
| Argument | HW Interface | HW Type   |
+----------+--------------+-----------+
| input    | input_r      | interface |
| output   | output_r     | interface |
+----------+--------------+-----------+


================================================================
== Bind Op Report
================================================================
+----------------------------------------------+-----+--------+------------------+------+-----------+---------+
| Name                                         | DSP | Pragma | Variable         | Op   | Impl      | Latency |
+----------------------------------------------+-----+--------+------------------+------+-----------+---------+
| + Direct_FIR_HLS                             | 81  |        |                  |      |           |         |
|  + FIR_filter                                | 81  |        |                  |      |           |         |
|    tmp_fu_6646_p2                            |     |        | tmp              | add  | fabric    | 0       |
|    tmp12_fu_7000_p2                          |     |        | tmp12            | add  | fabric    | 0       |
|    tmp1_fu_7012_p2                           |     |        | tmp1             | add  | fabric    | 0       |
|    tmp16_fu_7052_p2                          |     |        | tmp16            | sub  | fabric    | 0       |
|    tmp21_fu_3891_p2                          |     |        | tmp21            | sub  | fabric    | 0       |
|    tmp24_fu_3917_p2                          |     |        | tmp24            | sub  | fabric    | 0       |
|    ama_addmuladd_19s_16s_7ns_26s_27_4_1_U67  | 1   |        | tmp27            | add  | dsp_slice | 3       |
|    ama_addmuladd_19s_16s_7ns_26s_27_4_1_U67  | 1   |        | tmp27_cast       | sext | dsp_slice | 3       |
|    ama_addmuladd_19s_16s_7ns_26s_27_4_1_U67  | 1   |        | tmp28            | mul  | dsp_slice | 3       |
|    tmp3_fu_4825_p2                           |     |        | tmp3             | add  | fabric    | 0       |
|    tmp4_fu_4835_p2                           |     |        | tmp4             | add  | fabric    | 0       |
|    tmp2_fu_4845_p2                           |     |        | tmp2             | add  | fabric    | 0       |
|    tmp17_fu_4855_p2                          |     |        | tmp17            | add  | fabric    | 0       |
|    tmp18_fu_4865_p2                          |     |        | tmp18            | add  | fabric    | 0       |
|    tmp5_fu_4875_p2                           |     |        | tmp5             | add  | fabric    | 0       |
|    tmp35_fu_4885_p2                          |     |        | tmp35            | add  | fabric    | 0       |
|    tmp36_fu_4903_p2                          |     |        | tmp36            | sub  | fabric    | 0       |
|    tmp39_fu_4913_p2                          |     |        | tmp39            | sub  | fabric    | 0       |
|    tmp19_fu_4923_p2                          |     |        | tmp19            | add  | fabric    | 0       |
|    tmp37_fu_4734_p2                          |     |        | tmp37            | add  | fabric    | 0       |
|    tmp20_fu_4936_p2                          |     |        | tmp20            | add  | fabric    | 0       |
|    ama_addmuladd_19s_16s_6ns_22s_25_4_1_U71  | 1   |        | tmp45            | add  | dsp_slice | 3       |
|    ama_addmuladd_19s_16s_6ns_22s_25_4_1_U71  | 1   |        | tmp45_cast       | sext | dsp_slice | 3       |
|    ama_addmuladd_19s_16s_6ns_22s_25_4_1_U71  | 1   |        | tmp46            | mul  | dsp_slice | 3       |
|    tmp55_fu_5144_p2                          |     |        | tmp55            | add  | fabric    | 0       |
|    tmp56_fu_5154_p2                          |     |        | tmp56            | add  | fabric    | 0       |
|    tmp38_fu_5164_p2                          |     |        | tmp38            | add  | fabric    | 0       |
|    tmp58_fu_5174_p2                          |     |        | tmp58            | add  | fabric    | 0       |
|    tmp67_fu_5184_p2                          |     |        | tmp67            | add  | fabric    | 0       |
|    tmp57_fu_5194_p2                          |     |        | tmp57            | add  | fabric    | 0       |
|    tmp53_fu_5204_p2                          |     |        | tmp53            | add  | fabric    | 0       |
|    tmp59_fu_5967_p2                          |     |        | tmp59            | sub  | fabric    | 0       |
|    tmp60_fu_5977_p2                          |     |        | tmp60            | sub  | fabric    | 0       |
|    tmp68_fu_5987_p2                          |     |        | tmp68            | add  | fabric    | 0       |
|    grp_fu_7950_p3                            |     |        | tmp66            | sub  | fabric    | 0       |
|    tmp71_fu_6684_p2                          |     |        | tmp71            | sub  | fabric    | 0       |
|    tmp72_fu_7061_p2                          |     |        | tmp72            | sub  | fabric    | 0       |
|    tmp69_fu_7071_p2                          |     |        | tmp69            | add  | fabric    | 0       |
|    tmp78_fu_7129_p2                          |     |        | tmp78            | add  | fabric    | 0       |
|    tmp83_fu_5790_p2                          |     |        | tmp83            | sub  | fabric    | 0       |
|    tmp84_fu_5800_p2                          |     |        | tmp84            | sub  | fabric    | 0       |
|    tmp70_fu_5810_p2                          |     |        | tmp70            | add  | fabric    | 0       |
|    grp_fu_7929_p30                           |     |        | tmp90            | add  | fabric    | 0       |
|    tmp80_fu_3067_p2                          |     |        | tmp80            | add  | fabric    | 0       |
|    tmp79_fu_3077_p2                          |     |        | tmp79            | add  | fabric    | 0       |
|    tmp82_fu_3087_p2                          |     |        | tmp82            | add  | fabric    | 0       |
|    tmp81_fu_3097_p2                          |     |        | tmp81            | add  | fabric    | 0       |
|    tmp95_fu_3107_p2                          |     |        | tmp95            | add  | fabric    | 0       |
|    sum_fu_2887_p2                            |     |        | sum              | add  | fabric    | 0       |
|    grp_fu_7811_p0                            |     |        | tmp104           | sub  | fabric    | 0       |
|    ama_submuladd_19s_16s_7ns_25s_26_4_1_U65  | 1   |        | tmp105           | sub  | dsp_slice | 3       |
|    ama_submuladd_19s_16s_7ns_25s_26_4_1_U65  | 1   |        | tmp105_cast      | sext | dsp_slice | 3       |
|    ama_submuladd_19s_16s_7ns_25s_26_4_1_U65  | 1   |        | tmp106           | mul  | dsp_slice | 3       |
|    tmp109_fu_3655_p2                         |     |        | tmp109           | add  | fabric    | 0       |
|    tmp97_fu_4426_p2                          |     |        | tmp97            | add  | fabric    | 0       |
|    ama_addmuladd_17s_18s_7ns_25s_26_4_1_U68  | 1   |        | tmp113           | add  | dsp_slice | 3       |
|    ama_addmuladd_17s_18s_7ns_25s_26_4_1_U68  | 1   |        | tmp113_cast      | sext | dsp_slice | 3       |
|    ama_addmuladd_17s_18s_7ns_25s_26_4_1_U68  | 1   |        | tmp114           | mul  | dsp_slice | 3       |
|    ama_addmuladd_17s_18s_7ns_25s_26_4_1_U68  | 1   |        | tmp114_cast_cast | sext | dsp_slice | 3       |
|    sum1_fu_2851_p2                           |     |        | sum1             | add  | fabric    | 0       |
|    tmp122_fu_5069_p2                         |     |        | tmp122           | sub  | fabric    | 0       |
|    ama_submuladd_19s_16s_6ns_24s_25_4_1_U79  | 1   |        | tmp123           | sub  | dsp_slice | 3       |
|    ama_submuladd_19s_16s_6ns_24s_25_4_1_U79  | 1   |        | tmp123_cast      | sext | dsp_slice | 3       |
|    ama_submuladd_19s_16s_6ns_24s_25_4_1_U79  | 1   |        | tmp124           | mul  | dsp_slice | 3       |
|    tmp99_fu_5606_p2                          |     |        | tmp99            | add  | fabric    | 0       |
|    tmp98_fu_5616_p2                          |     |        | tmp98            | add  | fabric    | 0       |
|    tmp101_fu_5626_p2                         |     |        | tmp101           | add  | fabric    | 0       |
|    tmp100_fu_5636_p2                         |     |        | tmp100           | add  | fabric    | 0       |
|    tmp1293_fu_5646_p2                        |     |        | tmp1293          | add  | fabric    | 0       |
|    tmp133_fu_4024_p2                         |     |        | tmp133           | add  | fabric    | 0       |
|    tmp107_fu_5418_p2                         |     |        | tmp107           | add  | fabric    | 0       |
|    ama_addmuladd_17s_18s_6ns_24s_25_4_1_U74  | 1   |        | tmp137           | add  | dsp_slice | 3       |
|    ama_addmuladd_17s_18s_6ns_24s_25_4_1_U74  | 1   |        | tmp137_cast      | sext | dsp_slice | 3       |
|    ama_addmuladd_17s_18s_6ns_24s_25_4_1_U74  | 1   |        | tmp138           | mul  | dsp_slice | 3       |
|    tmp143_fu_5664_p2                         |     |        | tmp143           | sub  | fabric    | 0       |
|    tmp148_fu_5726_p2                         |     |        | tmp148           | sub  | fabric    | 0       |
|    tmp115_fu_5490_p2                         |     |        | tmp115           | add  | fabric    | 0       |
|    tmp108_fu_5500_p2                         |     |        | tmp108           | add  | fabric    | 0       |
|    tmp117_fu_5510_p2                         |     |        | tmp117           | add  | fabric    | 0       |
|    tmp116_fu_5520_p2                         |     |        | tmp116           | add  | fabric    | 0       |
|    ama_addmuladd_18s_18s_7ns_26s_27_4_1_U76  | 1   |        | tmp153           | add  | dsp_slice | 3       |
|    ama_addmuladd_18s_18s_7ns_26s_27_4_1_U76  | 1   |        | tmp153_cast      | sext | dsp_slice | 3       |
|    ama_addmuladd_18s_18s_7ns_26s_27_4_1_U76  | 1   |        | tmp154           | mul  | dsp_slice | 3       |
|    tmp157_fu_2947_p2                         |     |        | tmp157           | add  | fabric    | 0       |
|    tmp118_fu_2973_p2                         |     |        | tmp118           | add  | fabric    | 0       |
|    am_addmul_17s_18s_7ns_27_4_1_U41          | 1   |        | tmp161           | add  | dsp_slice | 3       |
|    am_addmul_17s_18s_7ns_27_4_1_U41          | 1   |        | tmp161_cast      | sext | dsp_slice | 3       |
|    am_addmul_17s_18s_7ns_27_4_1_U41          | 1   |        | tmp162           | mul  | dsp_slice | 3       |
|    tmp119_fu_3565_p2                         |     |        | tmp119           | add  | fabric    | 0       |
|    tmp125_fu_3575_p2                         |     |        | tmp125           | add  | fabric    | 0       |
|    tmp165_fu_3585_p2                         |     |        | tmp165           | add  | fabric    | 0       |
|    grp_fu_7703_p3                            |     |        | tmp166           | sub  | fabric    | 0       |
|    tmp169_fu_3746_p2                         |     |        | tmp169           | sub  | fabric    | 0       |
|    mul_18s_10ns_27_1_1_U1                    | 1   |        | tmp172           | mul  | auto      | 0       |
|    tmp126_fu_3621_p2                         |     |        | tmp126           | add  | fabric    | 0       |
|    tmp127_fu_3631_p2                         |     |        | tmp127           | add  | fabric    | 0       |
|    ama_addmuladd_17s_17s_9s_26s_27_4_1_U56   | 1   |        | tmp175           | add  | dsp_slice | 3       |
|    ama_addmuladd_17s_17s_9s_26s_27_4_1_U56   | 1   |        | tmp175_cast      | sext | dsp_slice | 3       |
|    ama_addmuladd_17s_17s_9s_26s_27_4_1_U56   | 1   |        | tmp176           | mul  | dsp_slice | 3       |
|    tmp128_fu_2585_p2                         |     |        | tmp128           | add  | fabric    | 0       |
|    tmp129_fu_2595_p2                         |     |        | tmp129           | add  | fabric    | 0       |
|    am_addmul_17s_17s_9s_27_4_1_U25           | 1   |        | tmp179           | add  | dsp_slice | 3       |
|    am_addmul_17s_17s_9s_27_4_1_U25           | 1   |        | tmp179_cast      | sext | dsp_slice | 3       |
|    am_addmul_17s_17s_9s_27_4_1_U25           | 1   |        | tmp180           | mul  | dsp_slice | 3       |
|    tmp131_fu_3015_p2                         |     |        | tmp131           | add  | fabric    | 0       |
|    tmp132_fu_3025_p2                         |     |        | tmp132           | add  | fabric    | 0       |
|    ama_addmuladd_17s_17s_9s_27s_27_4_1_U43   | 1   |        | tmp183           | add  | dsp_slice | 3       |
|    ama_addmuladd_17s_17s_9s_27s_27_4_1_U43   | 1   |        | tmp183_cast      | sext | dsp_slice | 3       |
|    ama_addmuladd_17s_17s_9s_27s_27_4_1_U43   | 1   |        | tmp184           | mul  | dsp_slice | 3       |
|    tmp139_fu_4127_p2                         |     |        | tmp139           | add  | fabric    | 0       |
|    tmp140_fu_4137_p2                         |     |        | tmp140           | add  | fabric    | 0       |
|    tmp187_fu_4147_p2                         |     |        | tmp187           | add  | fabric    | 0       |
|    grp_fu_7779_p3                            |     |        | tmp188           | add  | fabric    | 0       |
|    tmp191_fu_4046_p2                         |     |        | tmp191           | sub  | fabric    | 0       |
|    grp_fu_7790_p0                            |     |        | tmp192           | sub  | fabric    | 0       |
|    ama_addmuladd_18s_16s_8ns_26s_27_4_1_U63  | 1   |        | tmp193           | add  | dsp_slice | 3       |
|    ama_addmuladd_18s_16s_8ns_26s_27_4_1_U63  | 1   |        | tmp193_cast      | sext | dsp_slice | 3       |
|    ama_addmuladd_18s_16s_8ns_26s_27_4_1_U63  | 1   |        | tmp194           | mul  | dsp_slice | 3       |
|    tmp197_fu_4219_p2                         |     |        | tmp197           | sub  | fabric    | 0       |
|    grp_fu_7790_p30                           |     |        | tmp200           | add  | fabric    | 0       |
|    tmp141_fu_2781_p2                         |     |        | tmp141           | add  | fabric    | 0       |
|    tmp142_fu_2791_p2                         |     |        | tmp142           | add  | fabric    | 0       |
|    tmp203_fu_2801_p2                         |     |        | tmp203           | add  | fabric    | 0       |
|    grp_fu_7532_p3                            |     |        | tmp204           | sub  | fabric    | 0       |
|    tmp155_fu_4436_p2                         |     |        | tmp155           | add  | fabric    | 0       |
|    tmp156_fu_4446_p2                         |     |        | tmp156           | add  | fabric    | 0       |
|    tmp207_fu_4456_p2                         |     |        | tmp207           | add  | fabric    | 0       |
|    tmp208_fu_4474_p2                         |     |        | tmp208           | sub  | fabric    | 0       |
|    tmp211_fu_4593_p2                         |     |        | tmp211           | sub  | fabric    | 0       |
|    tmp214_fu_4639_p2                         |     |        | tmp214           | sub  | fabric    | 0       |
|    tmp217_fu_4649_p2                         |     |        | tmp217           | sub  | fabric    | 0       |
|    mul_18s_7ns_25_1_1_U2                     | 1   |        | tmp220           | mul  | auto      | 0       |
|    tmp167_fu_4685_p2                         |     |        | tmp167           | add  | fabric    | 0       |
|    tmp168_fu_4695_p2                         |     |        | tmp168           | add  | fabric    | 0       |
|    ama_addmuladd_17s_17s_8s_24s_25_4_1_U69   | 1   |        | tmp223           | add  | dsp_slice | 3       |
|    ama_addmuladd_17s_17s_8s_24s_25_4_1_U69   | 1   |        | tmp223_cast      | sext | dsp_slice | 3       |
|    ama_addmuladd_17s_17s_8s_24s_25_4_1_U69   | 1   |        | tmp224           | mul  | dsp_slice | 3       |
|    tmp189_fu_2917_p2                         |     |        | tmp189           | add  | fabric    | 0       |
|    tmp190_fu_5036_p2                         |     |        | tmp190           | add  | fabric    | 0       |
|    ama_addmuladd_17s_17s_7s_24s_25_4_1_U72   | 1   |        | tmp227           | add  | dsp_slice | 3       |
|    ama_addmuladd_17s_17s_7s_24s_25_4_1_U72   | 1   |        | tmp227_cast      | sext | dsp_slice | 3       |
|    ama_addmuladd_17s_17s_7s_24s_25_4_1_U72   | 1   |        | tmp228           | mul  | dsp_slice | 3       |
|    tmp195_fu_5246_p2                         |     |        | tmp195           | add  | fabric    | 0       |
|    tmp196_fu_5256_p2                         |     |        | tmp196           | add  | fabric    | 0       |
|    tmp231_fu_5266_p2                         |     |        | tmp231           | add  | fabric    | 0       |
|    tmp232_fu_5296_p2                         |     |        | tmp232           | add  | fabric    | 0       |
|    tmp209_fu_5306_p2                         |     |        | tmp209           | add  | fabric    | 0       |
|    tmp210_fu_5316_p2                         |     |        | tmp210           | add  | fabric    | 0       |
|    tmp235_fu_5326_p2                         |     |        | tmp235           | add  | fabric    | 0       |
|    tmp239_fu_5358_p2                         |     |        | tmp239           | sub  | fabric    | 0       |
|    tmp245_fu_5046_p2                         |     |        | tmp245           | sub  | fabric    | 0       |
|    grp_fu_7896_p0                            |     |        | tmp246           | add  | fabric    | 0       |
|    ama_submuladd_18s_16s_6ns_25s_25_4_1_U73  | 1   |        | tmp247           | sub  | dsp_slice | 3       |
|    ama_submuladd_18s_16s_6ns_25s_25_4_1_U73  | 1   |        | tmp247_cast      | sext | dsp_slice | 3       |
|    ama_submuladd_18s_16s_6ns_25s_25_4_1_U73  | 1   |        | tmp248           | mul  | dsp_slice | 3       |
|    tmp251_fu_6080_p2                         |     |        | tmp251           | sub  | fabric    | 0       |
|    grp_fu_7960_p30                           |     |        | tmp254           | add  | fabric    | 0       |
|    tmp215_fu_6398_p2                         |     |        | tmp215           | add  | fabric    | 0       |
|    tmp216_fu_6408_p2                         |     |        | tmp216           | add  | fabric    | 0       |
|    tmp257_fu_6418_p2                         |     |        | tmp257           | add  | fabric    | 0       |
|    tmp237_fu_6460_p2                         |     |        | tmp237           | add  | fabric    | 0       |
|    tmp238_fu_6470_p2                         |     |        | tmp238           | add  | fabric    | 0       |
|    tmp261_fu_6480_p2                         |     |        | tmp261           | add  | fabric    | 0       |
|    tmp265_fu_5530_p2                         |     |        | tmp265           | sub  | fabric    | 0       |
|    grp_fu_7940_p0                            |     |        | tmp266           | add  | fabric    | 0       |
|    ama_submuladd_18s_16s_5ns_24s_24_4_1_U77  | 1   |        | tmp267           | sub  | dsp_slice | 3       |
|    ama_submuladd_18s_16s_5ns_24s_24_4_1_U77  | 1   |        | tmp267_cast      | sext | dsp_slice | 3       |
|    ama_submuladd_18s_16s_5ns_24s_24_4_1_U77  | 1   |        | tmp268           | mul  | dsp_slice | 3       |
|    tmp271_fu_5874_p2                         |     |        | tmp271           | sub  | fabric    | 0       |
|    grp_fu_7940_p3                            |     |        | tmp274           | sub  | fabric    | 0       |
|    tmp277_fu_5736_p2                         |     |        | tmp277           | sub  | fabric    | 0       |
|    grp_fu_7950_p0                            |     |        | tmp278           | add  | fabric    | 0       |
|    ama_submuladd_18s_16s_5ns_25s_25_4_1_U78  | 1   |        | tmp279           | sub  | dsp_slice | 3       |
|    ama_submuladd_18s_16s_5ns_25s_25_4_1_U78  | 1   |        | tmp279_cast      | sext | dsp_slice | 3       |
|    ama_submuladd_18s_16s_5ns_25s_25_4_1_U78  | 1   |        | tmp280           | mul  | dsp_slice | 3       |
|    ama_submuladd_18s_16s_5ns_25s_25_4_1_U78  | 1   |        | tmp280_cast      | sext | dsp_slice | 3       |
|    tmp243_fu_6690_p2                         |     |        | tmp243           | add  | fabric    | 0       |
|    tmp244_fu_6700_p2                         |     |        | tmp244           | add  | fabric    | 0       |
|    tmp283_fu_6710_p2                         |     |        | tmp283           | add  | fabric    | 0       |
|    tmp249_fu_6728_p2                         |     |        | tmp249           | add  | fabric    | 0       |
|    tmp250_fu_6738_p2                         |     |        | tmp250           | add  | fabric    | 0       |
|    tmp287_fu_6748_p2                         |     |        | tmp287           | add  | fabric    | 0       |
|    tmp291_fu_6784_p2                         |     |        | tmp291           | sub  | fabric    | 0       |
|    tmp294_fu_6830_p2                         |     |        | tmp294           | sub  | fabric    | 0       |
|    tmp263_fu_6836_p2                         |     |        | tmp263           | add  | fabric    | 0       |
|    tmp264_fu_6846_p2                         |     |        | tmp264           | add  | fabric    | 0       |
|    tmp297_fu_6856_p2                         |     |        | tmp297           | add  | fabric    | 0       |
|    tmp269_fu_2695_p2                         |     |        | tmp269           | add  | fabric    | 0       |
|    tmp270_fu_2705_p2                         |     |        | tmp270           | add  | fabric    | 0       |
|    am_addmul_17s_17s_7ns_25_4_1_U35          | 1   |        | tmp301           | add  | dsp_slice | 3       |
|    am_addmul_17s_17s_7ns_25_4_1_U35          | 1   |        | tmp301_cast      | sext | dsp_slice | 3       |
|    am_addmul_17s_17s_7ns_25_4_1_U35          | 1   |        | tmp302           | mul  | dsp_slice | 3       |
|    tmp275_fu_2730_p2                         |     |        | tmp275           | add  | fabric    | 0       |
|    am_addmul_17s_16s_10s_26_4_1_U42          | 1   |        | tmp304           | add  | dsp_slice | 3       |
|    am_addmul_17s_16s_10s_26_4_1_U42          | 1   |        | tmp304_cast      | sext | dsp_slice | 3       |
|    am_addmul_17s_16s_10s_26_4_1_U42          | 1   |        | tmp305           | mul  | dsp_slice | 3       |
|    am_addmul_16s_16s_14ns_31_4_1_U5          | 1   |        | tmp306           | add  | dsp_slice | 3       |
|    am_addmul_16s_16s_14ns_31_4_1_U5          | 1   |        | tmp306_cast      | sext | dsp_slice | 3       |
|    am_addmul_16s_16s_14ns_31_4_1_U5          | 1   |        | tmp307           | mul  | dsp_slice | 3       |
|    ama_addmuladd_16s_16s_13ns_31s_32_4_1_U11 | 1   |        | tmp308           | add  | dsp_slice | 3       |
|    ama_addmuladd_16s_16s_13ns_31s_32_4_1_U11 | 1   |        | tmp308_cast      | sext | dsp_slice | 3       |
|    ama_addmuladd_16s_16s_13ns_31s_32_4_1_U11 | 1   |        | tmp309           | mul  | dsp_slice | 3       |
|    ama_addmuladd_16s_16s_13ns_31s_32_4_1_U11 | 1   |        | tmp309_cast      | sext | dsp_slice | 3       |
|    ama_addmuladd_16s_16s_13ns_31s_31_4_1_U6  | 1   |        | tmp310           | add  | dsp_slice | 3       |
|    ama_addmuladd_16s_16s_13ns_31s_31_4_1_U6  | 1   |        | tmp310_cast      | sext | dsp_slice | 3       |
|    ama_addmuladd_16s_16s_13ns_31s_31_4_1_U6  | 1   |        | tmp311           | mul  | dsp_slice | 3       |
|    am_addmul_16s_16s_13ns_31_4_1_U8          | 1   |        | tmp312           | add  | dsp_slice | 3       |
|    am_addmul_16s_16s_13ns_31_4_1_U8          | 1   |        | tmp312_cast      | sext | dsp_slice | 3       |
|    am_addmul_16s_16s_13ns_31_4_1_U8          | 1   |        | tmp313           | mul  | dsp_slice | 3       |
|    ama_addmuladd_16s_16s_13ns_31s_31_4_1_U12 | 1   |        | tmp314           | add  | dsp_slice | 3       |
|    ama_addmuladd_16s_16s_13ns_31s_31_4_1_U12 | 1   |        | tmp314_cast      | sext | dsp_slice | 3       |
|    ama_addmuladd_16s_16s_13ns_31s_31_4_1_U12 | 1   |        | tmp315           | mul  | dsp_slice | 3       |
|    am_addmul_16s_16s_12ns_30_4_1_U7          | 1   |        | tmp316           | add  | dsp_slice | 3       |
|    am_addmul_16s_16s_12ns_30_4_1_U7          | 1   |        | tmp316_cast      | sext | dsp_slice | 3       |
|    am_addmul_16s_16s_12ns_30_4_1_U7          | 1   |        | tmp317           | mul  | dsp_slice | 3       |
|    ama_addmuladd_16s_16s_11ns_30s_30_4_1_U13 | 1   |        | tmp318           | add  | dsp_slice | 3       |
|    ama_addmuladd_16s_16s_11ns_30s_30_4_1_U13 | 1   |        | tmp318_cast      | sext | dsp_slice | 3       |
|    ama_addmuladd_16s_16s_11ns_30s_30_4_1_U13 | 1   |        | tmp319           | mul  | dsp_slice | 3       |
|    ama_addmuladd_16s_16s_11ns_30s_30_4_1_U13 | 1   |        | tmp319_cast      | sext | dsp_slice | 3       |
|    am_addmul_16s_16s_9ns_27_4_1_U9           | 1   |        | tmp320           | add  | dsp_slice | 3       |
|    am_addmul_16s_16s_9ns_27_4_1_U9           | 1   |        | tmp320_cast      | sext | dsp_slice | 3       |
|    am_addmul_16s_16s_9ns_27_4_1_U9           | 1   |        | tmp321           | mul  | dsp_slice | 3       |
|    ama_addmuladd_16s_16s_11s_27s_27_4_1_U16  | 1   |        | tmp322           | add  | dsp_slice | 3       |
|    ama_addmuladd_16s_16s_11s_27s_27_4_1_U16  | 1   |        | tmp322_cast      | sext | dsp_slice | 3       |
|    ama_addmuladd_16s_16s_11s_27s_27_4_1_U16  | 1   |        | tmp323           | mul  | dsp_slice | 3       |
|    am_addmul_16s_16s_12s_29_4_1_U10          | 1   |        | tmp324           | add  | dsp_slice | 3       |
|    am_addmul_16s_16s_12s_29_4_1_U10          | 1   |        | tmp324_cast      | sext | dsp_slice | 3       |
|    am_addmul_16s_16s_12s_29_4_1_U10          | 1   |        | tmp325           | mul  | dsp_slice | 3       |
|    ama_addmuladd_16s_16s_12s_29s_29_4_1_U17  | 1   |        | tmp326           | add  | dsp_slice | 3       |
|    ama_addmuladd_16s_16s_12s_29s_29_4_1_U17  | 1   |        | tmp326_cast      | sext | dsp_slice | 3       |
|    ama_addmuladd_16s_16s_12s_29s_29_4_1_U17  | 1   |        | tmp327           | mul  | dsp_slice | 3       |
|    am_addmul_16s_16s_12s_29_4_1_U14          | 1   |        | tmp328           | add  | dsp_slice | 3       |
|    am_addmul_16s_16s_12s_29_4_1_U14          | 1   |        | tmp328_cast      | sext | dsp_slice | 3       |
|    am_addmul_16s_16s_12s_29_4_1_U14          | 1   |        | tmp329           | mul  | dsp_slice | 3       |
|    ama_addmuladd_16s_16s_12s_29s_29_4_1_U19  | 1   |        | tmp330           | add  | dsp_slice | 3       |
|    ama_addmuladd_16s_16s_12s_29s_29_4_1_U19  | 1   |        | tmp330_cast      | sext | dsp_slice | 3       |
|    ama_addmuladd_16s_16s_12s_29s_29_4_1_U19  | 1   |        | tmp331           | mul  | dsp_slice | 3       |
|    am_addmul_16s_16s_12s_28_4_1_U15          | 1   |        | tmp332           | add  | dsp_slice | 3       |
|    am_addmul_16s_16s_12s_28_4_1_U15          | 1   |        | tmp332_cast      | sext | dsp_slice | 3       |
|    am_addmul_16s_16s_12s_28_4_1_U15          | 1   |        | tmp333           | mul  | dsp_slice | 3       |
|    ama_addmuladd_16s_16s_11s_28s_28_4_1_U20  | 1   |        | tmp334           | add  | dsp_slice | 3       |
|    ama_addmuladd_16s_16s_11s_28s_28_4_1_U20  | 1   |        | tmp334_cast      | sext | dsp_slice | 3       |
|    ama_addmuladd_16s_16s_11s_28s_28_4_1_U20  | 1   |        | tmp335           | mul  | dsp_slice | 3       |
|    tmp336_fu_6206_p2                         |     |        | tmp336           | add  | fabric    | 0       |
|    tmp337_fu_6224_p2                         |     |        | tmp337           | sub  | fabric    | 0       |
|    ama_addmuladd_16s_16s_9ns_28s_28_4_1_U80  | 1   |        | tmp338           | add  | dsp_slice | 3       |
|    ama_addmuladd_16s_16s_9ns_28s_28_4_1_U80  | 1   |        | tmp338_cast      | sext | dsp_slice | 3       |
|    ama_addmuladd_16s_16s_9ns_28s_28_4_1_U80  | 1   |        | tmp339           | mul  | dsp_slice | 3       |
|    ama_addmuladd_16s_16s_9ns_28s_28_4_1_U80  | 1   |        | tmp339_cast      | sext | dsp_slice | 3       |
|    am_addmul_16s_16s_10ns_28_4_1_U18         | 1   |        | tmp340           | add  | dsp_slice | 3       |
|    am_addmul_16s_16s_10ns_28_4_1_U18         | 1   |        | tmp340_cast      | sext | dsp_slice | 3       |
|    am_addmul_16s_16s_10ns_28_4_1_U18         | 1   |        | tmp341           | mul  | dsp_slice | 3       |
|    ama_addmuladd_16s_16s_11ns_28s_29_4_1_U47 | 1   |        | tmp342           | add  | dsp_slice | 3       |
|    ama_addmuladd_16s_16s_11ns_28s_29_4_1_U47 | 1   |        | tmp342_cast      | sext | dsp_slice | 3       |
|    ama_addmuladd_16s_16s_11ns_28s_29_4_1_U47 | 1   |        | tmp343           | mul  | dsp_slice | 3       |
|    tmp344_fu_3224_p2                         |     |        | tmp344           | add  | fabric    | 0       |
|    grp_fu_7617_p30                           |     |        | tmp345           | add  | fabric    | 0       |
|    am_addmul_16s_16s_10ns_28_4_1_U46         | 1   |        | tmp346           | add  | dsp_slice | 3       |
|    am_addmul_16s_16s_10ns_28_4_1_U46         | 1   |        | tmp346_cast      | sext | dsp_slice | 3       |
|    am_addmul_16s_16s_10ns_28_4_1_U46         | 1   |        | tmp347           | mul  | dsp_slice | 3       |
|    ama_addmuladd_16s_16s_10ns_28s_28_4_1_U48 | 1   |        | tmp348           | add  | dsp_slice | 3       |
|    ama_addmuladd_16s_16s_10ns_28s_28_4_1_U48 | 1   |        | tmp348_cast      | sext | dsp_slice | 3       |
|    ama_addmuladd_16s_16s_10ns_28s_28_4_1_U48 | 1   |        | tmp349           | mul  | dsp_slice | 3       |
|    am_addmul_16s_16s_9ns_27_4_1_U21          | 1   |        | tmp350           | add  | dsp_slice | 3       |
|    am_addmul_16s_16s_9ns_27_4_1_U21          | 1   |        | tmp350_cast      | sext | dsp_slice | 3       |
|    am_addmul_16s_16s_9ns_27_4_1_U21          | 1   |        | tmp351           | mul  | dsp_slice | 3       |
|    ama_addmuladd_16s_16s_10s_27s_27_4_1_U49  | 1   |        | tmp352           | add  | dsp_slice | 3       |
|    ama_addmuladd_16s_16s_10s_27s_27_4_1_U49  | 1   |        | tmp352_cast      | sext | dsp_slice | 3       |
|    ama_addmuladd_16s_16s_10s_27s_27_4_1_U49  | 1   |        | tmp353           | mul  | dsp_slice | 3       |
|    am_addmul_16s_16s_11s_28_4_1_U22          | 1   |        | tmp354           | add  | dsp_slice | 3       |
|    am_addmul_16s_16s_11s_28_4_1_U22          | 1   |        | tmp354_cast      | sext | dsp_slice | 3       |
|    am_addmul_16s_16s_11s_28_4_1_U22          | 1   |        | tmp355           | mul  | dsp_slice | 3       |
|    ama_addmuladd_16s_16s_11s_28s_28_4_1_U24  | 1   |        | tmp356           | add  | dsp_slice | 3       |
|    ama_addmuladd_16s_16s_11s_28s_28_4_1_U24  | 1   |        | tmp356_cast      | sext | dsp_slice | 3       |
|    ama_addmuladd_16s_16s_11s_28s_28_4_1_U24  | 1   |        | tmp357           | mul  | dsp_slice | 3       |
|    am_addmul_16s_16s_11s_28_4_1_U23          | 1   |        | tmp358           | add  | dsp_slice | 3       |
|    am_addmul_16s_16s_11s_28_4_1_U23          | 1   |        | tmp358_cast      | sext | dsp_slice | 3       |
|    am_addmul_16s_16s_11s_28_4_1_U23          | 1   |        | tmp359           | mul  | dsp_slice | 3       |
|    ama_addmuladd_16s_16s_11s_28s_28_4_1_U50  | 1   |        | tmp360           | add  | dsp_slice | 3       |
|    ama_addmuladd_16s_16s_11s_28s_28_4_1_U50  | 1   |        | tmp360_cast      | sext | dsp_slice | 3       |
|    ama_addmuladd_16s_16s_11s_28s_28_4_1_U50  | 1   |        | tmp361           | mul  | dsp_slice | 3       |
|    ama_addmuladd_16s_16s_10s_26s_27_4_1_U51  | 1   |        | tmp362           | add  | dsp_slice | 3       |
|    ama_addmuladd_16s_16s_10s_26s_27_4_1_U51  | 1   |        | tmp362_cast      | sext | dsp_slice | 3       |
|    ama_addmuladd_16s_16s_10s_26s_27_4_1_U51  | 1   |        | tmp363           | mul  | dsp_slice | 3       |
|    tmp364_fu_3260_p2                         |     |        | tmp364           | add  | fabric    | 0       |
|    tmp366_fu_6234_p2                         |     |        | tmp366           | add  | fabric    | 0       |
|    tmp367_fu_6264_p2                         |     |        | tmp367           | sub  | fabric    | 0       |
|    ama_addmuladd_16s_16s_9ns_27s_27_4_1_U81  | 1   |        | tmp368           | add  | dsp_slice | 3       |
|    ama_addmuladd_16s_16s_9ns_27s_27_4_1_U81  | 1   |        | tmp368_cast      | sext | dsp_slice | 3       |
|    ama_addmuladd_16s_16s_9ns_27s_27_4_1_U81  | 1   |        | tmp369           | mul  | dsp_slice | 3       |
|    tmp370_fu_6154_p2                         |     |        | tmp370           | add  | fabric    | 0       |
|    grp_fu_7979_p3                            |     |        | tmp371           | sub  | fabric    | 0       |
|    tmp372_fu_3365_p2                         |     |        | tmp372           | add  | fabric    | 0       |
|    grp_fu_7670_p30                           |     |        | tmp373           | add  | fabric    | 0       |
|    ama_addmuladd_16s_16s_10ns_27s_28_4_1_U52 | 1   |        | tmp374           | add  | dsp_slice | 3       |
|    ama_addmuladd_16s_16s_10ns_27s_28_4_1_U52 | 1   |        | tmp374_cast      | sext | dsp_slice | 3       |
|    ama_addmuladd_16s_16s_10ns_27s_28_4_1_U52 | 1   |        | tmp375           | mul  | dsp_slice | 3       |
|    ama_addmuladd_16s_16s_9ns_26s_27_4_1_U53  | 1   |        | tmp376           | add  | dsp_slice | 3       |
|    ama_addmuladd_16s_16s_9ns_26s_27_4_1_U53  | 1   |        | tmp376_cast      | sext | dsp_slice | 3       |
|    ama_addmuladd_16s_16s_9ns_26s_27_4_1_U53  | 1   |        | tmp377           | mul  | dsp_slice | 3       |
|    tmp378_fu_3401_p2                         |     |        | tmp378           | add  | fabric    | 0       |
|    grp_fu_7681_p30                           |     |        | tmp379           | add  | fabric    | 0       |
|    am_addmul_16s_16s_10s_27_4_1_U27          | 1   |        | tmp380           | add  | dsp_slice | 3       |
|    am_addmul_16s_16s_10s_27_4_1_U27          | 1   |        | tmp380_cast      | sext | dsp_slice | 3       |
|    am_addmul_16s_16s_10s_27_4_1_U27          | 1   |        | tmp381           | mul  | dsp_slice | 3       |
|    ama_addmuladd_16s_16s_10s_27s_27_4_1_U28  | 1   |        | tmp382           | add  | dsp_slice | 3       |
|    ama_addmuladd_16s_16s_10s_27s_27_4_1_U28  | 1   |        | tmp382_cast      | sext | dsp_slice | 3       |
|    ama_addmuladd_16s_16s_10s_27s_27_4_1_U28  | 1   |        | tmp383           | mul  | dsp_slice | 3       |
|    am_addmul_16s_16s_10s_27_4_1_U26          | 1   |        | tmp384           | add  | dsp_slice | 3       |
|    am_addmul_16s_16s_10s_27_4_1_U26          | 1   |        | tmp384_cast      | sext | dsp_slice | 3       |
|    am_addmul_16s_16s_10s_27_4_1_U26          | 1   |        | tmp385           | mul  | dsp_slice | 3       |
|    ama_addmuladd_16s_16s_10s_27s_27_4_1_U29  | 1   |        | tmp386           | add  | dsp_slice | 3       |
|    ama_addmuladd_16s_16s_10s_27s_27_4_1_U29  | 1   |        | tmp386_cast      | sext | dsp_slice | 3       |
|    ama_addmuladd_16s_16s_10s_27s_27_4_1_U29  | 1   |        | tmp387           | mul  | dsp_slice | 3       |
|    tmp388_fu_3444_p2                         |     |        | tmp388           | add  | fabric    | 0       |
|    grp_fu_7692_p30                           |     |        | tmp389           | add  | fabric    | 0       |
|    ama_addmuladd_16s_16s_9ns_26s_27_4_1_U54  | 1   |        | tmp390           | add  | dsp_slice | 3       |
|    ama_addmuladd_16s_16s_9ns_26s_27_4_1_U54  | 1   |        | tmp390_cast      | sext | dsp_slice | 3       |
|    ama_addmuladd_16s_16s_9ns_26s_27_4_1_U54  | 1   |        | tmp391           | mul  | dsp_slice | 3       |
|    am_addmul_16s_16s_9ns_27_4_1_U30          | 1   |        | tmp392           | add  | dsp_slice | 3       |
|    am_addmul_16s_16s_9ns_27_4_1_U30          | 1   |        | tmp392_cast      | sext | dsp_slice | 3       |
|    am_addmul_16s_16s_9ns_27_4_1_U30          | 1   |        | tmp393           | mul  | dsp_slice | 3       |
|    ama_addmuladd_16s_16s_9ns_27s_27_4_1_U31  | 1   |        | tmp394           | add  | dsp_slice | 3       |
|    ama_addmuladd_16s_16s_9ns_27s_27_4_1_U31  | 1   |        | tmp394_cast      | sext | dsp_slice | 3       |
|    ama_addmuladd_16s_16s_9ns_27s_27_4_1_U31  | 1   |        | tmp395           | mul  | dsp_slice | 3       |
|    ama_addmuladd_16s_16s_7ns_28s_28_4_1_U45  | 1   |        | tmp396           | add  | dsp_slice | 3       |
|    ama_addmuladd_16s_16s_7ns_28s_28_4_1_U45  | 1   |        | tmp396_cast      | sext | dsp_slice | 3       |
|    ama_addmuladd_16s_16s_7ns_28s_28_4_1_U45  | 1   |        | tmp397           | mul  | dsp_slice | 3       |
|    ama_addmuladd_16s_16s_7ns_28s_28_4_1_U45  | 1   |        | tmp397_cast      | sext | dsp_slice | 3       |
|    ama_addmuladd_16s_16s_9s_27s_28_4_1_U44   | 1   |        | tmp398           | add  | dsp_slice | 3       |
|    ama_addmuladd_16s_16s_9s_27s_28_4_1_U44   | 1   |        | tmp398_cast      | sext | dsp_slice | 3       |
|    ama_addmuladd_16s_16s_9s_27s_28_4_1_U44   | 1   |        | tmp399           | mul  | dsp_slice | 3       |
|    ama_addmuladd_16s_16s_9s_27s_28_4_1_U44   | 1   |        | tmp399_cast      | sext | dsp_slice | 3       |
|    am_addmul_16s_16s_10s_26_4_1_U37          | 1   |        | tmp400           | add  | dsp_slice | 3       |
|    am_addmul_16s_16s_10s_26_4_1_U37          | 1   |        | tmp400_cast      | sext | dsp_slice | 3       |
|    am_addmul_16s_16s_10s_26_4_1_U37          | 1   |        | tmp401           | mul  | dsp_slice | 3       |
|    ama_addmuladd_16s_16s_8ns_26s_26_4_1_U39  | 1   |        | tmp402           | add  | dsp_slice | 3       |
|    ama_addmuladd_16s_16s_8ns_26s_26_4_1_U39  | 1   |        | tmp402_cast      | sext | dsp_slice | 3       |
|    ama_addmuladd_16s_16s_8ns_26s_26_4_1_U39  | 1   |        | tmp403           | mul  | dsp_slice | 3       |
|    ama_addmuladd_16s_16s_9ns_27s_27_4_1_U55  | 1   |        | tmp404           | add  | dsp_slice | 3       |
|    ama_addmuladd_16s_16s_9ns_27s_27_4_1_U55  | 1   |        | tmp404_cast      | sext | dsp_slice | 3       |
|    ama_addmuladd_16s_16s_9ns_27s_27_4_1_U55  | 1   |        | tmp405           | mul  | dsp_slice | 3       |
|    ama_addmuladd_16s_16s_8ns_27s_27_4_1_U57  | 1   |        | tmp406           | add  | dsp_slice | 3       |
|    ama_addmuladd_16s_16s_8ns_27s_27_4_1_U57  | 1   |        | tmp406_cast      | sext | dsp_slice | 3       |
|    ama_addmuladd_16s_16s_8ns_27s_27_4_1_U57  | 1   |        | tmp407           | mul  | dsp_slice | 3       |
|    ama_addmuladd_16s_16s_8ns_27s_27_4_1_U57  | 1   |        | tmp407_cast      | sext | dsp_slice | 3       |
|    tmp408_fu_3778_p2                         |     |        | tmp408           | add  | fabric    | 0       |
|    grp_fu_7736_p30                           |     |        | tmp409           | add  | fabric    | 0       |
|    ama_addmuladd_16s_16s_9s_25s_26_4_1_U58   | 1   |        | tmp410           | add  | dsp_slice | 3       |
|    ama_addmuladd_16s_16s_9s_25s_26_4_1_U58   | 1   |        | tmp410_cast      | sext | dsp_slice | 3       |
|    ama_addmuladd_16s_16s_9s_25s_26_4_1_U58   | 1   |        | tmp411           | mul  | dsp_slice | 3       |
|    am_addmul_16s_16s_9s_26_4_1_U32           | 1   |        | tmp412           | add  | dsp_slice | 3       |
|    am_addmul_16s_16s_9s_26_4_1_U32           | 1   |        | tmp412_cast      | sext | dsp_slice | 3       |
|    am_addmul_16s_16s_9s_26_4_1_U32           | 1   |        | tmp413           | mul  | dsp_slice | 3       |
|    ama_addmuladd_16s_16s_9s_26s_26_4_1_U33   | 1   |        | tmp414           | add  | dsp_slice | 3       |
|    ama_addmuladd_16s_16s_9s_26s_26_4_1_U33   | 1   |        | tmp414_cast      | sext | dsp_slice | 3       |
|    ama_addmuladd_16s_16s_9s_26s_26_4_1_U33   | 1   |        | tmp415           | mul  | dsp_slice | 3       |
|    tmp416_fu_3814_p2                         |     |        | tmp416           | add  | fabric    | 0       |
|    tmp417_fu_3844_p2                         |     |        | tmp417           | sub  | fabric    | 0       |
|    ama_addmuladd_16s_16s_8ns_26s_27_4_1_U59  | 1   |        | tmp418           | add  | dsp_slice | 3       |
|    ama_addmuladd_16s_16s_8ns_26s_27_4_1_U59  | 1   |        | tmp418_cast      | sext | dsp_slice | 3       |
|    ama_addmuladd_16s_16s_8ns_26s_27_4_1_U59  | 1   |        | tmp419           | mul  | dsp_slice | 3       |
|    ama_addmuladd_16s_16s_8ns_26s_27_4_1_U59  | 1   |        | tmp419_cast      | sext | dsp_slice | 3       |
|    am_addmul_16s_16s_8ns_26_4_1_U3           | 1   |        | tmp420           | add  | dsp_slice | 3       |
|    am_addmul_16s_16s_8ns_26_4_1_U3           | 1   |        | tmp420_cast      | sext | dsp_slice | 3       |
|    am_addmul_16s_16s_8ns_26_4_1_U3           | 1   |        | tmp421           | mul  | dsp_slice | 3       |
|    ama_addmuladd_16s_16s_8ns_26s_26_4_1_U4   | 1   |        | tmp422           | add  | dsp_slice | 3       |
|    ama_addmuladd_16s_16s_8ns_26s_26_4_1_U4   | 1   |        | tmp422_cast      | sext | dsp_slice | 3       |
|    ama_addmuladd_16s_16s_8ns_26s_26_4_1_U4   | 1   |        | tmp423           | mul  | dsp_slice | 3       |
|    ama_addmuladd_16s_16s_8ns_24s_25_4_1_U60  | 1   |        | tmp424           | add  | dsp_slice | 3       |
|    ama_addmuladd_16s_16s_8ns_24s_25_4_1_U60  | 1   |        | tmp424_cast      | sext | dsp_slice | 3       |
|    ama_addmuladd_16s_16s_8ns_24s_25_4_1_U60  | 1   |        | tmp425           | mul  | dsp_slice | 3       |
|    tmp426_fu_4062_p2                         |     |        | tmp426           | add  | fabric    | 0       |
|    tmp427_fu_4092_p2                         |     |        | tmp427           | sub  | fabric    | 0       |
|    am_addmul_16s_16s_9s_26_4_1_U34           | 1   |        | tmp428           | add  | dsp_slice | 3       |
|    am_addmul_16s_16s_9s_26_4_1_U34           | 1   |        | tmp428_cast      | sext | dsp_slice | 3       |
|    am_addmul_16s_16s_9s_26_4_1_U34           | 1   |        | tmp429           | mul  | dsp_slice | 3       |
|    ama_addmuladd_16s_16s_8s_26s_26_4_1_U61   | 1   |        | tmp430           | add  | dsp_slice | 3       |
|    ama_addmuladd_16s_16s_8s_26s_26_4_1_U61   | 1   |        | tmp430_cast      | sext | dsp_slice | 3       |
|    ama_addmuladd_16s_16s_8s_26s_26_4_1_U61   | 1   |        | tmp431           | mul  | dsp_slice | 3       |
|    ama_addmuladd_16s_16s_8s_26s_26_4_1_U61   | 1   |        | tmp431_cast      | sext | dsp_slice | 3       |
|    ama_addmuladd_16s_16s_8ns_26s_26_4_1_U62  | 1   |        | tmp432           | add  | dsp_slice | 3       |
|    ama_addmuladd_16s_16s_8ns_26s_26_4_1_U62  | 1   |        | tmp432_cast      | sext | dsp_slice | 3       |
|    ama_addmuladd_16s_16s_8ns_26s_26_4_1_U62  | 1   |        | tmp433           | mul  | dsp_slice | 3       |
|    tmp434_fu_4312_p2                         |     |        | tmp434           | add  | fabric    | 0       |
|    ama_addmuladd_16s_16s_9s_26s_26_4_1_U64   | 1   |        | tmp436           | add  | dsp_slice | 3       |
|    ama_addmuladd_16s_16s_9s_26s_26_4_1_U64   | 1   |        | tmp436_cast      | sext | dsp_slice | 3       |
|    ama_addmuladd_16s_16s_9s_26s_26_4_1_U64   | 1   |        | tmp437           | mul  | dsp_slice | 3       |
|    ama_addmuladd_16s_16s_8s_26s_26_4_1_U40   | 1   |        | tmp438           | add  | dsp_slice | 3       |
|    ama_addmuladd_16s_16s_8s_26s_26_4_1_U40   | 1   |        | tmp438_cast      | sext | dsp_slice | 3       |
|    ama_addmuladd_16s_16s_8s_26s_26_4_1_U40   | 1   |        | tmp439           | mul  | dsp_slice | 3       |
|    ama_addmuladd_16s_16s_8s_26s_26_4_1_U40   | 1   |        | tmp439_cast      | sext | dsp_slice | 3       |
|    ama_addmuladd_16s_16s_7ns_26s_26_4_1_U38  | 1   |        | tmp440           | add  | dsp_slice | 3       |
|    ama_addmuladd_16s_16s_7ns_26s_26_4_1_U38  | 1   |        | tmp440_cast      | sext | dsp_slice | 3       |
|    ama_addmuladd_16s_16s_7ns_26s_26_4_1_U38  | 1   |        | tmp441           | mul  | dsp_slice | 3       |
|    ama_addmuladd_16s_16s_7ns_26s_26_4_1_U38  | 1   |        | tmp441_cast      | sext | dsp_slice | 3       |
|    tmp442_fu_4484_p2                         |     |        | tmp442           | add  | fabric    | 0       |
|    tmp443_fu_4514_p2                         |     |        | tmp443           | sub  | fabric    | 0       |
|    ama_addmuladd_16s_16s_8s_22s_24_4_1_U66   | 1   |        | tmp444           | add  | dsp_slice | 3       |
|    ama_addmuladd_16s_16s_8s_22s_24_4_1_U66   | 1   |        | tmp444_cast      | sext | dsp_slice | 3       |
|    ama_addmuladd_16s_16s_8s_22s_24_4_1_U66   | 1   |        | tmp445           | mul  | dsp_slice | 3       |
|    tmp446_fu_4740_p2                         |     |        | tmp446           | add  | fabric    | 0       |
|    tmp447_fu_4770_p2                         |     |        | tmp447           | sub  | fabric    | 0       |
|    ama_addmuladd_16s_16s_7ns_21s_24_4_1_U70  | 1   |        | tmp448           | add  | dsp_slice | 3       |
|    ama_addmuladd_16s_16s_7ns_21s_24_4_1_U70  | 1   |        | tmp448_cast      | sext | dsp_slice | 3       |
|    ama_addmuladd_16s_16s_7ns_21s_24_4_1_U70  | 1   |        | tmp449           | mul  | dsp_slice | 3       |
|    ama_addmuladd_16s_16s_6ns_24s_25_4_1_U75  | 1   |        | tmp450           | add  | dsp_slice | 3       |
|    ama_addmuladd_16s_16s_6ns_24s_25_4_1_U75  | 1   |        | tmp450_cast      | sext | dsp_slice | 3       |
|    ama_addmuladd_16s_16s_6ns_24s_25_4_1_U75  | 1   |        | tmp451           | mul  | dsp_slice | 3       |
|    ama_addmuladd_16s_16s_6ns_24s_25_4_1_U75  | 1   |        | tmp451_cast785   | sext | dsp_slice | 3       |
|    ama_addmuladd_16s_16s_7ns_25s_25_4_1_U36  | 1   |        | tmp452           | add  | dsp_slice | 3       |
|    ama_addmuladd_16s_16s_7ns_25s_25_4_1_U36  | 1   |        | tmp452_cast      | sext | dsp_slice | 3       |
|    ama_addmuladd_16s_16s_7ns_25s_25_4_1_U36  | 1   |        | tmp453           | mul  | dsp_slice | 3       |
|    ama_addmuladd_16s_16s_13ns_31s_31_4_1_U6  | 1   |        | add_ln26         | add  | dsp_slice | 3       |
|    ama_addmuladd_16s_16s_13ns_31s_32_4_1_U11 | 1   |        | add_ln26_1       | add  | dsp_slice | 3       |
|    ama_addmuladd_16s_16s_13ns_31s_31_4_1_U12 | 1   |        | add_ln26_2       | add  | dsp_slice | 3       |
|    ama_addmuladd_16s_16s_11ns_30s_30_4_1_U13 | 1   |        | add_ln26_3       | add  | dsp_slice | 3       |
|    add_ln26_4_fu_2495_p2                     |     |        | add_ln26_4       | add  | fabric    | 0       |
|    add_ln26_5_fu_2504_p2                     |     |        | add_ln26_5       | add  | fabric    | 0       |
|    ama_addmuladd_16s_16s_11s_27s_27_4_1_U16  | 1   |        | add_ln26_6       | add  | dsp_slice | 3       |
|    ama_addmuladd_16s_16s_12s_29s_29_4_1_U17  | 1   |        | add_ln26_7       | add  | dsp_slice | 3       |
|    add_ln26_8_fu_2523_p2                     |     |        | add_ln26_8       | add  | fabric    | 0       |
|    ama_addmuladd_16s_16s_12s_29s_29_4_1_U19  | 1   |        | add_ln26_9       | add  | dsp_slice | 3       |
|    ama_addmuladd_16s_16s_11s_28s_28_4_1_U20  | 1   |        | add_ln26_10      | add  | dsp_slice | 3       |
|    add_ln26_11_fu_2545_p2                    |     |        | add_ln26_11      | add  | fabric    | 0       |
|    add_ln26_12_fu_2555_p2                    |     |        | add_ln26_12      | add  | fabric    | 0       |
|    ama_addmuladd_16s_16s_9ns_28s_28_4_1_U80  | 1   |        | add_ln26_14      | add  | dsp_slice | 3       |
|    add_ln26_15_fu_6282_p2                    |     |        | add_ln26_15      | add  | fabric    | 0       |
|    ama_addmuladd_16s_16s_11ns_28s_29_4_1_U47 | 1   |        | add_ln26_16      | add  | dsp_slice | 3       |
|    ama_addmuladd_16s_16s_10ns_28s_28_4_1_U48 | 1   |        | add_ln26_17      | add  | dsp_slice | 3       |
|    add_ln26_18_fu_3316_p2                    |     |        | add_ln26_18      | add  | fabric    | 0       |
|    add_ln26_19_fu_6294_p2                    |     |        | add_ln26_19      | add  | fabric    | 0       |
|    ama_addmuladd_16s_16s_10s_27s_27_4_1_U49  | 1   |        | add_ln26_20      | add  | dsp_slice | 3       |
|    ama_addmuladd_16s_16s_11s_28s_28_4_1_U24  | 1   |        | add_ln26_21      | add  | dsp_slice | 3       |
|    ama_addmuladd_16s_16s_11s_28s_28_4_1_U50  | 1   |        | add_ln26_23      | add  | dsp_slice | 3       |
|    ama_addmuladd_16s_16s_10s_26s_27_4_1_U51  | 1   |        | add_ln26_24      | add  | dsp_slice | 3       |
|    add_ln26_25_fu_3336_p2                    |     |        | add_ln26_25      | add  | fabric    | 0       |
|    add_ln26_27_fu_6307_p2                    |     |        | add_ln26_27      | add  | fabric    | 0       |
|    ama_addmuladd_16s_16s_9ns_27s_27_4_1_U81  | 1   |        | add_ln26_29      | add  | dsp_slice | 3       |
|    add_ln26_30_fu_6323_p2                    |     |        | add_ln26_30      | add  | fabric    | 0       |
|    ama_addmuladd_16s_16s_10ns_27s_28_4_1_U52 | 1   |        | add_ln26_31      | add  | dsp_slice | 3       |
|    ama_addmuladd_16s_16s_9ns_26s_27_4_1_U53  | 1   |        | add_ln26_32      | add  | dsp_slice | 3       |
|    add_ln26_33_fu_3483_p2                    |     |        | add_ln26_33      | add  | fabric    | 0       |
|    add_ln26_34_fu_6335_p2                    |     |        | add_ln26_34      | add  | fabric    | 0       |
|    ama_addmuladd_16s_16s_10s_27s_27_4_1_U28  | 1   |        | add_ln26_35      | add  | dsp_slice | 3       |
|    ama_addmuladd_16s_16s_10s_27s_27_4_1_U29  | 1   |        | add_ln26_36      | add  | dsp_slice | 3       |
|    add_ln26_37_fu_2649_p2                    |     |        | add_ln26_37      | add  | fabric    | 0       |
|    ama_addmuladd_16s_16s_9ns_26s_27_4_1_U54  | 1   |        | add_ln26_38      | add  | dsp_slice | 3       |
|    ama_addmuladd_16s_16s_9ns_27s_27_4_1_U31  | 1   |        | add_ln26_39      | add  | dsp_slice | 3       |
|    add_ln26_40_fu_3505_p2                    |     |        | add_ln26_40      | add  | fabric    | 0       |
|    add_ln26_41_fu_3515_p2                    |     |        | add_ln26_41      | add  | fabric    | 0       |
|    add_ln26_42_fu_6348_p2                    |     |        | add_ln26_42      | add  | fabric    | 0       |
|    ama_addmuladd_16s_16s_9s_27s_28_4_1_U44   | 1   |        | add_ln26_43      | add  | dsp_slice | 3       |
|    ama_addmuladd_16s_16s_7ns_28s_28_4_1_U45  | 1   |        | add_ln26_44      | add  | dsp_slice | 3       |
|    ama_addmuladd_16s_16s_8ns_26s_26_4_1_U39  | 1   |        | add_ln26_45      | add  | dsp_slice | 3       |
|    ama_addmuladd_16s_16s_9ns_27s_27_4_1_U55  | 1   |        | add_ln26_46      | add  | dsp_slice | 3       |
|    add_ln26_47_fu_3686_p2                    |     |        | add_ln26_47      | add  | fabric    | 0       |
|    add_ln26_48_fu_3696_p2                    |     |        | add_ln26_48      | add  | fabric    | 0       |
|    ama_addmuladd_16s_16s_8ns_27s_27_4_1_U57  | 1   |        | add_ln26_49      | add  | dsp_slice | 3       |
|    ama_addmuladd_16s_16s_9s_25s_26_4_1_U58   | 1   |        | add_ln26_50      | add  | dsp_slice | 3       |
|    add_ln26_51_fu_3944_p2                    |     |        | add_ln26_51      | add  | fabric    | 0       |
|    ama_addmuladd_16s_16s_9s_26s_26_4_1_U33   | 1   |        | add_ln26_52      | add  | dsp_slice | 3       |
|    ama_addmuladd_17s_17s_9s_26s_27_4_1_U56   | 1   |        | add_ln26_53      | add  | dsp_slice | 3       |
|    add_ln26_54_fu_3960_p2                    |     |        | add_ln26_54      | add  | fabric    | 0       |
|    add_ln26_55_fu_3970_p2                    |     |        | add_ln26_55      | add  | fabric    | 0       |
|    add_ln26_56_fu_3980_p2                    |     |        | add_ln26_56      | add  | fabric    | 0       |
|    add_ln26_57_fu_6361_p2                    |     |        | add_ln26_57      | add  | fabric    | 0       |
|    ama_addmuladd_16s_16s_8ns_26s_26_4_1_U4   | 1   |        | add_ln26_59      | add  | dsp_slice | 3       |
|    ama_addmuladd_16s_16s_8ns_26s_27_4_1_U59  | 1   |        | add_ln26_60      | add  | dsp_slice | 3       |
|    ama_addmuladd_16s_16s_8ns_24s_25_4_1_U60  | 1   |        | add_ln26_61      | add  | dsp_slice | 3       |
|    ama_addmuladd_17s_17s_9s_27s_27_4_1_U43   | 1   |        | add_ln26_62      | add  | dsp_slice | 3       |
|    add_ln26_63_fu_4189_p2                    |     |        | add_ln26_63      | add  | fabric    | 0       |
|    add_ln26_64_fu_4198_p2                    |     |        | add_ln26_64      | add  | fabric    | 0       |
|    ama_addmuladd_16s_16s_8s_26s_26_4_1_U61   | 1   |        | add_ln26_65      | add  | dsp_slice | 3       |
|    ama_addmuladd_16s_16s_8ns_26s_26_4_1_U62  | 1   |        | add_ln26_66      | add  | dsp_slice | 3       |
|    add_ln26_67_fu_4277_p2                    |     |        | add_ln26_67      | add  | fabric    | 0       |
|    ama_addmuladd_18s_16s_8ns_26s_27_4_1_U63  | 1   |        | add_ln26_68      | add  | dsp_slice | 3       |
|    ama_addmuladd_16s_16s_9s_26s_26_4_1_U64   | 1   |        | add_ln26_69      | add  | dsp_slice | 3       |
|    add_ln26_70_fu_4363_p2                    |     |        | add_ln26_70      | add  | fabric    | 0       |
|    add_ln26_71_fu_4372_p2                    |     |        | add_ln26_71      | add  | fabric    | 0       |
|    add_ln26_72_fu_4382_p2                    |     |        | add_ln26_72      | add  | fabric    | 0       |
|    ama_addmuladd_16s_16s_7ns_26s_26_4_1_U38  | 1   |        | add_ln26_73      | add  | dsp_slice | 3       |
|    ama_addmuladd_16s_16s_8s_26s_26_4_1_U40   | 1   |        | add_ln26_74      | add  | dsp_slice | 3       |
|    ama_addmuladd_16s_16s_8s_22s_24_4_1_U66   | 1   |        | add_ln26_75      | add  | dsp_slice | 3       |
|    ama_submuladd_19s_16s_7ns_25s_26_4_1_U65  | 1   |        | add_ln26_76      | add  | dsp_slice | 3       |
|    add_ln26_77_fu_4533_p2                    |     |        | add_ln26_77      | add  | fabric    | 0       |
|    add_ln26_78_fu_4543_p2                    |     |        | add_ln26_78      | add  | fabric    | 0       |
|    ama_addmuladd_19s_16s_7ns_26s_27_4_1_U67  | 1   |        | add_ln26_79      | add  | dsp_slice | 3       |
|    ama_addmuladd_17s_18s_7ns_25s_26_4_1_U68  | 1   |        | add_ln26_80      | add  | dsp_slice | 3       |
|    add_ln26_81_fu_4714_p2                    |     |        | add_ln26_81      | add  | fabric    | 0       |
|    ama_addmuladd_17s_17s_8s_24s_25_4_1_U69   | 1   |        | add_ln26_82      | add  | dsp_slice | 3       |
|    ama_addmuladd_16s_16s_7ns_21s_24_4_1_U70  | 1   |        | add_ln26_83      | add  | dsp_slice | 3       |
|    add_ln26_84_fu_4973_p2                    |     |        | add_ln26_84      | add  | fabric    | 0       |
|    add_ln26_85_fu_4983_p2                    |     |        | add_ln26_85      | add  | fabric    | 0       |
|    add_ln26_86_fu_4993_p2                    |     |        | add_ln26_86      | add  | fabric    | 0       |
|    add_ln26_87_fu_5003_p2                    |     |        | add_ln26_87      | add  | fabric    | 0       |
|    ama_addmuladd_17s_17s_7s_24s_25_4_1_U72   | 1   |        | add_ln26_89      | add  | dsp_slice | 3       |
|    ama_addmuladd_19s_16s_6ns_22s_25_4_1_U71  | 1   |        | add_ln26_90      | add  | dsp_slice | 3       |
|    ama_submuladd_18s_16s_6ns_25s_25_4_1_U73  | 1   |        | add_ln26_91      | add  | dsp_slice | 3       |
|    add_ln26_92_fu_5437_p2                    |     |        | add_ln26_92      | add  | fabric    | 0       |
|    add_ln26_93_fu_5447_p2                    |     |        | add_ln26_93      | add  | fabric    | 0       |
|    ama_submuladd_19s_16s_6ns_24s_25_4_1_U79  | 1   |        | add_ln26_94      | add  | dsp_slice | 3       |
|    add_ln26_96_fu_6532_p2                    |     |        | add_ln26_96      | add  | fabric    | 0       |
|    ama_addmuladd_16s_16s_6ns_24s_25_4_1_U75  | 1   |        | add_ln26_97      | add  | dsp_slice | 3       |
|    ama_addmuladd_17s_18s_6ns_24s_25_4_1_U74  | 1   |        | add_ln26_98      | add  | dsp_slice | 3       |
|    add_ln26_99_fu_5932_p2                    |     |        | add_ln26_99      | add  | fabric    | 0       |
|    add_ln26_100_fu_6545_p2                   |     |        | add_ln26_100     | add  | fabric    | 0       |
|    add_ln26_101_fu_6555_p2                   |     |        | add_ln26_101     | add  | fabric    | 0       |
|    ama_submuladd_18s_16s_5ns_24s_24_4_1_U77  | 1   |        | add_ln26_102     | add  | dsp_slice | 3       |
|    ama_submuladd_18s_16s_5ns_25s_25_4_1_U78  | 1   |        | add_ln26_103     | add  | dsp_slice | 3       |
|    add_ln26_106_fu_6924_p2                   |     |        | add_ln26_106     | add  | fabric    | 0       |
|    ama_addmuladd_16s_16s_7ns_25s_25_4_1_U36  | 1   |        | add_ln26_109     | add  | dsp_slice | 3       |
|    ama_addmuladd_18s_18s_7ns_26s_27_4_1_U76  | 1   |        | add_ln26_111     | add  | dsp_slice | 3       |
|    add_ln26_112_fu_2989_p2                   |     |        | add_ln26_112     | add  | fabric    | 0       |
|    add_ln26_113_fu_6057_p2                   |     |        | add_ln26_113     | add  | fabric    | 0       |
|    add_ln26_114_fu_7166_p2                   |     |        | add_ln26_114     | add  | fabric    | 0       |
|    add_ln26_117_fu_7188_p2                   |     |        | add_ln26_117     | add  | fabric    | 0       |
+----------------------------------------------+-----+--------+------------------+------+-----------+---------+


================================================================
== Storage Report
================================================================
+-------------------+---------+------+------+------+--------+--------------+------+---------+------------------+
| Name              | Usage   | Type | BRAM | URAM | Pragma | Variable     | Impl | Latency | Bitwidth, Depth, |
|                   |         |      |      |      |        |              |      |         | Banks            |
+-------------------+---------+------+------+------+--------+--------------+------+---------+------------------+
| + Direct_FIR_HLS  |         |      | 1    | 0    |        |              |      |         |                  |
|  + FIR_filter     |         |      | 1    | 0    |        |              |      |         |                  |
|    H_filter_FIR_U | ram_t2p |      | 1    |      |        | H_filter_FIR | auto | 1       | 16, 392, 1       |
+-------------------+---------+------+------+------+--------+--------------+------+---------+------------------+


================================================================
== Pragma Report
================================================================
* Valid Pragma Syntax
+-----------+-------------------------------+-----------------------------------------+
| Type      | Options                       | Location                                |
+-----------+-------------------------------+-----------------------------------------+
| interface | mode=axis port=input          | FIR_HLS.cpp:7 in direct_fir_hls, input  |
| interface | mode=axis port=output         | FIR_HLS.cpp:8 in direct_fir_hls, output |
| interface | mode=ap_ctrl_none port=return | FIR_HLS.cpp:9 in direct_fir_hls, return |
| pipeline  |                               | FIR_HLS.cpp:16 in fir_filter            |
+-----------+-------------------------------+-----------------------------------------+


