

================================================================
== Vitis HLS Report for 'Direct_FIR_HLS'
================================================================
* Date:           Sun Nov 16 15:52:48 2025

* Version:        2024.2 (Build 5238294 on Nov  8 2024)
* Project:        Direct_FIR_HLS
* Solution:       hls (Vivado IP Flow Target)
* Product family: zynquplus
* Target device:  xck26-sfvc784-2LV-c


================================================================
== Performance Estimates
================================================================
+ Timing: 
    * Summary: 
    +--------+----------+----------+------------+
    |  Clock |  Target  | Estimated| Uncertainty|
    +--------+----------+----------+------------+
    |ap_clk  |  10.00 ns|  7.154 ns|     2.70 ns|
    +--------+----------+----------+------------+

+ Latency: 
    * Summary: 
    +---------+---------+----------+----------+-----+-----+---------+
    |  Latency (cycles) |  Latency (absolute) |  Interval | Pipeline|
    |   min   |   max   |    min   |    max   | min | max |   Type  |
    +---------+---------+----------+----------+-----+-----+---------+
    |      326|      326|  3.260 us|  3.260 us|  327|  327|       no|
    +---------+---------+----------+----------+-----+-----+---------+

    + Detail: 
        * Instance: 
        +----------------------+------------+---------+---------+----------+----------+-----+-----+---------+
        |                      |            |  Latency (cycles) |  Latency (absolute) |  Interval | Pipeline|
        |       Instance       |   Module   |   min   |   max   |    min   |    max   | min | max |   Type  |
        +----------------------+------------+---------+---------+----------+----------+-----+-----+---------+
        |grp_FIR_filter_fu_47  |FIR_filter  |      324|      324|  3.240 us|  3.240 us|  324|  324|       no|
        +----------------------+------------+---------+---------+----------+----------+-----+-----+---------+

        * Loop: 
        N/A



================================================================
== Utilization Estimates
================================================================
* Summary: 
+-----------------+---------+------+--------+--------+-----+
|       Name      | BRAM_18K|  DSP |   FF   |   LUT  | URAM|
+-----------------+---------+------+--------+--------+-----+
|DSP              |        -|     -|       -|       -|    -|
|Expression       |        -|     -|       0|       2|    -|
|FIFO             |        -|     -|       -|       -|    -|
|Instance         |        1|    81|    6112|   14686|    0|
|Memory           |        -|     -|       -|       -|    -|
|Multiplexer      |        -|     -|       0|      38|    -|
|Register         |        -|     -|      20|       -|    -|
+-----------------+---------+------+--------+--------+-----+
|Total            |        1|    81|    6132|   14726|    0|
+-----------------+---------+------+--------+--------+-----+
|Available        |      288|  1248|  234240|  117120|   64|
+-----------------+---------+------+--------+--------+-----+
|Utilization (%)  |       ~0|     6|       2|      12|    0|
+-----------------+---------+------+--------+--------+-----+

+ Detail: 
    * Instance: 
    +----------------------+------------+---------+----+------+-------+-----+
    |       Instance       |   Module   | BRAM_18K| DSP|  FF  |  LUT  | URAM|
    +----------------------+------------+---------+----+------+-------+-----+
    |grp_FIR_filter_fu_47  |FIR_filter  |        1|  81|  6112|  14686|    0|
    +----------------------+------------+---------+----+------+-------+-----+
    |Total                 |            |        1|  81|  6112|  14686|    0|
    +----------------------+------------+---------+----+------+-------+-----+

    * DSP: 
    N/A

    * Memory: 
    N/A

    * FIFO: 
    N/A

    * Expression: 
    +-----------------+----------+----+---+----+------------+------------+
    |  Variable Name  | Operation| DSP| FF| LUT| Bitwidth P0| Bitwidth P1|
    +-----------------+----------+----+---+----+------------+------------+
    |ap_block_state3  |        or|   0|  0|   2|           1|           1|
    +-----------------+----------+----+---+----+------------+------------+
    |Total            |          |   0|  0|   2|           1|           1|
    +-----------------+----------+----+---+----+------------+------------+

    * Multiplexer: 
    +----------------------+----+-----------+-----+-----------+
    |         Name         | LUT| Input Size| Bits| Total Bits|
    +----------------------+----+-----------+-----+-----------+
    |ap_NS_fsm             |  20|          4|    1|          4|
    |input_r_TDATA_blk_n   |   9|          2|    1|          2|
    |output_r_TDATA_blk_n  |   9|          2|    1|          2|
    +----------------------+----+-----------+-----+-----------+
    |Total                 |  38|          8|    3|          8|
    +----------------------+----+-----------+-----+-----------+

    * Register: 
    +-----------------------------------+----+----+-----+-----------+
    |                Name               | FF | LUT| Bits| Const Bits|
    +-----------------------------------+----+----+-----+-----------+
    |ap_CS_fsm                          |   3|   0|    3|          0|
    |grp_FIR_filter_fu_47_ap_start_reg  |   1|   0|    1|          0|
    |input_r_read_reg_56                |  16|   0|   16|          0|
    +-----------------------------------+----+----+-----+-----------+
    |Total                              |  20|   0|   20|          0|
    +-----------------------------------+----+----+-----+-----------+



================================================================
== Interface
================================================================
* Summary: 
+-----------------+-----+-----+--------------+----------------+--------------+
|    RTL Ports    | Dir | Bits|   Protocol   |  Source Object |    C Type    |
+-----------------+-----+-----+--------------+----------------+--------------+
|ap_clk           |   in|    1|  ap_ctrl_none|  Direct_FIR_HLS|  return value|
|ap_rst_n         |   in|    1|  ap_ctrl_none|  Direct_FIR_HLS|  return value|
|input_r_TDATA    |   in|   16|          axis|         input_r|       pointer|
|input_r_TVALID   |   in|    1|          axis|         input_r|       pointer|
|input_r_TREADY   |  out|    1|          axis|         input_r|       pointer|
|output_r_TDATA   |  out|   16|          axis|        output_r|       pointer|
|output_r_TVALID  |  out|    1|          axis|        output_r|       pointer|
|output_r_TREADY  |   in|    1|          axis|        output_r|       pointer|
+-----------------+-----+-----+--------------+----------------+--------------+

