

================================================================
== Vitis HLS Report for 'FIR_filter'
================================================================
* Date:           Sun Nov 16 15:52:44 2025

* Version:        2024.2 (Build 5238294 on Nov  8 2024)
* Project:        Direct_FIR_HLS
* Solution:       hls (Vivado IP Flow Target)
* Product family: zynquplus
* Target device:  xck26-sfvc784-2LV-c


================================================================
== Performance Estimates
================================================================
+ Timing: 
    * Summary: 
    +--------+----------+----------+------------+
    |  Clock |  Target  | Estimated| Uncertainty|
    +--------+----------+----------+------------+
    |ap_clk  |  10.00 ns|  7.154 ns|     2.70 ns|
    +--------+----------+----------+------------+

+ Latency: 
    * Summary: 
    +---------+---------+----------+----------+-----+-----+---------+
    |  Latency (cycles) |  Latency (absolute) |  Interval | Pipeline|
    |   min   |   max   |    min   |    max   | min | max |   Type  |
    +---------+---------+----------+----------+-----+-----+---------+
    |      324|      324|  3.240 us|  3.240 us|  324|  324|       no|
    +---------+---------+----------+----------+-----+-----+---------+

    + Detail: 
        * Instance: 
        N/A

        * Loop: 
        N/A



================================================================
== Utilization Estimates
================================================================
* Summary: 
+-----------------+---------+------+--------+--------+-----+
|       Name      | BRAM_18K|  DSP |   FF   |   LUT  | URAM|
+-----------------+---------+------+--------+--------+-----+
|DSP              |        -|    79|       -|       -|    -|
|Expression       |        -|     -|       0|    7671|    -|
|FIFO             |        -|     -|       -|       -|    -|
|Instance         |        -|     2|       0|      10|    -|
|Memory           |        1|     -|       0|       0|    0|
|Multiplexer      |        -|     -|       0|    7005|    -|
|Register         |        -|     -|    6112|       -|    -|
+-----------------+---------+------+--------+--------+-----+
|Total            |        1|    81|    6112|   14686|    0|
+-----------------+---------+------+--------+--------+-----+
|Available        |      288|  1248|  234240|  117120|   64|
+-----------------+---------+------+--------+--------+-----+
|Utilization (%)  |       ~0|     6|       2|      12|    0|
+-----------------+---------+------+--------+--------+-----+

+ Detail: 
    * Instance: 
    +------------------------+---------------------+---------+----+---+----+-----+
    |        Instance        |        Module       | BRAM_18K| DSP| FF| LUT| URAM|
    +------------------------+---------------------+---------+----+---+----+-----+
    |mul_18s_10ns_27_1_1_U1  |mul_18s_10ns_27_1_1  |        0|   1|  0|   5|    0|
    |mul_18s_7ns_25_1_1_U2   |mul_18s_7ns_25_1_1   |        0|   1|  0|   5|    0|
    +------------------------+---------------------+---------+----+---+----+-----+
    |Total                   |                     |        0|   2|  0|  10|    0|
    +------------------------+---------------------+---------+----+---+----+-----+

    * DSP: 
    +-------------------------------------------+---------------------------------------+---------------------+
    |                  Instance                 |                 Module                |      Expression     |
    +-------------------------------------------+---------------------------------------+---------------------+
    |am_addmul_16s_16s_10ns_28_4_1_U18          |am_addmul_16s_16s_10ns_28_4_1          |       (i0 + i1) * i2|
    |am_addmul_16s_16s_10ns_28_4_1_U46          |am_addmul_16s_16s_10ns_28_4_1          |       (i0 + i1) * i2|
    |am_addmul_16s_16s_10s_26_4_1_U37           |am_addmul_16s_16s_10s_26_4_1           |       (i0 + i1) * i2|
    |am_addmul_16s_16s_10s_27_4_1_U26           |am_addmul_16s_16s_10s_27_4_1           |       (i0 + i1) * i2|
    |am_addmul_16s_16s_10s_27_4_1_U27           |am_addmul_16s_16s_10s_27_4_1           |       (i0 + i1) * i2|
    |am_addmul_16s_16s_11s_28_4_1_U22           |am_addmul_16s_16s_11s_28_4_1           |       (i0 + i1) * i2|
    |am_addmul_16s_16s_11s_28_4_1_U23           |am_addmul_16s_16s_11s_28_4_1           |       (i0 + i1) * i2|
    |am_addmul_16s_16s_12ns_30_4_1_U7           |am_addmul_16s_16s_12ns_30_4_1          |       (i0 + i1) * i2|
    |am_addmul_16s_16s_12s_28_4_1_U15           |am_addmul_16s_16s_12s_28_4_1           |       (i0 + i1) * i2|
    |am_addmul_16s_16s_12s_29_4_1_U10           |am_addmul_16s_16s_12s_29_4_1           |       (i0 + i1) * i2|
    |am_addmul_16s_16s_12s_29_4_1_U14           |am_addmul_16s_16s_12s_29_4_1           |       (i0 + i1) * i2|
    |am_addmul_16s_16s_13ns_31_4_1_U8           |am_addmul_16s_16s_13ns_31_4_1          |       (i0 + i1) * i2|
    |am_addmul_16s_16s_14ns_31_4_1_U5           |am_addmul_16s_16s_14ns_31_4_1          |       (i0 + i1) * i2|
    |am_addmul_16s_16s_8ns_26_4_1_U3            |am_addmul_16s_16s_8ns_26_4_1           |       (i0 + i1) * i2|
    |am_addmul_16s_16s_9ns_27_4_1_U9            |am_addmul_16s_16s_9ns_27_4_1           |       (i0 + i1) * i2|
    |am_addmul_16s_16s_9ns_27_4_1_U21           |am_addmul_16s_16s_9ns_27_4_1           |       (i0 + i1) * i2|
    |am_addmul_16s_16s_9ns_27_4_1_U30           |am_addmul_16s_16s_9ns_27_4_1           |       (i0 + i1) * i2|
    |am_addmul_16s_16s_9s_26_4_1_U32            |am_addmul_16s_16s_9s_26_4_1            |       (i0 + i1) * i2|
    |am_addmul_16s_16s_9s_26_4_1_U34            |am_addmul_16s_16s_9s_26_4_1            |       (i0 + i1) * i2|
    |am_addmul_17s_16s_10s_26_4_1_U42           |am_addmul_17s_16s_10s_26_4_1           |       (i0 + i1) * i2|
    |am_addmul_17s_17s_7ns_25_4_1_U35           |am_addmul_17s_17s_7ns_25_4_1           |       (i0 + i1) * i2|
    |am_addmul_17s_17s_9s_27_4_1_U25            |am_addmul_17s_17s_9s_27_4_1            |       (i0 + i1) * i2|
    |am_addmul_17s_18s_7ns_27_4_1_U41           |am_addmul_17s_18s_7ns_27_4_1           |       (i0 + i1) * i2|
    |ama_addmuladd_16s_16s_10ns_27s_28_4_1_U52  |ama_addmuladd_16s_16s_10ns_27s_28_4_1  |  i0 + (i1 + i2) * i3|
    |ama_addmuladd_16s_16s_10ns_28s_28_4_1_U48  |ama_addmuladd_16s_16s_10ns_28s_28_4_1  |  i0 + (i1 + i2) * i3|
    |ama_addmuladd_16s_16s_10s_26s_27_4_1_U51   |ama_addmuladd_16s_16s_10s_26s_27_4_1   |  (i0 + i1) * i2 + i3|
    |ama_addmuladd_16s_16s_10s_27s_27_4_1_U28   |ama_addmuladd_16s_16s_10s_27s_27_4_1   |  i0 + (i1 + i2) * i3|
    |ama_addmuladd_16s_16s_10s_27s_27_4_1_U29   |ama_addmuladd_16s_16s_10s_27s_27_4_1   |  i0 + (i1 + i2) * i3|
    |ama_addmuladd_16s_16s_10s_27s_27_4_1_U49   |ama_addmuladd_16s_16s_10s_27s_27_4_1   |  i0 + (i1 + i2) * i3|
    |ama_addmuladd_16s_16s_11ns_28s_29_4_1_U47  |ama_addmuladd_16s_16s_11ns_28s_29_4_1  |  (i0 + i1) * i2 + i3|
    |ama_addmuladd_16s_16s_11ns_30s_30_4_1_U13  |ama_addmuladd_16s_16s_11ns_30s_30_4_1  |  i0 + (i1 + i2) * i3|
    |ama_addmuladd_16s_16s_11s_27s_27_4_1_U16   |ama_addmuladd_16s_16s_11s_27s_27_4_1   |  i0 + (i1 + i2) * i3|
    |ama_addmuladd_16s_16s_11s_28s_28_4_1_U20   |ama_addmuladd_16s_16s_11s_28s_28_4_1   |  i0 + (i1 + i2) * i3|
    |ama_addmuladd_16s_16s_11s_28s_28_4_1_U24   |ama_addmuladd_16s_16s_11s_28s_28_4_1   |  i0 + (i1 + i2) * i3|
    |ama_addmuladd_16s_16s_11s_28s_28_4_1_U50   |ama_addmuladd_16s_16s_11s_28s_28_4_1   |  i0 + (i1 + i2) * i3|
    |ama_addmuladd_16s_16s_12s_29s_29_4_1_U17   |ama_addmuladd_16s_16s_12s_29s_29_4_1   |  i0 + (i1 + i2) * i3|
    |ama_addmuladd_16s_16s_12s_29s_29_4_1_U19   |ama_addmuladd_16s_16s_12s_29s_29_4_1   |  i0 + (i1 + i2) * i3|
    |ama_addmuladd_16s_16s_13ns_31s_31_4_1_U6   |ama_addmuladd_16s_16s_13ns_31s_31_4_1  |  i0 + (i1 + i2) * i3|
    |ama_addmuladd_16s_16s_13ns_31s_31_4_1_U12  |ama_addmuladd_16s_16s_13ns_31s_31_4_1  |  i0 + (i1 + i2) * i3|
    |ama_addmuladd_16s_16s_13ns_31s_32_4_1_U11  |ama_addmuladd_16s_16s_13ns_31s_32_4_1  |  i0 + (i1 + i2) * i3|
    |ama_addmuladd_16s_16s_6ns_24s_25_4_1_U75   |ama_addmuladd_16s_16s_6ns_24s_25_4_1   |  i0 + (i1 + i2) * i3|
    |ama_addmuladd_16s_16s_7ns_21s_24_4_1_U70   |ama_addmuladd_16s_16s_7ns_21s_24_4_1   |  i0 + (i1 + i2) * i3|
    |ama_addmuladd_16s_16s_7ns_25s_25_4_1_U36   |ama_addmuladd_16s_16s_7ns_25s_25_4_1   |  i0 + (i1 + i2) * i3|
    |ama_addmuladd_16s_16s_7ns_26s_26_4_1_U38   |ama_addmuladd_16s_16s_7ns_26s_26_4_1   |  (i0 + i1) * i2 + i3|
    |ama_addmuladd_16s_16s_7ns_28s_28_4_1_U45   |ama_addmuladd_16s_16s_7ns_28s_28_4_1   |  i0 + (i1 + i2) * i3|
    |ama_addmuladd_16s_16s_8ns_24s_25_4_1_U60   |ama_addmuladd_16s_16s_8ns_24s_25_4_1   |  (i0 + i1) * i2 + i3|
    |ama_addmuladd_16s_16s_8ns_26s_26_4_1_U4    |ama_addmuladd_16s_16s_8ns_26s_26_4_1   |  i0 + (i1 + i2) * i3|
    |ama_addmuladd_16s_16s_8ns_26s_26_4_1_U39   |ama_addmuladd_16s_16s_8ns_26s_26_4_1   |  i0 + (i1 + i2) * i3|
    |ama_addmuladd_16s_16s_8ns_26s_26_4_1_U62   |ama_addmuladd_16s_16s_8ns_26s_26_4_1   |  (i0 + i1) * i2 + i3|
    |ama_addmuladd_16s_16s_8ns_26s_27_4_1_U59   |ama_addmuladd_16s_16s_8ns_26s_27_4_1   |  i0 + (i1 + i2) * i3|
    |ama_addmuladd_16s_16s_8ns_27s_27_4_1_U57   |ama_addmuladd_16s_16s_8ns_27s_27_4_1   |  i0 + (i1 + i2) * i3|
    |ama_addmuladd_16s_16s_8s_22s_24_4_1_U66    |ama_addmuladd_16s_16s_8s_22s_24_4_1    |  i0 + (i1 + i2) * i3|
    |ama_addmuladd_16s_16s_8s_26s_26_4_1_U40    |ama_addmuladd_16s_16s_8s_26s_26_4_1    |  i0 + (i1 + i2) * i3|
    |ama_addmuladd_16s_16s_8s_26s_26_4_1_U61    |ama_addmuladd_16s_16s_8s_26s_26_4_1    |  i0 + (i1 + i2) * i3|
    |ama_addmuladd_16s_16s_9ns_26s_27_4_1_U53   |ama_addmuladd_16s_16s_9ns_26s_27_4_1   |  (i0 + i1) * i2 + i3|
    |ama_addmuladd_16s_16s_9ns_26s_27_4_1_U54   |ama_addmuladd_16s_16s_9ns_26s_27_4_1   |  i0 + (i1 + i2) * i3|
    |ama_addmuladd_16s_16s_9ns_27s_27_4_1_U31   |ama_addmuladd_16s_16s_9ns_27s_27_4_1   |  i0 + (i1 + i2) * i3|
    |ama_addmuladd_16s_16s_9ns_27s_27_4_1_U55   |ama_addmuladd_16s_16s_9ns_27s_27_4_1   |  i0 + (i1 + i2) * i3|
    |ama_addmuladd_16s_16s_9ns_27s_27_4_1_U81   |ama_addmuladd_16s_16s_9ns_27s_27_4_1   |  (i0 + i1) * i2 + i3|
    |ama_addmuladd_16s_16s_9ns_28s_28_4_1_U80   |ama_addmuladd_16s_16s_9ns_28s_28_4_1   |  (i0 + i1) * i2 + i3|
    |ama_addmuladd_16s_16s_9s_25s_26_4_1_U58    |ama_addmuladd_16s_16s_9s_25s_26_4_1    |  i0 + (i1 + i2) * i3|
    |ama_addmuladd_16s_16s_9s_26s_26_4_1_U33    |ama_addmuladd_16s_16s_9s_26s_26_4_1    |  i0 + (i1 + i2) * i3|
    |ama_addmuladd_16s_16s_9s_26s_26_4_1_U64    |ama_addmuladd_16s_16s_9s_26s_26_4_1    |  i0 + (i1 + i2) * i3|
    |ama_addmuladd_16s_16s_9s_27s_28_4_1_U44    |ama_addmuladd_16s_16s_9s_27s_28_4_1    |  (i0 + i1) * i2 + i3|
    |ama_addmuladd_17s_17s_7s_24s_25_4_1_U72    |ama_addmuladd_17s_17s_7s_24s_25_4_1    |  i0 + (i1 + i2) * i3|
    |ama_addmuladd_17s_17s_8s_24s_25_4_1_U69    |ama_addmuladd_17s_17s_8s_24s_25_4_1    |  (i0 + i1) * i2 + i3|
    |ama_addmuladd_17s_17s_9s_26s_27_4_1_U56    |ama_addmuladd_17s_17s_9s_26s_27_4_1    |  i0 + (i1 + i2) * i3|
    |ama_addmuladd_17s_17s_9s_27s_27_4_1_U43    |ama_addmuladd_17s_17s_9s_27s_27_4_1    |  i0 + (i1 + i2) * i3|
    |ama_addmuladd_17s_18s_6ns_24s_25_4_1_U74   |ama_addmuladd_17s_18s_6ns_24s_25_4_1   |  (i0 + i1) * i2 + i3|
    |ama_addmuladd_17s_18s_7ns_25s_26_4_1_U68   |ama_addmuladd_17s_18s_7ns_25s_26_4_1   |  (i0 + i1) * i2 + i3|
    |ama_addmuladd_18s_16s_8ns_26s_27_4_1_U63   |ama_addmuladd_18s_16s_8ns_26s_27_4_1   |  (i0 + i1) * i2 + i3|
    |ama_addmuladd_18s_18s_7ns_26s_27_4_1_U76   |ama_addmuladd_18s_18s_7ns_26s_27_4_1   |  i0 + (i1 + i2) * i3|
    |ama_addmuladd_19s_16s_6ns_22s_25_4_1_U71   |ama_addmuladd_19s_16s_6ns_22s_25_4_1   |  (i0 + i1) * i2 + i3|
    |ama_addmuladd_19s_16s_7ns_26s_27_4_1_U67   |ama_addmuladd_19s_16s_7ns_26s_27_4_1   |  i0 + (i1 + i2) * i3|
    |ama_submuladd_18s_16s_5ns_24s_24_4_1_U77   |ama_submuladd_18s_16s_5ns_24s_24_4_1   |  (i0 - i1) * i2 + i3|
    |ama_submuladd_18s_16s_5ns_25s_25_4_1_U78   |ama_submuladd_18s_16s_5ns_25s_25_4_1   |  i0 + (i1 - i2) * i3|
    |ama_submuladd_18s_16s_6ns_25s_25_4_1_U73   |ama_submuladd_18s_16s_6ns_25s_25_4_1   |  i0 + (i1 - i2) * i3|
    |ama_submuladd_19s_16s_6ns_24s_25_4_1_U79   |ama_submuladd_19s_16s_6ns_24s_25_4_1   |  (i0 - i1) * i2 + i3|
    |ama_submuladd_19s_16s_7ns_25s_26_4_1_U65   |ama_submuladd_19s_16s_7ns_25s_26_4_1   |  (i0 - i1) * i2 + i3|
    +-------------------------------------------+---------------------------------------+---------------------+

    * Memory: 
    +----------------+---------------------------------------+---------+---+----+-----+------+-----+------+-------------+
    |     Memory     |                 Module                | BRAM_18K| FF| LUT| URAM| Words| Bits| Banks| W*Bits*Banks|
    +----------------+---------------------------------------+---------+---+----+-----+------+-----+------+-------------+
    |H_filter_FIR_U  |FIR_filter_H_filter_FIR_RAM_AUTO_1R1W  |        1|  0|   0|    0|   392|   16|     1|         6272|
    +----------------+---------------------------------------+---------+---+----+-----+------+-----+------+-------------+
    |Total           |                                       |        1|  0|   0|    0|   392|   16|     1|         6272|
    +----------------+---------------------------------------+---------+---+----+-----+------+-----+------+-------------+

    * FIFO: 
    N/A

    * Expression: 
    +-------------------------+----------+----+---+----+------------+------------+
    |      Variable Name      | Operation| DSP| FF| LUT| Bitwidth P0| Bitwidth P1|
    +-------------------------+----------+----+---+----+------------+------------+
    |FIR_accu32_fu_7205_p2    |         +|   0|  0|  32|          32|          32|
    |add_ln26_100_fu_6545_p2  |         +|   0|  0|  34|          27|          27|
    |add_ln26_101_fu_6555_p2  |         +|   0|  0|  35|          28|          28|
    |add_ln26_104_fu_6898_p2  |         +|   0|  0|  26|          26|          26|
    |add_ln26_105_fu_6914_p2  |         +|   0|  0|  24|          24|          24|
    |add_ln26_106_fu_6924_p2  |         +|   0|  0|  32|          25|          25|
    |add_ln26_107_fu_6934_p2  |         +|   0|  0|  26|          26|          26|
    |add_ln26_108_fu_7144_p2  |         +|   0|  0|  27|          27|          27|
    |add_ln26_110_fu_7153_p2  |         +|   0|  0|  27|          27|          27|
    |add_ln26_112_fu_2989_p2  |         +|   0|  0|  34|          27|          27|
    |add_ln26_113_fu_6057_p2  |         +|   0|  0|  35|          28|          28|
    |add_ln26_114_fu_7166_p2  |         +|   0|  0|  36|          29|          29|
    |add_ln26_115_fu_7172_p2  |         +|   0|  0|  29|          29|          29|
    |add_ln26_116_fu_7178_p2  |         +|   0|  0|  29|          29|          29|
    |add_ln26_117_fu_7188_p2  |         +|   0|  0|  38|          31|          31|
    |add_ln26_11_fu_2545_p2   |         +|   0|  0|  37|          30|          30|
    |add_ln26_12_fu_2555_p2   |         +|   0|  0|  38|          31|          31|
    |add_ln26_13_fu_6277_p2   |         +|   0|  0|  32|          32|          32|
    |add_ln26_15_fu_6282_p2   |         +|   0|  0|  35|          28|          28|
    |add_ln26_18_fu_3316_p2   |         +|   0|  0|  36|          29|          29|
    |add_ln26_19_fu_6294_p2   |         +|   0|  0|  37|          30|          30|
    |add_ln26_22_fu_3327_p2   |         +|   0|  0|  29|          29|          29|
    |add_ln26_25_fu_3336_p2   |         +|   0|  0|  35|          28|          28|
    |add_ln26_26_fu_3345_p2   |         +|   0|  0|  29|          29|          29|
    |add_ln26_27_fu_6307_p2   |         +|   0|  0|  38|          31|          31|
    |add_ln26_28_fu_6317_p2   |         +|   0|  0|  32|          32|          32|
    |add_ln26_30_fu_6323_p2   |         +|   0|  0|  34|          27|          27|
    |add_ln26_33_fu_3483_p2   |         +|   0|  0|  35|          28|          28|
    |add_ln26_34_fu_6335_p2   |         +|   0|  0|  36|          29|          29|
    |add_ln26_37_fu_2649_p2   |         +|   0|  0|  35|          28|          28|
    |add_ln26_40_fu_3505_p2   |         +|   0|  0|  35|          28|          28|
    |add_ln26_41_fu_3515_p2   |         +|   0|  0|  36|          29|          29|
    |add_ln26_42_fu_6348_p2   |         +|   0|  0|  37|          30|          30|
    |add_ln26_47_fu_3686_p2   |         +|   0|  0|  35|          28|          28|
    |add_ln26_48_fu_3696_p2   |         +|   0|  0|  36|          29|          29|
    |add_ln26_4_fu_2495_p2    |         +|   0|  0|  38|          31|          31|
    |add_ln26_51_fu_3944_p2   |         +|   0|  0|  35|          28|          28|
    |add_ln26_54_fu_3960_p2   |         +|   0|  0|  35|          28|          28|
    |add_ln26_55_fu_3970_p2   |         +|   0|  0|  36|          29|          29|
    |add_ln26_56_fu_3980_p2   |         +|   0|  0|  37|          30|          30|
    |add_ln26_57_fu_6361_p2   |         +|   0|  0|  38|          31|          31|
    |add_ln26_58_fu_7197_p2   |         +|   0|  0|  32|          32|          32|
    |add_ln26_5_fu_2504_p2    |         +|   0|  0|  39|          32|          32|
    |add_ln26_63_fu_4189_p2   |         +|   0|  0|  34|          27|          27|
    |add_ln26_64_fu_4198_p2   |         +|   0|  0|  35|          28|          28|
    |add_ln26_67_fu_4277_p2   |         +|   0|  0|  34|          27|          27|
    |add_ln26_70_fu_4363_p2   |         +|   0|  0|  34|          27|          27|
    |add_ln26_71_fu_4372_p2   |         +|   0|  0|  35|          28|          28|
    |add_ln26_72_fu_4382_p2   |         +|   0|  0|  36|          29|          29|
    |add_ln26_77_fu_4533_p2   |         +|   0|  0|  34|          27|          27|
    |add_ln26_78_fu_4543_p2   |         +|   0|  0|  35|          28|          28|
    |add_ln26_81_fu_4714_p2   |         +|   0|  0|  34|          27|          27|
    |add_ln26_84_fu_4973_p2   |         +|   0|  0|  33|          26|          26|
    |add_ln26_85_fu_4983_p2   |         +|   0|  0|  35|          28|          28|
    |add_ln26_86_fu_4993_p2   |         +|   0|  0|  36|          29|          29|
    |add_ln26_87_fu_5003_p2   |         +|   0|  0|  37|          30|          30|
    |add_ln26_88_fu_5392_p2   |         +|   0|  0|  24|          24|          24|
    |add_ln26_8_fu_2523_p2    |         +|   0|  0|  37|          30|          30|
    |add_ln26_92_fu_5437_p2   |         +|   0|  0|  33|          26|          26|
    |add_ln26_93_fu_5447_p2   |         +|   0|  0|  34|          27|          27|
    |add_ln26_95_fu_6522_p2   |         +|   0|  0|  24|          24|          24|
    |add_ln26_96_fu_6532_p2   |         +|   0|  0|  33|          26|          26|
    |add_ln26_99_fu_5932_p2   |         +|   0|  0|  33|          26|          26|
    |grp_fu_7617_p30          |         +|   0|  0|  36|          29|          29|
    |grp_fu_7670_p30          |         +|   0|  0|  35|          28|          28|
    |grp_fu_7681_p30          |         +|   0|  0|  34|          27|          27|
    |grp_fu_7692_p30          |         +|   0|  0|  34|          27|          27|
    |grp_fu_7736_p30          |         +|   0|  0|  33|          26|          26|
    |grp_fu_7779_p3           |         +|   0|  0|  33|          26|          26|
    |grp_fu_7790_p30          |         +|   0|  0|  34|          27|          27|
    |grp_fu_7896_p0           |         +|   0|  0|  25|          18|          18|
    |grp_fu_7929_p30          |         +|   0|  0|  34|          27|          27|
    |grp_fu_7940_p0           |         +|   0|  0|  25|          18|          18|
    |grp_fu_7950_p0           |         +|   0|  0|  25|          18|          18|
    |grp_fu_7960_p30          |         +|   0|  0|  32|          25|          25|
    |sum1_fu_2851_p2          |         +|   0|  0|  24|          17|          17|
    |sum_fu_2887_p2           |         +|   0|  0|  24|          17|          17|
    |tmp100_fu_5636_p2        |         +|   0|  0|  25|          18|          18|
    |tmp101_fu_5626_p2        |         +|   0|  0|  24|          17|          17|
    |tmp103_fu_2903_p2        |         +|   0|  0|  18|          18|          18|
    |tmp107_fu_5418_p2        |         +|   0|  0|  24|          17|          17|
    |tmp108_fu_5500_p2        |         +|   0|  0|  25|          18|          18|
    |tmp109_fu_3655_p2        |         +|   0|  0|  24|          17|          17|
    |tmp115_fu_5490_p2        |         +|   0|  0|  24|          17|          17|
    |tmp116_fu_5520_p2        |         +|   0|  0|  25|          18|          18|
    |tmp117_fu_5510_p2        |         +|   0|  0|  24|          17|          17|
    |tmp118_fu_2973_p2        |         +|   0|  0|  24|          17|          17|
    |tmp119_fu_3565_p2        |         +|   0|  0|  24|          17|          17|
    |tmp121_fu_2867_p2        |         +|   0|  0|  18|          18|          18|
    |tmp125_fu_3575_p2        |         +|   0|  0|  24|          17|          17|
    |tmp126_fu_3621_p2        |         +|   0|  0|  24|          17|          17|
    |tmp127_fu_3631_p2        |         +|   0|  0|  24|          17|          17|
    |tmp128_fu_2585_p2        |         +|   0|  0|  24|          17|          17|
    |tmp1293_fu_5646_p2       |         +|   0|  0|  26|          19|          19|
    |tmp129_fu_2595_p2        |         +|   0|  0|  24|          17|          17|
    |tmp12_fu_7000_p2         |         +|   0|  0|  27|          20|          20|
    |tmp131_fu_3015_p2        |         +|   0|  0|  24|          17|          17|
    |tmp132_fu_3025_p2        |         +|   0|  0|  24|          17|          17|
    |tmp133_fu_4024_p2        |         +|   0|  0|  24|          17|          17|
    |tmp139_fu_4127_p2        |         +|   0|  0|  24|          17|          17|
    |tmp140_fu_4137_p2        |         +|   0|  0|  24|          17|          17|
    |tmp141_fu_2781_p2        |         +|   0|  0|  24|          17|          17|
    |tmp142_fu_2791_p2        |         +|   0|  0|  24|          17|          17|
    |tmp146_fu_5690_p2        |         +|   0|  0|  19|          19|          19|
    |tmp155_fu_4436_p2        |         +|   0|  0|  24|          17|          17|
    |tmp156_fu_4446_p2        |         +|   0|  0|  24|          17|          17|
    |tmp157_fu_2947_p2        |         +|   0|  0|  24|          17|          17|
    |tmp15_fu_7022_p2         |         +|   0|  0|  20|          20|          20|
    |tmp165_fu_3585_p2        |         +|   0|  0|  25|          18|          18|
    |tmp167_fu_4685_p2        |         +|   0|  0|  24|          17|          17|
    |tmp168_fu_4695_p2        |         +|   0|  0|  24|          17|          17|
    |tmp171_fu_3762_p2        |         +|   0|  0|  18|          18|          18|
    |tmp17_fu_4855_p2         |         +|   0|  0|  24|          17|          17|
    |tmp187_fu_4147_p2        |         +|   0|  0|  25|          18|          18|
    |tmp189_fu_2917_p2        |         +|   0|  0|  24|          17|          17|
    |tmp18_fu_4865_p2         |         +|   0|  0|  24|          17|          17|
    |tmp190_fu_5036_p2        |         +|   0|  0|  24|          17|          17|
    |tmp195_fu_5246_p2        |         +|   0|  0|  24|          17|          17|
    |tmp196_fu_5256_p2        |         +|   0|  0|  24|          17|          17|
    |tmp198_fu_4229_p2        |         +|   0|  0|  18|          18|          18|
    |tmp19_fu_4923_p2         |         +|   0|  0|  25|          18|          18|
    |tmp1_fu_7012_p2          |         +|   0|  0|  24|          17|          17|
    |tmp203_fu_2801_p2        |         +|   0|  0|  25|          18|          18|
    |tmp207_fu_4456_p2        |         +|   0|  0|  25|          18|          18|
    |tmp209_fu_5306_p2        |         +|   0|  0|  24|          17|          17|
    |tmp20_fu_4936_p2         |         +|   0|  0|  25|          18|          18|
    |tmp210_fu_5316_p2        |         +|   0|  0|  24|          17|          17|
    |tmp213_fu_4609_p2        |         +|   0|  0|  18|          18|          18|
    |tmp215_fu_6398_p2        |         +|   0|  0|  24|          17|          17|
    |tmp216_fu_6408_p2        |         +|   0|  0|  24|          17|          17|
    |tmp218_fu_4659_p2        |         +|   0|  0|  18|          18|          18|
    |tmp22_fu_3901_p2         |         +|   0|  0|  18|          18|          18|
    |tmp231_fu_5266_p2        |         +|   0|  0|  25|          18|          18|
    |tmp232_fu_5296_p2        |         +|   0|  0|  30|          23|          23|
    |tmp235_fu_5326_p2        |         +|   0|  0|  25|          18|          18|
    |tmp237_fu_6460_p2        |         +|   0|  0|  24|          17|          17|
    |tmp238_fu_6470_p2        |         +|   0|  0|  24|          17|          17|
    |tmp240_fu_5368_p2        |         +|   0|  0|  18|          18|          18|
    |tmp243_fu_6690_p2        |         +|   0|  0|  24|          17|          17|
    |tmp244_fu_6700_p2        |         +|   0|  0|  24|          17|          17|
    |tmp249_fu_6728_p2        |         +|   0|  0|  24|          17|          17|
    |tmp250_fu_6738_p2        |         +|   0|  0|  24|          17|          17|
    |tmp252_fu_6090_p2        |         +|   0|  0|  18|          18|          18|
    |tmp257_fu_6418_p2        |         +|   0|  0|  25|          18|          18|
    |tmp25_fu_3923_p2         |         +|   0|  0|  19|          19|          19|
    |tmp261_fu_6480_p2        |         +|   0|  0|  25|          18|          18|
    |tmp262_fu_6510_p2        |         +|   0|  0|  24|          24|          24|
    |tmp263_fu_6836_p2        |         +|   0|  0|  24|          17|          17|
    |tmp264_fu_6846_p2        |         +|   0|  0|  24|          17|          17|
    |tmp269_fu_2695_p2        |         +|   0|  0|  24|          17|          17|
    |tmp270_fu_2705_p2        |         +|   0|  0|  24|          17|          17|
    |tmp272_fu_5884_p2        |         +|   0|  0|  18|          18|          18|
    |tmp275_fu_2730_p2        |         +|   0|  0|  24|          17|          17|
    |tmp283_fu_6710_p2        |         +|   0|  0|  25|          18|          18|
    |tmp287_fu_6748_p2        |         +|   0|  0|  25|          18|          18|
    |tmp293_fu_6800_p2        |         +|   0|  0|  18|          18|          18|
    |tmp297_fu_6856_p2        |         +|   0|  0|  25|          18|          18|
    |tmp298_fu_6886_p2        |         +|   0|  0|  24|          24|          24|
    |tmp2_fu_4845_p2          |         +|   0|  0|  25|          18|          18|
    |tmp336_fu_6206_p2        |         +|   0|  0|  24|          17|          17|
    |tmp344_fu_3224_p2        |         +|   0|  0|  24|          17|          17|
    |tmp35_fu_4885_p2         |         +|   0|  0|  26|          19|          19|
    |tmp364_fu_3260_p2        |         +|   0|  0|  24|          17|          17|
    |tmp366_fu_6234_p2        |         +|   0|  0|  24|          17|          17|
    |tmp370_fu_6154_p2        |         +|   0|  0|  24|          17|          17|
    |tmp372_fu_3365_p2        |         +|   0|  0|  24|          17|          17|
    |tmp378_fu_3401_p2        |         +|   0|  0|  24|          17|          17|
    |tmp37_fu_4734_p2         |         +|   0|  0|  24|          17|          17|
    |tmp388_fu_3444_p2        |         +|   0|  0|  24|          17|          17|
    |tmp38_fu_5164_p2         |         +|   0|  0|  25|          18|          18|
    |tmp3_fu_4825_p2          |         +|   0|  0|  24|          17|          17|
    |tmp408_fu_3778_p2        |         +|   0|  0|  24|          17|          17|
    |tmp416_fu_3814_p2        |         +|   0|  0|  24|          17|          17|
    |tmp426_fu_4062_p2        |         +|   0|  0|  24|          17|          17|
    |tmp434_fu_4312_p2        |         +|   0|  0|  24|          17|          17|
    |tmp43_fu_4946_p2         |         +|   0|  0|  19|          19|          19|
    |tmp442_fu_4484_p2        |         +|   0|  0|  24|          17|          17|
    |tmp446_fu_4740_p2        |         +|   0|  0|  24|          17|          17|
    |tmp4_fu_4835_p2          |         +|   0|  0|  24|          17|          17|
    |tmp53_fu_5204_p2         |         +|   0|  0|  26|          19|          19|
    |tmp55_fu_5144_p2         |         +|   0|  0|  24|          17|          17|
    |tmp56_fu_5154_p2         |         +|   0|  0|  24|          17|          17|
    |tmp57_fu_5194_p2         |         +|   0|  0|  25|          18|          18|
    |tmp58_fu_5174_p2         |         +|   0|  0|  24|          17|          17|
    |tmp5_fu_4875_p2          |         +|   0|  0|  25|          18|          18|
    |tmp62_fu_5997_p2         |         +|   0|  0|  19|          19|          19|
    |tmp64_fu_6009_p2         |         +|   0|  0|  19|          19|          19|
    |tmp67_fu_5184_p2         |         +|   0|  0|  24|          17|          17|
    |tmp68_fu_5987_p2         |         +|   0|  0|  24|          17|          17|
    |tmp69_fu_7071_p2         |         +|   0|  0|  24|          17|          17|
    |tmp70_fu_5810_p2         |         +|   0|  0|  24|          17|          17|
    |tmp74_fu_7081_p2         |         +|   0|  0|  19|          19|          19|
    |tmp77_fu_7099_p2         |         +|   0|  0|  19|          19|          19|
    |tmp78_fu_7129_p2         |         +|   0|  0|  34|          27|          27|
    |tmp79_fu_3077_p2         |         +|   0|  0|  25|          18|          18|
    |tmp7_fu_6662_p2          |         +|   0|  0|  18|          18|          18|
    |tmp80_fu_3067_p2         |         +|   0|  0|  24|          17|          17|
    |tmp81_fu_3097_p2         |         +|   0|  0|  25|          18|          18|
    |tmp82_fu_3087_p2         |         +|   0|  0|  24|          17|          17|
    |tmp86_fu_5820_p2         |         +|   0|  0|  19|          19|          19|
    |tmp89_fu_5838_p2         |         +|   0|  0|  19|          19|          19|
    |tmp95_fu_3107_p2         |         +|   0|  0|  26|          19|          19|
    |tmp97_fu_4426_p2         |         +|   0|  0|  24|          17|          17|
    |tmp98_fu_5616_p2         |         +|   0|  0|  25|          18|          18|
    |tmp99_fu_5606_p2         |         +|   0|  0|  24|          17|          17|
    |tmp_fu_6646_p2           |         +|   0|  0|  24|          17|          17|
    |grp_fu_7532_p3           |         -|   0|  0|  33|          26|          26|
    |grp_fu_7703_p3           |         -|   0|  0|  34|          27|          27|
    |grp_fu_7790_p0           |         -|   0|  0|  25|          18|          18|
    |grp_fu_7800_p3           |         -|   0|  0|  26|          26|          26|
    |grp_fu_7811_p0           |         -|   0|  0|  26|          19|          19|
    |grp_fu_7896_p3           |         -|   0|  0|  25|          25|          25|
    |grp_fu_7940_p3           |         -|   0|  0|  31|          24|          24|
    |grp_fu_7950_p3           |         -|   0|  0|  32|          25|          25|
    |grp_fu_7979_p3           |         -|   0|  0|  34|          27|          27|
    |p_neg1318_fu_4330_p2     |         -|   0|  0|  26|           1|          26|
    |p_neg1338_fu_3278_p2     |         -|   0|  0|  26|           1|          26|
    |p_neg1357_fu_6436_p2     |         -|   0|  0|  24|           1|          24|
    |p_neg1380_fu_3121_p2     |         -|   0|  0|  27|           1|          27|
    |p_neg1389_fu_5222_p2     |         -|   0|  0|  25|           1|          25|
    |sub_ln26_fu_6904_p2      |         -|   0|  0|  22|          22|          22|
    |tmp102_fu_2897_p2        |         -|   0|  0|  18|          18|          18|
    |tmp10_fu_6985_p2         |         -|   0|  0|  19|          19|          19|
    |tmp110_fu_3665_p2        |         -|   0|  0|  18|          18|          18|
    |tmp111_fu_3671_p2        |         -|   0|  0|  18|          18|          18|
    |tmp11_fu_6990_p2         |         -|   0|  0|  19|          19|          19|
    |tmp120_fu_2861_p2        |         -|   0|  0|  18|          18|          18|
    |tmp122_fu_5069_p2        |         -|   0|  0|  26|          19|          19|
    |tmp134_fu_4034_p2        |         -|   0|  0|  18|          18|          18|
    |tmp135_fu_4040_p2        |         -|   0|  0|  18|          18|          18|
    |tmp13_fu_7006_p2         |         -|   0|  0|  20|          20|          20|
    |tmp143_fu_5664_p2        |         -|   0|  0|  24|          17|          17|
    |tmp144_fu_5674_p2        |         -|   0|  0|  18|          18|          18|
    |tmp145_fu_5680_p2        |         -|   0|  0|  18|          18|          18|
    |tmp147_fu_5696_p2        |         -|   0|  0|  19|          19|          19|
    |tmp148_fu_5726_p2        |         -|   0|  0|  31|          24|          24|
    |tmp158_fu_2957_p2        |         -|   0|  0|  18|          18|          18|
    |tmp159_fu_2963_p2        |         -|   0|  0|  18|          18|          18|
    |tmp169_fu_3746_p2        |         -|   0|  0|  24|          17|          17|
    |tmp16_fu_7052_p2         |         -|   0|  0|  34|          27|          27|
    |tmp170_fu_3756_p2        |         -|   0|  0|  18|          18|          18|
    |tmp191_fu_4046_p2        |         -|   0|  0|  24|          17|          17|
    |tmp197_fu_4219_p2        |         -|   0|  0|  24|          17|          17|
    |tmp199_fu_4235_p2        |         -|   0|  0|  18|          18|          18|
    |tmp208_fu_4474_p2        |         -|   0|  0|  32|           1|          25|
    |tmp211_fu_4593_p2        |         -|   0|  0|  24|          17|          17|
    |tmp212_fu_4603_p2        |         -|   0|  0|  18|          18|          18|
    |tmp214_fu_4639_p2        |         -|   0|  0|  33|          26|          26|
    |tmp217_fu_4649_p2        |         -|   0|  0|  24|          17|          17|
    |tmp219_fu_4665_p2        |         -|   0|  0|  18|          18|          18|
    |tmp21_fu_3891_p2         |         -|   0|  0|  24|          17|          17|
    |tmp236_fu_5352_p2        |         -|   0|  0|  24|          24|          24|
    |tmp239_fu_5358_p2        |         -|   0|  0|  24|          17|          17|
    |tmp23_fu_3907_p2         |         -|   0|  0|  18|          18|          18|
    |tmp241_fu_5374_p2        |         -|   0|  0|  18|          18|          18|
    |tmp245_fu_5046_p2        |         -|   0|  0|  24|          17|          17|
    |tmp24_fu_3917_p2         |         -|   0|  0|  26|          19|          19|
    |tmp251_fu_6080_p2        |         -|   0|  0|  24|          17|          17|
    |tmp253_fu_6096_p2        |         -|   0|  0|  18|          18|          18|
    |tmp258_fu_6454_p2        |         -|   0|  0|  24|          24|          24|
    |tmp265_fu_5530_p2        |         -|   0|  0|  24|          17|          17|
    |tmp26_fu_3929_p2         |         -|   0|  0|  19|          19|          19|
    |tmp271_fu_5874_p2        |         -|   0|  0|  24|          17|          17|
    |tmp273_fu_5890_p2        |         -|   0|  0|  18|          18|          18|
    |tmp277_fu_5736_p2        |         -|   0|  0|  24|          17|          17|
    |tmp288_fu_6778_p2        |         -|   0|  0|  22|          22|          22|
    |tmp291_fu_6784_p2        |         -|   0|  0|  24|          17|          17|
    |tmp292_fu_6794_p2        |         -|   0|  0|  18|          18|          18|
    |tmp294_fu_6830_p2        |         -|   0|  0|  31|          24|          24|
    |tmp337_fu_6224_p2        |         -|   0|  0|  27|           1|          20|
    |tmp365_fu_3296_p2        |         -|   0|  0|  26|          26|          26|
    |tmp367_fu_6264_p2        |         -|   0|  0|  32|          25|          25|
    |tmp36_fu_4903_p2         |         -|   0|  0|  28|           1|          21|
    |tmp39_fu_4913_p2         |         -|   0|  0|  24|          17|          17|
    |tmp417_fu_3844_p2        |         -|   0|  0|  33|          26|          26|
    |tmp427_fu_4092_p2        |         -|   0|  0|  31|          24|          24|
    |tmp443_fu_4514_p2        |         -|   0|  0|  29|          22|          22|
    |tmp447_fu_4770_p2        |         -|   0|  0|  31|          24|          24|
    |tmp44_fu_4952_p2         |         -|   0|  0|  19|          19|          19|
    |tmp59_fu_5967_p2         |         -|   0|  0|  24|          17|          17|
    |tmp60_fu_5977_p2         |         -|   0|  0|  25|          18|          18|
    |tmp63_fu_6003_p2         |         -|   0|  0|  19|          19|          19|
    |tmp65_fu_6015_p2         |         -|   0|  0|  19|          19|          19|
    |tmp6_fu_6656_p2          |         -|   0|  0|  18|          18|          18|
    |tmp71_fu_6684_p2         |         -|   0|  0|  24|          17|          17|
    |tmp72_fu_7061_p2         |         -|   0|  0|  25|          18|          18|
    |tmp75_fu_7087_p2         |         -|   0|  0|  19|          19|          19|
    |tmp76_fu_7093_p2         |         -|   0|  0|  19|          19|          19|
    |tmp83_fu_5790_p2         |         -|   0|  0|  24|          17|          17|
    |tmp84_fu_5800_p2         |         -|   0|  0|  25|          18|          18|
    |tmp87_fu_5826_p2         |         -|   0|  0|  19|          19|          19|
    |tmp88_fu_5832_p2         |         -|   0|  0|  19|          19|          19|
    |tmp8_fu_6672_p2          |         -|   0|  0|  19|          19|          19|
    |tmp96_fu_3139_p2         |         -|   0|  0|  27|          27|          27|
    |tmp9_fu_6678_p2          |         -|   0|  0|  19|          19|          19|
    +-------------------------+----------+----+---+----+------------+------------+
    |Total                    |          |   0|  0|7671|        6022|        6208|
    +-------------------------+----------+----+---+----+------------+------------+

    * Multiplexer: 
    +-----------------------------+------+-----------+-----+-----------+
    |             Name            |  LUT | Input Size| Bits| Total Bits|
    +-----------------------------+------+-----------+-----+-----------+
    |H_filter_FIR_address0_local  |  1465|        276|    9|       2484|
    |H_filter_FIR_address1_local  |  1465|        276|    9|       2484|
    |H_filter_FIR_d0_local        |   861|        163|   16|       2608|
    |H_filter_FIR_d1_local        |   850|        161|   16|       2576|
    |ap_NS_fsm                    |  1725|        326|    1|        326|
    |reg_1619                     |     9|          2|   16|         32|
    |reg_1626                     |     9|          2|   16|         32|
    |reg_1633                     |     9|          2|   16|         32|
    |reg_1670                     |     9|          2|   16|         32|
    |reg_1677                     |     9|          2|   16|         32|
    |reg_1684                     |     9|          2|   16|         32|
    |reg_1690                     |     9|          2|   16|         32|
    |reg_1707                     |     9|          2|   16|         32|
    |reg_1713                     |     9|          2|   16|         32|
    |reg_1734                     |     9|          2|   16|         32|
    |reg_1747                     |     9|          2|   16|         32|
    |reg_1754                     |     9|          2|   16|         32|
    |reg_1760                     |     9|          2|   16|         32|
    |reg_1767                     |     9|          2|   16|         32|
    |reg_1773                     |     9|          2|   16|         32|
    |reg_1780                     |     9|          2|   16|         32|
    |reg_1786                     |     9|          2|   16|         32|
    |reg_1792                     |     9|          2|   16|         32|
    |reg_1799                     |     9|          2|   16|         32|
    |reg_1806                     |     9|          2|   16|         32|
    |reg_1812                     |     9|          2|   16|         32|
    |reg_1818                     |     9|          2|   16|         32|
    |reg_1824                     |     9|          2|   16|         32|
    |reg_1831                     |     9|          2|   16|         32|
    |reg_1844                     |     9|          2|   16|         32|
    |reg_1856                     |     9|          2|   16|         32|
    |reg_1874                     |     9|          2|   16|         32|
    |reg_1881                     |     9|          2|   16|         32|
    |reg_1888                     |     9|          2|   16|         32|
    |reg_1901                     |     9|          2|   16|         32|
    |reg_1908                     |     9|          2|   16|         32|
    |reg_1915                     |     9|          2|   16|         32|
    |reg_1921                     |     9|          2|   16|         32|
    |reg_1933                     |     9|          2|   16|         32|
    |reg_1939                     |     9|          2|   16|         32|
    |reg_1945                     |     9|          2|   16|         32|
    |reg_1951                     |     9|          2|   16|         32|
    |reg_1963                     |     9|          2|   16|         32|
    |reg_1974                     |     9|          2|   16|         32|
    |reg_2004                     |     9|          2|   16|         32|
    |reg_2011                     |     9|          2|   16|         32|
    |reg_2024                     |     9|          2|   16|         32|
    |reg_2030                     |     9|          2|   16|         32|
    |reg_2036                     |     9|          2|   16|         32|
    |reg_2042                     |     9|          2|   16|         32|
    |reg_2053                     |     9|          2|   16|         32|
    |reg_2059                     |     9|          2|   16|         32|
    |reg_2065                     |     9|          2|   16|         32|
    |reg_2106                     |     9|          2|   16|         32|
    |reg_2113                     |     9|          2|   16|         32|
    |reg_2120                     |     9|          2|   16|         32|
    |reg_2126                     |     9|          2|   16|         32|
    |reg_2133                     |     9|          2|   16|         32|
    |reg_2139                     |     9|          2|   16|         32|
    |reg_2145                     |     9|          2|   16|         32|
    |reg_2151                     |     9|          2|   16|         32|
    |reg_2158                     |     9|          2|   16|         32|
    |reg_2165                     |     9|          2|   16|         32|
    |reg_2177                     |     9|          2|   16|         32|
    |reg_2183                     |     9|          2|   16|         32|
    |reg_2190                     |     9|          2|   16|         32|
    |reg_2202                     |     9|          2|   16|         32|
    |reg_2215                     |     9|          2|   16|         32|
    |reg_2221                     |     9|          2|   16|         32|
    |reg_2275                     |     9|          2|   16|         32|
    |reg_2282                     |     9|          2|   16|         32|
    |reg_2288                     |     9|          2|   16|         32|
    |reg_2305                     |     9|          2|   16|         32|
    |reg_2312                     |     9|          2|   16|         32|
    |reg_2318                     |     9|          2|   16|         32|
    |reg_2329                     |     9|          2|   16|         32|
    +-----------------------------+------+-----------+-----+-----------+
    |Total                        |  7005|       1344| 1187|      12750|
    +-----------------------------+------+-----------+-----+-----------+

    * Register: 
    +--------------------------------+-----+----+-----+-----------+
    |              Name              |  FF | LUT| Bits| Const Bits|
    +--------------------------------+-----+----+-----+-----------+
    |H_filter_FIR_load_101_reg_8110  |   16|   0|   16|          0|
    |H_filter_FIR_load_104_reg_8116  |   16|   0|   16|          0|
    |H_filter_FIR_load_107_reg_8122  |   16|   0|   16|          0|
    |H_filter_FIR_load_109_reg_8128  |   16|   0|   16|          0|
    |H_filter_FIR_load_116_reg_8134  |   16|   0|   16|          0|
    |H_filter_FIR_load_117_reg_8140  |   16|   0|   16|          0|
    |H_filter_FIR_load_118_reg_8775  |   16|   0|   16|          0|
    |H_filter_FIR_load_120_reg_8151  |   16|   0|   16|          0|
    |H_filter_FIR_load_121_reg_8781  |   16|   0|   16|          0|
    |H_filter_FIR_load_124_reg_8162  |   16|   0|   16|          0|
    |H_filter_FIR_load_125_reg_8168  |   16|   0|   16|          0|
    |H_filter_FIR_load_126_reg_8787  |   16|   0|   16|          0|
    |H_filter_FIR_load_129_reg_8793  |   16|   0|   16|          0|
    |H_filter_FIR_load_13_reg_8584   |   16|   0|   16|          0|
    |H_filter_FIR_load_141_reg_8804  |   16|   0|   16|          0|
    |H_filter_FIR_load_143_reg_8810  |   16|   0|   16|          0|
    |H_filter_FIR_load_146_reg_8174  |   16|   0|   16|          0|
    |H_filter_FIR_load_147_reg_8821  |   16|   0|   16|          0|
    |H_filter_FIR_load_148_reg_8827  |   16|   0|   16|          0|
    |H_filter_FIR_load_14_reg_8600   |   16|   0|   16|          0|
    |H_filter_FIR_load_151_reg_8180  |   16|   0|   16|          0|
    |H_filter_FIR_load_153_reg_8186  |   16|   0|   16|          0|
    |H_filter_FIR_load_157_reg_8192  |   16|   0|   16|          0|
    |H_filter_FIR_load_158_reg_8843  |   16|   0|   16|          0|
    |H_filter_FIR_load_160_reg_8198  |   16|   0|   16|          0|
    |H_filter_FIR_load_167_reg_8204  |   16|   0|   16|          0|
    |H_filter_FIR_load_169_reg_8210  |   16|   0|   16|          0|
    |H_filter_FIR_load_16_reg_8606   |   16|   0|   16|          0|
    |H_filter_FIR_load_171_reg_8216  |   16|   0|   16|          0|
    |H_filter_FIR_load_172_reg_8222  |   16|   0|   16|          0|
    |H_filter_FIR_load_174_reg_8228  |   16|   0|   16|          0|
    |H_filter_FIR_load_176_reg_8854  |   16|   0|   16|          0|
    |H_filter_FIR_load_179_reg_8234  |   16|   0|   16|          0|
    |H_filter_FIR_load_17_reg_9219   |   16|   0|   16|          0|
    |H_filter_FIR_load_183_reg_8240  |   16|   0|   16|          0|
    |H_filter_FIR_load_185_reg_8246  |   16|   0|   16|          0|
    |H_filter_FIR_load_189_reg_8252  |   16|   0|   16|          0|
    |H_filter_FIR_load_193_reg_7996  |   16|   0|   16|          0|
    |H_filter_FIR_load_196_reg_7990  |   16|   0|   16|          0|
    |H_filter_FIR_load_199_reg_8002  |   16|   0|   16|          0|
    |H_filter_FIR_load_19_reg_8622   |   16|   0|   16|          0|
    |H_filter_FIR_load_20_reg_9224   |   16|   0|   16|          0|
    |H_filter_FIR_load_229_reg_8875  |   16|   0|   16|          0|
    |H_filter_FIR_load_22_reg_8020   |   16|   0|   16|          0|
    |H_filter_FIR_load_230_reg_8881  |   16|   0|   16|          0|
    |H_filter_FIR_load_23_reg_8628   |   16|   0|   16|          0|
    |H_filter_FIR_load_242_reg_8897  |   16|   0|   16|          0|
    |H_filter_FIR_load_256_reg_8353  |   16|   0|   16|          0|
    |H_filter_FIR_load_267_reg_8379  |   16|   0|   16|          0|
    |H_filter_FIR_load_269_reg_8385  |   16|   0|   16|          0|
    |H_filter_FIR_load_272_reg_8390  |   16|   0|   16|          0|
    |H_filter_FIR_load_275_reg_8396  |   16|   0|   16|          0|
    |H_filter_FIR_load_277_reg_8008  |   16|   0|   16|          0|
    |H_filter_FIR_load_284_reg_8412  |   16|   0|   16|          0|
    |H_filter_FIR_load_286_reg_8418  |   16|   0|   16|          0|
    |H_filter_FIR_load_287_reg_8424  |   16|   0|   16|          0|
    |H_filter_FIR_load_288_reg_8430  |   16|   0|   16|          0|
    |H_filter_FIR_load_291_reg_8436  |   16|   0|   16|          0|
    |H_filter_FIR_load_29_reg_8026   |   16|   0|   16|          0|
    |H_filter_FIR_load_2_reg_8014    |   16|   0|   16|          0|
    |H_filter_FIR_load_302_reg_8447  |   16|   0|   16|          0|
    |H_filter_FIR_load_306_reg_8453  |   16|   0|   16|          0|
    |H_filter_FIR_load_308_reg_8568  |   16|   0|   16|          0|
    |H_filter_FIR_load_30_reg_8032   |   16|   0|   16|          0|
    |H_filter_FIR_load_310_reg_9013  |   16|   0|   16|          0|
    |H_filter_FIR_load_311_reg_9019  |   16|   0|   16|          0|
    |H_filter_FIR_load_315_reg_8459  |   16|   0|   16|          0|
    |H_filter_FIR_load_316_reg_8465  |   16|   0|   16|          0|
    |H_filter_FIR_load_317_reg_8471  |   16|   0|   16|          0|
    |H_filter_FIR_load_319_reg_9279  |   16|   0|   16|          0|
    |H_filter_FIR_load_31_reg_8634   |   16|   0|   16|          0|
    |H_filter_FIR_load_323_reg_9040  |   16|   0|   16|          0|
    |H_filter_FIR_load_325_reg_8477  |   16|   0|   16|          0|
    |H_filter_FIR_load_326_reg_8483  |   16|   0|   16|          0|
    |H_filter_FIR_load_327_reg_9046  |   16|   0|   16|          0|
    |H_filter_FIR_load_32_reg_8640   |   16|   0|   16|          0|
    |H_filter_FIR_load_330_reg_9067  |   16|   0|   16|          0|
    |H_filter_FIR_load_332_reg_9073  |   16|   0|   16|          0|
    |H_filter_FIR_load_336_reg_9094  |   16|   0|   16|          0|
    |H_filter_FIR_load_338_reg_8489  |   16|   0|   16|          0|
    |H_filter_FIR_load_33_reg_9235   |   16|   0|   16|          0|
    |H_filter_FIR_load_340_reg_9285  |   16|   0|   16|          0|
    |H_filter_FIR_load_343_reg_9291  |   16|   0|   16|          0|
    |H_filter_FIR_load_351_reg_9120  |   16|   0|   16|          0|
    |H_filter_FIR_load_353_reg_9126  |   16|   0|   16|          0|
    |H_filter_FIR_load_354_reg_9297  |   16|   0|   16|          0|
    |H_filter_FIR_load_356_reg_8495  |   16|   0|   16|          0|
    |H_filter_FIR_load_357_reg_8506  |   16|   0|   16|          0|
    |H_filter_FIR_load_35_reg_8038   |   16|   0|   16|          0|
    |H_filter_FIR_load_360_reg_9137  |   16|   0|   16|          0|
    |H_filter_FIR_load_362_reg_8512  |   16|   0|   16|          0|
    |H_filter_FIR_load_363_reg_8518  |   16|   0|   16|          0|
    |H_filter_FIR_load_365_reg_9303  |   16|   0|   16|          0|
    |H_filter_FIR_load_36_reg_8044   |   16|   0|   16|          0|
    |H_filter_FIR_load_370_reg_8524  |   16|   0|   16|          0|
    |H_filter_FIR_load_371_reg_9314  |   16|   0|   16|          0|
    |H_filter_FIR_load_374_reg_9320  |   16|   0|   16|          0|
    |H_filter_FIR_load_380_reg_9325  |   16|   0|   16|          0|
    |H_filter_FIR_load_381_reg_9331  |   16|   0|   16|          0|
    |H_filter_FIR_load_383_reg_9337  |   16|   0|   16|          0|
    |H_filter_FIR_load_387_reg_8535  |   16|   0|   16|          0|
    |H_filter_FIR_load_390_reg_8540  |   16|   0|   16|          0|
    |H_filter_FIR_load_39_reg_8646   |   16|   0|   16|          0|
    |H_filter_FIR_load_3_reg_8578    |   16|   0|   16|          0|
    |H_filter_FIR_load_40_reg_8652   |   16|   0|   16|          0|
    |H_filter_FIR_load_41_reg_8658   |   16|   0|   16|          0|
    |H_filter_FIR_load_43_reg_9246   |   16|   0|   16|          0|
    |H_filter_FIR_load_47_reg_8664   |   16|   0|   16|          0|
    |H_filter_FIR_load_48_reg_9252   |   16|   0|   16|          0|
    |H_filter_FIR_load_50_reg_8670   |   16|   0|   16|          0|
    |H_filter_FIR_load_51_reg_9258   |   16|   0|   16|          0|
    |H_filter_FIR_load_53_reg_8050   |   16|   0|   16|          0|
    |H_filter_FIR_load_54_reg_8056   |   16|   0|   16|          0|
    |H_filter_FIR_load_55_reg_8676   |   16|   0|   16|          0|
    |H_filter_FIR_load_56_reg_8682   |   16|   0|   16|          0|
    |H_filter_FIR_load_57_reg_8688   |   16|   0|   16|          0|
    |H_filter_FIR_load_58_reg_8694   |   16|   0|   16|          0|
    |H_filter_FIR_load_59_reg_8700   |   16|   0|   16|          0|
    |H_filter_FIR_load_61_reg_8706   |   16|   0|   16|          0|
    |H_filter_FIR_load_64_reg_8717   |   16|   0|   16|          0|
    |H_filter_FIR_load_66_reg_8062   |   16|   0|   16|          0|
    |H_filter_FIR_load_67_reg_8068   |   16|   0|   16|          0|
    |H_filter_FIR_load_68_reg_8723   |   16|   0|   16|          0|
    |H_filter_FIR_load_75_reg_8074   |   16|   0|   16|          0|
    |H_filter_FIR_load_76_reg_8080   |   16|   0|   16|          0|
    |H_filter_FIR_load_77_reg_8086   |   16|   0|   16|          0|
    |H_filter_FIR_load_7_reg_9187    |   16|   0|   16|          0|
    |H_filter_FIR_load_80_reg_8734   |   16|   0|   16|          0|
    |H_filter_FIR_load_81_reg_8740   |   16|   0|   16|          0|
    |H_filter_FIR_load_83_reg_8551   |   16|   0|   16|          0|
    |H_filter_FIR_load_85_reg_8092   |   16|   0|   16|          0|
    |H_filter_FIR_load_86_reg_8098   |   16|   0|   16|          0|
    |H_filter_FIR_load_87_reg_8746   |   16|   0|   16|          0|
    |H_filter_FIR_load_90_reg_8104   |   16|   0|   16|          0|
    |H_filter_FIR_load_91_reg_8752   |   16|   0|   16|          0|
    |H_filter_FIR_load_92_reg_8758   |   16|   0|   16|          0|
    |H_filter_FIR_load_93_reg_8764   |   16|   0|   16|          0|
    |H_filter_FIR_load_97_reg_8557   |   16|   0|   16|          0|
    |H_filter_FIR_load_9_reg_9208    |   16|   0|   16|          0|
    |add_ln26_101_reg_9309           |   28|   0|   28|          0|
    |add_ln26_102_reg_9198           |   24|   0|   24|          0|
    |add_ln26_103_reg_9214           |   25|   0|   25|          0|
    |add_ln26_107_reg_9352           |   26|   0|   26|          0|
    |add_ln26_109_reg_8563           |   25|   0|   25|          0|
    |add_ln26_112_reg_8799           |   27|   0|   27|          0|
    |add_ln26_113_reg_9203           |   28|   0|   28|          0|
    |add_ln26_117_reg_9357           |   31|   0|   31|          0|
    |add_ln26_12_reg_8323            |   31|   0|   31|          0|
    |add_ln26_18_reg_8887            |   29|   0|   29|          0|
    |add_ln26_21_reg_8338            |   28|   0|   28|          0|
    |add_ln26_26_reg_8892            |   29|   0|   29|          0|
    |add_ln26_28_reg_9269            |   32|   0|   32|          0|
    |add_ln26_33_reg_8918            |   28|   0|   28|          0|
    |add_ln26_37_reg_8369            |   28|   0|   28|          0|
    |add_ln26_39_reg_8374            |   27|   0|   27|          0|
    |add_ln26_41_reg_8923            |   29|   0|   29|          0|
    |add_ln26_44_reg_8849            |   28|   0|   28|          0|
    |add_ln26_45_reg_8612            |   26|   0|   26|          0|
    |add_ln26_48_reg_8938            |   29|   0|   29|          0|
    |add_ln26_52_reg_8407            |   26|   0|   26|          0|
    |add_ln26_56_reg_8963            |   30|   0|   30|          0|
    |add_ln26_57_reg_9274            |   31|   0|   31|          0|
    |add_ln26_59_reg_8157            |   26|   0|   26|          0|
    |add_ln26_5_reg_8303             |   32|   0|   32|          0|
    |add_ln26_62_reg_8838            |   27|   0|   27|          0|
    |add_ln26_64_reg_8988            |   28|   0|   28|          0|
    |add_ln26_67_reg_8998            |   27|   0|   27|          0|
    |add_ln26_68_reg_9008            |   27|   0|   27|          0|
    |add_ln26_72_reg_9025            |   29|   0|   29|          0|
    |add_ln26_74_reg_8617            |   26|   0|   26|          0|
    |add_ln26_78_reg_9052            |   28|   0|   28|          0|
    |add_ln26_81_reg_9079            |   27|   0|   27|          0|
    |add_ln26_82_reg_9110            |   25|   0|   25|          0|
    |add_ln26_87_reg_9115            |   30|   0|   30|          0|
    |add_ln26_8_reg_8313             |   30|   0|   30|          0|
    |add_ln26_93_reg_9157            |   27|   0|   27|          0|
    |add_ln26_94_reg_9241            |   25|   0|   25|          0|
    |add_ln26_99_reg_9182            |   26|   0|   26|          0|
    |add_ln26_reg_8268               |   31|   0|   31|          0|
    |ap_CS_fsm                       |  325|   0|  325|          0|
    |reg_1619                        |   16|   0|   16|          0|
    |reg_1626                        |   16|   0|   16|          0|
    |reg_1633                        |   16|   0|   16|          0|
    |reg_1640                        |   16|   0|   16|          0|
    |reg_1646                        |   16|   0|   16|          0|
    |reg_1652                        |   16|   0|   16|          0|
    |reg_1658                        |   16|   0|   16|          0|
    |reg_1664                        |   16|   0|   16|          0|
    |reg_1670                        |   16|   0|   16|          0|
    |reg_1677                        |   16|   0|   16|          0|
    |reg_1684                        |   16|   0|   16|          0|
    |reg_1690                        |   16|   0|   16|          0|
    |reg_1696                        |   16|   0|   16|          0|
    |reg_1702                        |   16|   0|   16|          0|
    |reg_1707                        |   16|   0|   16|          0|
    |reg_1713                        |   16|   0|   16|          0|
    |reg_1719                        |   16|   0|   16|          0|
    |reg_1724                        |   16|   0|   16|          0|
    |reg_1729                        |   16|   0|   16|          0|
    |reg_1734                        |   16|   0|   16|          0|
    |reg_1741                        |   16|   0|   16|          0|
    |reg_1747                        |   16|   0|   16|          0|
    |reg_1754                        |   16|   0|   16|          0|
    |reg_1760                        |   16|   0|   16|          0|
    |reg_1767                        |   16|   0|   16|          0|
    |reg_1773                        |   16|   0|   16|          0|
    |reg_1780                        |   16|   0|   16|          0|
    |reg_1786                        |   16|   0|   16|          0|
    |reg_1792                        |   16|   0|   16|          0|
    |reg_1799                        |   16|   0|   16|          0|
    |reg_1806                        |   16|   0|   16|          0|
    |reg_1812                        |   16|   0|   16|          0|
    |reg_1818                        |   16|   0|   16|          0|
    |reg_1824                        |   16|   0|   16|          0|
    |reg_1831                        |   16|   0|   16|          0|
    |reg_1838                        |   16|   0|   16|          0|
    |reg_1844                        |   16|   0|   16|          0|
    |reg_1851                        |   16|   0|   16|          0|
    |reg_1856                        |   16|   0|   16|          0|
    |reg_1863                        |   16|   0|   16|          0|
    |reg_1868                        |   16|   0|   16|          0|
    |reg_1874                        |   16|   0|   16|          0|
    |reg_1881                        |   16|   0|   16|          0|
    |reg_1888                        |   16|   0|   16|          0|
    |reg_1895                        |   16|   0|   16|          0|
    |reg_1901                        |   16|   0|   16|          0|
    |reg_1908                        |   16|   0|   16|          0|
    |reg_1915                        |   16|   0|   16|          0|
    |reg_1921                        |   16|   0|   16|          0|
    |reg_1928                        |   16|   0|   16|          0|
    |reg_1933                        |   16|   0|   16|          0|
    |reg_1939                        |   16|   0|   16|          0|
    |reg_1945                        |   16|   0|   16|          0|
    |reg_1951                        |   16|   0|   16|          0|
    |reg_1958                        |   16|   0|   16|          0|
    |reg_1963                        |   16|   0|   16|          0|
    |reg_1969                        |   16|   0|   16|          0|
    |reg_1974                        |   16|   0|   16|          0|
    |reg_1980                        |   16|   0|   16|          0|
    |reg_1986                        |   16|   0|   16|          0|
    |reg_1992                        |   16|   0|   16|          0|
    |reg_1998                        |   16|   0|   16|          0|
    |reg_2004                        |   16|   0|   16|          0|
    |reg_2011                        |   16|   0|   16|          0|
    |reg_2018                        |   16|   0|   16|          0|
    |reg_2024                        |   16|   0|   16|          0|
    |reg_2030                        |   16|   0|   16|          0|
    |reg_2036                        |   16|   0|   16|          0|
    |reg_2042                        |   16|   0|   16|          0|
    |reg_2048                        |   16|   0|   16|          0|
    |reg_2053                        |   16|   0|   16|          0|
    |reg_2059                        |   16|   0|   16|          0|
    |reg_2065                        |   16|   0|   16|          0|
    |reg_2072                        |   16|   0|   16|          0|
    |reg_2078                        |   16|   0|   16|          0|
    |reg_2084                        |   16|   0|   16|          0|
    |reg_2089                        |   16|   0|   16|          0|
    |reg_2095                        |   16|   0|   16|          0|
    |reg_2100                        |   16|   0|   16|          0|
    |reg_2106                        |   16|   0|   16|          0|
    |reg_2113                        |   16|   0|   16|          0|
    |reg_2120                        |   16|   0|   16|          0|
    |reg_2126                        |   16|   0|   16|          0|
    |reg_2133                        |   16|   0|   16|          0|
    |reg_2139                        |   16|   0|   16|          0|
    |reg_2145                        |   16|   0|   16|          0|
    |reg_2151                        |   16|   0|   16|          0|
    |reg_2158                        |   16|   0|   16|          0|
    |reg_2165                        |   16|   0|   16|          0|
    |reg_2171                        |   16|   0|   16|          0|
    |reg_2177                        |   16|   0|   16|          0|
    |reg_2183                        |   16|   0|   16|          0|
    |reg_2190                        |   16|   0|   16|          0|
    |reg_2197                        |   16|   0|   16|          0|
    |reg_2202                        |   16|   0|   16|          0|
    |reg_2209                        |   16|   0|   16|          0|
    |reg_2215                        |   16|   0|   16|          0|
    |reg_2221                        |   16|   0|   16|          0|
    |reg_2227                        |   16|   0|   16|          0|
    |reg_2233                        |   16|   0|   16|          0|
    |reg_2239                        |   16|   0|   16|          0|
    |reg_2245                        |   16|   0|   16|          0|
    |reg_2251                        |   16|   0|   16|          0|
    |reg_2257                        |   16|   0|   16|          0|
    |reg_2263                        |   16|   0|   16|          0|
    |reg_2269                        |   16|   0|   16|          0|
    |reg_2275                        |   16|   0|   16|          0|
    |reg_2282                        |   16|   0|   16|          0|
    |reg_2288                        |   16|   0|   16|          0|
    |reg_2294                        |   16|   0|   16|          0|
    |reg_2299                        |   16|   0|   16|          0|
    |reg_2305                        |   16|   0|   16|          0|
    |reg_2312                        |   16|   0|   16|          0|
    |reg_2318                        |   16|   0|   16|          0|
    |reg_2324                        |   16|   0|   16|          0|
    |reg_2329                        |   16|   0|   16|          0|
    |tmp103_reg_8729                 |   18|   0|   18|          0|
    |tmp111_reg_8933                 |   18|   0|   18|          0|
    |tmp121_reg_8712                 |   18|   0|   18|          0|
    |tmp122_reg_9132                 |   19|   0|   19|          0|
    |tmp135_reg_8968                 |   18|   0|   18|          0|
    |tmp180_reg_8343                 |   27|   0|   27|          0|
    |tmp189_reg_8770                 |   17|   0|   17|          0|
    |tmp26_reg_8958                  |   19|   0|   19|          0|
    |tmp275_reg_8546                 |   17|   0|   17|          0|
    |tmp302_reg_8501                 |   25|   0|   25|          0|
    |tmp317_reg_8263                 |   30|   0|   30|          0|
    |tmp321_reg_8278                 |   27|   0|   27|          0|
    |tmp325_reg_8283                 |   29|   0|   29|          0|
    |tmp329_reg_8293                 |   29|   0|   29|          0|
    |tmp333_reg_8298                 |   28|   0|   28|          0|
    |tmp341_reg_8308                 |   28|   0|   28|          0|
    |tmp351_reg_8318                 |   27|   0|   27|          0|
    |tmp355_reg_8328                 |   28|   0|   28|          0|
    |tmp359_reg_8333                 |   28|   0|   28|          0|
    |tmp37_reg_9084                  |   17|   0|   17|          0|
    |tmp385_reg_8348                 |   27|   0|   27|          0|
    |tmp429_reg_8442                 |   26|   0|   26|          0|
    |tmp44_reg_9105                  |   19|   0|   19|          0|
    |tmp71_reg_9347                  |   17|   0|   17|          0|
    |tmp9_reg_9342                   |   19|   0|   19|          0|
    |y_reg_9362                      |   16|   0|   16|          0|
    +--------------------------------+-----+----+-----+-----------+
    |Total                           | 6112|   0| 6112|          0|
    +--------------------------------+-----+----+-----+-----------+



================================================================
== Interface
================================================================
* Summary: 
+-----------+-----+-----+------------+--------------+--------------+
| RTL Ports | Dir | Bits|  Protocol  | Source Object|    C Type    |
+-----------+-----+-----+------------+--------------+--------------+
|ap_clk     |   in|    1|  ap_ctrl_hs|    FIR_filter|  return value|
|ap_rst     |   in|    1|  ap_ctrl_hs|    FIR_filter|  return value|
|ap_start   |   in|    1|  ap_ctrl_hs|    FIR_filter|  return value|
|ap_done    |  out|    1|  ap_ctrl_hs|    FIR_filter|  return value|
|ap_idle    |  out|    1|  ap_ctrl_hs|    FIR_filter|  return value|
|ap_ready   |  out|    1|  ap_ctrl_hs|    FIR_filter|  return value|
|ap_return  |  out|   16|  ap_ctrl_hs|    FIR_filter|  return value|
|x_n        |   in|   16|     ap_none|           x_n|        scalar|
+-----------+-----+-----+------------+--------------+--------------+

