================================================================
== Design Size Report
================================================================

* Total Instructions per Compilation Phase
+---------------+-----------------------------+--------------+----------------------------------------------------------------------------------------+
| Phase         | Step                        | Instructions | Description                                                                            |
+---------------+-----------------------------+--------------+----------------------------------------------------------------------------------------+
| Compile/Link  |                             |    736       | After all functions are compiled and linked into a single design                       |
|               |                             |              |                                                                                        |
| Unroll/Inline |                             |              | After user unroll and inline pragmas are applied                                       |
|               | (1) unroll                  | 12,158       | user unroll pragmas are applied                                                        |
|               | (2) simplification          |  3,417       | simplification of applied user unroll pragmas                                          |
|               | (3) inline                  |  3,011       | user inline pragmas are applied                                                        |
|               | (4) simplification          |  3,011       | simplification of applied user inline pragmas                                          |
|               |                             |              |                                                                                        |
| Array/Struct  |                             |              | After user array partition and struct aggregate/disaggregate pragmas are applied       |
|               | (1) array partition         |  2,736       | user array partition pragmas are applied                                               |
|               | (2) simplification          |  2,736       | simplification of applied user array partition & struct aggregate/disaggregate pragmas |
|               | (3) aggregate/disaggregate  |  2,736       | user struct aggregate/disaggregate pragmas are applied                                 |
|               | (4) array reshape           |  2,736       | apply array reshape pragmas                                                            |
|               | (5) access patterns         |  2,736       | array access pattern optmizations                                                      |
|               |                             |              |                                                                                        |
| Performance   |                             |              | After transformations are applied to meet performance pragma targets                   |
|               | (1) loop simplification     |  2,736       | loop and instruction simplification                                                    |
|               | (2) parallelization         |  2,736       | loops are unrolled or pipelined to meet performance targets                            |
|               | (3) array partition         |  2,736       | arrays are partitioned to meet performance targets                                     |
|               | (4) simplification          |  2,736       | simplification of design after performance transformations                             |
|               |                             |              |                                                                                        |
| HW Transforms |                             |              | After hardware transfomations                                                          |
|               | (1) lowering                |  2,738       | initial conversion to HW specific instructions                                         |
|               | (2) optimizations           |  2,744       | high level synthesis optimizations                                                     |
+---------------+-----------------------------+--------------+----------------------------------------------------------------------------------------+

* Instructions per Function for each Compilation Phase
+------------------+----------------+--------------+---------------+--------------+-------------+---------------+
| Function         | Location       | Compile/Link | Unroll/Inline | Array/Struct | Performance | HW Transforms |
+------------------+----------------+--------------+---------------+--------------+-------------+---------------+
| + Folded_FIR_HLS | FIR_HLS.cpp:6  | 736          | 3,011         | 2,736        | 2,736       | 2,744         |
|    FIR_filter    | FIR_HLS.cpp:18 | 711          | 3,002         | 2,727        | 2,727       | 2,728         |
+------------------+----------------+--------------+---------------+--------------+-------------+---------------+

* Design Size Message Settings
+---------------------------------------------+--------+------------------------------------------------------------------+
| Message Setting                             | Value  | Description                                                      |
+---------------------------------------------+--------+------------------------------------------------------------------+
| config_compile -design_size_maximum_warning | 100000 | Show a warning when total design instructions exceeds this value |
+---------------------------------------------+--------+------------------------------------------------------------------+


