================================================================
== Vivado Place & Route Results
================================================================
+ General Information:
    * Date:            Sun Nov 16 15:15:46 +0100 2025
    * Version:         2024.2 (Build 5238294 on Nov  8 2024)
    * Project:         Multirate_v3
    * Solution:        hls (Vivado IP Flow Target)
    * Product family:  zynquplus
    * Target device:   xck26-sfvc784-2LV-c


================================================================
== Run Constraints & Options
================================================================
+ Design Constraints & Options:
    * Place & Route target clock:  10 ns
    * C-Synthesis uncertainty:     27%

+ RTL Synthesis Options:
    * config_export -vivado_synth_strategy:     default
    * config_export -vivado_synth_design_args:  -directive sdx_optimization_effort_high

+ Place & Route Options:
    * config_export -vivado_impl_strategy:  default
    * config_export -vivado_phys_opt:       auto

+ Reporting Options:
    * config_export -vivado_report_level:      2
    * config_export -vivado_max_timing_paths:  10


================================================================
== Place & Route Resource Summary
================================================================
LUT:              9157
FF:               5238
DSP:              16
BRAM:             0
URAM:             0
SRL:              0


================================================================
== Place & Route Timing Summary
================================================================
* Timing was met
+----------------+-------------+
| Timing         | Period (ns) |
+----------------+-------------+
| Target         | 10.000      |
| Post-Synthesis | 7.309       |
| Post-Route     | 8.057       |
+----------------+-------------+


================================================================
== Place & Route Resources
================================================================
+------------------------------------------+------+------+-----+------+------+-----+--------+------+---------+----------+--------+
| Name                                     | LUT  | FF   | DSP | BRAM | URAM | SRL | Pragma | Impl | Latency | Variable | Source |
+------------------------------------------+------+------+-----+------+------+-----+--------+------+---------+----------+--------+
| inst                                     | 9157 | 5238 | 16  |      |      |     |        |      |         |          |        |
|   (inst)                                 |      | 1122 |     |      |      |     |        |      |         |          |        |
|   grp_FIR_filter_fu_473                  | 8534 | 3413 |     |      |      |     |        |      |         |          |        |
|     (grp_FIR_filter_fu_473)              | 4367 | 3413 |     |      |      |     |        |      |         |          |        |
|     mul_32s_10s_42_1_1_U61               | 81   |      |     |      |      |     |        |      |         |          |        |
|     mul_32s_10s_42_1_1_U62               | 65   |      |     |      |      |     |        |      |         |          |        |
|     mul_32s_10s_42_1_1_U63               | 51   |      |     |      |      |     |        |      |         |          |        |
|     mul_32s_10s_42_1_1_U64               | 72   |      |     |      |      |     |        |      |         |          |        |
|     mul_32s_10s_42_1_1_U65               | 46   |      |     |      |      |     |        |      |         |          |        |
|     mul_32s_10s_42_1_1_U66               | 131  |      |     |      |      |     |        |      |         |          |        |
|     mul_32s_10s_42_1_1_U67               | 49   |      |     |      |      |     |        |      |         |          |        |
|     mul_32s_10s_42_1_1_U68               | 51   |      |     |      |      |     |        |      |         |          |        |
|     mul_32s_10s_42_1_1_U69               | 91   |      |     |      |      |     |        |      |         |          |        |
|     mul_32s_10s_42_1_1_U70               | 164  |      |     |      |      |     |        |      |         |          |        |
|     mul_32s_11s_43_1_1_U71               | 153  |      |     |      |      |     |        |      |         |          |        |
|     mul_32s_11s_43_1_1_U72               | 109  |      |     |      |      |     |        |      |         |          |        |
|     mul_32s_11s_43_1_1_U73               | 89   |      |     |      |      |     |        |      |         |          |        |
|     mul_32s_11s_43_1_1_U74               | 57   |      |     |      |      |     |        |      |         |          |        |
|     mul_32s_11s_43_1_1_U75               | 132  |      |     |      |      |     |        |      |         |          |        |
|     mul_32s_11s_43_1_1_U76               | 89   |      |     |      |      |     |        |      |         |          |        |
|     mul_32s_11s_43_1_1_U77               | 133  |      |     |      |      |     |        |      |         |          |        |
|     mul_32s_11s_43_1_1_U78               | 73   |      |     |      |      |     |        |      |         |          |        |
|     mul_32s_12s_44_1_1_U79               | 103  |      |     |      |      |     |        |      |         |          |        |
|     mul_32s_12s_44_1_1_U80               | 103  |      |     |      |      |     |        |      |         |          |        |
|     mul_32s_13s_45_1_1_U81               | 128  |      |     |      |      |     |        |      |         |          |        |
|     mul_32s_13s_45_1_1_U82               | 104  |      |     |      |      |     |        |      |         |          |        |
|     mul_32s_6s_38_1_1_U33                | 55   |      |     |      |      |     |        |      |         |          |        |
|     mul_32s_6s_38_1_1_U34                | 84   |      |     |      |      |     |        |      |         |          |        |
|     mul_32s_6s_38_1_1_U35                | 35   |      |     |      |      |     |        |      |         |          |        |
|     mul_32s_6s_38_1_1_U36                | 117  |      |     |      |      |     |        |      |         |          |        |
|     mul_32s_7s_39_1_1_U37                | 26   |      |     |      |      |     |        |      |         |          |        |
|     mul_32s_7s_39_1_1_U38                | 103  |      |     |      |      |     |        |      |         |          |        |
|     mul_32s_7s_39_1_1_U39                | 49   |      |     |      |      |     |        |      |         |          |        |
|     mul_32s_7s_39_1_1_U40                | 99   |      |     |      |      |     |        |      |         |          |        |
|     mul_32s_7s_39_1_1_U41                | 24   |      |     |      |      |     |        |      |         |          |        |
|     mul_32s_7s_39_1_1_U42                | 26   |      |     |      |      |     |        |      |         |          |        |
|     mul_32s_8s_40_1_1_U43                | 123  |      |     |      |      |     |        |      |         |          |        |
|     mul_32s_8s_40_1_1_U44                | 67   |      |     |      |      |     |        |      |         |          |        |
|     mul_32s_8s_40_1_1_U45                | 68   |      |     |      |      |     |        |      |         |          |        |
|     mul_32s_8s_40_1_1_U46                | 52   |      |     |      |      |     |        |      |         |          |        |
|     mul_32s_8s_40_1_1_U47                | 69   |      |     |      |      |     |        |      |         |          |        |
|     mul_32s_8s_40_1_1_U48                | 135  |      |     |      |      |     |        |      |         |          |        |
|     mul_32s_8s_40_1_1_U49                | 52   |      |     |      |      |     |        |      |         |          |        |
|     mul_32s_8s_40_1_1_U50                | 129  |      |     |      |      |     |        |      |         |          |        |
|     mul_32s_8s_40_1_1_U51                | 52   |      |     |      |      |     |        |      |         |          |        |
|     mul_32s_8s_40_1_1_U52                | 68   |      |     |      |      |     |        |      |         |          |        |
|     mul_32s_8s_40_1_1_U53                | 117  |      |     |      |      |     |        |      |         |          |        |
|     mul_32s_8s_40_1_1_U54                | 106  |      |     |      |      |     |        |      |         |          |        |
|     mul_32s_9s_41_1_1_U55                | 164  |      |     |      |      |     |        |      |         |          |        |
|     mul_32s_9s_41_1_1_U56                | 43   |      |     |      |      |     |        |      |         |          |        |
|     mul_32s_9s_41_1_1_U57                | 60   |      |     |      |      |     |        |      |         |          |        |
|     mul_32s_9s_41_1_1_U58                | 60   |      |     |      |      |     |        |      |         |          |        |
|     mul_32s_9s_41_1_1_U59                | 43   |      |     |      |      |     |        |      |         |          |        |
|     mul_32s_9s_41_1_1_U60                | 81   |      |     |      |      |     |        |      |         |          |        |
|   grp_FIR_filter_transposed_1_fu_462     | 186  | 633  | 6   |      |      |     |        |      |         |          |        |
|     (grp_FIR_filter_transposed_1_fu_462) | 141  | 633  | 4   |      |      |     |        |      |         |          |        |
|     mac_muladd_16s_9ns_32s_32_4_0_U23    | 32   |      | 1   |      |      |     |        |      |         |          |        |
|     mul_16s_10ns_26_1_0_U22              | 13   |      | 1   |      |      |     |        |      |         |          |        |
|   grp_FIR_filter_transposed_fu_405       | 189  |      | 5   |      |      |     |        |      |         |          |        |
|     (grp_FIR_filter_transposed_fu_405)   | 74   |      |     |      |      |     |        |      |         |          |        |
|     mul_10s_16s_25_1_1_U1                | 26   |      | 1   |      |      |     |        |      |         |          |        |
|     mul_16s_10s_26_1_1_U5                |      |      | 1   |      |      |     |        |      |         |          |        |
|     mul_16s_13s_29_1_1_U2                | 29   |      | 1   |      |      |     |        |      |         |          |        |
|     mul_16s_13s_29_1_1_U4                | 30   |      | 1   |      |      |     |        |      |         |          |        |
|     mul_16s_14ns_30_1_1_U3               | 30   |      | 1   |      |      |     |        |      |         |          |        |
|   grp_FIR_filter_transposed_fu_425       | 170  |      | 5   |      |      |     |        |      |         |          |        |
|     (grp_FIR_filter_transposed_fu_425)   | 54   |      |     |      |      |     |        |      |         |          |        |
|     mul_10s_16s_25_1_1_U1                | 26   |      | 1   |      |      |     |        |      |         |          |        |
|     mul_16s_10s_26_1_1_U5                | 1    |      | 1   |      |      |     |        |      |         |          |        |
|     mul_16s_13s_29_1_1_U2                | 29   |      | 1   |      |      |     |        |      |         |          |        |
|     mul_16s_13s_29_1_1_U4                | 30   |      | 1   |      |      |     |        |      |         |          |        |
|     mul_16s_14ns_30_1_1_U3               | 30   |      | 1   |      |      |     |        |      |         |          |        |
|   regslice_both_input_r_U                | 37   | 37   |     |      |      |     |        |      |         |          |        |
|   regslice_both_output_r_U               | 42   | 33   |     |      |      |     |        |      |         |          |        |
+------------------------------------------+------+------+-----+------+------+-----+--------+------+---------+----------+--------+


================================================================
== Place & Route Fail Fast
================================================================
+-----------------------------------------------------------+-----------+--------+--------+
| Criteria                                                  | Guideline | Actual | Status |
+-----------------------------------------------------------+-----------+--------+--------+
| LUT                                                       | 70%       | 7.82%  | OK     |
| FD                                                        | 50%       | 2.24%  | OK     |
| LUTRAM+SRL                                                | 25%       | 0.00%  | OK     |
| CARRY8                                                    | 25%       | 7.92%  | OK     |
| MUXF7                                                     | 15%       | 0.00%  | OK     |
| DSP                                                       | 80%       | 1.28%  | OK     |
| RAMB/FIFO                                                 | 80%       | 0.00%  | OK     |
| URAM                                                      | 80%       | 0.00%  | OK     |
| DSP+RAMB+URAM (Avg)                                       | 70%       | 1.28%  | OK     |
| BUFGCE* + BUFGCTRL                                        | 24        | 0      | OK     |
| DONT_TOUCH (cells/nets)                                   | 0         | 0      | OK     |
| MARK_DEBUG (nets)                                         | 0         | 0      | OK     |
| Control Sets                                              | 2196      | 37     | OK     |
| Average Fanout for modules > 100k cells                   | 4         | 1.72   | OK     |
| Max Average Fanout for modules > 100k cells               | 4         | 0      | OK     |
| Non-FD high fanout nets > 10k loads                       | 0         | 0      | OK     |
+-----------------------------------------------------------+-----------+--------+--------+
| TIMING-6 (No common primary clock between related clocks) | 0         | 0      | OK     |
| TIMING-7 (No common node between related clocks)          | 0         | 0      | OK     |
| TIMING-8 (No common period between related clocks)        | 0         | 0      | OK     |
| TIMING-14 (LUT on the clock tree)                         | 0         | 0      | OK     |
| TIMING-35 (No common node in paths with the same clock)   | 0         | 0      | OK     |
+-----------------------------------------------------------+-----------+--------+--------+
| Number of paths above max LUT budgeting (0.391ns)         | 0         | 0      | OK     |
| Number of paths above max Net budgeting (0.263ns)         | 0         | 0      | OK     |
+-----------------------------------------------------------+-----------+--------+--------+


================================================================
== Place & Route Timing Paths
================================================================
* Timing was met
+-------+-------+----------------------------------------------------------------------------+-------------------------------------------------+--------------+------------+----------------+----------------+--------------+
| Path  | SLACK | STARTPOINT PIN                                                             | ENDPOINT PIN                                    | LOGIC LEVELS | MAX FANOUT | DATAPATH DELAY | DATAPATH LOGIC | DATAPATH NET |
|       |       |                                                                            |                                                 |              |            |                |          DELAY |        DELAY |
+-------+-------+----------------------------------------------------------------------------+-------------------------------------------------+--------------+------------+----------------+----------------+--------------+
| Path1 | 1.943 | grp_FIR_filter_fu_473/p_ZL19H_filter_FIR_kernel_60_load_reg_8476_reg[17]/C | grp_FIR_filter_fu_473/tmp_64_reg_8496_reg[31]/D |           27 |          3 |          8.051 |          4.005 |        4.046 |
| Path2 | 1.946 | grp_FIR_filter_fu_473/p_ZL19H_filter_FIR_kernel_60_load_reg_8476_reg[17]/C | grp_FIR_filter_fu_473/tmp_64_reg_8496_reg[30]/D |           27 |          3 |          8.048 |          4.000 |        4.048 |
| Path3 | 1.955 | grp_FIR_filter_fu_473/p_ZL19H_filter_FIR_kernel_60_load_reg_8476_reg[17]/C | grp_FIR_filter_fu_473/tmp_64_reg_8496_reg[28]/D |           27 |          3 |          8.039 |          3.992 |        4.047 |
| Path4 | 1.967 | grp_FIR_filter_fu_473/p_ZL19H_filter_FIR_kernel_60_load_reg_8476_reg[17]/C | grp_FIR_filter_fu_473/tmp_64_reg_8496_reg[29]/D |           27 |          3 |          8.027 |          3.979 |        4.048 |
| Path5 | 1.984 | grp_FIR_filter_fu_473/p_ZL19H_filter_FIR_kernel_60_load_reg_8476_reg[17]/C | grp_FIR_filter_fu_473/tmp_64_reg_8496_reg[27]/D |           27 |          3 |          8.010 |          3.964 |        4.046 |
+-------+-------+----------------------------------------------------------------------------+-------------------------------------------------+--------------+------------+----------------+----------------+--------------+

    +---------------------------------------------------------------------------+-------------------+
    | Path1 Cells                                                               | Primitive Type    |
    +---------------------------------------------------------------------------+-------------------+
    | grp_FIR_filter_fu_473/p_ZL19H_filter_FIR_kernel_60_load_reg_8476_reg[17]  | REGISTER.SDR.FDRE |
    | grp_FIR_filter_fu_473/tmp_64_reg_8496[2]_i_274                            | CLB.LUT.LUT2      |
    | grp_FIR_filter_fu_473/tmp_64_reg_8496_reg[2]_i_217                        | CLB.CARRY.CARRY8  |
    | grp_FIR_filter_fu_473/tmp_64_reg_8496[2]_i_180                            | CLB.LUT.LUT4      |
    | grp_FIR_filter_fu_473/tmp_64_reg_8496_reg[2]_i_137                        | CLB.CARRY.CARRY8  |
    | grp_FIR_filter_fu_473/tmp_64_reg_8496[2]_i_157                            | CLB.LUT.LUT2      |
    | grp_FIR_filter_fu_473/tmp_64_reg_8496[2]_i_165                            | CLB.LUT.LUT4      |
    | grp_FIR_filter_fu_473/tmp_64_reg_8496_reg[2]_i_136                        | CLB.CARRY.CARRY8  |
    | grp_FIR_filter_fu_473/tmp_64_reg_8496[2]_i_214                            | CLB.LUT.LUT4      |
    | grp_FIR_filter_fu_473/tmp_64_reg_8496_reg[2]_i_139                        | CLB.CARRY.CARRY8  |
    | grp_FIR_filter_fu_473/tmp_64_reg_8496[2]_i_144                            | CLB.LUT.LUT3      |
    | grp_FIR_filter_fu_473/tmp_64_reg_8496[2]_i_124                            | CLB.LUT.LUT5      |
    | grp_FIR_filter_fu_473/tmp_64_reg_8496[2]_i_132                            | CLB.LUT.LUT6      |
    | grp_FIR_filter_fu_473/tmp_64_reg_8496_reg[2]_i_71                         | CLB.CARRY.CARRY8  |
    | grp_FIR_filter_fu_473/tmp_64_reg_8496[2]_i_104                            | CLB.LUT.LUT3      |
    | grp_FIR_filter_fu_473/tmp_64_reg_8496[2]_i_112                            | CLB.LUT.LUT5      |
    | grp_FIR_filter_fu_473/tmp_64_reg_8496_reg[2]_i_70                         | CLB.CARRY.CARRY8  |
    | grp_FIR_filter_fu_473/tmp_64_reg_8496[31]_i_87                            | CLB.LUT.LUT3      |
    | grp_FIR_filter_fu_473/tmp_64_reg_8496[31]_i_95                            | CLB.LUT.LUT4      |
    | grp_FIR_filter_fu_473/tmp_64_reg_8496_reg[31]_i_38                        | CLB.CARRY.CARRY8  |
    | grp_FIR_filter_fu_473/tmp_64_reg_8496_reg[31]_i_31                        | CLB.CARRY.CARRY8  |
    | grp_FIR_filter_fu_473/mul_32s_11s_43_1_1_U75/tmp_64_reg_8496_reg[31]_i_11 | CLB.CARRY.CARRY8  |
    | grp_FIR_filter_fu_473/mul_32s_11s_43_1_1_U75/tmp_64_reg_8496[26]_i_12     | CLB.LUT.LUT2      |
    | grp_FIR_filter_fu_473/mul_32s_11s_43_1_1_U75/tmp_64_reg_8496_reg[26]_i_2  | CLB.CARRY.CARRY8  |
    | grp_FIR_filter_fu_473/mul_32s_11s_43_1_1_U75/tmp_64_reg_8496_reg[31]_i_2  | CLB.CARRY.CARRY8  |
    | grp_FIR_filter_fu_473/mul_32s_11s_43_1_1_U75/tmp_64_reg_8496[26]_i_4      | CLB.LUT.LUT2      |
    | grp_FIR_filter_fu_473/mul_32s_11s_43_1_1_U75/tmp_64_reg_8496_reg[26]_i_1  | CLB.CARRY.CARRY8  |
    | grp_FIR_filter_fu_473/mul_32s_11s_43_1_1_U75/tmp_64_reg_8496_reg[31]_i_1  | CLB.CARRY.CARRY8  |
    | grp_FIR_filter_fu_473/tmp_64_reg_8496_reg[31]                             | REGISTER.SDR.FDRE |
    | grp_FIR_filter_fu_473/p_ZL19H_filter_FIR_kernel_60_load_reg_8476_reg[17]  | REGISTER.SDR.FDRE |
    | grp_FIR_filter_fu_473/tmp_64_reg_8496[2]_i_274                            | CLB.LUT.LUT2      |
    | grp_FIR_filter_fu_473/tmp_64_reg_8496_reg[2]_i_217                        | CLB.CARRY.CARRY8  |
    | grp_FIR_filter_fu_473/tmp_64_reg_8496[2]_i_180                            | CLB.LUT.LUT4      |
    | grp_FIR_filter_fu_473/tmp_64_reg_8496_reg[2]_i_137                        | CLB.CARRY.CARRY8  |
    | grp_FIR_filter_fu_473/tmp_64_reg_8496[2]_i_157                            | CLB.LUT.LUT2      |
    | grp_FIR_filter_fu_473/tmp_64_reg_8496[2]_i_165                            | CLB.LUT.LUT4      |
    | grp_FIR_filter_fu_473/tmp_64_reg_8496_reg[2]_i_136                        | CLB.CARRY.CARRY8  |
    | grp_FIR_filter_fu_473/tmp_64_reg_8496[2]_i_214                            | CLB.LUT.LUT4      |
    | grp_FIR_filter_fu_473/tmp_64_reg_8496_reg[2]_i_139                        | CLB.CARRY.CARRY8  |
    | grp_FIR_filter_fu_473/tmp_64_reg_8496[2]_i_144                            | CLB.LUT.LUT3      |
    | grp_FIR_filter_fu_473/tmp_64_reg_8496[2]_i_124                            | CLB.LUT.LUT5      |
    | grp_FIR_filter_fu_473/tmp_64_reg_8496[2]_i_132                            | CLB.LUT.LUT6      |
    | grp_FIR_filter_fu_473/tmp_64_reg_8496_reg[2]_i_71                         | CLB.CARRY.CARRY8  |
    | grp_FIR_filter_fu_473/tmp_64_reg_8496[2]_i_104                            | CLB.LUT.LUT3      |
    | grp_FIR_filter_fu_473/tmp_64_reg_8496[2]_i_112                            | CLB.LUT.LUT5      |
    | grp_FIR_filter_fu_473/tmp_64_reg_8496_reg[2]_i_70                         | CLB.CARRY.CARRY8  |
    | grp_FIR_filter_fu_473/tmp_64_reg_8496[31]_i_87                            | CLB.LUT.LUT3      |
    | grp_FIR_filter_fu_473/tmp_64_reg_8496[31]_i_95                            | CLB.LUT.LUT4      |
    | grp_FIR_filter_fu_473/tmp_64_reg_8496_reg[31]_i_38                        | CLB.CARRY.CARRY8  |
    | grp_FIR_filter_fu_473/tmp_64_reg_8496_reg[31]_i_31                        | CLB.CARRY.CARRY8  |
    | grp_FIR_filter_fu_473/mul_32s_11s_43_1_1_U75/tmp_64_reg_8496_reg[31]_i_11 | CLB.CARRY.CARRY8  |
    | grp_FIR_filter_fu_473/mul_32s_11s_43_1_1_U75/tmp_64_reg_8496[26]_i_12     | CLB.LUT.LUT2      |
    | grp_FIR_filter_fu_473/mul_32s_11s_43_1_1_U75/tmp_64_reg_8496_reg[26]_i_2  | CLB.CARRY.CARRY8  |
    | grp_FIR_filter_fu_473/mul_32s_11s_43_1_1_U75/tmp_64_reg_8496_reg[31]_i_2  | CLB.CARRY.CARRY8  |
    | grp_FIR_filter_fu_473/mul_32s_11s_43_1_1_U75/tmp_64_reg_8496[26]_i_4      | CLB.LUT.LUT2      |
    | grp_FIR_filter_fu_473/mul_32s_11s_43_1_1_U75/tmp_64_reg_8496_reg[26]_i_1  | CLB.CARRY.CARRY8  |
    | grp_FIR_filter_fu_473/mul_32s_11s_43_1_1_U75/tmp_64_reg_8496_reg[31]_i_1  | CLB.CARRY.CARRY8  |
    | grp_FIR_filter_fu_473/tmp_64_reg_8496_reg[30]                             | REGISTER.SDR.FDRE |
    | grp_FIR_filter_fu_473/p_ZL19H_filter_FIR_kernel_60_load_reg_8476_reg[17]  | REGISTER.SDR.FDRE |
    | grp_FIR_filter_fu_473/tmp_64_reg_8496[2]_i_274                            | CLB.LUT.LUT2      |
    | grp_FIR_filter_fu_473/tmp_64_reg_8496_reg[2]_i_217                        | CLB.CARRY.CARRY8  |
    | grp_FIR_filter_fu_473/tmp_64_reg_8496[2]_i_180                            | CLB.LUT.LUT4      |
    | grp_FIR_filter_fu_473/tmp_64_reg_8496_reg[2]_i_137                        | CLB.CARRY.CARRY8  |
    | grp_FIR_filter_fu_473/tmp_64_reg_8496[2]_i_157                            | CLB.LUT.LUT2      |
    | grp_FIR_filter_fu_473/tmp_64_reg_8496[2]_i_165                            | CLB.LUT.LUT4      |
    | grp_FIR_filter_fu_473/tmp_64_reg_8496_reg[2]_i_136                        | CLB.CARRY.CARRY8  |
    | grp_FIR_filter_fu_473/tmp_64_reg_8496[2]_i_214                            | CLB.LUT.LUT4      |
    | grp_FIR_filter_fu_473/tmp_64_reg_8496_reg[2]_i_139                        | CLB.CARRY.CARRY8  |
    | grp_FIR_filter_fu_473/tmp_64_reg_8496[2]_i_144                            | CLB.LUT.LUT3      |
    | grp_FIR_filter_fu_473/tmp_64_reg_8496[2]_i_124                            | CLB.LUT.LUT5      |
    | grp_FIR_filter_fu_473/tmp_64_reg_8496[2]_i_132                            | CLB.LUT.LUT6      |
    | grp_FIR_filter_fu_473/tmp_64_reg_8496_reg[2]_i_71                         | CLB.CARRY.CARRY8  |
    | grp_FIR_filter_fu_473/tmp_64_reg_8496[2]_i_104                            | CLB.LUT.LUT3      |
    | grp_FIR_filter_fu_473/tmp_64_reg_8496[2]_i_112                            | CLB.LUT.LUT5      |
    | grp_FIR_filter_fu_473/tmp_64_reg_8496_reg[2]_i_70                         | CLB.CARRY.CARRY8  |
    | grp_FIR_filter_fu_473/tmp_64_reg_8496[31]_i_87                            | CLB.LUT.LUT3      |
    | grp_FIR_filter_fu_473/tmp_64_reg_8496[31]_i_95                            | CLB.LUT.LUT4      |
    | grp_FIR_filter_fu_473/tmp_64_reg_8496_reg[31]_i_38                        | CLB.CARRY.CARRY8  |
    | grp_FIR_filter_fu_473/tmp_64_reg_8496_reg[31]_i_31                        | CLB.CARRY.CARRY8  |
    | grp_FIR_filter_fu_473/mul_32s_11s_43_1_1_U75/tmp_64_reg_8496_reg[31]_i_11 | CLB.CARRY.CARRY8  |
    | grp_FIR_filter_fu_473/mul_32s_11s_43_1_1_U75/tmp_64_reg_8496[26]_i_12     | CLB.LUT.LUT2      |
    | grp_FIR_filter_fu_473/mul_32s_11s_43_1_1_U75/tmp_64_reg_8496_reg[26]_i_2  | CLB.CARRY.CARRY8  |
    | grp_FIR_filter_fu_473/mul_32s_11s_43_1_1_U75/tmp_64_reg_8496_reg[31]_i_2  | CLB.CARRY.CARRY8  |
    | grp_FIR_filter_fu_473/mul_32s_11s_43_1_1_U75/tmp_64_reg_8496[26]_i_4      | CLB.LUT.LUT2      |
    | grp_FIR_filter_fu_473/mul_32s_11s_43_1_1_U75/tmp_64_reg_8496_reg[26]_i_1  | CLB.CARRY.CARRY8  |
    | grp_FIR_filter_fu_473/mul_32s_11s_43_1_1_U75/tmp_64_reg_8496_reg[31]_i_1  | CLB.CARRY.CARRY8  |
    | grp_FIR_filter_fu_473/tmp_64_reg_8496_reg[28]                             | REGISTER.SDR.FDRE |
    | grp_FIR_filter_fu_473/p_ZL19H_filter_FIR_kernel_60_load_reg_8476_reg[17]  | REGISTER.SDR.FDRE |
    | grp_FIR_filter_fu_473/tmp_64_reg_8496[2]_i_274                            | CLB.LUT.LUT2      |
    | grp_FIR_filter_fu_473/tmp_64_reg_8496_reg[2]_i_217                        | CLB.CARRY.CARRY8  |
    | grp_FIR_filter_fu_473/tmp_64_reg_8496[2]_i_180                            | CLB.LUT.LUT4      |
    | grp_FIR_filter_fu_473/tmp_64_reg_8496_reg[2]_i_137                        | CLB.CARRY.CARRY8  |
    | grp_FIR_filter_fu_473/tmp_64_reg_8496[2]_i_157                            | CLB.LUT.LUT2      |
    | grp_FIR_filter_fu_473/tmp_64_reg_8496[2]_i_165                            | CLB.LUT.LUT4      |
    | grp_FIR_filter_fu_473/tmp_64_reg_8496_reg[2]_i_136                        | CLB.CARRY.CARRY8  |
    | grp_FIR_filter_fu_473/tmp_64_reg_8496[2]_i_214                            | CLB.LUT.LUT4      |
    | grp_FIR_filter_fu_473/tmp_64_reg_8496_reg[2]_i_139                        | CLB.CARRY.CARRY8  |
    | grp_FIR_filter_fu_473/tmp_64_reg_8496[2]_i_144                            | CLB.LUT.LUT3      |
    | grp_FIR_filter_fu_473/tmp_64_reg_8496[2]_i_124                            | CLB.LUT.LUT5      |
    | grp_FIR_filter_fu_473/tmp_64_reg_8496[2]_i_132                            | CLB.LUT.LUT6      |
    | grp_FIR_filter_fu_473/tmp_64_reg_8496_reg[2]_i_71                         | CLB.CARRY.CARRY8  |
    | grp_FIR_filter_fu_473/tmp_64_reg_8496[2]_i_104                            | CLB.LUT.LUT3      |
    | grp_FIR_filter_fu_473/tmp_64_reg_8496[2]_i_112                            | CLB.LUT.LUT5      |
    | grp_FIR_filter_fu_473/tmp_64_reg_8496_reg[2]_i_70                         | CLB.CARRY.CARRY8  |
    | grp_FIR_filter_fu_473/tmp_64_reg_8496[31]_i_87                            | CLB.LUT.LUT3      |
    | grp_FIR_filter_fu_473/tmp_64_reg_8496[31]_i_95                            | CLB.LUT.LUT4      |
    | grp_FIR_filter_fu_473/tmp_64_reg_8496_reg[31]_i_38                        | CLB.CARRY.CARRY8  |
    | grp_FIR_filter_fu_473/tmp_64_reg_8496_reg[31]_i_31                        | CLB.CARRY.CARRY8  |
    | grp_FIR_filter_fu_473/mul_32s_11s_43_1_1_U75/tmp_64_reg_8496_reg[31]_i_11 | CLB.CARRY.CARRY8  |
    | grp_FIR_filter_fu_473/mul_32s_11s_43_1_1_U75/tmp_64_reg_8496[26]_i_12     | CLB.LUT.LUT2      |
    | grp_FIR_filter_fu_473/mul_32s_11s_43_1_1_U75/tmp_64_reg_8496_reg[26]_i_2  | CLB.CARRY.CARRY8  |
    | grp_FIR_filter_fu_473/mul_32s_11s_43_1_1_U75/tmp_64_reg_8496_reg[31]_i_2  | CLB.CARRY.CARRY8  |
    | grp_FIR_filter_fu_473/mul_32s_11s_43_1_1_U75/tmp_64_reg_8496[26]_i_4      | CLB.LUT.LUT2      |
    | grp_FIR_filter_fu_473/mul_32s_11s_43_1_1_U75/tmp_64_reg_8496_reg[26]_i_1  | CLB.CARRY.CARRY8  |
    | grp_FIR_filter_fu_473/mul_32s_11s_43_1_1_U75/tmp_64_reg_8496_reg[31]_i_1  | CLB.CARRY.CARRY8  |
    | grp_FIR_filter_fu_473/tmp_64_reg_8496_reg[29]                             | REGISTER.SDR.FDRE |
    | grp_FIR_filter_fu_473/p_ZL19H_filter_FIR_kernel_60_load_reg_8476_reg[17]  | REGISTER.SDR.FDRE |
    | grp_FIR_filter_fu_473/tmp_64_reg_8496[2]_i_274                            | CLB.LUT.LUT2      |
    | grp_FIR_filter_fu_473/tmp_64_reg_8496_reg[2]_i_217                        | CLB.CARRY.CARRY8  |
    | grp_FIR_filter_fu_473/tmp_64_reg_8496[2]_i_180                            | CLB.LUT.LUT4      |
    | grp_FIR_filter_fu_473/tmp_64_reg_8496_reg[2]_i_137                        | CLB.CARRY.CARRY8  |
    | grp_FIR_filter_fu_473/tmp_64_reg_8496[2]_i_157                            | CLB.LUT.LUT2      |
    | grp_FIR_filter_fu_473/tmp_64_reg_8496[2]_i_165                            | CLB.LUT.LUT4      |
    | grp_FIR_filter_fu_473/tmp_64_reg_8496_reg[2]_i_136                        | CLB.CARRY.CARRY8  |
    | grp_FIR_filter_fu_473/tmp_64_reg_8496[2]_i_214                            | CLB.LUT.LUT4      |
    | grp_FIR_filter_fu_473/tmp_64_reg_8496_reg[2]_i_139                        | CLB.CARRY.CARRY8  |
    | grp_FIR_filter_fu_473/tmp_64_reg_8496[2]_i_144                            | CLB.LUT.LUT3      |
    | grp_FIR_filter_fu_473/tmp_64_reg_8496[2]_i_124                            | CLB.LUT.LUT5      |
    | grp_FIR_filter_fu_473/tmp_64_reg_8496[2]_i_132                            | CLB.LUT.LUT6      |
    | grp_FIR_filter_fu_473/tmp_64_reg_8496_reg[2]_i_71                         | CLB.CARRY.CARRY8  |
    | grp_FIR_filter_fu_473/tmp_64_reg_8496[2]_i_104                            | CLB.LUT.LUT3      |
    | grp_FIR_filter_fu_473/tmp_64_reg_8496[2]_i_112                            | CLB.LUT.LUT5      |
    | grp_FIR_filter_fu_473/tmp_64_reg_8496_reg[2]_i_70                         | CLB.CARRY.CARRY8  |
    | grp_FIR_filter_fu_473/tmp_64_reg_8496[31]_i_87                            | CLB.LUT.LUT3      |
    | grp_FIR_filter_fu_473/tmp_64_reg_8496[31]_i_95                            | CLB.LUT.LUT4      |
    | grp_FIR_filter_fu_473/tmp_64_reg_8496_reg[31]_i_38                        | CLB.CARRY.CARRY8  |
    | grp_FIR_filter_fu_473/tmp_64_reg_8496_reg[31]_i_31                        | CLB.CARRY.CARRY8  |
    | grp_FIR_filter_fu_473/mul_32s_11s_43_1_1_U75/tmp_64_reg_8496_reg[31]_i_11 | CLB.CARRY.CARRY8  |
    | grp_FIR_filter_fu_473/mul_32s_11s_43_1_1_U75/tmp_64_reg_8496[26]_i_12     | CLB.LUT.LUT2      |
    | grp_FIR_filter_fu_473/mul_32s_11s_43_1_1_U75/tmp_64_reg_8496_reg[26]_i_2  | CLB.CARRY.CARRY8  |
    | grp_FIR_filter_fu_473/mul_32s_11s_43_1_1_U75/tmp_64_reg_8496_reg[31]_i_2  | CLB.CARRY.CARRY8  |
    | grp_FIR_filter_fu_473/mul_32s_11s_43_1_1_U75/tmp_64_reg_8496[26]_i_4      | CLB.LUT.LUT2      |
    | grp_FIR_filter_fu_473/mul_32s_11s_43_1_1_U75/tmp_64_reg_8496_reg[26]_i_1  | CLB.CARRY.CARRY8  |
    | grp_FIR_filter_fu_473/mul_32s_11s_43_1_1_U75/tmp_64_reg_8496_reg[31]_i_1  | CLB.CARRY.CARRY8  |
    | grp_FIR_filter_fu_473/tmp_64_reg_8496_reg[27]                             | REGISTER.SDR.FDRE |
    +---------------------------------------------------------------------------+-------------------+

    +---------------------------------------------------------------------------+-------------------+
    | Path2 Cells                                                               | Primitive Type    |
    +---------------------------------------------------------------------------+-------------------+
    | grp_FIR_filter_fu_473/p_ZL19H_filter_FIR_kernel_60_load_reg_8476_reg[17]  | REGISTER.SDR.FDRE |
    | grp_FIR_filter_fu_473/tmp_64_reg_8496[2]_i_274                            | CLB.LUT.LUT2      |
    | grp_FIR_filter_fu_473/tmp_64_reg_8496_reg[2]_i_217                        | CLB.CARRY.CARRY8  |
    | grp_FIR_filter_fu_473/tmp_64_reg_8496[2]_i_180                            | CLB.LUT.LUT4      |
    | grp_FIR_filter_fu_473/tmp_64_reg_8496_reg[2]_i_137                        | CLB.CARRY.CARRY8  |
    | grp_FIR_filter_fu_473/tmp_64_reg_8496[2]_i_157                            | CLB.LUT.LUT2      |
    | grp_FIR_filter_fu_473/tmp_64_reg_8496[2]_i_165                            | CLB.LUT.LUT4      |
    | grp_FIR_filter_fu_473/tmp_64_reg_8496_reg[2]_i_136                        | CLB.CARRY.CARRY8  |
    | grp_FIR_filter_fu_473/tmp_64_reg_8496[2]_i_214                            | CLB.LUT.LUT4      |
    | grp_FIR_filter_fu_473/tmp_64_reg_8496_reg[2]_i_139                        | CLB.CARRY.CARRY8  |
    | grp_FIR_filter_fu_473/tmp_64_reg_8496[2]_i_144                            | CLB.LUT.LUT3      |
    | grp_FIR_filter_fu_473/tmp_64_reg_8496[2]_i_124                            | CLB.LUT.LUT5      |
    | grp_FIR_filter_fu_473/tmp_64_reg_8496[2]_i_132                            | CLB.LUT.LUT6      |
    | grp_FIR_filter_fu_473/tmp_64_reg_8496_reg[2]_i_71                         | CLB.CARRY.CARRY8  |
    | grp_FIR_filter_fu_473/tmp_64_reg_8496[2]_i_104                            | CLB.LUT.LUT3      |
    | grp_FIR_filter_fu_473/tmp_64_reg_8496[2]_i_112                            | CLB.LUT.LUT5      |
    | grp_FIR_filter_fu_473/tmp_64_reg_8496_reg[2]_i_70                         | CLB.CARRY.CARRY8  |
    | grp_FIR_filter_fu_473/tmp_64_reg_8496[31]_i_87                            | CLB.LUT.LUT3      |
    | grp_FIR_filter_fu_473/tmp_64_reg_8496[31]_i_95                            | CLB.LUT.LUT4      |
    | grp_FIR_filter_fu_473/tmp_64_reg_8496_reg[31]_i_38                        | CLB.CARRY.CARRY8  |
    | grp_FIR_filter_fu_473/tmp_64_reg_8496_reg[31]_i_31                        | CLB.CARRY.CARRY8  |
    | grp_FIR_filter_fu_473/mul_32s_11s_43_1_1_U75/tmp_64_reg_8496_reg[31]_i_11 | CLB.CARRY.CARRY8  |
    | grp_FIR_filter_fu_473/mul_32s_11s_43_1_1_U75/tmp_64_reg_8496[26]_i_12     | CLB.LUT.LUT2      |
    | grp_FIR_filter_fu_473/mul_32s_11s_43_1_1_U75/tmp_64_reg_8496_reg[26]_i_2  | CLB.CARRY.CARRY8  |
    | grp_FIR_filter_fu_473/mul_32s_11s_43_1_1_U75/tmp_64_reg_8496_reg[31]_i_2  | CLB.CARRY.CARRY8  |
    | grp_FIR_filter_fu_473/mul_32s_11s_43_1_1_U75/tmp_64_reg_8496[26]_i_4      | CLB.LUT.LUT2      |
    | grp_FIR_filter_fu_473/mul_32s_11s_43_1_1_U75/tmp_64_reg_8496_reg[26]_i_1  | CLB.CARRY.CARRY8  |
    | grp_FIR_filter_fu_473/mul_32s_11s_43_1_1_U75/tmp_64_reg_8496_reg[31]_i_1  | CLB.CARRY.CARRY8  |
    | grp_FIR_filter_fu_473/tmp_64_reg_8496_reg[31]                             | REGISTER.SDR.FDRE |
    | grp_FIR_filter_fu_473/p_ZL19H_filter_FIR_kernel_60_load_reg_8476_reg[17]  | REGISTER.SDR.FDRE |
    | grp_FIR_filter_fu_473/tmp_64_reg_8496[2]_i_274                            | CLB.LUT.LUT2      |
    | grp_FIR_filter_fu_473/tmp_64_reg_8496_reg[2]_i_217                        | CLB.CARRY.CARRY8  |
    | grp_FIR_filter_fu_473/tmp_64_reg_8496[2]_i_180                            | CLB.LUT.LUT4      |
    | grp_FIR_filter_fu_473/tmp_64_reg_8496_reg[2]_i_137                        | CLB.CARRY.CARRY8  |
    | grp_FIR_filter_fu_473/tmp_64_reg_8496[2]_i_157                            | CLB.LUT.LUT2      |
    | grp_FIR_filter_fu_473/tmp_64_reg_8496[2]_i_165                            | CLB.LUT.LUT4      |
    | grp_FIR_filter_fu_473/tmp_64_reg_8496_reg[2]_i_136                        | CLB.CARRY.CARRY8  |
    | grp_FIR_filter_fu_473/tmp_64_reg_8496[2]_i_214                            | CLB.LUT.LUT4      |
    | grp_FIR_filter_fu_473/tmp_64_reg_8496_reg[2]_i_139                        | CLB.CARRY.CARRY8  |
    | grp_FIR_filter_fu_473/tmp_64_reg_8496[2]_i_144                            | CLB.LUT.LUT3      |
    | grp_FIR_filter_fu_473/tmp_64_reg_8496[2]_i_124                            | CLB.LUT.LUT5      |
    | grp_FIR_filter_fu_473/tmp_64_reg_8496[2]_i_132                            | CLB.LUT.LUT6      |
    | grp_FIR_filter_fu_473/tmp_64_reg_8496_reg[2]_i_71                         | CLB.CARRY.CARRY8  |
    | grp_FIR_filter_fu_473/tmp_64_reg_8496[2]_i_104                            | CLB.LUT.LUT3      |
    | grp_FIR_filter_fu_473/tmp_64_reg_8496[2]_i_112                            | CLB.LUT.LUT5      |
    | grp_FIR_filter_fu_473/tmp_64_reg_8496_reg[2]_i_70                         | CLB.CARRY.CARRY8  |
    | grp_FIR_filter_fu_473/tmp_64_reg_8496[31]_i_87                            | CLB.LUT.LUT3      |
    | grp_FIR_filter_fu_473/tmp_64_reg_8496[31]_i_95                            | CLB.LUT.LUT4      |
    | grp_FIR_filter_fu_473/tmp_64_reg_8496_reg[31]_i_38                        | CLB.CARRY.CARRY8  |
    | grp_FIR_filter_fu_473/tmp_64_reg_8496_reg[31]_i_31                        | CLB.CARRY.CARRY8  |
    | grp_FIR_filter_fu_473/mul_32s_11s_43_1_1_U75/tmp_64_reg_8496_reg[31]_i_11 | CLB.CARRY.CARRY8  |
    | grp_FIR_filter_fu_473/mul_32s_11s_43_1_1_U75/tmp_64_reg_8496[26]_i_12     | CLB.LUT.LUT2      |
    | grp_FIR_filter_fu_473/mul_32s_11s_43_1_1_U75/tmp_64_reg_8496_reg[26]_i_2  | CLB.CARRY.CARRY8  |
    | grp_FIR_filter_fu_473/mul_32s_11s_43_1_1_U75/tmp_64_reg_8496_reg[31]_i_2  | CLB.CARRY.CARRY8  |
    | grp_FIR_filter_fu_473/mul_32s_11s_43_1_1_U75/tmp_64_reg_8496[26]_i_4      | CLB.LUT.LUT2      |
    | grp_FIR_filter_fu_473/mul_32s_11s_43_1_1_U75/tmp_64_reg_8496_reg[26]_i_1  | CLB.CARRY.CARRY8  |
    | grp_FIR_filter_fu_473/mul_32s_11s_43_1_1_U75/tmp_64_reg_8496_reg[31]_i_1  | CLB.CARRY.CARRY8  |
    | grp_FIR_filter_fu_473/tmp_64_reg_8496_reg[30]                             | REGISTER.SDR.FDRE |
    | grp_FIR_filter_fu_473/p_ZL19H_filter_FIR_kernel_60_load_reg_8476_reg[17]  | REGISTER.SDR.FDRE |
    | grp_FIR_filter_fu_473/tmp_64_reg_8496[2]_i_274                            | CLB.LUT.LUT2      |
    | grp_FIR_filter_fu_473/tmp_64_reg_8496_reg[2]_i_217                        | CLB.CARRY.CARRY8  |
    | grp_FIR_filter_fu_473/tmp_64_reg_8496[2]_i_180                            | CLB.LUT.LUT4      |
    | grp_FIR_filter_fu_473/tmp_64_reg_8496_reg[2]_i_137                        | CLB.CARRY.CARRY8  |
    | grp_FIR_filter_fu_473/tmp_64_reg_8496[2]_i_157                            | CLB.LUT.LUT2      |
    | grp_FIR_filter_fu_473/tmp_64_reg_8496[2]_i_165                            | CLB.LUT.LUT4      |
    | grp_FIR_filter_fu_473/tmp_64_reg_8496_reg[2]_i_136                        | CLB.CARRY.CARRY8  |
    | grp_FIR_filter_fu_473/tmp_64_reg_8496[2]_i_214                            | CLB.LUT.LUT4      |
    | grp_FIR_filter_fu_473/tmp_64_reg_8496_reg[2]_i_139                        | CLB.CARRY.CARRY8  |
    | grp_FIR_filter_fu_473/tmp_64_reg_8496[2]_i_144                            | CLB.LUT.LUT3      |
    | grp_FIR_filter_fu_473/tmp_64_reg_8496[2]_i_124                            | CLB.LUT.LUT5      |
    | grp_FIR_filter_fu_473/tmp_64_reg_8496[2]_i_132                            | CLB.LUT.LUT6      |
    | grp_FIR_filter_fu_473/tmp_64_reg_8496_reg[2]_i_71                         | CLB.CARRY.CARRY8  |
    | grp_FIR_filter_fu_473/tmp_64_reg_8496[2]_i_104                            | CLB.LUT.LUT3      |
    | grp_FIR_filter_fu_473/tmp_64_reg_8496[2]_i_112                            | CLB.LUT.LUT5      |
    | grp_FIR_filter_fu_473/tmp_64_reg_8496_reg[2]_i_70                         | CLB.CARRY.CARRY8  |
    | grp_FIR_filter_fu_473/tmp_64_reg_8496[31]_i_87                            | CLB.LUT.LUT3      |
    | grp_FIR_filter_fu_473/tmp_64_reg_8496[31]_i_95                            | CLB.LUT.LUT4      |
    | grp_FIR_filter_fu_473/tmp_64_reg_8496_reg[31]_i_38                        | CLB.CARRY.CARRY8  |
    | grp_FIR_filter_fu_473/tmp_64_reg_8496_reg[31]_i_31                        | CLB.CARRY.CARRY8  |
    | grp_FIR_filter_fu_473/mul_32s_11s_43_1_1_U75/tmp_64_reg_8496_reg[31]_i_11 | CLB.CARRY.CARRY8  |
    | grp_FIR_filter_fu_473/mul_32s_11s_43_1_1_U75/tmp_64_reg_8496[26]_i_12     | CLB.LUT.LUT2      |
    | grp_FIR_filter_fu_473/mul_32s_11s_43_1_1_U75/tmp_64_reg_8496_reg[26]_i_2  | CLB.CARRY.CARRY8  |
    | grp_FIR_filter_fu_473/mul_32s_11s_43_1_1_U75/tmp_64_reg_8496_reg[31]_i_2  | CLB.CARRY.CARRY8  |
    | grp_FIR_filter_fu_473/mul_32s_11s_43_1_1_U75/tmp_64_reg_8496[26]_i_4      | CLB.LUT.LUT2      |
    | grp_FIR_filter_fu_473/mul_32s_11s_43_1_1_U75/tmp_64_reg_8496_reg[26]_i_1  | CLB.CARRY.CARRY8  |
    | grp_FIR_filter_fu_473/mul_32s_11s_43_1_1_U75/tmp_64_reg_8496_reg[31]_i_1  | CLB.CARRY.CARRY8  |
    | grp_FIR_filter_fu_473/tmp_64_reg_8496_reg[28]                             | REGISTER.SDR.FDRE |
    | grp_FIR_filter_fu_473/p_ZL19H_filter_FIR_kernel_60_load_reg_8476_reg[17]  | REGISTER.SDR.FDRE |
    | grp_FIR_filter_fu_473/tmp_64_reg_8496[2]_i_274                            | CLB.LUT.LUT2      |
    | grp_FIR_filter_fu_473/tmp_64_reg_8496_reg[2]_i_217                        | CLB.CARRY.CARRY8  |
    | grp_FIR_filter_fu_473/tmp_64_reg_8496[2]_i_180                            | CLB.LUT.LUT4      |
    | grp_FIR_filter_fu_473/tmp_64_reg_8496_reg[2]_i_137                        | CLB.CARRY.CARRY8  |
    | grp_FIR_filter_fu_473/tmp_64_reg_8496[2]_i_157                            | CLB.LUT.LUT2      |
    | grp_FIR_filter_fu_473/tmp_64_reg_8496[2]_i_165                            | CLB.LUT.LUT4      |
    | grp_FIR_filter_fu_473/tmp_64_reg_8496_reg[2]_i_136                        | CLB.CARRY.CARRY8  |
    | grp_FIR_filter_fu_473/tmp_64_reg_8496[2]_i_214                            | CLB.LUT.LUT4      |
    | grp_FIR_filter_fu_473/tmp_64_reg_8496_reg[2]_i_139                        | CLB.CARRY.CARRY8  |
    | grp_FIR_filter_fu_473/tmp_64_reg_8496[2]_i_144                            | CLB.LUT.LUT3      |
    | grp_FIR_filter_fu_473/tmp_64_reg_8496[2]_i_124                            | CLB.LUT.LUT5      |
    | grp_FIR_filter_fu_473/tmp_64_reg_8496[2]_i_132                            | CLB.LUT.LUT6      |
    | grp_FIR_filter_fu_473/tmp_64_reg_8496_reg[2]_i_71                         | CLB.CARRY.CARRY8  |
    | grp_FIR_filter_fu_473/tmp_64_reg_8496[2]_i_104                            | CLB.LUT.LUT3      |
    | grp_FIR_filter_fu_473/tmp_64_reg_8496[2]_i_112                            | CLB.LUT.LUT5      |
    | grp_FIR_filter_fu_473/tmp_64_reg_8496_reg[2]_i_70                         | CLB.CARRY.CARRY8  |
    | grp_FIR_filter_fu_473/tmp_64_reg_8496[31]_i_87                            | CLB.LUT.LUT3      |
    | grp_FIR_filter_fu_473/tmp_64_reg_8496[31]_i_95                            | CLB.LUT.LUT4      |
    | grp_FIR_filter_fu_473/tmp_64_reg_8496_reg[31]_i_38                        | CLB.CARRY.CARRY8  |
    | grp_FIR_filter_fu_473/tmp_64_reg_8496_reg[31]_i_31                        | CLB.CARRY.CARRY8  |
    | grp_FIR_filter_fu_473/mul_32s_11s_43_1_1_U75/tmp_64_reg_8496_reg[31]_i_11 | CLB.CARRY.CARRY8  |
    | grp_FIR_filter_fu_473/mul_32s_11s_43_1_1_U75/tmp_64_reg_8496[26]_i_12     | CLB.LUT.LUT2      |
    | grp_FIR_filter_fu_473/mul_32s_11s_43_1_1_U75/tmp_64_reg_8496_reg[26]_i_2  | CLB.CARRY.CARRY8  |
    | grp_FIR_filter_fu_473/mul_32s_11s_43_1_1_U75/tmp_64_reg_8496_reg[31]_i_2  | CLB.CARRY.CARRY8  |
    | grp_FIR_filter_fu_473/mul_32s_11s_43_1_1_U75/tmp_64_reg_8496[26]_i_4      | CLB.LUT.LUT2      |
    | grp_FIR_filter_fu_473/mul_32s_11s_43_1_1_U75/tmp_64_reg_8496_reg[26]_i_1  | CLB.CARRY.CARRY8  |
    | grp_FIR_filter_fu_473/mul_32s_11s_43_1_1_U75/tmp_64_reg_8496_reg[31]_i_1  | CLB.CARRY.CARRY8  |
    | grp_FIR_filter_fu_473/tmp_64_reg_8496_reg[29]                             | REGISTER.SDR.FDRE |
    | grp_FIR_filter_fu_473/p_ZL19H_filter_FIR_kernel_60_load_reg_8476_reg[17]  | REGISTER.SDR.FDRE |
    | grp_FIR_filter_fu_473/tmp_64_reg_8496[2]_i_274                            | CLB.LUT.LUT2      |
    | grp_FIR_filter_fu_473/tmp_64_reg_8496_reg[2]_i_217                        | CLB.CARRY.CARRY8  |
    | grp_FIR_filter_fu_473/tmp_64_reg_8496[2]_i_180                            | CLB.LUT.LUT4      |
    | grp_FIR_filter_fu_473/tmp_64_reg_8496_reg[2]_i_137                        | CLB.CARRY.CARRY8  |
    | grp_FIR_filter_fu_473/tmp_64_reg_8496[2]_i_157                            | CLB.LUT.LUT2      |
    | grp_FIR_filter_fu_473/tmp_64_reg_8496[2]_i_165                            | CLB.LUT.LUT4      |
    | grp_FIR_filter_fu_473/tmp_64_reg_8496_reg[2]_i_136                        | CLB.CARRY.CARRY8  |
    | grp_FIR_filter_fu_473/tmp_64_reg_8496[2]_i_214                            | CLB.LUT.LUT4      |
    | grp_FIR_filter_fu_473/tmp_64_reg_8496_reg[2]_i_139                        | CLB.CARRY.CARRY8  |
    | grp_FIR_filter_fu_473/tmp_64_reg_8496[2]_i_144                            | CLB.LUT.LUT3      |
    | grp_FIR_filter_fu_473/tmp_64_reg_8496[2]_i_124                            | CLB.LUT.LUT5      |
    | grp_FIR_filter_fu_473/tmp_64_reg_8496[2]_i_132                            | CLB.LUT.LUT6      |
    | grp_FIR_filter_fu_473/tmp_64_reg_8496_reg[2]_i_71                         | CLB.CARRY.CARRY8  |
    | grp_FIR_filter_fu_473/tmp_64_reg_8496[2]_i_104                            | CLB.LUT.LUT3      |
    | grp_FIR_filter_fu_473/tmp_64_reg_8496[2]_i_112                            | CLB.LUT.LUT5      |
    | grp_FIR_filter_fu_473/tmp_64_reg_8496_reg[2]_i_70                         | CLB.CARRY.CARRY8  |
    | grp_FIR_filter_fu_473/tmp_64_reg_8496[31]_i_87                            | CLB.LUT.LUT3      |
    | grp_FIR_filter_fu_473/tmp_64_reg_8496[31]_i_95                            | CLB.LUT.LUT4      |
    | grp_FIR_filter_fu_473/tmp_64_reg_8496_reg[31]_i_38                        | CLB.CARRY.CARRY8  |
    | grp_FIR_filter_fu_473/tmp_64_reg_8496_reg[31]_i_31                        | CLB.CARRY.CARRY8  |
    | grp_FIR_filter_fu_473/mul_32s_11s_43_1_1_U75/tmp_64_reg_8496_reg[31]_i_11 | CLB.CARRY.CARRY8  |
    | grp_FIR_filter_fu_473/mul_32s_11s_43_1_1_U75/tmp_64_reg_8496[26]_i_12     | CLB.LUT.LUT2      |
    | grp_FIR_filter_fu_473/mul_32s_11s_43_1_1_U75/tmp_64_reg_8496_reg[26]_i_2  | CLB.CARRY.CARRY8  |
    | grp_FIR_filter_fu_473/mul_32s_11s_43_1_1_U75/tmp_64_reg_8496_reg[31]_i_2  | CLB.CARRY.CARRY8  |
    | grp_FIR_filter_fu_473/mul_32s_11s_43_1_1_U75/tmp_64_reg_8496[26]_i_4      | CLB.LUT.LUT2      |
    | grp_FIR_filter_fu_473/mul_32s_11s_43_1_1_U75/tmp_64_reg_8496_reg[26]_i_1  | CLB.CARRY.CARRY8  |
    | grp_FIR_filter_fu_473/mul_32s_11s_43_1_1_U75/tmp_64_reg_8496_reg[31]_i_1  | CLB.CARRY.CARRY8  |
    | grp_FIR_filter_fu_473/tmp_64_reg_8496_reg[27]                             | REGISTER.SDR.FDRE |
    +---------------------------------------------------------------------------+-------------------+

    +---------------------------------------------------------------------------+-------------------+
    | Path3 Cells                                                               | Primitive Type    |
    +---------------------------------------------------------------------------+-------------------+
    | grp_FIR_filter_fu_473/p_ZL19H_filter_FIR_kernel_60_load_reg_8476_reg[17]  | REGISTER.SDR.FDRE |
    | grp_FIR_filter_fu_473/tmp_64_reg_8496[2]_i_274                            | CLB.LUT.LUT2      |
    | grp_FIR_filter_fu_473/tmp_64_reg_8496_reg[2]_i_217                        | CLB.CARRY.CARRY8  |
    | grp_FIR_filter_fu_473/tmp_64_reg_8496[2]_i_180                            | CLB.LUT.LUT4      |
    | grp_FIR_filter_fu_473/tmp_64_reg_8496_reg[2]_i_137                        | CLB.CARRY.CARRY8  |
    | grp_FIR_filter_fu_473/tmp_64_reg_8496[2]_i_157                            | CLB.LUT.LUT2      |
    | grp_FIR_filter_fu_473/tmp_64_reg_8496[2]_i_165                            | CLB.LUT.LUT4      |
    | grp_FIR_filter_fu_473/tmp_64_reg_8496_reg[2]_i_136                        | CLB.CARRY.CARRY8  |
    | grp_FIR_filter_fu_473/tmp_64_reg_8496[2]_i_214                            | CLB.LUT.LUT4      |
    | grp_FIR_filter_fu_473/tmp_64_reg_8496_reg[2]_i_139                        | CLB.CARRY.CARRY8  |
    | grp_FIR_filter_fu_473/tmp_64_reg_8496[2]_i_144                            | CLB.LUT.LUT3      |
    | grp_FIR_filter_fu_473/tmp_64_reg_8496[2]_i_124                            | CLB.LUT.LUT5      |
    | grp_FIR_filter_fu_473/tmp_64_reg_8496[2]_i_132                            | CLB.LUT.LUT6      |
    | grp_FIR_filter_fu_473/tmp_64_reg_8496_reg[2]_i_71                         | CLB.CARRY.CARRY8  |
    | grp_FIR_filter_fu_473/tmp_64_reg_8496[2]_i_104                            | CLB.LUT.LUT3      |
    | grp_FIR_filter_fu_473/tmp_64_reg_8496[2]_i_112                            | CLB.LUT.LUT5      |
    | grp_FIR_filter_fu_473/tmp_64_reg_8496_reg[2]_i_70                         | CLB.CARRY.CARRY8  |
    | grp_FIR_filter_fu_473/tmp_64_reg_8496[31]_i_87                            | CLB.LUT.LUT3      |
    | grp_FIR_filter_fu_473/tmp_64_reg_8496[31]_i_95                            | CLB.LUT.LUT4      |
    | grp_FIR_filter_fu_473/tmp_64_reg_8496_reg[31]_i_38                        | CLB.CARRY.CARRY8  |
    | grp_FIR_filter_fu_473/tmp_64_reg_8496_reg[31]_i_31                        | CLB.CARRY.CARRY8  |
    | grp_FIR_filter_fu_473/mul_32s_11s_43_1_1_U75/tmp_64_reg_8496_reg[31]_i_11 | CLB.CARRY.CARRY8  |
    | grp_FIR_filter_fu_473/mul_32s_11s_43_1_1_U75/tmp_64_reg_8496[26]_i_12     | CLB.LUT.LUT2      |
    | grp_FIR_filter_fu_473/mul_32s_11s_43_1_1_U75/tmp_64_reg_8496_reg[26]_i_2  | CLB.CARRY.CARRY8  |
    | grp_FIR_filter_fu_473/mul_32s_11s_43_1_1_U75/tmp_64_reg_8496_reg[31]_i_2  | CLB.CARRY.CARRY8  |
    | grp_FIR_filter_fu_473/mul_32s_11s_43_1_1_U75/tmp_64_reg_8496[26]_i_4      | CLB.LUT.LUT2      |
    | grp_FIR_filter_fu_473/mul_32s_11s_43_1_1_U75/tmp_64_reg_8496_reg[26]_i_1  | CLB.CARRY.CARRY8  |
    | grp_FIR_filter_fu_473/mul_32s_11s_43_1_1_U75/tmp_64_reg_8496_reg[31]_i_1  | CLB.CARRY.CARRY8  |
    | grp_FIR_filter_fu_473/tmp_64_reg_8496_reg[31]                             | REGISTER.SDR.FDRE |
    | grp_FIR_filter_fu_473/p_ZL19H_filter_FIR_kernel_60_load_reg_8476_reg[17]  | REGISTER.SDR.FDRE |
    | grp_FIR_filter_fu_473/tmp_64_reg_8496[2]_i_274                            | CLB.LUT.LUT2      |
    | grp_FIR_filter_fu_473/tmp_64_reg_8496_reg[2]_i_217                        | CLB.CARRY.CARRY8  |
    | grp_FIR_filter_fu_473/tmp_64_reg_8496[2]_i_180                            | CLB.LUT.LUT4      |
    | grp_FIR_filter_fu_473/tmp_64_reg_8496_reg[2]_i_137                        | CLB.CARRY.CARRY8  |
    | grp_FIR_filter_fu_473/tmp_64_reg_8496[2]_i_157                            | CLB.LUT.LUT2      |
    | grp_FIR_filter_fu_473/tmp_64_reg_8496[2]_i_165                            | CLB.LUT.LUT4      |
    | grp_FIR_filter_fu_473/tmp_64_reg_8496_reg[2]_i_136                        | CLB.CARRY.CARRY8  |
    | grp_FIR_filter_fu_473/tmp_64_reg_8496[2]_i_214                            | CLB.LUT.LUT4      |
    | grp_FIR_filter_fu_473/tmp_64_reg_8496_reg[2]_i_139                        | CLB.CARRY.CARRY8  |
    | grp_FIR_filter_fu_473/tmp_64_reg_8496[2]_i_144                            | CLB.LUT.LUT3      |
    | grp_FIR_filter_fu_473/tmp_64_reg_8496[2]_i_124                            | CLB.LUT.LUT5      |
    | grp_FIR_filter_fu_473/tmp_64_reg_8496[2]_i_132                            | CLB.LUT.LUT6      |
    | grp_FIR_filter_fu_473/tmp_64_reg_8496_reg[2]_i_71                         | CLB.CARRY.CARRY8  |
    | grp_FIR_filter_fu_473/tmp_64_reg_8496[2]_i_104                            | CLB.LUT.LUT3      |
    | grp_FIR_filter_fu_473/tmp_64_reg_8496[2]_i_112                            | CLB.LUT.LUT5      |
    | grp_FIR_filter_fu_473/tmp_64_reg_8496_reg[2]_i_70                         | CLB.CARRY.CARRY8  |
    | grp_FIR_filter_fu_473/tmp_64_reg_8496[31]_i_87                            | CLB.LUT.LUT3      |
    | grp_FIR_filter_fu_473/tmp_64_reg_8496[31]_i_95                            | CLB.LUT.LUT4      |
    | grp_FIR_filter_fu_473/tmp_64_reg_8496_reg[31]_i_38                        | CLB.CARRY.CARRY8  |
    | grp_FIR_filter_fu_473/tmp_64_reg_8496_reg[31]_i_31                        | CLB.CARRY.CARRY8  |
    | grp_FIR_filter_fu_473/mul_32s_11s_43_1_1_U75/tmp_64_reg_8496_reg[31]_i_11 | CLB.CARRY.CARRY8  |
    | grp_FIR_filter_fu_473/mul_32s_11s_43_1_1_U75/tmp_64_reg_8496[26]_i_12     | CLB.LUT.LUT2      |
    | grp_FIR_filter_fu_473/mul_32s_11s_43_1_1_U75/tmp_64_reg_8496_reg[26]_i_2  | CLB.CARRY.CARRY8  |
    | grp_FIR_filter_fu_473/mul_32s_11s_43_1_1_U75/tmp_64_reg_8496_reg[31]_i_2  | CLB.CARRY.CARRY8  |
    | grp_FIR_filter_fu_473/mul_32s_11s_43_1_1_U75/tmp_64_reg_8496[26]_i_4      | CLB.LUT.LUT2      |
    | grp_FIR_filter_fu_473/mul_32s_11s_43_1_1_U75/tmp_64_reg_8496_reg[26]_i_1  | CLB.CARRY.CARRY8  |
    | grp_FIR_filter_fu_473/mul_32s_11s_43_1_1_U75/tmp_64_reg_8496_reg[31]_i_1  | CLB.CARRY.CARRY8  |
    | grp_FIR_filter_fu_473/tmp_64_reg_8496_reg[30]                             | REGISTER.SDR.FDRE |
    | grp_FIR_filter_fu_473/p_ZL19H_filter_FIR_kernel_60_load_reg_8476_reg[17]  | REGISTER.SDR.FDRE |
    | grp_FIR_filter_fu_473/tmp_64_reg_8496[2]_i_274                            | CLB.LUT.LUT2      |
    | grp_FIR_filter_fu_473/tmp_64_reg_8496_reg[2]_i_217                        | CLB.CARRY.CARRY8  |
    | grp_FIR_filter_fu_473/tmp_64_reg_8496[2]_i_180                            | CLB.LUT.LUT4      |
    | grp_FIR_filter_fu_473/tmp_64_reg_8496_reg[2]_i_137                        | CLB.CARRY.CARRY8  |
    | grp_FIR_filter_fu_473/tmp_64_reg_8496[2]_i_157                            | CLB.LUT.LUT2      |
    | grp_FIR_filter_fu_473/tmp_64_reg_8496[2]_i_165                            | CLB.LUT.LUT4      |
    | grp_FIR_filter_fu_473/tmp_64_reg_8496_reg[2]_i_136                        | CLB.CARRY.CARRY8  |
    | grp_FIR_filter_fu_473/tmp_64_reg_8496[2]_i_214                            | CLB.LUT.LUT4      |
    | grp_FIR_filter_fu_473/tmp_64_reg_8496_reg[2]_i_139                        | CLB.CARRY.CARRY8  |
    | grp_FIR_filter_fu_473/tmp_64_reg_8496[2]_i_144                            | CLB.LUT.LUT3      |
    | grp_FIR_filter_fu_473/tmp_64_reg_8496[2]_i_124                            | CLB.LUT.LUT5      |
    | grp_FIR_filter_fu_473/tmp_64_reg_8496[2]_i_132                            | CLB.LUT.LUT6      |
    | grp_FIR_filter_fu_473/tmp_64_reg_8496_reg[2]_i_71                         | CLB.CARRY.CARRY8  |
    | grp_FIR_filter_fu_473/tmp_64_reg_8496[2]_i_104                            | CLB.LUT.LUT3      |
    | grp_FIR_filter_fu_473/tmp_64_reg_8496[2]_i_112                            | CLB.LUT.LUT5      |
    | grp_FIR_filter_fu_473/tmp_64_reg_8496_reg[2]_i_70                         | CLB.CARRY.CARRY8  |
    | grp_FIR_filter_fu_473/tmp_64_reg_8496[31]_i_87                            | CLB.LUT.LUT3      |
    | grp_FIR_filter_fu_473/tmp_64_reg_8496[31]_i_95                            | CLB.LUT.LUT4      |
    | grp_FIR_filter_fu_473/tmp_64_reg_8496_reg[31]_i_38                        | CLB.CARRY.CARRY8  |
    | grp_FIR_filter_fu_473/tmp_64_reg_8496_reg[31]_i_31                        | CLB.CARRY.CARRY8  |
    | grp_FIR_filter_fu_473/mul_32s_11s_43_1_1_U75/tmp_64_reg_8496_reg[31]_i_11 | CLB.CARRY.CARRY8  |
    | grp_FIR_filter_fu_473/mul_32s_11s_43_1_1_U75/tmp_64_reg_8496[26]_i_12     | CLB.LUT.LUT2      |
    | grp_FIR_filter_fu_473/mul_32s_11s_43_1_1_U75/tmp_64_reg_8496_reg[26]_i_2  | CLB.CARRY.CARRY8  |
    | grp_FIR_filter_fu_473/mul_32s_11s_43_1_1_U75/tmp_64_reg_8496_reg[31]_i_2  | CLB.CARRY.CARRY8  |
    | grp_FIR_filter_fu_473/mul_32s_11s_43_1_1_U75/tmp_64_reg_8496[26]_i_4      | CLB.LUT.LUT2      |
    | grp_FIR_filter_fu_473/mul_32s_11s_43_1_1_U75/tmp_64_reg_8496_reg[26]_i_1  | CLB.CARRY.CARRY8  |
    | grp_FIR_filter_fu_473/mul_32s_11s_43_1_1_U75/tmp_64_reg_8496_reg[31]_i_1  | CLB.CARRY.CARRY8  |
    | grp_FIR_filter_fu_473/tmp_64_reg_8496_reg[28]                             | REGISTER.SDR.FDRE |
    | grp_FIR_filter_fu_473/p_ZL19H_filter_FIR_kernel_60_load_reg_8476_reg[17]  | REGISTER.SDR.FDRE |
    | grp_FIR_filter_fu_473/tmp_64_reg_8496[2]_i_274                            | CLB.LUT.LUT2      |
    | grp_FIR_filter_fu_473/tmp_64_reg_8496_reg[2]_i_217                        | CLB.CARRY.CARRY8  |
    | grp_FIR_filter_fu_473/tmp_64_reg_8496[2]_i_180                            | CLB.LUT.LUT4      |
    | grp_FIR_filter_fu_473/tmp_64_reg_8496_reg[2]_i_137                        | CLB.CARRY.CARRY8  |
    | grp_FIR_filter_fu_473/tmp_64_reg_8496[2]_i_157                            | CLB.LUT.LUT2      |
    | grp_FIR_filter_fu_473/tmp_64_reg_8496[2]_i_165                            | CLB.LUT.LUT4      |
    | grp_FIR_filter_fu_473/tmp_64_reg_8496_reg[2]_i_136                        | CLB.CARRY.CARRY8  |
    | grp_FIR_filter_fu_473/tmp_64_reg_8496[2]_i_214                            | CLB.LUT.LUT4      |
    | grp_FIR_filter_fu_473/tmp_64_reg_8496_reg[2]_i_139                        | CLB.CARRY.CARRY8  |
    | grp_FIR_filter_fu_473/tmp_64_reg_8496[2]_i_144                            | CLB.LUT.LUT3      |
    | grp_FIR_filter_fu_473/tmp_64_reg_8496[2]_i_124                            | CLB.LUT.LUT5      |
    | grp_FIR_filter_fu_473/tmp_64_reg_8496[2]_i_132                            | CLB.LUT.LUT6      |
    | grp_FIR_filter_fu_473/tmp_64_reg_8496_reg[2]_i_71                         | CLB.CARRY.CARRY8  |
    | grp_FIR_filter_fu_473/tmp_64_reg_8496[2]_i_104                            | CLB.LUT.LUT3      |
    | grp_FIR_filter_fu_473/tmp_64_reg_8496[2]_i_112                            | CLB.LUT.LUT5      |
    | grp_FIR_filter_fu_473/tmp_64_reg_8496_reg[2]_i_70                         | CLB.CARRY.CARRY8  |
    | grp_FIR_filter_fu_473/tmp_64_reg_8496[31]_i_87                            | CLB.LUT.LUT3      |
    | grp_FIR_filter_fu_473/tmp_64_reg_8496[31]_i_95                            | CLB.LUT.LUT4      |
    | grp_FIR_filter_fu_473/tmp_64_reg_8496_reg[31]_i_38                        | CLB.CARRY.CARRY8  |
    | grp_FIR_filter_fu_473/tmp_64_reg_8496_reg[31]_i_31                        | CLB.CARRY.CARRY8  |
    | grp_FIR_filter_fu_473/mul_32s_11s_43_1_1_U75/tmp_64_reg_8496_reg[31]_i_11 | CLB.CARRY.CARRY8  |
    | grp_FIR_filter_fu_473/mul_32s_11s_43_1_1_U75/tmp_64_reg_8496[26]_i_12     | CLB.LUT.LUT2      |
    | grp_FIR_filter_fu_473/mul_32s_11s_43_1_1_U75/tmp_64_reg_8496_reg[26]_i_2  | CLB.CARRY.CARRY8  |
    | grp_FIR_filter_fu_473/mul_32s_11s_43_1_1_U75/tmp_64_reg_8496_reg[31]_i_2  | CLB.CARRY.CARRY8  |
    | grp_FIR_filter_fu_473/mul_32s_11s_43_1_1_U75/tmp_64_reg_8496[26]_i_4      | CLB.LUT.LUT2      |
    | grp_FIR_filter_fu_473/mul_32s_11s_43_1_1_U75/tmp_64_reg_8496_reg[26]_i_1  | CLB.CARRY.CARRY8  |
    | grp_FIR_filter_fu_473/mul_32s_11s_43_1_1_U75/tmp_64_reg_8496_reg[31]_i_1  | CLB.CARRY.CARRY8  |
    | grp_FIR_filter_fu_473/tmp_64_reg_8496_reg[29]                             | REGISTER.SDR.FDRE |
    | grp_FIR_filter_fu_473/p_ZL19H_filter_FIR_kernel_60_load_reg_8476_reg[17]  | REGISTER.SDR.FDRE |
    | grp_FIR_filter_fu_473/tmp_64_reg_8496[2]_i_274                            | CLB.LUT.LUT2      |
    | grp_FIR_filter_fu_473/tmp_64_reg_8496_reg[2]_i_217                        | CLB.CARRY.CARRY8  |
    | grp_FIR_filter_fu_473/tmp_64_reg_8496[2]_i_180                            | CLB.LUT.LUT4      |
    | grp_FIR_filter_fu_473/tmp_64_reg_8496_reg[2]_i_137                        | CLB.CARRY.CARRY8  |
    | grp_FIR_filter_fu_473/tmp_64_reg_8496[2]_i_157                            | CLB.LUT.LUT2      |
    | grp_FIR_filter_fu_473/tmp_64_reg_8496[2]_i_165                            | CLB.LUT.LUT4      |
    | grp_FIR_filter_fu_473/tmp_64_reg_8496_reg[2]_i_136                        | CLB.CARRY.CARRY8  |
    | grp_FIR_filter_fu_473/tmp_64_reg_8496[2]_i_214                            | CLB.LUT.LUT4      |
    | grp_FIR_filter_fu_473/tmp_64_reg_8496_reg[2]_i_139                        | CLB.CARRY.CARRY8  |
    | grp_FIR_filter_fu_473/tmp_64_reg_8496[2]_i_144                            | CLB.LUT.LUT3      |
    | grp_FIR_filter_fu_473/tmp_64_reg_8496[2]_i_124                            | CLB.LUT.LUT5      |
    | grp_FIR_filter_fu_473/tmp_64_reg_8496[2]_i_132                            | CLB.LUT.LUT6      |
    | grp_FIR_filter_fu_473/tmp_64_reg_8496_reg[2]_i_71                         | CLB.CARRY.CARRY8  |
    | grp_FIR_filter_fu_473/tmp_64_reg_8496[2]_i_104                            | CLB.LUT.LUT3      |
    | grp_FIR_filter_fu_473/tmp_64_reg_8496[2]_i_112                            | CLB.LUT.LUT5      |
    | grp_FIR_filter_fu_473/tmp_64_reg_8496_reg[2]_i_70                         | CLB.CARRY.CARRY8  |
    | grp_FIR_filter_fu_473/tmp_64_reg_8496[31]_i_87                            | CLB.LUT.LUT3      |
    | grp_FIR_filter_fu_473/tmp_64_reg_8496[31]_i_95                            | CLB.LUT.LUT4      |
    | grp_FIR_filter_fu_473/tmp_64_reg_8496_reg[31]_i_38                        | CLB.CARRY.CARRY8  |
    | grp_FIR_filter_fu_473/tmp_64_reg_8496_reg[31]_i_31                        | CLB.CARRY.CARRY8  |
    | grp_FIR_filter_fu_473/mul_32s_11s_43_1_1_U75/tmp_64_reg_8496_reg[31]_i_11 | CLB.CARRY.CARRY8  |
    | grp_FIR_filter_fu_473/mul_32s_11s_43_1_1_U75/tmp_64_reg_8496[26]_i_12     | CLB.LUT.LUT2      |
    | grp_FIR_filter_fu_473/mul_32s_11s_43_1_1_U75/tmp_64_reg_8496_reg[26]_i_2  | CLB.CARRY.CARRY8  |
    | grp_FIR_filter_fu_473/mul_32s_11s_43_1_1_U75/tmp_64_reg_8496_reg[31]_i_2  | CLB.CARRY.CARRY8  |
    | grp_FIR_filter_fu_473/mul_32s_11s_43_1_1_U75/tmp_64_reg_8496[26]_i_4      | CLB.LUT.LUT2      |
    | grp_FIR_filter_fu_473/mul_32s_11s_43_1_1_U75/tmp_64_reg_8496_reg[26]_i_1  | CLB.CARRY.CARRY8  |
    | grp_FIR_filter_fu_473/mul_32s_11s_43_1_1_U75/tmp_64_reg_8496_reg[31]_i_1  | CLB.CARRY.CARRY8  |
    | grp_FIR_filter_fu_473/tmp_64_reg_8496_reg[27]                             | REGISTER.SDR.FDRE |
    +---------------------------------------------------------------------------+-------------------+

    +---------------------------------------------------------------------------+-------------------+
    | Path4 Cells                                                               | Primitive Type    |
    +---------------------------------------------------------------------------+-------------------+
    | grp_FIR_filter_fu_473/p_ZL19H_filter_FIR_kernel_60_load_reg_8476_reg[17]  | REGISTER.SDR.FDRE |
    | grp_FIR_filter_fu_473/tmp_64_reg_8496[2]_i_274                            | CLB.LUT.LUT2      |
    | grp_FIR_filter_fu_473/tmp_64_reg_8496_reg[2]_i_217                        | CLB.CARRY.CARRY8  |
    | grp_FIR_filter_fu_473/tmp_64_reg_8496[2]_i_180                            | CLB.LUT.LUT4      |
    | grp_FIR_filter_fu_473/tmp_64_reg_8496_reg[2]_i_137                        | CLB.CARRY.CARRY8  |
    | grp_FIR_filter_fu_473/tmp_64_reg_8496[2]_i_157                            | CLB.LUT.LUT2      |
    | grp_FIR_filter_fu_473/tmp_64_reg_8496[2]_i_165                            | CLB.LUT.LUT4      |
    | grp_FIR_filter_fu_473/tmp_64_reg_8496_reg[2]_i_136                        | CLB.CARRY.CARRY8  |
    | grp_FIR_filter_fu_473/tmp_64_reg_8496[2]_i_214                            | CLB.LUT.LUT4      |
    | grp_FIR_filter_fu_473/tmp_64_reg_8496_reg[2]_i_139                        | CLB.CARRY.CARRY8  |
    | grp_FIR_filter_fu_473/tmp_64_reg_8496[2]_i_144                            | CLB.LUT.LUT3      |
    | grp_FIR_filter_fu_473/tmp_64_reg_8496[2]_i_124                            | CLB.LUT.LUT5      |
    | grp_FIR_filter_fu_473/tmp_64_reg_8496[2]_i_132                            | CLB.LUT.LUT6      |
    | grp_FIR_filter_fu_473/tmp_64_reg_8496_reg[2]_i_71                         | CLB.CARRY.CARRY8  |
    | grp_FIR_filter_fu_473/tmp_64_reg_8496[2]_i_104                            | CLB.LUT.LUT3      |
    | grp_FIR_filter_fu_473/tmp_64_reg_8496[2]_i_112                            | CLB.LUT.LUT5      |
    | grp_FIR_filter_fu_473/tmp_64_reg_8496_reg[2]_i_70                         | CLB.CARRY.CARRY8  |
    | grp_FIR_filter_fu_473/tmp_64_reg_8496[31]_i_87                            | CLB.LUT.LUT3      |
    | grp_FIR_filter_fu_473/tmp_64_reg_8496[31]_i_95                            | CLB.LUT.LUT4      |
    | grp_FIR_filter_fu_473/tmp_64_reg_8496_reg[31]_i_38                        | CLB.CARRY.CARRY8  |
    | grp_FIR_filter_fu_473/tmp_64_reg_8496_reg[31]_i_31                        | CLB.CARRY.CARRY8  |
    | grp_FIR_filter_fu_473/mul_32s_11s_43_1_1_U75/tmp_64_reg_8496_reg[31]_i_11 | CLB.CARRY.CARRY8  |
    | grp_FIR_filter_fu_473/mul_32s_11s_43_1_1_U75/tmp_64_reg_8496[26]_i_12     | CLB.LUT.LUT2      |
    | grp_FIR_filter_fu_473/mul_32s_11s_43_1_1_U75/tmp_64_reg_8496_reg[26]_i_2  | CLB.CARRY.CARRY8  |
    | grp_FIR_filter_fu_473/mul_32s_11s_43_1_1_U75/tmp_64_reg_8496_reg[31]_i_2  | CLB.CARRY.CARRY8  |
    | grp_FIR_filter_fu_473/mul_32s_11s_43_1_1_U75/tmp_64_reg_8496[26]_i_4      | CLB.LUT.LUT2      |
    | grp_FIR_filter_fu_473/mul_32s_11s_43_1_1_U75/tmp_64_reg_8496_reg[26]_i_1  | CLB.CARRY.CARRY8  |
    | grp_FIR_filter_fu_473/mul_32s_11s_43_1_1_U75/tmp_64_reg_8496_reg[31]_i_1  | CLB.CARRY.CARRY8  |
    | grp_FIR_filter_fu_473/tmp_64_reg_8496_reg[31]                             | REGISTER.SDR.FDRE |
    | grp_FIR_filter_fu_473/p_ZL19H_filter_FIR_kernel_60_load_reg_8476_reg[17]  | REGISTER.SDR.FDRE |
    | grp_FIR_filter_fu_473/tmp_64_reg_8496[2]_i_274                            | CLB.LUT.LUT2      |
    | grp_FIR_filter_fu_473/tmp_64_reg_8496_reg[2]_i_217                        | CLB.CARRY.CARRY8  |
    | grp_FIR_filter_fu_473/tmp_64_reg_8496[2]_i_180                            | CLB.LUT.LUT4      |
    | grp_FIR_filter_fu_473/tmp_64_reg_8496_reg[2]_i_137                        | CLB.CARRY.CARRY8  |
    | grp_FIR_filter_fu_473/tmp_64_reg_8496[2]_i_157                            | CLB.LUT.LUT2      |
    | grp_FIR_filter_fu_473/tmp_64_reg_8496[2]_i_165                            | CLB.LUT.LUT4      |
    | grp_FIR_filter_fu_473/tmp_64_reg_8496_reg[2]_i_136                        | CLB.CARRY.CARRY8  |
    | grp_FIR_filter_fu_473/tmp_64_reg_8496[2]_i_214                            | CLB.LUT.LUT4      |
    | grp_FIR_filter_fu_473/tmp_64_reg_8496_reg[2]_i_139                        | CLB.CARRY.CARRY8  |
    | grp_FIR_filter_fu_473/tmp_64_reg_8496[2]_i_144                            | CLB.LUT.LUT3      |
    | grp_FIR_filter_fu_473/tmp_64_reg_8496[2]_i_124                            | CLB.LUT.LUT5      |
    | grp_FIR_filter_fu_473/tmp_64_reg_8496[2]_i_132                            | CLB.LUT.LUT6      |
    | grp_FIR_filter_fu_473/tmp_64_reg_8496_reg[2]_i_71                         | CLB.CARRY.CARRY8  |
    | grp_FIR_filter_fu_473/tmp_64_reg_8496[2]_i_104                            | CLB.LUT.LUT3      |
    | grp_FIR_filter_fu_473/tmp_64_reg_8496[2]_i_112                            | CLB.LUT.LUT5      |
    | grp_FIR_filter_fu_473/tmp_64_reg_8496_reg[2]_i_70                         | CLB.CARRY.CARRY8  |
    | grp_FIR_filter_fu_473/tmp_64_reg_8496[31]_i_87                            | CLB.LUT.LUT3      |
    | grp_FIR_filter_fu_473/tmp_64_reg_8496[31]_i_95                            | CLB.LUT.LUT4      |
    | grp_FIR_filter_fu_473/tmp_64_reg_8496_reg[31]_i_38                        | CLB.CARRY.CARRY8  |
    | grp_FIR_filter_fu_473/tmp_64_reg_8496_reg[31]_i_31                        | CLB.CARRY.CARRY8  |
    | grp_FIR_filter_fu_473/mul_32s_11s_43_1_1_U75/tmp_64_reg_8496_reg[31]_i_11 | CLB.CARRY.CARRY8  |
    | grp_FIR_filter_fu_473/mul_32s_11s_43_1_1_U75/tmp_64_reg_8496[26]_i_12     | CLB.LUT.LUT2      |
    | grp_FIR_filter_fu_473/mul_32s_11s_43_1_1_U75/tmp_64_reg_8496_reg[26]_i_2  | CLB.CARRY.CARRY8  |
    | grp_FIR_filter_fu_473/mul_32s_11s_43_1_1_U75/tmp_64_reg_8496_reg[31]_i_2  | CLB.CARRY.CARRY8  |
    | grp_FIR_filter_fu_473/mul_32s_11s_43_1_1_U75/tmp_64_reg_8496[26]_i_4      | CLB.LUT.LUT2      |
    | grp_FIR_filter_fu_473/mul_32s_11s_43_1_1_U75/tmp_64_reg_8496_reg[26]_i_1  | CLB.CARRY.CARRY8  |
    | grp_FIR_filter_fu_473/mul_32s_11s_43_1_1_U75/tmp_64_reg_8496_reg[31]_i_1  | CLB.CARRY.CARRY8  |
    | grp_FIR_filter_fu_473/tmp_64_reg_8496_reg[30]                             | REGISTER.SDR.FDRE |
    | grp_FIR_filter_fu_473/p_ZL19H_filter_FIR_kernel_60_load_reg_8476_reg[17]  | REGISTER.SDR.FDRE |
    | grp_FIR_filter_fu_473/tmp_64_reg_8496[2]_i_274                            | CLB.LUT.LUT2      |
    | grp_FIR_filter_fu_473/tmp_64_reg_8496_reg[2]_i_217                        | CLB.CARRY.CARRY8  |
    | grp_FIR_filter_fu_473/tmp_64_reg_8496[2]_i_180                            | CLB.LUT.LUT4      |
    | grp_FIR_filter_fu_473/tmp_64_reg_8496_reg[2]_i_137                        | CLB.CARRY.CARRY8  |
    | grp_FIR_filter_fu_473/tmp_64_reg_8496[2]_i_157                            | CLB.LUT.LUT2      |
    | grp_FIR_filter_fu_473/tmp_64_reg_8496[2]_i_165                            | CLB.LUT.LUT4      |
    | grp_FIR_filter_fu_473/tmp_64_reg_8496_reg[2]_i_136                        | CLB.CARRY.CARRY8  |
    | grp_FIR_filter_fu_473/tmp_64_reg_8496[2]_i_214                            | CLB.LUT.LUT4      |
    | grp_FIR_filter_fu_473/tmp_64_reg_8496_reg[2]_i_139                        | CLB.CARRY.CARRY8  |
    | grp_FIR_filter_fu_473/tmp_64_reg_8496[2]_i_144                            | CLB.LUT.LUT3      |
    | grp_FIR_filter_fu_473/tmp_64_reg_8496[2]_i_124                            | CLB.LUT.LUT5      |
    | grp_FIR_filter_fu_473/tmp_64_reg_8496[2]_i_132                            | CLB.LUT.LUT6      |
    | grp_FIR_filter_fu_473/tmp_64_reg_8496_reg[2]_i_71                         | CLB.CARRY.CARRY8  |
    | grp_FIR_filter_fu_473/tmp_64_reg_8496[2]_i_104                            | CLB.LUT.LUT3      |
    | grp_FIR_filter_fu_473/tmp_64_reg_8496[2]_i_112                            | CLB.LUT.LUT5      |
    | grp_FIR_filter_fu_473/tmp_64_reg_8496_reg[2]_i_70                         | CLB.CARRY.CARRY8  |
    | grp_FIR_filter_fu_473/tmp_64_reg_8496[31]_i_87                            | CLB.LUT.LUT3      |
    | grp_FIR_filter_fu_473/tmp_64_reg_8496[31]_i_95                            | CLB.LUT.LUT4      |
    | grp_FIR_filter_fu_473/tmp_64_reg_8496_reg[31]_i_38                        | CLB.CARRY.CARRY8  |
    | grp_FIR_filter_fu_473/tmp_64_reg_8496_reg[31]_i_31                        | CLB.CARRY.CARRY8  |
    | grp_FIR_filter_fu_473/mul_32s_11s_43_1_1_U75/tmp_64_reg_8496_reg[31]_i_11 | CLB.CARRY.CARRY8  |
    | grp_FIR_filter_fu_473/mul_32s_11s_43_1_1_U75/tmp_64_reg_8496[26]_i_12     | CLB.LUT.LUT2      |
    | grp_FIR_filter_fu_473/mul_32s_11s_43_1_1_U75/tmp_64_reg_8496_reg[26]_i_2  | CLB.CARRY.CARRY8  |
    | grp_FIR_filter_fu_473/mul_32s_11s_43_1_1_U75/tmp_64_reg_8496_reg[31]_i_2  | CLB.CARRY.CARRY8  |
    | grp_FIR_filter_fu_473/mul_32s_11s_43_1_1_U75/tmp_64_reg_8496[26]_i_4      | CLB.LUT.LUT2      |
    | grp_FIR_filter_fu_473/mul_32s_11s_43_1_1_U75/tmp_64_reg_8496_reg[26]_i_1  | CLB.CARRY.CARRY8  |
    | grp_FIR_filter_fu_473/mul_32s_11s_43_1_1_U75/tmp_64_reg_8496_reg[31]_i_1  | CLB.CARRY.CARRY8  |
    | grp_FIR_filter_fu_473/tmp_64_reg_8496_reg[28]                             | REGISTER.SDR.FDRE |
    | grp_FIR_filter_fu_473/p_ZL19H_filter_FIR_kernel_60_load_reg_8476_reg[17]  | REGISTER.SDR.FDRE |
    | grp_FIR_filter_fu_473/tmp_64_reg_8496[2]_i_274                            | CLB.LUT.LUT2      |
    | grp_FIR_filter_fu_473/tmp_64_reg_8496_reg[2]_i_217                        | CLB.CARRY.CARRY8  |
    | grp_FIR_filter_fu_473/tmp_64_reg_8496[2]_i_180                            | CLB.LUT.LUT4      |
    | grp_FIR_filter_fu_473/tmp_64_reg_8496_reg[2]_i_137                        | CLB.CARRY.CARRY8  |
    | grp_FIR_filter_fu_473/tmp_64_reg_8496[2]_i_157                            | CLB.LUT.LUT2      |
    | grp_FIR_filter_fu_473/tmp_64_reg_8496[2]_i_165                            | CLB.LUT.LUT4      |
    | grp_FIR_filter_fu_473/tmp_64_reg_8496_reg[2]_i_136                        | CLB.CARRY.CARRY8  |
    | grp_FIR_filter_fu_473/tmp_64_reg_8496[2]_i_214                            | CLB.LUT.LUT4      |
    | grp_FIR_filter_fu_473/tmp_64_reg_8496_reg[2]_i_139                        | CLB.CARRY.CARRY8  |
    | grp_FIR_filter_fu_473/tmp_64_reg_8496[2]_i_144                            | CLB.LUT.LUT3      |
    | grp_FIR_filter_fu_473/tmp_64_reg_8496[2]_i_124                            | CLB.LUT.LUT5      |
    | grp_FIR_filter_fu_473/tmp_64_reg_8496[2]_i_132                            | CLB.LUT.LUT6      |
    | grp_FIR_filter_fu_473/tmp_64_reg_8496_reg[2]_i_71                         | CLB.CARRY.CARRY8  |
    | grp_FIR_filter_fu_473/tmp_64_reg_8496[2]_i_104                            | CLB.LUT.LUT3      |
    | grp_FIR_filter_fu_473/tmp_64_reg_8496[2]_i_112                            | CLB.LUT.LUT5      |
    | grp_FIR_filter_fu_473/tmp_64_reg_8496_reg[2]_i_70                         | CLB.CARRY.CARRY8  |
    | grp_FIR_filter_fu_473/tmp_64_reg_8496[31]_i_87                            | CLB.LUT.LUT3      |
    | grp_FIR_filter_fu_473/tmp_64_reg_8496[31]_i_95                            | CLB.LUT.LUT4      |
    | grp_FIR_filter_fu_473/tmp_64_reg_8496_reg[31]_i_38                        | CLB.CARRY.CARRY8  |
    | grp_FIR_filter_fu_473/tmp_64_reg_8496_reg[31]_i_31                        | CLB.CARRY.CARRY8  |
    | grp_FIR_filter_fu_473/mul_32s_11s_43_1_1_U75/tmp_64_reg_8496_reg[31]_i_11 | CLB.CARRY.CARRY8  |
    | grp_FIR_filter_fu_473/mul_32s_11s_43_1_1_U75/tmp_64_reg_8496[26]_i_12     | CLB.LUT.LUT2      |
    | grp_FIR_filter_fu_473/mul_32s_11s_43_1_1_U75/tmp_64_reg_8496_reg[26]_i_2  | CLB.CARRY.CARRY8  |
    | grp_FIR_filter_fu_473/mul_32s_11s_43_1_1_U75/tmp_64_reg_8496_reg[31]_i_2  | CLB.CARRY.CARRY8  |
    | grp_FIR_filter_fu_473/mul_32s_11s_43_1_1_U75/tmp_64_reg_8496[26]_i_4      | CLB.LUT.LUT2      |
    | grp_FIR_filter_fu_473/mul_32s_11s_43_1_1_U75/tmp_64_reg_8496_reg[26]_i_1  | CLB.CARRY.CARRY8  |
    | grp_FIR_filter_fu_473/mul_32s_11s_43_1_1_U75/tmp_64_reg_8496_reg[31]_i_1  | CLB.CARRY.CARRY8  |
    | grp_FIR_filter_fu_473/tmp_64_reg_8496_reg[29]                             | REGISTER.SDR.FDRE |
    | grp_FIR_filter_fu_473/p_ZL19H_filter_FIR_kernel_60_load_reg_8476_reg[17]  | REGISTER.SDR.FDRE |
    | grp_FIR_filter_fu_473/tmp_64_reg_8496[2]_i_274                            | CLB.LUT.LUT2      |
    | grp_FIR_filter_fu_473/tmp_64_reg_8496_reg[2]_i_217                        | CLB.CARRY.CARRY8  |
    | grp_FIR_filter_fu_473/tmp_64_reg_8496[2]_i_180                            | CLB.LUT.LUT4      |
    | grp_FIR_filter_fu_473/tmp_64_reg_8496_reg[2]_i_137                        | CLB.CARRY.CARRY8  |
    | grp_FIR_filter_fu_473/tmp_64_reg_8496[2]_i_157                            | CLB.LUT.LUT2      |
    | grp_FIR_filter_fu_473/tmp_64_reg_8496[2]_i_165                            | CLB.LUT.LUT4      |
    | grp_FIR_filter_fu_473/tmp_64_reg_8496_reg[2]_i_136                        | CLB.CARRY.CARRY8  |
    | grp_FIR_filter_fu_473/tmp_64_reg_8496[2]_i_214                            | CLB.LUT.LUT4      |
    | grp_FIR_filter_fu_473/tmp_64_reg_8496_reg[2]_i_139                        | CLB.CARRY.CARRY8  |
    | grp_FIR_filter_fu_473/tmp_64_reg_8496[2]_i_144                            | CLB.LUT.LUT3      |
    | grp_FIR_filter_fu_473/tmp_64_reg_8496[2]_i_124                            | CLB.LUT.LUT5      |
    | grp_FIR_filter_fu_473/tmp_64_reg_8496[2]_i_132                            | CLB.LUT.LUT6      |
    | grp_FIR_filter_fu_473/tmp_64_reg_8496_reg[2]_i_71                         | CLB.CARRY.CARRY8  |
    | grp_FIR_filter_fu_473/tmp_64_reg_8496[2]_i_104                            | CLB.LUT.LUT3      |
    | grp_FIR_filter_fu_473/tmp_64_reg_8496[2]_i_112                            | CLB.LUT.LUT5      |
    | grp_FIR_filter_fu_473/tmp_64_reg_8496_reg[2]_i_70                         | CLB.CARRY.CARRY8  |
    | grp_FIR_filter_fu_473/tmp_64_reg_8496[31]_i_87                            | CLB.LUT.LUT3      |
    | grp_FIR_filter_fu_473/tmp_64_reg_8496[31]_i_95                            | CLB.LUT.LUT4      |
    | grp_FIR_filter_fu_473/tmp_64_reg_8496_reg[31]_i_38                        | CLB.CARRY.CARRY8  |
    | grp_FIR_filter_fu_473/tmp_64_reg_8496_reg[31]_i_31                        | CLB.CARRY.CARRY8  |
    | grp_FIR_filter_fu_473/mul_32s_11s_43_1_1_U75/tmp_64_reg_8496_reg[31]_i_11 | CLB.CARRY.CARRY8  |
    | grp_FIR_filter_fu_473/mul_32s_11s_43_1_1_U75/tmp_64_reg_8496[26]_i_12     | CLB.LUT.LUT2      |
    | grp_FIR_filter_fu_473/mul_32s_11s_43_1_1_U75/tmp_64_reg_8496_reg[26]_i_2  | CLB.CARRY.CARRY8  |
    | grp_FIR_filter_fu_473/mul_32s_11s_43_1_1_U75/tmp_64_reg_8496_reg[31]_i_2  | CLB.CARRY.CARRY8  |
    | grp_FIR_filter_fu_473/mul_32s_11s_43_1_1_U75/tmp_64_reg_8496[26]_i_4      | CLB.LUT.LUT2      |
    | grp_FIR_filter_fu_473/mul_32s_11s_43_1_1_U75/tmp_64_reg_8496_reg[26]_i_1  | CLB.CARRY.CARRY8  |
    | grp_FIR_filter_fu_473/mul_32s_11s_43_1_1_U75/tmp_64_reg_8496_reg[31]_i_1  | CLB.CARRY.CARRY8  |
    | grp_FIR_filter_fu_473/tmp_64_reg_8496_reg[27]                             | REGISTER.SDR.FDRE |
    +---------------------------------------------------------------------------+-------------------+

    +---------------------------------------------------------------------------+-------------------+
    | Path5 Cells                                                               | Primitive Type    |
    +---------------------------------------------------------------------------+-------------------+
    | grp_FIR_filter_fu_473/p_ZL19H_filter_FIR_kernel_60_load_reg_8476_reg[17]  | REGISTER.SDR.FDRE |
    | grp_FIR_filter_fu_473/tmp_64_reg_8496[2]_i_274                            | CLB.LUT.LUT2      |
    | grp_FIR_filter_fu_473/tmp_64_reg_8496_reg[2]_i_217                        | CLB.CARRY.CARRY8  |
    | grp_FIR_filter_fu_473/tmp_64_reg_8496[2]_i_180                            | CLB.LUT.LUT4      |
    | grp_FIR_filter_fu_473/tmp_64_reg_8496_reg[2]_i_137                        | CLB.CARRY.CARRY8  |
    | grp_FIR_filter_fu_473/tmp_64_reg_8496[2]_i_157                            | CLB.LUT.LUT2      |
    | grp_FIR_filter_fu_473/tmp_64_reg_8496[2]_i_165                            | CLB.LUT.LUT4      |
    | grp_FIR_filter_fu_473/tmp_64_reg_8496_reg[2]_i_136                        | CLB.CARRY.CARRY8  |
    | grp_FIR_filter_fu_473/tmp_64_reg_8496[2]_i_214                            | CLB.LUT.LUT4      |
    | grp_FIR_filter_fu_473/tmp_64_reg_8496_reg[2]_i_139                        | CLB.CARRY.CARRY8  |
    | grp_FIR_filter_fu_473/tmp_64_reg_8496[2]_i_144                            | CLB.LUT.LUT3      |
    | grp_FIR_filter_fu_473/tmp_64_reg_8496[2]_i_124                            | CLB.LUT.LUT5      |
    | grp_FIR_filter_fu_473/tmp_64_reg_8496[2]_i_132                            | CLB.LUT.LUT6      |
    | grp_FIR_filter_fu_473/tmp_64_reg_8496_reg[2]_i_71                         | CLB.CARRY.CARRY8  |
    | grp_FIR_filter_fu_473/tmp_64_reg_8496[2]_i_104                            | CLB.LUT.LUT3      |
    | grp_FIR_filter_fu_473/tmp_64_reg_8496[2]_i_112                            | CLB.LUT.LUT5      |
    | grp_FIR_filter_fu_473/tmp_64_reg_8496_reg[2]_i_70                         | CLB.CARRY.CARRY8  |
    | grp_FIR_filter_fu_473/tmp_64_reg_8496[31]_i_87                            | CLB.LUT.LUT3      |
    | grp_FIR_filter_fu_473/tmp_64_reg_8496[31]_i_95                            | CLB.LUT.LUT4      |
    | grp_FIR_filter_fu_473/tmp_64_reg_8496_reg[31]_i_38                        | CLB.CARRY.CARRY8  |
    | grp_FIR_filter_fu_473/tmp_64_reg_8496_reg[31]_i_31                        | CLB.CARRY.CARRY8  |
    | grp_FIR_filter_fu_473/mul_32s_11s_43_1_1_U75/tmp_64_reg_8496_reg[31]_i_11 | CLB.CARRY.CARRY8  |
    | grp_FIR_filter_fu_473/mul_32s_11s_43_1_1_U75/tmp_64_reg_8496[26]_i_12     | CLB.LUT.LUT2      |
    | grp_FIR_filter_fu_473/mul_32s_11s_43_1_1_U75/tmp_64_reg_8496_reg[26]_i_2  | CLB.CARRY.CARRY8  |
    | grp_FIR_filter_fu_473/mul_32s_11s_43_1_1_U75/tmp_64_reg_8496_reg[31]_i_2  | CLB.CARRY.CARRY8  |
    | grp_FIR_filter_fu_473/mul_32s_11s_43_1_1_U75/tmp_64_reg_8496[26]_i_4      | CLB.LUT.LUT2      |
    | grp_FIR_filter_fu_473/mul_32s_11s_43_1_1_U75/tmp_64_reg_8496_reg[26]_i_1  | CLB.CARRY.CARRY8  |
    | grp_FIR_filter_fu_473/mul_32s_11s_43_1_1_U75/tmp_64_reg_8496_reg[31]_i_1  | CLB.CARRY.CARRY8  |
    | grp_FIR_filter_fu_473/tmp_64_reg_8496_reg[31]                             | REGISTER.SDR.FDRE |
    | grp_FIR_filter_fu_473/p_ZL19H_filter_FIR_kernel_60_load_reg_8476_reg[17]  | REGISTER.SDR.FDRE |
    | grp_FIR_filter_fu_473/tmp_64_reg_8496[2]_i_274                            | CLB.LUT.LUT2      |
    | grp_FIR_filter_fu_473/tmp_64_reg_8496_reg[2]_i_217                        | CLB.CARRY.CARRY8  |
    | grp_FIR_filter_fu_473/tmp_64_reg_8496[2]_i_180                            | CLB.LUT.LUT4      |
    | grp_FIR_filter_fu_473/tmp_64_reg_8496_reg[2]_i_137                        | CLB.CARRY.CARRY8  |
    | grp_FIR_filter_fu_473/tmp_64_reg_8496[2]_i_157                            | CLB.LUT.LUT2      |
    | grp_FIR_filter_fu_473/tmp_64_reg_8496[2]_i_165                            | CLB.LUT.LUT4      |
    | grp_FIR_filter_fu_473/tmp_64_reg_8496_reg[2]_i_136                        | CLB.CARRY.CARRY8  |
    | grp_FIR_filter_fu_473/tmp_64_reg_8496[2]_i_214                            | CLB.LUT.LUT4      |
    | grp_FIR_filter_fu_473/tmp_64_reg_8496_reg[2]_i_139                        | CLB.CARRY.CARRY8  |
    | grp_FIR_filter_fu_473/tmp_64_reg_8496[2]_i_144                            | CLB.LUT.LUT3      |
    | grp_FIR_filter_fu_473/tmp_64_reg_8496[2]_i_124                            | CLB.LUT.LUT5      |
    | grp_FIR_filter_fu_473/tmp_64_reg_8496[2]_i_132                            | CLB.LUT.LUT6      |
    | grp_FIR_filter_fu_473/tmp_64_reg_8496_reg[2]_i_71                         | CLB.CARRY.CARRY8  |
    | grp_FIR_filter_fu_473/tmp_64_reg_8496[2]_i_104                            | CLB.LUT.LUT3      |
    | grp_FIR_filter_fu_473/tmp_64_reg_8496[2]_i_112                            | CLB.LUT.LUT5      |
    | grp_FIR_filter_fu_473/tmp_64_reg_8496_reg[2]_i_70                         | CLB.CARRY.CARRY8  |
    | grp_FIR_filter_fu_473/tmp_64_reg_8496[31]_i_87                            | CLB.LUT.LUT3      |
    | grp_FIR_filter_fu_473/tmp_64_reg_8496[31]_i_95                            | CLB.LUT.LUT4      |
    | grp_FIR_filter_fu_473/tmp_64_reg_8496_reg[31]_i_38                        | CLB.CARRY.CARRY8  |
    | grp_FIR_filter_fu_473/tmp_64_reg_8496_reg[31]_i_31                        | CLB.CARRY.CARRY8  |
    | grp_FIR_filter_fu_473/mul_32s_11s_43_1_1_U75/tmp_64_reg_8496_reg[31]_i_11 | CLB.CARRY.CARRY8  |
    | grp_FIR_filter_fu_473/mul_32s_11s_43_1_1_U75/tmp_64_reg_8496[26]_i_12     | CLB.LUT.LUT2      |
    | grp_FIR_filter_fu_473/mul_32s_11s_43_1_1_U75/tmp_64_reg_8496_reg[26]_i_2  | CLB.CARRY.CARRY8  |
    | grp_FIR_filter_fu_473/mul_32s_11s_43_1_1_U75/tmp_64_reg_8496_reg[31]_i_2  | CLB.CARRY.CARRY8  |
    | grp_FIR_filter_fu_473/mul_32s_11s_43_1_1_U75/tmp_64_reg_8496[26]_i_4      | CLB.LUT.LUT2      |
    | grp_FIR_filter_fu_473/mul_32s_11s_43_1_1_U75/tmp_64_reg_8496_reg[26]_i_1  | CLB.CARRY.CARRY8  |
    | grp_FIR_filter_fu_473/mul_32s_11s_43_1_1_U75/tmp_64_reg_8496_reg[31]_i_1  | CLB.CARRY.CARRY8  |
    | grp_FIR_filter_fu_473/tmp_64_reg_8496_reg[30]                             | REGISTER.SDR.FDRE |
    | grp_FIR_filter_fu_473/p_ZL19H_filter_FIR_kernel_60_load_reg_8476_reg[17]  | REGISTER.SDR.FDRE |
    | grp_FIR_filter_fu_473/tmp_64_reg_8496[2]_i_274                            | CLB.LUT.LUT2      |
    | grp_FIR_filter_fu_473/tmp_64_reg_8496_reg[2]_i_217                        | CLB.CARRY.CARRY8  |
    | grp_FIR_filter_fu_473/tmp_64_reg_8496[2]_i_180                            | CLB.LUT.LUT4      |
    | grp_FIR_filter_fu_473/tmp_64_reg_8496_reg[2]_i_137                        | CLB.CARRY.CARRY8  |
    | grp_FIR_filter_fu_473/tmp_64_reg_8496[2]_i_157                            | CLB.LUT.LUT2      |
    | grp_FIR_filter_fu_473/tmp_64_reg_8496[2]_i_165                            | CLB.LUT.LUT4      |
    | grp_FIR_filter_fu_473/tmp_64_reg_8496_reg[2]_i_136                        | CLB.CARRY.CARRY8  |
    | grp_FIR_filter_fu_473/tmp_64_reg_8496[2]_i_214                            | CLB.LUT.LUT4      |
    | grp_FIR_filter_fu_473/tmp_64_reg_8496_reg[2]_i_139                        | CLB.CARRY.CARRY8  |
    | grp_FIR_filter_fu_473/tmp_64_reg_8496[2]_i_144                            | CLB.LUT.LUT3      |
    | grp_FIR_filter_fu_473/tmp_64_reg_8496[2]_i_124                            | CLB.LUT.LUT5      |
    | grp_FIR_filter_fu_473/tmp_64_reg_8496[2]_i_132                            | CLB.LUT.LUT6      |
    | grp_FIR_filter_fu_473/tmp_64_reg_8496_reg[2]_i_71                         | CLB.CARRY.CARRY8  |
    | grp_FIR_filter_fu_473/tmp_64_reg_8496[2]_i_104                            | CLB.LUT.LUT3      |
    | grp_FIR_filter_fu_473/tmp_64_reg_8496[2]_i_112                            | CLB.LUT.LUT5      |
    | grp_FIR_filter_fu_473/tmp_64_reg_8496_reg[2]_i_70                         | CLB.CARRY.CARRY8  |
    | grp_FIR_filter_fu_473/tmp_64_reg_8496[31]_i_87                            | CLB.LUT.LUT3      |
    | grp_FIR_filter_fu_473/tmp_64_reg_8496[31]_i_95                            | CLB.LUT.LUT4      |
    | grp_FIR_filter_fu_473/tmp_64_reg_8496_reg[31]_i_38                        | CLB.CARRY.CARRY8  |
    | grp_FIR_filter_fu_473/tmp_64_reg_8496_reg[31]_i_31                        | CLB.CARRY.CARRY8  |
    | grp_FIR_filter_fu_473/mul_32s_11s_43_1_1_U75/tmp_64_reg_8496_reg[31]_i_11 | CLB.CARRY.CARRY8  |
    | grp_FIR_filter_fu_473/mul_32s_11s_43_1_1_U75/tmp_64_reg_8496[26]_i_12     | CLB.LUT.LUT2      |
    | grp_FIR_filter_fu_473/mul_32s_11s_43_1_1_U75/tmp_64_reg_8496_reg[26]_i_2  | CLB.CARRY.CARRY8  |
    | grp_FIR_filter_fu_473/mul_32s_11s_43_1_1_U75/tmp_64_reg_8496_reg[31]_i_2  | CLB.CARRY.CARRY8  |
    | grp_FIR_filter_fu_473/mul_32s_11s_43_1_1_U75/tmp_64_reg_8496[26]_i_4      | CLB.LUT.LUT2      |
    | grp_FIR_filter_fu_473/mul_32s_11s_43_1_1_U75/tmp_64_reg_8496_reg[26]_i_1  | CLB.CARRY.CARRY8  |
    | grp_FIR_filter_fu_473/mul_32s_11s_43_1_1_U75/tmp_64_reg_8496_reg[31]_i_1  | CLB.CARRY.CARRY8  |
    | grp_FIR_filter_fu_473/tmp_64_reg_8496_reg[28]                             | REGISTER.SDR.FDRE |
    | grp_FIR_filter_fu_473/p_ZL19H_filter_FIR_kernel_60_load_reg_8476_reg[17]  | REGISTER.SDR.FDRE |
    | grp_FIR_filter_fu_473/tmp_64_reg_8496[2]_i_274                            | CLB.LUT.LUT2      |
    | grp_FIR_filter_fu_473/tmp_64_reg_8496_reg[2]_i_217                        | CLB.CARRY.CARRY8  |
    | grp_FIR_filter_fu_473/tmp_64_reg_8496[2]_i_180                            | CLB.LUT.LUT4      |
    | grp_FIR_filter_fu_473/tmp_64_reg_8496_reg[2]_i_137                        | CLB.CARRY.CARRY8  |
    | grp_FIR_filter_fu_473/tmp_64_reg_8496[2]_i_157                            | CLB.LUT.LUT2      |
    | grp_FIR_filter_fu_473/tmp_64_reg_8496[2]_i_165                            | CLB.LUT.LUT4      |
    | grp_FIR_filter_fu_473/tmp_64_reg_8496_reg[2]_i_136                        | CLB.CARRY.CARRY8  |
    | grp_FIR_filter_fu_473/tmp_64_reg_8496[2]_i_214                            | CLB.LUT.LUT4      |
    | grp_FIR_filter_fu_473/tmp_64_reg_8496_reg[2]_i_139                        | CLB.CARRY.CARRY8  |
    | grp_FIR_filter_fu_473/tmp_64_reg_8496[2]_i_144                            | CLB.LUT.LUT3      |
    | grp_FIR_filter_fu_473/tmp_64_reg_8496[2]_i_124                            | CLB.LUT.LUT5      |
    | grp_FIR_filter_fu_473/tmp_64_reg_8496[2]_i_132                            | CLB.LUT.LUT6      |
    | grp_FIR_filter_fu_473/tmp_64_reg_8496_reg[2]_i_71                         | CLB.CARRY.CARRY8  |
    | grp_FIR_filter_fu_473/tmp_64_reg_8496[2]_i_104                            | CLB.LUT.LUT3      |
    | grp_FIR_filter_fu_473/tmp_64_reg_8496[2]_i_112                            | CLB.LUT.LUT5      |
    | grp_FIR_filter_fu_473/tmp_64_reg_8496_reg[2]_i_70                         | CLB.CARRY.CARRY8  |
    | grp_FIR_filter_fu_473/tmp_64_reg_8496[31]_i_87                            | CLB.LUT.LUT3      |
    | grp_FIR_filter_fu_473/tmp_64_reg_8496[31]_i_95                            | CLB.LUT.LUT4      |
    | grp_FIR_filter_fu_473/tmp_64_reg_8496_reg[31]_i_38                        | CLB.CARRY.CARRY8  |
    | grp_FIR_filter_fu_473/tmp_64_reg_8496_reg[31]_i_31                        | CLB.CARRY.CARRY8  |
    | grp_FIR_filter_fu_473/mul_32s_11s_43_1_1_U75/tmp_64_reg_8496_reg[31]_i_11 | CLB.CARRY.CARRY8  |
    | grp_FIR_filter_fu_473/mul_32s_11s_43_1_1_U75/tmp_64_reg_8496[26]_i_12     | CLB.LUT.LUT2      |
    | grp_FIR_filter_fu_473/mul_32s_11s_43_1_1_U75/tmp_64_reg_8496_reg[26]_i_2  | CLB.CARRY.CARRY8  |
    | grp_FIR_filter_fu_473/mul_32s_11s_43_1_1_U75/tmp_64_reg_8496_reg[31]_i_2  | CLB.CARRY.CARRY8  |
    | grp_FIR_filter_fu_473/mul_32s_11s_43_1_1_U75/tmp_64_reg_8496[26]_i_4      | CLB.LUT.LUT2      |
    | grp_FIR_filter_fu_473/mul_32s_11s_43_1_1_U75/tmp_64_reg_8496_reg[26]_i_1  | CLB.CARRY.CARRY8  |
    | grp_FIR_filter_fu_473/mul_32s_11s_43_1_1_U75/tmp_64_reg_8496_reg[31]_i_1  | CLB.CARRY.CARRY8  |
    | grp_FIR_filter_fu_473/tmp_64_reg_8496_reg[29]                             | REGISTER.SDR.FDRE |
    | grp_FIR_filter_fu_473/p_ZL19H_filter_FIR_kernel_60_load_reg_8476_reg[17]  | REGISTER.SDR.FDRE |
    | grp_FIR_filter_fu_473/tmp_64_reg_8496[2]_i_274                            | CLB.LUT.LUT2      |
    | grp_FIR_filter_fu_473/tmp_64_reg_8496_reg[2]_i_217                        | CLB.CARRY.CARRY8  |
    | grp_FIR_filter_fu_473/tmp_64_reg_8496[2]_i_180                            | CLB.LUT.LUT4      |
    | grp_FIR_filter_fu_473/tmp_64_reg_8496_reg[2]_i_137                        | CLB.CARRY.CARRY8  |
    | grp_FIR_filter_fu_473/tmp_64_reg_8496[2]_i_157                            | CLB.LUT.LUT2      |
    | grp_FIR_filter_fu_473/tmp_64_reg_8496[2]_i_165                            | CLB.LUT.LUT4      |
    | grp_FIR_filter_fu_473/tmp_64_reg_8496_reg[2]_i_136                        | CLB.CARRY.CARRY8  |
    | grp_FIR_filter_fu_473/tmp_64_reg_8496[2]_i_214                            | CLB.LUT.LUT4      |
    | grp_FIR_filter_fu_473/tmp_64_reg_8496_reg[2]_i_139                        | CLB.CARRY.CARRY8  |
    | grp_FIR_filter_fu_473/tmp_64_reg_8496[2]_i_144                            | CLB.LUT.LUT3      |
    | grp_FIR_filter_fu_473/tmp_64_reg_8496[2]_i_124                            | CLB.LUT.LUT5      |
    | grp_FIR_filter_fu_473/tmp_64_reg_8496[2]_i_132                            | CLB.LUT.LUT6      |
    | grp_FIR_filter_fu_473/tmp_64_reg_8496_reg[2]_i_71                         | CLB.CARRY.CARRY8  |
    | grp_FIR_filter_fu_473/tmp_64_reg_8496[2]_i_104                            | CLB.LUT.LUT3      |
    | grp_FIR_filter_fu_473/tmp_64_reg_8496[2]_i_112                            | CLB.LUT.LUT5      |
    | grp_FIR_filter_fu_473/tmp_64_reg_8496_reg[2]_i_70                         | CLB.CARRY.CARRY8  |
    | grp_FIR_filter_fu_473/tmp_64_reg_8496[31]_i_87                            | CLB.LUT.LUT3      |
    | grp_FIR_filter_fu_473/tmp_64_reg_8496[31]_i_95                            | CLB.LUT.LUT4      |
    | grp_FIR_filter_fu_473/tmp_64_reg_8496_reg[31]_i_38                        | CLB.CARRY.CARRY8  |
    | grp_FIR_filter_fu_473/tmp_64_reg_8496_reg[31]_i_31                        | CLB.CARRY.CARRY8  |
    | grp_FIR_filter_fu_473/mul_32s_11s_43_1_1_U75/tmp_64_reg_8496_reg[31]_i_11 | CLB.CARRY.CARRY8  |
    | grp_FIR_filter_fu_473/mul_32s_11s_43_1_1_U75/tmp_64_reg_8496[26]_i_12     | CLB.LUT.LUT2      |
    | grp_FIR_filter_fu_473/mul_32s_11s_43_1_1_U75/tmp_64_reg_8496_reg[26]_i_2  | CLB.CARRY.CARRY8  |
    | grp_FIR_filter_fu_473/mul_32s_11s_43_1_1_U75/tmp_64_reg_8496_reg[31]_i_2  | CLB.CARRY.CARRY8  |
    | grp_FIR_filter_fu_473/mul_32s_11s_43_1_1_U75/tmp_64_reg_8496[26]_i_4      | CLB.LUT.LUT2      |
    | grp_FIR_filter_fu_473/mul_32s_11s_43_1_1_U75/tmp_64_reg_8496_reg[26]_i_1  | CLB.CARRY.CARRY8  |
    | grp_FIR_filter_fu_473/mul_32s_11s_43_1_1_U75/tmp_64_reg_8496_reg[31]_i_1  | CLB.CARRY.CARRY8  |
    | grp_FIR_filter_fu_473/tmp_64_reg_8496_reg[27]                             | REGISTER.SDR.FDRE |
    +---------------------------------------------------------------------------+-------------------+


================================================================
== Place & Route Vivado Reports
================================================================
+--------------------------+-----------------------------------------------------------------+
| Report Type              | Report Location                                                 |
+--------------------------+-----------------------------------------------------------------+
| design_analysis          | impl/verilog/report/FIR_HLS_design_analysis_routed.rpt          |
| failfast                 | impl/verilog/report/FIR_HLS_failfast_routed.rpt                 |
| power                    | impl/verilog/report/FIR_HLS_power_routed.rpt                    |
| status                   | impl/verilog/report/FIR_HLS_status_routed.rpt                   |
| timing                   | impl/verilog/report/FIR_HLS_timing_routed.rpt                   |
| timing_paths             | impl/verilog/report/FIR_HLS_timing_paths_routed.rpt             |
| utilization              | impl/verilog/report/FIR_HLS_utilization_routed.rpt              |
| utilization_hierarchical | impl/verilog/report/FIR_HLS_utilization_hierarchical_routed.rpt |
+--------------------------+-----------------------------------------------------------------+


