================================================================
== Vivado RTL Synthesis Results
================================================================
+ General Information:
    * Date:            Sun Nov 16 15:15:46 +0100 2025
    * Version:         2024.2 (Build 5238294 on Nov  8 2024)
    * Project:         Multirate_v3
    * Solution:        hls (Vivado IP Flow Target)
    * Product family:  zynquplus
    * Target device:   xck26-sfvc784-2LV-c


================================================================
== Run Constraints & Options
================================================================
+ Design Constraints & Options:
    * RTL Synthesis target clock:  10 ns
    * C-Synthesis uncertainty:     27%

+ RTL Synthesis Options:
    * config_export -vivado_synth_strategy:     default
    * config_export -vivado_synth_design_args:  -directive sdx_optimization_effort_high

+ Reporting Options:
    * config_export -vivado_report_level:      2
    * config_export -vivado_max_timing_paths:  10


================================================================
== RTL Synthesis Resource Summary
================================================================
LUT:              9340
FF:               5238
DSP:              16
BRAM:             0
URAM:             0
SRL:              0


================================================================
== RTL Synthesis Timing Summary
================================================================
* Timing was met
+----------------+-------------+
| Timing         | Period (ns) |
+----------------+-------------+
| Target         | 10.000      |
| Post-Synthesis | 7.309       |
+----------------+-------------+


================================================================
== RTL Synthesis Resources
================================================================
+------------------------------------------+------+------+-----+------+------+-----+--------+------+---------+----------+--------+
| Name                                     | LUT  | FF   | DSP | BRAM | URAM | SRL | Pragma | Impl | Latency | Variable | Source |
+------------------------------------------+------+------+-----+------+------+-----+--------+------+---------+----------+--------+
| inst                                     | 9340 | 5238 | 16  |      |      |     |        |      |         |          |        |
|   (inst)                                 |      | 1122 |     |      |      |     |        |      |         |          |        |
|   grp_FIR_filter_fu_473                  | 8712 | 3413 |     |      |      |     |        |      |         |          |        |
|     (grp_FIR_filter_fu_473)              | 4447 | 3413 |     |      |      |     |        |      |         |          |        |
|     mul_32s_10s_42_1_1_U61               | 82   |      |     |      |      |     |        |      |         |          |        |
|     mul_32s_10s_42_1_1_U62               | 65   |      |     |      |      |     |        |      |         |          |        |
|     mul_32s_10s_42_1_1_U63               | 51   |      |     |      |      |     |        |      |         |          |        |
|     mul_32s_10s_42_1_1_U64               | 72   |      |     |      |      |     |        |      |         |          |        |
|     mul_32s_10s_42_1_1_U65               | 46   |      |     |      |      |     |        |      |         |          |        |
|     mul_32s_10s_42_1_1_U66               | 131  |      |     |      |      |     |        |      |         |          |        |
|     mul_32s_10s_42_1_1_U67               | 49   |      |     |      |      |     |        |      |         |          |        |
|     mul_32s_10s_42_1_1_U68               | 51   |      |     |      |      |     |        |      |         |          |        |
|     mul_32s_10s_42_1_1_U69               | 91   |      |     |      |      |     |        |      |         |          |        |
|     mul_32s_10s_42_1_1_U70               | 165  |      |     |      |      |     |        |      |         |          |        |
|     mul_32s_11s_43_1_1_U71               | 162  |      |     |      |      |     |        |      |         |          |        |
|     mul_32s_11s_43_1_1_U72               | 118  |      |     |      |      |     |        |      |         |          |        |
|     mul_32s_11s_43_1_1_U73               | 96   |      |     |      |      |     |        |      |         |          |        |
|     mul_32s_11s_43_1_1_U74               | 58   |      |     |      |      |     |        |      |         |          |        |
|     mul_32s_11s_43_1_1_U75               | 133  |      |     |      |      |     |        |      |         |          |        |
|     mul_32s_11s_43_1_1_U76               | 96   |      |     |      |      |     |        |      |         |          |        |
|     mul_32s_11s_43_1_1_U77               | 142  |      |     |      |      |     |        |      |         |          |        |
|     mul_32s_11s_43_1_1_U78               | 80   |      |     |      |      |     |        |      |         |          |        |
|     mul_32s_12s_44_1_1_U79               | 104  |      |     |      |      |     |        |      |         |          |        |
|     mul_32s_12s_44_1_1_U80               | 104  |      |     |      |      |     |        |      |         |          |        |
|     mul_32s_13s_45_1_1_U81               | 130  |      |     |      |      |     |        |      |         |          |        |
|     mul_32s_13s_45_1_1_U82               | 108  |      |     |      |      |     |        |      |         |          |        |
|     mul_32s_6s_38_1_1_U33                | 55   |      |     |      |      |     |        |      |         |          |        |
|     mul_32s_6s_38_1_1_U34                | 84   |      |     |      |      |     |        |      |         |          |        |
|     mul_32s_6s_38_1_1_U35                | 35   |      |     |      |      |     |        |      |         |          |        |
|     mul_32s_6s_38_1_1_U36                | 117  |      |     |      |      |     |        |      |         |          |        |
|     mul_32s_7s_39_1_1_U37                | 30   |      |     |      |      |     |        |      |         |          |        |
|     mul_32s_7s_39_1_1_U38                | 107  |      |     |      |      |     |        |      |         |          |        |
|     mul_32s_7s_39_1_1_U39                | 53   |      |     |      |      |     |        |      |         |          |        |
|     mul_32s_7s_39_1_1_U40                | 103  |      |     |      |      |     |        |      |         |          |        |
|     mul_32s_7s_39_1_1_U41                | 28   |      |     |      |      |     |        |      |         |          |        |
|     mul_32s_7s_39_1_1_U42                | 30   |      |     |      |      |     |        |      |         |          |        |
|     mul_32s_8s_40_1_1_U43                | 123  |      |     |      |      |     |        |      |         |          |        |
|     mul_32s_8s_40_1_1_U44                | 67   |      |     |      |      |     |        |      |         |          |        |
|     mul_32s_8s_40_1_1_U45                | 68   |      |     |      |      |     |        |      |         |          |        |
|     mul_32s_8s_40_1_1_U46                | 52   |      |     |      |      |     |        |      |         |          |        |
|     mul_32s_8s_40_1_1_U47                | 69   |      |     |      |      |     |        |      |         |          |        |
|     mul_32s_8s_40_1_1_U48                | 135  |      |     |      |      |     |        |      |         |          |        |
|     mul_32s_8s_40_1_1_U49                | 52   |      |     |      |      |     |        |      |         |          |        |
|     mul_32s_8s_40_1_1_U50                | 129  |      |     |      |      |     |        |      |         |          |        |
|     mul_32s_8s_40_1_1_U51                | 52   |      |     |      |      |     |        |      |         |          |        |
|     mul_32s_8s_40_1_1_U52                | 68   |      |     |      |      |     |        |      |         |          |        |
|     mul_32s_8s_40_1_1_U53                | 117  |      |     |      |      |     |        |      |         |          |        |
|     mul_32s_8s_40_1_1_U54                | 106  |      |     |      |      |     |        |      |         |          |        |
|     mul_32s_9s_41_1_1_U55                | 167  |      |     |      |      |     |        |      |         |          |        |
|     mul_32s_9s_41_1_1_U56                | 44   |      |     |      |      |     |        |      |         |          |        |
|     mul_32s_9s_41_1_1_U57                | 62   |      |     |      |      |     |        |      |         |          |        |
|     mul_32s_9s_41_1_1_U58                | 62   |      |     |      |      |     |        |      |         |          |        |
|     mul_32s_9s_41_1_1_U59                | 44   |      |     |      |      |     |        |      |         |          |        |
|     mul_32s_9s_41_1_1_U60                | 84   |      |     |      |      |     |        |      |         |          |        |
|   grp_FIR_filter_transposed_1_fu_462     | 186  | 633  | 6   |      |      |     |        |      |         |          |        |
|     (grp_FIR_filter_transposed_1_fu_462) | 141  | 633  | 4   |      |      |     |        |      |         |          |        |
|     mac_muladd_16s_9ns_32s_32_4_0_U23    | 32   |      | 1   |      |      |     |        |      |         |          |        |
|     mul_16s_10ns_26_1_0_U22              | 13   |      | 1   |      |      |     |        |      |         |          |        |
|   grp_FIR_filter_transposed_fu_405       | 189  |      | 5   |      |      |     |        |      |         |          |        |
|     (grp_FIR_filter_transposed_fu_405)   | 74   |      |     |      |      |     |        |      |         |          |        |
|     mul_10s_16s_25_1_1_U1                | 26   |      | 1   |      |      |     |        |      |         |          |        |
|     mul_16s_10s_26_1_1_U5                |      |      | 1   |      |      |     |        |      |         |          |        |
|     mul_16s_13s_29_1_1_U2                | 29   |      | 1   |      |      |     |        |      |         |          |        |
|     mul_16s_13s_29_1_1_U4                | 30   |      | 1   |      |      |     |        |      |         |          |        |
|     mul_16s_14ns_30_1_1_U3               | 30   |      | 1   |      |      |     |        |      |         |          |        |
|   grp_FIR_filter_transposed_fu_425       | 170  |      | 5   |      |      |     |        |      |         |          |        |
|     (grp_FIR_filter_transposed_fu_425)   | 54   |      |     |      |      |     |        |      |         |          |        |
|     mul_10s_16s_25_1_1_U1                | 26   |      | 1   |      |      |     |        |      |         |          |        |
|     mul_16s_10s_26_1_1_U5                | 1    |      | 1   |      |      |     |        |      |         |          |        |
|     mul_16s_13s_29_1_1_U2                | 29   |      | 1   |      |      |     |        |      |         |          |        |
|     mul_16s_13s_29_1_1_U4                | 30   |      | 1   |      |      |     |        |      |         |          |        |
|     mul_16s_14ns_30_1_1_U3               | 30   |      | 1   |      |      |     |        |      |         |          |        |
|   regslice_both_input_r_U                | 40   | 37   |     |      |      |     |        |      |         |          |        |
|   regslice_both_output_r_U               | 43   | 33   |     |      |      |     |        |      |         |          |        |
+------------------------------------------+------+------+-----+------+------+-----+--------+------+---------+----------+--------+


================================================================
== RTL Synthesis Fail Fast
================================================================
+-----------------------------------------------------------+-----------+--------+--------+
| Criteria                                                  | Guideline | Actual | Status |
+-----------------------------------------------------------+-----------+--------+--------+
| LUT                                                       | 70%       | 7.97%  | OK     |
| FD                                                        | 50%       | 2.24%  | OK     |
| LUTRAM+SRL                                                | 25%       | 0.00%  | OK     |
| CARRY8                                                    | 25%       | 7.92%  | OK     |
| MUXF7                                                     | 15%       | 0.00%  | OK     |
| DSP                                                       | 80%       | 1.28%  | OK     |
| RAMB/FIFO                                                 | 80%       | 0.00%  | OK     |
| URAM                                                      | 80%       | 0.00%  | OK     |
| DSP+RAMB+URAM (Avg)                                       | 70%       | 1.28%  | OK     |
| BUFGCE* + BUFGCTRL                                        | 24        | 0      | OK     |
| DONT_TOUCH (cells/nets)                                   | 0         | 0      | OK     |
| MARK_DEBUG (nets)                                         | 0         | 0      | OK     |
| Control Sets                                              | 2196      | 37     | OK     |
| Average Fanout for modules > 100k cells                   | 4         | 1.73   | OK     |
| Max Average Fanout for modules > 100k cells               | 4         | 0      | OK     |
| Non-FD high fanout nets > 10k loads                       | 0         | 0      | OK     |
+-----------------------------------------------------------+-----------+--------+--------+
| TIMING-6 (No common primary clock between related clocks) | 0         | 0      | OK     |
| TIMING-7 (No common node between related clocks)          | 0         | 0      | OK     |
| TIMING-8 (No common period between related clocks)        | 0         | 0      | OK     |
| TIMING-14 (LUT on the clock tree)                         | 0         | 0      | OK     |
| TIMING-35 (No common node in paths with the same clock)   | 0         | 0      | OK     |
+-----------------------------------------------------------+-----------+--------+--------+
| Number of paths above max LUT budgeting (0.391ns)         | 0         | 0      | OK     |
| Number of paths above max Net budgeting (0.263ns)         | 0         | 0      | OK     |
+-----------------------------------------------------------+-----------+--------+--------+


================================================================
== RTL Synthesis Timing Paths
================================================================
* Timing was met
+-------+-------+----------------------------------------------------------------------------+-------------------------------------------------+--------------+------------+----------------+----------------+--------------+
| Path  | SLACK | STARTPOINT PIN                                                             | ENDPOINT PIN                                    | LOGIC LEVELS | MAX FANOUT | DATAPATH DELAY | DATAPATH LOGIC | DATAPATH NET |
|       |       |                                                                            |                                                 |              |            |                |          DELAY |        DELAY |
+-------+-------+----------------------------------------------------------------------------+-------------------------------------------------+--------------+------------+----------------+----------------+--------------+
| Path1 | 2.691 | grp_FIR_filter_fu_473/p_ZL19H_filter_FIR_kernel_60_load_reg_8476_reg[16]/C | grp_FIR_filter_fu_473/tmp_64_reg_8496_reg[31]/D |           24 |          5 |          7.307 |          3.411 |        3.896 |
| Path2 | 2.800 | grp_FIR_filter_fu_473/p_ZL19H_filter_FIR_kernel_60_load_reg_8476_reg[16]/C | grp_FIR_filter_fu_473/tmp_64_reg_8496_reg[30]/D |           24 |          5 |          7.197 |          3.299 |        3.898 |
| Path3 | 2.812 | grp_FIR_filter_fu_473/p_ZL19H_filter_FIR_kernel_60_load_reg_8476_reg[16]/C | grp_FIR_filter_fu_473/tmp_64_reg_8496_reg[28]/D |           27 |          3 |          7.185 |          3.338 |        3.847 |
| Path4 | 2.824 | grp_FIR_filter_fu_473/p_ZL19H_filter_FIR_kernel_60_load_reg_8476_reg[16]/C | grp_FIR_filter_fu_473/tmp_64_reg_8496_reg[29]/D |           27 |          3 |          7.173 |          3.325 |        3.848 |
| Path5 | 2.842 | grp_FIR_filter_fu_473/p_ZL19H_filter_FIR_kernel_60_load_reg_8476_reg[16]/C | grp_FIR_filter_fu_473/tmp_64_reg_8496_reg[27]/D |           27 |          3 |          7.156 |          3.310 |        3.846 |
+-------+-------+----------------------------------------------------------------------------+-------------------------------------------------+--------------+------------+----------------+----------------+--------------+

    +---------------------------------------------------------------------------+-------------------+
    | Path1 Cells                                                               | Primitive Type    |
    +---------------------------------------------------------------------------+-------------------+
    | grp_FIR_filter_fu_473/p_ZL19H_filter_FIR_kernel_60_load_reg_8476_reg[16]  | REGISTER.SDR.FDRE |
    | grp_FIR_filter_fu_473/tmp_64_reg_8496[2]_i_275                            | CLB.LUT.LUT2      |
    | grp_FIR_filter_fu_473/tmp_64_reg_8496_reg[2]_i_217                        | CLB.CARRY.CARRY8  |
    | grp_FIR_filter_fu_473/tmp_64_reg_8496[2]_i_172                            | CLB.LUT.LUT2      |
    | grp_FIR_filter_fu_473/tmp_64_reg_8496_reg[2]_i_137                        | CLB.CARRY.CARRY8  |
    | grp_FIR_filter_fu_473/tmp_64_reg_8496[2]_i_155                            | CLB.LUT.LUT2      |
    | grp_FIR_filter_fu_473/tmp_64_reg_8496_reg[2]_i_136                        | CLB.CARRY.CARRY8  |
    | grp_FIR_filter_fu_473/tmp_64_reg_8496[2]_i_206                            | CLB.LUT.LUT2      |
    | grp_FIR_filter_fu_473/tmp_64_reg_8496_reg[2]_i_139                        | CLB.CARRY.CARRY8  |
    | grp_FIR_filter_fu_473/tmp_64_reg_8496[2]_i_142                            | CLB.LUT.LUT3      |
    | grp_FIR_filter_fu_473/tmp_64_reg_8496[2]_i_122                            | CLB.LUT.LUT5      |
    | grp_FIR_filter_fu_473/tmp_64_reg_8496[2]_i_130                            | CLB.LUT.LUT6      |
    | grp_FIR_filter_fu_473/tmp_64_reg_8496_reg[2]_i_71                         | CLB.CARRY.CARRY8  |
    | grp_FIR_filter_fu_473/tmp_64_reg_8496_reg[2]_i_138                        | CLB.CARRY.CARRY8  |
    | grp_FIR_filter_fu_473/tmp_64_reg_8496[31]_i_134                           | CLB.LUT.LUT4      |
    | grp_FIR_filter_fu_473/tmp_64_reg_8496_reg[31]_i_116                       | CLB.CARRY.CARRY8  |
    | grp_FIR_filter_fu_473/tmp_64_reg_8496[31]_i_74                            | CLB.LUT.LUT3      |
    | grp_FIR_filter_fu_473/tmp_64_reg_8496_reg[31]_i_31                        | CLB.CARRY.CARRY8  |
    | grp_FIR_filter_fu_473/mul_32s_11s_43_1_1_U75/tmp_64_reg_8496[31]_i_40     | CLB.LUT.LUT2      |
    | grp_FIR_filter_fu_473/mul_32s_11s_43_1_1_U75/tmp_64_reg_8496_reg[31]_i_11 | CLB.CARRY.CARRY8  |
    | grp_FIR_filter_fu_473/mul_32s_11s_43_1_1_U75/tmp_64_reg_8496_reg[31]_i_10 | CLB.CARRY.CARRY8  |
    | grp_FIR_filter_fu_473/mul_32s_11s_43_1_1_U75/tmp_64_reg_8496[31]_i_15     | CLB.LUT.LUT2      |
    | grp_FIR_filter_fu_473/mul_32s_11s_43_1_1_U75/tmp_64_reg_8496_reg[31]_i_2  | CLB.CARRY.CARRY8  |
    | grp_FIR_filter_fu_473/mul_32s_11s_43_1_1_U75/tmp_64_reg_8496[31]_i_6      | CLB.LUT.LUT2      |
    | grp_FIR_filter_fu_473/mul_32s_11s_43_1_1_U75/tmp_64_reg_8496_reg[31]_i_1  | CLB.CARRY.CARRY8  |
    | grp_FIR_filter_fu_473/tmp_64_reg_8496_reg[31]                             | REGISTER.SDR.FDRE |
    | grp_FIR_filter_fu_473/p_ZL19H_filter_FIR_kernel_60_load_reg_8476_reg[16]  | REGISTER.SDR.FDRE |
    | grp_FIR_filter_fu_473/tmp_64_reg_8496[2]_i_275                            | CLB.LUT.LUT2      |
    | grp_FIR_filter_fu_473/tmp_64_reg_8496_reg[2]_i_217                        | CLB.CARRY.CARRY8  |
    | grp_FIR_filter_fu_473/tmp_64_reg_8496[2]_i_172                            | CLB.LUT.LUT2      |
    | grp_FIR_filter_fu_473/tmp_64_reg_8496_reg[2]_i_137                        | CLB.CARRY.CARRY8  |
    | grp_FIR_filter_fu_473/tmp_64_reg_8496[2]_i_155                            | CLB.LUT.LUT2      |
    | grp_FIR_filter_fu_473/tmp_64_reg_8496_reg[2]_i_136                        | CLB.CARRY.CARRY8  |
    | grp_FIR_filter_fu_473/tmp_64_reg_8496[2]_i_206                            | CLB.LUT.LUT2      |
    | grp_FIR_filter_fu_473/tmp_64_reg_8496_reg[2]_i_139                        | CLB.CARRY.CARRY8  |
    | grp_FIR_filter_fu_473/tmp_64_reg_8496[2]_i_142                            | CLB.LUT.LUT3      |
    | grp_FIR_filter_fu_473/tmp_64_reg_8496[2]_i_122                            | CLB.LUT.LUT5      |
    | grp_FIR_filter_fu_473/tmp_64_reg_8496[2]_i_130                            | CLB.LUT.LUT6      |
    | grp_FIR_filter_fu_473/tmp_64_reg_8496_reg[2]_i_71                         | CLB.CARRY.CARRY8  |
    | grp_FIR_filter_fu_473/tmp_64_reg_8496_reg[2]_i_138                        | CLB.CARRY.CARRY8  |
    | grp_FIR_filter_fu_473/tmp_64_reg_8496[31]_i_134                           | CLB.LUT.LUT4      |
    | grp_FIR_filter_fu_473/tmp_64_reg_8496_reg[31]_i_116                       | CLB.CARRY.CARRY8  |
    | grp_FIR_filter_fu_473/tmp_64_reg_8496[31]_i_74                            | CLB.LUT.LUT3      |
    | grp_FIR_filter_fu_473/tmp_64_reg_8496_reg[31]_i_31                        | CLB.CARRY.CARRY8  |
    | grp_FIR_filter_fu_473/mul_32s_11s_43_1_1_U75/tmp_64_reg_8496[31]_i_40     | CLB.LUT.LUT2      |
    | grp_FIR_filter_fu_473/mul_32s_11s_43_1_1_U75/tmp_64_reg_8496_reg[31]_i_11 | CLB.CARRY.CARRY8  |
    | grp_FIR_filter_fu_473/mul_32s_11s_43_1_1_U75/tmp_64_reg_8496_reg[31]_i_10 | CLB.CARRY.CARRY8  |
    | grp_FIR_filter_fu_473/mul_32s_11s_43_1_1_U75/tmp_64_reg_8496[31]_i_15     | CLB.LUT.LUT2      |
    | grp_FIR_filter_fu_473/mul_32s_11s_43_1_1_U75/tmp_64_reg_8496_reg[31]_i_2  | CLB.CARRY.CARRY8  |
    | grp_FIR_filter_fu_473/mul_32s_11s_43_1_1_U75/tmp_64_reg_8496[31]_i_6      | CLB.LUT.LUT2      |
    | grp_FIR_filter_fu_473/mul_32s_11s_43_1_1_U75/tmp_64_reg_8496_reg[31]_i_1  | CLB.CARRY.CARRY8  |
    | grp_FIR_filter_fu_473/tmp_64_reg_8496_reg[30]                             | REGISTER.SDR.FDRE |
    | grp_FIR_filter_fu_473/p_ZL19H_filter_FIR_kernel_60_load_reg_8476_reg[16]  | REGISTER.SDR.FDRE |
    | grp_FIR_filter_fu_473/tmp_64_reg_8496[2]_i_275                            | CLB.LUT.LUT2      |
    | grp_FIR_filter_fu_473/tmp_64_reg_8496_reg[2]_i_217                        | CLB.CARRY.CARRY8  |
    | grp_FIR_filter_fu_473/tmp_64_reg_8496[2]_i_172                            | CLB.LUT.LUT2      |
    | grp_FIR_filter_fu_473/tmp_64_reg_8496_reg[2]_i_137                        | CLB.CARRY.CARRY8  |
    | grp_FIR_filter_fu_473/tmp_64_reg_8496[2]_i_155                            | CLB.LUT.LUT2      |
    | grp_FIR_filter_fu_473/tmp_64_reg_8496_reg[2]_i_136                        | CLB.CARRY.CARRY8  |
    | grp_FIR_filter_fu_473/tmp_64_reg_8496[2]_i_206                            | CLB.LUT.LUT2      |
    | grp_FIR_filter_fu_473/tmp_64_reg_8496_reg[2]_i_139                        | CLB.CARRY.CARRY8  |
    | grp_FIR_filter_fu_473/tmp_64_reg_8496[2]_i_144                            | CLB.LUT.LUT3      |
    | grp_FIR_filter_fu_473/tmp_64_reg_8496[2]_i_124                            | CLB.LUT.LUT5      |
    | grp_FIR_filter_fu_473/tmp_64_reg_8496[2]_i_132                            | CLB.LUT.LUT6      |
    | grp_FIR_filter_fu_473/tmp_64_reg_8496_reg[2]_i_71                         | CLB.CARRY.CARRY8  |
    | grp_FIR_filter_fu_473/tmp_64_reg_8496[2]_i_107                            | CLB.LUT.LUT3      |
    | grp_FIR_filter_fu_473/tmp_64_reg_8496[2]_i_115                            | CLB.LUT.LUT4      |
    | grp_FIR_filter_fu_473/tmp_64_reg_8496_reg[2]_i_70                         | CLB.CARRY.CARRY8  |
    | grp_FIR_filter_fu_473/tmp_64_reg_8496[31]_i_88                            | CLB.LUT.LUT3      |
    | grp_FIR_filter_fu_473/tmp_64_reg_8496[31]_i_96                            | CLB.LUT.LUT4      |
    | grp_FIR_filter_fu_473/tmp_64_reg_8496_reg[31]_i_38                        | CLB.CARRY.CARRY8  |
    | grp_FIR_filter_fu_473/tmp_64_reg_8496_reg[31]_i_31                        | CLB.CARRY.CARRY8  |
    | grp_FIR_filter_fu_473/mul_32s_11s_43_1_1_U75/tmp_64_reg_8496[31]_i_43     | CLB.LUT.LUT2      |
    | grp_FIR_filter_fu_473/mul_32s_11s_43_1_1_U75/tmp_64_reg_8496_reg[31]_i_11 | CLB.CARRY.CARRY8  |
    | grp_FIR_filter_fu_473/mul_32s_11s_43_1_1_U75/tmp_64_reg_8496[26]_i_13     | CLB.LUT.LUT2      |
    | grp_FIR_filter_fu_473/mul_32s_11s_43_1_1_U75/tmp_64_reg_8496_reg[26]_i_2  | CLB.CARRY.CARRY8  |
    | grp_FIR_filter_fu_473/mul_32s_11s_43_1_1_U75/tmp_64_reg_8496_reg[31]_i_2  | CLB.CARRY.CARRY8  |
    | grp_FIR_filter_fu_473/mul_32s_11s_43_1_1_U75/tmp_64_reg_8496[26]_i_3      | CLB.LUT.LUT2      |
    | grp_FIR_filter_fu_473/mul_32s_11s_43_1_1_U75/tmp_64_reg_8496_reg[26]_i_1  | CLB.CARRY.CARRY8  |
    | grp_FIR_filter_fu_473/mul_32s_11s_43_1_1_U75/tmp_64_reg_8496_reg[31]_i_1  | CLB.CARRY.CARRY8  |
    | grp_FIR_filter_fu_473/tmp_64_reg_8496_reg[28]                             | REGISTER.SDR.FDRE |
    | grp_FIR_filter_fu_473/p_ZL19H_filter_FIR_kernel_60_load_reg_8476_reg[16]  | REGISTER.SDR.FDRE |
    | grp_FIR_filter_fu_473/tmp_64_reg_8496[2]_i_275                            | CLB.LUT.LUT2      |
    | grp_FIR_filter_fu_473/tmp_64_reg_8496_reg[2]_i_217                        | CLB.CARRY.CARRY8  |
    | grp_FIR_filter_fu_473/tmp_64_reg_8496[2]_i_172                            | CLB.LUT.LUT2      |
    | grp_FIR_filter_fu_473/tmp_64_reg_8496_reg[2]_i_137                        | CLB.CARRY.CARRY8  |
    | grp_FIR_filter_fu_473/tmp_64_reg_8496[2]_i_155                            | CLB.LUT.LUT2      |
    | grp_FIR_filter_fu_473/tmp_64_reg_8496_reg[2]_i_136                        | CLB.CARRY.CARRY8  |
    | grp_FIR_filter_fu_473/tmp_64_reg_8496[2]_i_206                            | CLB.LUT.LUT2      |
    | grp_FIR_filter_fu_473/tmp_64_reg_8496_reg[2]_i_139                        | CLB.CARRY.CARRY8  |
    | grp_FIR_filter_fu_473/tmp_64_reg_8496[2]_i_144                            | CLB.LUT.LUT3      |
    | grp_FIR_filter_fu_473/tmp_64_reg_8496[2]_i_124                            | CLB.LUT.LUT5      |
    | grp_FIR_filter_fu_473/tmp_64_reg_8496[2]_i_132                            | CLB.LUT.LUT6      |
    | grp_FIR_filter_fu_473/tmp_64_reg_8496_reg[2]_i_71                         | CLB.CARRY.CARRY8  |
    | grp_FIR_filter_fu_473/tmp_64_reg_8496[2]_i_107                            | CLB.LUT.LUT3      |
    | grp_FIR_filter_fu_473/tmp_64_reg_8496[2]_i_115                            | CLB.LUT.LUT4      |
    | grp_FIR_filter_fu_473/tmp_64_reg_8496_reg[2]_i_70                         | CLB.CARRY.CARRY8  |
    | grp_FIR_filter_fu_473/tmp_64_reg_8496[31]_i_88                            | CLB.LUT.LUT3      |
    | grp_FIR_filter_fu_473/tmp_64_reg_8496[31]_i_96                            | CLB.LUT.LUT4      |
    | grp_FIR_filter_fu_473/tmp_64_reg_8496_reg[31]_i_38                        | CLB.CARRY.CARRY8  |
    | grp_FIR_filter_fu_473/tmp_64_reg_8496_reg[31]_i_31                        | CLB.CARRY.CARRY8  |
    | grp_FIR_filter_fu_473/mul_32s_11s_43_1_1_U75/tmp_64_reg_8496[31]_i_43     | CLB.LUT.LUT2      |
    | grp_FIR_filter_fu_473/mul_32s_11s_43_1_1_U75/tmp_64_reg_8496_reg[31]_i_11 | CLB.CARRY.CARRY8  |
    | grp_FIR_filter_fu_473/mul_32s_11s_43_1_1_U75/tmp_64_reg_8496[26]_i_13     | CLB.LUT.LUT2      |
    | grp_FIR_filter_fu_473/mul_32s_11s_43_1_1_U75/tmp_64_reg_8496_reg[26]_i_2  | CLB.CARRY.CARRY8  |
    | grp_FIR_filter_fu_473/mul_32s_11s_43_1_1_U75/tmp_64_reg_8496_reg[31]_i_2  | CLB.CARRY.CARRY8  |
    | grp_FIR_filter_fu_473/mul_32s_11s_43_1_1_U75/tmp_64_reg_8496[26]_i_3      | CLB.LUT.LUT2      |
    | grp_FIR_filter_fu_473/mul_32s_11s_43_1_1_U75/tmp_64_reg_8496_reg[26]_i_1  | CLB.CARRY.CARRY8  |
    | grp_FIR_filter_fu_473/mul_32s_11s_43_1_1_U75/tmp_64_reg_8496_reg[31]_i_1  | CLB.CARRY.CARRY8  |
    | grp_FIR_filter_fu_473/tmp_64_reg_8496_reg[29]                             | REGISTER.SDR.FDRE |
    | grp_FIR_filter_fu_473/p_ZL19H_filter_FIR_kernel_60_load_reg_8476_reg[16]  | REGISTER.SDR.FDRE |
    | grp_FIR_filter_fu_473/tmp_64_reg_8496[2]_i_275                            | CLB.LUT.LUT2      |
    | grp_FIR_filter_fu_473/tmp_64_reg_8496_reg[2]_i_217                        | CLB.CARRY.CARRY8  |
    | grp_FIR_filter_fu_473/tmp_64_reg_8496[2]_i_172                            | CLB.LUT.LUT2      |
    | grp_FIR_filter_fu_473/tmp_64_reg_8496_reg[2]_i_137                        | CLB.CARRY.CARRY8  |
    | grp_FIR_filter_fu_473/tmp_64_reg_8496[2]_i_155                            | CLB.LUT.LUT2      |
    | grp_FIR_filter_fu_473/tmp_64_reg_8496_reg[2]_i_136                        | CLB.CARRY.CARRY8  |
    | grp_FIR_filter_fu_473/tmp_64_reg_8496[2]_i_206                            | CLB.LUT.LUT2      |
    | grp_FIR_filter_fu_473/tmp_64_reg_8496_reg[2]_i_139                        | CLB.CARRY.CARRY8  |
    | grp_FIR_filter_fu_473/tmp_64_reg_8496[2]_i_144                            | CLB.LUT.LUT3      |
    | grp_FIR_filter_fu_473/tmp_64_reg_8496[2]_i_124                            | CLB.LUT.LUT5      |
    | grp_FIR_filter_fu_473/tmp_64_reg_8496[2]_i_132                            | CLB.LUT.LUT6      |
    | grp_FIR_filter_fu_473/tmp_64_reg_8496_reg[2]_i_71                         | CLB.CARRY.CARRY8  |
    | grp_FIR_filter_fu_473/tmp_64_reg_8496[2]_i_107                            | CLB.LUT.LUT3      |
    | grp_FIR_filter_fu_473/tmp_64_reg_8496[2]_i_115                            | CLB.LUT.LUT4      |
    | grp_FIR_filter_fu_473/tmp_64_reg_8496_reg[2]_i_70                         | CLB.CARRY.CARRY8  |
    | grp_FIR_filter_fu_473/tmp_64_reg_8496[31]_i_88                            | CLB.LUT.LUT3      |
    | grp_FIR_filter_fu_473/tmp_64_reg_8496[31]_i_96                            | CLB.LUT.LUT4      |
    | grp_FIR_filter_fu_473/tmp_64_reg_8496_reg[31]_i_38                        | CLB.CARRY.CARRY8  |
    | grp_FIR_filter_fu_473/tmp_64_reg_8496_reg[31]_i_31                        | CLB.CARRY.CARRY8  |
    | grp_FIR_filter_fu_473/mul_32s_11s_43_1_1_U75/tmp_64_reg_8496[31]_i_43     | CLB.LUT.LUT2      |
    | grp_FIR_filter_fu_473/mul_32s_11s_43_1_1_U75/tmp_64_reg_8496_reg[31]_i_11 | CLB.CARRY.CARRY8  |
    | grp_FIR_filter_fu_473/mul_32s_11s_43_1_1_U75/tmp_64_reg_8496[26]_i_13     | CLB.LUT.LUT2      |
    | grp_FIR_filter_fu_473/mul_32s_11s_43_1_1_U75/tmp_64_reg_8496_reg[26]_i_2  | CLB.CARRY.CARRY8  |
    | grp_FIR_filter_fu_473/mul_32s_11s_43_1_1_U75/tmp_64_reg_8496_reg[31]_i_2  | CLB.CARRY.CARRY8  |
    | grp_FIR_filter_fu_473/mul_32s_11s_43_1_1_U75/tmp_64_reg_8496[26]_i_3      | CLB.LUT.LUT2      |
    | grp_FIR_filter_fu_473/mul_32s_11s_43_1_1_U75/tmp_64_reg_8496_reg[26]_i_1  | CLB.CARRY.CARRY8  |
    | grp_FIR_filter_fu_473/mul_32s_11s_43_1_1_U75/tmp_64_reg_8496_reg[31]_i_1  | CLB.CARRY.CARRY8  |
    | grp_FIR_filter_fu_473/tmp_64_reg_8496_reg[27]                             | REGISTER.SDR.FDRE |
    +---------------------------------------------------------------------------+-------------------+

    +---------------------------------------------------------------------------+-------------------+
    | Path2 Cells                                                               | Primitive Type    |
    +---------------------------------------------------------------------------+-------------------+
    | grp_FIR_filter_fu_473/p_ZL19H_filter_FIR_kernel_60_load_reg_8476_reg[16]  | REGISTER.SDR.FDRE |
    | grp_FIR_filter_fu_473/tmp_64_reg_8496[2]_i_275                            | CLB.LUT.LUT2      |
    | grp_FIR_filter_fu_473/tmp_64_reg_8496_reg[2]_i_217                        | CLB.CARRY.CARRY8  |
    | grp_FIR_filter_fu_473/tmp_64_reg_8496[2]_i_172                            | CLB.LUT.LUT2      |
    | grp_FIR_filter_fu_473/tmp_64_reg_8496_reg[2]_i_137                        | CLB.CARRY.CARRY8  |
    | grp_FIR_filter_fu_473/tmp_64_reg_8496[2]_i_155                            | CLB.LUT.LUT2      |
    | grp_FIR_filter_fu_473/tmp_64_reg_8496_reg[2]_i_136                        | CLB.CARRY.CARRY8  |
    | grp_FIR_filter_fu_473/tmp_64_reg_8496[2]_i_206                            | CLB.LUT.LUT2      |
    | grp_FIR_filter_fu_473/tmp_64_reg_8496_reg[2]_i_139                        | CLB.CARRY.CARRY8  |
    | grp_FIR_filter_fu_473/tmp_64_reg_8496[2]_i_142                            | CLB.LUT.LUT3      |
    | grp_FIR_filter_fu_473/tmp_64_reg_8496[2]_i_122                            | CLB.LUT.LUT5      |
    | grp_FIR_filter_fu_473/tmp_64_reg_8496[2]_i_130                            | CLB.LUT.LUT6      |
    | grp_FIR_filter_fu_473/tmp_64_reg_8496_reg[2]_i_71                         | CLB.CARRY.CARRY8  |
    | grp_FIR_filter_fu_473/tmp_64_reg_8496_reg[2]_i_138                        | CLB.CARRY.CARRY8  |
    | grp_FIR_filter_fu_473/tmp_64_reg_8496[31]_i_134                           | CLB.LUT.LUT4      |
    | grp_FIR_filter_fu_473/tmp_64_reg_8496_reg[31]_i_116                       | CLB.CARRY.CARRY8  |
    | grp_FIR_filter_fu_473/tmp_64_reg_8496[31]_i_74                            | CLB.LUT.LUT3      |
    | grp_FIR_filter_fu_473/tmp_64_reg_8496_reg[31]_i_31                        | CLB.CARRY.CARRY8  |
    | grp_FIR_filter_fu_473/mul_32s_11s_43_1_1_U75/tmp_64_reg_8496[31]_i_40     | CLB.LUT.LUT2      |
    | grp_FIR_filter_fu_473/mul_32s_11s_43_1_1_U75/tmp_64_reg_8496_reg[31]_i_11 | CLB.CARRY.CARRY8  |
    | grp_FIR_filter_fu_473/mul_32s_11s_43_1_1_U75/tmp_64_reg_8496_reg[31]_i_10 | CLB.CARRY.CARRY8  |
    | grp_FIR_filter_fu_473/mul_32s_11s_43_1_1_U75/tmp_64_reg_8496[31]_i_15     | CLB.LUT.LUT2      |
    | grp_FIR_filter_fu_473/mul_32s_11s_43_1_1_U75/tmp_64_reg_8496_reg[31]_i_2  | CLB.CARRY.CARRY8  |
    | grp_FIR_filter_fu_473/mul_32s_11s_43_1_1_U75/tmp_64_reg_8496[31]_i_6      | CLB.LUT.LUT2      |
    | grp_FIR_filter_fu_473/mul_32s_11s_43_1_1_U75/tmp_64_reg_8496_reg[31]_i_1  | CLB.CARRY.CARRY8  |
    | grp_FIR_filter_fu_473/tmp_64_reg_8496_reg[31]                             | REGISTER.SDR.FDRE |
    | grp_FIR_filter_fu_473/p_ZL19H_filter_FIR_kernel_60_load_reg_8476_reg[16]  | REGISTER.SDR.FDRE |
    | grp_FIR_filter_fu_473/tmp_64_reg_8496[2]_i_275                            | CLB.LUT.LUT2      |
    | grp_FIR_filter_fu_473/tmp_64_reg_8496_reg[2]_i_217                        | CLB.CARRY.CARRY8  |
    | grp_FIR_filter_fu_473/tmp_64_reg_8496[2]_i_172                            | CLB.LUT.LUT2      |
    | grp_FIR_filter_fu_473/tmp_64_reg_8496_reg[2]_i_137                        | CLB.CARRY.CARRY8  |
    | grp_FIR_filter_fu_473/tmp_64_reg_8496[2]_i_155                            | CLB.LUT.LUT2      |
    | grp_FIR_filter_fu_473/tmp_64_reg_8496_reg[2]_i_136                        | CLB.CARRY.CARRY8  |
    | grp_FIR_filter_fu_473/tmp_64_reg_8496[2]_i_206                            | CLB.LUT.LUT2      |
    | grp_FIR_filter_fu_473/tmp_64_reg_8496_reg[2]_i_139                        | CLB.CARRY.CARRY8  |
    | grp_FIR_filter_fu_473/tmp_64_reg_8496[2]_i_142                            | CLB.LUT.LUT3      |
    | grp_FIR_filter_fu_473/tmp_64_reg_8496[2]_i_122                            | CLB.LUT.LUT5      |
    | grp_FIR_filter_fu_473/tmp_64_reg_8496[2]_i_130                            | CLB.LUT.LUT6      |
    | grp_FIR_filter_fu_473/tmp_64_reg_8496_reg[2]_i_71                         | CLB.CARRY.CARRY8  |
    | grp_FIR_filter_fu_473/tmp_64_reg_8496_reg[2]_i_138                        | CLB.CARRY.CARRY8  |
    | grp_FIR_filter_fu_473/tmp_64_reg_8496[31]_i_134                           | CLB.LUT.LUT4      |
    | grp_FIR_filter_fu_473/tmp_64_reg_8496_reg[31]_i_116                       | CLB.CARRY.CARRY8  |
    | grp_FIR_filter_fu_473/tmp_64_reg_8496[31]_i_74                            | CLB.LUT.LUT3      |
    | grp_FIR_filter_fu_473/tmp_64_reg_8496_reg[31]_i_31                        | CLB.CARRY.CARRY8  |
    | grp_FIR_filter_fu_473/mul_32s_11s_43_1_1_U75/tmp_64_reg_8496[31]_i_40     | CLB.LUT.LUT2      |
    | grp_FIR_filter_fu_473/mul_32s_11s_43_1_1_U75/tmp_64_reg_8496_reg[31]_i_11 | CLB.CARRY.CARRY8  |
    | grp_FIR_filter_fu_473/mul_32s_11s_43_1_1_U75/tmp_64_reg_8496_reg[31]_i_10 | CLB.CARRY.CARRY8  |
    | grp_FIR_filter_fu_473/mul_32s_11s_43_1_1_U75/tmp_64_reg_8496[31]_i_15     | CLB.LUT.LUT2      |
    | grp_FIR_filter_fu_473/mul_32s_11s_43_1_1_U75/tmp_64_reg_8496_reg[31]_i_2  | CLB.CARRY.CARRY8  |
    | grp_FIR_filter_fu_473/mul_32s_11s_43_1_1_U75/tmp_64_reg_8496[31]_i_6      | CLB.LUT.LUT2      |
    | grp_FIR_filter_fu_473/mul_32s_11s_43_1_1_U75/tmp_64_reg_8496_reg[31]_i_1  | CLB.CARRY.CARRY8  |
    | grp_FIR_filter_fu_473/tmp_64_reg_8496_reg[30]                             | REGISTER.SDR.FDRE |
    | grp_FIR_filter_fu_473/p_ZL19H_filter_FIR_kernel_60_load_reg_8476_reg[16]  | REGISTER.SDR.FDRE |
    | grp_FIR_filter_fu_473/tmp_64_reg_8496[2]_i_275                            | CLB.LUT.LUT2      |
    | grp_FIR_filter_fu_473/tmp_64_reg_8496_reg[2]_i_217                        | CLB.CARRY.CARRY8  |
    | grp_FIR_filter_fu_473/tmp_64_reg_8496[2]_i_172                            | CLB.LUT.LUT2      |
    | grp_FIR_filter_fu_473/tmp_64_reg_8496_reg[2]_i_137                        | CLB.CARRY.CARRY8  |
    | grp_FIR_filter_fu_473/tmp_64_reg_8496[2]_i_155                            | CLB.LUT.LUT2      |
    | grp_FIR_filter_fu_473/tmp_64_reg_8496_reg[2]_i_136                        | CLB.CARRY.CARRY8  |
    | grp_FIR_filter_fu_473/tmp_64_reg_8496[2]_i_206                            | CLB.LUT.LUT2      |
    | grp_FIR_filter_fu_473/tmp_64_reg_8496_reg[2]_i_139                        | CLB.CARRY.CARRY8  |
    | grp_FIR_filter_fu_473/tmp_64_reg_8496[2]_i_144                            | CLB.LUT.LUT3      |
    | grp_FIR_filter_fu_473/tmp_64_reg_8496[2]_i_124                            | CLB.LUT.LUT5      |
    | grp_FIR_filter_fu_473/tmp_64_reg_8496[2]_i_132                            | CLB.LUT.LUT6      |
    | grp_FIR_filter_fu_473/tmp_64_reg_8496_reg[2]_i_71                         | CLB.CARRY.CARRY8  |
    | grp_FIR_filter_fu_473/tmp_64_reg_8496[2]_i_107                            | CLB.LUT.LUT3      |
    | grp_FIR_filter_fu_473/tmp_64_reg_8496[2]_i_115                            | CLB.LUT.LUT4      |
    | grp_FIR_filter_fu_473/tmp_64_reg_8496_reg[2]_i_70                         | CLB.CARRY.CARRY8  |
    | grp_FIR_filter_fu_473/tmp_64_reg_8496[31]_i_88                            | CLB.LUT.LUT3      |
    | grp_FIR_filter_fu_473/tmp_64_reg_8496[31]_i_96                            | CLB.LUT.LUT4      |
    | grp_FIR_filter_fu_473/tmp_64_reg_8496_reg[31]_i_38                        | CLB.CARRY.CARRY8  |
    | grp_FIR_filter_fu_473/tmp_64_reg_8496_reg[31]_i_31                        | CLB.CARRY.CARRY8  |
    | grp_FIR_filter_fu_473/mul_32s_11s_43_1_1_U75/tmp_64_reg_8496[31]_i_43     | CLB.LUT.LUT2      |
    | grp_FIR_filter_fu_473/mul_32s_11s_43_1_1_U75/tmp_64_reg_8496_reg[31]_i_11 | CLB.CARRY.CARRY8  |
    | grp_FIR_filter_fu_473/mul_32s_11s_43_1_1_U75/tmp_64_reg_8496[26]_i_13     | CLB.LUT.LUT2      |
    | grp_FIR_filter_fu_473/mul_32s_11s_43_1_1_U75/tmp_64_reg_8496_reg[26]_i_2  | CLB.CARRY.CARRY8  |
    | grp_FIR_filter_fu_473/mul_32s_11s_43_1_1_U75/tmp_64_reg_8496_reg[31]_i_2  | CLB.CARRY.CARRY8  |
    | grp_FIR_filter_fu_473/mul_32s_11s_43_1_1_U75/tmp_64_reg_8496[26]_i_3      | CLB.LUT.LUT2      |
    | grp_FIR_filter_fu_473/mul_32s_11s_43_1_1_U75/tmp_64_reg_8496_reg[26]_i_1  | CLB.CARRY.CARRY8  |
    | grp_FIR_filter_fu_473/mul_32s_11s_43_1_1_U75/tmp_64_reg_8496_reg[31]_i_1  | CLB.CARRY.CARRY8  |
    | grp_FIR_filter_fu_473/tmp_64_reg_8496_reg[28]                             | REGISTER.SDR.FDRE |
    | grp_FIR_filter_fu_473/p_ZL19H_filter_FIR_kernel_60_load_reg_8476_reg[16]  | REGISTER.SDR.FDRE |
    | grp_FIR_filter_fu_473/tmp_64_reg_8496[2]_i_275                            | CLB.LUT.LUT2      |
    | grp_FIR_filter_fu_473/tmp_64_reg_8496_reg[2]_i_217                        | CLB.CARRY.CARRY8  |
    | grp_FIR_filter_fu_473/tmp_64_reg_8496[2]_i_172                            | CLB.LUT.LUT2      |
    | grp_FIR_filter_fu_473/tmp_64_reg_8496_reg[2]_i_137                        | CLB.CARRY.CARRY8  |
    | grp_FIR_filter_fu_473/tmp_64_reg_8496[2]_i_155                            | CLB.LUT.LUT2      |
    | grp_FIR_filter_fu_473/tmp_64_reg_8496_reg[2]_i_136                        | CLB.CARRY.CARRY8  |
    | grp_FIR_filter_fu_473/tmp_64_reg_8496[2]_i_206                            | CLB.LUT.LUT2      |
    | grp_FIR_filter_fu_473/tmp_64_reg_8496_reg[2]_i_139                        | CLB.CARRY.CARRY8  |
    | grp_FIR_filter_fu_473/tmp_64_reg_8496[2]_i_144                            | CLB.LUT.LUT3      |
    | grp_FIR_filter_fu_473/tmp_64_reg_8496[2]_i_124                            | CLB.LUT.LUT5      |
    | grp_FIR_filter_fu_473/tmp_64_reg_8496[2]_i_132                            | CLB.LUT.LUT6      |
    | grp_FIR_filter_fu_473/tmp_64_reg_8496_reg[2]_i_71                         | CLB.CARRY.CARRY8  |
    | grp_FIR_filter_fu_473/tmp_64_reg_8496[2]_i_107                            | CLB.LUT.LUT3      |
    | grp_FIR_filter_fu_473/tmp_64_reg_8496[2]_i_115                            | CLB.LUT.LUT4      |
    | grp_FIR_filter_fu_473/tmp_64_reg_8496_reg[2]_i_70                         | CLB.CARRY.CARRY8  |
    | grp_FIR_filter_fu_473/tmp_64_reg_8496[31]_i_88                            | CLB.LUT.LUT3      |
    | grp_FIR_filter_fu_473/tmp_64_reg_8496[31]_i_96                            | CLB.LUT.LUT4      |
    | grp_FIR_filter_fu_473/tmp_64_reg_8496_reg[31]_i_38                        | CLB.CARRY.CARRY8  |
    | grp_FIR_filter_fu_473/tmp_64_reg_8496_reg[31]_i_31                        | CLB.CARRY.CARRY8  |
    | grp_FIR_filter_fu_473/mul_32s_11s_43_1_1_U75/tmp_64_reg_8496[31]_i_43     | CLB.LUT.LUT2      |
    | grp_FIR_filter_fu_473/mul_32s_11s_43_1_1_U75/tmp_64_reg_8496_reg[31]_i_11 | CLB.CARRY.CARRY8  |
    | grp_FIR_filter_fu_473/mul_32s_11s_43_1_1_U75/tmp_64_reg_8496[26]_i_13     | CLB.LUT.LUT2      |
    | grp_FIR_filter_fu_473/mul_32s_11s_43_1_1_U75/tmp_64_reg_8496_reg[26]_i_2  | CLB.CARRY.CARRY8  |
    | grp_FIR_filter_fu_473/mul_32s_11s_43_1_1_U75/tmp_64_reg_8496_reg[31]_i_2  | CLB.CARRY.CARRY8  |
    | grp_FIR_filter_fu_473/mul_32s_11s_43_1_1_U75/tmp_64_reg_8496[26]_i_3      | CLB.LUT.LUT2      |
    | grp_FIR_filter_fu_473/mul_32s_11s_43_1_1_U75/tmp_64_reg_8496_reg[26]_i_1  | CLB.CARRY.CARRY8  |
    | grp_FIR_filter_fu_473/mul_32s_11s_43_1_1_U75/tmp_64_reg_8496_reg[31]_i_1  | CLB.CARRY.CARRY8  |
    | grp_FIR_filter_fu_473/tmp_64_reg_8496_reg[29]                             | REGISTER.SDR.FDRE |
    | grp_FIR_filter_fu_473/p_ZL19H_filter_FIR_kernel_60_load_reg_8476_reg[16]  | REGISTER.SDR.FDRE |
    | grp_FIR_filter_fu_473/tmp_64_reg_8496[2]_i_275                            | CLB.LUT.LUT2      |
    | grp_FIR_filter_fu_473/tmp_64_reg_8496_reg[2]_i_217                        | CLB.CARRY.CARRY8  |
    | grp_FIR_filter_fu_473/tmp_64_reg_8496[2]_i_172                            | CLB.LUT.LUT2      |
    | grp_FIR_filter_fu_473/tmp_64_reg_8496_reg[2]_i_137                        | CLB.CARRY.CARRY8  |
    | grp_FIR_filter_fu_473/tmp_64_reg_8496[2]_i_155                            | CLB.LUT.LUT2      |
    | grp_FIR_filter_fu_473/tmp_64_reg_8496_reg[2]_i_136                        | CLB.CARRY.CARRY8  |
    | grp_FIR_filter_fu_473/tmp_64_reg_8496[2]_i_206                            | CLB.LUT.LUT2      |
    | grp_FIR_filter_fu_473/tmp_64_reg_8496_reg[2]_i_139                        | CLB.CARRY.CARRY8  |
    | grp_FIR_filter_fu_473/tmp_64_reg_8496[2]_i_144                            | CLB.LUT.LUT3      |
    | grp_FIR_filter_fu_473/tmp_64_reg_8496[2]_i_124                            | CLB.LUT.LUT5      |
    | grp_FIR_filter_fu_473/tmp_64_reg_8496[2]_i_132                            | CLB.LUT.LUT6      |
    | grp_FIR_filter_fu_473/tmp_64_reg_8496_reg[2]_i_71                         | CLB.CARRY.CARRY8  |
    | grp_FIR_filter_fu_473/tmp_64_reg_8496[2]_i_107                            | CLB.LUT.LUT3      |
    | grp_FIR_filter_fu_473/tmp_64_reg_8496[2]_i_115                            | CLB.LUT.LUT4      |
    | grp_FIR_filter_fu_473/tmp_64_reg_8496_reg[2]_i_70                         | CLB.CARRY.CARRY8  |
    | grp_FIR_filter_fu_473/tmp_64_reg_8496[31]_i_88                            | CLB.LUT.LUT3      |
    | grp_FIR_filter_fu_473/tmp_64_reg_8496[31]_i_96                            | CLB.LUT.LUT4      |
    | grp_FIR_filter_fu_473/tmp_64_reg_8496_reg[31]_i_38                        | CLB.CARRY.CARRY8  |
    | grp_FIR_filter_fu_473/tmp_64_reg_8496_reg[31]_i_31                        | CLB.CARRY.CARRY8  |
    | grp_FIR_filter_fu_473/mul_32s_11s_43_1_1_U75/tmp_64_reg_8496[31]_i_43     | CLB.LUT.LUT2      |
    | grp_FIR_filter_fu_473/mul_32s_11s_43_1_1_U75/tmp_64_reg_8496_reg[31]_i_11 | CLB.CARRY.CARRY8  |
    | grp_FIR_filter_fu_473/mul_32s_11s_43_1_1_U75/tmp_64_reg_8496[26]_i_13     | CLB.LUT.LUT2      |
    | grp_FIR_filter_fu_473/mul_32s_11s_43_1_1_U75/tmp_64_reg_8496_reg[26]_i_2  | CLB.CARRY.CARRY8  |
    | grp_FIR_filter_fu_473/mul_32s_11s_43_1_1_U75/tmp_64_reg_8496_reg[31]_i_2  | CLB.CARRY.CARRY8  |
    | grp_FIR_filter_fu_473/mul_32s_11s_43_1_1_U75/tmp_64_reg_8496[26]_i_3      | CLB.LUT.LUT2      |
    | grp_FIR_filter_fu_473/mul_32s_11s_43_1_1_U75/tmp_64_reg_8496_reg[26]_i_1  | CLB.CARRY.CARRY8  |
    | grp_FIR_filter_fu_473/mul_32s_11s_43_1_1_U75/tmp_64_reg_8496_reg[31]_i_1  | CLB.CARRY.CARRY8  |
    | grp_FIR_filter_fu_473/tmp_64_reg_8496_reg[27]                             | REGISTER.SDR.FDRE |
    +---------------------------------------------------------------------------+-------------------+

    +---------------------------------------------------------------------------+-------------------+
    | Path3 Cells                                                               | Primitive Type    |
    +---------------------------------------------------------------------------+-------------------+
    | grp_FIR_filter_fu_473/p_ZL19H_filter_FIR_kernel_60_load_reg_8476_reg[16]  | REGISTER.SDR.FDRE |
    | grp_FIR_filter_fu_473/tmp_64_reg_8496[2]_i_275                            | CLB.LUT.LUT2      |
    | grp_FIR_filter_fu_473/tmp_64_reg_8496_reg[2]_i_217                        | CLB.CARRY.CARRY8  |
    | grp_FIR_filter_fu_473/tmp_64_reg_8496[2]_i_172                            | CLB.LUT.LUT2      |
    | grp_FIR_filter_fu_473/tmp_64_reg_8496_reg[2]_i_137                        | CLB.CARRY.CARRY8  |
    | grp_FIR_filter_fu_473/tmp_64_reg_8496[2]_i_155                            | CLB.LUT.LUT2      |
    | grp_FIR_filter_fu_473/tmp_64_reg_8496_reg[2]_i_136                        | CLB.CARRY.CARRY8  |
    | grp_FIR_filter_fu_473/tmp_64_reg_8496[2]_i_206                            | CLB.LUT.LUT2      |
    | grp_FIR_filter_fu_473/tmp_64_reg_8496_reg[2]_i_139                        | CLB.CARRY.CARRY8  |
    | grp_FIR_filter_fu_473/tmp_64_reg_8496[2]_i_142                            | CLB.LUT.LUT3      |
    | grp_FIR_filter_fu_473/tmp_64_reg_8496[2]_i_122                            | CLB.LUT.LUT5      |
    | grp_FIR_filter_fu_473/tmp_64_reg_8496[2]_i_130                            | CLB.LUT.LUT6      |
    | grp_FIR_filter_fu_473/tmp_64_reg_8496_reg[2]_i_71                         | CLB.CARRY.CARRY8  |
    | grp_FIR_filter_fu_473/tmp_64_reg_8496_reg[2]_i_138                        | CLB.CARRY.CARRY8  |
    | grp_FIR_filter_fu_473/tmp_64_reg_8496[31]_i_134                           | CLB.LUT.LUT4      |
    | grp_FIR_filter_fu_473/tmp_64_reg_8496_reg[31]_i_116                       | CLB.CARRY.CARRY8  |
    | grp_FIR_filter_fu_473/tmp_64_reg_8496[31]_i_74                            | CLB.LUT.LUT3      |
    | grp_FIR_filter_fu_473/tmp_64_reg_8496_reg[31]_i_31                        | CLB.CARRY.CARRY8  |
    | grp_FIR_filter_fu_473/mul_32s_11s_43_1_1_U75/tmp_64_reg_8496[31]_i_40     | CLB.LUT.LUT2      |
    | grp_FIR_filter_fu_473/mul_32s_11s_43_1_1_U75/tmp_64_reg_8496_reg[31]_i_11 | CLB.CARRY.CARRY8  |
    | grp_FIR_filter_fu_473/mul_32s_11s_43_1_1_U75/tmp_64_reg_8496_reg[31]_i_10 | CLB.CARRY.CARRY8  |
    | grp_FIR_filter_fu_473/mul_32s_11s_43_1_1_U75/tmp_64_reg_8496[31]_i_15     | CLB.LUT.LUT2      |
    | grp_FIR_filter_fu_473/mul_32s_11s_43_1_1_U75/tmp_64_reg_8496_reg[31]_i_2  | CLB.CARRY.CARRY8  |
    | grp_FIR_filter_fu_473/mul_32s_11s_43_1_1_U75/tmp_64_reg_8496[31]_i_6      | CLB.LUT.LUT2      |
    | grp_FIR_filter_fu_473/mul_32s_11s_43_1_1_U75/tmp_64_reg_8496_reg[31]_i_1  | CLB.CARRY.CARRY8  |
    | grp_FIR_filter_fu_473/tmp_64_reg_8496_reg[31]                             | REGISTER.SDR.FDRE |
    | grp_FIR_filter_fu_473/p_ZL19H_filter_FIR_kernel_60_load_reg_8476_reg[16]  | REGISTER.SDR.FDRE |
    | grp_FIR_filter_fu_473/tmp_64_reg_8496[2]_i_275                            | CLB.LUT.LUT2      |
    | grp_FIR_filter_fu_473/tmp_64_reg_8496_reg[2]_i_217                        | CLB.CARRY.CARRY8  |
    | grp_FIR_filter_fu_473/tmp_64_reg_8496[2]_i_172                            | CLB.LUT.LUT2      |
    | grp_FIR_filter_fu_473/tmp_64_reg_8496_reg[2]_i_137                        | CLB.CARRY.CARRY8  |
    | grp_FIR_filter_fu_473/tmp_64_reg_8496[2]_i_155                            | CLB.LUT.LUT2      |
    | grp_FIR_filter_fu_473/tmp_64_reg_8496_reg[2]_i_136                        | CLB.CARRY.CARRY8  |
    | grp_FIR_filter_fu_473/tmp_64_reg_8496[2]_i_206                            | CLB.LUT.LUT2      |
    | grp_FIR_filter_fu_473/tmp_64_reg_8496_reg[2]_i_139                        | CLB.CARRY.CARRY8  |
    | grp_FIR_filter_fu_473/tmp_64_reg_8496[2]_i_142                            | CLB.LUT.LUT3      |
    | grp_FIR_filter_fu_473/tmp_64_reg_8496[2]_i_122                            | CLB.LUT.LUT5      |
    | grp_FIR_filter_fu_473/tmp_64_reg_8496[2]_i_130                            | CLB.LUT.LUT6      |
    | grp_FIR_filter_fu_473/tmp_64_reg_8496_reg[2]_i_71                         | CLB.CARRY.CARRY8  |
    | grp_FIR_filter_fu_473/tmp_64_reg_8496_reg[2]_i_138                        | CLB.CARRY.CARRY8  |
    | grp_FIR_filter_fu_473/tmp_64_reg_8496[31]_i_134                           | CLB.LUT.LUT4      |
    | grp_FIR_filter_fu_473/tmp_64_reg_8496_reg[31]_i_116                       | CLB.CARRY.CARRY8  |
    | grp_FIR_filter_fu_473/tmp_64_reg_8496[31]_i_74                            | CLB.LUT.LUT3      |
    | grp_FIR_filter_fu_473/tmp_64_reg_8496_reg[31]_i_31                        | CLB.CARRY.CARRY8  |
    | grp_FIR_filter_fu_473/mul_32s_11s_43_1_1_U75/tmp_64_reg_8496[31]_i_40     | CLB.LUT.LUT2      |
    | grp_FIR_filter_fu_473/mul_32s_11s_43_1_1_U75/tmp_64_reg_8496_reg[31]_i_11 | CLB.CARRY.CARRY8  |
    | grp_FIR_filter_fu_473/mul_32s_11s_43_1_1_U75/tmp_64_reg_8496_reg[31]_i_10 | CLB.CARRY.CARRY8  |
    | grp_FIR_filter_fu_473/mul_32s_11s_43_1_1_U75/tmp_64_reg_8496[31]_i_15     | CLB.LUT.LUT2      |
    | grp_FIR_filter_fu_473/mul_32s_11s_43_1_1_U75/tmp_64_reg_8496_reg[31]_i_2  | CLB.CARRY.CARRY8  |
    | grp_FIR_filter_fu_473/mul_32s_11s_43_1_1_U75/tmp_64_reg_8496[31]_i_6      | CLB.LUT.LUT2      |
    | grp_FIR_filter_fu_473/mul_32s_11s_43_1_1_U75/tmp_64_reg_8496_reg[31]_i_1  | CLB.CARRY.CARRY8  |
    | grp_FIR_filter_fu_473/tmp_64_reg_8496_reg[30]                             | REGISTER.SDR.FDRE |
    | grp_FIR_filter_fu_473/p_ZL19H_filter_FIR_kernel_60_load_reg_8476_reg[16]  | REGISTER.SDR.FDRE |
    | grp_FIR_filter_fu_473/tmp_64_reg_8496[2]_i_275                            | CLB.LUT.LUT2      |
    | grp_FIR_filter_fu_473/tmp_64_reg_8496_reg[2]_i_217                        | CLB.CARRY.CARRY8  |
    | grp_FIR_filter_fu_473/tmp_64_reg_8496[2]_i_172                            | CLB.LUT.LUT2      |
    | grp_FIR_filter_fu_473/tmp_64_reg_8496_reg[2]_i_137                        | CLB.CARRY.CARRY8  |
    | grp_FIR_filter_fu_473/tmp_64_reg_8496[2]_i_155                            | CLB.LUT.LUT2      |
    | grp_FIR_filter_fu_473/tmp_64_reg_8496_reg[2]_i_136                        | CLB.CARRY.CARRY8  |
    | grp_FIR_filter_fu_473/tmp_64_reg_8496[2]_i_206                            | CLB.LUT.LUT2      |
    | grp_FIR_filter_fu_473/tmp_64_reg_8496_reg[2]_i_139                        | CLB.CARRY.CARRY8  |
    | grp_FIR_filter_fu_473/tmp_64_reg_8496[2]_i_144                            | CLB.LUT.LUT3      |
    | grp_FIR_filter_fu_473/tmp_64_reg_8496[2]_i_124                            | CLB.LUT.LUT5      |
    | grp_FIR_filter_fu_473/tmp_64_reg_8496[2]_i_132                            | CLB.LUT.LUT6      |
    | grp_FIR_filter_fu_473/tmp_64_reg_8496_reg[2]_i_71                         | CLB.CARRY.CARRY8  |
    | grp_FIR_filter_fu_473/tmp_64_reg_8496[2]_i_107                            | CLB.LUT.LUT3      |
    | grp_FIR_filter_fu_473/tmp_64_reg_8496[2]_i_115                            | CLB.LUT.LUT4      |
    | grp_FIR_filter_fu_473/tmp_64_reg_8496_reg[2]_i_70                         | CLB.CARRY.CARRY8  |
    | grp_FIR_filter_fu_473/tmp_64_reg_8496[31]_i_88                            | CLB.LUT.LUT3      |
    | grp_FIR_filter_fu_473/tmp_64_reg_8496[31]_i_96                            | CLB.LUT.LUT4      |
    | grp_FIR_filter_fu_473/tmp_64_reg_8496_reg[31]_i_38                        | CLB.CARRY.CARRY8  |
    | grp_FIR_filter_fu_473/tmp_64_reg_8496_reg[31]_i_31                        | CLB.CARRY.CARRY8  |
    | grp_FIR_filter_fu_473/mul_32s_11s_43_1_1_U75/tmp_64_reg_8496[31]_i_43     | CLB.LUT.LUT2      |
    | grp_FIR_filter_fu_473/mul_32s_11s_43_1_1_U75/tmp_64_reg_8496_reg[31]_i_11 | CLB.CARRY.CARRY8  |
    | grp_FIR_filter_fu_473/mul_32s_11s_43_1_1_U75/tmp_64_reg_8496[26]_i_13     | CLB.LUT.LUT2      |
    | grp_FIR_filter_fu_473/mul_32s_11s_43_1_1_U75/tmp_64_reg_8496_reg[26]_i_2  | CLB.CARRY.CARRY8  |
    | grp_FIR_filter_fu_473/mul_32s_11s_43_1_1_U75/tmp_64_reg_8496_reg[31]_i_2  | CLB.CARRY.CARRY8  |
    | grp_FIR_filter_fu_473/mul_32s_11s_43_1_1_U75/tmp_64_reg_8496[26]_i_3      | CLB.LUT.LUT2      |
    | grp_FIR_filter_fu_473/mul_32s_11s_43_1_1_U75/tmp_64_reg_8496_reg[26]_i_1  | CLB.CARRY.CARRY8  |
    | grp_FIR_filter_fu_473/mul_32s_11s_43_1_1_U75/tmp_64_reg_8496_reg[31]_i_1  | CLB.CARRY.CARRY8  |
    | grp_FIR_filter_fu_473/tmp_64_reg_8496_reg[28]                             | REGISTER.SDR.FDRE |
    | grp_FIR_filter_fu_473/p_ZL19H_filter_FIR_kernel_60_load_reg_8476_reg[16]  | REGISTER.SDR.FDRE |
    | grp_FIR_filter_fu_473/tmp_64_reg_8496[2]_i_275                            | CLB.LUT.LUT2      |
    | grp_FIR_filter_fu_473/tmp_64_reg_8496_reg[2]_i_217                        | CLB.CARRY.CARRY8  |
    | grp_FIR_filter_fu_473/tmp_64_reg_8496[2]_i_172                            | CLB.LUT.LUT2      |
    | grp_FIR_filter_fu_473/tmp_64_reg_8496_reg[2]_i_137                        | CLB.CARRY.CARRY8  |
    | grp_FIR_filter_fu_473/tmp_64_reg_8496[2]_i_155                            | CLB.LUT.LUT2      |
    | grp_FIR_filter_fu_473/tmp_64_reg_8496_reg[2]_i_136                        | CLB.CARRY.CARRY8  |
    | grp_FIR_filter_fu_473/tmp_64_reg_8496[2]_i_206                            | CLB.LUT.LUT2      |
    | grp_FIR_filter_fu_473/tmp_64_reg_8496_reg[2]_i_139                        | CLB.CARRY.CARRY8  |
    | grp_FIR_filter_fu_473/tmp_64_reg_8496[2]_i_144                            | CLB.LUT.LUT3      |
    | grp_FIR_filter_fu_473/tmp_64_reg_8496[2]_i_124                            | CLB.LUT.LUT5      |
    | grp_FIR_filter_fu_473/tmp_64_reg_8496[2]_i_132                            | CLB.LUT.LUT6      |
    | grp_FIR_filter_fu_473/tmp_64_reg_8496_reg[2]_i_71                         | CLB.CARRY.CARRY8  |
    | grp_FIR_filter_fu_473/tmp_64_reg_8496[2]_i_107                            | CLB.LUT.LUT3      |
    | grp_FIR_filter_fu_473/tmp_64_reg_8496[2]_i_115                            | CLB.LUT.LUT4      |
    | grp_FIR_filter_fu_473/tmp_64_reg_8496_reg[2]_i_70                         | CLB.CARRY.CARRY8  |
    | grp_FIR_filter_fu_473/tmp_64_reg_8496[31]_i_88                            | CLB.LUT.LUT3      |
    | grp_FIR_filter_fu_473/tmp_64_reg_8496[31]_i_96                            | CLB.LUT.LUT4      |
    | grp_FIR_filter_fu_473/tmp_64_reg_8496_reg[31]_i_38                        | CLB.CARRY.CARRY8  |
    | grp_FIR_filter_fu_473/tmp_64_reg_8496_reg[31]_i_31                        | CLB.CARRY.CARRY8  |
    | grp_FIR_filter_fu_473/mul_32s_11s_43_1_1_U75/tmp_64_reg_8496[31]_i_43     | CLB.LUT.LUT2      |
    | grp_FIR_filter_fu_473/mul_32s_11s_43_1_1_U75/tmp_64_reg_8496_reg[31]_i_11 | CLB.CARRY.CARRY8  |
    | grp_FIR_filter_fu_473/mul_32s_11s_43_1_1_U75/tmp_64_reg_8496[26]_i_13     | CLB.LUT.LUT2      |
    | grp_FIR_filter_fu_473/mul_32s_11s_43_1_1_U75/tmp_64_reg_8496_reg[26]_i_2  | CLB.CARRY.CARRY8  |
    | grp_FIR_filter_fu_473/mul_32s_11s_43_1_1_U75/tmp_64_reg_8496_reg[31]_i_2  | CLB.CARRY.CARRY8  |
    | grp_FIR_filter_fu_473/mul_32s_11s_43_1_1_U75/tmp_64_reg_8496[26]_i_3      | CLB.LUT.LUT2      |
    | grp_FIR_filter_fu_473/mul_32s_11s_43_1_1_U75/tmp_64_reg_8496_reg[26]_i_1  | CLB.CARRY.CARRY8  |
    | grp_FIR_filter_fu_473/mul_32s_11s_43_1_1_U75/tmp_64_reg_8496_reg[31]_i_1  | CLB.CARRY.CARRY8  |
    | grp_FIR_filter_fu_473/tmp_64_reg_8496_reg[29]                             | REGISTER.SDR.FDRE |
    | grp_FIR_filter_fu_473/p_ZL19H_filter_FIR_kernel_60_load_reg_8476_reg[16]  | REGISTER.SDR.FDRE |
    | grp_FIR_filter_fu_473/tmp_64_reg_8496[2]_i_275                            | CLB.LUT.LUT2      |
    | grp_FIR_filter_fu_473/tmp_64_reg_8496_reg[2]_i_217                        | CLB.CARRY.CARRY8  |
    | grp_FIR_filter_fu_473/tmp_64_reg_8496[2]_i_172                            | CLB.LUT.LUT2      |
    | grp_FIR_filter_fu_473/tmp_64_reg_8496_reg[2]_i_137                        | CLB.CARRY.CARRY8  |
    | grp_FIR_filter_fu_473/tmp_64_reg_8496[2]_i_155                            | CLB.LUT.LUT2      |
    | grp_FIR_filter_fu_473/tmp_64_reg_8496_reg[2]_i_136                        | CLB.CARRY.CARRY8  |
    | grp_FIR_filter_fu_473/tmp_64_reg_8496[2]_i_206                            | CLB.LUT.LUT2      |
    | grp_FIR_filter_fu_473/tmp_64_reg_8496_reg[2]_i_139                        | CLB.CARRY.CARRY8  |
    | grp_FIR_filter_fu_473/tmp_64_reg_8496[2]_i_144                            | CLB.LUT.LUT3      |
    | grp_FIR_filter_fu_473/tmp_64_reg_8496[2]_i_124                            | CLB.LUT.LUT5      |
    | grp_FIR_filter_fu_473/tmp_64_reg_8496[2]_i_132                            | CLB.LUT.LUT6      |
    | grp_FIR_filter_fu_473/tmp_64_reg_8496_reg[2]_i_71                         | CLB.CARRY.CARRY8  |
    | grp_FIR_filter_fu_473/tmp_64_reg_8496[2]_i_107                            | CLB.LUT.LUT3      |
    | grp_FIR_filter_fu_473/tmp_64_reg_8496[2]_i_115                            | CLB.LUT.LUT4      |
    | grp_FIR_filter_fu_473/tmp_64_reg_8496_reg[2]_i_70                         | CLB.CARRY.CARRY8  |
    | grp_FIR_filter_fu_473/tmp_64_reg_8496[31]_i_88                            | CLB.LUT.LUT3      |
    | grp_FIR_filter_fu_473/tmp_64_reg_8496[31]_i_96                            | CLB.LUT.LUT4      |
    | grp_FIR_filter_fu_473/tmp_64_reg_8496_reg[31]_i_38                        | CLB.CARRY.CARRY8  |
    | grp_FIR_filter_fu_473/tmp_64_reg_8496_reg[31]_i_31                        | CLB.CARRY.CARRY8  |
    | grp_FIR_filter_fu_473/mul_32s_11s_43_1_1_U75/tmp_64_reg_8496[31]_i_43     | CLB.LUT.LUT2      |
    | grp_FIR_filter_fu_473/mul_32s_11s_43_1_1_U75/tmp_64_reg_8496_reg[31]_i_11 | CLB.CARRY.CARRY8  |
    | grp_FIR_filter_fu_473/mul_32s_11s_43_1_1_U75/tmp_64_reg_8496[26]_i_13     | CLB.LUT.LUT2      |
    | grp_FIR_filter_fu_473/mul_32s_11s_43_1_1_U75/tmp_64_reg_8496_reg[26]_i_2  | CLB.CARRY.CARRY8  |
    | grp_FIR_filter_fu_473/mul_32s_11s_43_1_1_U75/tmp_64_reg_8496_reg[31]_i_2  | CLB.CARRY.CARRY8  |
    | grp_FIR_filter_fu_473/mul_32s_11s_43_1_1_U75/tmp_64_reg_8496[26]_i_3      | CLB.LUT.LUT2      |
    | grp_FIR_filter_fu_473/mul_32s_11s_43_1_1_U75/tmp_64_reg_8496_reg[26]_i_1  | CLB.CARRY.CARRY8  |
    | grp_FIR_filter_fu_473/mul_32s_11s_43_1_1_U75/tmp_64_reg_8496_reg[31]_i_1  | CLB.CARRY.CARRY8  |
    | grp_FIR_filter_fu_473/tmp_64_reg_8496_reg[27]                             | REGISTER.SDR.FDRE |
    +---------------------------------------------------------------------------+-------------------+

    +---------------------------------------------------------------------------+-------------------+
    | Path4 Cells                                                               | Primitive Type    |
    +---------------------------------------------------------------------------+-------------------+
    | grp_FIR_filter_fu_473/p_ZL19H_filter_FIR_kernel_60_load_reg_8476_reg[16]  | REGISTER.SDR.FDRE |
    | grp_FIR_filter_fu_473/tmp_64_reg_8496[2]_i_275                            | CLB.LUT.LUT2      |
    | grp_FIR_filter_fu_473/tmp_64_reg_8496_reg[2]_i_217                        | CLB.CARRY.CARRY8  |
    | grp_FIR_filter_fu_473/tmp_64_reg_8496[2]_i_172                            | CLB.LUT.LUT2      |
    | grp_FIR_filter_fu_473/tmp_64_reg_8496_reg[2]_i_137                        | CLB.CARRY.CARRY8  |
    | grp_FIR_filter_fu_473/tmp_64_reg_8496[2]_i_155                            | CLB.LUT.LUT2      |
    | grp_FIR_filter_fu_473/tmp_64_reg_8496_reg[2]_i_136                        | CLB.CARRY.CARRY8  |
    | grp_FIR_filter_fu_473/tmp_64_reg_8496[2]_i_206                            | CLB.LUT.LUT2      |
    | grp_FIR_filter_fu_473/tmp_64_reg_8496_reg[2]_i_139                        | CLB.CARRY.CARRY8  |
    | grp_FIR_filter_fu_473/tmp_64_reg_8496[2]_i_142                            | CLB.LUT.LUT3      |
    | grp_FIR_filter_fu_473/tmp_64_reg_8496[2]_i_122                            | CLB.LUT.LUT5      |
    | grp_FIR_filter_fu_473/tmp_64_reg_8496[2]_i_130                            | CLB.LUT.LUT6      |
    | grp_FIR_filter_fu_473/tmp_64_reg_8496_reg[2]_i_71                         | CLB.CARRY.CARRY8  |
    | grp_FIR_filter_fu_473/tmp_64_reg_8496_reg[2]_i_138                        | CLB.CARRY.CARRY8  |
    | grp_FIR_filter_fu_473/tmp_64_reg_8496[31]_i_134                           | CLB.LUT.LUT4      |
    | grp_FIR_filter_fu_473/tmp_64_reg_8496_reg[31]_i_116                       | CLB.CARRY.CARRY8  |
    | grp_FIR_filter_fu_473/tmp_64_reg_8496[31]_i_74                            | CLB.LUT.LUT3      |
    | grp_FIR_filter_fu_473/tmp_64_reg_8496_reg[31]_i_31                        | CLB.CARRY.CARRY8  |
    | grp_FIR_filter_fu_473/mul_32s_11s_43_1_1_U75/tmp_64_reg_8496[31]_i_40     | CLB.LUT.LUT2      |
    | grp_FIR_filter_fu_473/mul_32s_11s_43_1_1_U75/tmp_64_reg_8496_reg[31]_i_11 | CLB.CARRY.CARRY8  |
    | grp_FIR_filter_fu_473/mul_32s_11s_43_1_1_U75/tmp_64_reg_8496_reg[31]_i_10 | CLB.CARRY.CARRY8  |
    | grp_FIR_filter_fu_473/mul_32s_11s_43_1_1_U75/tmp_64_reg_8496[31]_i_15     | CLB.LUT.LUT2      |
    | grp_FIR_filter_fu_473/mul_32s_11s_43_1_1_U75/tmp_64_reg_8496_reg[31]_i_2  | CLB.CARRY.CARRY8  |
    | grp_FIR_filter_fu_473/mul_32s_11s_43_1_1_U75/tmp_64_reg_8496[31]_i_6      | CLB.LUT.LUT2      |
    | grp_FIR_filter_fu_473/mul_32s_11s_43_1_1_U75/tmp_64_reg_8496_reg[31]_i_1  | CLB.CARRY.CARRY8  |
    | grp_FIR_filter_fu_473/tmp_64_reg_8496_reg[31]                             | REGISTER.SDR.FDRE |
    | grp_FIR_filter_fu_473/p_ZL19H_filter_FIR_kernel_60_load_reg_8476_reg[16]  | REGISTER.SDR.FDRE |
    | grp_FIR_filter_fu_473/tmp_64_reg_8496[2]_i_275                            | CLB.LUT.LUT2      |
    | grp_FIR_filter_fu_473/tmp_64_reg_8496_reg[2]_i_217                        | CLB.CARRY.CARRY8  |
    | grp_FIR_filter_fu_473/tmp_64_reg_8496[2]_i_172                            | CLB.LUT.LUT2      |
    | grp_FIR_filter_fu_473/tmp_64_reg_8496_reg[2]_i_137                        | CLB.CARRY.CARRY8  |
    | grp_FIR_filter_fu_473/tmp_64_reg_8496[2]_i_155                            | CLB.LUT.LUT2      |
    | grp_FIR_filter_fu_473/tmp_64_reg_8496_reg[2]_i_136                        | CLB.CARRY.CARRY8  |
    | grp_FIR_filter_fu_473/tmp_64_reg_8496[2]_i_206                            | CLB.LUT.LUT2      |
    | grp_FIR_filter_fu_473/tmp_64_reg_8496_reg[2]_i_139                        | CLB.CARRY.CARRY8  |
    | grp_FIR_filter_fu_473/tmp_64_reg_8496[2]_i_142                            | CLB.LUT.LUT3      |
    | grp_FIR_filter_fu_473/tmp_64_reg_8496[2]_i_122                            | CLB.LUT.LUT5      |
    | grp_FIR_filter_fu_473/tmp_64_reg_8496[2]_i_130                            | CLB.LUT.LUT6      |
    | grp_FIR_filter_fu_473/tmp_64_reg_8496_reg[2]_i_71                         | CLB.CARRY.CARRY8  |
    | grp_FIR_filter_fu_473/tmp_64_reg_8496_reg[2]_i_138                        | CLB.CARRY.CARRY8  |
    | grp_FIR_filter_fu_473/tmp_64_reg_8496[31]_i_134                           | CLB.LUT.LUT4      |
    | grp_FIR_filter_fu_473/tmp_64_reg_8496_reg[31]_i_116                       | CLB.CARRY.CARRY8  |
    | grp_FIR_filter_fu_473/tmp_64_reg_8496[31]_i_74                            | CLB.LUT.LUT3      |
    | grp_FIR_filter_fu_473/tmp_64_reg_8496_reg[31]_i_31                        | CLB.CARRY.CARRY8  |
    | grp_FIR_filter_fu_473/mul_32s_11s_43_1_1_U75/tmp_64_reg_8496[31]_i_40     | CLB.LUT.LUT2      |
    | grp_FIR_filter_fu_473/mul_32s_11s_43_1_1_U75/tmp_64_reg_8496_reg[31]_i_11 | CLB.CARRY.CARRY8  |
    | grp_FIR_filter_fu_473/mul_32s_11s_43_1_1_U75/tmp_64_reg_8496_reg[31]_i_10 | CLB.CARRY.CARRY8  |
    | grp_FIR_filter_fu_473/mul_32s_11s_43_1_1_U75/tmp_64_reg_8496[31]_i_15     | CLB.LUT.LUT2      |
    | grp_FIR_filter_fu_473/mul_32s_11s_43_1_1_U75/tmp_64_reg_8496_reg[31]_i_2  | CLB.CARRY.CARRY8  |
    | grp_FIR_filter_fu_473/mul_32s_11s_43_1_1_U75/tmp_64_reg_8496[31]_i_6      | CLB.LUT.LUT2      |
    | grp_FIR_filter_fu_473/mul_32s_11s_43_1_1_U75/tmp_64_reg_8496_reg[31]_i_1  | CLB.CARRY.CARRY8  |
    | grp_FIR_filter_fu_473/tmp_64_reg_8496_reg[30]                             | REGISTER.SDR.FDRE |
    | grp_FIR_filter_fu_473/p_ZL19H_filter_FIR_kernel_60_load_reg_8476_reg[16]  | REGISTER.SDR.FDRE |
    | grp_FIR_filter_fu_473/tmp_64_reg_8496[2]_i_275                            | CLB.LUT.LUT2      |
    | grp_FIR_filter_fu_473/tmp_64_reg_8496_reg[2]_i_217                        | CLB.CARRY.CARRY8  |
    | grp_FIR_filter_fu_473/tmp_64_reg_8496[2]_i_172                            | CLB.LUT.LUT2      |
    | grp_FIR_filter_fu_473/tmp_64_reg_8496_reg[2]_i_137                        | CLB.CARRY.CARRY8  |
    | grp_FIR_filter_fu_473/tmp_64_reg_8496[2]_i_155                            | CLB.LUT.LUT2      |
    | grp_FIR_filter_fu_473/tmp_64_reg_8496_reg[2]_i_136                        | CLB.CARRY.CARRY8  |
    | grp_FIR_filter_fu_473/tmp_64_reg_8496[2]_i_206                            | CLB.LUT.LUT2      |
    | grp_FIR_filter_fu_473/tmp_64_reg_8496_reg[2]_i_139                        | CLB.CARRY.CARRY8  |
    | grp_FIR_filter_fu_473/tmp_64_reg_8496[2]_i_144                            | CLB.LUT.LUT3      |
    | grp_FIR_filter_fu_473/tmp_64_reg_8496[2]_i_124                            | CLB.LUT.LUT5      |
    | grp_FIR_filter_fu_473/tmp_64_reg_8496[2]_i_132                            | CLB.LUT.LUT6      |
    | grp_FIR_filter_fu_473/tmp_64_reg_8496_reg[2]_i_71                         | CLB.CARRY.CARRY8  |
    | grp_FIR_filter_fu_473/tmp_64_reg_8496[2]_i_107                            | CLB.LUT.LUT3      |
    | grp_FIR_filter_fu_473/tmp_64_reg_8496[2]_i_115                            | CLB.LUT.LUT4      |
    | grp_FIR_filter_fu_473/tmp_64_reg_8496_reg[2]_i_70                         | CLB.CARRY.CARRY8  |
    | grp_FIR_filter_fu_473/tmp_64_reg_8496[31]_i_88                            | CLB.LUT.LUT3      |
    | grp_FIR_filter_fu_473/tmp_64_reg_8496[31]_i_96                            | CLB.LUT.LUT4      |
    | grp_FIR_filter_fu_473/tmp_64_reg_8496_reg[31]_i_38                        | CLB.CARRY.CARRY8  |
    | grp_FIR_filter_fu_473/tmp_64_reg_8496_reg[31]_i_31                        | CLB.CARRY.CARRY8  |
    | grp_FIR_filter_fu_473/mul_32s_11s_43_1_1_U75/tmp_64_reg_8496[31]_i_43     | CLB.LUT.LUT2      |
    | grp_FIR_filter_fu_473/mul_32s_11s_43_1_1_U75/tmp_64_reg_8496_reg[31]_i_11 | CLB.CARRY.CARRY8  |
    | grp_FIR_filter_fu_473/mul_32s_11s_43_1_1_U75/tmp_64_reg_8496[26]_i_13     | CLB.LUT.LUT2      |
    | grp_FIR_filter_fu_473/mul_32s_11s_43_1_1_U75/tmp_64_reg_8496_reg[26]_i_2  | CLB.CARRY.CARRY8  |
    | grp_FIR_filter_fu_473/mul_32s_11s_43_1_1_U75/tmp_64_reg_8496_reg[31]_i_2  | CLB.CARRY.CARRY8  |
    | grp_FIR_filter_fu_473/mul_32s_11s_43_1_1_U75/tmp_64_reg_8496[26]_i_3      | CLB.LUT.LUT2      |
    | grp_FIR_filter_fu_473/mul_32s_11s_43_1_1_U75/tmp_64_reg_8496_reg[26]_i_1  | CLB.CARRY.CARRY8  |
    | grp_FIR_filter_fu_473/mul_32s_11s_43_1_1_U75/tmp_64_reg_8496_reg[31]_i_1  | CLB.CARRY.CARRY8  |
    | grp_FIR_filter_fu_473/tmp_64_reg_8496_reg[28]                             | REGISTER.SDR.FDRE |
    | grp_FIR_filter_fu_473/p_ZL19H_filter_FIR_kernel_60_load_reg_8476_reg[16]  | REGISTER.SDR.FDRE |
    | grp_FIR_filter_fu_473/tmp_64_reg_8496[2]_i_275                            | CLB.LUT.LUT2      |
    | grp_FIR_filter_fu_473/tmp_64_reg_8496_reg[2]_i_217                        | CLB.CARRY.CARRY8  |
    | grp_FIR_filter_fu_473/tmp_64_reg_8496[2]_i_172                            | CLB.LUT.LUT2      |
    | grp_FIR_filter_fu_473/tmp_64_reg_8496_reg[2]_i_137                        | CLB.CARRY.CARRY8  |
    | grp_FIR_filter_fu_473/tmp_64_reg_8496[2]_i_155                            | CLB.LUT.LUT2      |
    | grp_FIR_filter_fu_473/tmp_64_reg_8496_reg[2]_i_136                        | CLB.CARRY.CARRY8  |
    | grp_FIR_filter_fu_473/tmp_64_reg_8496[2]_i_206                            | CLB.LUT.LUT2      |
    | grp_FIR_filter_fu_473/tmp_64_reg_8496_reg[2]_i_139                        | CLB.CARRY.CARRY8  |
    | grp_FIR_filter_fu_473/tmp_64_reg_8496[2]_i_144                            | CLB.LUT.LUT3      |
    | grp_FIR_filter_fu_473/tmp_64_reg_8496[2]_i_124                            | CLB.LUT.LUT5      |
    | grp_FIR_filter_fu_473/tmp_64_reg_8496[2]_i_132                            | CLB.LUT.LUT6      |
    | grp_FIR_filter_fu_473/tmp_64_reg_8496_reg[2]_i_71                         | CLB.CARRY.CARRY8  |
    | grp_FIR_filter_fu_473/tmp_64_reg_8496[2]_i_107                            | CLB.LUT.LUT3      |
    | grp_FIR_filter_fu_473/tmp_64_reg_8496[2]_i_115                            | CLB.LUT.LUT4      |
    | grp_FIR_filter_fu_473/tmp_64_reg_8496_reg[2]_i_70                         | CLB.CARRY.CARRY8  |
    | grp_FIR_filter_fu_473/tmp_64_reg_8496[31]_i_88                            | CLB.LUT.LUT3      |
    | grp_FIR_filter_fu_473/tmp_64_reg_8496[31]_i_96                            | CLB.LUT.LUT4      |
    | grp_FIR_filter_fu_473/tmp_64_reg_8496_reg[31]_i_38                        | CLB.CARRY.CARRY8  |
    | grp_FIR_filter_fu_473/tmp_64_reg_8496_reg[31]_i_31                        | CLB.CARRY.CARRY8  |
    | grp_FIR_filter_fu_473/mul_32s_11s_43_1_1_U75/tmp_64_reg_8496[31]_i_43     | CLB.LUT.LUT2      |
    | grp_FIR_filter_fu_473/mul_32s_11s_43_1_1_U75/tmp_64_reg_8496_reg[31]_i_11 | CLB.CARRY.CARRY8  |
    | grp_FIR_filter_fu_473/mul_32s_11s_43_1_1_U75/tmp_64_reg_8496[26]_i_13     | CLB.LUT.LUT2      |
    | grp_FIR_filter_fu_473/mul_32s_11s_43_1_1_U75/tmp_64_reg_8496_reg[26]_i_2  | CLB.CARRY.CARRY8  |
    | grp_FIR_filter_fu_473/mul_32s_11s_43_1_1_U75/tmp_64_reg_8496_reg[31]_i_2  | CLB.CARRY.CARRY8  |
    | grp_FIR_filter_fu_473/mul_32s_11s_43_1_1_U75/tmp_64_reg_8496[26]_i_3      | CLB.LUT.LUT2      |
    | grp_FIR_filter_fu_473/mul_32s_11s_43_1_1_U75/tmp_64_reg_8496_reg[26]_i_1  | CLB.CARRY.CARRY8  |
    | grp_FIR_filter_fu_473/mul_32s_11s_43_1_1_U75/tmp_64_reg_8496_reg[31]_i_1  | CLB.CARRY.CARRY8  |
    | grp_FIR_filter_fu_473/tmp_64_reg_8496_reg[29]                             | REGISTER.SDR.FDRE |
    | grp_FIR_filter_fu_473/p_ZL19H_filter_FIR_kernel_60_load_reg_8476_reg[16]  | REGISTER.SDR.FDRE |
    | grp_FIR_filter_fu_473/tmp_64_reg_8496[2]_i_275                            | CLB.LUT.LUT2      |
    | grp_FIR_filter_fu_473/tmp_64_reg_8496_reg[2]_i_217                        | CLB.CARRY.CARRY8  |
    | grp_FIR_filter_fu_473/tmp_64_reg_8496[2]_i_172                            | CLB.LUT.LUT2      |
    | grp_FIR_filter_fu_473/tmp_64_reg_8496_reg[2]_i_137                        | CLB.CARRY.CARRY8  |
    | grp_FIR_filter_fu_473/tmp_64_reg_8496[2]_i_155                            | CLB.LUT.LUT2      |
    | grp_FIR_filter_fu_473/tmp_64_reg_8496_reg[2]_i_136                        | CLB.CARRY.CARRY8  |
    | grp_FIR_filter_fu_473/tmp_64_reg_8496[2]_i_206                            | CLB.LUT.LUT2      |
    | grp_FIR_filter_fu_473/tmp_64_reg_8496_reg[2]_i_139                        | CLB.CARRY.CARRY8  |
    | grp_FIR_filter_fu_473/tmp_64_reg_8496[2]_i_144                            | CLB.LUT.LUT3      |
    | grp_FIR_filter_fu_473/tmp_64_reg_8496[2]_i_124                            | CLB.LUT.LUT5      |
    | grp_FIR_filter_fu_473/tmp_64_reg_8496[2]_i_132                            | CLB.LUT.LUT6      |
    | grp_FIR_filter_fu_473/tmp_64_reg_8496_reg[2]_i_71                         | CLB.CARRY.CARRY8  |
    | grp_FIR_filter_fu_473/tmp_64_reg_8496[2]_i_107                            | CLB.LUT.LUT3      |
    | grp_FIR_filter_fu_473/tmp_64_reg_8496[2]_i_115                            | CLB.LUT.LUT4      |
    | grp_FIR_filter_fu_473/tmp_64_reg_8496_reg[2]_i_70                         | CLB.CARRY.CARRY8  |
    | grp_FIR_filter_fu_473/tmp_64_reg_8496[31]_i_88                            | CLB.LUT.LUT3      |
    | grp_FIR_filter_fu_473/tmp_64_reg_8496[31]_i_96                            | CLB.LUT.LUT4      |
    | grp_FIR_filter_fu_473/tmp_64_reg_8496_reg[31]_i_38                        | CLB.CARRY.CARRY8  |
    | grp_FIR_filter_fu_473/tmp_64_reg_8496_reg[31]_i_31                        | CLB.CARRY.CARRY8  |
    | grp_FIR_filter_fu_473/mul_32s_11s_43_1_1_U75/tmp_64_reg_8496[31]_i_43     | CLB.LUT.LUT2      |
    | grp_FIR_filter_fu_473/mul_32s_11s_43_1_1_U75/tmp_64_reg_8496_reg[31]_i_11 | CLB.CARRY.CARRY8  |
    | grp_FIR_filter_fu_473/mul_32s_11s_43_1_1_U75/tmp_64_reg_8496[26]_i_13     | CLB.LUT.LUT2      |
    | grp_FIR_filter_fu_473/mul_32s_11s_43_1_1_U75/tmp_64_reg_8496_reg[26]_i_2  | CLB.CARRY.CARRY8  |
    | grp_FIR_filter_fu_473/mul_32s_11s_43_1_1_U75/tmp_64_reg_8496_reg[31]_i_2  | CLB.CARRY.CARRY8  |
    | grp_FIR_filter_fu_473/mul_32s_11s_43_1_1_U75/tmp_64_reg_8496[26]_i_3      | CLB.LUT.LUT2      |
    | grp_FIR_filter_fu_473/mul_32s_11s_43_1_1_U75/tmp_64_reg_8496_reg[26]_i_1  | CLB.CARRY.CARRY8  |
    | grp_FIR_filter_fu_473/mul_32s_11s_43_1_1_U75/tmp_64_reg_8496_reg[31]_i_1  | CLB.CARRY.CARRY8  |
    | grp_FIR_filter_fu_473/tmp_64_reg_8496_reg[27]                             | REGISTER.SDR.FDRE |
    +---------------------------------------------------------------------------+-------------------+

    +---------------------------------------------------------------------------+-------------------+
    | Path5 Cells                                                               | Primitive Type    |
    +---------------------------------------------------------------------------+-------------------+
    | grp_FIR_filter_fu_473/p_ZL19H_filter_FIR_kernel_60_load_reg_8476_reg[16]  | REGISTER.SDR.FDRE |
    | grp_FIR_filter_fu_473/tmp_64_reg_8496[2]_i_275                            | CLB.LUT.LUT2      |
    | grp_FIR_filter_fu_473/tmp_64_reg_8496_reg[2]_i_217                        | CLB.CARRY.CARRY8  |
    | grp_FIR_filter_fu_473/tmp_64_reg_8496[2]_i_172                            | CLB.LUT.LUT2      |
    | grp_FIR_filter_fu_473/tmp_64_reg_8496_reg[2]_i_137                        | CLB.CARRY.CARRY8  |
    | grp_FIR_filter_fu_473/tmp_64_reg_8496[2]_i_155                            | CLB.LUT.LUT2      |
    | grp_FIR_filter_fu_473/tmp_64_reg_8496_reg[2]_i_136                        | CLB.CARRY.CARRY8  |
    | grp_FIR_filter_fu_473/tmp_64_reg_8496[2]_i_206                            | CLB.LUT.LUT2      |
    | grp_FIR_filter_fu_473/tmp_64_reg_8496_reg[2]_i_139                        | CLB.CARRY.CARRY8  |
    | grp_FIR_filter_fu_473/tmp_64_reg_8496[2]_i_142                            | CLB.LUT.LUT3      |
    | grp_FIR_filter_fu_473/tmp_64_reg_8496[2]_i_122                            | CLB.LUT.LUT5      |
    | grp_FIR_filter_fu_473/tmp_64_reg_8496[2]_i_130                            | CLB.LUT.LUT6      |
    | grp_FIR_filter_fu_473/tmp_64_reg_8496_reg[2]_i_71                         | CLB.CARRY.CARRY8  |
    | grp_FIR_filter_fu_473/tmp_64_reg_8496_reg[2]_i_138                        | CLB.CARRY.CARRY8  |
    | grp_FIR_filter_fu_473/tmp_64_reg_8496[31]_i_134                           | CLB.LUT.LUT4      |
    | grp_FIR_filter_fu_473/tmp_64_reg_8496_reg[31]_i_116                       | CLB.CARRY.CARRY8  |
    | grp_FIR_filter_fu_473/tmp_64_reg_8496[31]_i_74                            | CLB.LUT.LUT3      |
    | grp_FIR_filter_fu_473/tmp_64_reg_8496_reg[31]_i_31                        | CLB.CARRY.CARRY8  |
    | grp_FIR_filter_fu_473/mul_32s_11s_43_1_1_U75/tmp_64_reg_8496[31]_i_40     | CLB.LUT.LUT2      |
    | grp_FIR_filter_fu_473/mul_32s_11s_43_1_1_U75/tmp_64_reg_8496_reg[31]_i_11 | CLB.CARRY.CARRY8  |
    | grp_FIR_filter_fu_473/mul_32s_11s_43_1_1_U75/tmp_64_reg_8496_reg[31]_i_10 | CLB.CARRY.CARRY8  |
    | grp_FIR_filter_fu_473/mul_32s_11s_43_1_1_U75/tmp_64_reg_8496[31]_i_15     | CLB.LUT.LUT2      |
    | grp_FIR_filter_fu_473/mul_32s_11s_43_1_1_U75/tmp_64_reg_8496_reg[31]_i_2  | CLB.CARRY.CARRY8  |
    | grp_FIR_filter_fu_473/mul_32s_11s_43_1_1_U75/tmp_64_reg_8496[31]_i_6      | CLB.LUT.LUT2      |
    | grp_FIR_filter_fu_473/mul_32s_11s_43_1_1_U75/tmp_64_reg_8496_reg[31]_i_1  | CLB.CARRY.CARRY8  |
    | grp_FIR_filter_fu_473/tmp_64_reg_8496_reg[31]                             | REGISTER.SDR.FDRE |
    | grp_FIR_filter_fu_473/p_ZL19H_filter_FIR_kernel_60_load_reg_8476_reg[16]  | REGISTER.SDR.FDRE |
    | grp_FIR_filter_fu_473/tmp_64_reg_8496[2]_i_275                            | CLB.LUT.LUT2      |
    | grp_FIR_filter_fu_473/tmp_64_reg_8496_reg[2]_i_217                        | CLB.CARRY.CARRY8  |
    | grp_FIR_filter_fu_473/tmp_64_reg_8496[2]_i_172                            | CLB.LUT.LUT2      |
    | grp_FIR_filter_fu_473/tmp_64_reg_8496_reg[2]_i_137                        | CLB.CARRY.CARRY8  |
    | grp_FIR_filter_fu_473/tmp_64_reg_8496[2]_i_155                            | CLB.LUT.LUT2      |
    | grp_FIR_filter_fu_473/tmp_64_reg_8496_reg[2]_i_136                        | CLB.CARRY.CARRY8  |
    | grp_FIR_filter_fu_473/tmp_64_reg_8496[2]_i_206                            | CLB.LUT.LUT2      |
    | grp_FIR_filter_fu_473/tmp_64_reg_8496_reg[2]_i_139                        | CLB.CARRY.CARRY8  |
    | grp_FIR_filter_fu_473/tmp_64_reg_8496[2]_i_142                            | CLB.LUT.LUT3      |
    | grp_FIR_filter_fu_473/tmp_64_reg_8496[2]_i_122                            | CLB.LUT.LUT5      |
    | grp_FIR_filter_fu_473/tmp_64_reg_8496[2]_i_130                            | CLB.LUT.LUT6      |
    | grp_FIR_filter_fu_473/tmp_64_reg_8496_reg[2]_i_71                         | CLB.CARRY.CARRY8  |
    | grp_FIR_filter_fu_473/tmp_64_reg_8496_reg[2]_i_138                        | CLB.CARRY.CARRY8  |
    | grp_FIR_filter_fu_473/tmp_64_reg_8496[31]_i_134                           | CLB.LUT.LUT4      |
    | grp_FIR_filter_fu_473/tmp_64_reg_8496_reg[31]_i_116                       | CLB.CARRY.CARRY8  |
    | grp_FIR_filter_fu_473/tmp_64_reg_8496[31]_i_74                            | CLB.LUT.LUT3      |
    | grp_FIR_filter_fu_473/tmp_64_reg_8496_reg[31]_i_31                        | CLB.CARRY.CARRY8  |
    | grp_FIR_filter_fu_473/mul_32s_11s_43_1_1_U75/tmp_64_reg_8496[31]_i_40     | CLB.LUT.LUT2      |
    | grp_FIR_filter_fu_473/mul_32s_11s_43_1_1_U75/tmp_64_reg_8496_reg[31]_i_11 | CLB.CARRY.CARRY8  |
    | grp_FIR_filter_fu_473/mul_32s_11s_43_1_1_U75/tmp_64_reg_8496_reg[31]_i_10 | CLB.CARRY.CARRY8  |
    | grp_FIR_filter_fu_473/mul_32s_11s_43_1_1_U75/tmp_64_reg_8496[31]_i_15     | CLB.LUT.LUT2      |
    | grp_FIR_filter_fu_473/mul_32s_11s_43_1_1_U75/tmp_64_reg_8496_reg[31]_i_2  | CLB.CARRY.CARRY8  |
    | grp_FIR_filter_fu_473/mul_32s_11s_43_1_1_U75/tmp_64_reg_8496[31]_i_6      | CLB.LUT.LUT2      |
    | grp_FIR_filter_fu_473/mul_32s_11s_43_1_1_U75/tmp_64_reg_8496_reg[31]_i_1  | CLB.CARRY.CARRY8  |
    | grp_FIR_filter_fu_473/tmp_64_reg_8496_reg[30]                             | REGISTER.SDR.FDRE |
    | grp_FIR_filter_fu_473/p_ZL19H_filter_FIR_kernel_60_load_reg_8476_reg[16]  | REGISTER.SDR.FDRE |
    | grp_FIR_filter_fu_473/tmp_64_reg_8496[2]_i_275                            | CLB.LUT.LUT2      |
    | grp_FIR_filter_fu_473/tmp_64_reg_8496_reg[2]_i_217                        | CLB.CARRY.CARRY8  |
    | grp_FIR_filter_fu_473/tmp_64_reg_8496[2]_i_172                            | CLB.LUT.LUT2      |
    | grp_FIR_filter_fu_473/tmp_64_reg_8496_reg[2]_i_137                        | CLB.CARRY.CARRY8  |
    | grp_FIR_filter_fu_473/tmp_64_reg_8496[2]_i_155                            | CLB.LUT.LUT2      |
    | grp_FIR_filter_fu_473/tmp_64_reg_8496_reg[2]_i_136                        | CLB.CARRY.CARRY8  |
    | grp_FIR_filter_fu_473/tmp_64_reg_8496[2]_i_206                            | CLB.LUT.LUT2      |
    | grp_FIR_filter_fu_473/tmp_64_reg_8496_reg[2]_i_139                        | CLB.CARRY.CARRY8  |
    | grp_FIR_filter_fu_473/tmp_64_reg_8496[2]_i_144                            | CLB.LUT.LUT3      |
    | grp_FIR_filter_fu_473/tmp_64_reg_8496[2]_i_124                            | CLB.LUT.LUT5      |
    | grp_FIR_filter_fu_473/tmp_64_reg_8496[2]_i_132                            | CLB.LUT.LUT6      |
    | grp_FIR_filter_fu_473/tmp_64_reg_8496_reg[2]_i_71                         | CLB.CARRY.CARRY8  |
    | grp_FIR_filter_fu_473/tmp_64_reg_8496[2]_i_107                            | CLB.LUT.LUT3      |
    | grp_FIR_filter_fu_473/tmp_64_reg_8496[2]_i_115                            | CLB.LUT.LUT4      |
    | grp_FIR_filter_fu_473/tmp_64_reg_8496_reg[2]_i_70                         | CLB.CARRY.CARRY8  |
    | grp_FIR_filter_fu_473/tmp_64_reg_8496[31]_i_88                            | CLB.LUT.LUT3      |
    | grp_FIR_filter_fu_473/tmp_64_reg_8496[31]_i_96                            | CLB.LUT.LUT4      |
    | grp_FIR_filter_fu_473/tmp_64_reg_8496_reg[31]_i_38                        | CLB.CARRY.CARRY8  |
    | grp_FIR_filter_fu_473/tmp_64_reg_8496_reg[31]_i_31                        | CLB.CARRY.CARRY8  |
    | grp_FIR_filter_fu_473/mul_32s_11s_43_1_1_U75/tmp_64_reg_8496[31]_i_43     | CLB.LUT.LUT2      |
    | grp_FIR_filter_fu_473/mul_32s_11s_43_1_1_U75/tmp_64_reg_8496_reg[31]_i_11 | CLB.CARRY.CARRY8  |
    | grp_FIR_filter_fu_473/mul_32s_11s_43_1_1_U75/tmp_64_reg_8496[26]_i_13     | CLB.LUT.LUT2      |
    | grp_FIR_filter_fu_473/mul_32s_11s_43_1_1_U75/tmp_64_reg_8496_reg[26]_i_2  | CLB.CARRY.CARRY8  |
    | grp_FIR_filter_fu_473/mul_32s_11s_43_1_1_U75/tmp_64_reg_8496_reg[31]_i_2  | CLB.CARRY.CARRY8  |
    | grp_FIR_filter_fu_473/mul_32s_11s_43_1_1_U75/tmp_64_reg_8496[26]_i_3      | CLB.LUT.LUT2      |
    | grp_FIR_filter_fu_473/mul_32s_11s_43_1_1_U75/tmp_64_reg_8496_reg[26]_i_1  | CLB.CARRY.CARRY8  |
    | grp_FIR_filter_fu_473/mul_32s_11s_43_1_1_U75/tmp_64_reg_8496_reg[31]_i_1  | CLB.CARRY.CARRY8  |
    | grp_FIR_filter_fu_473/tmp_64_reg_8496_reg[28]                             | REGISTER.SDR.FDRE |
    | grp_FIR_filter_fu_473/p_ZL19H_filter_FIR_kernel_60_load_reg_8476_reg[16]  | REGISTER.SDR.FDRE |
    | grp_FIR_filter_fu_473/tmp_64_reg_8496[2]_i_275                            | CLB.LUT.LUT2      |
    | grp_FIR_filter_fu_473/tmp_64_reg_8496_reg[2]_i_217                        | CLB.CARRY.CARRY8  |
    | grp_FIR_filter_fu_473/tmp_64_reg_8496[2]_i_172                            | CLB.LUT.LUT2      |
    | grp_FIR_filter_fu_473/tmp_64_reg_8496_reg[2]_i_137                        | CLB.CARRY.CARRY8  |
    | grp_FIR_filter_fu_473/tmp_64_reg_8496[2]_i_155                            | CLB.LUT.LUT2      |
    | grp_FIR_filter_fu_473/tmp_64_reg_8496_reg[2]_i_136                        | CLB.CARRY.CARRY8  |
    | grp_FIR_filter_fu_473/tmp_64_reg_8496[2]_i_206                            | CLB.LUT.LUT2      |
    | grp_FIR_filter_fu_473/tmp_64_reg_8496_reg[2]_i_139                        | CLB.CARRY.CARRY8  |
    | grp_FIR_filter_fu_473/tmp_64_reg_8496[2]_i_144                            | CLB.LUT.LUT3      |
    | grp_FIR_filter_fu_473/tmp_64_reg_8496[2]_i_124                            | CLB.LUT.LUT5      |
    | grp_FIR_filter_fu_473/tmp_64_reg_8496[2]_i_132                            | CLB.LUT.LUT6      |
    | grp_FIR_filter_fu_473/tmp_64_reg_8496_reg[2]_i_71                         | CLB.CARRY.CARRY8  |
    | grp_FIR_filter_fu_473/tmp_64_reg_8496[2]_i_107                            | CLB.LUT.LUT3      |
    | grp_FIR_filter_fu_473/tmp_64_reg_8496[2]_i_115                            | CLB.LUT.LUT4      |
    | grp_FIR_filter_fu_473/tmp_64_reg_8496_reg[2]_i_70                         | CLB.CARRY.CARRY8  |
    | grp_FIR_filter_fu_473/tmp_64_reg_8496[31]_i_88                            | CLB.LUT.LUT3      |
    | grp_FIR_filter_fu_473/tmp_64_reg_8496[31]_i_96                            | CLB.LUT.LUT4      |
    | grp_FIR_filter_fu_473/tmp_64_reg_8496_reg[31]_i_38                        | CLB.CARRY.CARRY8  |
    | grp_FIR_filter_fu_473/tmp_64_reg_8496_reg[31]_i_31                        | CLB.CARRY.CARRY8  |
    | grp_FIR_filter_fu_473/mul_32s_11s_43_1_1_U75/tmp_64_reg_8496[31]_i_43     | CLB.LUT.LUT2      |
    | grp_FIR_filter_fu_473/mul_32s_11s_43_1_1_U75/tmp_64_reg_8496_reg[31]_i_11 | CLB.CARRY.CARRY8  |
    | grp_FIR_filter_fu_473/mul_32s_11s_43_1_1_U75/tmp_64_reg_8496[26]_i_13     | CLB.LUT.LUT2      |
    | grp_FIR_filter_fu_473/mul_32s_11s_43_1_1_U75/tmp_64_reg_8496_reg[26]_i_2  | CLB.CARRY.CARRY8  |
    | grp_FIR_filter_fu_473/mul_32s_11s_43_1_1_U75/tmp_64_reg_8496_reg[31]_i_2  | CLB.CARRY.CARRY8  |
    | grp_FIR_filter_fu_473/mul_32s_11s_43_1_1_U75/tmp_64_reg_8496[26]_i_3      | CLB.LUT.LUT2      |
    | grp_FIR_filter_fu_473/mul_32s_11s_43_1_1_U75/tmp_64_reg_8496_reg[26]_i_1  | CLB.CARRY.CARRY8  |
    | grp_FIR_filter_fu_473/mul_32s_11s_43_1_1_U75/tmp_64_reg_8496_reg[31]_i_1  | CLB.CARRY.CARRY8  |
    | grp_FIR_filter_fu_473/tmp_64_reg_8496_reg[29]                             | REGISTER.SDR.FDRE |
    | grp_FIR_filter_fu_473/p_ZL19H_filter_FIR_kernel_60_load_reg_8476_reg[16]  | REGISTER.SDR.FDRE |
    | grp_FIR_filter_fu_473/tmp_64_reg_8496[2]_i_275                            | CLB.LUT.LUT2      |
    | grp_FIR_filter_fu_473/tmp_64_reg_8496_reg[2]_i_217                        | CLB.CARRY.CARRY8  |
    | grp_FIR_filter_fu_473/tmp_64_reg_8496[2]_i_172                            | CLB.LUT.LUT2      |
    | grp_FIR_filter_fu_473/tmp_64_reg_8496_reg[2]_i_137                        | CLB.CARRY.CARRY8  |
    | grp_FIR_filter_fu_473/tmp_64_reg_8496[2]_i_155                            | CLB.LUT.LUT2      |
    | grp_FIR_filter_fu_473/tmp_64_reg_8496_reg[2]_i_136                        | CLB.CARRY.CARRY8  |
    | grp_FIR_filter_fu_473/tmp_64_reg_8496[2]_i_206                            | CLB.LUT.LUT2      |
    | grp_FIR_filter_fu_473/tmp_64_reg_8496_reg[2]_i_139                        | CLB.CARRY.CARRY8  |
    | grp_FIR_filter_fu_473/tmp_64_reg_8496[2]_i_144                            | CLB.LUT.LUT3      |
    | grp_FIR_filter_fu_473/tmp_64_reg_8496[2]_i_124                            | CLB.LUT.LUT5      |
    | grp_FIR_filter_fu_473/tmp_64_reg_8496[2]_i_132                            | CLB.LUT.LUT6      |
    | grp_FIR_filter_fu_473/tmp_64_reg_8496_reg[2]_i_71                         | CLB.CARRY.CARRY8  |
    | grp_FIR_filter_fu_473/tmp_64_reg_8496[2]_i_107                            | CLB.LUT.LUT3      |
    | grp_FIR_filter_fu_473/tmp_64_reg_8496[2]_i_115                            | CLB.LUT.LUT4      |
    | grp_FIR_filter_fu_473/tmp_64_reg_8496_reg[2]_i_70                         | CLB.CARRY.CARRY8  |
    | grp_FIR_filter_fu_473/tmp_64_reg_8496[31]_i_88                            | CLB.LUT.LUT3      |
    | grp_FIR_filter_fu_473/tmp_64_reg_8496[31]_i_96                            | CLB.LUT.LUT4      |
    | grp_FIR_filter_fu_473/tmp_64_reg_8496_reg[31]_i_38                        | CLB.CARRY.CARRY8  |
    | grp_FIR_filter_fu_473/tmp_64_reg_8496_reg[31]_i_31                        | CLB.CARRY.CARRY8  |
    | grp_FIR_filter_fu_473/mul_32s_11s_43_1_1_U75/tmp_64_reg_8496[31]_i_43     | CLB.LUT.LUT2      |
    | grp_FIR_filter_fu_473/mul_32s_11s_43_1_1_U75/tmp_64_reg_8496_reg[31]_i_11 | CLB.CARRY.CARRY8  |
    | grp_FIR_filter_fu_473/mul_32s_11s_43_1_1_U75/tmp_64_reg_8496[26]_i_13     | CLB.LUT.LUT2      |
    | grp_FIR_filter_fu_473/mul_32s_11s_43_1_1_U75/tmp_64_reg_8496_reg[26]_i_2  | CLB.CARRY.CARRY8  |
    | grp_FIR_filter_fu_473/mul_32s_11s_43_1_1_U75/tmp_64_reg_8496_reg[31]_i_2  | CLB.CARRY.CARRY8  |
    | grp_FIR_filter_fu_473/mul_32s_11s_43_1_1_U75/tmp_64_reg_8496[26]_i_3      | CLB.LUT.LUT2      |
    | grp_FIR_filter_fu_473/mul_32s_11s_43_1_1_U75/tmp_64_reg_8496_reg[26]_i_1  | CLB.CARRY.CARRY8  |
    | grp_FIR_filter_fu_473/mul_32s_11s_43_1_1_U75/tmp_64_reg_8496_reg[31]_i_1  | CLB.CARRY.CARRY8  |
    | grp_FIR_filter_fu_473/tmp_64_reg_8496_reg[27]                             | REGISTER.SDR.FDRE |
    +---------------------------------------------------------------------------+-------------------+


================================================================
== RTL Synthesis Vivado Reports
================================================================
+--------------------------+----------------------------------------------------------------+
| Report Type              | Report Location                                                |
+--------------------------+----------------------------------------------------------------+
| design_analysis          | impl/verilog/report/FIR_HLS_design_analysis_synth.rpt          |
| failfast                 | impl/verilog/report/FIR_HLS_failfast_synth.rpt                 |
| power                    | impl/verilog/report/FIR_HLS_power_synth.rpt                    |
| timing                   | impl/verilog/report/FIR_HLS_timing_synth.rpt                   |
| timing_paths             | impl/verilog/report/FIR_HLS_timing_paths_synth.rpt             |
| utilization              | impl/verilog/report/FIR_HLS_utilization_synth.rpt              |
| utilization_hierarchical | impl/verilog/report/FIR_HLS_utilization_hierarchical_synth.rpt |
+--------------------------+----------------------------------------------------------------+


